[2023-11-14T07:03:36.318-0300] {processor.py:157} INFO - Started process (PID=284778) to work on /home/gmassoqueto/repos/apache-airflow-101/.venv/lib/python3.11/site-packages/airflow/example_dags/example_setup_teardown.py
[2023-11-14T07:03:36.319-0300] {processor.py:829} INFO - Processing file /home/gmassoqueto/repos/apache-airflow-101/.venv/lib/python3.11/site-packages/airflow/example_dags/example_setup_teardown.py for tasks to queue
[2023-11-14T07:03:36.320-0300] {logging_mixin.py:154} INFO - [2023-11-14T07:03:36.319-0300] {dagbag.py:536} INFO - Filling up the DagBag from /home/gmassoqueto/repos/apache-airflow-101/.venv/lib/python3.11/site-packages/airflow/example_dags/example_setup_teardown.py
[2023-11-14T07:03:36.326-0300] {processor.py:839} INFO - DAG(s) dict_keys(['example_setup_teardown']) retrieved from /home/gmassoqueto/repos/apache-airflow-101/.venv/lib/python3.11/site-packages/airflow/example_dags/example_setup_teardown.py
[2023-11-14T07:03:36.331-0300] {logging_mixin.py:154} INFO - [2023-11-14T07:03:36.331-0300] {dag.py:2941} INFO - Sync 1 DAGs
[2023-11-14T07:03:36.347-0300] {logging_mixin.py:154} INFO - [2023-11-14T07:03:36.347-0300] {dag.py:3722} INFO - Setting next_dagrun for example_setup_teardown to 2023-11-13T10:03:36.347365+00:00, run_after=2023-11-14T10:03:36.347365+00:00
[2023-11-14T07:03:36.367-0300] {processor.py:179} INFO - Processing /home/gmassoqueto/repos/apache-airflow-101/.venv/lib/python3.11/site-packages/airflow/example_dags/example_setup_teardown.py took 0.050 seconds
[2023-11-14T07:57:30.528-0300] {processor.py:157} INFO - Started process (PID=287241) to work on /home/gmassoqueto/repos/apache-airflow-101/.venv/lib/python3.11/site-packages/airflow/example_dags/example_setup_teardown.py
[2023-11-14T07:57:30.533-0300] {processor.py:829} INFO - Processing file /home/gmassoqueto/repos/apache-airflow-101/.venv/lib/python3.11/site-packages/airflow/example_dags/example_setup_teardown.py for tasks to queue
[2023-11-14T07:57:30.535-0300] {logging_mixin.py:154} INFO - [2023-11-14T07:57:30.534-0300] {dagbag.py:536} INFO - Filling up the DagBag from /home/gmassoqueto/repos/apache-airflow-101/.venv/lib/python3.11/site-packages/airflow/example_dags/example_setup_teardown.py
[2023-11-14T07:57:30.554-0300] {processor.py:839} INFO - DAG(s) dict_keys(['example_setup_teardown']) retrieved from /home/gmassoqueto/repos/apache-airflow-101/.venv/lib/python3.11/site-packages/airflow/example_dags/example_setup_teardown.py
[2023-11-14T07:57:30.564-0300] {logging_mixin.py:154} INFO - [2023-11-14T07:57:30.564-0300] {dag.py:2941} INFO - Sync 1 DAGs
[2023-11-14T07:57:30.584-0300] {logging_mixin.py:154} INFO - [2023-11-14T07:57:30.584-0300] {dag.py:3722} INFO - Setting next_dagrun for example_setup_teardown to 2023-11-13T10:57:30.583958+00:00, run_after=2023-11-14T10:57:30.583958+00:00
[2023-11-14T07:57:30.603-0300] {processor.py:179} INFO - Processing /home/gmassoqueto/repos/apache-airflow-101/.venv/lib/python3.11/site-packages/airflow/example_dags/example_setup_teardown.py took 0.082 seconds
[2023-11-14T07:58:18.129-0300] {processor.py:157} INFO - Started process (PID=287418) to work on /home/gmassoqueto/repos/apache-airflow-101/.venv/lib/python3.11/site-packages/airflow/example_dags/example_setup_teardown.py
[2023-11-14T07:58:18.130-0300] {processor.py:829} INFO - Processing file /home/gmassoqueto/repos/apache-airflow-101/.venv/lib/python3.11/site-packages/airflow/example_dags/example_setup_teardown.py for tasks to queue
[2023-11-14T07:58:18.131-0300] {logging_mixin.py:154} INFO - [2023-11-14T07:58:18.131-0300] {dagbag.py:536} INFO - Filling up the DagBag from /home/gmassoqueto/repos/apache-airflow-101/.venv/lib/python3.11/site-packages/airflow/example_dags/example_setup_teardown.py
[2023-11-14T07:58:18.138-0300] {processor.py:839} INFO - DAG(s) dict_keys(['example_setup_teardown']) retrieved from /home/gmassoqueto/repos/apache-airflow-101/.venv/lib/python3.11/site-packages/airflow/example_dags/example_setup_teardown.py
[2023-11-14T07:58:18.155-0300] {logging_mixin.py:154} INFO - [2023-11-14T07:58:18.155-0300] {dag.py:2941} INFO - Sync 1 DAGs
[2023-11-14T07:58:18.172-0300] {logging_mixin.py:154} INFO - [2023-11-14T07:58:18.172-0300] {dag.py:3722} INFO - Setting next_dagrun for example_setup_teardown to 2023-11-13T10:58:18.171882+00:00, run_after=2023-11-14T10:58:18.171882+00:00
[2023-11-14T07:58:18.196-0300] {processor.py:179} INFO - Processing /home/gmassoqueto/repos/apache-airflow-101/.venv/lib/python3.11/site-packages/airflow/example_dags/example_setup_teardown.py took 0.070 seconds
[2023-11-14T07:59:03.558-0300] {processor.py:157} INFO - Started process (PID=287565) to work on /home/gmassoqueto/repos/apache-airflow-101/.venv/lib/python3.11/site-packages/airflow/example_dags/example_setup_teardown.py
[2023-11-14T07:59:03.563-0300] {processor.py:829} INFO - Processing file /home/gmassoqueto/repos/apache-airflow-101/.venv/lib/python3.11/site-packages/airflow/example_dags/example_setup_teardown.py for tasks to queue
[2023-11-14T07:59:03.566-0300] {logging_mixin.py:154} INFO - [2023-11-14T07:59:03.565-0300] {dagbag.py:536} INFO - Filling up the DagBag from /home/gmassoqueto/repos/apache-airflow-101/.venv/lib/python3.11/site-packages/airflow/example_dags/example_setup_teardown.py
[2023-11-14T07:59:03.588-0300] {processor.py:839} INFO - DAG(s) dict_keys(['example_setup_teardown']) retrieved from /home/gmassoqueto/repos/apache-airflow-101/.venv/lib/python3.11/site-packages/airflow/example_dags/example_setup_teardown.py
[2023-11-14T07:59:03.607-0300] {logging_mixin.py:154} INFO - [2023-11-14T07:59:03.607-0300] {dag.py:2941} INFO - Sync 1 DAGs
[2023-11-14T07:59:03.623-0300] {logging_mixin.py:154} INFO - [2023-11-14T07:59:03.623-0300] {dag.py:3722} INFO - Setting next_dagrun for example_setup_teardown to 2023-11-13T10:59:03.623370+00:00, run_after=2023-11-14T10:59:03.623370+00:00
[2023-11-14T07:59:03.640-0300] {processor.py:179} INFO - Processing /home/gmassoqueto/repos/apache-airflow-101/.venv/lib/python3.11/site-packages/airflow/example_dags/example_setup_teardown.py took 0.090 seconds
[2023-11-14T07:59:55.127-0300] {processor.py:157} INFO - Started process (PID=287670) to work on /home/gmassoqueto/repos/apache-airflow-101/.venv/lib/python3.11/site-packages/airflow/example_dags/example_setup_teardown.py
[2023-11-14T07:59:55.130-0300] {processor.py:829} INFO - Processing file /home/gmassoqueto/repos/apache-airflow-101/.venv/lib/python3.11/site-packages/airflow/example_dags/example_setup_teardown.py for tasks to queue
[2023-11-14T07:59:55.133-0300] {logging_mixin.py:154} INFO - [2023-11-14T07:59:55.131-0300] {dagbag.py:536} INFO - Filling up the DagBag from /home/gmassoqueto/repos/apache-airflow-101/.venv/lib/python3.11/site-packages/airflow/example_dags/example_setup_teardown.py
[2023-11-14T07:59:55.150-0300] {processor.py:839} INFO - DAG(s) dict_keys(['example_setup_teardown']) retrieved from /home/gmassoqueto/repos/apache-airflow-101/.venv/lib/python3.11/site-packages/airflow/example_dags/example_setup_teardown.py
[2023-11-14T07:59:55.167-0300] {logging_mixin.py:154} INFO - [2023-11-14T07:59:55.167-0300] {dag.py:2941} INFO - Sync 1 DAGs
[2023-11-14T07:59:55.184-0300] {logging_mixin.py:154} INFO - [2023-11-14T07:59:55.183-0300] {dag.py:3722} INFO - Setting next_dagrun for example_setup_teardown to 2023-11-13T10:59:55.183803+00:00, run_after=2023-11-14T10:59:55.183803+00:00
[2023-11-14T07:59:55.201-0300] {processor.py:179} INFO - Processing /home/gmassoqueto/repos/apache-airflow-101/.venv/lib/python3.11/site-packages/airflow/example_dags/example_setup_teardown.py took 0.083 seconds
[2023-11-14T08:00:41.655-0300] {processor.py:157} INFO - Started process (PID=287805) to work on /home/gmassoqueto/repos/apache-airflow-101/.venv/lib/python3.11/site-packages/airflow/example_dags/example_setup_teardown.py
[2023-11-14T08:00:41.659-0300] {processor.py:829} INFO - Processing file /home/gmassoqueto/repos/apache-airflow-101/.venv/lib/python3.11/site-packages/airflow/example_dags/example_setup_teardown.py for tasks to queue
[2023-11-14T08:00:41.661-0300] {logging_mixin.py:154} INFO - [2023-11-14T08:00:41.660-0300] {dagbag.py:536} INFO - Filling up the DagBag from /home/gmassoqueto/repos/apache-airflow-101/.venv/lib/python3.11/site-packages/airflow/example_dags/example_setup_teardown.py
[2023-11-14T08:00:41.676-0300] {processor.py:839} INFO - DAG(s) dict_keys(['example_setup_teardown']) retrieved from /home/gmassoqueto/repos/apache-airflow-101/.venv/lib/python3.11/site-packages/airflow/example_dags/example_setup_teardown.py
[2023-11-14T08:00:41.694-0300] {logging_mixin.py:154} INFO - [2023-11-14T08:00:41.694-0300] {dag.py:2941} INFO - Sync 1 DAGs
[2023-11-14T08:00:41.711-0300] {logging_mixin.py:154} INFO - [2023-11-14T08:00:41.711-0300] {dag.py:3722} INFO - Setting next_dagrun for example_setup_teardown to 2023-11-13T11:00:41.710855+00:00, run_after=2023-11-14T11:00:41.710855+00:00
[2023-11-14T08:00:41.729-0300] {processor.py:179} INFO - Processing /home/gmassoqueto/repos/apache-airflow-101/.venv/lib/python3.11/site-packages/airflow/example_dags/example_setup_teardown.py took 0.078 seconds
[2023-11-14T08:01:28.067-0300] {processor.py:157} INFO - Started process (PID=288042) to work on /home/gmassoqueto/repos/apache-airflow-101/.venv/lib/python3.11/site-packages/airflow/example_dags/example_setup_teardown.py
[2023-11-14T08:01:28.072-0300] {processor.py:829} INFO - Processing file /home/gmassoqueto/repos/apache-airflow-101/.venv/lib/python3.11/site-packages/airflow/example_dags/example_setup_teardown.py for tasks to queue
[2023-11-14T08:01:28.074-0300] {logging_mixin.py:154} INFO - [2023-11-14T08:01:28.073-0300] {dagbag.py:536} INFO - Filling up the DagBag from /home/gmassoqueto/repos/apache-airflow-101/.venv/lib/python3.11/site-packages/airflow/example_dags/example_setup_teardown.py
[2023-11-14T08:01:28.090-0300] {processor.py:839} INFO - DAG(s) dict_keys(['example_setup_teardown']) retrieved from /home/gmassoqueto/repos/apache-airflow-101/.venv/lib/python3.11/site-packages/airflow/example_dags/example_setup_teardown.py
[2023-11-14T08:01:28.107-0300] {logging_mixin.py:154} INFO - [2023-11-14T08:01:28.107-0300] {dag.py:2941} INFO - Sync 1 DAGs
[2023-11-14T08:01:28.123-0300] {logging_mixin.py:154} INFO - [2023-11-14T08:01:28.123-0300] {dag.py:3722} INFO - Setting next_dagrun for example_setup_teardown to 2023-11-13T11:01:28.123066+00:00, run_after=2023-11-14T11:01:28.123066+00:00
[2023-11-14T08:01:28.139-0300] {processor.py:179} INFO - Processing /home/gmassoqueto/repos/apache-airflow-101/.venv/lib/python3.11/site-packages/airflow/example_dags/example_setup_teardown.py took 0.079 seconds
[2023-11-14T08:02:17.146-0300] {processor.py:157} INFO - Started process (PID=288150) to work on /home/gmassoqueto/repos/apache-airflow-101/.venv/lib/python3.11/site-packages/airflow/example_dags/example_setup_teardown.py
[2023-11-14T08:02:17.151-0300] {processor.py:829} INFO - Processing file /home/gmassoqueto/repos/apache-airflow-101/.venv/lib/python3.11/site-packages/airflow/example_dags/example_setup_teardown.py for tasks to queue
[2023-11-14T08:02:17.153-0300] {logging_mixin.py:154} INFO - [2023-11-14T08:02:17.152-0300] {dagbag.py:536} INFO - Filling up the DagBag from /home/gmassoqueto/repos/apache-airflow-101/.venv/lib/python3.11/site-packages/airflow/example_dags/example_setup_teardown.py
[2023-11-14T08:02:17.170-0300] {processor.py:839} INFO - DAG(s) dict_keys(['example_setup_teardown']) retrieved from /home/gmassoqueto/repos/apache-airflow-101/.venv/lib/python3.11/site-packages/airflow/example_dags/example_setup_teardown.py
[2023-11-14T08:02:17.186-0300] {logging_mixin.py:154} INFO - [2023-11-14T08:02:17.186-0300] {dag.py:2941} INFO - Sync 1 DAGs
[2023-11-14T08:02:17.203-0300] {logging_mixin.py:154} INFO - [2023-11-14T08:02:17.203-0300] {dag.py:3722} INFO - Setting next_dagrun for example_setup_teardown to 2023-11-13T11:02:17.202932+00:00, run_after=2023-11-14T11:02:17.202932+00:00
[2023-11-14T08:02:17.221-0300] {processor.py:179} INFO - Processing /home/gmassoqueto/repos/apache-airflow-101/.venv/lib/python3.11/site-packages/airflow/example_dags/example_setup_teardown.py took 0.083 seconds
[2023-11-14T08:03:06.348-0300] {processor.py:157} INFO - Started process (PID=288340) to work on /home/gmassoqueto/repos/apache-airflow-101/.venv/lib/python3.11/site-packages/airflow/example_dags/example_setup_teardown.py
[2023-11-14T08:03:06.352-0300] {processor.py:829} INFO - Processing file /home/gmassoqueto/repos/apache-airflow-101/.venv/lib/python3.11/site-packages/airflow/example_dags/example_setup_teardown.py for tasks to queue
[2023-11-14T08:03:06.353-0300] {logging_mixin.py:154} INFO - [2023-11-14T08:03:06.353-0300] {dagbag.py:536} INFO - Filling up the DagBag from /home/gmassoqueto/repos/apache-airflow-101/.venv/lib/python3.11/site-packages/airflow/example_dags/example_setup_teardown.py
[2023-11-14T08:03:06.369-0300] {processor.py:839} INFO - DAG(s) dict_keys(['example_setup_teardown']) retrieved from /home/gmassoqueto/repos/apache-airflow-101/.venv/lib/python3.11/site-packages/airflow/example_dags/example_setup_teardown.py
[2023-11-14T08:03:06.389-0300] {logging_mixin.py:154} INFO - [2023-11-14T08:03:06.388-0300] {dag.py:2941} INFO - Sync 1 DAGs
[2023-11-14T08:03:06.405-0300] {logging_mixin.py:154} INFO - [2023-11-14T08:03:06.405-0300] {dag.py:3722} INFO - Setting next_dagrun for example_setup_teardown to 2023-11-13T11:03:06.405260+00:00, run_after=2023-11-14T11:03:06.405260+00:00
[2023-11-14T08:03:06.431-0300] {processor.py:179} INFO - Processing /home/gmassoqueto/repos/apache-airflow-101/.venv/lib/python3.11/site-packages/airflow/example_dags/example_setup_teardown.py took 0.089 seconds
[2023-11-14T08:03:54.294-0300] {processor.py:157} INFO - Started process (PID=288750) to work on /home/gmassoqueto/repos/apache-airflow-101/.venv/lib/python3.11/site-packages/airflow/example_dags/example_setup_teardown.py
[2023-11-14T08:03:54.299-0300] {processor.py:829} INFO - Processing file /home/gmassoqueto/repos/apache-airflow-101/.venv/lib/python3.11/site-packages/airflow/example_dags/example_setup_teardown.py for tasks to queue
[2023-11-14T08:03:54.300-0300] {logging_mixin.py:154} INFO - [2023-11-14T08:03:54.300-0300] {dagbag.py:536} INFO - Filling up the DagBag from /home/gmassoqueto/repos/apache-airflow-101/.venv/lib/python3.11/site-packages/airflow/example_dags/example_setup_teardown.py
[2023-11-14T08:03:54.320-0300] {processor.py:839} INFO - DAG(s) dict_keys(['example_setup_teardown']) retrieved from /home/gmassoqueto/repos/apache-airflow-101/.venv/lib/python3.11/site-packages/airflow/example_dags/example_setup_teardown.py
[2023-11-14T08:03:54.340-0300] {logging_mixin.py:154} INFO - [2023-11-14T08:03:54.340-0300] {dag.py:2941} INFO - Sync 1 DAGs
[2023-11-14T08:03:54.356-0300] {logging_mixin.py:154} INFO - [2023-11-14T08:03:54.356-0300] {dag.py:3722} INFO - Setting next_dagrun for example_setup_teardown to 2023-11-13T11:03:54.356188+00:00, run_after=2023-11-14T11:03:54.356188+00:00
[2023-11-14T08:03:54.373-0300] {processor.py:179} INFO - Processing /home/gmassoqueto/repos/apache-airflow-101/.venv/lib/python3.11/site-packages/airflow/example_dags/example_setup_teardown.py took 0.081 seconds
[2023-11-14T08:04:45.108-0300] {processor.py:157} INFO - Started process (PID=288961) to work on /home/gmassoqueto/repos/apache-airflow-101/.venv/lib/python3.11/site-packages/airflow/example_dags/example_setup_teardown.py
[2023-11-14T08:04:45.112-0300] {processor.py:829} INFO - Processing file /home/gmassoqueto/repos/apache-airflow-101/.venv/lib/python3.11/site-packages/airflow/example_dags/example_setup_teardown.py for tasks to queue
[2023-11-14T08:04:45.113-0300] {logging_mixin.py:154} INFO - [2023-11-14T08:04:45.113-0300] {dagbag.py:536} INFO - Filling up the DagBag from /home/gmassoqueto/repos/apache-airflow-101/.venv/lib/python3.11/site-packages/airflow/example_dags/example_setup_teardown.py
[2023-11-14T08:04:45.128-0300] {processor.py:839} INFO - DAG(s) dict_keys(['example_setup_teardown']) retrieved from /home/gmassoqueto/repos/apache-airflow-101/.venv/lib/python3.11/site-packages/airflow/example_dags/example_setup_teardown.py
[2023-11-14T08:04:45.151-0300] {logging_mixin.py:154} INFO - [2023-11-14T08:04:45.151-0300] {dag.py:2941} INFO - Sync 1 DAGs
[2023-11-14T08:04:45.168-0300] {logging_mixin.py:154} INFO - [2023-11-14T08:04:45.168-0300] {dag.py:3722} INFO - Setting next_dagrun for example_setup_teardown to 2023-11-13T11:04:45.167994+00:00, run_after=2023-11-14T11:04:45.167994+00:00
[2023-11-14T08:04:45.185-0300] {processor.py:179} INFO - Processing /home/gmassoqueto/repos/apache-airflow-101/.venv/lib/python3.11/site-packages/airflow/example_dags/example_setup_teardown.py took 0.081 seconds
[2023-11-14T08:05:33.458-0300] {processor.py:157} INFO - Started process (PID=289059) to work on /home/gmassoqueto/repos/apache-airflow-101/.venv/lib/python3.11/site-packages/airflow/example_dags/example_setup_teardown.py
[2023-11-14T08:05:33.463-0300] {processor.py:829} INFO - Processing file /home/gmassoqueto/repos/apache-airflow-101/.venv/lib/python3.11/site-packages/airflow/example_dags/example_setup_teardown.py for tasks to queue
[2023-11-14T08:05:33.466-0300] {logging_mixin.py:154} INFO - [2023-11-14T08:05:33.465-0300] {dagbag.py:536} INFO - Filling up the DagBag from /home/gmassoqueto/repos/apache-airflow-101/.venv/lib/python3.11/site-packages/airflow/example_dags/example_setup_teardown.py
[2023-11-14T08:05:33.485-0300] {processor.py:839} INFO - DAG(s) dict_keys(['example_setup_teardown']) retrieved from /home/gmassoqueto/repos/apache-airflow-101/.venv/lib/python3.11/site-packages/airflow/example_dags/example_setup_teardown.py
[2023-11-14T08:05:33.502-0300] {logging_mixin.py:154} INFO - [2023-11-14T08:05:33.502-0300] {dag.py:2941} INFO - Sync 1 DAGs
[2023-11-14T08:05:33.517-0300] {logging_mixin.py:154} INFO - [2023-11-14T08:05:33.517-0300] {dag.py:3722} INFO - Setting next_dagrun for example_setup_teardown to 2023-11-13T11:05:33.517284+00:00, run_after=2023-11-14T11:05:33.517284+00:00
[2023-11-14T08:05:33.545-0300] {processor.py:179} INFO - Processing /home/gmassoqueto/repos/apache-airflow-101/.venv/lib/python3.11/site-packages/airflow/example_dags/example_setup_teardown.py took 0.095 seconds
[2023-11-14T08:06:22.719-0300] {processor.py:157} INFO - Started process (PID=289201) to work on /home/gmassoqueto/repos/apache-airflow-101/.venv/lib/python3.11/site-packages/airflow/example_dags/example_setup_teardown.py
[2023-11-14T08:06:22.720-0300] {processor.py:829} INFO - Processing file /home/gmassoqueto/repos/apache-airflow-101/.venv/lib/python3.11/site-packages/airflow/example_dags/example_setup_teardown.py for tasks to queue
[2023-11-14T08:06:22.721-0300] {logging_mixin.py:154} INFO - [2023-11-14T08:06:22.720-0300] {dagbag.py:536} INFO - Filling up the DagBag from /home/gmassoqueto/repos/apache-airflow-101/.venv/lib/python3.11/site-packages/airflow/example_dags/example_setup_teardown.py
[2023-11-14T08:06:22.729-0300] {processor.py:839} INFO - DAG(s) dict_keys(['example_setup_teardown']) retrieved from /home/gmassoqueto/repos/apache-airflow-101/.venv/lib/python3.11/site-packages/airflow/example_dags/example_setup_teardown.py
[2023-11-14T08:06:22.746-0300] {logging_mixin.py:154} INFO - [2023-11-14T08:06:22.746-0300] {dag.py:2941} INFO - Sync 1 DAGs
[2023-11-14T08:06:22.763-0300] {logging_mixin.py:154} INFO - [2023-11-14T08:06:22.763-0300] {dag.py:3722} INFO - Setting next_dagrun for example_setup_teardown to 2023-11-13T11:06:22.763012+00:00, run_after=2023-11-14T11:06:22.763012+00:00
[2023-11-14T08:06:22.778-0300] {processor.py:179} INFO - Processing /home/gmassoqueto/repos/apache-airflow-101/.venv/lib/python3.11/site-packages/airflow/example_dags/example_setup_teardown.py took 0.062 seconds
[2023-11-14T08:07:10.668-0300] {processor.py:157} INFO - Started process (PID=289317) to work on /home/gmassoqueto/repos/apache-airflow-101/.venv/lib/python3.11/site-packages/airflow/example_dags/example_setup_teardown.py
[2023-11-14T08:07:10.673-0300] {processor.py:829} INFO - Processing file /home/gmassoqueto/repos/apache-airflow-101/.venv/lib/python3.11/site-packages/airflow/example_dags/example_setup_teardown.py for tasks to queue
[2023-11-14T08:07:10.675-0300] {logging_mixin.py:154} INFO - [2023-11-14T08:07:10.674-0300] {dagbag.py:536} INFO - Filling up the DagBag from /home/gmassoqueto/repos/apache-airflow-101/.venv/lib/python3.11/site-packages/airflow/example_dags/example_setup_teardown.py
[2023-11-14T08:07:10.692-0300] {processor.py:839} INFO - DAG(s) dict_keys(['example_setup_teardown']) retrieved from /home/gmassoqueto/repos/apache-airflow-101/.venv/lib/python3.11/site-packages/airflow/example_dags/example_setup_teardown.py
[2023-11-14T08:07:10.708-0300] {logging_mixin.py:154} INFO - [2023-11-14T08:07:10.708-0300] {dag.py:2941} INFO - Sync 1 DAGs
[2023-11-14T08:07:10.724-0300] {logging_mixin.py:154} INFO - [2023-11-14T08:07:10.724-0300] {dag.py:3722} INFO - Setting next_dagrun for example_setup_teardown to 2023-11-13T11:07:10.724220+00:00, run_after=2023-11-14T11:07:10.724220+00:00
[2023-11-14T08:07:10.742-0300] {processor.py:179} INFO - Processing /home/gmassoqueto/repos/apache-airflow-101/.venv/lib/python3.11/site-packages/airflow/example_dags/example_setup_teardown.py took 0.082 seconds
[2023-11-14T08:07:59.755-0300] {processor.py:157} INFO - Started process (PID=289572) to work on /home/gmassoqueto/repos/apache-airflow-101/.venv/lib/python3.11/site-packages/airflow/example_dags/example_setup_teardown.py
[2023-11-14T08:07:59.756-0300] {processor.py:829} INFO - Processing file /home/gmassoqueto/repos/apache-airflow-101/.venv/lib/python3.11/site-packages/airflow/example_dags/example_setup_teardown.py for tasks to queue
[2023-11-14T08:07:59.756-0300] {logging_mixin.py:154} INFO - [2023-11-14T08:07:59.756-0300] {dagbag.py:536} INFO - Filling up the DagBag from /home/gmassoqueto/repos/apache-airflow-101/.venv/lib/python3.11/site-packages/airflow/example_dags/example_setup_teardown.py
[2023-11-14T08:07:59.761-0300] {processor.py:839} INFO - DAG(s) dict_keys(['example_setup_teardown']) retrieved from /home/gmassoqueto/repos/apache-airflow-101/.venv/lib/python3.11/site-packages/airflow/example_dags/example_setup_teardown.py
[2023-11-14T08:07:59.862-0300] {logging_mixin.py:154} INFO - [2023-11-14T08:07:59.862-0300] {manager.py:499} INFO - Created Permission View: %s
[2023-11-14T08:07:59.870-0300] {logging_mixin.py:154} INFO - [2023-11-14T08:07:59.870-0300] {manager.py:499} INFO - Created Permission View: %s
[2023-11-14T08:07:59.880-0300] {logging_mixin.py:154} INFO - [2023-11-14T08:07:59.880-0300] {manager.py:499} INFO - Created Permission View: %s
[2023-11-14T08:07:59.880-0300] {logging_mixin.py:154} INFO - [2023-11-14T08:07:59.880-0300] {dag.py:2941} INFO - Sync 1 DAGs
[2023-11-14T08:07:59.942-0300] {logging_mixin.py:154} INFO - [2023-11-14T08:07:59.942-0300] {dag.py:2963} INFO - Creating ORM DAG for example_setup_teardown
[2023-11-14T08:07:59.952-0300] {logging_mixin.py:154} INFO - [2023-11-14T08:07:59.952-0300] {dag.py:3722} INFO - Setting next_dagrun for example_setup_teardown to 2023-11-13T11:07:59.952040+00:00, run_after=2023-11-14T11:07:59.952040+00:00
[2023-11-14T08:08:00.027-0300] {processor.py:179} INFO - Processing /home/gmassoqueto/repos/apache-airflow-101/.venv/lib/python3.11/site-packages/airflow/example_dags/example_setup_teardown.py took 0.274 seconds
[2023-11-14T08:08:24.280-0300] {processor.py:157} INFO - Started process (PID=289730) to work on /home/gmassoqueto/repos/apache-airflow-101/.venv/lib/python3.11/site-packages/airflow/example_dags/example_setup_teardown.py
[2023-11-14T08:08:24.281-0300] {processor.py:829} INFO - Processing file /home/gmassoqueto/repos/apache-airflow-101/.venv/lib/python3.11/site-packages/airflow/example_dags/example_setup_teardown.py for tasks to queue
[2023-11-14T08:08:24.282-0300] {logging_mixin.py:154} INFO - [2023-11-14T08:08:24.281-0300] {dagbag.py:536} INFO - Filling up the DagBag from /home/gmassoqueto/repos/apache-airflow-101/.venv/lib/python3.11/site-packages/airflow/example_dags/example_setup_teardown.py
[2023-11-14T08:08:24.290-0300] {processor.py:839} INFO - DAG(s) dict_keys(['example_setup_teardown']) retrieved from /home/gmassoqueto/repos/apache-airflow-101/.venv/lib/python3.11/site-packages/airflow/example_dags/example_setup_teardown.py
[2023-11-14T08:08:24.298-0300] {logging_mixin.py:154} INFO - [2023-11-14T08:08:24.298-0300] {dag.py:2941} INFO - Sync 1 DAGs
[2023-11-14T08:08:24.318-0300] {logging_mixin.py:154} INFO - [2023-11-14T08:08:24.318-0300] {dag.py:3722} INFO - Setting next_dagrun for example_setup_teardown to 2023-11-13T11:08:24.318062+00:00, run_after=2023-11-14T11:08:24.318062+00:00
[2023-11-14T08:08:24.334-0300] {processor.py:179} INFO - Processing /home/gmassoqueto/repos/apache-airflow-101/.venv/lib/python3.11/site-packages/airflow/example_dags/example_setup_teardown.py took 0.058 seconds
[2023-11-14T08:10:06.441-0300] {processor.py:157} INFO - Started process (PID=290576) to work on /home/gmassoqueto/repos/apache-airflow-101/.venv/lib/python3.11/site-packages/airflow/example_dags/example_setup_teardown.py
[2023-11-14T08:10:06.444-0300] {processor.py:829} INFO - Processing file /home/gmassoqueto/repos/apache-airflow-101/.venv/lib/python3.11/site-packages/airflow/example_dags/example_setup_teardown.py for tasks to queue
[2023-11-14T08:10:06.448-0300] {logging_mixin.py:154} INFO - [2023-11-14T08:10:06.446-0300] {dagbag.py:536} INFO - Filling up the DagBag from /home/gmassoqueto/repos/apache-airflow-101/.venv/lib/python3.11/site-packages/airflow/example_dags/example_setup_teardown.py
[2023-11-14T08:10:06.479-0300] {processor.py:839} INFO - DAG(s) dict_keys(['example_setup_teardown']) retrieved from /home/gmassoqueto/repos/apache-airflow-101/.venv/lib/python3.11/site-packages/airflow/example_dags/example_setup_teardown.py
[2023-11-14T08:10:06.530-0300] {logging_mixin.py:154} INFO - [2023-11-14T08:10:06.530-0300] {dag.py:2941} INFO - Sync 1 DAGs
[2023-11-14T08:10:06.727-0300] {logging_mixin.py:154} INFO - [2023-11-14T08:10:06.726-0300] {dag.py:3722} INFO - Setting next_dagrun for example_setup_teardown to 2023-11-13T11:10:06.726173+00:00, run_after=2023-11-14T11:10:06.726173+00:00
[2023-11-14T08:10:06.933-0300] {processor.py:179} INFO - Processing /home/gmassoqueto/repos/apache-airflow-101/.venv/lib/python3.11/site-packages/airflow/example_dags/example_setup_teardown.py took 0.504 seconds
[2023-11-14T08:10:54.808-0300] {processor.py:157} INFO - Started process (PID=291114) to work on /home/gmassoqueto/repos/apache-airflow-101/.venv/lib/python3.11/site-packages/airflow/example_dags/example_setup_teardown.py
[2023-11-14T08:10:54.812-0300] {processor.py:829} INFO - Processing file /home/gmassoqueto/repos/apache-airflow-101/.venv/lib/python3.11/site-packages/airflow/example_dags/example_setup_teardown.py for tasks to queue
[2023-11-14T08:10:54.813-0300] {logging_mixin.py:154} INFO - [2023-11-14T08:10:54.812-0300] {dagbag.py:536} INFO - Filling up the DagBag from /home/gmassoqueto/repos/apache-airflow-101/.venv/lib/python3.11/site-packages/airflow/example_dags/example_setup_teardown.py
[2023-11-14T08:10:54.820-0300] {processor.py:839} INFO - DAG(s) dict_keys(['example_setup_teardown']) retrieved from /home/gmassoqueto/repos/apache-airflow-101/.venv/lib/python3.11/site-packages/airflow/example_dags/example_setup_teardown.py
[2023-11-14T08:10:54.833-0300] {logging_mixin.py:154} INFO - [2023-11-14T08:10:54.833-0300] {dag.py:2941} INFO - Sync 1 DAGs
[2023-11-14T08:10:54.852-0300] {logging_mixin.py:154} INFO - [2023-11-14T08:10:54.852-0300] {dag.py:3722} INFO - Setting next_dagrun for example_setup_teardown to 2023-11-13T11:10:54.852079+00:00, run_after=2023-11-14T11:10:54.852079+00:00
[2023-11-14T08:10:54.870-0300] {processor.py:179} INFO - Processing /home/gmassoqueto/repos/apache-airflow-101/.venv/lib/python3.11/site-packages/airflow/example_dags/example_setup_teardown.py took 0.064 seconds
[2023-11-14T08:11:41.193-0300] {processor.py:157} INFO - Started process (PID=291234) to work on /home/gmassoqueto/repos/apache-airflow-101/.venv/lib/python3.11/site-packages/airflow/example_dags/example_setup_teardown.py
[2023-11-14T08:11:41.197-0300] {processor.py:829} INFO - Processing file /home/gmassoqueto/repos/apache-airflow-101/.venv/lib/python3.11/site-packages/airflow/example_dags/example_setup_teardown.py for tasks to queue
[2023-11-14T08:11:41.199-0300] {logging_mixin.py:154} INFO - [2023-11-14T08:11:41.198-0300] {dagbag.py:536} INFO - Filling up the DagBag from /home/gmassoqueto/repos/apache-airflow-101/.venv/lib/python3.11/site-packages/airflow/example_dags/example_setup_teardown.py
[2023-11-14T08:11:41.207-0300] {processor.py:839} INFO - DAG(s) dict_keys(['example_setup_teardown']) retrieved from /home/gmassoqueto/repos/apache-airflow-101/.venv/lib/python3.11/site-packages/airflow/example_dags/example_setup_teardown.py
[2023-11-14T08:11:41.219-0300] {logging_mixin.py:154} INFO - [2023-11-14T08:11:41.219-0300] {dag.py:2941} INFO - Sync 1 DAGs
[2023-11-14T08:11:41.234-0300] {logging_mixin.py:154} INFO - [2023-11-14T08:11:41.233-0300] {dag.py:3722} INFO - Setting next_dagrun for example_setup_teardown to 2023-11-13T11:11:41.233734+00:00, run_after=2023-11-14T11:11:41.233734+00:00
[2023-11-14T08:11:41.250-0300] {processor.py:179} INFO - Processing /home/gmassoqueto/repos/apache-airflow-101/.venv/lib/python3.11/site-packages/airflow/example_dags/example_setup_teardown.py took 0.059 seconds
[2023-11-14T08:12:30.298-0300] {processor.py:157} INFO - Started process (PID=291467) to work on /home/gmassoqueto/repos/apache-airflow-101/.venv/lib/python3.11/site-packages/airflow/example_dags/example_setup_teardown.py
[2023-11-14T08:12:30.302-0300] {processor.py:829} INFO - Processing file /home/gmassoqueto/repos/apache-airflow-101/.venv/lib/python3.11/site-packages/airflow/example_dags/example_setup_teardown.py for tasks to queue
[2023-11-14T08:12:30.303-0300] {logging_mixin.py:154} INFO - [2023-11-14T08:12:30.302-0300] {dagbag.py:536} INFO - Filling up the DagBag from /home/gmassoqueto/repos/apache-airflow-101/.venv/lib/python3.11/site-packages/airflow/example_dags/example_setup_teardown.py
[2023-11-14T08:12:30.310-0300] {processor.py:839} INFO - DAG(s) dict_keys(['example_setup_teardown']) retrieved from /home/gmassoqueto/repos/apache-airflow-101/.venv/lib/python3.11/site-packages/airflow/example_dags/example_setup_teardown.py
[2023-11-14T08:12:30.317-0300] {logging_mixin.py:154} INFO - [2023-11-14T08:12:30.317-0300] {dag.py:2941} INFO - Sync 1 DAGs
[2023-11-14T08:12:30.336-0300] {logging_mixin.py:154} INFO - [2023-11-14T08:12:30.336-0300] {dag.py:3722} INFO - Setting next_dagrun for example_setup_teardown to 2023-11-13T11:12:30.335868+00:00, run_after=2023-11-14T11:12:30.335868+00:00
[2023-11-14T08:12:30.364-0300] {processor.py:179} INFO - Processing /home/gmassoqueto/repos/apache-airflow-101/.venv/lib/python3.11/site-packages/airflow/example_dags/example_setup_teardown.py took 0.069 seconds
[2023-11-14T08:13:16.682-0300] {processor.py:157} INFO - Started process (PID=291604) to work on /home/gmassoqueto/repos/apache-airflow-101/.venv/lib/python3.11/site-packages/airflow/example_dags/example_setup_teardown.py
[2023-11-14T08:13:16.686-0300] {processor.py:829} INFO - Processing file /home/gmassoqueto/repos/apache-airflow-101/.venv/lib/python3.11/site-packages/airflow/example_dags/example_setup_teardown.py for tasks to queue
[2023-11-14T08:13:16.687-0300] {logging_mixin.py:154} INFO - [2023-11-14T08:13:16.686-0300] {dagbag.py:536} INFO - Filling up the DagBag from /home/gmassoqueto/repos/apache-airflow-101/.venv/lib/python3.11/site-packages/airflow/example_dags/example_setup_teardown.py
[2023-11-14T08:13:16.694-0300] {processor.py:839} INFO - DAG(s) dict_keys(['example_setup_teardown']) retrieved from /home/gmassoqueto/repos/apache-airflow-101/.venv/lib/python3.11/site-packages/airflow/example_dags/example_setup_teardown.py
[2023-11-14T08:13:16.710-0300] {logging_mixin.py:154} INFO - [2023-11-14T08:13:16.710-0300] {dag.py:2941} INFO - Sync 1 DAGs
[2023-11-14T08:13:16.725-0300] {logging_mixin.py:154} INFO - [2023-11-14T08:13:16.725-0300] {dag.py:3722} INFO - Setting next_dagrun for example_setup_teardown to 2023-11-13T11:13:16.725381+00:00, run_after=2023-11-14T11:13:16.725381+00:00
[2023-11-14T08:13:16.743-0300] {processor.py:179} INFO - Processing /home/gmassoqueto/repos/apache-airflow-101/.venv/lib/python3.11/site-packages/airflow/example_dags/example_setup_teardown.py took 0.064 seconds
[2023-11-14T08:14:01.888-0300] {processor.py:157} INFO - Started process (PID=291691) to work on /home/gmassoqueto/repos/apache-airflow-101/.venv/lib/python3.11/site-packages/airflow/example_dags/example_setup_teardown.py
[2023-11-14T08:14:01.893-0300] {processor.py:829} INFO - Processing file /home/gmassoqueto/repos/apache-airflow-101/.venv/lib/python3.11/site-packages/airflow/example_dags/example_setup_teardown.py for tasks to queue
[2023-11-14T08:14:01.895-0300] {logging_mixin.py:154} INFO - [2023-11-14T08:14:01.894-0300] {dagbag.py:536} INFO - Filling up the DagBag from /home/gmassoqueto/repos/apache-airflow-101/.venv/lib/python3.11/site-packages/airflow/example_dags/example_setup_teardown.py
[2023-11-14T08:14:01.912-0300] {processor.py:839} INFO - DAG(s) dict_keys(['example_setup_teardown']) retrieved from /home/gmassoqueto/repos/apache-airflow-101/.venv/lib/python3.11/site-packages/airflow/example_dags/example_setup_teardown.py
[2023-11-14T08:14:01.928-0300] {logging_mixin.py:154} INFO - [2023-11-14T08:14:01.928-0300] {dag.py:2941} INFO - Sync 1 DAGs
[2023-11-14T08:14:01.943-0300] {logging_mixin.py:154} INFO - [2023-11-14T08:14:01.943-0300] {dag.py:3722} INFO - Setting next_dagrun for example_setup_teardown to 2023-11-13T11:14:01.943671+00:00, run_after=2023-11-14T11:14:01.943671+00:00
[2023-11-14T08:14:01.961-0300] {processor.py:179} INFO - Processing /home/gmassoqueto/repos/apache-airflow-101/.venv/lib/python3.11/site-packages/airflow/example_dags/example_setup_teardown.py took 0.081 seconds
[2023-11-14T08:14:46.886-0300] {processor.py:157} INFO - Started process (PID=291845) to work on /home/gmassoqueto/repos/apache-airflow-101/.venv/lib/python3.11/site-packages/airflow/example_dags/example_setup_teardown.py
[2023-11-14T08:14:46.890-0300] {processor.py:829} INFO - Processing file /home/gmassoqueto/repos/apache-airflow-101/.venv/lib/python3.11/site-packages/airflow/example_dags/example_setup_teardown.py for tasks to queue
[2023-11-14T08:14:46.890-0300] {logging_mixin.py:154} INFO - [2023-11-14T08:14:46.890-0300] {dagbag.py:536} INFO - Filling up the DagBag from /home/gmassoqueto/repos/apache-airflow-101/.venv/lib/python3.11/site-packages/airflow/example_dags/example_setup_teardown.py
[2023-11-14T08:14:46.899-0300] {processor.py:839} INFO - DAG(s) dict_keys(['example_setup_teardown']) retrieved from /home/gmassoqueto/repos/apache-airflow-101/.venv/lib/python3.11/site-packages/airflow/example_dags/example_setup_teardown.py
[2023-11-14T08:14:46.918-0300] {logging_mixin.py:154} INFO - [2023-11-14T08:14:46.918-0300] {dag.py:2941} INFO - Sync 1 DAGs
[2023-11-14T08:14:46.936-0300] {logging_mixin.py:154} INFO - [2023-11-14T08:14:46.936-0300] {dag.py:3722} INFO - Setting next_dagrun for example_setup_teardown to 2023-11-13T11:14:46.936240+00:00, run_after=2023-11-14T11:14:46.936240+00:00
[2023-11-14T08:14:46.953-0300] {processor.py:179} INFO - Processing /home/gmassoqueto/repos/apache-airflow-101/.venv/lib/python3.11/site-packages/airflow/example_dags/example_setup_teardown.py took 0.070 seconds
[2023-11-14T08:15:35.100-0300] {processor.py:157} INFO - Started process (PID=291930) to work on /home/gmassoqueto/repos/apache-airflow-101/.venv/lib/python3.11/site-packages/airflow/example_dags/example_setup_teardown.py
[2023-11-14T08:15:35.103-0300] {processor.py:829} INFO - Processing file /home/gmassoqueto/repos/apache-airflow-101/.venv/lib/python3.11/site-packages/airflow/example_dags/example_setup_teardown.py for tasks to queue
[2023-11-14T08:15:35.104-0300] {logging_mixin.py:154} INFO - [2023-11-14T08:15:35.104-0300] {dagbag.py:536} INFO - Filling up the DagBag from /home/gmassoqueto/repos/apache-airflow-101/.venv/lib/python3.11/site-packages/airflow/example_dags/example_setup_teardown.py
[2023-11-14T08:15:35.111-0300] {processor.py:839} INFO - DAG(s) dict_keys(['example_setup_teardown']) retrieved from /home/gmassoqueto/repos/apache-airflow-101/.venv/lib/python3.11/site-packages/airflow/example_dags/example_setup_teardown.py
[2023-11-14T08:15:35.125-0300] {logging_mixin.py:154} INFO - [2023-11-14T08:15:35.125-0300] {dag.py:2941} INFO - Sync 1 DAGs
[2023-11-14T08:15:35.142-0300] {logging_mixin.py:154} INFO - [2023-11-14T08:15:35.141-0300] {dag.py:3722} INFO - Setting next_dagrun for example_setup_teardown to 2023-11-13T11:15:35.141694+00:00, run_after=2023-11-14T11:15:35.141694+00:00
[2023-11-14T08:15:35.159-0300] {processor.py:179} INFO - Processing /home/gmassoqueto/repos/apache-airflow-101/.venv/lib/python3.11/site-packages/airflow/example_dags/example_setup_teardown.py took 0.061 seconds
[2023-11-14T08:16:22.470-0300] {processor.py:157} INFO - Started process (PID=292016) to work on /home/gmassoqueto/repos/apache-airflow-101/.venv/lib/python3.11/site-packages/airflow/example_dags/example_setup_teardown.py
[2023-11-14T08:16:22.474-0300] {processor.py:829} INFO - Processing file /home/gmassoqueto/repos/apache-airflow-101/.venv/lib/python3.11/site-packages/airflow/example_dags/example_setup_teardown.py for tasks to queue
[2023-11-14T08:16:22.475-0300] {logging_mixin.py:154} INFO - [2023-11-14T08:16:22.474-0300] {dagbag.py:536} INFO - Filling up the DagBag from /home/gmassoqueto/repos/apache-airflow-101/.venv/lib/python3.11/site-packages/airflow/example_dags/example_setup_teardown.py
[2023-11-14T08:16:22.486-0300] {processor.py:839} INFO - DAG(s) dict_keys(['example_setup_teardown']) retrieved from /home/gmassoqueto/repos/apache-airflow-101/.venv/lib/python3.11/site-packages/airflow/example_dags/example_setup_teardown.py
[2023-11-14T08:16:22.507-0300] {logging_mixin.py:154} INFO - [2023-11-14T08:16:22.507-0300] {dag.py:2941} INFO - Sync 1 DAGs
[2023-11-14T08:16:22.524-0300] {logging_mixin.py:154} INFO - [2023-11-14T08:16:22.524-0300] {dag.py:3722} INFO - Setting next_dagrun for example_setup_teardown to 2023-11-13T11:16:22.523863+00:00, run_after=2023-11-14T11:16:22.523863+00:00
[2023-11-14T08:16:22.541-0300] {processor.py:179} INFO - Processing /home/gmassoqueto/repos/apache-airflow-101/.venv/lib/python3.11/site-packages/airflow/example_dags/example_setup_teardown.py took 0.073 seconds
[2023-11-14T08:17:12.726-0300] {processor.py:157} INFO - Started process (PID=292103) to work on /home/gmassoqueto/repos/apache-airflow-101/.venv/lib/python3.11/site-packages/airflow/example_dags/example_setup_teardown.py
[2023-11-14T08:17:12.730-0300] {processor.py:829} INFO - Processing file /home/gmassoqueto/repos/apache-airflow-101/.venv/lib/python3.11/site-packages/airflow/example_dags/example_setup_teardown.py for tasks to queue
[2023-11-14T08:17:12.730-0300] {logging_mixin.py:154} INFO - [2023-11-14T08:17:12.730-0300] {dagbag.py:536} INFO - Filling up the DagBag from /home/gmassoqueto/repos/apache-airflow-101/.venv/lib/python3.11/site-packages/airflow/example_dags/example_setup_teardown.py
[2023-11-14T08:17:12.737-0300] {processor.py:839} INFO - DAG(s) dict_keys(['example_setup_teardown']) retrieved from /home/gmassoqueto/repos/apache-airflow-101/.venv/lib/python3.11/site-packages/airflow/example_dags/example_setup_teardown.py
[2023-11-14T08:17:12.751-0300] {logging_mixin.py:154} INFO - [2023-11-14T08:17:12.751-0300] {dag.py:2941} INFO - Sync 1 DAGs
[2023-11-14T08:17:12.767-0300] {logging_mixin.py:154} INFO - [2023-11-14T08:17:12.767-0300] {dag.py:3722} INFO - Setting next_dagrun for example_setup_teardown to 2023-11-13T11:17:12.766972+00:00, run_after=2023-11-14T11:17:12.766972+00:00
[2023-11-14T08:17:12.791-0300] {processor.py:179} INFO - Processing /home/gmassoqueto/repos/apache-airflow-101/.venv/lib/python3.11/site-packages/airflow/example_dags/example_setup_teardown.py took 0.068 seconds
[2023-11-14T08:18:01.352-0300] {processor.py:157} INFO - Started process (PID=292213) to work on /home/gmassoqueto/repos/apache-airflow-101/.venv/lib/python3.11/site-packages/airflow/example_dags/example_setup_teardown.py
[2023-11-14T08:18:01.357-0300] {processor.py:829} INFO - Processing file /home/gmassoqueto/repos/apache-airflow-101/.venv/lib/python3.11/site-packages/airflow/example_dags/example_setup_teardown.py for tasks to queue
[2023-11-14T08:18:01.358-0300] {logging_mixin.py:154} INFO - [2023-11-14T08:18:01.357-0300] {dagbag.py:536} INFO - Filling up the DagBag from /home/gmassoqueto/repos/apache-airflow-101/.venv/lib/python3.11/site-packages/airflow/example_dags/example_setup_teardown.py
[2023-11-14T08:18:01.368-0300] {processor.py:839} INFO - DAG(s) dict_keys(['example_setup_teardown']) retrieved from /home/gmassoqueto/repos/apache-airflow-101/.venv/lib/python3.11/site-packages/airflow/example_dags/example_setup_teardown.py
[2023-11-14T08:18:01.384-0300] {logging_mixin.py:154} INFO - [2023-11-14T08:18:01.384-0300] {dag.py:2941} INFO - Sync 1 DAGs
[2023-11-14T08:18:01.399-0300] {logging_mixin.py:154} INFO - [2023-11-14T08:18:01.399-0300] {dag.py:3722} INFO - Setting next_dagrun for example_setup_teardown to 2023-11-13T11:18:01.399617+00:00, run_after=2023-11-14T11:18:01.399617+00:00
[2023-11-14T08:18:01.417-0300] {processor.py:179} INFO - Processing /home/gmassoqueto/repos/apache-airflow-101/.venv/lib/python3.11/site-packages/airflow/example_dags/example_setup_teardown.py took 0.069 seconds
