[2023-11-14T07:03:53.302-0300] {processor.py:157} INFO - Started process (PID=284812) to work on /home/gmassoqueto/repos/apache-airflow-101/.venv/lib/python3.11/site-packages/airflow/example_dags/example_bash_operator.py
[2023-11-14T07:03:53.304-0300] {processor.py:829} INFO - Processing file /home/gmassoqueto/repos/apache-airflow-101/.venv/lib/python3.11/site-packages/airflow/example_dags/example_bash_operator.py for tasks to queue
[2023-11-14T07:03:53.306-0300] {logging_mixin.py:154} INFO - [2023-11-14T07:03:53.305-0300] {dagbag.py:536} INFO - Filling up the DagBag from /home/gmassoqueto/repos/apache-airflow-101/.venv/lib/python3.11/site-packages/airflow/example_dags/example_bash_operator.py
[2023-11-14T07:03:53.329-0300] {processor.py:839} INFO - DAG(s) dict_keys(['example_bash_operator']) retrieved from /home/gmassoqueto/repos/apache-airflow-101/.venv/lib/python3.11/site-packages/airflow/example_dags/example_bash_operator.py
[2023-11-14T07:03:53.351-0300] {logging_mixin.py:154} INFO - [2023-11-14T07:03:53.351-0300] {dag.py:2941} INFO - Sync 1 DAGs
[2023-11-14T07:03:53.367-0300] {logging_mixin.py:154} INFO - [2023-11-14T07:03:53.367-0300] {dag.py:3722} INFO - Setting next_dagrun for example_bash_operator to 2023-11-13T00:00:00+00:00, run_after=2023-11-14T00:00:00+00:00
[2023-11-14T07:03:53.388-0300] {processor.py:179} INFO - Processing /home/gmassoqueto/repos/apache-airflow-101/.venv/lib/python3.11/site-packages/airflow/example_dags/example_bash_operator.py took 0.094 seconds
[2023-11-14T07:57:48.507-0300] {processor.py:157} INFO - Started process (PID=287284) to work on /home/gmassoqueto/repos/apache-airflow-101/.venv/lib/python3.11/site-packages/airflow/example_dags/example_bash_operator.py
[2023-11-14T07:57:48.510-0300] {processor.py:829} INFO - Processing file /home/gmassoqueto/repos/apache-airflow-101/.venv/lib/python3.11/site-packages/airflow/example_dags/example_bash_operator.py for tasks to queue
[2023-11-14T07:57:48.511-0300] {logging_mixin.py:154} INFO - [2023-11-14T07:57:48.511-0300] {dagbag.py:536} INFO - Filling up the DagBag from /home/gmassoqueto/repos/apache-airflow-101/.venv/lib/python3.11/site-packages/airflow/example_dags/example_bash_operator.py
[2023-11-14T07:57:48.518-0300] {processor.py:839} INFO - DAG(s) dict_keys(['example_bash_operator']) retrieved from /home/gmassoqueto/repos/apache-airflow-101/.venv/lib/python3.11/site-packages/airflow/example_dags/example_bash_operator.py
[2023-11-14T07:57:48.533-0300] {logging_mixin.py:154} INFO - [2023-11-14T07:57:48.532-0300] {dag.py:2941} INFO - Sync 1 DAGs
[2023-11-14T07:57:48.548-0300] {logging_mixin.py:154} INFO - [2023-11-14T07:57:48.548-0300] {dag.py:3722} INFO - Setting next_dagrun for example_bash_operator to 2023-11-13T00:00:00+00:00, run_after=2023-11-14T00:00:00+00:00
[2023-11-14T07:57:48.566-0300] {processor.py:179} INFO - Processing /home/gmassoqueto/repos/apache-airflow-101/.venv/lib/python3.11/site-packages/airflow/example_dags/example_bash_operator.py took 0.060 seconds
[2023-11-14T07:58:37.188-0300] {processor.py:157} INFO - Started process (PID=287463) to work on /home/gmassoqueto/repos/apache-airflow-101/.venv/lib/python3.11/site-packages/airflow/example_dags/example_bash_operator.py
[2023-11-14T07:58:37.192-0300] {processor.py:829} INFO - Processing file /home/gmassoqueto/repos/apache-airflow-101/.venv/lib/python3.11/site-packages/airflow/example_dags/example_bash_operator.py for tasks to queue
[2023-11-14T07:58:37.194-0300] {logging_mixin.py:154} INFO - [2023-11-14T07:58:37.193-0300] {dagbag.py:536} INFO - Filling up the DagBag from /home/gmassoqueto/repos/apache-airflow-101/.venv/lib/python3.11/site-packages/airflow/example_dags/example_bash_operator.py
[2023-11-14T07:58:37.215-0300] {processor.py:839} INFO - DAG(s) dict_keys(['example_bash_operator']) retrieved from /home/gmassoqueto/repos/apache-airflow-101/.venv/lib/python3.11/site-packages/airflow/example_dags/example_bash_operator.py
[2023-11-14T07:58:37.237-0300] {logging_mixin.py:154} INFO - [2023-11-14T07:58:37.236-0300] {dag.py:2941} INFO - Sync 1 DAGs
[2023-11-14T07:58:37.251-0300] {logging_mixin.py:154} INFO - [2023-11-14T07:58:37.251-0300] {dag.py:3722} INFO - Setting next_dagrun for example_bash_operator to 2023-11-13T00:00:00+00:00, run_after=2023-11-14T00:00:00+00:00
[2023-11-14T07:58:37.267-0300] {processor.py:179} INFO - Processing /home/gmassoqueto/repos/apache-airflow-101/.venv/lib/python3.11/site-packages/airflow/example_dags/example_bash_operator.py took 0.084 seconds
[2023-11-14T07:59:24.161-0300] {processor.py:157} INFO - Started process (PID=287606) to work on /home/gmassoqueto/repos/apache-airflow-101/.venv/lib/python3.11/site-packages/airflow/example_dags/example_bash_operator.py
[2023-11-14T07:59:24.165-0300] {processor.py:829} INFO - Processing file /home/gmassoqueto/repos/apache-airflow-101/.venv/lib/python3.11/site-packages/airflow/example_dags/example_bash_operator.py for tasks to queue
[2023-11-14T07:59:24.165-0300] {logging_mixin.py:154} INFO - [2023-11-14T07:59:24.165-0300] {dagbag.py:536} INFO - Filling up the DagBag from /home/gmassoqueto/repos/apache-airflow-101/.venv/lib/python3.11/site-packages/airflow/example_dags/example_bash_operator.py
[2023-11-14T07:59:24.176-0300] {processor.py:839} INFO - DAG(s) dict_keys(['example_bash_operator']) retrieved from /home/gmassoqueto/repos/apache-airflow-101/.venv/lib/python3.11/site-packages/airflow/example_dags/example_bash_operator.py
[2023-11-14T07:59:24.196-0300] {logging_mixin.py:154} INFO - [2023-11-14T07:59:24.196-0300] {dag.py:2941} INFO - Sync 1 DAGs
[2023-11-14T07:59:24.213-0300] {logging_mixin.py:154} INFO - [2023-11-14T07:59:24.213-0300] {dag.py:3722} INFO - Setting next_dagrun for example_bash_operator to 2023-11-13T00:00:00+00:00, run_after=2023-11-14T00:00:00+00:00
[2023-11-14T07:59:24.231-0300] {processor.py:179} INFO - Processing /home/gmassoqueto/repos/apache-airflow-101/.venv/lib/python3.11/site-packages/airflow/example_dags/example_bash_operator.py took 0.073 seconds
[2023-11-14T08:00:20.805-0300] {processor.py:157} INFO - Started process (PID=287736) to work on /home/gmassoqueto/repos/apache-airflow-101/.venv/lib/python3.11/site-packages/airflow/example_dags/example_bash_operator.py
[2023-11-14T08:00:20.809-0300] {processor.py:829} INFO - Processing file /home/gmassoqueto/repos/apache-airflow-101/.venv/lib/python3.11/site-packages/airflow/example_dags/example_bash_operator.py for tasks to queue
[2023-11-14T08:00:20.809-0300] {logging_mixin.py:154} INFO - [2023-11-14T08:00:20.809-0300] {dagbag.py:536} INFO - Filling up the DagBag from /home/gmassoqueto/repos/apache-airflow-101/.venv/lib/python3.11/site-packages/airflow/example_dags/example_bash_operator.py
[2023-11-14T08:00:20.821-0300] {processor.py:839} INFO - DAG(s) dict_keys(['example_bash_operator']) retrieved from /home/gmassoqueto/repos/apache-airflow-101/.venv/lib/python3.11/site-packages/airflow/example_dags/example_bash_operator.py
[2023-11-14T08:00:20.842-0300] {logging_mixin.py:154} INFO - [2023-11-14T08:00:20.841-0300] {dag.py:2941} INFO - Sync 1 DAGs
[2023-11-14T08:00:20.857-0300] {logging_mixin.py:154} INFO - [2023-11-14T08:00:20.857-0300] {dag.py:3722} INFO - Setting next_dagrun for example_bash_operator to 2023-11-13T00:00:00+00:00, run_after=2023-11-14T00:00:00+00:00
[2023-11-14T08:00:20.884-0300] {processor.py:179} INFO - Processing /home/gmassoqueto/repos/apache-airflow-101/.venv/lib/python3.11/site-packages/airflow/example_dags/example_bash_operator.py took 0.082 seconds
[2023-11-14T08:01:09.969-0300] {processor.py:157} INFO - Started process (PID=287930) to work on /home/gmassoqueto/repos/apache-airflow-101/.venv/lib/python3.11/site-packages/airflow/example_dags/example_bash_operator.py
[2023-11-14T08:01:09.973-0300] {processor.py:829} INFO - Processing file /home/gmassoqueto/repos/apache-airflow-101/.venv/lib/python3.11/site-packages/airflow/example_dags/example_bash_operator.py for tasks to queue
[2023-11-14T08:01:09.976-0300] {logging_mixin.py:154} INFO - [2023-11-14T08:01:09.975-0300] {dagbag.py:536} INFO - Filling up the DagBag from /home/gmassoqueto/repos/apache-airflow-101/.venv/lib/python3.11/site-packages/airflow/example_dags/example_bash_operator.py
[2023-11-14T08:01:09.998-0300] {processor.py:839} INFO - DAG(s) dict_keys(['example_bash_operator']) retrieved from /home/gmassoqueto/repos/apache-airflow-101/.venv/lib/python3.11/site-packages/airflow/example_dags/example_bash_operator.py
[2023-11-14T08:01:10.018-0300] {logging_mixin.py:154} INFO - [2023-11-14T08:01:10.018-0300] {dag.py:2941} INFO - Sync 1 DAGs
[2023-11-14T08:01:10.034-0300] {logging_mixin.py:154} INFO - [2023-11-14T08:01:10.034-0300] {dag.py:3722} INFO - Setting next_dagrun for example_bash_operator to 2023-11-13T00:00:00+00:00, run_after=2023-11-14T00:00:00+00:00
[2023-11-14T08:01:10.049-0300] {processor.py:179} INFO - Processing /home/gmassoqueto/repos/apache-airflow-101/.venv/lib/python3.11/site-packages/airflow/example_dags/example_bash_operator.py took 0.087 seconds
[2023-11-14T08:01:58.373-0300] {processor.py:157} INFO - Started process (PID=288075) to work on /home/gmassoqueto/repos/apache-airflow-101/.venv/lib/python3.11/site-packages/airflow/example_dags/example_bash_operator.py
[2023-11-14T08:01:58.374-0300] {processor.py:829} INFO - Processing file /home/gmassoqueto/repos/apache-airflow-101/.venv/lib/python3.11/site-packages/airflow/example_dags/example_bash_operator.py for tasks to queue
[2023-11-14T08:01:58.375-0300] {logging_mixin.py:154} INFO - [2023-11-14T08:01:58.374-0300] {dagbag.py:536} INFO - Filling up the DagBag from /home/gmassoqueto/repos/apache-airflow-101/.venv/lib/python3.11/site-packages/airflow/example_dags/example_bash_operator.py
[2023-11-14T08:01:58.388-0300] {processor.py:839} INFO - DAG(s) dict_keys(['example_bash_operator']) retrieved from /home/gmassoqueto/repos/apache-airflow-101/.venv/lib/python3.11/site-packages/airflow/example_dags/example_bash_operator.py
[2023-11-14T08:01:58.409-0300] {logging_mixin.py:154} INFO - [2023-11-14T08:01:58.409-0300] {dag.py:2941} INFO - Sync 1 DAGs
[2023-11-14T08:01:58.428-0300] {logging_mixin.py:154} INFO - [2023-11-14T08:01:58.428-0300] {dag.py:3722} INFO - Setting next_dagrun for example_bash_operator to 2023-11-13T00:00:00+00:00, run_after=2023-11-14T00:00:00+00:00
[2023-11-14T08:01:58.450-0300] {processor.py:179} INFO - Processing /home/gmassoqueto/repos/apache-airflow-101/.venv/lib/python3.11/site-packages/airflow/example_dags/example_bash_operator.py took 0.080 seconds
[2023-11-14T08:02:44.804-0300] {processor.py:157} INFO - Started process (PID=288252) to work on /home/gmassoqueto/repos/apache-airflow-101/.venv/lib/python3.11/site-packages/airflow/example_dags/example_bash_operator.py
[2023-11-14T08:02:44.809-0300] {processor.py:829} INFO - Processing file /home/gmassoqueto/repos/apache-airflow-101/.venv/lib/python3.11/site-packages/airflow/example_dags/example_bash_operator.py for tasks to queue
[2023-11-14T08:02:44.811-0300] {logging_mixin.py:154} INFO - [2023-11-14T08:02:44.810-0300] {dagbag.py:536} INFO - Filling up the DagBag from /home/gmassoqueto/repos/apache-airflow-101/.venv/lib/python3.11/site-packages/airflow/example_dags/example_bash_operator.py
[2023-11-14T08:02:44.836-0300] {processor.py:839} INFO - DAG(s) dict_keys(['example_bash_operator']) retrieved from /home/gmassoqueto/repos/apache-airflow-101/.venv/lib/python3.11/site-packages/airflow/example_dags/example_bash_operator.py
[2023-11-14T08:02:44.861-0300] {logging_mixin.py:154} INFO - [2023-11-14T08:02:44.861-0300] {dag.py:2941} INFO - Sync 1 DAGs
[2023-11-14T08:02:44.883-0300] {logging_mixin.py:154} INFO - [2023-11-14T08:02:44.883-0300] {dag.py:3722} INFO - Setting next_dagrun for example_bash_operator to 2023-11-13T00:00:00+00:00, run_after=2023-11-14T00:00:00+00:00
[2023-11-14T08:02:44.904-0300] {processor.py:179} INFO - Processing /home/gmassoqueto/repos/apache-airflow-101/.venv/lib/python3.11/site-packages/airflow/example_dags/example_bash_operator.py took 0.108 seconds
[2023-11-14T08:03:32.393-0300] {processor.py:157} INFO - Started process (PID=288399) to work on /home/gmassoqueto/repos/apache-airflow-101/.venv/lib/python3.11/site-packages/airflow/example_dags/example_bash_operator.py
[2023-11-14T08:03:32.397-0300] {processor.py:829} INFO - Processing file /home/gmassoqueto/repos/apache-airflow-101/.venv/lib/python3.11/site-packages/airflow/example_dags/example_bash_operator.py for tasks to queue
[2023-11-14T08:03:32.397-0300] {logging_mixin.py:154} INFO - [2023-11-14T08:03:32.397-0300] {dagbag.py:536} INFO - Filling up the DagBag from /home/gmassoqueto/repos/apache-airflow-101/.venv/lib/python3.11/site-packages/airflow/example_dags/example_bash_operator.py
[2023-11-14T08:03:32.408-0300] {processor.py:839} INFO - DAG(s) dict_keys(['example_bash_operator']) retrieved from /home/gmassoqueto/repos/apache-airflow-101/.venv/lib/python3.11/site-packages/airflow/example_dags/example_bash_operator.py
[2023-11-14T08:03:32.429-0300] {logging_mixin.py:154} INFO - [2023-11-14T08:03:32.429-0300] {dag.py:2941} INFO - Sync 1 DAGs
[2023-11-14T08:03:32.444-0300] {logging_mixin.py:154} INFO - [2023-11-14T08:03:32.444-0300] {dag.py:3722} INFO - Setting next_dagrun for example_bash_operator to 2023-11-13T00:00:00+00:00, run_after=2023-11-14T00:00:00+00:00
[2023-11-14T08:03:32.468-0300] {processor.py:179} INFO - Processing /home/gmassoqueto/repos/apache-airflow-101/.venv/lib/python3.11/site-packages/airflow/example_dags/example_bash_operator.py took 0.077 seconds
[2023-11-14T08:04:23.611-0300] {processor.py:157} INFO - Started process (PID=288857) to work on /home/gmassoqueto/repos/apache-airflow-101/.venv/lib/python3.11/site-packages/airflow/example_dags/example_bash_operator.py
[2023-11-14T08:04:23.616-0300] {processor.py:829} INFO - Processing file /home/gmassoqueto/repos/apache-airflow-101/.venv/lib/python3.11/site-packages/airflow/example_dags/example_bash_operator.py for tasks to queue
[2023-11-14T08:04:23.618-0300] {logging_mixin.py:154} INFO - [2023-11-14T08:04:23.617-0300] {dagbag.py:536} INFO - Filling up the DagBag from /home/gmassoqueto/repos/apache-airflow-101/.venv/lib/python3.11/site-packages/airflow/example_dags/example_bash_operator.py
[2023-11-14T08:04:23.644-0300] {processor.py:839} INFO - DAG(s) dict_keys(['example_bash_operator']) retrieved from /home/gmassoqueto/repos/apache-airflow-101/.venv/lib/python3.11/site-packages/airflow/example_dags/example_bash_operator.py
[2023-11-14T08:04:23.665-0300] {logging_mixin.py:154} INFO - [2023-11-14T08:04:23.665-0300] {dag.py:2941} INFO - Sync 1 DAGs
[2023-11-14T08:04:23.680-0300] {logging_mixin.py:154} INFO - [2023-11-14T08:04:23.680-0300] {dag.py:3722} INFO - Setting next_dagrun for example_bash_operator to 2023-11-13T00:00:00+00:00, run_after=2023-11-14T00:00:00+00:00
[2023-11-14T08:04:23.707-0300] {processor.py:179} INFO - Processing /home/gmassoqueto/repos/apache-airflow-101/.venv/lib/python3.11/site-packages/airflow/example_dags/example_bash_operator.py took 0.104 seconds
[2023-11-14T08:05:14.145-0300] {processor.py:157} INFO - Started process (PID=289019) to work on /home/gmassoqueto/repos/apache-airflow-101/.venv/lib/python3.11/site-packages/airflow/example_dags/example_bash_operator.py
[2023-11-14T08:05:14.148-0300] {processor.py:829} INFO - Processing file /home/gmassoqueto/repos/apache-airflow-101/.venv/lib/python3.11/site-packages/airflow/example_dags/example_bash_operator.py for tasks to queue
[2023-11-14T08:05:14.149-0300] {logging_mixin.py:154} INFO - [2023-11-14T08:05:14.149-0300] {dagbag.py:536} INFO - Filling up the DagBag from /home/gmassoqueto/repos/apache-airflow-101/.venv/lib/python3.11/site-packages/airflow/example_dags/example_bash_operator.py
[2023-11-14T08:05:14.160-0300] {processor.py:839} INFO - DAG(s) dict_keys(['example_bash_operator']) retrieved from /home/gmassoqueto/repos/apache-airflow-101/.venv/lib/python3.11/site-packages/airflow/example_dags/example_bash_operator.py
[2023-11-14T08:05:14.179-0300] {logging_mixin.py:154} INFO - [2023-11-14T08:05:14.178-0300] {dag.py:2941} INFO - Sync 1 DAGs
[2023-11-14T08:05:14.193-0300] {logging_mixin.py:154} INFO - [2023-11-14T08:05:14.193-0300] {dag.py:3722} INFO - Setting next_dagrun for example_bash_operator to 2023-11-13T00:00:00+00:00, run_after=2023-11-14T00:00:00+00:00
[2023-11-14T08:05:14.210-0300] {processor.py:179} INFO - Processing /home/gmassoqueto/repos/apache-airflow-101/.venv/lib/python3.11/site-packages/airflow/example_dags/example_bash_operator.py took 0.067 seconds
[2023-11-14T08:06:02.185-0300] {processor.py:157} INFO - Started process (PID=289137) to work on /home/gmassoqueto/repos/apache-airflow-101/.venv/lib/python3.11/site-packages/airflow/example_dags/example_bash_operator.py
[2023-11-14T08:06:02.189-0300] {processor.py:829} INFO - Processing file /home/gmassoqueto/repos/apache-airflow-101/.venv/lib/python3.11/site-packages/airflow/example_dags/example_bash_operator.py for tasks to queue
[2023-11-14T08:06:02.190-0300] {logging_mixin.py:154} INFO - [2023-11-14T08:06:02.190-0300] {dagbag.py:536} INFO - Filling up the DagBag from /home/gmassoqueto/repos/apache-airflow-101/.venv/lib/python3.11/site-packages/airflow/example_dags/example_bash_operator.py
[2023-11-14T08:06:02.217-0300] {processor.py:839} INFO - DAG(s) dict_keys(['example_bash_operator']) retrieved from /home/gmassoqueto/repos/apache-airflow-101/.venv/lib/python3.11/site-packages/airflow/example_dags/example_bash_operator.py
[2023-11-14T08:06:02.242-0300] {logging_mixin.py:154} INFO - [2023-11-14T08:06:02.242-0300] {dag.py:2941} INFO - Sync 1 DAGs
[2023-11-14T08:06:02.257-0300] {logging_mixin.py:154} INFO - [2023-11-14T08:06:02.257-0300] {dag.py:3722} INFO - Setting next_dagrun for example_bash_operator to 2023-11-13T00:00:00+00:00, run_after=2023-11-14T00:00:00+00:00
[2023-11-14T08:06:02.283-0300] {processor.py:179} INFO - Processing /home/gmassoqueto/repos/apache-airflow-101/.venv/lib/python3.11/site-packages/airflow/example_dags/example_bash_operator.py took 0.101 seconds
[2023-11-14T08:06:50.105-0300] {processor.py:157} INFO - Started process (PID=289272) to work on /home/gmassoqueto/repos/apache-airflow-101/.venv/lib/python3.11/site-packages/airflow/example_dags/example_bash_operator.py
[2023-11-14T08:06:50.109-0300] {processor.py:829} INFO - Processing file /home/gmassoqueto/repos/apache-airflow-101/.venv/lib/python3.11/site-packages/airflow/example_dags/example_bash_operator.py for tasks to queue
[2023-11-14T08:06:50.111-0300] {logging_mixin.py:154} INFO - [2023-11-14T08:06:50.110-0300] {dagbag.py:536} INFO - Filling up the DagBag from /home/gmassoqueto/repos/apache-airflow-101/.venv/lib/python3.11/site-packages/airflow/example_dags/example_bash_operator.py
[2023-11-14T08:06:50.137-0300] {processor.py:839} INFO - DAG(s) dict_keys(['example_bash_operator']) retrieved from /home/gmassoqueto/repos/apache-airflow-101/.venv/lib/python3.11/site-packages/airflow/example_dags/example_bash_operator.py
[2023-11-14T08:06:50.169-0300] {logging_mixin.py:154} INFO - [2023-11-14T08:06:50.169-0300] {dag.py:2941} INFO - Sync 1 DAGs
[2023-11-14T08:06:50.193-0300] {logging_mixin.py:154} INFO - [2023-11-14T08:06:50.193-0300] {dag.py:3722} INFO - Setting next_dagrun for example_bash_operator to 2023-11-13T00:00:00+00:00, run_after=2023-11-14T00:00:00+00:00
[2023-11-14T08:06:50.215-0300] {processor.py:179} INFO - Processing /home/gmassoqueto/repos/apache-airflow-101/.venv/lib/python3.11/site-packages/airflow/example_dags/example_bash_operator.py took 0.116 seconds
[2023-11-14T08:07:38.099-0300] {processor.py:157} INFO - Started process (PID=289464) to work on /home/gmassoqueto/repos/apache-airflow-101/.venv/lib/python3.11/site-packages/airflow/example_dags/example_bash_operator.py
[2023-11-14T08:07:38.104-0300] {processor.py:829} INFO - Processing file /home/gmassoqueto/repos/apache-airflow-101/.venv/lib/python3.11/site-packages/airflow/example_dags/example_bash_operator.py for tasks to queue
[2023-11-14T08:07:38.106-0300] {logging_mixin.py:154} INFO - [2023-11-14T08:07:38.105-0300] {dagbag.py:536} INFO - Filling up the DagBag from /home/gmassoqueto/repos/apache-airflow-101/.venv/lib/python3.11/site-packages/airflow/example_dags/example_bash_operator.py
[2023-11-14T08:07:38.132-0300] {processor.py:839} INFO - DAG(s) dict_keys(['example_bash_operator']) retrieved from /home/gmassoqueto/repos/apache-airflow-101/.venv/lib/python3.11/site-packages/airflow/example_dags/example_bash_operator.py
[2023-11-14T08:07:38.154-0300] {logging_mixin.py:154} INFO - [2023-11-14T08:07:38.153-0300] {dag.py:2941} INFO - Sync 1 DAGs
[2023-11-14T08:07:38.168-0300] {logging_mixin.py:154} INFO - [2023-11-14T08:07:38.168-0300] {dag.py:3722} INFO - Setting next_dagrun for example_bash_operator to 2023-11-13T00:00:00+00:00, run_after=2023-11-14T00:00:00+00:00
[2023-11-14T08:07:38.185-0300] {processor.py:179} INFO - Processing /home/gmassoqueto/repos/apache-airflow-101/.venv/lib/python3.11/site-packages/airflow/example_dags/example_bash_operator.py took 0.093 seconds
[2023-11-14T08:08:42.277-0300] {processor.py:157} INFO - Started process (PID=289911) to work on /home/gmassoqueto/repos/apache-airflow-101/.venv/lib/python3.11/site-packages/airflow/example_dags/example_bash_operator.py
[2023-11-14T08:08:42.279-0300] {processor.py:829} INFO - Processing file /home/gmassoqueto/repos/apache-airflow-101/.venv/lib/python3.11/site-packages/airflow/example_dags/example_bash_operator.py for tasks to queue
[2023-11-14T08:08:42.280-0300] {logging_mixin.py:154} INFO - [2023-11-14T08:08:42.280-0300] {dagbag.py:536} INFO - Filling up the DagBag from /home/gmassoqueto/repos/apache-airflow-101/.venv/lib/python3.11/site-packages/airflow/example_dags/example_bash_operator.py
[2023-11-14T08:08:42.305-0300] {processor.py:839} INFO - DAG(s) dict_keys(['example_bash_operator']) retrieved from /home/gmassoqueto/repos/apache-airflow-101/.venv/lib/python3.11/site-packages/airflow/example_dags/example_bash_operator.py
[2023-11-14T08:08:42.331-0300] {logging_mixin.py:154} INFO - [2023-11-14T08:08:42.330-0300] {dag.py:2941} INFO - Sync 1 DAGs
[2023-11-14T08:08:42.341-0300] {logging_mixin.py:154} INFO - [2023-11-14T08:08:42.340-0300] {dag.py:2963} INFO - Creating ORM DAG for example_bash_operator
[2023-11-14T08:08:42.349-0300] {logging_mixin.py:154} INFO - [2023-11-14T08:08:42.349-0300] {dag.py:3722} INFO - Setting next_dagrun for example_bash_operator to 2023-11-13T00:00:00+00:00, run_after=2023-11-14T00:00:00+00:00
[2023-11-14T08:08:42.366-0300] {processor.py:179} INFO - Processing /home/gmassoqueto/repos/apache-airflow-101/.venv/lib/python3.11/site-packages/airflow/example_dags/example_bash_operator.py took 0.094 seconds
[2023-11-14T08:10:25.136-0300] {processor.py:157} INFO - Started process (PID=290963) to work on /home/gmassoqueto/repos/apache-airflow-101/.venv/lib/python3.11/site-packages/airflow/example_dags/example_bash_operator.py
[2023-11-14T08:10:25.140-0300] {processor.py:829} INFO - Processing file /home/gmassoqueto/repos/apache-airflow-101/.venv/lib/python3.11/site-packages/airflow/example_dags/example_bash_operator.py for tasks to queue
[2023-11-14T08:10:25.142-0300] {logging_mixin.py:154} INFO - [2023-11-14T08:10:25.141-0300] {dagbag.py:536} INFO - Filling up the DagBag from /home/gmassoqueto/repos/apache-airflow-101/.venv/lib/python3.11/site-packages/airflow/example_dags/example_bash_operator.py
[2023-11-14T08:10:25.158-0300] {processor.py:839} INFO - DAG(s) dict_keys(['example_bash_operator']) retrieved from /home/gmassoqueto/repos/apache-airflow-101/.venv/lib/python3.11/site-packages/airflow/example_dags/example_bash_operator.py
[2023-11-14T08:10:25.180-0300] {logging_mixin.py:154} INFO - [2023-11-14T08:10:25.180-0300] {dag.py:2941} INFO - Sync 1 DAGs
[2023-11-14T08:10:25.197-0300] {logging_mixin.py:154} INFO - [2023-11-14T08:10:25.196-0300] {dag.py:3722} INFO - Setting next_dagrun for example_bash_operator to 2023-11-13T00:00:00+00:00, run_after=2023-11-14T00:00:00+00:00
[2023-11-14T08:10:25.215-0300] {processor.py:179} INFO - Processing /home/gmassoqueto/repos/apache-airflow-101/.venv/lib/python3.11/site-packages/airflow/example_dags/example_bash_operator.py took 0.085 seconds
[2023-11-14T08:11:19.167-0300] {processor.py:157} INFO - Started process (PID=291158) to work on /home/gmassoqueto/repos/apache-airflow-101/.venv/lib/python3.11/site-packages/airflow/example_dags/example_bash_operator.py
[2023-11-14T08:11:19.171-0300] {processor.py:829} INFO - Processing file /home/gmassoqueto/repos/apache-airflow-101/.venv/lib/python3.11/site-packages/airflow/example_dags/example_bash_operator.py for tasks to queue
[2023-11-14T08:11:19.173-0300] {logging_mixin.py:154} INFO - [2023-11-14T08:11:19.172-0300] {dagbag.py:536} INFO - Filling up the DagBag from /home/gmassoqueto/repos/apache-airflow-101/.venv/lib/python3.11/site-packages/airflow/example_dags/example_bash_operator.py
[2023-11-14T08:11:19.202-0300] {processor.py:839} INFO - DAG(s) dict_keys(['example_bash_operator']) retrieved from /home/gmassoqueto/repos/apache-airflow-101/.venv/lib/python3.11/site-packages/airflow/example_dags/example_bash_operator.py
[2023-11-14T08:11:19.228-0300] {logging_mixin.py:154} INFO - [2023-11-14T08:11:19.227-0300] {dag.py:2941} INFO - Sync 1 DAGs
[2023-11-14T08:11:19.243-0300] {logging_mixin.py:154} INFO - [2023-11-14T08:11:19.242-0300] {dag.py:3722} INFO - Setting next_dagrun for example_bash_operator to 2023-11-13T00:00:00+00:00, run_after=2023-11-14T00:00:00+00:00
[2023-11-14T08:11:19.259-0300] {processor.py:179} INFO - Processing /home/gmassoqueto/repos/apache-airflow-101/.venv/lib/python3.11/site-packages/airflow/example_dags/example_bash_operator.py took 0.093 seconds
[2023-11-14T08:12:04.512-0300] {processor.py:157} INFO - Started process (PID=291288) to work on /home/gmassoqueto/repos/apache-airflow-101/.venv/lib/python3.11/site-packages/airflow/example_dags/example_bash_operator.py
[2023-11-14T08:12:04.517-0300] {processor.py:829} INFO - Processing file /home/gmassoqueto/repos/apache-airflow-101/.venv/lib/python3.11/site-packages/airflow/example_dags/example_bash_operator.py for tasks to queue
[2023-11-14T08:12:04.520-0300] {logging_mixin.py:154} INFO - [2023-11-14T08:12:04.519-0300] {dagbag.py:536} INFO - Filling up the DagBag from /home/gmassoqueto/repos/apache-airflow-101/.venv/lib/python3.11/site-packages/airflow/example_dags/example_bash_operator.py
[2023-11-14T08:12:04.540-0300] {processor.py:839} INFO - DAG(s) dict_keys(['example_bash_operator']) retrieved from /home/gmassoqueto/repos/apache-airflow-101/.venv/lib/python3.11/site-packages/airflow/example_dags/example_bash_operator.py
[2023-11-14T08:12:04.562-0300] {logging_mixin.py:154} INFO - [2023-11-14T08:12:04.562-0300] {dag.py:2941} INFO - Sync 1 DAGs
[2023-11-14T08:12:04.579-0300] {logging_mixin.py:154} INFO - [2023-11-14T08:12:04.579-0300] {dag.py:3722} INFO - Setting next_dagrun for example_bash_operator to 2023-11-13T00:00:00+00:00, run_after=2023-11-14T00:00:00+00:00
[2023-11-14T08:12:04.599-0300] {processor.py:179} INFO - Processing /home/gmassoqueto/repos/apache-airflow-101/.venv/lib/python3.11/site-packages/airflow/example_dags/example_bash_operator.py took 0.095 seconds
[2023-11-14T08:12:50.849-0300] {processor.py:157} INFO - Started process (PID=291549) to work on /home/gmassoqueto/repos/apache-airflow-101/.venv/lib/python3.11/site-packages/airflow/example_dags/example_bash_operator.py
[2023-11-14T08:12:50.853-0300] {processor.py:829} INFO - Processing file /home/gmassoqueto/repos/apache-airflow-101/.venv/lib/python3.11/site-packages/airflow/example_dags/example_bash_operator.py for tasks to queue
[2023-11-14T08:12:50.856-0300] {logging_mixin.py:154} INFO - [2023-11-14T08:12:50.855-0300] {dagbag.py:536} INFO - Filling up the DagBag from /home/gmassoqueto/repos/apache-airflow-101/.venv/lib/python3.11/site-packages/airflow/example_dags/example_bash_operator.py
[2023-11-14T08:12:50.887-0300] {processor.py:839} INFO - DAG(s) dict_keys(['example_bash_operator']) retrieved from /home/gmassoqueto/repos/apache-airflow-101/.venv/lib/python3.11/site-packages/airflow/example_dags/example_bash_operator.py
[2023-11-14T08:12:50.910-0300] {logging_mixin.py:154} INFO - [2023-11-14T08:12:50.910-0300] {dag.py:2941} INFO - Sync 1 DAGs
[2023-11-14T08:12:50.925-0300] {logging_mixin.py:154} INFO - [2023-11-14T08:12:50.925-0300] {dag.py:3722} INFO - Setting next_dagrun for example_bash_operator to 2023-11-13T00:00:00+00:00, run_after=2023-11-14T00:00:00+00:00
[2023-11-14T08:12:50.942-0300] {processor.py:179} INFO - Processing /home/gmassoqueto/repos/apache-airflow-101/.venv/lib/python3.11/site-packages/airflow/example_dags/example_bash_operator.py took 0.096 seconds
[2023-11-14T08:13:38.161-0300] {processor.py:157} INFO - Started process (PID=291645) to work on /home/gmassoqueto/repos/apache-airflow-101/.venv/lib/python3.11/site-packages/airflow/example_dags/example_bash_operator.py
[2023-11-14T08:13:38.165-0300] {processor.py:829} INFO - Processing file /home/gmassoqueto/repos/apache-airflow-101/.venv/lib/python3.11/site-packages/airflow/example_dags/example_bash_operator.py for tasks to queue
[2023-11-14T08:13:38.166-0300] {logging_mixin.py:154} INFO - [2023-11-14T08:13:38.166-0300] {dagbag.py:536} INFO - Filling up the DagBag from /home/gmassoqueto/repos/apache-airflow-101/.venv/lib/python3.11/site-packages/airflow/example_dags/example_bash_operator.py
[2023-11-14T08:13:38.178-0300] {processor.py:839} INFO - DAG(s) dict_keys(['example_bash_operator']) retrieved from /home/gmassoqueto/repos/apache-airflow-101/.venv/lib/python3.11/site-packages/airflow/example_dags/example_bash_operator.py
[2023-11-14T08:13:38.197-0300] {logging_mixin.py:154} INFO - [2023-11-14T08:13:38.197-0300] {dag.py:2941} INFO - Sync 1 DAGs
[2023-11-14T08:13:38.213-0300] {logging_mixin.py:154} INFO - [2023-11-14T08:13:38.212-0300] {dag.py:3722} INFO - Setting next_dagrun for example_bash_operator to 2023-11-13T00:00:00+00:00, run_after=2023-11-14T00:00:00+00:00
[2023-11-14T08:13:38.228-0300] {processor.py:179} INFO - Processing /home/gmassoqueto/repos/apache-airflow-101/.venv/lib/python3.11/site-packages/airflow/example_dags/example_bash_operator.py took 0.071 seconds
[2023-11-14T08:14:25.463-0300] {processor.py:157} INFO - Started process (PID=291746) to work on /home/gmassoqueto/repos/apache-airflow-101/.venv/lib/python3.11/site-packages/airflow/example_dags/example_bash_operator.py
[2023-11-14T08:14:25.464-0300] {processor.py:829} INFO - Processing file /home/gmassoqueto/repos/apache-airflow-101/.venv/lib/python3.11/site-packages/airflow/example_dags/example_bash_operator.py for tasks to queue
[2023-11-14T08:14:25.465-0300] {logging_mixin.py:154} INFO - [2023-11-14T08:14:25.464-0300] {dagbag.py:536} INFO - Filling up the DagBag from /home/gmassoqueto/repos/apache-airflow-101/.venv/lib/python3.11/site-packages/airflow/example_dags/example_bash_operator.py
[2023-11-14T08:14:25.479-0300] {processor.py:839} INFO - DAG(s) dict_keys(['example_bash_operator']) retrieved from /home/gmassoqueto/repos/apache-airflow-101/.venv/lib/python3.11/site-packages/airflow/example_dags/example_bash_operator.py
[2023-11-14T08:14:25.504-0300] {logging_mixin.py:154} INFO - [2023-11-14T08:14:25.504-0300] {dag.py:2941} INFO - Sync 1 DAGs
[2023-11-14T08:14:25.529-0300] {logging_mixin.py:154} INFO - [2023-11-14T08:14:25.529-0300] {dag.py:3722} INFO - Setting next_dagrun for example_bash_operator to 2023-11-13T00:00:00+00:00, run_after=2023-11-14T00:00:00+00:00
[2023-11-14T08:14:25.552-0300] {processor.py:179} INFO - Processing /home/gmassoqueto/repos/apache-airflow-101/.venv/lib/python3.11/site-packages/airflow/example_dags/example_bash_operator.py took 0.092 seconds
[2023-11-14T08:15:13.463-0300] {processor.py:157} INFO - Started process (PID=291892) to work on /home/gmassoqueto/repos/apache-airflow-101/.venv/lib/python3.11/site-packages/airflow/example_dags/example_bash_operator.py
[2023-11-14T08:15:13.467-0300] {processor.py:829} INFO - Processing file /home/gmassoqueto/repos/apache-airflow-101/.venv/lib/python3.11/site-packages/airflow/example_dags/example_bash_operator.py for tasks to queue
[2023-11-14T08:15:13.468-0300] {logging_mixin.py:154} INFO - [2023-11-14T08:15:13.467-0300] {dagbag.py:536} INFO - Filling up the DagBag from /home/gmassoqueto/repos/apache-airflow-101/.venv/lib/python3.11/site-packages/airflow/example_dags/example_bash_operator.py
[2023-11-14T08:15:13.480-0300] {processor.py:839} INFO - DAG(s) dict_keys(['example_bash_operator']) retrieved from /home/gmassoqueto/repos/apache-airflow-101/.venv/lib/python3.11/site-packages/airflow/example_dags/example_bash_operator.py
[2023-11-14T08:15:13.501-0300] {logging_mixin.py:154} INFO - [2023-11-14T08:15:13.501-0300] {dag.py:2941} INFO - Sync 1 DAGs
[2023-11-14T08:15:13.516-0300] {logging_mixin.py:154} INFO - [2023-11-14T08:15:13.516-0300] {dag.py:3722} INFO - Setting next_dagrun for example_bash_operator to 2023-11-13T00:00:00+00:00, run_after=2023-11-14T00:00:00+00:00
[2023-11-14T08:15:13.533-0300] {processor.py:179} INFO - Processing /home/gmassoqueto/repos/apache-airflow-101/.venv/lib/python3.11/site-packages/airflow/example_dags/example_bash_operator.py took 0.073 seconds
[2023-11-14T08:16:00.217-0300] {processor.py:157} INFO - Started process (PID=291980) to work on /home/gmassoqueto/repos/apache-airflow-101/.venv/lib/python3.11/site-packages/airflow/example_dags/example_bash_operator.py
[2023-11-14T08:16:00.221-0300] {processor.py:829} INFO - Processing file /home/gmassoqueto/repos/apache-airflow-101/.venv/lib/python3.11/site-packages/airflow/example_dags/example_bash_operator.py for tasks to queue
[2023-11-14T08:16:00.222-0300] {logging_mixin.py:154} INFO - [2023-11-14T08:16:00.222-0300] {dagbag.py:536} INFO - Filling up the DagBag from /home/gmassoqueto/repos/apache-airflow-101/.venv/lib/python3.11/site-packages/airflow/example_dags/example_bash_operator.py
[2023-11-14T08:16:00.238-0300] {processor.py:839} INFO - DAG(s) dict_keys(['example_bash_operator']) retrieved from /home/gmassoqueto/repos/apache-airflow-101/.venv/lib/python3.11/site-packages/airflow/example_dags/example_bash_operator.py
[2023-11-14T08:16:00.265-0300] {logging_mixin.py:154} INFO - [2023-11-14T08:16:00.265-0300] {dag.py:2941} INFO - Sync 1 DAGs
[2023-11-14T08:16:00.281-0300] {logging_mixin.py:154} INFO - [2023-11-14T08:16:00.281-0300] {dag.py:3722} INFO - Setting next_dagrun for example_bash_operator to 2023-11-13T00:00:00+00:00, run_after=2023-11-14T00:00:00+00:00
[2023-11-14T08:16:00.297-0300] {processor.py:179} INFO - Processing /home/gmassoqueto/repos/apache-airflow-101/.venv/lib/python3.11/site-packages/airflow/example_dags/example_bash_operator.py took 0.082 seconds
[2023-11-14T08:16:49.946-0300] {processor.py:157} INFO - Started process (PID=292061) to work on /home/gmassoqueto/repos/apache-airflow-101/.venv/lib/python3.11/site-packages/airflow/example_dags/example_bash_operator.py
[2023-11-14T08:16:49.947-0300] {processor.py:829} INFO - Processing file /home/gmassoqueto/repos/apache-airflow-101/.venv/lib/python3.11/site-packages/airflow/example_dags/example_bash_operator.py for tasks to queue
[2023-11-14T08:16:49.948-0300] {logging_mixin.py:154} INFO - [2023-11-14T08:16:49.948-0300] {dagbag.py:536} INFO - Filling up the DagBag from /home/gmassoqueto/repos/apache-airflow-101/.venv/lib/python3.11/site-packages/airflow/example_dags/example_bash_operator.py
[2023-11-14T08:16:49.958-0300] {processor.py:839} INFO - DAG(s) dict_keys(['example_bash_operator']) retrieved from /home/gmassoqueto/repos/apache-airflow-101/.venv/lib/python3.11/site-packages/airflow/example_dags/example_bash_operator.py
[2023-11-14T08:16:49.975-0300] {logging_mixin.py:154} INFO - [2023-11-14T08:16:49.975-0300] {dag.py:2941} INFO - Sync 1 DAGs
[2023-11-14T08:16:49.989-0300] {logging_mixin.py:154} INFO - [2023-11-14T08:16:49.988-0300] {dag.py:3722} INFO - Setting next_dagrun for example_bash_operator to 2023-11-13T00:00:00+00:00, run_after=2023-11-14T00:00:00+00:00
[2023-11-14T08:16:50.005-0300] {processor.py:179} INFO - Processing /home/gmassoqueto/repos/apache-airflow-101/.venv/lib/python3.11/site-packages/airflow/example_dags/example_bash_operator.py took 0.061 seconds
[2023-11-14T08:17:41.332-0300] {processor.py:157} INFO - Started process (PID=292163) to work on /home/gmassoqueto/repos/apache-airflow-101/.venv/lib/python3.11/site-packages/airflow/example_dags/example_bash_operator.py
[2023-11-14T08:17:41.336-0300] {processor.py:829} INFO - Processing file /home/gmassoqueto/repos/apache-airflow-101/.venv/lib/python3.11/site-packages/airflow/example_dags/example_bash_operator.py for tasks to queue
[2023-11-14T08:17:41.338-0300] {logging_mixin.py:154} INFO - [2023-11-14T08:17:41.337-0300] {dagbag.py:536} INFO - Filling up the DagBag from /home/gmassoqueto/repos/apache-airflow-101/.venv/lib/python3.11/site-packages/airflow/example_dags/example_bash_operator.py
[2023-11-14T08:17:41.365-0300] {processor.py:839} INFO - DAG(s) dict_keys(['example_bash_operator']) retrieved from /home/gmassoqueto/repos/apache-airflow-101/.venv/lib/python3.11/site-packages/airflow/example_dags/example_bash_operator.py
[2023-11-14T08:17:41.387-0300] {logging_mixin.py:154} INFO - [2023-11-14T08:17:41.387-0300] {dag.py:2941} INFO - Sync 1 DAGs
[2023-11-14T08:17:41.403-0300] {logging_mixin.py:154} INFO - [2023-11-14T08:17:41.403-0300] {dag.py:3722} INFO - Setting next_dagrun for example_bash_operator to 2023-11-13T00:00:00+00:00, run_after=2023-11-14T00:00:00+00:00
[2023-11-14T08:17:41.428-0300] {processor.py:179} INFO - Processing /home/gmassoqueto/repos/apache-airflow-101/.venv/lib/python3.11/site-packages/airflow/example_dags/example_bash_operator.py took 0.103 seconds
