[2023-11-14T07:03:23.457-0300] {processor.py:157} INFO - Started process (PID=284709) to work on /home/gmassoqueto/repos/apache-airflow-101/.venv/lib/python3.11/site-packages/airflow/example_dags/example_task_group.py
[2023-11-14T07:03:23.458-0300] {processor.py:829} INFO - Processing file /home/gmassoqueto/repos/apache-airflow-101/.venv/lib/python3.11/site-packages/airflow/example_dags/example_task_group.py for tasks to queue
[2023-11-14T07:03:23.458-0300] {logging_mixin.py:154} INFO - [2023-11-14T07:03:23.458-0300] {dagbag.py:536} INFO - Filling up the DagBag from /home/gmassoqueto/repos/apache-airflow-101/.venv/lib/python3.11/site-packages/airflow/example_dags/example_task_group.py
[2023-11-14T07:03:23.468-0300] {processor.py:839} INFO - DAG(s) dict_keys(['example_task_group']) retrieved from /home/gmassoqueto/repos/apache-airflow-101/.venv/lib/python3.11/site-packages/airflow/example_dags/example_task_group.py
[2023-11-14T07:03:23.474-0300] {logging_mixin.py:154} INFO - [2023-11-14T07:03:23.474-0300] {dag.py:2941} INFO - Sync 1 DAGs
[2023-11-14T07:03:23.492-0300] {logging_mixin.py:154} INFO - [2023-11-14T07:03:23.492-0300] {dag.py:3722} INFO - Setting next_dagrun for example_task_group to 2023-11-13T10:03:23.491865+00:00, run_after=2023-11-14T10:03:23.491865+00:00
[2023-11-14T07:03:23.522-0300] {processor.py:179} INFO - Processing /home/gmassoqueto/repos/apache-airflow-101/.venv/lib/python3.11/site-packages/airflow/example_dags/example_task_group.py took 0.067 seconds
[2023-11-14T07:04:07.615-0300] {processor.py:157} INFO - Started process (PID=284833) to work on /home/gmassoqueto/repos/apache-airflow-101/.venv/lib/python3.11/site-packages/airflow/example_dags/example_task_group.py
[2023-11-14T07:04:07.618-0300] {processor.py:829} INFO - Processing file /home/gmassoqueto/repos/apache-airflow-101/.venv/lib/python3.11/site-packages/airflow/example_dags/example_task_group.py for tasks to queue
[2023-11-14T07:04:07.619-0300] {logging_mixin.py:154} INFO - [2023-11-14T07:04:07.619-0300] {dagbag.py:536} INFO - Filling up the DagBag from /home/gmassoqueto/repos/apache-airflow-101/.venv/lib/python3.11/site-packages/airflow/example_dags/example_task_group.py
[2023-11-14T07:04:07.628-0300] {processor.py:839} INFO - DAG(s) dict_keys(['example_task_group']) retrieved from /home/gmassoqueto/repos/apache-airflow-101/.venv/lib/python3.11/site-packages/airflow/example_dags/example_task_group.py
[2023-11-14T07:04:07.647-0300] {logging_mixin.py:154} INFO - [2023-11-14T07:04:07.647-0300] {dag.py:2941} INFO - Sync 1 DAGs
[2023-11-14T07:04:07.665-0300] {logging_mixin.py:154} INFO - [2023-11-14T07:04:07.665-0300] {dag.py:3722} INFO - Setting next_dagrun for example_task_group to 2023-11-13T10:04:07.665273+00:00, run_after=2023-11-14T10:04:07.665273+00:00
[2023-11-14T07:04:07.683-0300] {processor.py:179} INFO - Processing /home/gmassoqueto/repos/apache-airflow-101/.venv/lib/python3.11/site-packages/airflow/example_dags/example_task_group.py took 0.071 seconds
[2023-11-14T07:55:39.985-0300] {processor.py:157} INFO - Started process (PID=286728) to work on /home/gmassoqueto/repos/apache-airflow-101/.venv/lib/python3.11/site-packages/airflow/example_dags/example_task_group.py
[2023-11-14T07:55:39.989-0300] {processor.py:829} INFO - Processing file /home/gmassoqueto/repos/apache-airflow-101/.venv/lib/python3.11/site-packages/airflow/example_dags/example_task_group.py for tasks to queue
[2023-11-14T07:55:39.990-0300] {logging_mixin.py:154} INFO - [2023-11-14T07:55:39.990-0300] {dagbag.py:536} INFO - Filling up the DagBag from /home/gmassoqueto/repos/apache-airflow-101/.venv/lib/python3.11/site-packages/airflow/example_dags/example_task_group.py
[2023-11-14T07:55:40.002-0300] {processor.py:839} INFO - DAG(s) dict_keys(['example_task_group']) retrieved from /home/gmassoqueto/repos/apache-airflow-101/.venv/lib/python3.11/site-packages/airflow/example_dags/example_task_group.py
[2023-11-14T07:55:40.009-0300] {logging_mixin.py:154} INFO - [2023-11-14T07:55:40.009-0300] {dag.py:2941} INFO - Sync 1 DAGs
[2023-11-14T07:55:40.033-0300] {logging_mixin.py:154} INFO - [2023-11-14T07:55:40.032-0300] {dag.py:3722} INFO - Setting next_dagrun for example_task_group to 2023-11-13T10:55:40.032240+00:00, run_after=2023-11-14T10:55:40.032240+00:00
[2023-11-14T07:55:40.057-0300] {processor.py:179} INFO - Processing /home/gmassoqueto/repos/apache-airflow-101/.venv/lib/python3.11/site-packages/airflow/example_dags/example_task_group.py took 0.076 seconds
[2023-11-14T07:57:18.501-0300] {processor.py:157} INFO - Started process (PID=287169) to work on /home/gmassoqueto/repos/apache-airflow-101/.venv/lib/python3.11/site-packages/airflow/example_dags/example_task_group.py
[2023-11-14T07:57:18.505-0300] {processor.py:829} INFO - Processing file /home/gmassoqueto/repos/apache-airflow-101/.venv/lib/python3.11/site-packages/airflow/example_dags/example_task_group.py for tasks to queue
[2023-11-14T07:57:18.506-0300] {logging_mixin.py:154} INFO - [2023-11-14T07:57:18.506-0300] {dagbag.py:536} INFO - Filling up the DagBag from /home/gmassoqueto/repos/apache-airflow-101/.venv/lib/python3.11/site-packages/airflow/example_dags/example_task_group.py
[2023-11-14T07:57:18.519-0300] {processor.py:839} INFO - DAG(s) dict_keys(['example_task_group']) retrieved from /home/gmassoqueto/repos/apache-airflow-101/.venv/lib/python3.11/site-packages/airflow/example_dags/example_task_group.py
[2023-11-14T07:57:18.527-0300] {logging_mixin.py:154} INFO - [2023-11-14T07:57:18.527-0300] {dag.py:2941} INFO - Sync 1 DAGs
[2023-11-14T07:57:18.550-0300] {logging_mixin.py:154} INFO - [2023-11-14T07:57:18.550-0300] {dag.py:3722} INFO - Setting next_dagrun for example_task_group to 2023-11-13T10:57:18.549854+00:00, run_after=2023-11-14T10:57:18.549854+00:00
[2023-11-14T07:57:18.575-0300] {processor.py:179} INFO - Processing /home/gmassoqueto/repos/apache-airflow-101/.venv/lib/python3.11/site-packages/airflow/example_dags/example_task_group.py took 0.076 seconds
[2023-11-14T07:58:03.845-0300] {processor.py:157} INFO - Started process (PID=287357) to work on /home/gmassoqueto/repos/apache-airflow-101/.venv/lib/python3.11/site-packages/airflow/example_dags/example_task_group.py
[2023-11-14T07:58:03.848-0300] {processor.py:829} INFO - Processing file /home/gmassoqueto/repos/apache-airflow-101/.venv/lib/python3.11/site-packages/airflow/example_dags/example_task_group.py for tasks to queue
[2023-11-14T07:58:03.848-0300] {logging_mixin.py:154} INFO - [2023-11-14T07:58:03.848-0300] {dagbag.py:536} INFO - Filling up the DagBag from /home/gmassoqueto/repos/apache-airflow-101/.venv/lib/python3.11/site-packages/airflow/example_dags/example_task_group.py
[2023-11-14T07:58:03.853-0300] {processor.py:839} INFO - DAG(s) dict_keys(['example_task_group']) retrieved from /home/gmassoqueto/repos/apache-airflow-101/.venv/lib/python3.11/site-packages/airflow/example_dags/example_task_group.py
[2023-11-14T07:58:03.864-0300] {logging_mixin.py:154} INFO - [2023-11-14T07:58:03.863-0300] {dag.py:2941} INFO - Sync 1 DAGs
[2023-11-14T07:58:03.876-0300] {logging_mixin.py:154} INFO - [2023-11-14T07:58:03.876-0300] {dag.py:3722} INFO - Setting next_dagrun for example_task_group to 2023-11-13T10:58:03.876335+00:00, run_after=2023-11-14T10:58:03.876335+00:00
[2023-11-14T07:58:03.893-0300] {processor.py:179} INFO - Processing /home/gmassoqueto/repos/apache-airflow-101/.venv/lib/python3.11/site-packages/airflow/example_dags/example_task_group.py took 0.050 seconds
[2023-11-14T07:58:47.950-0300] {processor.py:157} INFO - Started process (PID=287531) to work on /home/gmassoqueto/repos/apache-airflow-101/.venv/lib/python3.11/site-packages/airflow/example_dags/example_task_group.py
[2023-11-14T07:58:47.954-0300] {processor.py:829} INFO - Processing file /home/gmassoqueto/repos/apache-airflow-101/.venv/lib/python3.11/site-packages/airflow/example_dags/example_task_group.py for tasks to queue
[2023-11-14T07:58:47.955-0300] {logging_mixin.py:154} INFO - [2023-11-14T07:58:47.955-0300] {dagbag.py:536} INFO - Filling up the DagBag from /home/gmassoqueto/repos/apache-airflow-101/.venv/lib/python3.11/site-packages/airflow/example_dags/example_task_group.py
[2023-11-14T07:58:47.966-0300] {processor.py:839} INFO - DAG(s) dict_keys(['example_task_group']) retrieved from /home/gmassoqueto/repos/apache-airflow-101/.venv/lib/python3.11/site-packages/airflow/example_dags/example_task_group.py
[2023-11-14T07:58:47.985-0300] {logging_mixin.py:154} INFO - [2023-11-14T07:58:47.985-0300] {dag.py:2941} INFO - Sync 1 DAGs
[2023-11-14T07:58:48.000-0300] {logging_mixin.py:154} INFO - [2023-11-14T07:58:48.000-0300] {dag.py:3722} INFO - Setting next_dagrun for example_task_group to 2023-11-13T10:58:48.000568+00:00, run_after=2023-11-14T10:58:48.000568+00:00
[2023-11-14T07:58:48.029-0300] {processor.py:179} INFO - Processing /home/gmassoqueto/repos/apache-airflow-101/.venv/lib/python3.11/site-packages/airflow/example_dags/example_task_group.py took 0.082 seconds
[2023-11-14T07:59:35.637-0300] {processor.py:157} INFO - Started process (PID=287627) to work on /home/gmassoqueto/repos/apache-airflow-101/.venv/lib/python3.11/site-packages/airflow/example_dags/example_task_group.py
[2023-11-14T07:59:35.641-0300] {processor.py:829} INFO - Processing file /home/gmassoqueto/repos/apache-airflow-101/.venv/lib/python3.11/site-packages/airflow/example_dags/example_task_group.py for tasks to queue
[2023-11-14T07:59:35.642-0300] {logging_mixin.py:154} INFO - [2023-11-14T07:59:35.641-0300] {dagbag.py:536} INFO - Filling up the DagBag from /home/gmassoqueto/repos/apache-airflow-101/.venv/lib/python3.11/site-packages/airflow/example_dags/example_task_group.py
[2023-11-14T07:59:35.650-0300] {processor.py:839} INFO - DAG(s) dict_keys(['example_task_group']) retrieved from /home/gmassoqueto/repos/apache-airflow-101/.venv/lib/python3.11/site-packages/airflow/example_dags/example_task_group.py
[2023-11-14T07:59:35.670-0300] {logging_mixin.py:154} INFO - [2023-11-14T07:59:35.669-0300] {dag.py:2941} INFO - Sync 1 DAGs
[2023-11-14T07:59:35.692-0300] {logging_mixin.py:154} INFO - [2023-11-14T07:59:35.691-0300] {dag.py:3722} INFO - Setting next_dagrun for example_task_group to 2023-11-13T10:59:35.691582+00:00, run_after=2023-11-14T10:59:35.691582+00:00
[2023-11-14T07:59:35.714-0300] {processor.py:179} INFO - Processing /home/gmassoqueto/repos/apache-airflow-101/.venv/lib/python3.11/site-packages/airflow/example_dags/example_task_group.py took 0.080 seconds
[2023-11-14T08:00:12.347-0300] {processor.py:157} INFO - Started process (PID=287707) to work on /home/gmassoqueto/repos/apache-airflow-101/.venv/lib/python3.11/site-packages/airflow/example_dags/example_task_group.py
[2023-11-14T08:00:12.349-0300] {processor.py:829} INFO - Processing file /home/gmassoqueto/repos/apache-airflow-101/.venv/lib/python3.11/site-packages/airflow/example_dags/example_task_group.py for tasks to queue
[2023-11-14T08:00:12.350-0300] {logging_mixin.py:154} INFO - [2023-11-14T08:00:12.350-0300] {dagbag.py:536} INFO - Filling up the DagBag from /home/gmassoqueto/repos/apache-airflow-101/.venv/lib/python3.11/site-packages/airflow/example_dags/example_task_group.py
[2023-11-14T08:00:12.362-0300] {processor.py:839} INFO - DAG(s) dict_keys(['example_task_group']) retrieved from /home/gmassoqueto/repos/apache-airflow-101/.venv/lib/python3.11/site-packages/airflow/example_dags/example_task_group.py
[2023-11-14T08:00:12.377-0300] {logging_mixin.py:154} INFO - [2023-11-14T08:00:12.377-0300] {dag.py:2941} INFO - Sync 1 DAGs
[2023-11-14T08:00:12.392-0300] {logging_mixin.py:154} INFO - [2023-11-14T08:00:12.392-0300] {dag.py:3722} INFO - Setting next_dagrun for example_task_group to 2023-11-13T11:00:12.392452+00:00, run_after=2023-11-14T11:00:12.392452+00:00
[2023-11-14T08:00:12.408-0300] {processor.py:179} INFO - Processing /home/gmassoqueto/repos/apache-airflow-101/.venv/lib/python3.11/site-packages/airflow/example_dags/example_task_group.py took 0.070 seconds
[2023-11-14T08:00:47.957-0300] {processor.py:157} INFO - Started process (PID=287819) to work on /home/gmassoqueto/repos/apache-airflow-101/.venv/lib/python3.11/site-packages/airflow/example_dags/example_task_group.py
[2023-11-14T08:00:47.961-0300] {processor.py:829} INFO - Processing file /home/gmassoqueto/repos/apache-airflow-101/.venv/lib/python3.11/site-packages/airflow/example_dags/example_task_group.py for tasks to queue
[2023-11-14T08:00:47.963-0300] {logging_mixin.py:154} INFO - [2023-11-14T08:00:47.962-0300] {dagbag.py:536} INFO - Filling up the DagBag from /home/gmassoqueto/repos/apache-airflow-101/.venv/lib/python3.11/site-packages/airflow/example_dags/example_task_group.py
[2023-11-14T08:00:47.977-0300] {processor.py:839} INFO - DAG(s) dict_keys(['example_task_group']) retrieved from /home/gmassoqueto/repos/apache-airflow-101/.venv/lib/python3.11/site-packages/airflow/example_dags/example_task_group.py
[2023-11-14T08:00:47.997-0300] {logging_mixin.py:154} INFO - [2023-11-14T08:00:47.997-0300] {dag.py:2941} INFO - Sync 1 DAGs
[2023-11-14T08:00:48.018-0300] {logging_mixin.py:154} INFO - [2023-11-14T08:00:48.018-0300] {dag.py:3722} INFO - Setting next_dagrun for example_task_group to 2023-11-13T11:00:48.018065+00:00, run_after=2023-11-14T11:00:48.018065+00:00
[2023-11-14T08:00:48.041-0300] {processor.py:179} INFO - Processing /home/gmassoqueto/repos/apache-airflow-101/.venv/lib/python3.11/site-packages/airflow/example_dags/example_task_group.py took 0.090 seconds
[2023-11-14T08:01:34.665-0300] {processor.py:157} INFO - Started process (PID=288049) to work on /home/gmassoqueto/repos/apache-airflow-101/.venv/lib/python3.11/site-packages/airflow/example_dags/example_task_group.py
[2023-11-14T08:01:34.669-0300] {processor.py:829} INFO - Processing file /home/gmassoqueto/repos/apache-airflow-101/.venv/lib/python3.11/site-packages/airflow/example_dags/example_task_group.py for tasks to queue
[2023-11-14T08:01:34.670-0300] {logging_mixin.py:154} INFO - [2023-11-14T08:01:34.670-0300] {dagbag.py:536} INFO - Filling up the DagBag from /home/gmassoqueto/repos/apache-airflow-101/.venv/lib/python3.11/site-packages/airflow/example_dags/example_task_group.py
[2023-11-14T08:01:34.692-0300] {processor.py:839} INFO - DAG(s) dict_keys(['example_task_group']) retrieved from /home/gmassoqueto/repos/apache-airflow-101/.venv/lib/python3.11/site-packages/airflow/example_dags/example_task_group.py
[2023-11-14T08:01:34.713-0300] {logging_mixin.py:154} INFO - [2023-11-14T08:01:34.713-0300] {dag.py:2941} INFO - Sync 1 DAGs
[2023-11-14T08:01:34.729-0300] {logging_mixin.py:154} INFO - [2023-11-14T08:01:34.729-0300] {dag.py:3722} INFO - Setting next_dagrun for example_task_group to 2023-11-13T11:01:34.729050+00:00, run_after=2023-11-14T11:01:34.729050+00:00
[2023-11-14T08:01:34.746-0300] {processor.py:179} INFO - Processing /home/gmassoqueto/repos/apache-airflow-101/.venv/lib/python3.11/site-packages/airflow/example_dags/example_task_group.py took 0.084 seconds
[2023-11-14T08:02:23.470-0300] {processor.py:157} INFO - Started process (PID=288159) to work on /home/gmassoqueto/repos/apache-airflow-101/.venv/lib/python3.11/site-packages/airflow/example_dags/example_task_group.py
[2023-11-14T08:02:23.474-0300] {processor.py:829} INFO - Processing file /home/gmassoqueto/repos/apache-airflow-101/.venv/lib/python3.11/site-packages/airflow/example_dags/example_task_group.py for tasks to queue
[2023-11-14T08:02:23.475-0300] {logging_mixin.py:154} INFO - [2023-11-14T08:02:23.475-0300] {dagbag.py:536} INFO - Filling up the DagBag from /home/gmassoqueto/repos/apache-airflow-101/.venv/lib/python3.11/site-packages/airflow/example_dags/example_task_group.py
[2023-11-14T08:02:23.484-0300] {processor.py:839} INFO - DAG(s) dict_keys(['example_task_group']) retrieved from /home/gmassoqueto/repos/apache-airflow-101/.venv/lib/python3.11/site-packages/airflow/example_dags/example_task_group.py
[2023-11-14T08:02:23.498-0300] {logging_mixin.py:154} INFO - [2023-11-14T08:02:23.497-0300] {dag.py:2941} INFO - Sync 1 DAGs
[2023-11-14T08:02:23.513-0300] {logging_mixin.py:154} INFO - [2023-11-14T08:02:23.512-0300] {dag.py:3722} INFO - Setting next_dagrun for example_task_group to 2023-11-13T11:02:23.512727+00:00, run_after=2023-11-14T11:02:23.512727+00:00
[2023-11-14T08:02:23.531-0300] {processor.py:179} INFO - Processing /home/gmassoqueto/repos/apache-airflow-101/.venv/lib/python3.11/site-packages/airflow/example_dags/example_task_group.py took 0.066 seconds
[2023-11-14T08:03:11.545-0300] {processor.py:157} INFO - Started process (PID=288376) to work on /home/gmassoqueto/repos/apache-airflow-101/.venv/lib/python3.11/site-packages/airflow/example_dags/example_task_group.py
[2023-11-14T08:03:11.549-0300] {processor.py:829} INFO - Processing file /home/gmassoqueto/repos/apache-airflow-101/.venv/lib/python3.11/site-packages/airflow/example_dags/example_task_group.py for tasks to queue
[2023-11-14T08:03:11.549-0300] {logging_mixin.py:154} INFO - [2023-11-14T08:03:11.549-0300] {dagbag.py:536} INFO - Filling up the DagBag from /home/gmassoqueto/repos/apache-airflow-101/.venv/lib/python3.11/site-packages/airflow/example_dags/example_task_group.py
[2023-11-14T08:03:11.558-0300] {processor.py:839} INFO - DAG(s) dict_keys(['example_task_group']) retrieved from /home/gmassoqueto/repos/apache-airflow-101/.venv/lib/python3.11/site-packages/airflow/example_dags/example_task_group.py
[2023-11-14T08:03:11.575-0300] {logging_mixin.py:154} INFO - [2023-11-14T08:03:11.575-0300] {dag.py:2941} INFO - Sync 1 DAGs
[2023-11-14T08:03:11.591-0300] {logging_mixin.py:154} INFO - [2023-11-14T08:03:11.591-0300] {dag.py:3722} INFO - Setting next_dagrun for example_task_group to 2023-11-13T11:03:11.590859+00:00, run_after=2023-11-14T11:03:11.590859+00:00
[2023-11-14T08:03:11.607-0300] {processor.py:179} INFO - Processing /home/gmassoqueto/repos/apache-airflow-101/.venv/lib/python3.11/site-packages/airflow/example_dags/example_task_group.py took 0.065 seconds
[2023-11-14T08:03:59.688-0300] {processor.py:157} INFO - Started process (PID=288786) to work on /home/gmassoqueto/repos/apache-airflow-101/.venv/lib/python3.11/site-packages/airflow/example_dags/example_task_group.py
[2023-11-14T08:03:59.691-0300] {processor.py:829} INFO - Processing file /home/gmassoqueto/repos/apache-airflow-101/.venv/lib/python3.11/site-packages/airflow/example_dags/example_task_group.py for tasks to queue
[2023-11-14T08:03:59.694-0300] {logging_mixin.py:154} INFO - [2023-11-14T08:03:59.692-0300] {dagbag.py:536} INFO - Filling up the DagBag from /home/gmassoqueto/repos/apache-airflow-101/.venv/lib/python3.11/site-packages/airflow/example_dags/example_task_group.py
[2023-11-14T08:03:59.712-0300] {processor.py:839} INFO - DAG(s) dict_keys(['example_task_group']) retrieved from /home/gmassoqueto/repos/apache-airflow-101/.venv/lib/python3.11/site-packages/airflow/example_dags/example_task_group.py
[2023-11-14T08:03:59.733-0300] {logging_mixin.py:154} INFO - [2023-11-14T08:03:59.733-0300] {dag.py:2941} INFO - Sync 1 DAGs
[2023-11-14T08:03:59.751-0300] {logging_mixin.py:154} INFO - [2023-11-14T08:03:59.751-0300] {dag.py:3722} INFO - Setting next_dagrun for example_task_group to 2023-11-13T11:03:59.751320+00:00, run_after=2023-11-14T11:03:59.751320+00:00
[2023-11-14T08:03:59.780-0300] {processor.py:179} INFO - Processing /home/gmassoqueto/repos/apache-airflow-101/.venv/lib/python3.11/site-packages/airflow/example_dags/example_task_group.py took 0.099 seconds
[2023-11-14T08:04:34.231-0300] {processor.py:157} INFO - Started process (PID=288925) to work on /home/gmassoqueto/repos/apache-airflow-101/.venv/lib/python3.11/site-packages/airflow/example_dags/example_task_group.py
[2023-11-14T08:04:34.234-0300] {processor.py:829} INFO - Processing file /home/gmassoqueto/repos/apache-airflow-101/.venv/lib/python3.11/site-packages/airflow/example_dags/example_task_group.py for tasks to queue
[2023-11-14T08:04:34.237-0300] {logging_mixin.py:154} INFO - [2023-11-14T08:04:34.236-0300] {dagbag.py:536} INFO - Filling up the DagBag from /home/gmassoqueto/repos/apache-airflow-101/.venv/lib/python3.11/site-packages/airflow/example_dags/example_task_group.py
[2023-11-14T08:04:34.270-0300] {processor.py:839} INFO - DAG(s) dict_keys(['example_task_group']) retrieved from /home/gmassoqueto/repos/apache-airflow-101/.venv/lib/python3.11/site-packages/airflow/example_dags/example_task_group.py
[2023-11-14T08:04:34.305-0300] {logging_mixin.py:154} INFO - [2023-11-14T08:04:34.304-0300] {dag.py:2941} INFO - Sync 1 DAGs
[2023-11-14T08:04:34.331-0300] {logging_mixin.py:154} INFO - [2023-11-14T08:04:34.331-0300] {dag.py:3722} INFO - Setting next_dagrun for example_task_group to 2023-11-13T11:04:34.331156+00:00, run_after=2023-11-14T11:04:34.331156+00:00
[2023-11-14T08:04:34.359-0300] {processor.py:179} INFO - Processing /home/gmassoqueto/repos/apache-airflow-101/.venv/lib/python3.11/site-packages/airflow/example_dags/example_task_group.py took 0.135 seconds
[2023-11-14T08:05:09.260-0300] {processor.py:157} INFO - Started process (PID=289008) to work on /home/gmassoqueto/repos/apache-airflow-101/.venv/lib/python3.11/site-packages/airflow/example_dags/example_task_group.py
[2023-11-14T08:05:09.263-0300] {processor.py:829} INFO - Processing file /home/gmassoqueto/repos/apache-airflow-101/.venv/lib/python3.11/site-packages/airflow/example_dags/example_task_group.py for tasks to queue
[2023-11-14T08:05:09.265-0300] {logging_mixin.py:154} INFO - [2023-11-14T08:05:09.264-0300] {dagbag.py:536} INFO - Filling up the DagBag from /home/gmassoqueto/repos/apache-airflow-101/.venv/lib/python3.11/site-packages/airflow/example_dags/example_task_group.py
[2023-11-14T08:05:09.285-0300] {processor.py:839} INFO - DAG(s) dict_keys(['example_task_group']) retrieved from /home/gmassoqueto/repos/apache-airflow-101/.venv/lib/python3.11/site-packages/airflow/example_dags/example_task_group.py
[2023-11-14T08:05:09.303-0300] {logging_mixin.py:154} INFO - [2023-11-14T08:05:09.302-0300] {dag.py:2941} INFO - Sync 1 DAGs
[2023-11-14T08:05:09.317-0300] {logging_mixin.py:154} INFO - [2023-11-14T08:05:09.317-0300] {dag.py:3722} INFO - Setting next_dagrun for example_task_group to 2023-11-13T11:05:09.317474+00:00, run_after=2023-11-14T11:05:09.317474+00:00
[2023-11-14T08:05:09.332-0300] {processor.py:179} INFO - Processing /home/gmassoqueto/repos/apache-airflow-101/.venv/lib/python3.11/site-packages/airflow/example_dags/example_task_group.py took 0.080 seconds
[2023-11-14T08:05:57.878-0300] {processor.py:157} INFO - Started process (PID=289132) to work on /home/gmassoqueto/repos/apache-airflow-101/.venv/lib/python3.11/site-packages/airflow/example_dags/example_task_group.py
[2023-11-14T08:05:57.882-0300] {processor.py:829} INFO - Processing file /home/gmassoqueto/repos/apache-airflow-101/.venv/lib/python3.11/site-packages/airflow/example_dags/example_task_group.py for tasks to queue
[2023-11-14T08:05:57.884-0300] {logging_mixin.py:154} INFO - [2023-11-14T08:05:57.883-0300] {dagbag.py:536} INFO - Filling up the DagBag from /home/gmassoqueto/repos/apache-airflow-101/.venv/lib/python3.11/site-packages/airflow/example_dags/example_task_group.py
[2023-11-14T08:05:57.905-0300] {processor.py:839} INFO - DAG(s) dict_keys(['example_task_group']) retrieved from /home/gmassoqueto/repos/apache-airflow-101/.venv/lib/python3.11/site-packages/airflow/example_dags/example_task_group.py
[2023-11-14T08:05:57.931-0300] {logging_mixin.py:154} INFO - [2023-11-14T08:05:57.931-0300] {dag.py:2941} INFO - Sync 1 DAGs
[2023-11-14T08:05:57.947-0300] {logging_mixin.py:154} INFO - [2023-11-14T08:05:57.947-0300] {dag.py:3722} INFO - Setting next_dagrun for example_task_group to 2023-11-13T11:05:57.947435+00:00, run_after=2023-11-14T11:05:57.947435+00:00
[2023-11-14T08:05:57.966-0300] {processor.py:179} INFO - Processing /home/gmassoqueto/repos/apache-airflow-101/.venv/lib/python3.11/site-packages/airflow/example_dags/example_task_group.py took 0.091 seconds
[2023-11-14T08:06:45.941-0300] {processor.py:157} INFO - Started process (PID=289259) to work on /home/gmassoqueto/repos/apache-airflow-101/.venv/lib/python3.11/site-packages/airflow/example_dags/example_task_group.py
[2023-11-14T08:06:45.945-0300] {processor.py:829} INFO - Processing file /home/gmassoqueto/repos/apache-airflow-101/.venv/lib/python3.11/site-packages/airflow/example_dags/example_task_group.py for tasks to queue
[2023-11-14T08:06:45.946-0300] {logging_mixin.py:154} INFO - [2023-11-14T08:06:45.945-0300] {dagbag.py:536} INFO - Filling up the DagBag from /home/gmassoqueto/repos/apache-airflow-101/.venv/lib/python3.11/site-packages/airflow/example_dags/example_task_group.py
[2023-11-14T08:06:45.956-0300] {processor.py:839} INFO - DAG(s) dict_keys(['example_task_group']) retrieved from /home/gmassoqueto/repos/apache-airflow-101/.venv/lib/python3.11/site-packages/airflow/example_dags/example_task_group.py
[2023-11-14T08:06:45.975-0300] {logging_mixin.py:154} INFO - [2023-11-14T08:06:45.975-0300] {dag.py:2941} INFO - Sync 1 DAGs
[2023-11-14T08:06:45.996-0300] {logging_mixin.py:154} INFO - [2023-11-14T08:06:45.996-0300] {dag.py:3722} INFO - Setting next_dagrun for example_task_group to 2023-11-13T11:06:45.996275+00:00, run_after=2023-11-14T11:06:45.996275+00:00
[2023-11-14T08:06:46.019-0300] {processor.py:179} INFO - Processing /home/gmassoqueto/repos/apache-airflow-101/.venv/lib/python3.11/site-packages/airflow/example_dags/example_task_group.py took 0.082 seconds
[2023-11-14T08:07:32.925-0300] {processor.py:157} INFO - Started process (PID=289451) to work on /home/gmassoqueto/repos/apache-airflow-101/.venv/lib/python3.11/site-packages/airflow/example_dags/example_task_group.py
[2023-11-14T08:07:32.929-0300] {processor.py:829} INFO - Processing file /home/gmassoqueto/repos/apache-airflow-101/.venv/lib/python3.11/site-packages/airflow/example_dags/example_task_group.py for tasks to queue
[2023-11-14T08:07:32.930-0300] {logging_mixin.py:154} INFO - [2023-11-14T08:07:32.930-0300] {dagbag.py:536} INFO - Filling up the DagBag from /home/gmassoqueto/repos/apache-airflow-101/.venv/lib/python3.11/site-packages/airflow/example_dags/example_task_group.py
[2023-11-14T08:07:32.941-0300] {processor.py:839} INFO - DAG(s) dict_keys(['example_task_group']) retrieved from /home/gmassoqueto/repos/apache-airflow-101/.venv/lib/python3.11/site-packages/airflow/example_dags/example_task_group.py
[2023-11-14T08:07:32.959-0300] {logging_mixin.py:154} INFO - [2023-11-14T08:07:32.959-0300] {dag.py:2941} INFO - Sync 1 DAGs
[2023-11-14T08:07:32.980-0300] {logging_mixin.py:154} INFO - [2023-11-14T08:07:32.979-0300] {dag.py:3722} INFO - Setting next_dagrun for example_task_group to 2023-11-13T11:07:32.979760+00:00, run_after=2023-11-14T11:07:32.979760+00:00
[2023-11-14T08:07:33.007-0300] {processor.py:179} INFO - Processing /home/gmassoqueto/repos/apache-airflow-101/.venv/lib/python3.11/site-packages/airflow/example_dags/example_task_group.py took 0.085 seconds
[2023-11-14T08:08:12.264-0300] {processor.py:157} INFO - Started process (PID=289659) to work on /home/gmassoqueto/repos/apache-airflow-101/.venv/lib/python3.11/site-packages/airflow/example_dags/example_task_group.py
[2023-11-14T08:08:12.268-0300] {processor.py:829} INFO - Processing file /home/gmassoqueto/repos/apache-airflow-101/.venv/lib/python3.11/site-packages/airflow/example_dags/example_task_group.py for tasks to queue
[2023-11-14T08:08:12.270-0300] {logging_mixin.py:154} INFO - [2023-11-14T08:08:12.269-0300] {dagbag.py:536} INFO - Filling up the DagBag from /home/gmassoqueto/repos/apache-airflow-101/.venv/lib/python3.11/site-packages/airflow/example_dags/example_task_group.py
[2023-11-14T08:08:12.295-0300] {processor.py:839} INFO - DAG(s) dict_keys(['example_task_group']) retrieved from /home/gmassoqueto/repos/apache-airflow-101/.venv/lib/python3.11/site-packages/airflow/example_dags/example_task_group.py
[2023-11-14T08:08:12.304-0300] {logging_mixin.py:154} INFO - [2023-11-14T08:08:12.304-0300] {dag.py:2941} INFO - Sync 1 DAGs
[2023-11-14T08:08:12.315-0300] {logging_mixin.py:154} INFO - [2023-11-14T08:08:12.315-0300] {dag.py:2963} INFO - Creating ORM DAG for example_task_group
[2023-11-14T08:08:12.323-0300] {logging_mixin.py:154} INFO - [2023-11-14T08:08:12.323-0300] {dag.py:3722} INFO - Setting next_dagrun for example_task_group to 2023-11-13T11:08:12.323230+00:00, run_after=2023-11-14T11:08:12.323230+00:00
[2023-11-14T08:08:12.339-0300] {processor.py:179} INFO - Processing /home/gmassoqueto/repos/apache-airflow-101/.venv/lib/python3.11/site-packages/airflow/example_dags/example_task_group.py took 0.078 seconds
[2023-11-14T08:09:51.199-0300] {processor.py:157} INFO - Started process (PID=290265) to work on /home/gmassoqueto/repos/apache-airflow-101/.venv/lib/python3.11/site-packages/airflow/example_dags/example_task_group.py
[2023-11-14T08:09:51.203-0300] {processor.py:829} INFO - Processing file /home/gmassoqueto/repos/apache-airflow-101/.venv/lib/python3.11/site-packages/airflow/example_dags/example_task_group.py for tasks to queue
[2023-11-14T08:09:51.203-0300] {logging_mixin.py:154} INFO - [2023-11-14T08:09:51.203-0300] {dagbag.py:536} INFO - Filling up the DagBag from /home/gmassoqueto/repos/apache-airflow-101/.venv/lib/python3.11/site-packages/airflow/example_dags/example_task_group.py
[2023-11-14T08:09:51.218-0300] {processor.py:839} INFO - DAG(s) dict_keys(['example_task_group']) retrieved from /home/gmassoqueto/repos/apache-airflow-101/.venv/lib/python3.11/site-packages/airflow/example_dags/example_task_group.py
[2023-11-14T08:09:51.227-0300] {logging_mixin.py:154} INFO - [2023-11-14T08:09:51.227-0300] {dag.py:2941} INFO - Sync 1 DAGs
[2023-11-14T08:09:51.249-0300] {logging_mixin.py:154} INFO - [2023-11-14T08:09:51.249-0300] {dag.py:3722} INFO - Setting next_dagrun for example_task_group to 2023-11-13T11:09:51.249012+00:00, run_after=2023-11-14T11:09:51.249012+00:00
[2023-11-14T08:09:51.276-0300] {processor.py:179} INFO - Processing /home/gmassoqueto/repos/apache-airflow-101/.venv/lib/python3.11/site-packages/airflow/example_dags/example_task_group.py took 0.080 seconds
[2023-11-14T08:10:40.395-0300] {processor.py:157} INFO - Started process (PID=291048) to work on /home/gmassoqueto/repos/apache-airflow-101/.venv/lib/python3.11/site-packages/airflow/example_dags/example_task_group.py
[2023-11-14T08:10:40.400-0300] {processor.py:829} INFO - Processing file /home/gmassoqueto/repos/apache-airflow-101/.venv/lib/python3.11/site-packages/airflow/example_dags/example_task_group.py for tasks to queue
[2023-11-14T08:10:40.402-0300] {logging_mixin.py:154} INFO - [2023-11-14T08:10:40.401-0300] {dagbag.py:536} INFO - Filling up the DagBag from /home/gmassoqueto/repos/apache-airflow-101/.venv/lib/python3.11/site-packages/airflow/example_dags/example_task_group.py
[2023-11-14T08:10:40.422-0300] {processor.py:839} INFO - DAG(s) dict_keys(['example_task_group']) retrieved from /home/gmassoqueto/repos/apache-airflow-101/.venv/lib/python3.11/site-packages/airflow/example_dags/example_task_group.py
[2023-11-14T08:10:40.441-0300] {logging_mixin.py:154} INFO - [2023-11-14T08:10:40.441-0300] {dag.py:2941} INFO - Sync 1 DAGs
[2023-11-14T08:10:40.457-0300] {logging_mixin.py:154} INFO - [2023-11-14T08:10:40.457-0300] {dag.py:3722} INFO - Setting next_dagrun for example_task_group to 2023-11-13T11:10:40.457656+00:00, run_after=2023-11-14T11:10:40.457656+00:00
[2023-11-14T08:10:40.479-0300] {processor.py:179} INFO - Processing /home/gmassoqueto/repos/apache-airflow-101/.venv/lib/python3.11/site-packages/airflow/example_dags/example_task_group.py took 0.092 seconds
[2023-11-14T08:11:26.956-0300] {processor.py:157} INFO - Started process (PID=291172) to work on /home/gmassoqueto/repos/apache-airflow-101/.venv/lib/python3.11/site-packages/airflow/example_dags/example_task_group.py
[2023-11-14T08:11:27.042-0300] {processor.py:829} INFO - Processing file /home/gmassoqueto/repos/apache-airflow-101/.venv/lib/python3.11/site-packages/airflow/example_dags/example_task_group.py for tasks to queue
[2023-11-14T08:11:27.044-0300] {logging_mixin.py:154} INFO - [2023-11-14T08:11:27.043-0300] {dagbag.py:536} INFO - Filling up the DagBag from /home/gmassoqueto/repos/apache-airflow-101/.venv/lib/python3.11/site-packages/airflow/example_dags/example_task_group.py
[2023-11-14T08:11:27.066-0300] {processor.py:839} INFO - DAG(s) dict_keys(['example_task_group']) retrieved from /home/gmassoqueto/repos/apache-airflow-101/.venv/lib/python3.11/site-packages/airflow/example_dags/example_task_group.py
[2023-11-14T08:11:27.090-0300] {logging_mixin.py:154} INFO - [2023-11-14T08:11:27.089-0300] {dag.py:2941} INFO - Sync 1 DAGs
[2023-11-14T08:11:27.105-0300] {logging_mixin.py:154} INFO - [2023-11-14T08:11:27.105-0300] {dag.py:3722} INFO - Setting next_dagrun for example_task_group to 2023-11-13T11:11:27.105345+00:00, run_after=2023-11-14T11:11:27.105345+00:00
[2023-11-14T08:11:27.121-0300] {processor.py:179} INFO - Processing /home/gmassoqueto/repos/apache-airflow-101/.venv/lib/python3.11/site-packages/airflow/example_dags/example_task_group.py took 0.171 seconds
[2023-11-14T08:12:12.336-0300] {processor.py:157} INFO - Started process (PID=291332) to work on /home/gmassoqueto/repos/apache-airflow-101/.venv/lib/python3.11/site-packages/airflow/example_dags/example_task_group.py
[2023-11-14T08:12:12.340-0300] {processor.py:829} INFO - Processing file /home/gmassoqueto/repos/apache-airflow-101/.venv/lib/python3.11/site-packages/airflow/example_dags/example_task_group.py for tasks to queue
[2023-11-14T08:12:12.340-0300] {logging_mixin.py:154} INFO - [2023-11-14T08:12:12.340-0300] {dagbag.py:536} INFO - Filling up the DagBag from /home/gmassoqueto/repos/apache-airflow-101/.venv/lib/python3.11/site-packages/airflow/example_dags/example_task_group.py
[2023-11-14T08:12:12.347-0300] {processor.py:839} INFO - DAG(s) dict_keys(['example_task_group']) retrieved from /home/gmassoqueto/repos/apache-airflow-101/.venv/lib/python3.11/site-packages/airflow/example_dags/example_task_group.py
[2023-11-14T08:12:12.353-0300] {logging_mixin.py:154} INFO - [2023-11-14T08:12:12.353-0300] {dag.py:2941} INFO - Sync 1 DAGs
[2023-11-14T08:12:12.369-0300] {logging_mixin.py:154} INFO - [2023-11-14T08:12:12.369-0300] {dag.py:3722} INFO - Setting next_dagrun for example_task_group to 2023-11-13T11:12:12.369230+00:00, run_after=2023-11-14T11:12:12.369230+00:00
[2023-11-14T08:12:12.395-0300] {processor.py:179} INFO - Processing /home/gmassoqueto/repos/apache-airflow-101/.venv/lib/python3.11/site-packages/airflow/example_dags/example_task_group.py took 0.061 seconds
[2023-11-14T08:12:58.300-0300] {processor.py:157} INFO - Started process (PID=291575) to work on /home/gmassoqueto/repos/apache-airflow-101/.venv/lib/python3.11/site-packages/airflow/example_dags/example_task_group.py
[2023-11-14T08:12:58.304-0300] {processor.py:829} INFO - Processing file /home/gmassoqueto/repos/apache-airflow-101/.venv/lib/python3.11/site-packages/airflow/example_dags/example_task_group.py for tasks to queue
[2023-11-14T08:12:58.304-0300] {logging_mixin.py:154} INFO - [2023-11-14T08:12:58.304-0300] {dagbag.py:536} INFO - Filling up the DagBag from /home/gmassoqueto/repos/apache-airflow-101/.venv/lib/python3.11/site-packages/airflow/example_dags/example_task_group.py
[2023-11-14T08:12:58.312-0300] {processor.py:839} INFO - DAG(s) dict_keys(['example_task_group']) retrieved from /home/gmassoqueto/repos/apache-airflow-101/.venv/lib/python3.11/site-packages/airflow/example_dags/example_task_group.py
[2023-11-14T08:12:58.327-0300] {logging_mixin.py:154} INFO - [2023-11-14T08:12:58.327-0300] {dag.py:2941} INFO - Sync 1 DAGs
[2023-11-14T08:12:58.343-0300] {logging_mixin.py:154} INFO - [2023-11-14T08:12:58.343-0300] {dag.py:3722} INFO - Setting next_dagrun for example_task_group to 2023-11-13T11:12:58.342992+00:00, run_after=2023-11-14T11:12:58.342992+00:00
[2023-11-14T08:12:58.359-0300] {processor.py:179} INFO - Processing /home/gmassoqueto/repos/apache-airflow-101/.venv/lib/python3.11/site-packages/airflow/example_dags/example_task_group.py took 0.061 seconds
[2023-11-14T08:13:33.224-0300] {processor.py:157} INFO - Started process (PID=291637) to work on /home/gmassoqueto/repos/apache-airflow-101/.venv/lib/python3.11/site-packages/airflow/example_dags/example_task_group.py
[2023-11-14T08:13:33.226-0300] {processor.py:829} INFO - Processing file /home/gmassoqueto/repos/apache-airflow-101/.venv/lib/python3.11/site-packages/airflow/example_dags/example_task_group.py for tasks to queue
[2023-11-14T08:13:33.226-0300] {logging_mixin.py:154} INFO - [2023-11-14T08:13:33.226-0300] {dagbag.py:536} INFO - Filling up the DagBag from /home/gmassoqueto/repos/apache-airflow-101/.venv/lib/python3.11/site-packages/airflow/example_dags/example_task_group.py
[2023-11-14T08:13:33.236-0300] {processor.py:839} INFO - DAG(s) dict_keys(['example_task_group']) retrieved from /home/gmassoqueto/repos/apache-airflow-101/.venv/lib/python3.11/site-packages/airflow/example_dags/example_task_group.py
[2023-11-14T08:13:33.254-0300] {logging_mixin.py:154} INFO - [2023-11-14T08:13:33.254-0300] {dag.py:2941} INFO - Sync 1 DAGs
[2023-11-14T08:13:33.273-0300] {logging_mixin.py:154} INFO - [2023-11-14T08:13:33.272-0300] {dag.py:3722} INFO - Setting next_dagrun for example_task_group to 2023-11-13T11:13:33.272694+00:00, run_after=2023-11-14T11:13:33.272694+00:00
[2023-11-14T08:13:33.290-0300] {processor.py:179} INFO - Processing /home/gmassoqueto/repos/apache-airflow-101/.venv/lib/python3.11/site-packages/airflow/example_dags/example_task_group.py took 0.069 seconds
[2023-11-14T08:14:20.033-0300] {processor.py:157} INFO - Started process (PID=291726) to work on /home/gmassoqueto/repos/apache-airflow-101/.venv/lib/python3.11/site-packages/airflow/example_dags/example_task_group.py
[2023-11-14T08:14:20.037-0300] {processor.py:829} INFO - Processing file /home/gmassoqueto/repos/apache-airflow-101/.venv/lib/python3.11/site-packages/airflow/example_dags/example_task_group.py for tasks to queue
[2023-11-14T08:14:20.038-0300] {logging_mixin.py:154} INFO - [2023-11-14T08:14:20.037-0300] {dagbag.py:536} INFO - Filling up the DagBag from /home/gmassoqueto/repos/apache-airflow-101/.venv/lib/python3.11/site-packages/airflow/example_dags/example_task_group.py
[2023-11-14T08:14:20.048-0300] {processor.py:839} INFO - DAG(s) dict_keys(['example_task_group']) retrieved from /home/gmassoqueto/repos/apache-airflow-101/.venv/lib/python3.11/site-packages/airflow/example_dags/example_task_group.py
[2023-11-14T08:14:20.067-0300] {logging_mixin.py:154} INFO - [2023-11-14T08:14:20.067-0300] {dag.py:2941} INFO - Sync 1 DAGs
[2023-11-14T08:14:20.088-0300] {logging_mixin.py:154} INFO - [2023-11-14T08:14:20.088-0300] {dag.py:3722} INFO - Setting next_dagrun for example_task_group to 2023-11-13T11:14:20.088440+00:00, run_after=2023-11-14T11:14:20.088440+00:00
[2023-11-14T08:14:20.115-0300] {processor.py:179} INFO - Processing /home/gmassoqueto/repos/apache-airflow-101/.venv/lib/python3.11/site-packages/airflow/example_dags/example_task_group.py took 0.085 seconds
[2023-11-14T08:15:07.180-0300] {processor.py:157} INFO - Started process (PID=291883) to work on /home/gmassoqueto/repos/apache-airflow-101/.venv/lib/python3.11/site-packages/airflow/example_dags/example_task_group.py
[2023-11-14T08:15:07.183-0300] {processor.py:829} INFO - Processing file /home/gmassoqueto/repos/apache-airflow-101/.venv/lib/python3.11/site-packages/airflow/example_dags/example_task_group.py for tasks to queue
[2023-11-14T08:15:07.184-0300] {logging_mixin.py:154} INFO - [2023-11-14T08:15:07.184-0300] {dagbag.py:536} INFO - Filling up the DagBag from /home/gmassoqueto/repos/apache-airflow-101/.venv/lib/python3.11/site-packages/airflow/example_dags/example_task_group.py
[2023-11-14T08:15:07.193-0300] {processor.py:839} INFO - DAG(s) dict_keys(['example_task_group']) retrieved from /home/gmassoqueto/repos/apache-airflow-101/.venv/lib/python3.11/site-packages/airflow/example_dags/example_task_group.py
[2023-11-14T08:15:07.213-0300] {logging_mixin.py:154} INFO - [2023-11-14T08:15:07.213-0300] {dag.py:2941} INFO - Sync 1 DAGs
[2023-11-14T08:15:07.230-0300] {logging_mixin.py:154} INFO - [2023-11-14T08:15:07.230-0300] {dag.py:3722} INFO - Setting next_dagrun for example_task_group to 2023-11-13T11:15:07.230524+00:00, run_after=2023-11-14T11:15:07.230524+00:00
[2023-11-14T08:15:07.255-0300] {processor.py:179} INFO - Processing /home/gmassoqueto/repos/apache-airflow-101/.venv/lib/python3.11/site-packages/airflow/example_dags/example_task_group.py took 0.078 seconds
[2023-11-14T08:15:54.596-0300] {processor.py:157} INFO - Started process (PID=291971) to work on /home/gmassoqueto/repos/apache-airflow-101/.venv/lib/python3.11/site-packages/airflow/example_dags/example_task_group.py
[2023-11-14T08:15:54.600-0300] {processor.py:829} INFO - Processing file /home/gmassoqueto/repos/apache-airflow-101/.venv/lib/python3.11/site-packages/airflow/example_dags/example_task_group.py for tasks to queue
[2023-11-14T08:15:54.602-0300] {logging_mixin.py:154} INFO - [2023-11-14T08:15:54.602-0300] {dagbag.py:536} INFO - Filling up the DagBag from /home/gmassoqueto/repos/apache-airflow-101/.venv/lib/python3.11/site-packages/airflow/example_dags/example_task_group.py
[2023-11-14T08:15:54.621-0300] {processor.py:839} INFO - DAG(s) dict_keys(['example_task_group']) retrieved from /home/gmassoqueto/repos/apache-airflow-101/.venv/lib/python3.11/site-packages/airflow/example_dags/example_task_group.py
[2023-11-14T08:15:54.638-0300] {logging_mixin.py:154} INFO - [2023-11-14T08:15:54.638-0300] {dag.py:2941} INFO - Sync 1 DAGs
[2023-11-14T08:15:54.653-0300] {logging_mixin.py:154} INFO - [2023-11-14T08:15:54.653-0300] {dag.py:3722} INFO - Setting next_dagrun for example_task_group to 2023-11-13T11:15:54.652923+00:00, run_after=2023-11-14T11:15:54.652923+00:00
[2023-11-14T08:15:54.669-0300] {processor.py:179} INFO - Processing /home/gmassoqueto/repos/apache-airflow-101/.venv/lib/python3.11/site-packages/airflow/example_dags/example_task_group.py took 0.080 seconds
[2023-11-14T08:16:43.290-0300] {processor.py:157} INFO - Started process (PID=292051) to work on /home/gmassoqueto/repos/apache-airflow-101/.venv/lib/python3.11/site-packages/airflow/example_dags/example_task_group.py
[2023-11-14T08:16:43.294-0300] {processor.py:829} INFO - Processing file /home/gmassoqueto/repos/apache-airflow-101/.venv/lib/python3.11/site-packages/airflow/example_dags/example_task_group.py for tasks to queue
[2023-11-14T08:16:43.295-0300] {logging_mixin.py:154} INFO - [2023-11-14T08:16:43.295-0300] {dagbag.py:536} INFO - Filling up the DagBag from /home/gmassoqueto/repos/apache-airflow-101/.venv/lib/python3.11/site-packages/airflow/example_dags/example_task_group.py
[2023-11-14T08:16:43.304-0300] {processor.py:839} INFO - DAG(s) dict_keys(['example_task_group']) retrieved from /home/gmassoqueto/repos/apache-airflow-101/.venv/lib/python3.11/site-packages/airflow/example_dags/example_task_group.py
[2023-11-14T08:16:43.321-0300] {logging_mixin.py:154} INFO - [2023-11-14T08:16:43.321-0300] {dag.py:2941} INFO - Sync 1 DAGs
[2023-11-14T08:16:43.338-0300] {logging_mixin.py:154} INFO - [2023-11-14T08:16:43.338-0300] {dag.py:3722} INFO - Setting next_dagrun for example_task_group to 2023-11-13T11:16:43.338389+00:00, run_after=2023-11-14T11:16:43.338389+00:00
[2023-11-14T08:16:43.357-0300] {processor.py:179} INFO - Processing /home/gmassoqueto/repos/apache-airflow-101/.venv/lib/python3.11/site-packages/airflow/example_dags/example_task_group.py took 0.069 seconds
[2023-11-14T08:17:17.174-0300] {processor.py:157} INFO - Started process (PID=292111) to work on /home/gmassoqueto/repos/apache-airflow-101/.venv/lib/python3.11/site-packages/airflow/example_dags/example_task_group.py
[2023-11-14T08:17:17.178-0300] {processor.py:829} INFO - Processing file /home/gmassoqueto/repos/apache-airflow-101/.venv/lib/python3.11/site-packages/airflow/example_dags/example_task_group.py for tasks to queue
[2023-11-14T08:17:17.178-0300] {logging_mixin.py:154} INFO - [2023-11-14T08:17:17.178-0300] {dagbag.py:536} INFO - Filling up the DagBag from /home/gmassoqueto/repos/apache-airflow-101/.venv/lib/python3.11/site-packages/airflow/example_dags/example_task_group.py
[2023-11-14T08:17:17.186-0300] {processor.py:839} INFO - DAG(s) dict_keys(['example_task_group']) retrieved from /home/gmassoqueto/repos/apache-airflow-101/.venv/lib/python3.11/site-packages/airflow/example_dags/example_task_group.py
[2023-11-14T08:17:17.204-0300] {logging_mixin.py:154} INFO - [2023-11-14T08:17:17.204-0300] {dag.py:2941} INFO - Sync 1 DAGs
[2023-11-14T08:17:17.219-0300] {logging_mixin.py:154} INFO - [2023-11-14T08:17:17.219-0300] {dag.py:3722} INFO - Setting next_dagrun for example_task_group to 2023-11-13T11:17:17.219444+00:00, run_after=2023-11-14T11:17:17.219444+00:00
[2023-11-14T08:17:17.235-0300] {processor.py:179} INFO - Processing /home/gmassoqueto/repos/apache-airflow-101/.venv/lib/python3.11/site-packages/airflow/example_dags/example_task_group.py took 0.064 seconds
[2023-11-14T08:18:04.799-0300] {processor.py:157} INFO - Started process (PID=292217) to work on /home/gmassoqueto/repos/apache-airflow-101/.venv/lib/python3.11/site-packages/airflow/example_dags/example_task_group.py
[2023-11-14T08:18:04.803-0300] {processor.py:829} INFO - Processing file /home/gmassoqueto/repos/apache-airflow-101/.venv/lib/python3.11/site-packages/airflow/example_dags/example_task_group.py for tasks to queue
[2023-11-14T08:18:04.804-0300] {logging_mixin.py:154} INFO - [2023-11-14T08:18:04.804-0300] {dagbag.py:536} INFO - Filling up the DagBag from /home/gmassoqueto/repos/apache-airflow-101/.venv/lib/python3.11/site-packages/airflow/example_dags/example_task_group.py
[2023-11-14T08:18:04.813-0300] {processor.py:839} INFO - DAG(s) dict_keys(['example_task_group']) retrieved from /home/gmassoqueto/repos/apache-airflow-101/.venv/lib/python3.11/site-packages/airflow/example_dags/example_task_group.py
[2023-11-14T08:18:04.831-0300] {logging_mixin.py:154} INFO - [2023-11-14T08:18:04.831-0300] {dag.py:2941} INFO - Sync 1 DAGs
[2023-11-14T08:18:04.847-0300] {logging_mixin.py:154} INFO - [2023-11-14T08:18:04.847-0300] {dag.py:3722} INFO - Setting next_dagrun for example_task_group to 2023-11-13T11:18:04.846885+00:00, run_after=2023-11-14T11:18:04.846885+00:00
[2023-11-14T08:18:04.865-0300] {processor.py:179} INFO - Processing /home/gmassoqueto/repos/apache-airflow-101/.venv/lib/python3.11/site-packages/airflow/example_dags/example_task_group.py took 0.069 seconds
