[2023-11-14T07:03:31.444-0300] {processor.py:157} INFO - Started process (PID=284770) to work on /home/gmassoqueto/repos/apache-airflow-101/.venv/lib/python3.11/site-packages/airflow/example_dags/example_sla_dag.py
[2023-11-14T07:03:31.444-0300] {processor.py:829} INFO - Processing file /home/gmassoqueto/repos/apache-airflow-101/.venv/lib/python3.11/site-packages/airflow/example_dags/example_sla_dag.py for tasks to queue
[2023-11-14T07:03:31.445-0300] {logging_mixin.py:154} INFO - [2023-11-14T07:03:31.445-0300] {dagbag.py:536} INFO - Filling up the DagBag from /home/gmassoqueto/repos/apache-airflow-101/.venv/lib/python3.11/site-packages/airflow/example_dags/example_sla_dag.py
[2023-11-14T07:03:31.451-0300] {processor.py:839} INFO - DAG(s) dict_keys(['example_sla_dag']) retrieved from /home/gmassoqueto/repos/apache-airflow-101/.venv/lib/python3.11/site-packages/airflow/example_dags/example_sla_dag.py
[2023-11-14T07:03:31.456-0300] {logging_mixin.py:154} INFO - [2023-11-14T07:03:31.456-0300] {dag.py:2941} INFO - Sync 1 DAGs
[2023-11-14T07:03:31.475-0300] {logging_mixin.py:154} INFO - [2023-11-14T07:03:31.475-0300] {dag.py:3722} INFO - Setting next_dagrun for example_sla_dag to 2023-11-14T10:00:00+00:00, run_after=2023-11-14T10:02:00+00:00
[2023-11-14T07:03:31.502-0300] {processor.py:179} INFO - Processing /home/gmassoqueto/repos/apache-airflow-101/.venv/lib/python3.11/site-packages/airflow/example_dags/example_sla_dag.py took 0.059 seconds
[2023-11-14T07:57:26.508-0300] {processor.py:157} INFO - Started process (PID=287220) to work on /home/gmassoqueto/repos/apache-airflow-101/.venv/lib/python3.11/site-packages/airflow/example_dags/example_sla_dag.py
[2023-11-14T07:57:26.512-0300] {processor.py:829} INFO - Processing file /home/gmassoqueto/repos/apache-airflow-101/.venv/lib/python3.11/site-packages/airflow/example_dags/example_sla_dag.py for tasks to queue
[2023-11-14T07:57:26.513-0300] {logging_mixin.py:154} INFO - [2023-11-14T07:57:26.512-0300] {dagbag.py:536} INFO - Filling up the DagBag from /home/gmassoqueto/repos/apache-airflow-101/.venv/lib/python3.11/site-packages/airflow/example_dags/example_sla_dag.py
[2023-11-14T07:57:26.521-0300] {processor.py:839} INFO - DAG(s) dict_keys(['example_sla_dag']) retrieved from /home/gmassoqueto/repos/apache-airflow-101/.venv/lib/python3.11/site-packages/airflow/example_dags/example_sla_dag.py
[2023-11-14T07:57:26.528-0300] {logging_mixin.py:154} INFO - [2023-11-14T07:57:26.528-0300] {dag.py:2941} INFO - Sync 1 DAGs
[2023-11-14T07:57:26.555-0300] {logging_mixin.py:154} INFO - [2023-11-14T07:57:26.555-0300] {dag.py:3722} INFO - Setting next_dagrun for example_sla_dag to 2023-11-14T10:54:00+00:00, run_after=2023-11-14T10:56:00+00:00
[2023-11-14T07:57:26.573-0300] {processor.py:179} INFO - Processing /home/gmassoqueto/repos/apache-airflow-101/.venv/lib/python3.11/site-packages/airflow/example_dags/example_sla_dag.py took 0.067 seconds
[2023-11-14T07:58:12.982-0300] {processor.py:157} INFO - Started process (PID=287406) to work on /home/gmassoqueto/repos/apache-airflow-101/.venv/lib/python3.11/site-packages/airflow/example_dags/example_sla_dag.py
[2023-11-14T07:58:12.986-0300] {processor.py:829} INFO - Processing file /home/gmassoqueto/repos/apache-airflow-101/.venv/lib/python3.11/site-packages/airflow/example_dags/example_sla_dag.py for tasks to queue
[2023-11-14T07:58:12.987-0300] {logging_mixin.py:154} INFO - [2023-11-14T07:58:12.987-0300] {dagbag.py:536} INFO - Filling up the DagBag from /home/gmassoqueto/repos/apache-airflow-101/.venv/lib/python3.11/site-packages/airflow/example_dags/example_sla_dag.py
[2023-11-14T07:58:12.996-0300] {processor.py:839} INFO - DAG(s) dict_keys(['example_sla_dag']) retrieved from /home/gmassoqueto/repos/apache-airflow-101/.venv/lib/python3.11/site-packages/airflow/example_dags/example_sla_dag.py
[2023-11-14T07:58:13.012-0300] {logging_mixin.py:154} INFO - [2023-11-14T07:58:13.011-0300] {dag.py:2941} INFO - Sync 1 DAGs
[2023-11-14T07:58:13.030-0300] {logging_mixin.py:154} INFO - [2023-11-14T07:58:13.030-0300] {dag.py:3722} INFO - Setting next_dagrun for example_sla_dag to 2023-11-14T10:56:00+00:00, run_after=2023-11-14T10:58:00+00:00
[2023-11-14T07:58:13.047-0300] {processor.py:179} INFO - Processing /home/gmassoqueto/repos/apache-airflow-101/.venv/lib/python3.11/site-packages/airflow/example_dags/example_sla_dag.py took 0.067 seconds
[2023-11-14T07:58:58.382-0300] {processor.py:157} INFO - Started process (PID=287554) to work on /home/gmassoqueto/repos/apache-airflow-101/.venv/lib/python3.11/site-packages/airflow/example_dags/example_sla_dag.py
[2023-11-14T07:58:58.386-0300] {processor.py:829} INFO - Processing file /home/gmassoqueto/repos/apache-airflow-101/.venv/lib/python3.11/site-packages/airflow/example_dags/example_sla_dag.py for tasks to queue
[2023-11-14T07:58:58.386-0300] {logging_mixin.py:154} INFO - [2023-11-14T07:58:58.386-0300] {dagbag.py:536} INFO - Filling up the DagBag from /home/gmassoqueto/repos/apache-airflow-101/.venv/lib/python3.11/site-packages/airflow/example_dags/example_sla_dag.py
[2023-11-14T07:58:58.396-0300] {processor.py:839} INFO - DAG(s) dict_keys(['example_sla_dag']) retrieved from /home/gmassoqueto/repos/apache-airflow-101/.venv/lib/python3.11/site-packages/airflow/example_dags/example_sla_dag.py
[2023-11-14T07:58:58.414-0300] {logging_mixin.py:154} INFO - [2023-11-14T07:58:58.413-0300] {dag.py:2941} INFO - Sync 1 DAGs
[2023-11-14T07:58:58.433-0300] {logging_mixin.py:154} INFO - [2023-11-14T07:58:58.433-0300] {dag.py:3722} INFO - Setting next_dagrun for example_sla_dag to 2023-11-14T10:56:00+00:00, run_after=2023-11-14T10:58:00+00:00
[2023-11-14T07:58:58.460-0300] {processor.py:179} INFO - Processing /home/gmassoqueto/repos/apache-airflow-101/.venv/lib/python3.11/site-packages/airflow/example_dags/example_sla_dag.py took 0.081 seconds
[2023-11-14T07:59:45.969-0300] {processor.py:157} INFO - Started process (PID=287648) to work on /home/gmassoqueto/repos/apache-airflow-101/.venv/lib/python3.11/site-packages/airflow/example_dags/example_sla_dag.py
[2023-11-14T07:59:45.971-0300] {processor.py:829} INFO - Processing file /home/gmassoqueto/repos/apache-airflow-101/.venv/lib/python3.11/site-packages/airflow/example_dags/example_sla_dag.py for tasks to queue
[2023-11-14T07:59:45.973-0300] {logging_mixin.py:154} INFO - [2023-11-14T07:59:45.972-0300] {dagbag.py:536} INFO - Filling up the DagBag from /home/gmassoqueto/repos/apache-airflow-101/.venv/lib/python3.11/site-packages/airflow/example_dags/example_sla_dag.py
[2023-11-14T07:59:45.995-0300] {processor.py:839} INFO - DAG(s) dict_keys(['example_sla_dag']) retrieved from /home/gmassoqueto/repos/apache-airflow-101/.venv/lib/python3.11/site-packages/airflow/example_dags/example_sla_dag.py
[2023-11-14T07:59:46.012-0300] {logging_mixin.py:154} INFO - [2023-11-14T07:59:46.012-0300] {dag.py:2941} INFO - Sync 1 DAGs
[2023-11-14T07:59:46.030-0300] {logging_mixin.py:154} INFO - [2023-11-14T07:59:46.029-0300] {dag.py:3722} INFO - Setting next_dagrun for example_sla_dag to 2023-11-14T10:56:00+00:00, run_after=2023-11-14T10:58:00+00:00
[2023-11-14T07:59:46.046-0300] {processor.py:179} INFO - Processing /home/gmassoqueto/repos/apache-airflow-101/.venv/lib/python3.11/site-packages/airflow/example_dags/example_sla_dag.py took 0.086 seconds
[2023-11-14T08:00:36.498-0300] {processor.py:157} INFO - Started process (PID=287791) to work on /home/gmassoqueto/repos/apache-airflow-101/.venv/lib/python3.11/site-packages/airflow/example_dags/example_sla_dag.py
[2023-11-14T08:00:36.502-0300] {processor.py:829} INFO - Processing file /home/gmassoqueto/repos/apache-airflow-101/.venv/lib/python3.11/site-packages/airflow/example_dags/example_sla_dag.py for tasks to queue
[2023-11-14T08:00:36.503-0300] {logging_mixin.py:154} INFO - [2023-11-14T08:00:36.503-0300] {dagbag.py:536} INFO - Filling up the DagBag from /home/gmassoqueto/repos/apache-airflow-101/.venv/lib/python3.11/site-packages/airflow/example_dags/example_sla_dag.py
[2023-11-14T08:00:36.513-0300] {processor.py:839} INFO - DAG(s) dict_keys(['example_sla_dag']) retrieved from /home/gmassoqueto/repos/apache-airflow-101/.venv/lib/python3.11/site-packages/airflow/example_dags/example_sla_dag.py
[2023-11-14T08:00:36.527-0300] {logging_mixin.py:154} INFO - [2023-11-14T08:00:36.527-0300] {dag.py:2941} INFO - Sync 1 DAGs
[2023-11-14T08:00:36.545-0300] {logging_mixin.py:154} INFO - [2023-11-14T08:00:36.545-0300] {dag.py:3722} INFO - Setting next_dagrun for example_sla_dag to 2023-11-14T10:58:00+00:00, run_after=2023-11-14T11:00:00+00:00
[2023-11-14T08:00:36.564-0300] {processor.py:179} INFO - Processing /home/gmassoqueto/repos/apache-airflow-101/.venv/lib/python3.11/site-packages/airflow/example_dags/example_sla_dag.py took 0.071 seconds
[2023-11-14T08:01:23.206-0300] {processor.py:157} INFO - Started process (PID=288037) to work on /home/gmassoqueto/repos/apache-airflow-101/.venv/lib/python3.11/site-packages/airflow/example_dags/example_sla_dag.py
[2023-11-14T08:01:23.211-0300] {processor.py:829} INFO - Processing file /home/gmassoqueto/repos/apache-airflow-101/.venv/lib/python3.11/site-packages/airflow/example_dags/example_sla_dag.py for tasks to queue
[2023-11-14T08:01:23.213-0300] {logging_mixin.py:154} INFO - [2023-11-14T08:01:23.212-0300] {dagbag.py:536} INFO - Filling up the DagBag from /home/gmassoqueto/repos/apache-airflow-101/.venv/lib/python3.11/site-packages/airflow/example_dags/example_sla_dag.py
[2023-11-14T08:01:23.234-0300] {processor.py:839} INFO - DAG(s) dict_keys(['example_sla_dag']) retrieved from /home/gmassoqueto/repos/apache-airflow-101/.venv/lib/python3.11/site-packages/airflow/example_dags/example_sla_dag.py
[2023-11-14T08:01:23.251-0300] {logging_mixin.py:154} INFO - [2023-11-14T08:01:23.251-0300] {dag.py:2941} INFO - Sync 1 DAGs
[2023-11-14T08:01:23.270-0300] {logging_mixin.py:154} INFO - [2023-11-14T08:01:23.270-0300] {dag.py:3722} INFO - Setting next_dagrun for example_sla_dag to 2023-11-14T10:58:00+00:00, run_after=2023-11-14T11:00:00+00:00
[2023-11-14T08:01:23.286-0300] {processor.py:179} INFO - Processing /home/gmassoqueto/repos/apache-airflow-101/.venv/lib/python3.11/site-packages/airflow/example_dags/example_sla_dag.py took 0.087 seconds
[2023-11-14T08:02:12.676-0300] {processor.py:157} INFO - Started process (PID=288142) to work on /home/gmassoqueto/repos/apache-airflow-101/.venv/lib/python3.11/site-packages/airflow/example_dags/example_sla_dag.py
[2023-11-14T08:02:12.680-0300] {processor.py:829} INFO - Processing file /home/gmassoqueto/repos/apache-airflow-101/.venv/lib/python3.11/site-packages/airflow/example_dags/example_sla_dag.py for tasks to queue
[2023-11-14T08:02:12.681-0300] {logging_mixin.py:154} INFO - [2023-11-14T08:02:12.680-0300] {dagbag.py:536} INFO - Filling up the DagBag from /home/gmassoqueto/repos/apache-airflow-101/.venv/lib/python3.11/site-packages/airflow/example_dags/example_sla_dag.py
[2023-11-14T08:02:12.693-0300] {processor.py:839} INFO - DAG(s) dict_keys(['example_sla_dag']) retrieved from /home/gmassoqueto/repos/apache-airflow-101/.venv/lib/python3.11/site-packages/airflow/example_dags/example_sla_dag.py
[2023-11-14T08:02:12.711-0300] {logging_mixin.py:154} INFO - [2023-11-14T08:02:12.711-0300] {dag.py:2941} INFO - Sync 1 DAGs
[2023-11-14T08:02:12.730-0300] {logging_mixin.py:154} INFO - [2023-11-14T08:02:12.729-0300] {dag.py:3722} INFO - Setting next_dagrun for example_sla_dag to 2023-11-14T11:00:00+00:00, run_after=2023-11-14T11:02:00+00:00
[2023-11-14T08:02:12.747-0300] {processor.py:179} INFO - Processing /home/gmassoqueto/repos/apache-airflow-101/.venv/lib/python3.11/site-packages/airflow/example_dags/example_sla_dag.py took 0.075 seconds
[2023-11-14T08:03:01.492-0300] {processor.py:157} INFO - Started process (PID=288304) to work on /home/gmassoqueto/repos/apache-airflow-101/.venv/lib/python3.11/site-packages/airflow/example_dags/example_sla_dag.py
[2023-11-14T08:03:01.493-0300] {processor.py:829} INFO - Processing file /home/gmassoqueto/repos/apache-airflow-101/.venv/lib/python3.11/site-packages/airflow/example_dags/example_sla_dag.py for tasks to queue
[2023-11-14T08:03:01.494-0300] {logging_mixin.py:154} INFO - [2023-11-14T08:03:01.493-0300] {dagbag.py:536} INFO - Filling up the DagBag from /home/gmassoqueto/repos/apache-airflow-101/.venv/lib/python3.11/site-packages/airflow/example_dags/example_sla_dag.py
[2023-11-14T08:03:01.503-0300] {processor.py:839} INFO - DAG(s) dict_keys(['example_sla_dag']) retrieved from /home/gmassoqueto/repos/apache-airflow-101/.venv/lib/python3.11/site-packages/airflow/example_dags/example_sla_dag.py
[2023-11-14T08:03:01.518-0300] {logging_mixin.py:154} INFO - [2023-11-14T08:03:01.518-0300] {dag.py:2941} INFO - Sync 1 DAGs
[2023-11-14T08:03:01.539-0300] {logging_mixin.py:154} INFO - [2023-11-14T08:03:01.539-0300] {dag.py:3722} INFO - Setting next_dagrun for example_sla_dag to 2023-11-14T11:00:00+00:00, run_after=2023-11-14T11:02:00+00:00
[2023-11-14T08:03:01.556-0300] {processor.py:179} INFO - Processing /home/gmassoqueto/repos/apache-airflow-101/.venv/lib/python3.11/site-packages/airflow/example_dags/example_sla_dag.py took 0.068 seconds
[2023-11-14T08:03:49.140-0300] {processor.py:157} INFO - Started process (PID=288717) to work on /home/gmassoqueto/repos/apache-airflow-101/.venv/lib/python3.11/site-packages/airflow/example_dags/example_sla_dag.py
[2023-11-14T08:03:49.145-0300] {processor.py:829} INFO - Processing file /home/gmassoqueto/repos/apache-airflow-101/.venv/lib/python3.11/site-packages/airflow/example_dags/example_sla_dag.py for tasks to queue
[2023-11-14T08:03:49.146-0300] {logging_mixin.py:154} INFO - [2023-11-14T08:03:49.146-0300] {dagbag.py:536} INFO - Filling up the DagBag from /home/gmassoqueto/repos/apache-airflow-101/.venv/lib/python3.11/site-packages/airflow/example_dags/example_sla_dag.py
[2023-11-14T08:03:49.170-0300] {processor.py:839} INFO - DAG(s) dict_keys(['example_sla_dag']) retrieved from /home/gmassoqueto/repos/apache-airflow-101/.venv/lib/python3.11/site-packages/airflow/example_dags/example_sla_dag.py
[2023-11-14T08:03:49.189-0300] {logging_mixin.py:154} INFO - [2023-11-14T08:03:49.189-0300] {dag.py:2941} INFO - Sync 1 DAGs
[2023-11-14T08:03:49.207-0300] {logging_mixin.py:154} INFO - [2023-11-14T08:03:49.207-0300] {dag.py:3722} INFO - Setting next_dagrun for example_sla_dag to 2023-11-14T11:00:00+00:00, run_after=2023-11-14T11:02:00+00:00
[2023-11-14T08:03:49.224-0300] {processor.py:179} INFO - Processing /home/gmassoqueto/repos/apache-airflow-101/.venv/lib/python3.11/site-packages/airflow/example_dags/example_sla_dag.py took 0.086 seconds
[2023-11-14T08:04:40.643-0300] {processor.py:157} INFO - Started process (PID=288956) to work on /home/gmassoqueto/repos/apache-airflow-101/.venv/lib/python3.11/site-packages/airflow/example_dags/example_sla_dag.py
[2023-11-14T08:04:40.647-0300] {processor.py:829} INFO - Processing file /home/gmassoqueto/repos/apache-airflow-101/.venv/lib/python3.11/site-packages/airflow/example_dags/example_sla_dag.py for tasks to queue
[2023-11-14T08:04:40.648-0300] {logging_mixin.py:154} INFO - [2023-11-14T08:04:40.647-0300] {dagbag.py:536} INFO - Filling up the DagBag from /home/gmassoqueto/repos/apache-airflow-101/.venv/lib/python3.11/site-packages/airflow/example_dags/example_sla_dag.py
[2023-11-14T08:04:40.658-0300] {processor.py:839} INFO - DAG(s) dict_keys(['example_sla_dag']) retrieved from /home/gmassoqueto/repos/apache-airflow-101/.venv/lib/python3.11/site-packages/airflow/example_dags/example_sla_dag.py
[2023-11-14T08:04:40.675-0300] {logging_mixin.py:154} INFO - [2023-11-14T08:04:40.674-0300] {dag.py:2941} INFO - Sync 1 DAGs
[2023-11-14T08:04:40.702-0300] {logging_mixin.py:154} INFO - [2023-11-14T08:04:40.702-0300] {dag.py:3722} INFO - Setting next_dagrun for example_sla_dag to 2023-11-14T11:02:00+00:00, run_after=2023-11-14T11:04:00+00:00
[2023-11-14T08:04:40.723-0300] {processor.py:179} INFO - Processing /home/gmassoqueto/repos/apache-airflow-101/.venv/lib/python3.11/site-packages/airflow/example_dags/example_sla_dag.py took 0.082 seconds
[2023-11-14T08:05:28.524-0300] {processor.py:157} INFO - Started process (PID=289049) to work on /home/gmassoqueto/repos/apache-airflow-101/.venv/lib/python3.11/site-packages/airflow/example_dags/example_sla_dag.py
[2023-11-14T08:05:28.527-0300] {processor.py:829} INFO - Processing file /home/gmassoqueto/repos/apache-airflow-101/.venv/lib/python3.11/site-packages/airflow/example_dags/example_sla_dag.py for tasks to queue
[2023-11-14T08:05:28.528-0300] {logging_mixin.py:154} INFO - [2023-11-14T08:05:28.528-0300] {dagbag.py:536} INFO - Filling up the DagBag from /home/gmassoqueto/repos/apache-airflow-101/.venv/lib/python3.11/site-packages/airflow/example_dags/example_sla_dag.py
[2023-11-14T08:05:28.536-0300] {processor.py:839} INFO - DAG(s) dict_keys(['example_sla_dag']) retrieved from /home/gmassoqueto/repos/apache-airflow-101/.venv/lib/python3.11/site-packages/airflow/example_dags/example_sla_dag.py
[2023-11-14T08:05:28.549-0300] {logging_mixin.py:154} INFO - [2023-11-14T08:05:28.549-0300] {dag.py:2941} INFO - Sync 1 DAGs
[2023-11-14T08:05:28.567-0300] {logging_mixin.py:154} INFO - [2023-11-14T08:05:28.567-0300] {dag.py:3722} INFO - Setting next_dagrun for example_sla_dag to 2023-11-14T11:02:00+00:00, run_after=2023-11-14T11:04:00+00:00
[2023-11-14T08:05:28.585-0300] {processor.py:179} INFO - Processing /home/gmassoqueto/repos/apache-airflow-101/.venv/lib/python3.11/site-packages/airflow/example_dags/example_sla_dag.py took 0.064 seconds
[2023-11-14T08:06:17.894-0300] {processor.py:157} INFO - Started process (PID=289191) to work on /home/gmassoqueto/repos/apache-airflow-101/.venv/lib/python3.11/site-packages/airflow/example_dags/example_sla_dag.py
[2023-11-14T08:06:17.896-0300] {processor.py:829} INFO - Processing file /home/gmassoqueto/repos/apache-airflow-101/.venv/lib/python3.11/site-packages/airflow/example_dags/example_sla_dag.py for tasks to queue
[2023-11-14T08:06:17.899-0300] {logging_mixin.py:154} INFO - [2023-11-14T08:06:17.898-0300] {dagbag.py:536} INFO - Filling up the DagBag from /home/gmassoqueto/repos/apache-airflow-101/.venv/lib/python3.11/site-packages/airflow/example_dags/example_sla_dag.py
[2023-11-14T08:06:17.917-0300] {processor.py:839} INFO - DAG(s) dict_keys(['example_sla_dag']) retrieved from /home/gmassoqueto/repos/apache-airflow-101/.venv/lib/python3.11/site-packages/airflow/example_dags/example_sla_dag.py
[2023-11-14T08:06:17.933-0300] {logging_mixin.py:154} INFO - [2023-11-14T08:06:17.932-0300] {dag.py:2941} INFO - Sync 1 DAGs
[2023-11-14T08:06:17.951-0300] {logging_mixin.py:154} INFO - [2023-11-14T08:06:17.951-0300] {dag.py:3722} INFO - Setting next_dagrun for example_sla_dag to 2023-11-14T11:04:00+00:00, run_after=2023-11-14T11:06:00+00:00
[2023-11-14T08:06:17.968-0300] {processor.py:179} INFO - Processing /home/gmassoqueto/repos/apache-airflow-101/.venv/lib/python3.11/site-packages/airflow/example_dags/example_sla_dag.py took 0.081 seconds
[2023-11-14T08:07:06.822-0300] {processor.py:157} INFO - Started process (PID=289307) to work on /home/gmassoqueto/repos/apache-airflow-101/.venv/lib/python3.11/site-packages/airflow/example_dags/example_sla_dag.py
[2023-11-14T08:07:06.827-0300] {processor.py:829} INFO - Processing file /home/gmassoqueto/repos/apache-airflow-101/.venv/lib/python3.11/site-packages/airflow/example_dags/example_sla_dag.py for tasks to queue
[2023-11-14T08:07:06.829-0300] {logging_mixin.py:154} INFO - [2023-11-14T08:07:06.828-0300] {dagbag.py:536} INFO - Filling up the DagBag from /home/gmassoqueto/repos/apache-airflow-101/.venv/lib/python3.11/site-packages/airflow/example_dags/example_sla_dag.py
[2023-11-14T08:07:06.848-0300] {processor.py:839} INFO - DAG(s) dict_keys(['example_sla_dag']) retrieved from /home/gmassoqueto/repos/apache-airflow-101/.venv/lib/python3.11/site-packages/airflow/example_dags/example_sla_dag.py
[2023-11-14T08:07:06.864-0300] {logging_mixin.py:154} INFO - [2023-11-14T08:07:06.863-0300] {dag.py:2941} INFO - Sync 1 DAGs
[2023-11-14T08:07:06.882-0300] {logging_mixin.py:154} INFO - [2023-11-14T08:07:06.882-0300] {dag.py:3722} INFO - Setting next_dagrun for example_sla_dag to 2023-11-14T11:04:00+00:00, run_after=2023-11-14T11:06:00+00:00
[2023-11-14T08:07:06.900-0300] {processor.py:179} INFO - Processing /home/gmassoqueto/repos/apache-airflow-101/.venv/lib/python3.11/site-packages/airflow/example_dags/example_sla_dag.py took 0.086 seconds
[2023-11-14T08:07:54.560-0300] {processor.py:157} INFO - Started process (PID=289539) to work on /home/gmassoqueto/repos/apache-airflow-101/.venv/lib/python3.11/site-packages/airflow/example_dags/example_sla_dag.py
[2023-11-14T08:07:54.564-0300] {processor.py:829} INFO - Processing file /home/gmassoqueto/repos/apache-airflow-101/.venv/lib/python3.11/site-packages/airflow/example_dags/example_sla_dag.py for tasks to queue
[2023-11-14T08:07:54.566-0300] {logging_mixin.py:154} INFO - [2023-11-14T08:07:54.565-0300] {dagbag.py:536} INFO - Filling up the DagBag from /home/gmassoqueto/repos/apache-airflow-101/.venv/lib/python3.11/site-packages/airflow/example_dags/example_sla_dag.py
[2023-11-14T08:07:54.590-0300] {processor.py:839} INFO - DAG(s) dict_keys(['example_sla_dag']) retrieved from /home/gmassoqueto/repos/apache-airflow-101/.venv/lib/python3.11/site-packages/airflow/example_dags/example_sla_dag.py
[2023-11-14T08:07:54.608-0300] {logging_mixin.py:154} INFO - [2023-11-14T08:07:54.608-0300] {dag.py:2941} INFO - Sync 1 DAGs
[2023-11-14T08:07:54.626-0300] {logging_mixin.py:154} INFO - [2023-11-14T08:07:54.626-0300] {dag.py:3722} INFO - Setting next_dagrun for example_sla_dag to 2023-11-14T11:04:00+00:00, run_after=2023-11-14T11:06:00+00:00
[2023-11-14T08:07:54.643-0300] {processor.py:179} INFO - Processing /home/gmassoqueto/repos/apache-airflow-101/.venv/lib/python3.11/site-packages/airflow/example_dags/example_sla_dag.py took 0.086 seconds
[2023-11-14T08:08:20.267-0300] {processor.py:157} INFO - Started process (PID=289720) to work on /home/gmassoqueto/repos/apache-airflow-101/.venv/lib/python3.11/site-packages/airflow/example_dags/example_sla_dag.py
[2023-11-14T08:08:20.271-0300] {processor.py:829} INFO - Processing file /home/gmassoqueto/repos/apache-airflow-101/.venv/lib/python3.11/site-packages/airflow/example_dags/example_sla_dag.py for tasks to queue
[2023-11-14T08:08:20.271-0300] {logging_mixin.py:154} INFO - [2023-11-14T08:08:20.271-0300] {dagbag.py:536} INFO - Filling up the DagBag from /home/gmassoqueto/repos/apache-airflow-101/.venv/lib/python3.11/site-packages/airflow/example_dags/example_sla_dag.py
[2023-11-14T08:08:20.278-0300] {processor.py:839} INFO - DAG(s) dict_keys(['example_sla_dag']) retrieved from /home/gmassoqueto/repos/apache-airflow-101/.venv/lib/python3.11/site-packages/airflow/example_dags/example_sla_dag.py
[2023-11-14T08:08:20.284-0300] {logging_mixin.py:154} INFO - [2023-11-14T08:08:20.284-0300] {dag.py:2941} INFO - Sync 1 DAGs
[2023-11-14T08:08:20.294-0300] {logging_mixin.py:154} INFO - [2023-11-14T08:08:20.294-0300] {dag.py:2963} INFO - Creating ORM DAG for example_sla_dag
[2023-11-14T08:08:20.306-0300] {logging_mixin.py:154} INFO - [2023-11-14T08:08:20.306-0300] {dag.py:3722} INFO - Setting next_dagrun for example_sla_dag to 2023-11-14T11:06:00+00:00, run_after=2023-11-14T11:08:00+00:00
[2023-11-14T08:08:20.321-0300] {processor.py:179} INFO - Processing /home/gmassoqueto/repos/apache-airflow-101/.venv/lib/python3.11/site-packages/airflow/example_dags/example_sla_dag.py took 0.055 seconds
[2023-11-14T08:10:01.369-0300] {processor.py:157} INFO - Started process (PID=290521) to work on /home/gmassoqueto/repos/apache-airflow-101/.venv/lib/python3.11/site-packages/airflow/example_dags/example_sla_dag.py
[2023-11-14T08:10:01.379-0300] {processor.py:829} INFO - Processing file /home/gmassoqueto/repos/apache-airflow-101/.venv/lib/python3.11/site-packages/airflow/example_dags/example_sla_dag.py for tasks to queue
[2023-11-14T08:10:01.380-0300] {logging_mixin.py:154} INFO - [2023-11-14T08:10:01.379-0300] {dagbag.py:536} INFO - Filling up the DagBag from /home/gmassoqueto/repos/apache-airflow-101/.venv/lib/python3.11/site-packages/airflow/example_dags/example_sla_dag.py
[2023-11-14T08:10:01.392-0300] {processor.py:839} INFO - DAG(s) dict_keys(['example_sla_dag']) retrieved from /home/gmassoqueto/repos/apache-airflow-101/.venv/lib/python3.11/site-packages/airflow/example_dags/example_sla_dag.py
[2023-11-14T08:10:01.403-0300] {logging_mixin.py:154} INFO - [2023-11-14T08:10:01.403-0300] {dag.py:2941} INFO - Sync 1 DAGs
[2023-11-14T08:10:01.430-0300] {logging_mixin.py:154} INFO - [2023-11-14T08:10:01.430-0300] {dag.py:3722} INFO - Setting next_dagrun for example_sla_dag to 2023-11-14T11:08:00+00:00, run_after=2023-11-14T11:10:00+00:00
[2023-11-14T08:10:01.446-0300] {processor.py:179} INFO - Processing /home/gmassoqueto/repos/apache-airflow-101/.venv/lib/python3.11/site-packages/airflow/example_dags/example_sla_dag.py took 0.080 seconds
[2023-11-14T08:10:49.632-0300] {processor.py:157} INFO - Started process (PID=291095) to work on /home/gmassoqueto/repos/apache-airflow-101/.venv/lib/python3.11/site-packages/airflow/example_dags/example_sla_dag.py
[2023-11-14T08:10:49.636-0300] {processor.py:829} INFO - Processing file /home/gmassoqueto/repos/apache-airflow-101/.venv/lib/python3.11/site-packages/airflow/example_dags/example_sla_dag.py for tasks to queue
[2023-11-14T08:10:49.636-0300] {logging_mixin.py:154} INFO - [2023-11-14T08:10:49.636-0300] {dagbag.py:536} INFO - Filling up the DagBag from /home/gmassoqueto/repos/apache-airflow-101/.venv/lib/python3.11/site-packages/airflow/example_dags/example_sla_dag.py
[2023-11-14T08:10:49.645-0300] {processor.py:839} INFO - DAG(s) dict_keys(['example_sla_dag']) retrieved from /home/gmassoqueto/repos/apache-airflow-101/.venv/lib/python3.11/site-packages/airflow/example_dags/example_sla_dag.py
[2023-11-14T08:10:49.661-0300] {logging_mixin.py:154} INFO - [2023-11-14T08:10:49.661-0300] {dag.py:2941} INFO - Sync 1 DAGs
[2023-11-14T08:10:49.681-0300] {logging_mixin.py:154} INFO - [2023-11-14T08:10:49.681-0300] {dag.py:3722} INFO - Setting next_dagrun for example_sla_dag to 2023-11-14T11:08:00+00:00, run_after=2023-11-14T11:10:00+00:00
[2023-11-14T08:10:49.698-0300] {processor.py:179} INFO - Processing /home/gmassoqueto/repos/apache-airflow-101/.venv/lib/python3.11/site-packages/airflow/example_dags/example_sla_dag.py took 0.069 seconds
[2023-11-14T08:11:36.198-0300] {processor.py:157} INFO - Started process (PID=291212) to work on /home/gmassoqueto/repos/apache-airflow-101/.venv/lib/python3.11/site-packages/airflow/example_dags/example_sla_dag.py
[2023-11-14T08:11:36.202-0300] {processor.py:829} INFO - Processing file /home/gmassoqueto/repos/apache-airflow-101/.venv/lib/python3.11/site-packages/airflow/example_dags/example_sla_dag.py for tasks to queue
[2023-11-14T08:11:36.202-0300] {logging_mixin.py:154} INFO - [2023-11-14T08:11:36.202-0300] {dagbag.py:536} INFO - Filling up the DagBag from /home/gmassoqueto/repos/apache-airflow-101/.venv/lib/python3.11/site-packages/airflow/example_dags/example_sla_dag.py
[2023-11-14T08:11:36.211-0300] {processor.py:839} INFO - DAG(s) dict_keys(['example_sla_dag']) retrieved from /home/gmassoqueto/repos/apache-airflow-101/.venv/lib/python3.11/site-packages/airflow/example_dags/example_sla_dag.py
[2023-11-14T08:11:36.226-0300] {logging_mixin.py:154} INFO - [2023-11-14T08:11:36.226-0300] {dag.py:2941} INFO - Sync 1 DAGs
[2023-11-14T08:11:36.245-0300] {logging_mixin.py:154} INFO - [2023-11-14T08:11:36.245-0300] {dag.py:3722} INFO - Setting next_dagrun for example_sla_dag to 2023-11-14T11:08:00+00:00, run_after=2023-11-14T11:10:00+00:00
[2023-11-14T08:11:36.261-0300] {processor.py:179} INFO - Processing /home/gmassoqueto/repos/apache-airflow-101/.venv/lib/python3.11/site-packages/airflow/example_dags/example_sla_dag.py took 0.066 seconds
[2023-11-14T08:12:21.503-0300] {processor.py:157} INFO - Started process (PID=291404) to work on /home/gmassoqueto/repos/apache-airflow-101/.venv/lib/python3.11/site-packages/airflow/example_dags/example_sla_dag.py
[2023-11-14T08:12:21.507-0300] {processor.py:829} INFO - Processing file /home/gmassoqueto/repos/apache-airflow-101/.venv/lib/python3.11/site-packages/airflow/example_dags/example_sla_dag.py for tasks to queue
[2023-11-14T08:12:21.509-0300] {logging_mixin.py:154} INFO - [2023-11-14T08:12:21.508-0300] {dagbag.py:536} INFO - Filling up the DagBag from /home/gmassoqueto/repos/apache-airflow-101/.venv/lib/python3.11/site-packages/airflow/example_dags/example_sla_dag.py
[2023-11-14T08:12:21.525-0300] {processor.py:839} INFO - DAG(s) dict_keys(['example_sla_dag']) retrieved from /home/gmassoqueto/repos/apache-airflow-101/.venv/lib/python3.11/site-packages/airflow/example_dags/example_sla_dag.py
[2023-11-14T08:12:21.534-0300] {logging_mixin.py:154} INFO - [2023-11-14T08:12:21.534-0300] {dag.py:2941} INFO - Sync 1 DAGs
[2023-11-14T08:12:21.559-0300] {logging_mixin.py:154} INFO - [2023-11-14T08:12:21.558-0300] {dag.py:3722} INFO - Setting next_dagrun for example_sla_dag to 2023-11-14T11:10:00+00:00, run_after=2023-11-14T11:12:00+00:00
[2023-11-14T08:12:21.576-0300] {processor.py:179} INFO - Processing /home/gmassoqueto/repos/apache-airflow-101/.venv/lib/python3.11/site-packages/airflow/example_dags/example_sla_dag.py took 0.079 seconds
[2023-11-14T08:13:07.880-0300] {processor.py:157} INFO - Started process (PID=291592) to work on /home/gmassoqueto/repos/apache-airflow-101/.venv/lib/python3.11/site-packages/airflow/example_dags/example_sla_dag.py
[2023-11-14T08:13:07.881-0300] {processor.py:829} INFO - Processing file /home/gmassoqueto/repos/apache-airflow-101/.venv/lib/python3.11/site-packages/airflow/example_dags/example_sla_dag.py for tasks to queue
[2023-11-14T08:13:07.882-0300] {logging_mixin.py:154} INFO - [2023-11-14T08:13:07.881-0300] {dagbag.py:536} INFO - Filling up the DagBag from /home/gmassoqueto/repos/apache-airflow-101/.venv/lib/python3.11/site-packages/airflow/example_dags/example_sla_dag.py
[2023-11-14T08:13:07.890-0300] {processor.py:839} INFO - DAG(s) dict_keys(['example_sla_dag']) retrieved from /home/gmassoqueto/repos/apache-airflow-101/.venv/lib/python3.11/site-packages/airflow/example_dags/example_sla_dag.py
[2023-11-14T08:13:07.903-0300] {logging_mixin.py:154} INFO - [2023-11-14T08:13:07.903-0300] {dag.py:2941} INFO - Sync 1 DAGs
[2023-11-14T08:13:07.922-0300] {logging_mixin.py:154} INFO - [2023-11-14T08:13:07.922-0300] {dag.py:3722} INFO - Setting next_dagrun for example_sla_dag to 2023-11-14T11:10:00+00:00, run_after=2023-11-14T11:12:00+00:00
[2023-11-14T08:13:07.937-0300] {processor.py:179} INFO - Processing /home/gmassoqueto/repos/apache-airflow-101/.venv/lib/python3.11/site-packages/airflow/example_dags/example_sla_dag.py took 0.059 seconds
[2023-11-14T08:13:54.392-0300] {processor.py:157} INFO - Started process (PID=291679) to work on /home/gmassoqueto/repos/apache-airflow-101/.venv/lib/python3.11/site-packages/airflow/example_dags/example_sla_dag.py
[2023-11-14T08:13:54.397-0300] {processor.py:829} INFO - Processing file /home/gmassoqueto/repos/apache-airflow-101/.venv/lib/python3.11/site-packages/airflow/example_dags/example_sla_dag.py for tasks to queue
[2023-11-14T08:13:54.399-0300] {logging_mixin.py:154} INFO - [2023-11-14T08:13:54.398-0300] {dagbag.py:536} INFO - Filling up the DagBag from /home/gmassoqueto/repos/apache-airflow-101/.venv/lib/python3.11/site-packages/airflow/example_dags/example_sla_dag.py
[2023-11-14T08:13:54.425-0300] {processor.py:839} INFO - DAG(s) dict_keys(['example_sla_dag']) retrieved from /home/gmassoqueto/repos/apache-airflow-101/.venv/lib/python3.11/site-packages/airflow/example_dags/example_sla_dag.py
[2023-11-14T08:13:54.446-0300] {logging_mixin.py:154} INFO - [2023-11-14T08:13:54.445-0300] {dag.py:2941} INFO - Sync 1 DAGs
[2023-11-14T08:13:54.466-0300] {logging_mixin.py:154} INFO - [2023-11-14T08:13:54.466-0300] {dag.py:3722} INFO - Setting next_dagrun for example_sla_dag to 2023-11-14T11:10:00+00:00, run_after=2023-11-14T11:12:00+00:00
[2023-11-14T08:13:54.487-0300] {processor.py:179} INFO - Processing /home/gmassoqueto/repos/apache-airflow-101/.venv/lib/python3.11/site-packages/airflow/example_dags/example_sla_dag.py took 0.098 seconds
[2023-11-14T08:14:41.837-0300] {processor.py:157} INFO - Started process (PID=291789) to work on /home/gmassoqueto/repos/apache-airflow-101/.venv/lib/python3.11/site-packages/airflow/example_dags/example_sla_dag.py
[2023-11-14T08:14:41.840-0300] {processor.py:829} INFO - Processing file /home/gmassoqueto/repos/apache-airflow-101/.venv/lib/python3.11/site-packages/airflow/example_dags/example_sla_dag.py for tasks to queue
[2023-11-14T08:14:41.841-0300] {logging_mixin.py:154} INFO - [2023-11-14T08:14:41.840-0300] {dagbag.py:536} INFO - Filling up the DagBag from /home/gmassoqueto/repos/apache-airflow-101/.venv/lib/python3.11/site-packages/airflow/example_dags/example_sla_dag.py
[2023-11-14T08:14:41.849-0300] {processor.py:839} INFO - DAG(s) dict_keys(['example_sla_dag']) retrieved from /home/gmassoqueto/repos/apache-airflow-101/.venv/lib/python3.11/site-packages/airflow/example_dags/example_sla_dag.py
[2023-11-14T08:14:41.864-0300] {logging_mixin.py:154} INFO - [2023-11-14T08:14:41.864-0300] {dag.py:2941} INFO - Sync 1 DAGs
[2023-11-14T08:14:41.884-0300] {logging_mixin.py:154} INFO - [2023-11-14T08:14:41.884-0300] {dag.py:3722} INFO - Setting next_dagrun for example_sla_dag to 2023-11-14T11:12:00+00:00, run_after=2023-11-14T11:14:00+00:00
[2023-11-14T08:14:41.900-0300] {processor.py:179} INFO - Processing /home/gmassoqueto/repos/apache-airflow-101/.venv/lib/python3.11/site-packages/airflow/example_dags/example_sla_dag.py took 0.066 seconds
[2023-11-14T08:15:29.942-0300] {processor.py:157} INFO - Started process (PID=291922) to work on /home/gmassoqueto/repos/apache-airflow-101/.venv/lib/python3.11/site-packages/airflow/example_dags/example_sla_dag.py
[2023-11-14T08:15:29.946-0300] {processor.py:829} INFO - Processing file /home/gmassoqueto/repos/apache-airflow-101/.venv/lib/python3.11/site-packages/airflow/example_dags/example_sla_dag.py for tasks to queue
[2023-11-14T08:15:29.948-0300] {logging_mixin.py:154} INFO - [2023-11-14T08:15:29.947-0300] {dagbag.py:536} INFO - Filling up the DagBag from /home/gmassoqueto/repos/apache-airflow-101/.venv/lib/python3.11/site-packages/airflow/example_dags/example_sla_dag.py
[2023-11-14T08:15:29.969-0300] {processor.py:839} INFO - DAG(s) dict_keys(['example_sla_dag']) retrieved from /home/gmassoqueto/repos/apache-airflow-101/.venv/lib/python3.11/site-packages/airflow/example_dags/example_sla_dag.py
[2023-11-14T08:15:29.989-0300] {logging_mixin.py:154} INFO - [2023-11-14T08:15:29.989-0300] {dag.py:2941} INFO - Sync 1 DAGs
[2023-11-14T08:15:30.008-0300] {logging_mixin.py:154} INFO - [2023-11-14T08:15:30.008-0300] {dag.py:3722} INFO - Setting next_dagrun for example_sla_dag to 2023-11-14T11:12:00+00:00, run_after=2023-11-14T11:14:00+00:00
[2023-11-14T08:15:30.033-0300] {processor.py:179} INFO - Processing /home/gmassoqueto/repos/apache-airflow-101/.venv/lib/python3.11/site-packages/airflow/example_dags/example_sla_dag.py took 0.094 seconds
[2023-11-14T08:16:17.165-0300] {processor.py:157} INFO - Started process (PID=292008) to work on /home/gmassoqueto/repos/apache-airflow-101/.venv/lib/python3.11/site-packages/airflow/example_dags/example_sla_dag.py
[2023-11-14T08:16:17.169-0300] {processor.py:829} INFO - Processing file /home/gmassoqueto/repos/apache-airflow-101/.venv/lib/python3.11/site-packages/airflow/example_dags/example_sla_dag.py for tasks to queue
[2023-11-14T08:16:17.169-0300] {logging_mixin.py:154} INFO - [2023-11-14T08:16:17.169-0300] {dagbag.py:536} INFO - Filling up the DagBag from /home/gmassoqueto/repos/apache-airflow-101/.venv/lib/python3.11/site-packages/airflow/example_dags/example_sla_dag.py
[2023-11-14T08:16:17.177-0300] {processor.py:839} INFO - DAG(s) dict_keys(['example_sla_dag']) retrieved from /home/gmassoqueto/repos/apache-airflow-101/.venv/lib/python3.11/site-packages/airflow/example_dags/example_sla_dag.py
[2023-11-14T08:16:17.191-0300] {logging_mixin.py:154} INFO - [2023-11-14T08:16:17.190-0300] {dag.py:2941} INFO - Sync 1 DAGs
[2023-11-14T08:16:17.208-0300] {logging_mixin.py:154} INFO - [2023-11-14T08:16:17.208-0300] {dag.py:3722} INFO - Setting next_dagrun for example_sla_dag to 2023-11-14T11:14:00+00:00, run_after=2023-11-14T11:16:00+00:00
[2023-11-14T08:16:17.234-0300] {processor.py:179} INFO - Processing /home/gmassoqueto/repos/apache-airflow-101/.venv/lib/python3.11/site-packages/airflow/example_dags/example_sla_dag.py took 0.071 seconds
[2023-11-14T08:17:07.993-0300] {processor.py:157} INFO - Started process (PID=292095) to work on /home/gmassoqueto/repos/apache-airflow-101/.venv/lib/python3.11/site-packages/airflow/example_dags/example_sla_dag.py
[2023-11-14T08:17:07.997-0300] {processor.py:829} INFO - Processing file /home/gmassoqueto/repos/apache-airflow-101/.venv/lib/python3.11/site-packages/airflow/example_dags/example_sla_dag.py for tasks to queue
[2023-11-14T08:17:07.998-0300] {logging_mixin.py:154} INFO - [2023-11-14T08:17:07.998-0300] {dagbag.py:536} INFO - Filling up the DagBag from /home/gmassoqueto/repos/apache-airflow-101/.venv/lib/python3.11/site-packages/airflow/example_dags/example_sla_dag.py
[2023-11-14T08:17:08.009-0300] {processor.py:839} INFO - DAG(s) dict_keys(['example_sla_dag']) retrieved from /home/gmassoqueto/repos/apache-airflow-101/.venv/lib/python3.11/site-packages/airflow/example_dags/example_sla_dag.py
[2023-11-14T08:17:08.027-0300] {logging_mixin.py:154} INFO - [2023-11-14T08:17:08.027-0300] {dag.py:2941} INFO - Sync 1 DAGs
[2023-11-14T08:17:08.046-0300] {logging_mixin.py:154} INFO - [2023-11-14T08:17:08.046-0300] {dag.py:3722} INFO - Setting next_dagrun for example_sla_dag to 2023-11-14T11:14:00+00:00, run_after=2023-11-14T11:16:00+00:00
[2023-11-14T08:17:08.062-0300] {processor.py:179} INFO - Processing /home/gmassoqueto/repos/apache-airflow-101/.venv/lib/python3.11/site-packages/airflow/example_dags/example_sla_dag.py took 0.071 seconds
[2023-11-14T08:17:56.798-0300] {processor.py:157} INFO - Started process (PID=292200) to work on /home/gmassoqueto/repos/apache-airflow-101/.venv/lib/python3.11/site-packages/airflow/example_dags/example_sla_dag.py
[2023-11-14T08:17:56.802-0300] {processor.py:829} INFO - Processing file /home/gmassoqueto/repos/apache-airflow-101/.venv/lib/python3.11/site-packages/airflow/example_dags/example_sla_dag.py for tasks to queue
[2023-11-14T08:17:56.804-0300] {logging_mixin.py:154} INFO - [2023-11-14T08:17:56.803-0300] {dagbag.py:536} INFO - Filling up the DagBag from /home/gmassoqueto/repos/apache-airflow-101/.venv/lib/python3.11/site-packages/airflow/example_dags/example_sla_dag.py
[2023-11-14T08:17:56.821-0300] {processor.py:839} INFO - DAG(s) dict_keys(['example_sla_dag']) retrieved from /home/gmassoqueto/repos/apache-airflow-101/.venv/lib/python3.11/site-packages/airflow/example_dags/example_sla_dag.py
[2023-11-14T08:17:56.837-0300] {logging_mixin.py:154} INFO - [2023-11-14T08:17:56.837-0300] {dag.py:2941} INFO - Sync 1 DAGs
[2023-11-14T08:17:56.856-0300] {logging_mixin.py:154} INFO - [2023-11-14T08:17:56.856-0300] {dag.py:3722} INFO - Setting next_dagrun for example_sla_dag to 2023-11-14T11:14:00+00:00, run_after=2023-11-14T11:16:00+00:00
[2023-11-14T08:17:56.872-0300] {processor.py:179} INFO - Processing /home/gmassoqueto/repos/apache-airflow-101/.venv/lib/python3.11/site-packages/airflow/example_dags/example_sla_dag.py took 0.079 seconds
