[2023-11-14T07:03:44.006-0300] {processor.py:157} INFO - Started process (PID=284792) to work on /home/gmassoqueto/repos/apache-airflow-101/.venv/lib/python3.11/site-packages/airflow/example_dags/example_datasets.py
[2023-11-14T07:03:44.007-0300] {processor.py:829} INFO - Processing file /home/gmassoqueto/repos/apache-airflow-101/.venv/lib/python3.11/site-packages/airflow/example_dags/example_datasets.py for tasks to queue
[2023-11-14T07:03:44.007-0300] {logging_mixin.py:154} INFO - [2023-11-14T07:03:44.007-0300] {dagbag.py:536} INFO - Filling up the DagBag from /home/gmassoqueto/repos/apache-airflow-101/.venv/lib/python3.11/site-packages/airflow/example_dags/example_datasets.py
[2023-11-14T07:03:44.015-0300] {processor.py:839} INFO - DAG(s) dict_keys(['dataset_produces_1', 'dataset_consumes_unknown_never_scheduled', 'dataset_consumes_1_and_2', 'dataset_produces_2', 'dataset_consumes_1', 'dataset_consumes_1_never_scheduled']) retrieved from /home/gmassoqueto/repos/apache-airflow-101/.venv/lib/python3.11/site-packages/airflow/example_dags/example_datasets.py
[2023-11-14T07:03:44.042-0300] {logging_mixin.py:154} INFO - [2023-11-14T07:03:44.042-0300] {dag.py:2941} INFO - Sync 6 DAGs
[2023-11-14T07:03:44.062-0300] {logging_mixin.py:154} INFO - [2023-11-14T07:03:44.062-0300] {dag.py:3722} INFO - Setting next_dagrun for dataset_consumes_1 to None, run_after=None
[2023-11-14T07:03:44.064-0300] {logging_mixin.py:154} INFO - [2023-11-14T07:03:44.064-0300] {dag.py:3722} INFO - Setting next_dagrun for dataset_consumes_1_and_2 to None, run_after=None
[2023-11-14T07:03:44.065-0300] {logging_mixin.py:154} INFO - [2023-11-14T07:03:44.065-0300] {dag.py:3722} INFO - Setting next_dagrun for dataset_consumes_1_never_scheduled to None, run_after=None
[2023-11-14T07:03:44.065-0300] {logging_mixin.py:154} INFO - [2023-11-14T07:03:44.065-0300] {dag.py:3722} INFO - Setting next_dagrun for dataset_consumes_unknown_never_scheduled to None, run_after=None
[2023-11-14T07:03:44.068-0300] {logging_mixin.py:154} INFO - [2023-11-14T07:03:44.068-0300] {dag.py:3722} INFO - Setting next_dagrun for dataset_produces_1 to 2023-11-13T00:00:00+00:00, run_after=2023-11-14T00:00:00+00:00
[2023-11-14T07:03:44.069-0300] {logging_mixin.py:154} INFO - [2023-11-14T07:03:44.069-0300] {dag.py:3722} INFO - Setting next_dagrun for dataset_produces_2 to None, run_after=None
[2023-11-14T07:03:44.096-0300] {processor.py:179} INFO - Processing /home/gmassoqueto/repos/apache-airflow-101/.venv/lib/python3.11/site-packages/airflow/example_dags/example_datasets.py took 0.092 seconds
[2023-11-14T07:57:39.234-0300] {processor.py:157} INFO - Started process (PID=287255) to work on /home/gmassoqueto/repos/apache-airflow-101/.venv/lib/python3.11/site-packages/airflow/example_dags/example_datasets.py
[2023-11-14T07:57:39.239-0300] {processor.py:829} INFO - Processing file /home/gmassoqueto/repos/apache-airflow-101/.venv/lib/python3.11/site-packages/airflow/example_dags/example_datasets.py for tasks to queue
[2023-11-14T07:57:39.241-0300] {logging_mixin.py:154} INFO - [2023-11-14T07:57:39.240-0300] {dagbag.py:536} INFO - Filling up the DagBag from /home/gmassoqueto/repos/apache-airflow-101/.venv/lib/python3.11/site-packages/airflow/example_dags/example_datasets.py
[2023-11-14T07:57:39.265-0300] {processor.py:839} INFO - DAG(s) dict_keys(['dataset_consumes_1_never_scheduled', 'dataset_consumes_unknown_never_scheduled', 'dataset_consumes_1', 'dataset_produces_2', 'dataset_consumes_1_and_2', 'dataset_produces_1']) retrieved from /home/gmassoqueto/repos/apache-airflow-101/.venv/lib/python3.11/site-packages/airflow/example_dags/example_datasets.py
[2023-11-14T07:57:39.289-0300] {logging_mixin.py:154} INFO - [2023-11-14T07:57:39.289-0300] {dag.py:2941} INFO - Sync 6 DAGs
[2023-11-14T07:57:39.303-0300] {logging_mixin.py:154} INFO - [2023-11-14T07:57:39.303-0300] {dag.py:3722} INFO - Setting next_dagrun for dataset_consumes_1 to None, run_after=None
[2023-11-14T07:57:39.305-0300] {logging_mixin.py:154} INFO - [2023-11-14T07:57:39.305-0300] {dag.py:3722} INFO - Setting next_dagrun for dataset_consumes_1_and_2 to None, run_after=None
[2023-11-14T07:57:39.305-0300] {logging_mixin.py:154} INFO - [2023-11-14T07:57:39.305-0300] {dag.py:3722} INFO - Setting next_dagrun for dataset_consumes_1_never_scheduled to None, run_after=None
[2023-11-14T07:57:39.306-0300] {logging_mixin.py:154} INFO - [2023-11-14T07:57:39.306-0300] {dag.py:3722} INFO - Setting next_dagrun for dataset_consumes_unknown_never_scheduled to None, run_after=None
[2023-11-14T07:57:39.308-0300] {logging_mixin.py:154} INFO - [2023-11-14T07:57:39.308-0300] {dag.py:3722} INFO - Setting next_dagrun for dataset_produces_1 to 2023-11-13T00:00:00+00:00, run_after=2023-11-14T00:00:00+00:00
[2023-11-14T07:57:39.308-0300] {logging_mixin.py:154} INFO - [2023-11-14T07:57:39.308-0300] {dag.py:3722} INFO - Setting next_dagrun for dataset_produces_2 to None, run_after=None
[2023-11-14T07:57:39.330-0300] {processor.py:179} INFO - Processing /home/gmassoqueto/repos/apache-airflow-101/.venv/lib/python3.11/site-packages/airflow/example_dags/example_datasets.py took 0.103 seconds
[2023-11-14T07:58:25.703-0300] {processor.py:157} INFO - Started process (PID=287443) to work on /home/gmassoqueto/repos/apache-airflow-101/.venv/lib/python3.11/site-packages/airflow/example_dags/example_datasets.py
[2023-11-14T07:58:25.707-0300] {processor.py:829} INFO - Processing file /home/gmassoqueto/repos/apache-airflow-101/.venv/lib/python3.11/site-packages/airflow/example_dags/example_datasets.py for tasks to queue
[2023-11-14T07:58:25.708-0300] {logging_mixin.py:154} INFO - [2023-11-14T07:58:25.707-0300] {dagbag.py:536} INFO - Filling up the DagBag from /home/gmassoqueto/repos/apache-airflow-101/.venv/lib/python3.11/site-packages/airflow/example_dags/example_datasets.py
[2023-11-14T07:58:25.722-0300] {processor.py:839} INFO - DAG(s) dict_keys(['dataset_produces_2', 'dataset_consumes_1', 'dataset_consumes_unknown_never_scheduled', 'dataset_produces_1', 'dataset_consumes_1_and_2', 'dataset_consumes_1_never_scheduled']) retrieved from /home/gmassoqueto/repos/apache-airflow-101/.venv/lib/python3.11/site-packages/airflow/example_dags/example_datasets.py
[2023-11-14T07:58:25.750-0300] {logging_mixin.py:154} INFO - [2023-11-14T07:58:25.750-0300] {dag.py:2941} INFO - Sync 6 DAGs
[2023-11-14T07:58:25.768-0300] {logging_mixin.py:154} INFO - [2023-11-14T07:58:25.768-0300] {dag.py:3722} INFO - Setting next_dagrun for dataset_consumes_1 to None, run_after=None
[2023-11-14T07:58:25.771-0300] {logging_mixin.py:154} INFO - [2023-11-14T07:58:25.771-0300] {dag.py:3722} INFO - Setting next_dagrun for dataset_consumes_1_and_2 to None, run_after=None
[2023-11-14T07:58:25.772-0300] {logging_mixin.py:154} INFO - [2023-11-14T07:58:25.772-0300] {dag.py:3722} INFO - Setting next_dagrun for dataset_consumes_1_never_scheduled to None, run_after=None
[2023-11-14T07:58:25.772-0300] {logging_mixin.py:154} INFO - [2023-11-14T07:58:25.772-0300] {dag.py:3722} INFO - Setting next_dagrun for dataset_consumes_unknown_never_scheduled to None, run_after=None
[2023-11-14T07:58:25.774-0300] {logging_mixin.py:154} INFO - [2023-11-14T07:58:25.774-0300] {dag.py:3722} INFO - Setting next_dagrun for dataset_produces_1 to 2023-11-13T00:00:00+00:00, run_after=2023-11-14T00:00:00+00:00
[2023-11-14T07:58:25.775-0300] {logging_mixin.py:154} INFO - [2023-11-14T07:58:25.775-0300] {dag.py:3722} INFO - Setting next_dagrun for dataset_produces_2 to None, run_after=None
[2023-11-14T07:58:25.795-0300] {processor.py:179} INFO - Processing /home/gmassoqueto/repos/apache-airflow-101/.venv/lib/python3.11/site-packages/airflow/example_dags/example_datasets.py took 0.095 seconds
[2023-11-14T07:59:11.250-0300] {processor.py:157} INFO - Started process (PID=287576) to work on /home/gmassoqueto/repos/apache-airflow-101/.venv/lib/python3.11/site-packages/airflow/example_dags/example_datasets.py
[2023-11-14T07:59:11.251-0300] {processor.py:829} INFO - Processing file /home/gmassoqueto/repos/apache-airflow-101/.venv/lib/python3.11/site-packages/airflow/example_dags/example_datasets.py for tasks to queue
[2023-11-14T07:59:11.252-0300] {logging_mixin.py:154} INFO - [2023-11-14T07:59:11.252-0300] {dagbag.py:536} INFO - Filling up the DagBag from /home/gmassoqueto/repos/apache-airflow-101/.venv/lib/python3.11/site-packages/airflow/example_dags/example_datasets.py
[2023-11-14T07:59:11.270-0300] {processor.py:839} INFO - DAG(s) dict_keys(['dataset_produces_2', 'dataset_produces_1', 'dataset_consumes_1_never_scheduled', 'dataset_consumes_1', 'dataset_consumes_unknown_never_scheduled', 'dataset_consumes_1_and_2']) retrieved from /home/gmassoqueto/repos/apache-airflow-101/.venv/lib/python3.11/site-packages/airflow/example_dags/example_datasets.py
[2023-11-14T07:59:11.300-0300] {logging_mixin.py:154} INFO - [2023-11-14T07:59:11.300-0300] {dag.py:2941} INFO - Sync 6 DAGs
[2023-11-14T07:59:11.321-0300] {logging_mixin.py:154} INFO - [2023-11-14T07:59:11.320-0300] {dag.py:3722} INFO - Setting next_dagrun for dataset_consumes_1 to None, run_after=None
[2023-11-14T07:59:11.325-0300] {logging_mixin.py:154} INFO - [2023-11-14T07:59:11.325-0300] {dag.py:3722} INFO - Setting next_dagrun for dataset_consumes_1_and_2 to None, run_after=None
[2023-11-14T07:59:11.326-0300] {logging_mixin.py:154} INFO - [2023-11-14T07:59:11.326-0300] {dag.py:3722} INFO - Setting next_dagrun for dataset_consumes_1_never_scheduled to None, run_after=None
[2023-11-14T07:59:11.327-0300] {logging_mixin.py:154} INFO - [2023-11-14T07:59:11.327-0300] {dag.py:3722} INFO - Setting next_dagrun for dataset_consumes_unknown_never_scheduled to None, run_after=None
[2023-11-14T07:59:11.330-0300] {logging_mixin.py:154} INFO - [2023-11-14T07:59:11.329-0300] {dag.py:3722} INFO - Setting next_dagrun for dataset_produces_1 to 2023-11-13T00:00:00+00:00, run_after=2023-11-14T00:00:00+00:00
[2023-11-14T07:59:11.330-0300] {logging_mixin.py:154} INFO - [2023-11-14T07:59:11.330-0300] {dag.py:3722} INFO - Setting next_dagrun for dataset_produces_2 to None, run_after=None
[2023-11-14T07:59:11.371-0300] {processor.py:179} INFO - Processing /home/gmassoqueto/repos/apache-airflow-101/.venv/lib/python3.11/site-packages/airflow/example_dags/example_datasets.py took 0.125 seconds
[2023-11-14T08:00:03.392-0300] {processor.py:157} INFO - Started process (PID=287691) to work on /home/gmassoqueto/repos/apache-airflow-101/.venv/lib/python3.11/site-packages/airflow/example_dags/example_datasets.py
[2023-11-14T08:00:03.393-0300] {processor.py:829} INFO - Processing file /home/gmassoqueto/repos/apache-airflow-101/.venv/lib/python3.11/site-packages/airflow/example_dags/example_datasets.py for tasks to queue
[2023-11-14T08:00:03.394-0300] {logging_mixin.py:154} INFO - [2023-11-14T08:00:03.394-0300] {dagbag.py:536} INFO - Filling up the DagBag from /home/gmassoqueto/repos/apache-airflow-101/.venv/lib/python3.11/site-packages/airflow/example_dags/example_datasets.py
[2023-11-14T08:00:03.406-0300] {processor.py:839} INFO - DAG(s) dict_keys(['dataset_produces_2', 'dataset_consumes_1_never_scheduled', 'dataset_produces_1', 'dataset_consumes_1', 'dataset_consumes_1_and_2', 'dataset_consumes_unknown_never_scheduled']) retrieved from /home/gmassoqueto/repos/apache-airflow-101/.venv/lib/python3.11/site-packages/airflow/example_dags/example_datasets.py
[2023-11-14T08:00:03.430-0300] {logging_mixin.py:154} INFO - [2023-11-14T08:00:03.430-0300] {dag.py:2941} INFO - Sync 6 DAGs
[2023-11-14T08:00:03.446-0300] {logging_mixin.py:154} INFO - [2023-11-14T08:00:03.446-0300] {dag.py:3722} INFO - Setting next_dagrun for dataset_consumes_1 to None, run_after=None
[2023-11-14T08:00:03.450-0300] {logging_mixin.py:154} INFO - [2023-11-14T08:00:03.450-0300] {dag.py:3722} INFO - Setting next_dagrun for dataset_consumes_1_and_2 to None, run_after=None
[2023-11-14T08:00:03.451-0300] {logging_mixin.py:154} INFO - [2023-11-14T08:00:03.451-0300] {dag.py:3722} INFO - Setting next_dagrun for dataset_consumes_1_never_scheduled to None, run_after=None
[2023-11-14T08:00:03.452-0300] {logging_mixin.py:154} INFO - [2023-11-14T08:00:03.452-0300] {dag.py:3722} INFO - Setting next_dagrun for dataset_consumes_unknown_never_scheduled to None, run_after=None
[2023-11-14T08:00:03.454-0300] {logging_mixin.py:154} INFO - [2023-11-14T08:00:03.454-0300] {dag.py:3722} INFO - Setting next_dagrun for dataset_produces_1 to 2023-11-13T00:00:00+00:00, run_after=2023-11-14T00:00:00+00:00
[2023-11-14T08:00:03.455-0300] {logging_mixin.py:154} INFO - [2023-11-14T08:00:03.455-0300] {dag.py:3722} INFO - Setting next_dagrun for dataset_produces_2 to None, run_after=None
[2023-11-14T08:00:03.476-0300] {processor.py:179} INFO - Processing /home/gmassoqueto/repos/apache-airflow-101/.venv/lib/python3.11/site-packages/airflow/example_dags/example_datasets.py took 0.089 seconds
[2023-11-14T08:00:55.312-0300] {processor.py:157} INFO - Started process (PID=287851) to work on /home/gmassoqueto/repos/apache-airflow-101/.venv/lib/python3.11/site-packages/airflow/example_dags/example_datasets.py
[2023-11-14T08:00:55.313-0300] {processor.py:829} INFO - Processing file /home/gmassoqueto/repos/apache-airflow-101/.venv/lib/python3.11/site-packages/airflow/example_dags/example_datasets.py for tasks to queue
[2023-11-14T08:00:55.314-0300] {logging_mixin.py:154} INFO - [2023-11-14T08:00:55.313-0300] {dagbag.py:536} INFO - Filling up the DagBag from /home/gmassoqueto/repos/apache-airflow-101/.venv/lib/python3.11/site-packages/airflow/example_dags/example_datasets.py
[2023-11-14T08:00:55.327-0300] {processor.py:839} INFO - DAG(s) dict_keys(['dataset_produces_2', 'dataset_consumes_1', 'dataset_consumes_unknown_never_scheduled', 'dataset_consumes_1_and_2', 'dataset_produces_1', 'dataset_consumes_1_never_scheduled']) retrieved from /home/gmassoqueto/repos/apache-airflow-101/.venv/lib/python3.11/site-packages/airflow/example_dags/example_datasets.py
[2023-11-14T08:00:55.360-0300] {logging_mixin.py:154} INFO - [2023-11-14T08:00:55.360-0300] {dag.py:2941} INFO - Sync 6 DAGs
[2023-11-14T08:00:55.383-0300] {logging_mixin.py:154} INFO - [2023-11-14T08:00:55.383-0300] {dag.py:3722} INFO - Setting next_dagrun for dataset_consumes_1 to None, run_after=None
[2023-11-14T08:00:55.391-0300] {logging_mixin.py:154} INFO - [2023-11-14T08:00:55.391-0300] {dag.py:3722} INFO - Setting next_dagrun for dataset_consumes_1_and_2 to None, run_after=None
[2023-11-14T08:00:55.392-0300] {logging_mixin.py:154} INFO - [2023-11-14T08:00:55.392-0300] {dag.py:3722} INFO - Setting next_dagrun for dataset_consumes_1_never_scheduled to None, run_after=None
[2023-11-14T08:00:55.393-0300] {logging_mixin.py:154} INFO - [2023-11-14T08:00:55.393-0300] {dag.py:3722} INFO - Setting next_dagrun for dataset_consumes_unknown_never_scheduled to None, run_after=None
[2023-11-14T08:00:55.396-0300] {logging_mixin.py:154} INFO - [2023-11-14T08:00:55.396-0300] {dag.py:3722} INFO - Setting next_dagrun for dataset_produces_1 to 2023-11-13T00:00:00+00:00, run_after=2023-11-14T00:00:00+00:00
[2023-11-14T08:00:55.398-0300] {logging_mixin.py:154} INFO - [2023-11-14T08:00:55.398-0300] {dag.py:3722} INFO - Setting next_dagrun for dataset_produces_2 to None, run_after=None
[2023-11-14T08:00:55.448-0300] {processor.py:179} INFO - Processing /home/gmassoqueto/repos/apache-airflow-101/.venv/lib/python3.11/site-packages/airflow/example_dags/example_datasets.py took 0.138 seconds
[2023-11-14T08:01:42.112-0300] {processor.py:157} INFO - Started process (PID=288057) to work on /home/gmassoqueto/repos/apache-airflow-101/.venv/lib/python3.11/site-packages/airflow/example_dags/example_datasets.py
[2023-11-14T08:01:42.116-0300] {processor.py:829} INFO - Processing file /home/gmassoqueto/repos/apache-airflow-101/.venv/lib/python3.11/site-packages/airflow/example_dags/example_datasets.py for tasks to queue
[2023-11-14T08:01:42.116-0300] {logging_mixin.py:154} INFO - [2023-11-14T08:01:42.116-0300] {dagbag.py:536} INFO - Filling up the DagBag from /home/gmassoqueto/repos/apache-airflow-101/.venv/lib/python3.11/site-packages/airflow/example_dags/example_datasets.py
[2023-11-14T08:01:42.126-0300] {processor.py:839} INFO - DAG(s) dict_keys(['dataset_produces_2', 'dataset_consumes_1_and_2', 'dataset_produces_1', 'dataset_consumes_1', 'dataset_consumes_unknown_never_scheduled', 'dataset_consumes_1_never_scheduled']) retrieved from /home/gmassoqueto/repos/apache-airflow-101/.venv/lib/python3.11/site-packages/airflow/example_dags/example_datasets.py
[2023-11-14T08:01:42.151-0300] {logging_mixin.py:154} INFO - [2023-11-14T08:01:42.151-0300] {dag.py:2941} INFO - Sync 6 DAGs
[2023-11-14T08:01:42.165-0300] {logging_mixin.py:154} INFO - [2023-11-14T08:01:42.165-0300] {dag.py:3722} INFO - Setting next_dagrun for dataset_consumes_1 to None, run_after=None
[2023-11-14T08:01:42.167-0300] {logging_mixin.py:154} INFO - [2023-11-14T08:01:42.167-0300] {dag.py:3722} INFO - Setting next_dagrun for dataset_consumes_1_and_2 to None, run_after=None
[2023-11-14T08:01:42.168-0300] {logging_mixin.py:154} INFO - [2023-11-14T08:01:42.168-0300] {dag.py:3722} INFO - Setting next_dagrun for dataset_consumes_1_never_scheduled to None, run_after=None
[2023-11-14T08:01:42.168-0300] {logging_mixin.py:154} INFO - [2023-11-14T08:01:42.168-0300] {dag.py:3722} INFO - Setting next_dagrun for dataset_consumes_unknown_never_scheduled to None, run_after=None
[2023-11-14T08:01:42.170-0300] {logging_mixin.py:154} INFO - [2023-11-14T08:01:42.170-0300] {dag.py:3722} INFO - Setting next_dagrun for dataset_produces_1 to 2023-11-13T00:00:00+00:00, run_after=2023-11-14T00:00:00+00:00
[2023-11-14T08:01:42.171-0300] {logging_mixin.py:154} INFO - [2023-11-14T08:01:42.171-0300] {dag.py:3722} INFO - Setting next_dagrun for dataset_produces_2 to None, run_after=None
[2023-11-14T08:01:42.196-0300] {processor.py:179} INFO - Processing /home/gmassoqueto/repos/apache-airflow-101/.venv/lib/python3.11/site-packages/airflow/example_dags/example_datasets.py took 0.087 seconds
[2023-11-14T08:02:30.290-0300] {processor.py:157} INFO - Started process (PID=288170) to work on /home/gmassoqueto/repos/apache-airflow-101/.venv/lib/python3.11/site-packages/airflow/example_dags/example_datasets.py
[2023-11-14T08:02:30.292-0300] {processor.py:829} INFO - Processing file /home/gmassoqueto/repos/apache-airflow-101/.venv/lib/python3.11/site-packages/airflow/example_dags/example_datasets.py for tasks to queue
[2023-11-14T08:02:30.293-0300] {logging_mixin.py:154} INFO - [2023-11-14T08:02:30.292-0300] {dagbag.py:536} INFO - Filling up the DagBag from /home/gmassoqueto/repos/apache-airflow-101/.venv/lib/python3.11/site-packages/airflow/example_dags/example_datasets.py
[2023-11-14T08:02:30.308-0300] {processor.py:839} INFO - DAG(s) dict_keys(['dataset_consumes_1_never_scheduled', 'dataset_consumes_unknown_never_scheduled', 'dataset_produces_2', 'dataset_consumes_1', 'dataset_consumes_1_and_2', 'dataset_produces_1']) retrieved from /home/gmassoqueto/repos/apache-airflow-101/.venv/lib/python3.11/site-packages/airflow/example_dags/example_datasets.py
[2023-11-14T08:02:30.337-0300] {logging_mixin.py:154} INFO - [2023-11-14T08:02:30.336-0300] {dag.py:2941} INFO - Sync 6 DAGs
[2023-11-14T08:02:30.351-0300] {logging_mixin.py:154} INFO - [2023-11-14T08:02:30.351-0300] {dag.py:3722} INFO - Setting next_dagrun for dataset_consumes_1 to None, run_after=None
[2023-11-14T08:02:30.353-0300] {logging_mixin.py:154} INFO - [2023-11-14T08:02:30.353-0300] {dag.py:3722} INFO - Setting next_dagrun for dataset_consumes_1_and_2 to None, run_after=None
[2023-11-14T08:02:30.353-0300] {logging_mixin.py:154} INFO - [2023-11-14T08:02:30.353-0300] {dag.py:3722} INFO - Setting next_dagrun for dataset_consumes_1_never_scheduled to None, run_after=None
[2023-11-14T08:02:30.354-0300] {logging_mixin.py:154} INFO - [2023-11-14T08:02:30.354-0300] {dag.py:3722} INFO - Setting next_dagrun for dataset_consumes_unknown_never_scheduled to None, run_after=None
[2023-11-14T08:02:30.356-0300] {logging_mixin.py:154} INFO - [2023-11-14T08:02:30.356-0300] {dag.py:3722} INFO - Setting next_dagrun for dataset_produces_1 to 2023-11-13T00:00:00+00:00, run_after=2023-11-14T00:00:00+00:00
[2023-11-14T08:02:30.356-0300] {logging_mixin.py:154} INFO - [2023-11-14T08:02:30.356-0300] {dag.py:3722} INFO - Setting next_dagrun for dataset_produces_2 to None, run_after=None
[2023-11-14T08:02:30.377-0300] {processor.py:179} INFO - Processing /home/gmassoqueto/repos/apache-airflow-101/.venv/lib/python3.11/site-packages/airflow/example_dags/example_datasets.py took 0.091 seconds
[2023-11-14T08:03:19.223-0300] {processor.py:157} INFO - Started process (PID=288384) to work on /home/gmassoqueto/repos/apache-airflow-101/.venv/lib/python3.11/site-packages/airflow/example_dags/example_datasets.py
[2023-11-14T08:03:19.227-0300] {processor.py:829} INFO - Processing file /home/gmassoqueto/repos/apache-airflow-101/.venv/lib/python3.11/site-packages/airflow/example_dags/example_datasets.py for tasks to queue
[2023-11-14T08:03:19.228-0300] {logging_mixin.py:154} INFO - [2023-11-14T08:03:19.227-0300] {dagbag.py:536} INFO - Filling up the DagBag from /home/gmassoqueto/repos/apache-airflow-101/.venv/lib/python3.11/site-packages/airflow/example_dags/example_datasets.py
[2023-11-14T08:03:19.239-0300] {processor.py:839} INFO - DAG(s) dict_keys(['dataset_produces_1', 'dataset_consumes_1_never_scheduled', 'dataset_produces_2', 'dataset_consumes_1_and_2', 'dataset_consumes_unknown_never_scheduled', 'dataset_consumes_1']) retrieved from /home/gmassoqueto/repos/apache-airflow-101/.venv/lib/python3.11/site-packages/airflow/example_dags/example_datasets.py
[2023-11-14T08:03:19.270-0300] {logging_mixin.py:154} INFO - [2023-11-14T08:03:19.269-0300] {dag.py:2941} INFO - Sync 6 DAGs
[2023-11-14T08:03:19.284-0300] {logging_mixin.py:154} INFO - [2023-11-14T08:03:19.284-0300] {dag.py:3722} INFO - Setting next_dagrun for dataset_consumes_1 to None, run_after=None
[2023-11-14T08:03:19.286-0300] {logging_mixin.py:154} INFO - [2023-11-14T08:03:19.286-0300] {dag.py:3722} INFO - Setting next_dagrun for dataset_consumes_1_and_2 to None, run_after=None
[2023-11-14T08:03:19.286-0300] {logging_mixin.py:154} INFO - [2023-11-14T08:03:19.286-0300] {dag.py:3722} INFO - Setting next_dagrun for dataset_consumes_1_never_scheduled to None, run_after=None
[2023-11-14T08:03:19.287-0300] {logging_mixin.py:154} INFO - [2023-11-14T08:03:19.287-0300] {dag.py:3722} INFO - Setting next_dagrun for dataset_consumes_unknown_never_scheduled to None, run_after=None
[2023-11-14T08:03:19.289-0300] {logging_mixin.py:154} INFO - [2023-11-14T08:03:19.289-0300] {dag.py:3722} INFO - Setting next_dagrun for dataset_produces_1 to 2023-11-13T00:00:00+00:00, run_after=2023-11-14T00:00:00+00:00
[2023-11-14T08:03:19.289-0300] {logging_mixin.py:154} INFO - [2023-11-14T08:03:19.289-0300] {dag.py:3722} INFO - Setting next_dagrun for dataset_produces_2 to None, run_after=None
[2023-11-14T08:03:19.311-0300] {processor.py:179} INFO - Processing /home/gmassoqueto/repos/apache-airflow-101/.venv/lib/python3.11/site-packages/airflow/example_dags/example_datasets.py took 0.090 seconds
[2023-11-14T08:04:08.410-0300] {processor.py:157} INFO - Started process (PID=288828) to work on /home/gmassoqueto/repos/apache-airflow-101/.venv/lib/python3.11/site-packages/airflow/example_dags/example_datasets.py
[2023-11-14T08:04:08.415-0300] {processor.py:829} INFO - Processing file /home/gmassoqueto/repos/apache-airflow-101/.venv/lib/python3.11/site-packages/airflow/example_dags/example_datasets.py for tasks to queue
[2023-11-14T08:04:08.417-0300] {logging_mixin.py:154} INFO - [2023-11-14T08:04:08.416-0300] {dagbag.py:536} INFO - Filling up the DagBag from /home/gmassoqueto/repos/apache-airflow-101/.venv/lib/python3.11/site-packages/airflow/example_dags/example_datasets.py
[2023-11-14T08:04:08.437-0300] {processor.py:839} INFO - DAG(s) dict_keys(['dataset_produces_2', 'dataset_consumes_1_never_scheduled', 'dataset_consumes_unknown_never_scheduled', 'dataset_produces_1', 'dataset_consumes_1_and_2', 'dataset_consumes_1']) retrieved from /home/gmassoqueto/repos/apache-airflow-101/.venv/lib/python3.11/site-packages/airflow/example_dags/example_datasets.py
[2023-11-14T08:04:08.462-0300] {logging_mixin.py:154} INFO - [2023-11-14T08:04:08.462-0300] {dag.py:2941} INFO - Sync 6 DAGs
[2023-11-14T08:04:08.475-0300] {logging_mixin.py:154} INFO - [2023-11-14T08:04:08.475-0300] {dag.py:3722} INFO - Setting next_dagrun for dataset_consumes_1 to None, run_after=None
[2023-11-14T08:04:08.477-0300] {logging_mixin.py:154} INFO - [2023-11-14T08:04:08.477-0300] {dag.py:3722} INFO - Setting next_dagrun for dataset_consumes_1_and_2 to None, run_after=None
[2023-11-14T08:04:08.479-0300] {logging_mixin.py:154} INFO - [2023-11-14T08:04:08.478-0300] {dag.py:3722} INFO - Setting next_dagrun for dataset_consumes_1_never_scheduled to None, run_after=None
[2023-11-14T08:04:08.479-0300] {logging_mixin.py:154} INFO - [2023-11-14T08:04:08.479-0300] {dag.py:3722} INFO - Setting next_dagrun for dataset_consumes_unknown_never_scheduled to None, run_after=None
[2023-11-14T08:04:08.481-0300] {logging_mixin.py:154} INFO - [2023-11-14T08:04:08.481-0300] {dag.py:3722} INFO - Setting next_dagrun for dataset_produces_1 to 2023-11-13T00:00:00+00:00, run_after=2023-11-14T00:00:00+00:00
[2023-11-14T08:04:08.482-0300] {logging_mixin.py:154} INFO - [2023-11-14T08:04:08.481-0300] {dag.py:3722} INFO - Setting next_dagrun for dataset_produces_2 to None, run_after=None
[2023-11-14T08:04:08.503-0300] {processor.py:179} INFO - Processing /home/gmassoqueto/repos/apache-airflow-101/.venv/lib/python3.11/site-packages/airflow/example_dags/example_datasets.py took 0.101 seconds
[2023-11-14T08:05:00.236-0300] {processor.py:157} INFO - Started process (PID=288988) to work on /home/gmassoqueto/repos/apache-airflow-101/.venv/lib/python3.11/site-packages/airflow/example_dags/example_datasets.py
[2023-11-14T08:05:00.236-0300] {processor.py:829} INFO - Processing file /home/gmassoqueto/repos/apache-airflow-101/.venv/lib/python3.11/site-packages/airflow/example_dags/example_datasets.py for tasks to queue
[2023-11-14T08:05:00.237-0300] {logging_mixin.py:154} INFO - [2023-11-14T08:05:00.237-0300] {dagbag.py:536} INFO - Filling up the DagBag from /home/gmassoqueto/repos/apache-airflow-101/.venv/lib/python3.11/site-packages/airflow/example_dags/example_datasets.py
[2023-11-14T08:05:00.244-0300] {processor.py:839} INFO - DAG(s) dict_keys(['dataset_consumes_1_never_scheduled', 'dataset_produces_1', 'dataset_consumes_unknown_never_scheduled', 'dataset_consumes_1_and_2', 'dataset_produces_2', 'dataset_consumes_1']) retrieved from /home/gmassoqueto/repos/apache-airflow-101/.venv/lib/python3.11/site-packages/airflow/example_dags/example_datasets.py
[2023-11-14T08:05:00.264-0300] {logging_mixin.py:154} INFO - [2023-11-14T08:05:00.264-0300] {dag.py:2941} INFO - Sync 6 DAGs
[2023-11-14T08:05:00.278-0300] {logging_mixin.py:154} INFO - [2023-11-14T08:05:00.277-0300] {dag.py:3722} INFO - Setting next_dagrun for dataset_consumes_1 to None, run_after=None
[2023-11-14T08:05:00.279-0300] {logging_mixin.py:154} INFO - [2023-11-14T08:05:00.279-0300] {dag.py:3722} INFO - Setting next_dagrun for dataset_consumes_1_and_2 to None, run_after=None
[2023-11-14T08:05:00.280-0300] {logging_mixin.py:154} INFO - [2023-11-14T08:05:00.280-0300] {dag.py:3722} INFO - Setting next_dagrun for dataset_consumes_1_never_scheduled to None, run_after=None
[2023-11-14T08:05:00.281-0300] {logging_mixin.py:154} INFO - [2023-11-14T08:05:00.281-0300] {dag.py:3722} INFO - Setting next_dagrun for dataset_consumes_unknown_never_scheduled to None, run_after=None
[2023-11-14T08:05:00.283-0300] {logging_mixin.py:154} INFO - [2023-11-14T08:05:00.283-0300] {dag.py:3722} INFO - Setting next_dagrun for dataset_produces_1 to 2023-11-13T00:00:00+00:00, run_after=2023-11-14T00:00:00+00:00
[2023-11-14T08:05:00.283-0300] {logging_mixin.py:154} INFO - [2023-11-14T08:05:00.283-0300] {dag.py:3722} INFO - Setting next_dagrun for dataset_produces_2 to None, run_after=None
[2023-11-14T08:05:00.303-0300] {processor.py:179} INFO - Processing /home/gmassoqueto/repos/apache-airflow-101/.venv/lib/python3.11/site-packages/airflow/example_dags/example_datasets.py took 0.070 seconds
[2023-11-14T08:05:47.624-0300] {processor.py:157} INFO - Started process (PID=289084) to work on /home/gmassoqueto/repos/apache-airflow-101/.venv/lib/python3.11/site-packages/airflow/example_dags/example_datasets.py
[2023-11-14T08:05:47.628-0300] {processor.py:829} INFO - Processing file /home/gmassoqueto/repos/apache-airflow-101/.venv/lib/python3.11/site-packages/airflow/example_dags/example_datasets.py for tasks to queue
[2023-11-14T08:05:47.629-0300] {logging_mixin.py:154} INFO - [2023-11-14T08:05:47.629-0300] {dagbag.py:536} INFO - Filling up the DagBag from /home/gmassoqueto/repos/apache-airflow-101/.venv/lib/python3.11/site-packages/airflow/example_dags/example_datasets.py
[2023-11-14T08:05:47.645-0300] {processor.py:839} INFO - DAG(s) dict_keys(['dataset_consumes_1_never_scheduled', 'dataset_consumes_unknown_never_scheduled', 'dataset_produces_2', 'dataset_consumes_1', 'dataset_produces_1', 'dataset_consumes_1_and_2']) retrieved from /home/gmassoqueto/repos/apache-airflow-101/.venv/lib/python3.11/site-packages/airflow/example_dags/example_datasets.py
[2023-11-14T08:05:47.688-0300] {logging_mixin.py:154} INFO - [2023-11-14T08:05:47.688-0300] {dag.py:2941} INFO - Sync 6 DAGs
[2023-11-14T08:05:47.713-0300] {logging_mixin.py:154} INFO - [2023-11-14T08:05:47.712-0300] {dag.py:3722} INFO - Setting next_dagrun for dataset_consumes_1 to None, run_after=None
[2023-11-14T08:05:47.715-0300] {logging_mixin.py:154} INFO - [2023-11-14T08:05:47.715-0300] {dag.py:3722} INFO - Setting next_dagrun for dataset_consumes_1_and_2 to None, run_after=None
[2023-11-14T08:05:47.717-0300] {logging_mixin.py:154} INFO - [2023-11-14T08:05:47.717-0300] {dag.py:3722} INFO - Setting next_dagrun for dataset_consumes_1_never_scheduled to None, run_after=None
[2023-11-14T08:05:47.718-0300] {logging_mixin.py:154} INFO - [2023-11-14T08:05:47.718-0300] {dag.py:3722} INFO - Setting next_dagrun for dataset_consumes_unknown_never_scheduled to None, run_after=None
[2023-11-14T08:05:47.721-0300] {logging_mixin.py:154} INFO - [2023-11-14T08:05:47.721-0300] {dag.py:3722} INFO - Setting next_dagrun for dataset_produces_1 to 2023-11-13T00:00:00+00:00, run_after=2023-11-14T00:00:00+00:00
[2023-11-14T08:05:47.722-0300] {logging_mixin.py:154} INFO - [2023-11-14T08:05:47.722-0300] {dag.py:3722} INFO - Setting next_dagrun for dataset_produces_2 to None, run_after=None
[2023-11-14T08:05:47.754-0300] {processor.py:179} INFO - Processing /home/gmassoqueto/repos/apache-airflow-101/.venv/lib/python3.11/site-packages/airflow/example_dags/example_datasets.py took 0.135 seconds
[2023-11-14T08:06:35.751-0300] {processor.py:157} INFO - Started process (PID=289224) to work on /home/gmassoqueto/repos/apache-airflow-101/.venv/lib/python3.11/site-packages/airflow/example_dags/example_datasets.py
[2023-11-14T08:06:35.755-0300] {processor.py:829} INFO - Processing file /home/gmassoqueto/repos/apache-airflow-101/.venv/lib/python3.11/site-packages/airflow/example_dags/example_datasets.py for tasks to queue
[2023-11-14T08:06:35.756-0300] {logging_mixin.py:154} INFO - [2023-11-14T08:06:35.756-0300] {dagbag.py:536} INFO - Filling up the DagBag from /home/gmassoqueto/repos/apache-airflow-101/.venv/lib/python3.11/site-packages/airflow/example_dags/example_datasets.py
[2023-11-14T08:06:35.771-0300] {processor.py:839} INFO - DAG(s) dict_keys(['dataset_consumes_1_never_scheduled', 'dataset_consumes_1_and_2', 'dataset_consumes_1', 'dataset_produces_2', 'dataset_consumes_unknown_never_scheduled', 'dataset_produces_1']) retrieved from /home/gmassoqueto/repos/apache-airflow-101/.venv/lib/python3.11/site-packages/airflow/example_dags/example_datasets.py
[2023-11-14T08:06:35.798-0300] {logging_mixin.py:154} INFO - [2023-11-14T08:06:35.798-0300] {dag.py:2941} INFO - Sync 6 DAGs
[2023-11-14T08:06:35.814-0300] {logging_mixin.py:154} INFO - [2023-11-14T08:06:35.813-0300] {dag.py:3722} INFO - Setting next_dagrun for dataset_consumes_1 to None, run_after=None
[2023-11-14T08:06:35.816-0300] {logging_mixin.py:154} INFO - [2023-11-14T08:06:35.816-0300] {dag.py:3722} INFO - Setting next_dagrun for dataset_consumes_1_and_2 to None, run_after=None
[2023-11-14T08:06:35.817-0300] {logging_mixin.py:154} INFO - [2023-11-14T08:06:35.817-0300] {dag.py:3722} INFO - Setting next_dagrun for dataset_consumes_1_never_scheduled to None, run_after=None
[2023-11-14T08:06:35.817-0300] {logging_mixin.py:154} INFO - [2023-11-14T08:06:35.817-0300] {dag.py:3722} INFO - Setting next_dagrun for dataset_consumes_unknown_never_scheduled to None, run_after=None
[2023-11-14T08:06:35.820-0300] {logging_mixin.py:154} INFO - [2023-11-14T08:06:35.819-0300] {dag.py:3722} INFO - Setting next_dagrun for dataset_produces_1 to 2023-11-13T00:00:00+00:00, run_after=2023-11-14T00:00:00+00:00
[2023-11-14T08:06:35.820-0300] {logging_mixin.py:154} INFO - [2023-11-14T08:06:35.820-0300] {dag.py:3722} INFO - Setting next_dagrun for dataset_produces_2 to None, run_after=None
[2023-11-14T08:06:35.842-0300] {processor.py:179} INFO - Processing /home/gmassoqueto/repos/apache-airflow-101/.venv/lib/python3.11/site-packages/airflow/example_dags/example_datasets.py took 0.095 seconds
[2023-11-14T08:07:24.807-0300] {processor.py:157} INFO - Started process (PID=289402) to work on /home/gmassoqueto/repos/apache-airflow-101/.venv/lib/python3.11/site-packages/airflow/example_dags/example_datasets.py
[2023-11-14T08:07:24.814-0300] {processor.py:829} INFO - Processing file /home/gmassoqueto/repos/apache-airflow-101/.venv/lib/python3.11/site-packages/airflow/example_dags/example_datasets.py for tasks to queue
[2023-11-14T08:07:24.818-0300] {logging_mixin.py:154} INFO - [2023-11-14T08:07:24.816-0300] {dagbag.py:536} INFO - Filling up the DagBag from /home/gmassoqueto/repos/apache-airflow-101/.venv/lib/python3.11/site-packages/airflow/example_dags/example_datasets.py
[2023-11-14T08:07:24.859-0300] {processor.py:839} INFO - DAG(s) dict_keys(['dataset_consumes_1_never_scheduled', 'dataset_consumes_unknown_never_scheduled', 'dataset_produces_1', 'dataset_consumes_1', 'dataset_consumes_1_and_2', 'dataset_produces_2']) retrieved from /home/gmassoqueto/repos/apache-airflow-101/.venv/lib/python3.11/site-packages/airflow/example_dags/example_datasets.py
[2023-11-14T08:07:24.913-0300] {logging_mixin.py:154} INFO - [2023-11-14T08:07:24.913-0300] {dag.py:2941} INFO - Sync 6 DAGs
[2023-11-14T08:07:24.938-0300] {logging_mixin.py:154} INFO - [2023-11-14T08:07:24.938-0300] {dag.py:3722} INFO - Setting next_dagrun for dataset_consumes_1 to None, run_after=None
[2023-11-14T08:07:24.941-0300] {logging_mixin.py:154} INFO - [2023-11-14T08:07:24.941-0300] {dag.py:3722} INFO - Setting next_dagrun for dataset_consumes_1_and_2 to None, run_after=None
[2023-11-14T08:07:24.946-0300] {logging_mixin.py:154} INFO - [2023-11-14T08:07:24.946-0300] {dag.py:3722} INFO - Setting next_dagrun for dataset_consumes_1_never_scheduled to None, run_after=None
[2023-11-14T08:07:24.947-0300] {logging_mixin.py:154} INFO - [2023-11-14T08:07:24.947-0300] {dag.py:3722} INFO - Setting next_dagrun for dataset_consumes_unknown_never_scheduled to None, run_after=None
[2023-11-14T08:07:24.950-0300] {logging_mixin.py:154} INFO - [2023-11-14T08:07:24.950-0300] {dag.py:3722} INFO - Setting next_dagrun for dataset_produces_1 to 2023-11-13T00:00:00+00:00, run_after=2023-11-14T00:00:00+00:00
[2023-11-14T08:07:24.952-0300] {logging_mixin.py:154} INFO - [2023-11-14T08:07:24.951-0300] {dag.py:3722} INFO - Setting next_dagrun for dataset_produces_2 to None, run_after=None
[2023-11-14T08:07:24.987-0300] {processor.py:179} INFO - Processing /home/gmassoqueto/repos/apache-airflow-101/.venv/lib/python3.11/site-packages/airflow/example_dags/example_datasets.py took 0.188 seconds
[2023-11-14T08:08:33.014-0300] {processor.py:157} INFO - Started process (PID=289843) to work on /home/gmassoqueto/repos/apache-airflow-101/.venv/lib/python3.11/site-packages/airflow/example_dags/example_datasets.py
[2023-11-14T08:08:33.019-0300] {processor.py:829} INFO - Processing file /home/gmassoqueto/repos/apache-airflow-101/.venv/lib/python3.11/site-packages/airflow/example_dags/example_datasets.py for tasks to queue
[2023-11-14T08:08:33.021-0300] {logging_mixin.py:154} INFO - [2023-11-14T08:08:33.020-0300] {dagbag.py:536} INFO - Filling up the DagBag from /home/gmassoqueto/repos/apache-airflow-101/.venv/lib/python3.11/site-packages/airflow/example_dags/example_datasets.py
[2023-11-14T08:08:33.045-0300] {processor.py:839} INFO - DAG(s) dict_keys(['dataset_produces_2', 'dataset_produces_1', 'dataset_consumes_1', 'dataset_consumes_unknown_never_scheduled', 'dataset_consumes_1_and_2', 'dataset_consumes_1_never_scheduled']) retrieved from /home/gmassoqueto/repos/apache-airflow-101/.venv/lib/python3.11/site-packages/airflow/example_dags/example_datasets.py
[2023-11-14T08:08:33.070-0300] {logging_mixin.py:154} INFO - [2023-11-14T08:08:33.069-0300] {dag.py:2941} INFO - Sync 6 DAGs
[2023-11-14T08:08:33.077-0300] {logging_mixin.py:154} INFO - [2023-11-14T08:08:33.077-0300] {dag.py:2963} INFO - Creating ORM DAG for dataset_produces_1
[2023-11-14T08:08:33.078-0300] {logging_mixin.py:154} INFO - [2023-11-14T08:08:33.077-0300] {dag.py:2963} INFO - Creating ORM DAG for dataset_consumes_1_never_scheduled
[2023-11-14T08:08:33.078-0300] {logging_mixin.py:154} INFO - [2023-11-14T08:08:33.078-0300] {dag.py:2963} INFO - Creating ORM DAG for dataset_consumes_1_and_2
[2023-11-14T08:08:33.078-0300] {logging_mixin.py:154} INFO - [2023-11-14T08:08:33.078-0300] {dag.py:2963} INFO - Creating ORM DAG for dataset_consumes_1
[2023-11-14T08:08:33.078-0300] {logging_mixin.py:154} INFO - [2023-11-14T08:08:33.078-0300] {dag.py:2963} INFO - Creating ORM DAG for dataset_produces_2
[2023-11-14T08:08:33.079-0300] {logging_mixin.py:154} INFO - [2023-11-14T08:08:33.079-0300] {dag.py:2963} INFO - Creating ORM DAG for dataset_consumes_unknown_never_scheduled
[2023-11-14T08:08:33.084-0300] {logging_mixin.py:154} INFO - [2023-11-14T08:08:33.084-0300] {dag.py:3722} INFO - Setting next_dagrun for dataset_consumes_1 to None, run_after=None
[2023-11-14T08:08:33.085-0300] {logging_mixin.py:154} INFO - [2023-11-14T08:08:33.085-0300] {dag.py:3722} INFO - Setting next_dagrun for dataset_consumes_1_and_2 to None, run_after=None
[2023-11-14T08:08:33.085-0300] {logging_mixin.py:154} INFO - [2023-11-14T08:08:33.085-0300] {dag.py:3722} INFO - Setting next_dagrun for dataset_consumes_1_never_scheduled to None, run_after=None
[2023-11-14T08:08:33.085-0300] {logging_mixin.py:154} INFO - [2023-11-14T08:08:33.085-0300] {dag.py:3722} INFO - Setting next_dagrun for dataset_consumes_unknown_never_scheduled to None, run_after=None
[2023-11-14T08:08:33.087-0300] {logging_mixin.py:154} INFO - [2023-11-14T08:08:33.087-0300] {dag.py:3722} INFO - Setting next_dagrun for dataset_produces_1 to 2023-11-13T00:00:00+00:00, run_after=2023-11-14T00:00:00+00:00
[2023-11-14T08:08:33.087-0300] {logging_mixin.py:154} INFO - [2023-11-14T08:08:33.087-0300] {dag.py:3722} INFO - Setting next_dagrun for dataset_produces_2 to None, run_after=None
[2023-11-14T08:08:33.121-0300] {processor.py:179} INFO - Processing /home/gmassoqueto/repos/apache-airflow-101/.venv/lib/python3.11/site-packages/airflow/example_dags/example_datasets.py took 0.113 seconds
[2023-11-14T08:10:15.743-0300] {processor.py:157} INFO - Started process (PID=290681) to work on /home/gmassoqueto/repos/apache-airflow-101/.venv/lib/python3.11/site-packages/airflow/example_dags/example_datasets.py
[2023-11-14T08:10:15.747-0300] {processor.py:829} INFO - Processing file /home/gmassoqueto/repos/apache-airflow-101/.venv/lib/python3.11/site-packages/airflow/example_dags/example_datasets.py for tasks to queue
[2023-11-14T08:10:15.748-0300] {logging_mixin.py:154} INFO - [2023-11-14T08:10:15.747-0300] {dagbag.py:536} INFO - Filling up the DagBag from /home/gmassoqueto/repos/apache-airflow-101/.venv/lib/python3.11/site-packages/airflow/example_dags/example_datasets.py
[2023-11-14T08:10:15.761-0300] {processor.py:839} INFO - DAG(s) dict_keys(['dataset_produces_2', 'dataset_produces_1', 'dataset_consumes_1_never_scheduled', 'dataset_consumes_1', 'dataset_consumes_unknown_never_scheduled', 'dataset_consumes_1_and_2']) retrieved from /home/gmassoqueto/repos/apache-airflow-101/.venv/lib/python3.11/site-packages/airflow/example_dags/example_datasets.py
[2023-11-14T08:10:15.791-0300] {logging_mixin.py:154} INFO - [2023-11-14T08:10:15.791-0300] {dag.py:2941} INFO - Sync 6 DAGs
[2023-11-14T08:10:15.809-0300] {logging_mixin.py:154} INFO - [2023-11-14T08:10:15.809-0300] {dag.py:3722} INFO - Setting next_dagrun for dataset_consumes_1 to None, run_after=None
[2023-11-14T08:10:15.813-0300] {logging_mixin.py:154} INFO - [2023-11-14T08:10:15.812-0300] {dag.py:3722} INFO - Setting next_dagrun for dataset_consumes_1_and_2 to None, run_after=None
[2023-11-14T08:10:15.814-0300] {logging_mixin.py:154} INFO - [2023-11-14T08:10:15.814-0300] {dag.py:3722} INFO - Setting next_dagrun for dataset_consumes_1_never_scheduled to None, run_after=None
[2023-11-14T08:10:15.814-0300] {logging_mixin.py:154} INFO - [2023-11-14T08:10:15.814-0300] {dag.py:3722} INFO - Setting next_dagrun for dataset_consumes_unknown_never_scheduled to None, run_after=None
[2023-11-14T08:10:15.817-0300] {logging_mixin.py:154} INFO - [2023-11-14T08:10:15.817-0300] {dag.py:3722} INFO - Setting next_dagrun for dataset_produces_1 to 2023-11-13T00:00:00+00:00, run_after=2023-11-14T00:00:00+00:00
[2023-11-14T08:10:15.818-0300] {logging_mixin.py:154} INFO - [2023-11-14T08:10:15.818-0300] {dag.py:3722} INFO - Setting next_dagrun for dataset_produces_2 to None, run_after=None
[2023-11-14T08:10:15.842-0300] {processor.py:179} INFO - Processing /home/gmassoqueto/repos/apache-airflow-101/.venv/lib/python3.11/site-packages/airflow/example_dags/example_datasets.py took 0.102 seconds
[2023-11-14T08:11:03.423-0300] {processor.py:157} INFO - Started process (PID=291132) to work on /home/gmassoqueto/repos/apache-airflow-101/.venv/lib/python3.11/site-packages/airflow/example_dags/example_datasets.py
[2023-11-14T08:11:03.427-0300] {processor.py:829} INFO - Processing file /home/gmassoqueto/repos/apache-airflow-101/.venv/lib/python3.11/site-packages/airflow/example_dags/example_datasets.py for tasks to queue
[2023-11-14T08:11:03.428-0300] {logging_mixin.py:154} INFO - [2023-11-14T08:11:03.428-0300] {dagbag.py:536} INFO - Filling up the DagBag from /home/gmassoqueto/repos/apache-airflow-101/.venv/lib/python3.11/site-packages/airflow/example_dags/example_datasets.py
[2023-11-14T08:11:03.440-0300] {processor.py:839} INFO - DAG(s) dict_keys(['dataset_consumes_unknown_never_scheduled', 'dataset_consumes_1_and_2', 'dataset_consumes_1_never_scheduled', 'dataset_consumes_1', 'dataset_produces_1', 'dataset_produces_2']) retrieved from /home/gmassoqueto/repos/apache-airflow-101/.venv/lib/python3.11/site-packages/airflow/example_dags/example_datasets.py
[2023-11-14T08:11:03.469-0300] {logging_mixin.py:154} INFO - [2023-11-14T08:11:03.469-0300] {dag.py:2941} INFO - Sync 6 DAGs
[2023-11-14T08:11:03.484-0300] {logging_mixin.py:154} INFO - [2023-11-14T08:11:03.484-0300] {dag.py:3722} INFO - Setting next_dagrun for dataset_consumes_1 to None, run_after=None
[2023-11-14T08:11:03.486-0300] {logging_mixin.py:154} INFO - [2023-11-14T08:11:03.486-0300] {dag.py:3722} INFO - Setting next_dagrun for dataset_consumes_1_and_2 to None, run_after=None
[2023-11-14T08:11:03.487-0300] {logging_mixin.py:154} INFO - [2023-11-14T08:11:03.487-0300] {dag.py:3722} INFO - Setting next_dagrun for dataset_consumes_1_never_scheduled to None, run_after=None
[2023-11-14T08:11:03.487-0300] {logging_mixin.py:154} INFO - [2023-11-14T08:11:03.487-0300] {dag.py:3722} INFO - Setting next_dagrun for dataset_consumes_unknown_never_scheduled to None, run_after=None
[2023-11-14T08:11:03.489-0300] {logging_mixin.py:154} INFO - [2023-11-14T08:11:03.489-0300] {dag.py:3722} INFO - Setting next_dagrun for dataset_produces_1 to 2023-11-13T00:00:00+00:00, run_after=2023-11-14T00:00:00+00:00
[2023-11-14T08:11:03.490-0300] {logging_mixin.py:154} INFO - [2023-11-14T08:11:03.490-0300] {dag.py:3722} INFO - Setting next_dagrun for dataset_produces_2 to None, run_after=None
[2023-11-14T08:11:03.511-0300] {processor.py:179} INFO - Processing /home/gmassoqueto/repos/apache-airflow-101/.venv/lib/python3.11/site-packages/airflow/example_dags/example_datasets.py took 0.091 seconds
[2023-11-14T08:11:51.763-0300] {processor.py:157} INFO - Started process (PID=291260) to work on /home/gmassoqueto/repos/apache-airflow-101/.venv/lib/python3.11/site-packages/airflow/example_dags/example_datasets.py
[2023-11-14T08:11:51.767-0300] {processor.py:829} INFO - Processing file /home/gmassoqueto/repos/apache-airflow-101/.venv/lib/python3.11/site-packages/airflow/example_dags/example_datasets.py for tasks to queue
[2023-11-14T08:11:51.769-0300] {logging_mixin.py:154} INFO - [2023-11-14T08:11:51.768-0300] {dagbag.py:536} INFO - Filling up the DagBag from /home/gmassoqueto/repos/apache-airflow-101/.venv/lib/python3.11/site-packages/airflow/example_dags/example_datasets.py
[2023-11-14T08:11:51.789-0300] {processor.py:839} INFO - DAG(s) dict_keys(['dataset_consumes_1', 'dataset_consumes_1_and_2', 'dataset_produces_2', 'dataset_produces_1', 'dataset_consumes_1_never_scheduled', 'dataset_consumes_unknown_never_scheduled']) retrieved from /home/gmassoqueto/repos/apache-airflow-101/.venv/lib/python3.11/site-packages/airflow/example_dags/example_datasets.py
[2023-11-14T08:11:51.818-0300] {logging_mixin.py:154} INFO - [2023-11-14T08:11:51.818-0300] {dag.py:2941} INFO - Sync 6 DAGs
[2023-11-14T08:11:51.844-0300] {logging_mixin.py:154} INFO - [2023-11-14T08:11:51.843-0300] {dag.py:3722} INFO - Setting next_dagrun for dataset_consumes_1 to None, run_after=None
[2023-11-14T08:11:51.848-0300] {logging_mixin.py:154} INFO - [2023-11-14T08:11:51.848-0300] {dag.py:3722} INFO - Setting next_dagrun for dataset_consumes_1_and_2 to None, run_after=None
[2023-11-14T08:11:51.849-0300] {logging_mixin.py:154} INFO - [2023-11-14T08:11:51.849-0300] {dag.py:3722} INFO - Setting next_dagrun for dataset_consumes_1_never_scheduled to None, run_after=None
[2023-11-14T08:11:51.851-0300] {logging_mixin.py:154} INFO - [2023-11-14T08:11:51.850-0300] {dag.py:3722} INFO - Setting next_dagrun for dataset_consumes_unknown_never_scheduled to None, run_after=None
[2023-11-14T08:11:51.856-0300] {logging_mixin.py:154} INFO - [2023-11-14T08:11:51.856-0300] {dag.py:3722} INFO - Setting next_dagrun for dataset_produces_1 to 2023-11-13T00:00:00+00:00, run_after=2023-11-14T00:00:00+00:00
[2023-11-14T08:11:51.858-0300] {logging_mixin.py:154} INFO - [2023-11-14T08:11:51.858-0300] {dag.py:3722} INFO - Setting next_dagrun for dataset_produces_2 to None, run_after=None
[2023-11-14T08:11:51.899-0300] {processor.py:179} INFO - Processing /home/gmassoqueto/repos/apache-airflow-101/.venv/lib/python3.11/site-packages/airflow/example_dags/example_datasets.py took 0.141 seconds
[2023-11-14T08:12:38.144-0300] {processor.py:157} INFO - Started process (PID=291488) to work on /home/gmassoqueto/repos/apache-airflow-101/.venv/lib/python3.11/site-packages/airflow/example_dags/example_datasets.py
[2023-11-14T08:12:38.148-0300] {processor.py:829} INFO - Processing file /home/gmassoqueto/repos/apache-airflow-101/.venv/lib/python3.11/site-packages/airflow/example_dags/example_datasets.py for tasks to queue
[2023-11-14T08:12:38.149-0300] {logging_mixin.py:154} INFO - [2023-11-14T08:12:38.149-0300] {dagbag.py:536} INFO - Filling up the DagBag from /home/gmassoqueto/repos/apache-airflow-101/.venv/lib/python3.11/site-packages/airflow/example_dags/example_datasets.py
[2023-11-14T08:12:38.158-0300] {processor.py:839} INFO - DAG(s) dict_keys(['dataset_consumes_1_and_2', 'dataset_produces_1', 'dataset_consumes_1_never_scheduled', 'dataset_consumes_unknown_never_scheduled', 'dataset_produces_2', 'dataset_consumes_1']) retrieved from /home/gmassoqueto/repos/apache-airflow-101/.venv/lib/python3.11/site-packages/airflow/example_dags/example_datasets.py
[2023-11-14T08:12:38.181-0300] {logging_mixin.py:154} INFO - [2023-11-14T08:12:38.181-0300] {dag.py:2941} INFO - Sync 6 DAGs
[2023-11-14T08:12:38.195-0300] {logging_mixin.py:154} INFO - [2023-11-14T08:12:38.195-0300] {dag.py:3722} INFO - Setting next_dagrun for dataset_consumes_1 to None, run_after=None
[2023-11-14T08:12:38.197-0300] {logging_mixin.py:154} INFO - [2023-11-14T08:12:38.197-0300] {dag.py:3722} INFO - Setting next_dagrun for dataset_consumes_1_and_2 to None, run_after=None
[2023-11-14T08:12:38.198-0300] {logging_mixin.py:154} INFO - [2023-11-14T08:12:38.198-0300] {dag.py:3722} INFO - Setting next_dagrun for dataset_consumes_1_never_scheduled to None, run_after=None
[2023-11-14T08:12:38.198-0300] {logging_mixin.py:154} INFO - [2023-11-14T08:12:38.198-0300] {dag.py:3722} INFO - Setting next_dagrun for dataset_consumes_unknown_never_scheduled to None, run_after=None
[2023-11-14T08:12:38.200-0300] {logging_mixin.py:154} INFO - [2023-11-14T08:12:38.200-0300] {dag.py:3722} INFO - Setting next_dagrun for dataset_produces_1 to 2023-11-13T00:00:00+00:00, run_after=2023-11-14T00:00:00+00:00
[2023-11-14T08:12:38.201-0300] {logging_mixin.py:154} INFO - [2023-11-14T08:12:38.201-0300] {dag.py:3722} INFO - Setting next_dagrun for dataset_produces_2 to None, run_after=None
[2023-11-14T08:12:38.224-0300] {processor.py:179} INFO - Processing /home/gmassoqueto/repos/apache-airflow-101/.venv/lib/python3.11/site-packages/airflow/example_dags/example_datasets.py took 0.082 seconds
[2023-11-14T08:13:24.462-0300] {processor.py:157} INFO - Started process (PID=291618) to work on /home/gmassoqueto/repos/apache-airflow-101/.venv/lib/python3.11/site-packages/airflow/example_dags/example_datasets.py
[2023-11-14T08:13:24.466-0300] {processor.py:829} INFO - Processing file /home/gmassoqueto/repos/apache-airflow-101/.venv/lib/python3.11/site-packages/airflow/example_dags/example_datasets.py for tasks to queue
[2023-11-14T08:13:24.467-0300] {logging_mixin.py:154} INFO - [2023-11-14T08:13:24.466-0300] {dagbag.py:536} INFO - Filling up the DagBag from /home/gmassoqueto/repos/apache-airflow-101/.venv/lib/python3.11/site-packages/airflow/example_dags/example_datasets.py
[2023-11-14T08:13:24.481-0300] {processor.py:839} INFO - DAG(s) dict_keys(['dataset_produces_2', 'dataset_produces_1', 'dataset_consumes_1', 'dataset_consumes_unknown_never_scheduled', 'dataset_consumes_1_and_2', 'dataset_consumes_1_never_scheduled']) retrieved from /home/gmassoqueto/repos/apache-airflow-101/.venv/lib/python3.11/site-packages/airflow/example_dags/example_datasets.py
[2023-11-14T08:13:24.508-0300] {logging_mixin.py:154} INFO - [2023-11-14T08:13:24.508-0300] {dag.py:2941} INFO - Sync 6 DAGs
[2023-11-14T08:13:24.522-0300] {logging_mixin.py:154} INFO - [2023-11-14T08:13:24.521-0300] {dag.py:3722} INFO - Setting next_dagrun for dataset_consumes_1 to None, run_after=None
[2023-11-14T08:13:24.523-0300] {logging_mixin.py:154} INFO - [2023-11-14T08:13:24.523-0300] {dag.py:3722} INFO - Setting next_dagrun for dataset_consumes_1_and_2 to None, run_after=None
[2023-11-14T08:13:24.524-0300] {logging_mixin.py:154} INFO - [2023-11-14T08:13:24.524-0300] {dag.py:3722} INFO - Setting next_dagrun for dataset_consumes_1_never_scheduled to None, run_after=None
[2023-11-14T08:13:24.525-0300] {logging_mixin.py:154} INFO - [2023-11-14T08:13:24.525-0300] {dag.py:3722} INFO - Setting next_dagrun for dataset_consumes_unknown_never_scheduled to None, run_after=None
[2023-11-14T08:13:24.527-0300] {logging_mixin.py:154} INFO - [2023-11-14T08:13:24.526-0300] {dag.py:3722} INFO - Setting next_dagrun for dataset_produces_1 to 2023-11-13T00:00:00+00:00, run_after=2023-11-14T00:00:00+00:00
[2023-11-14T08:13:24.527-0300] {logging_mixin.py:154} INFO - [2023-11-14T08:13:24.527-0300] {dag.py:3722} INFO - Setting next_dagrun for dataset_produces_2 to None, run_after=None
[2023-11-14T08:13:24.548-0300] {processor.py:179} INFO - Processing /home/gmassoqueto/repos/apache-airflow-101/.venv/lib/python3.11/site-packages/airflow/example_dags/example_datasets.py took 0.090 seconds
[2023-11-14T08:14:09.718-0300] {processor.py:157} INFO - Started process (PID=291706) to work on /home/gmassoqueto/repos/apache-airflow-101/.venv/lib/python3.11/site-packages/airflow/example_dags/example_datasets.py
[2023-11-14T08:14:09.722-0300] {processor.py:829} INFO - Processing file /home/gmassoqueto/repos/apache-airflow-101/.venv/lib/python3.11/site-packages/airflow/example_dags/example_datasets.py for tasks to queue
[2023-11-14T08:14:09.724-0300] {logging_mixin.py:154} INFO - [2023-11-14T08:14:09.723-0300] {dagbag.py:536} INFO - Filling up the DagBag from /home/gmassoqueto/repos/apache-airflow-101/.venv/lib/python3.11/site-packages/airflow/example_dags/example_datasets.py
[2023-11-14T08:14:09.750-0300] {processor.py:839} INFO - DAG(s) dict_keys(['dataset_consumes_1', 'dataset_consumes_1_never_scheduled', 'dataset_consumes_unknown_never_scheduled', 'dataset_produces_1', 'dataset_consumes_1_and_2', 'dataset_produces_2']) retrieved from /home/gmassoqueto/repos/apache-airflow-101/.venv/lib/python3.11/site-packages/airflow/example_dags/example_datasets.py
[2023-11-14T08:14:09.777-0300] {logging_mixin.py:154} INFO - [2023-11-14T08:14:09.777-0300] {dag.py:2941} INFO - Sync 6 DAGs
[2023-11-14T08:14:09.791-0300] {logging_mixin.py:154} INFO - [2023-11-14T08:14:09.791-0300] {dag.py:3722} INFO - Setting next_dagrun for dataset_consumes_1 to None, run_after=None
[2023-11-14T08:14:09.792-0300] {logging_mixin.py:154} INFO - [2023-11-14T08:14:09.792-0300] {dag.py:3722} INFO - Setting next_dagrun for dataset_consumes_1_and_2 to None, run_after=None
[2023-11-14T08:14:09.793-0300] {logging_mixin.py:154} INFO - [2023-11-14T08:14:09.793-0300] {dag.py:3722} INFO - Setting next_dagrun for dataset_consumes_1_never_scheduled to None, run_after=None
[2023-11-14T08:14:09.794-0300] {logging_mixin.py:154} INFO - [2023-11-14T08:14:09.794-0300] {dag.py:3722} INFO - Setting next_dagrun for dataset_consumes_unknown_never_scheduled to None, run_after=None
[2023-11-14T08:14:09.796-0300] {logging_mixin.py:154} INFO - [2023-11-14T08:14:09.795-0300] {dag.py:3722} INFO - Setting next_dagrun for dataset_produces_1 to 2023-11-13T00:00:00+00:00, run_after=2023-11-14T00:00:00+00:00
[2023-11-14T08:14:09.796-0300] {logging_mixin.py:154} INFO - [2023-11-14T08:14:09.796-0300] {dag.py:3722} INFO - Setting next_dagrun for dataset_produces_2 to None, run_after=None
[2023-11-14T08:14:09.817-0300] {processor.py:179} INFO - Processing /home/gmassoqueto/repos/apache-airflow-101/.venv/lib/python3.11/site-packages/airflow/example_dags/example_datasets.py took 0.102 seconds
[2023-11-14T08:14:59.311-0300] {processor.py:157} INFO - Started process (PID=291871) to work on /home/gmassoqueto/repos/apache-airflow-101/.venv/lib/python3.11/site-packages/airflow/example_dags/example_datasets.py
[2023-11-14T08:14:59.315-0300] {processor.py:829} INFO - Processing file /home/gmassoqueto/repos/apache-airflow-101/.venv/lib/python3.11/site-packages/airflow/example_dags/example_datasets.py for tasks to queue
[2023-11-14T08:14:59.317-0300] {logging_mixin.py:154} INFO - [2023-11-14T08:14:59.316-0300] {dagbag.py:536} INFO - Filling up the DagBag from /home/gmassoqueto/repos/apache-airflow-101/.venv/lib/python3.11/site-packages/airflow/example_dags/example_datasets.py
[2023-11-14T08:14:59.340-0300] {processor.py:839} INFO - DAG(s) dict_keys(['dataset_consumes_1_and_2', 'dataset_consumes_1', 'dataset_consumes_unknown_never_scheduled', 'dataset_consumes_1_never_scheduled', 'dataset_produces_2', 'dataset_produces_1']) retrieved from /home/gmassoqueto/repos/apache-airflow-101/.venv/lib/python3.11/site-packages/airflow/example_dags/example_datasets.py
[2023-11-14T08:14:59.365-0300] {logging_mixin.py:154} INFO - [2023-11-14T08:14:59.365-0300] {dag.py:2941} INFO - Sync 6 DAGs
[2023-11-14T08:14:59.379-0300] {logging_mixin.py:154} INFO - [2023-11-14T08:14:59.379-0300] {dag.py:3722} INFO - Setting next_dagrun for dataset_consumes_1 to None, run_after=None
[2023-11-14T08:14:59.381-0300] {logging_mixin.py:154} INFO - [2023-11-14T08:14:59.380-0300] {dag.py:3722} INFO - Setting next_dagrun for dataset_consumes_1_and_2 to None, run_after=None
[2023-11-14T08:14:59.381-0300] {logging_mixin.py:154} INFO - [2023-11-14T08:14:59.381-0300] {dag.py:3722} INFO - Setting next_dagrun for dataset_consumes_1_never_scheduled to None, run_after=None
[2023-11-14T08:14:59.382-0300] {logging_mixin.py:154} INFO - [2023-11-14T08:14:59.382-0300] {dag.py:3722} INFO - Setting next_dagrun for dataset_consumes_unknown_never_scheduled to None, run_after=None
[2023-11-14T08:14:59.384-0300] {logging_mixin.py:154} INFO - [2023-11-14T08:14:59.383-0300] {dag.py:3722} INFO - Setting next_dagrun for dataset_produces_1 to 2023-11-13T00:00:00+00:00, run_after=2023-11-14T00:00:00+00:00
[2023-11-14T08:14:59.384-0300] {logging_mixin.py:154} INFO - [2023-11-14T08:14:59.384-0300] {dag.py:3722} INFO - Setting next_dagrun for dataset_produces_2 to None, run_after=None
[2023-11-14T08:14:59.415-0300] {processor.py:179} INFO - Processing /home/gmassoqueto/repos/apache-airflow-101/.venv/lib/python3.11/site-packages/airflow/example_dags/example_datasets.py took 0.109 seconds
[2023-11-14T08:15:46.511-0300] {processor.py:157} INFO - Started process (PID=291957) to work on /home/gmassoqueto/repos/apache-airflow-101/.venv/lib/python3.11/site-packages/airflow/example_dags/example_datasets.py
[2023-11-14T08:15:46.516-0300] {processor.py:829} INFO - Processing file /home/gmassoqueto/repos/apache-airflow-101/.venv/lib/python3.11/site-packages/airflow/example_dags/example_datasets.py for tasks to queue
[2023-11-14T08:15:46.517-0300] {logging_mixin.py:154} INFO - [2023-11-14T08:15:46.517-0300] {dagbag.py:536} INFO - Filling up the DagBag from /home/gmassoqueto/repos/apache-airflow-101/.venv/lib/python3.11/site-packages/airflow/example_dags/example_datasets.py
[2023-11-14T08:15:46.538-0300] {processor.py:839} INFO - DAG(s) dict_keys(['dataset_consumes_unknown_never_scheduled', 'dataset_produces_1', 'dataset_produces_2', 'dataset_consumes_1', 'dataset_consumes_1_and_2', 'dataset_consumes_1_never_scheduled']) retrieved from /home/gmassoqueto/repos/apache-airflow-101/.venv/lib/python3.11/site-packages/airflow/example_dags/example_datasets.py
[2023-11-14T08:15:46.564-0300] {logging_mixin.py:154} INFO - [2023-11-14T08:15:46.563-0300] {dag.py:2941} INFO - Sync 6 DAGs
[2023-11-14T08:15:46.577-0300] {logging_mixin.py:154} INFO - [2023-11-14T08:15:46.577-0300] {dag.py:3722} INFO - Setting next_dagrun for dataset_consumes_1 to None, run_after=None
[2023-11-14T08:15:46.579-0300] {logging_mixin.py:154} INFO - [2023-11-14T08:15:46.579-0300] {dag.py:3722} INFO - Setting next_dagrun for dataset_consumes_1_and_2 to None, run_after=None
[2023-11-14T08:15:46.579-0300] {logging_mixin.py:154} INFO - [2023-11-14T08:15:46.579-0300] {dag.py:3722} INFO - Setting next_dagrun for dataset_consumes_1_never_scheduled to None, run_after=None
[2023-11-14T08:15:46.580-0300] {logging_mixin.py:154} INFO - [2023-11-14T08:15:46.580-0300] {dag.py:3722} INFO - Setting next_dagrun for dataset_consumes_unknown_never_scheduled to None, run_after=None
[2023-11-14T08:15:46.582-0300] {logging_mixin.py:154} INFO - [2023-11-14T08:15:46.582-0300] {dag.py:3722} INFO - Setting next_dagrun for dataset_produces_1 to 2023-11-13T00:00:00+00:00, run_after=2023-11-14T00:00:00+00:00
[2023-11-14T08:15:46.582-0300] {logging_mixin.py:154} INFO - [2023-11-14T08:15:46.582-0300] {dag.py:3722} INFO - Setting next_dagrun for dataset_produces_2 to None, run_after=None
[2023-11-14T08:15:46.604-0300] {processor.py:179} INFO - Processing /home/gmassoqueto/repos/apache-airflow-101/.venv/lib/python3.11/site-packages/airflow/example_dags/example_datasets.py took 0.098 seconds
[2023-11-14T08:16:35.650-0300] {processor.py:157} INFO - Started process (PID=292038) to work on /home/gmassoqueto/repos/apache-airflow-101/.venv/lib/python3.11/site-packages/airflow/example_dags/example_datasets.py
[2023-11-14T08:16:35.652-0300] {processor.py:829} INFO - Processing file /home/gmassoqueto/repos/apache-airflow-101/.venv/lib/python3.11/site-packages/airflow/example_dags/example_datasets.py for tasks to queue
[2023-11-14T08:16:35.654-0300] {logging_mixin.py:154} INFO - [2023-11-14T08:16:35.653-0300] {dagbag.py:536} INFO - Filling up the DagBag from /home/gmassoqueto/repos/apache-airflow-101/.venv/lib/python3.11/site-packages/airflow/example_dags/example_datasets.py
[2023-11-14T08:16:35.677-0300] {processor.py:839} INFO - DAG(s) dict_keys(['dataset_consumes_1_and_2', 'dataset_produces_1', 'dataset_consumes_1', 'dataset_produces_2', 'dataset_consumes_1_never_scheduled', 'dataset_consumes_unknown_never_scheduled']) retrieved from /home/gmassoqueto/repos/apache-airflow-101/.venv/lib/python3.11/site-packages/airflow/example_dags/example_datasets.py
[2023-11-14T08:16:35.703-0300] {logging_mixin.py:154} INFO - [2023-11-14T08:16:35.703-0300] {dag.py:2941} INFO - Sync 6 DAGs
[2023-11-14T08:16:35.716-0300] {logging_mixin.py:154} INFO - [2023-11-14T08:16:35.716-0300] {dag.py:3722} INFO - Setting next_dagrun for dataset_consumes_1 to None, run_after=None
[2023-11-14T08:16:35.718-0300] {logging_mixin.py:154} INFO - [2023-11-14T08:16:35.718-0300] {dag.py:3722} INFO - Setting next_dagrun for dataset_consumes_1_and_2 to None, run_after=None
[2023-11-14T08:16:35.719-0300] {logging_mixin.py:154} INFO - [2023-11-14T08:16:35.719-0300] {dag.py:3722} INFO - Setting next_dagrun for dataset_consumes_1_never_scheduled to None, run_after=None
[2023-11-14T08:16:35.720-0300] {logging_mixin.py:154} INFO - [2023-11-14T08:16:35.720-0300] {dag.py:3722} INFO - Setting next_dagrun for dataset_consumes_unknown_never_scheduled to None, run_after=None
[2023-11-14T08:16:35.722-0300] {logging_mixin.py:154} INFO - [2023-11-14T08:16:35.722-0300] {dag.py:3722} INFO - Setting next_dagrun for dataset_produces_1 to 2023-11-13T00:00:00+00:00, run_after=2023-11-14T00:00:00+00:00
[2023-11-14T08:16:35.722-0300] {logging_mixin.py:154} INFO - [2023-11-14T08:16:35.722-0300] {dag.py:3722} INFO - Setting next_dagrun for dataset_produces_2 to None, run_after=None
[2023-11-14T08:16:35.743-0300] {processor.py:179} INFO - Processing /home/gmassoqueto/repos/apache-airflow-101/.venv/lib/python3.11/site-packages/airflow/example_dags/example_datasets.py took 0.099 seconds
[2023-11-14T08:17:25.896-0300] {processor.py:157} INFO - Started process (PID=292127) to work on /home/gmassoqueto/repos/apache-airflow-101/.venv/lib/python3.11/site-packages/airflow/example_dags/example_datasets.py
[2023-11-14T08:17:25.899-0300] {processor.py:829} INFO - Processing file /home/gmassoqueto/repos/apache-airflow-101/.venv/lib/python3.11/site-packages/airflow/example_dags/example_datasets.py for tasks to queue
[2023-11-14T08:17:25.900-0300] {logging_mixin.py:154} INFO - [2023-11-14T08:17:25.900-0300] {dagbag.py:536} INFO - Filling up the DagBag from /home/gmassoqueto/repos/apache-airflow-101/.venv/lib/python3.11/site-packages/airflow/example_dags/example_datasets.py
[2023-11-14T08:17:25.909-0300] {processor.py:839} INFO - DAG(s) dict_keys(['dataset_produces_2', 'dataset_produces_1', 'dataset_consumes_1', 'dataset_consumes_unknown_never_scheduled', 'dataset_consumes_1_and_2', 'dataset_consumes_1_never_scheduled']) retrieved from /home/gmassoqueto/repos/apache-airflow-101/.venv/lib/python3.11/site-packages/airflow/example_dags/example_datasets.py
[2023-11-14T08:17:25.932-0300] {logging_mixin.py:154} INFO - [2023-11-14T08:17:25.932-0300] {dag.py:2941} INFO - Sync 6 DAGs
[2023-11-14T08:17:25.946-0300] {logging_mixin.py:154} INFO - [2023-11-14T08:17:25.946-0300] {dag.py:3722} INFO - Setting next_dagrun for dataset_consumes_1 to None, run_after=None
[2023-11-14T08:17:25.948-0300] {logging_mixin.py:154} INFO - [2023-11-14T08:17:25.948-0300] {dag.py:3722} INFO - Setting next_dagrun for dataset_consumes_1_and_2 to None, run_after=None
[2023-11-14T08:17:25.948-0300] {logging_mixin.py:154} INFO - [2023-11-14T08:17:25.948-0300] {dag.py:3722} INFO - Setting next_dagrun for dataset_consumes_1_never_scheduled to None, run_after=None
[2023-11-14T08:17:25.949-0300] {logging_mixin.py:154} INFO - [2023-11-14T08:17:25.949-0300] {dag.py:3722} INFO - Setting next_dagrun for dataset_consumes_unknown_never_scheduled to None, run_after=None
[2023-11-14T08:17:25.951-0300] {logging_mixin.py:154} INFO - [2023-11-14T08:17:25.951-0300] {dag.py:3722} INFO - Setting next_dagrun for dataset_produces_1 to 2023-11-13T00:00:00+00:00, run_after=2023-11-14T00:00:00+00:00
[2023-11-14T08:17:25.952-0300] {logging_mixin.py:154} INFO - [2023-11-14T08:17:25.951-0300] {dag.py:3722} INFO - Setting next_dagrun for dataset_produces_2 to None, run_after=None
[2023-11-14T08:17:25.973-0300] {processor.py:179} INFO - Processing /home/gmassoqueto/repos/apache-airflow-101/.venv/lib/python3.11/site-packages/airflow/example_dags/example_datasets.py took 0.080 seconds
