[2023-11-14T07:03:59.564-0300] {processor.py:157} INFO - Started process (PID=284822) to work on /home/gmassoqueto/repos/apache-airflow-101/.venv/lib/python3.11/site-packages/airflow/example_dags/example_branch_day_of_week_operator.py
[2023-11-14T07:03:59.565-0300] {processor.py:829} INFO - Processing file /home/gmassoqueto/repos/apache-airflow-101/.venv/lib/python3.11/site-packages/airflow/example_dags/example_branch_day_of_week_operator.py for tasks to queue
[2023-11-14T07:03:59.566-0300] {logging_mixin.py:154} INFO - [2023-11-14T07:03:59.565-0300] {dagbag.py:536} INFO - Filling up the DagBag from /home/gmassoqueto/repos/apache-airflow-101/.venv/lib/python3.11/site-packages/airflow/example_dags/example_branch_day_of_week_operator.py
[2023-11-14T07:03:59.572-0300] {processor.py:839} INFO - DAG(s) dict_keys(['example_weekday_branch_operator']) retrieved from /home/gmassoqueto/repos/apache-airflow-101/.venv/lib/python3.11/site-packages/airflow/example_dags/example_branch_day_of_week_operator.py
[2023-11-14T07:03:59.587-0300] {logging_mixin.py:154} INFO - [2023-11-14T07:03:59.586-0300] {dag.py:2941} INFO - Sync 1 DAGs
[2023-11-14T07:03:59.602-0300] {logging_mixin.py:154} INFO - [2023-11-14T07:03:59.602-0300] {dag.py:3722} INFO - Setting next_dagrun for example_weekday_branch_operator to 2023-11-13T00:00:00+00:00, run_after=2023-11-14T00:00:00+00:00
[2023-11-14T07:03:59.622-0300] {processor.py:179} INFO - Processing /home/gmassoqueto/repos/apache-airflow-101/.venv/lib/python3.11/site-packages/airflow/example_dags/example_branch_day_of_week_operator.py took 0.060 seconds
[2023-11-14T07:57:54.684-0300] {processor.py:157} INFO - Started process (PID=287319) to work on /home/gmassoqueto/repos/apache-airflow-101/.venv/lib/python3.11/site-packages/airflow/example_dags/example_branch_day_of_week_operator.py
[2023-11-14T07:57:54.688-0300] {processor.py:829} INFO - Processing file /home/gmassoqueto/repos/apache-airflow-101/.venv/lib/python3.11/site-packages/airflow/example_dags/example_branch_day_of_week_operator.py for tasks to queue
[2023-11-14T07:57:54.689-0300] {logging_mixin.py:154} INFO - [2023-11-14T07:57:54.689-0300] {dagbag.py:536} INFO - Filling up the DagBag from /home/gmassoqueto/repos/apache-airflow-101/.venv/lib/python3.11/site-packages/airflow/example_dags/example_branch_day_of_week_operator.py
[2023-11-14T07:57:54.698-0300] {processor.py:839} INFO - DAG(s) dict_keys(['example_weekday_branch_operator']) retrieved from /home/gmassoqueto/repos/apache-airflow-101/.venv/lib/python3.11/site-packages/airflow/example_dags/example_branch_day_of_week_operator.py
[2023-11-14T07:57:54.715-0300] {logging_mixin.py:154} INFO - [2023-11-14T07:57:54.715-0300] {dag.py:2941} INFO - Sync 1 DAGs
[2023-11-14T07:57:54.735-0300] {logging_mixin.py:154} INFO - [2023-11-14T07:57:54.735-0300] {dag.py:3722} INFO - Setting next_dagrun for example_weekday_branch_operator to 2023-11-13T00:00:00+00:00, run_after=2023-11-14T00:00:00+00:00
[2023-11-14T07:57:54.754-0300] {processor.py:179} INFO - Processing /home/gmassoqueto/repos/apache-airflow-101/.venv/lib/python3.11/site-packages/airflow/example_dags/example_branch_day_of_week_operator.py took 0.075 seconds
[2023-11-14T07:58:42.309-0300] {processor.py:157} INFO - Started process (PID=287501) to work on /home/gmassoqueto/repos/apache-airflow-101/.venv/lib/python3.11/site-packages/airflow/example_dags/example_branch_day_of_week_operator.py
[2023-11-14T07:58:42.311-0300] {processor.py:829} INFO - Processing file /home/gmassoqueto/repos/apache-airflow-101/.venv/lib/python3.11/site-packages/airflow/example_dags/example_branch_day_of_week_operator.py for tasks to queue
[2023-11-14T07:58:42.314-0300] {logging_mixin.py:154} INFO - [2023-11-14T07:58:42.313-0300] {dagbag.py:536} INFO - Filling up the DagBag from /home/gmassoqueto/repos/apache-airflow-101/.venv/lib/python3.11/site-packages/airflow/example_dags/example_branch_day_of_week_operator.py
[2023-11-14T07:58:42.337-0300] {processor.py:839} INFO - DAG(s) dict_keys(['example_weekday_branch_operator']) retrieved from /home/gmassoqueto/repos/apache-airflow-101/.venv/lib/python3.11/site-packages/airflow/example_dags/example_branch_day_of_week_operator.py
[2023-11-14T07:58:42.370-0300] {logging_mixin.py:154} INFO - [2023-11-14T07:58:42.369-0300] {dag.py:2941} INFO - Sync 1 DAGs
[2023-11-14T07:58:42.388-0300] {logging_mixin.py:154} INFO - [2023-11-14T07:58:42.388-0300] {dag.py:3722} INFO - Setting next_dagrun for example_weekday_branch_operator to 2023-11-13T00:00:00+00:00, run_after=2023-11-14T00:00:00+00:00
[2023-11-14T07:58:42.404-0300] {processor.py:179} INFO - Processing /home/gmassoqueto/repos/apache-airflow-101/.venv/lib/python3.11/site-packages/airflow/example_dags/example_branch_day_of_week_operator.py took 0.103 seconds
[2023-11-14T07:59:30.483-0300] {processor.py:157} INFO - Started process (PID=287617) to work on /home/gmassoqueto/repos/apache-airflow-101/.venv/lib/python3.11/site-packages/airflow/example_dags/example_branch_day_of_week_operator.py
[2023-11-14T07:59:30.489-0300] {processor.py:829} INFO - Processing file /home/gmassoqueto/repos/apache-airflow-101/.venv/lib/python3.11/site-packages/airflow/example_dags/example_branch_day_of_week_operator.py for tasks to queue
[2023-11-14T07:59:30.491-0300] {logging_mixin.py:154} INFO - [2023-11-14T07:59:30.490-0300] {dagbag.py:536} INFO - Filling up the DagBag from /home/gmassoqueto/repos/apache-airflow-101/.venv/lib/python3.11/site-packages/airflow/example_dags/example_branch_day_of_week_operator.py
[2023-11-14T07:59:30.511-0300] {processor.py:839} INFO - DAG(s) dict_keys(['example_weekday_branch_operator']) retrieved from /home/gmassoqueto/repos/apache-airflow-101/.venv/lib/python3.11/site-packages/airflow/example_dags/example_branch_day_of_week_operator.py
[2023-11-14T07:59:30.530-0300] {logging_mixin.py:154} INFO - [2023-11-14T07:59:30.530-0300] {dag.py:2941} INFO - Sync 1 DAGs
[2023-11-14T07:59:30.546-0300] {logging_mixin.py:154} INFO - [2023-11-14T07:59:30.546-0300] {dag.py:3722} INFO - Setting next_dagrun for example_weekday_branch_operator to 2023-11-13T00:00:00+00:00, run_after=2023-11-14T00:00:00+00:00
[2023-11-14T07:59:30.576-0300] {processor.py:179} INFO - Processing /home/gmassoqueto/repos/apache-airflow-101/.venv/lib/python3.11/site-packages/airflow/example_dags/example_branch_day_of_week_operator.py took 0.101 seconds
[2023-11-14T08:00:26.186-0300] {processor.py:157} INFO - Started process (PID=287746) to work on /home/gmassoqueto/repos/apache-airflow-101/.venv/lib/python3.11/site-packages/airflow/example_dags/example_branch_day_of_week_operator.py
[2023-11-14T08:00:26.190-0300] {processor.py:829} INFO - Processing file /home/gmassoqueto/repos/apache-airflow-101/.venv/lib/python3.11/site-packages/airflow/example_dags/example_branch_day_of_week_operator.py for tasks to queue
[2023-11-14T08:00:26.191-0300] {logging_mixin.py:154} INFO - [2023-11-14T08:00:26.190-0300] {dagbag.py:536} INFO - Filling up the DagBag from /home/gmassoqueto/repos/apache-airflow-101/.venv/lib/python3.11/site-packages/airflow/example_dags/example_branch_day_of_week_operator.py
[2023-11-14T08:00:26.204-0300] {processor.py:839} INFO - DAG(s) dict_keys(['example_weekday_branch_operator']) retrieved from /home/gmassoqueto/repos/apache-airflow-101/.venv/lib/python3.11/site-packages/airflow/example_dags/example_branch_day_of_week_operator.py
[2023-11-14T08:00:26.223-0300] {logging_mixin.py:154} INFO - [2023-11-14T08:00:26.222-0300] {dag.py:2941} INFO - Sync 1 DAGs
[2023-11-14T08:00:26.242-0300] {logging_mixin.py:154} INFO - [2023-11-14T08:00:26.241-0300] {dag.py:3722} INFO - Setting next_dagrun for example_weekday_branch_operator to 2023-11-13T00:00:00+00:00, run_after=2023-11-14T00:00:00+00:00
[2023-11-14T08:00:26.261-0300] {processor.py:179} INFO - Processing /home/gmassoqueto/repos/apache-airflow-101/.venv/lib/python3.11/site-packages/airflow/example_dags/example_branch_day_of_week_operator.py took 0.079 seconds
[2023-11-14T08:01:13.357-0300] {processor.py:157} INFO - Started process (PID=287938) to work on /home/gmassoqueto/repos/apache-airflow-101/.venv/lib/python3.11/site-packages/airflow/example_dags/example_branch_day_of_week_operator.py
[2023-11-14T08:01:13.361-0300] {processor.py:829} INFO - Processing file /home/gmassoqueto/repos/apache-airflow-101/.venv/lib/python3.11/site-packages/airflow/example_dags/example_branch_day_of_week_operator.py for tasks to queue
[2023-11-14T08:01:13.361-0300] {logging_mixin.py:154} INFO - [2023-11-14T08:01:13.361-0300] {dagbag.py:536} INFO - Filling up the DagBag from /home/gmassoqueto/repos/apache-airflow-101/.venv/lib/python3.11/site-packages/airflow/example_dags/example_branch_day_of_week_operator.py
[2023-11-14T08:01:13.371-0300] {processor.py:839} INFO - DAG(s) dict_keys(['example_weekday_branch_operator']) retrieved from /home/gmassoqueto/repos/apache-airflow-101/.venv/lib/python3.11/site-packages/airflow/example_dags/example_branch_day_of_week_operator.py
[2023-11-14T08:01:13.392-0300] {logging_mixin.py:154} INFO - [2023-11-14T08:01:13.392-0300] {dag.py:2941} INFO - Sync 1 DAGs
[2023-11-14T08:01:13.410-0300] {logging_mixin.py:154} INFO - [2023-11-14T08:01:13.410-0300] {dag.py:3722} INFO - Setting next_dagrun for example_weekday_branch_operator to 2023-11-13T00:00:00+00:00, run_after=2023-11-14T00:00:00+00:00
[2023-11-14T08:01:13.428-0300] {processor.py:179} INFO - Processing /home/gmassoqueto/repos/apache-airflow-101/.venv/lib/python3.11/site-packages/airflow/example_dags/example_branch_day_of_week_operator.py took 0.074 seconds
[2023-11-14T08:02:04.225-0300] {processor.py:157} INFO - Started process (PID=288093) to work on /home/gmassoqueto/repos/apache-airflow-101/.venv/lib/python3.11/site-packages/airflow/example_dags/example_branch_day_of_week_operator.py
[2023-11-14T08:02:04.229-0300] {processor.py:829} INFO - Processing file /home/gmassoqueto/repos/apache-airflow-101/.venv/lib/python3.11/site-packages/airflow/example_dags/example_branch_day_of_week_operator.py for tasks to queue
[2023-11-14T08:02:04.230-0300] {logging_mixin.py:154} INFO - [2023-11-14T08:02:04.230-0300] {dagbag.py:536} INFO - Filling up the DagBag from /home/gmassoqueto/repos/apache-airflow-101/.venv/lib/python3.11/site-packages/airflow/example_dags/example_branch_day_of_week_operator.py
[2023-11-14T08:02:04.242-0300] {processor.py:839} INFO - DAG(s) dict_keys(['example_weekday_branch_operator']) retrieved from /home/gmassoqueto/repos/apache-airflow-101/.venv/lib/python3.11/site-packages/airflow/example_dags/example_branch_day_of_week_operator.py
[2023-11-14T08:02:04.260-0300] {logging_mixin.py:154} INFO - [2023-11-14T08:02:04.260-0300] {dag.py:2941} INFO - Sync 1 DAGs
[2023-11-14T08:02:04.279-0300] {logging_mixin.py:154} INFO - [2023-11-14T08:02:04.279-0300] {dag.py:3722} INFO - Setting next_dagrun for example_weekday_branch_operator to 2023-11-13T00:00:00+00:00, run_after=2023-11-14T00:00:00+00:00
[2023-11-14T08:02:04.307-0300] {processor.py:179} INFO - Processing /home/gmassoqueto/repos/apache-airflow-101/.venv/lib/python3.11/site-packages/airflow/example_dags/example_branch_day_of_week_operator.py took 0.086 seconds
[2023-11-14T08:02:51.043-0300] {processor.py:157} INFO - Started process (PID=288289) to work on /home/gmassoqueto/repos/apache-airflow-101/.venv/lib/python3.11/site-packages/airflow/example_dags/example_branch_day_of_week_operator.py
[2023-11-14T08:02:51.048-0300] {processor.py:829} INFO - Processing file /home/gmassoqueto/repos/apache-airflow-101/.venv/lib/python3.11/site-packages/airflow/example_dags/example_branch_day_of_week_operator.py for tasks to queue
[2023-11-14T08:02:51.050-0300] {logging_mixin.py:154} INFO - [2023-11-14T08:02:51.049-0300] {dagbag.py:536} INFO - Filling up the DagBag from /home/gmassoqueto/repos/apache-airflow-101/.venv/lib/python3.11/site-packages/airflow/example_dags/example_branch_day_of_week_operator.py
[2023-11-14T08:02:51.069-0300] {processor.py:839} INFO - DAG(s) dict_keys(['example_weekday_branch_operator']) retrieved from /home/gmassoqueto/repos/apache-airflow-101/.venv/lib/python3.11/site-packages/airflow/example_dags/example_branch_day_of_week_operator.py
[2023-11-14T08:02:51.088-0300] {logging_mixin.py:154} INFO - [2023-11-14T08:02:51.088-0300] {dag.py:2941} INFO - Sync 1 DAGs
[2023-11-14T08:02:51.106-0300] {logging_mixin.py:154} INFO - [2023-11-14T08:02:51.106-0300] {dag.py:3722} INFO - Setting next_dagrun for example_weekday_branch_operator to 2023-11-13T00:00:00+00:00, run_after=2023-11-14T00:00:00+00:00
[2023-11-14T08:02:51.125-0300] {processor.py:179} INFO - Processing /home/gmassoqueto/repos/apache-airflow-101/.venv/lib/python3.11/site-packages/airflow/example_dags/example_branch_day_of_week_operator.py took 0.090 seconds
[2023-11-14T08:03:38.840-0300] {processor.py:157} INFO - Started process (PID=288406) to work on /home/gmassoqueto/repos/apache-airflow-101/.venv/lib/python3.11/site-packages/airflow/example_dags/example_branch_day_of_week_operator.py
[2023-11-14T08:03:38.843-0300] {processor.py:829} INFO - Processing file /home/gmassoqueto/repos/apache-airflow-101/.venv/lib/python3.11/site-packages/airflow/example_dags/example_branch_day_of_week_operator.py for tasks to queue
[2023-11-14T08:03:38.844-0300] {logging_mixin.py:154} INFO - [2023-11-14T08:03:38.844-0300] {dagbag.py:536} INFO - Filling up the DagBag from /home/gmassoqueto/repos/apache-airflow-101/.venv/lib/python3.11/site-packages/airflow/example_dags/example_branch_day_of_week_operator.py
[2023-11-14T08:03:38.851-0300] {processor.py:839} INFO - DAG(s) dict_keys(['example_weekday_branch_operator']) retrieved from /home/gmassoqueto/repos/apache-airflow-101/.venv/lib/python3.11/site-packages/airflow/example_dags/example_branch_day_of_week_operator.py
[2023-11-14T08:03:38.867-0300] {logging_mixin.py:154} INFO - [2023-11-14T08:03:38.867-0300] {dag.py:2941} INFO - Sync 1 DAGs
[2023-11-14T08:03:38.885-0300] {logging_mixin.py:154} INFO - [2023-11-14T08:03:38.884-0300] {dag.py:3722} INFO - Setting next_dagrun for example_weekday_branch_operator to 2023-11-13T00:00:00+00:00, run_after=2023-11-14T00:00:00+00:00
[2023-11-14T08:03:38.904-0300] {processor.py:179} INFO - Processing /home/gmassoqueto/repos/apache-airflow-101/.venv/lib/python3.11/site-packages/airflow/example_dags/example_branch_day_of_week_operator.py took 0.067 seconds
[2023-11-14T08:04:29.069-0300] {processor.py:157} INFO - Started process (PID=288893) to work on /home/gmassoqueto/repos/apache-airflow-101/.venv/lib/python3.11/site-packages/airflow/example_dags/example_branch_day_of_week_operator.py
[2023-11-14T08:04:29.070-0300] {processor.py:829} INFO - Processing file /home/gmassoqueto/repos/apache-airflow-101/.venv/lib/python3.11/site-packages/airflow/example_dags/example_branch_day_of_week_operator.py for tasks to queue
[2023-11-14T08:04:29.072-0300] {logging_mixin.py:154} INFO - [2023-11-14T08:04:29.071-0300] {dagbag.py:536} INFO - Filling up the DagBag from /home/gmassoqueto/repos/apache-airflow-101/.venv/lib/python3.11/site-packages/airflow/example_dags/example_branch_day_of_week_operator.py
[2023-11-14T08:04:29.084-0300] {processor.py:839} INFO - DAG(s) dict_keys(['example_weekday_branch_operator']) retrieved from /home/gmassoqueto/repos/apache-airflow-101/.venv/lib/python3.11/site-packages/airflow/example_dags/example_branch_day_of_week_operator.py
[2023-11-14T08:04:29.099-0300] {logging_mixin.py:154} INFO - [2023-11-14T08:04:29.099-0300] {dag.py:2941} INFO - Sync 1 DAGs
[2023-11-14T08:04:29.115-0300] {logging_mixin.py:154} INFO - [2023-11-14T08:04:29.115-0300] {dag.py:3722} INFO - Setting next_dagrun for example_weekday_branch_operator to 2023-11-13T00:00:00+00:00, run_after=2023-11-14T00:00:00+00:00
[2023-11-14T08:04:29.130-0300] {processor.py:179} INFO - Processing /home/gmassoqueto/repos/apache-airflow-101/.venv/lib/python3.11/site-packages/airflow/example_dags/example_branch_day_of_week_operator.py took 0.066 seconds
[2023-11-14T08:05:19.530-0300] {processor.py:157} INFO - Started process (PID=289029) to work on /home/gmassoqueto/repos/apache-airflow-101/.venv/lib/python3.11/site-packages/airflow/example_dags/example_branch_day_of_week_operator.py
[2023-11-14T08:05:19.534-0300] {processor.py:829} INFO - Processing file /home/gmassoqueto/repos/apache-airflow-101/.venv/lib/python3.11/site-packages/airflow/example_dags/example_branch_day_of_week_operator.py for tasks to queue
[2023-11-14T08:05:19.536-0300] {logging_mixin.py:154} INFO - [2023-11-14T08:05:19.535-0300] {dagbag.py:536} INFO - Filling up the DagBag from /home/gmassoqueto/repos/apache-airflow-101/.venv/lib/python3.11/site-packages/airflow/example_dags/example_branch_day_of_week_operator.py
[2023-11-14T08:05:19.559-0300] {processor.py:839} INFO - DAG(s) dict_keys(['example_weekday_branch_operator']) retrieved from /home/gmassoqueto/repos/apache-airflow-101/.venv/lib/python3.11/site-packages/airflow/example_dags/example_branch_day_of_week_operator.py
[2023-11-14T08:05:19.581-0300] {logging_mixin.py:154} INFO - [2023-11-14T08:05:19.581-0300] {dag.py:2941} INFO - Sync 1 DAGs
[2023-11-14T08:05:19.597-0300] {logging_mixin.py:154} INFO - [2023-11-14T08:05:19.597-0300] {dag.py:3722} INFO - Setting next_dagrun for example_weekday_branch_operator to 2023-11-13T00:00:00+00:00, run_after=2023-11-14T00:00:00+00:00
[2023-11-14T08:05:19.614-0300] {processor.py:179} INFO - Processing /home/gmassoqueto/repos/apache-airflow-101/.venv/lib/python3.11/site-packages/airflow/example_dags/example_branch_day_of_week_operator.py took 0.087 seconds
[2023-11-14T08:06:08.030-0300] {processor.py:157} INFO - Started process (PID=289163) to work on /home/gmassoqueto/repos/apache-airflow-101/.venv/lib/python3.11/site-packages/airflow/example_dags/example_branch_day_of_week_operator.py
[2023-11-14T08:06:08.031-0300] {processor.py:829} INFO - Processing file /home/gmassoqueto/repos/apache-airflow-101/.venv/lib/python3.11/site-packages/airflow/example_dags/example_branch_day_of_week_operator.py for tasks to queue
[2023-11-14T08:06:08.033-0300] {logging_mixin.py:154} INFO - [2023-11-14T08:06:08.033-0300] {dagbag.py:536} INFO - Filling up the DagBag from /home/gmassoqueto/repos/apache-airflow-101/.venv/lib/python3.11/site-packages/airflow/example_dags/example_branch_day_of_week_operator.py
[2023-11-14T08:06:08.050-0300] {processor.py:839} INFO - DAG(s) dict_keys(['example_weekday_branch_operator']) retrieved from /home/gmassoqueto/repos/apache-airflow-101/.venv/lib/python3.11/site-packages/airflow/example_dags/example_branch_day_of_week_operator.py
[2023-11-14T08:06:08.066-0300] {logging_mixin.py:154} INFO - [2023-11-14T08:06:08.066-0300] {dag.py:2941} INFO - Sync 1 DAGs
[2023-11-14T08:06:08.083-0300] {logging_mixin.py:154} INFO - [2023-11-14T08:06:08.083-0300] {dag.py:3722} INFO - Setting next_dagrun for example_weekday_branch_operator to 2023-11-13T00:00:00+00:00, run_after=2023-11-14T00:00:00+00:00
[2023-11-14T08:06:08.099-0300] {processor.py:179} INFO - Processing /home/gmassoqueto/repos/apache-airflow-101/.venv/lib/python3.11/site-packages/airflow/example_dags/example_branch_day_of_week_operator.py took 0.076 seconds
[2023-11-14T08:06:56.513-0300] {processor.py:157} INFO - Started process (PID=289282) to work on /home/gmassoqueto/repos/apache-airflow-101/.venv/lib/python3.11/site-packages/airflow/example_dags/example_branch_day_of_week_operator.py
[2023-11-14T08:06:56.517-0300] {processor.py:829} INFO - Processing file /home/gmassoqueto/repos/apache-airflow-101/.venv/lib/python3.11/site-packages/airflow/example_dags/example_branch_day_of_week_operator.py for tasks to queue
[2023-11-14T08:06:56.518-0300] {logging_mixin.py:154} INFO - [2023-11-14T08:06:56.517-0300] {dagbag.py:536} INFO - Filling up the DagBag from /home/gmassoqueto/repos/apache-airflow-101/.venv/lib/python3.11/site-packages/airflow/example_dags/example_branch_day_of_week_operator.py
[2023-11-14T08:06:56.529-0300] {processor.py:839} INFO - DAG(s) dict_keys(['example_weekday_branch_operator']) retrieved from /home/gmassoqueto/repos/apache-airflow-101/.venv/lib/python3.11/site-packages/airflow/example_dags/example_branch_day_of_week_operator.py
[2023-11-14T08:06:56.549-0300] {logging_mixin.py:154} INFO - [2023-11-14T08:06:56.548-0300] {dag.py:2941} INFO - Sync 1 DAGs
[2023-11-14T08:06:56.571-0300] {logging_mixin.py:154} INFO - [2023-11-14T08:06:56.571-0300] {dag.py:3722} INFO - Setting next_dagrun for example_weekday_branch_operator to 2023-11-13T00:00:00+00:00, run_after=2023-11-14T00:00:00+00:00
[2023-11-14T08:06:56.593-0300] {processor.py:179} INFO - Processing /home/gmassoqueto/repos/apache-airflow-101/.venv/lib/python3.11/site-packages/airflow/example_dags/example_branch_day_of_week_operator.py took 0.085 seconds
[2023-11-14T08:07:44.286-0300] {processor.py:157} INFO - Started process (PID=289493) to work on /home/gmassoqueto/repos/apache-airflow-101/.venv/lib/python3.11/site-packages/airflow/example_dags/example_branch_day_of_week_operator.py
[2023-11-14T08:07:44.291-0300] {processor.py:829} INFO - Processing file /home/gmassoqueto/repos/apache-airflow-101/.venv/lib/python3.11/site-packages/airflow/example_dags/example_branch_day_of_week_operator.py for tasks to queue
[2023-11-14T08:07:44.294-0300] {logging_mixin.py:154} INFO - [2023-11-14T08:07:44.293-0300] {dagbag.py:536} INFO - Filling up the DagBag from /home/gmassoqueto/repos/apache-airflow-101/.venv/lib/python3.11/site-packages/airflow/example_dags/example_branch_day_of_week_operator.py
[2023-11-14T08:07:44.315-0300] {processor.py:839} INFO - DAG(s) dict_keys(['example_weekday_branch_operator']) retrieved from /home/gmassoqueto/repos/apache-airflow-101/.venv/lib/python3.11/site-packages/airflow/example_dags/example_branch_day_of_week_operator.py
[2023-11-14T08:07:44.334-0300] {logging_mixin.py:154} INFO - [2023-11-14T08:07:44.334-0300] {dag.py:2941} INFO - Sync 1 DAGs
[2023-11-14T08:07:44.351-0300] {logging_mixin.py:154} INFO - [2023-11-14T08:07:44.351-0300] {dag.py:3722} INFO - Setting next_dagrun for example_weekday_branch_operator to 2023-11-13T00:00:00+00:00, run_after=2023-11-14T00:00:00+00:00
[2023-11-14T08:07:44.374-0300] {processor.py:179} INFO - Processing /home/gmassoqueto/repos/apache-airflow-101/.venv/lib/python3.11/site-packages/airflow/example_dags/example_branch_day_of_week_operator.py took 0.095 seconds
[2023-11-14T08:08:48.642-0300] {processor.py:157} INFO - Started process (PID=289920) to work on /home/gmassoqueto/repos/apache-airflow-101/.venv/lib/python3.11/site-packages/airflow/example_dags/example_branch_day_of_week_operator.py
[2023-11-14T08:08:48.647-0300] {processor.py:829} INFO - Processing file /home/gmassoqueto/repos/apache-airflow-101/.venv/lib/python3.11/site-packages/airflow/example_dags/example_branch_day_of_week_operator.py for tasks to queue
[2023-11-14T08:08:48.649-0300] {logging_mixin.py:154} INFO - [2023-11-14T08:08:48.648-0300] {dagbag.py:536} INFO - Filling up the DagBag from /home/gmassoqueto/repos/apache-airflow-101/.venv/lib/python3.11/site-packages/airflow/example_dags/example_branch_day_of_week_operator.py
[2023-11-14T08:08:48.665-0300] {processor.py:839} INFO - DAG(s) dict_keys(['example_weekday_branch_operator']) retrieved from /home/gmassoqueto/repos/apache-airflow-101/.venv/lib/python3.11/site-packages/airflow/example_dags/example_branch_day_of_week_operator.py
[2023-11-14T08:08:48.682-0300] {logging_mixin.py:154} INFO - [2023-11-14T08:08:48.682-0300] {dag.py:2941} INFO - Sync 1 DAGs
[2023-11-14T08:08:48.691-0300] {logging_mixin.py:154} INFO - [2023-11-14T08:08:48.691-0300] {dag.py:2963} INFO - Creating ORM DAG for example_weekday_branch_operator
[2023-11-14T08:08:48.699-0300] {logging_mixin.py:154} INFO - [2023-11-14T08:08:48.699-0300] {dag.py:3722} INFO - Setting next_dagrun for example_weekday_branch_operator to 2023-11-13T00:00:00+00:00, run_after=2023-11-14T00:00:00+00:00
[2023-11-14T08:08:48.715-0300] {processor.py:179} INFO - Processing /home/gmassoqueto/repos/apache-airflow-101/.venv/lib/python3.11/site-packages/airflow/example_dags/example_branch_day_of_week_operator.py took 0.080 seconds
[2023-11-14T08:10:31.427-0300] {processor.py:157} INFO - Started process (PID=291015) to work on /home/gmassoqueto/repos/apache-airflow-101/.venv/lib/python3.11/site-packages/airflow/example_dags/example_branch_day_of_week_operator.py
[2023-11-14T08:10:31.432-0300] {processor.py:829} INFO - Processing file /home/gmassoqueto/repos/apache-airflow-101/.venv/lib/python3.11/site-packages/airflow/example_dags/example_branch_day_of_week_operator.py for tasks to queue
[2023-11-14T08:10:31.434-0300] {logging_mixin.py:154} INFO - [2023-11-14T08:10:31.433-0300] {dagbag.py:536} INFO - Filling up the DagBag from /home/gmassoqueto/repos/apache-airflow-101/.venv/lib/python3.11/site-packages/airflow/example_dags/example_branch_day_of_week_operator.py
[2023-11-14T08:10:31.456-0300] {processor.py:839} INFO - DAG(s) dict_keys(['example_weekday_branch_operator']) retrieved from /home/gmassoqueto/repos/apache-airflow-101/.venv/lib/python3.11/site-packages/airflow/example_dags/example_branch_day_of_week_operator.py
[2023-11-14T08:10:31.475-0300] {logging_mixin.py:154} INFO - [2023-11-14T08:10:31.475-0300] {dag.py:2941} INFO - Sync 1 DAGs
[2023-11-14T08:10:31.493-0300] {logging_mixin.py:154} INFO - [2023-11-14T08:10:31.493-0300] {dag.py:3722} INFO - Setting next_dagrun for example_weekday_branch_operator to 2023-11-13T00:00:00+00:00, run_after=2023-11-14T00:00:00+00:00
[2023-11-14T08:10:31.511-0300] {processor.py:179} INFO - Processing /home/gmassoqueto/repos/apache-airflow-101/.venv/lib/python3.11/site-packages/airflow/example_dags/example_branch_day_of_week_operator.py took 0.089 seconds
[2023-11-14T08:11:24.667-0300] {processor.py:157} INFO - Started process (PID=291167) to work on /home/gmassoqueto/repos/apache-airflow-101/.venv/lib/python3.11/site-packages/airflow/example_dags/example_branch_day_of_week_operator.py
[2023-11-14T08:11:24.671-0300] {processor.py:829} INFO - Processing file /home/gmassoqueto/repos/apache-airflow-101/.venv/lib/python3.11/site-packages/airflow/example_dags/example_branch_day_of_week_operator.py for tasks to queue
[2023-11-14T08:11:24.673-0300] {logging_mixin.py:154} INFO - [2023-11-14T08:11:24.672-0300] {dagbag.py:536} INFO - Filling up the DagBag from /home/gmassoqueto/repos/apache-airflow-101/.venv/lib/python3.11/site-packages/airflow/example_dags/example_branch_day_of_week_operator.py
[2023-11-14T08:11:24.690-0300] {processor.py:839} INFO - DAG(s) dict_keys(['example_weekday_branch_operator']) retrieved from /home/gmassoqueto/repos/apache-airflow-101/.venv/lib/python3.11/site-packages/airflow/example_dags/example_branch_day_of_week_operator.py
[2023-11-14T08:11:24.714-0300] {logging_mixin.py:154} INFO - [2023-11-14T08:11:24.714-0300] {dag.py:2941} INFO - Sync 1 DAGs
[2023-11-14T08:11:24.731-0300] {logging_mixin.py:154} INFO - [2023-11-14T08:11:24.731-0300] {dag.py:3722} INFO - Setting next_dagrun for example_weekday_branch_operator to 2023-11-13T00:00:00+00:00, run_after=2023-11-14T00:00:00+00:00
[2023-11-14T08:11:24.747-0300] {processor.py:179} INFO - Processing /home/gmassoqueto/repos/apache-airflow-101/.venv/lib/python3.11/site-packages/airflow/example_dags/example_branch_day_of_week_operator.py took 0.083 seconds
[2023-11-14T08:12:10.834-0300] {processor.py:157} INFO - Started process (PID=291315) to work on /home/gmassoqueto/repos/apache-airflow-101/.venv/lib/python3.11/site-packages/airflow/example_dags/example_branch_day_of_week_operator.py
[2023-11-14T08:12:10.838-0300] {processor.py:829} INFO - Processing file /home/gmassoqueto/repos/apache-airflow-101/.venv/lib/python3.11/site-packages/airflow/example_dags/example_branch_day_of_week_operator.py for tasks to queue
[2023-11-14T08:12:10.839-0300] {logging_mixin.py:154} INFO - [2023-11-14T08:12:10.838-0300] {dagbag.py:536} INFO - Filling up the DagBag from /home/gmassoqueto/repos/apache-airflow-101/.venv/lib/python3.11/site-packages/airflow/example_dags/example_branch_day_of_week_operator.py
[2023-11-14T08:12:10.846-0300] {processor.py:839} INFO - DAG(s) dict_keys(['example_weekday_branch_operator']) retrieved from /home/gmassoqueto/repos/apache-airflow-101/.venv/lib/python3.11/site-packages/airflow/example_dags/example_branch_day_of_week_operator.py
[2023-11-14T08:12:10.854-0300] {logging_mixin.py:154} INFO - [2023-11-14T08:12:10.853-0300] {dag.py:2941} INFO - Sync 1 DAGs
[2023-11-14T08:12:10.874-0300] {logging_mixin.py:154} INFO - [2023-11-14T08:12:10.874-0300] {dag.py:3722} INFO - Setting next_dagrun for example_weekday_branch_operator to 2023-11-13T00:00:00+00:00, run_after=2023-11-14T00:00:00+00:00
[2023-11-14T08:12:10.894-0300] {processor.py:179} INFO - Processing /home/gmassoqueto/repos/apache-airflow-101/.venv/lib/python3.11/site-packages/airflow/example_dags/example_branch_day_of_week_operator.py took 0.063 seconds
[2023-11-14T08:12:56.469-0300] {processor.py:157} INFO - Started process (PID=291570) to work on /home/gmassoqueto/repos/apache-airflow-101/.venv/lib/python3.11/site-packages/airflow/example_dags/example_branch_day_of_week_operator.py
[2023-11-14T08:12:56.474-0300] {processor.py:829} INFO - Processing file /home/gmassoqueto/repos/apache-airflow-101/.venv/lib/python3.11/site-packages/airflow/example_dags/example_branch_day_of_week_operator.py for tasks to queue
[2023-11-14T08:12:56.475-0300] {logging_mixin.py:154} INFO - [2023-11-14T08:12:56.475-0300] {dagbag.py:536} INFO - Filling up the DagBag from /home/gmassoqueto/repos/apache-airflow-101/.venv/lib/python3.11/site-packages/airflow/example_dags/example_branch_day_of_week_operator.py
[2023-11-14T08:12:56.489-0300] {processor.py:839} INFO - DAG(s) dict_keys(['example_weekday_branch_operator']) retrieved from /home/gmassoqueto/repos/apache-airflow-101/.venv/lib/python3.11/site-packages/airflow/example_dags/example_branch_day_of_week_operator.py
[2023-11-14T08:12:56.510-0300] {logging_mixin.py:154} INFO - [2023-11-14T08:12:56.509-0300] {dag.py:2941} INFO - Sync 1 DAGs
[2023-11-14T08:12:56.526-0300] {logging_mixin.py:154} INFO - [2023-11-14T08:12:56.526-0300] {dag.py:3722} INFO - Setting next_dagrun for example_weekday_branch_operator to 2023-11-13T00:00:00+00:00, run_after=2023-11-14T00:00:00+00:00
[2023-11-14T08:12:56.543-0300] {processor.py:179} INFO - Processing /home/gmassoqueto/repos/apache-airflow-101/.venv/lib/python3.11/site-packages/airflow/example_dags/example_branch_day_of_week_operator.py took 0.078 seconds
[2023-11-14T08:13:42.865-0300] {processor.py:157} INFO - Started process (PID=291657) to work on /home/gmassoqueto/repos/apache-airflow-101/.venv/lib/python3.11/site-packages/airflow/example_dags/example_branch_day_of_week_operator.py
[2023-11-14T08:13:42.870-0300] {processor.py:829} INFO - Processing file /home/gmassoqueto/repos/apache-airflow-101/.venv/lib/python3.11/site-packages/airflow/example_dags/example_branch_day_of_week_operator.py for tasks to queue
[2023-11-14T08:13:42.874-0300] {logging_mixin.py:154} INFO - [2023-11-14T08:13:42.872-0300] {dagbag.py:536} INFO - Filling up the DagBag from /home/gmassoqueto/repos/apache-airflow-101/.venv/lib/python3.11/site-packages/airflow/example_dags/example_branch_day_of_week_operator.py
[2023-11-14T08:13:42.893-0300] {processor.py:839} INFO - DAG(s) dict_keys(['example_weekday_branch_operator']) retrieved from /home/gmassoqueto/repos/apache-airflow-101/.venv/lib/python3.11/site-packages/airflow/example_dags/example_branch_day_of_week_operator.py
[2023-11-14T08:13:42.911-0300] {logging_mixin.py:154} INFO - [2023-11-14T08:13:42.911-0300] {dag.py:2941} INFO - Sync 1 DAGs
[2023-11-14T08:13:42.930-0300] {logging_mixin.py:154} INFO - [2023-11-14T08:13:42.930-0300] {dag.py:3722} INFO - Setting next_dagrun for example_weekday_branch_operator to 2023-11-13T00:00:00+00:00, run_after=2023-11-14T00:00:00+00:00
[2023-11-14T08:13:42.948-0300] {processor.py:179} INFO - Processing /home/gmassoqueto/repos/apache-airflow-101/.venv/lib/python3.11/site-packages/airflow/example_dags/example_branch_day_of_week_operator.py took 0.093 seconds
[2023-11-14T08:14:31.587-0300] {processor.py:157} INFO - Started process (PID=291771) to work on /home/gmassoqueto/repos/apache-airflow-101/.venv/lib/python3.11/site-packages/airflow/example_dags/example_branch_day_of_week_operator.py
[2023-11-14T08:14:31.590-0300] {processor.py:829} INFO - Processing file /home/gmassoqueto/repos/apache-airflow-101/.venv/lib/python3.11/site-packages/airflow/example_dags/example_branch_day_of_week_operator.py for tasks to queue
[2023-11-14T08:14:31.591-0300] {logging_mixin.py:154} INFO - [2023-11-14T08:14:31.591-0300] {dagbag.py:536} INFO - Filling up the DagBag from /home/gmassoqueto/repos/apache-airflow-101/.venv/lib/python3.11/site-packages/airflow/example_dags/example_branch_day_of_week_operator.py
[2023-11-14T08:14:31.599-0300] {processor.py:839} INFO - DAG(s) dict_keys(['example_weekday_branch_operator']) retrieved from /home/gmassoqueto/repos/apache-airflow-101/.venv/lib/python3.11/site-packages/airflow/example_dags/example_branch_day_of_week_operator.py
[2023-11-14T08:14:31.615-0300] {logging_mixin.py:154} INFO - [2023-11-14T08:14:31.615-0300] {dag.py:2941} INFO - Sync 1 DAGs
[2023-11-14T08:14:31.632-0300] {logging_mixin.py:154} INFO - [2023-11-14T08:14:31.632-0300] {dag.py:3722} INFO - Setting next_dagrun for example_weekday_branch_operator to 2023-11-13T00:00:00+00:00, run_after=2023-11-14T00:00:00+00:00
[2023-11-14T08:14:31.649-0300] {processor.py:179} INFO - Processing /home/gmassoqueto/repos/apache-airflow-101/.venv/lib/python3.11/site-packages/airflow/example_dags/example_branch_day_of_week_operator.py took 0.065 seconds
[2023-11-14T08:15:18.461-0300] {processor.py:157} INFO - Started process (PID=291901) to work on /home/gmassoqueto/repos/apache-airflow-101/.venv/lib/python3.11/site-packages/airflow/example_dags/example_branch_day_of_week_operator.py
[2023-11-14T08:15:18.464-0300] {processor.py:829} INFO - Processing file /home/gmassoqueto/repos/apache-airflow-101/.venv/lib/python3.11/site-packages/airflow/example_dags/example_branch_day_of_week_operator.py for tasks to queue
[2023-11-14T08:15:18.465-0300] {logging_mixin.py:154} INFO - [2023-11-14T08:15:18.465-0300] {dagbag.py:536} INFO - Filling up the DagBag from /home/gmassoqueto/repos/apache-airflow-101/.venv/lib/python3.11/site-packages/airflow/example_dags/example_branch_day_of_week_operator.py
[2023-11-14T08:15:18.471-0300] {processor.py:839} INFO - DAG(s) dict_keys(['example_weekday_branch_operator']) retrieved from /home/gmassoqueto/repos/apache-airflow-101/.venv/lib/python3.11/site-packages/airflow/example_dags/example_branch_day_of_week_operator.py
[2023-11-14T08:15:18.484-0300] {logging_mixin.py:154} INFO - [2023-11-14T08:15:18.484-0300] {dag.py:2941} INFO - Sync 1 DAGs
[2023-11-14T08:15:18.500-0300] {logging_mixin.py:154} INFO - [2023-11-14T08:15:18.500-0300] {dag.py:3722} INFO - Setting next_dagrun for example_weekday_branch_operator to 2023-11-13T00:00:00+00:00, run_after=2023-11-14T00:00:00+00:00
[2023-11-14T08:15:18.518-0300] {processor.py:179} INFO - Processing /home/gmassoqueto/repos/apache-airflow-101/.venv/lib/python3.11/site-packages/airflow/example_dags/example_branch_day_of_week_operator.py took 0.059 seconds
[2023-11-14T08:16:07.022-0300] {processor.py:157} INFO - Started process (PID=291990) to work on /home/gmassoqueto/repos/apache-airflow-101/.venv/lib/python3.11/site-packages/airflow/example_dags/example_branch_day_of_week_operator.py
[2023-11-14T08:16:07.026-0300] {processor.py:829} INFO - Processing file /home/gmassoqueto/repos/apache-airflow-101/.venv/lib/python3.11/site-packages/airflow/example_dags/example_branch_day_of_week_operator.py for tasks to queue
[2023-11-14T08:16:07.027-0300] {logging_mixin.py:154} INFO - [2023-11-14T08:16:07.026-0300] {dagbag.py:536} INFO - Filling up the DagBag from /home/gmassoqueto/repos/apache-airflow-101/.venv/lib/python3.11/site-packages/airflow/example_dags/example_branch_day_of_week_operator.py
[2023-11-14T08:16:07.034-0300] {processor.py:839} INFO - DAG(s) dict_keys(['example_weekday_branch_operator']) retrieved from /home/gmassoqueto/repos/apache-airflow-101/.venv/lib/python3.11/site-packages/airflow/example_dags/example_branch_day_of_week_operator.py
[2023-11-14T08:16:07.050-0300] {logging_mixin.py:154} INFO - [2023-11-14T08:16:07.050-0300] {dag.py:2941} INFO - Sync 1 DAGs
[2023-11-14T08:16:07.067-0300] {logging_mixin.py:154} INFO - [2023-11-14T08:16:07.067-0300] {dag.py:3722} INFO - Setting next_dagrun for example_weekday_branch_operator to 2023-11-13T00:00:00+00:00, run_after=2023-11-14T00:00:00+00:00
[2023-11-14T08:16:07.093-0300] {processor.py:179} INFO - Processing /home/gmassoqueto/repos/apache-airflow-101/.venv/lib/python3.11/site-packages/airflow/example_dags/example_branch_day_of_week_operator.py took 0.073 seconds
[2023-11-14T08:16:56.220-0300] {processor.py:157} INFO - Started process (PID=292073) to work on /home/gmassoqueto/repos/apache-airflow-101/.venv/lib/python3.11/site-packages/airflow/example_dags/example_branch_day_of_week_operator.py
[2023-11-14T08:16:56.224-0300] {processor.py:829} INFO - Processing file /home/gmassoqueto/repos/apache-airflow-101/.venv/lib/python3.11/site-packages/airflow/example_dags/example_branch_day_of_week_operator.py for tasks to queue
[2023-11-14T08:16:56.224-0300] {logging_mixin.py:154} INFO - [2023-11-14T08:16:56.224-0300] {dagbag.py:536} INFO - Filling up the DagBag from /home/gmassoqueto/repos/apache-airflow-101/.venv/lib/python3.11/site-packages/airflow/example_dags/example_branch_day_of_week_operator.py
[2023-11-14T08:16:56.233-0300] {processor.py:839} INFO - DAG(s) dict_keys(['example_weekday_branch_operator']) retrieved from /home/gmassoqueto/repos/apache-airflow-101/.venv/lib/python3.11/site-packages/airflow/example_dags/example_branch_day_of_week_operator.py
[2023-11-14T08:16:56.253-0300] {logging_mixin.py:154} INFO - [2023-11-14T08:16:56.253-0300] {dag.py:2941} INFO - Sync 1 DAGs
[2023-11-14T08:16:56.273-0300] {logging_mixin.py:154} INFO - [2023-11-14T08:16:56.272-0300] {dag.py:3722} INFO - Setting next_dagrun for example_weekday_branch_operator to 2023-11-13T00:00:00+00:00, run_after=2023-11-14T00:00:00+00:00
[2023-11-14T08:16:56.289-0300] {processor.py:179} INFO - Processing /home/gmassoqueto/repos/apache-airflow-101/.venv/lib/python3.11/site-packages/airflow/example_dags/example_branch_day_of_week_operator.py took 0.072 seconds
[2023-11-14T08:17:45.323-0300] {processor.py:157} INFO - Started process (PID=292169) to work on /home/gmassoqueto/repos/apache-airflow-101/.venv/lib/python3.11/site-packages/airflow/example_dags/example_branch_day_of_week_operator.py
[2023-11-14T08:17:45.324-0300] {processor.py:829} INFO - Processing file /home/gmassoqueto/repos/apache-airflow-101/.venv/lib/python3.11/site-packages/airflow/example_dags/example_branch_day_of_week_operator.py for tasks to queue
[2023-11-14T08:17:45.324-0300] {logging_mixin.py:154} INFO - [2023-11-14T08:17:45.324-0300] {dagbag.py:536} INFO - Filling up the DagBag from /home/gmassoqueto/repos/apache-airflow-101/.venv/lib/python3.11/site-packages/airflow/example_dags/example_branch_day_of_week_operator.py
[2023-11-14T08:17:45.331-0300] {processor.py:839} INFO - DAG(s) dict_keys(['example_weekday_branch_operator']) retrieved from /home/gmassoqueto/repos/apache-airflow-101/.venv/lib/python3.11/site-packages/airflow/example_dags/example_branch_day_of_week_operator.py
[2023-11-14T08:17:45.346-0300] {logging_mixin.py:154} INFO - [2023-11-14T08:17:45.346-0300] {dag.py:2941} INFO - Sync 1 DAGs
[2023-11-14T08:17:45.363-0300] {logging_mixin.py:154} INFO - [2023-11-14T08:17:45.363-0300] {dag.py:3722} INFO - Setting next_dagrun for example_weekday_branch_operator to 2023-11-13T00:00:00+00:00, run_after=2023-11-14T00:00:00+00:00
[2023-11-14T08:17:45.378-0300] {processor.py:179} INFO - Processing /home/gmassoqueto/repos/apache-airflow-101/.venv/lib/python3.11/site-packages/airflow/example_dags/example_branch_day_of_week_operator.py took 0.057 seconds
