[2023-11-14T07:03:32.598-0300] {processor.py:157} INFO - Started process (PID=284774) to work on /home/gmassoqueto/repos/apache-airflow-101/.venv/lib/python3.11/site-packages/airflow/example_dags/example_task_group_decorator.py
[2023-11-14T07:03:32.600-0300] {processor.py:829} INFO - Processing file /home/gmassoqueto/repos/apache-airflow-101/.venv/lib/python3.11/site-packages/airflow/example_dags/example_task_group_decorator.py for tasks to queue
[2023-11-14T07:03:32.601-0300] {logging_mixin.py:154} INFO - [2023-11-14T07:03:32.601-0300] {dagbag.py:536} INFO - Filling up the DagBag from /home/gmassoqueto/repos/apache-airflow-101/.venv/lib/python3.11/site-packages/airflow/example_dags/example_task_group_decorator.py
[2023-11-14T07:03:32.625-0300] {processor.py:839} INFO - DAG(s) dict_keys(['example_task_group_decorator']) retrieved from /home/gmassoqueto/repos/apache-airflow-101/.venv/lib/python3.11/site-packages/airflow/example_dags/example_task_group_decorator.py
[2023-11-14T07:03:32.631-0300] {logging_mixin.py:154} INFO - [2023-11-14T07:03:32.631-0300] {dag.py:2941} INFO - Sync 1 DAGs
[2023-11-14T07:03:32.647-0300] {logging_mixin.py:154} INFO - [2023-11-14T07:03:32.647-0300] {dag.py:3722} INFO - Setting next_dagrun for example_task_group_decorator to 2023-11-13T10:03:32.647186+00:00, run_after=2023-11-14T10:03:32.647186+00:00
[2023-11-14T07:03:32.666-0300] {processor.py:179} INFO - Processing /home/gmassoqueto/repos/apache-airflow-101/.venv/lib/python3.11/site-packages/airflow/example_dags/example_task_group_decorator.py took 0.073 seconds
[2023-11-14T07:57:27.642-0300] {processor.py:157} INFO - Started process (PID=287225) to work on /home/gmassoqueto/repos/apache-airflow-101/.venv/lib/python3.11/site-packages/airflow/example_dags/example_task_group_decorator.py
[2023-11-14T07:57:27.643-0300] {processor.py:829} INFO - Processing file /home/gmassoqueto/repos/apache-airflow-101/.venv/lib/python3.11/site-packages/airflow/example_dags/example_task_group_decorator.py for tasks to queue
[2023-11-14T07:57:27.643-0300] {logging_mixin.py:154} INFO - [2023-11-14T07:57:27.643-0300] {dagbag.py:536} INFO - Filling up the DagBag from /home/gmassoqueto/repos/apache-airflow-101/.venv/lib/python3.11/site-packages/airflow/example_dags/example_task_group_decorator.py
[2023-11-14T07:57:27.663-0300] {processor.py:839} INFO - DAG(s) dict_keys(['example_task_group_decorator']) retrieved from /home/gmassoqueto/repos/apache-airflow-101/.venv/lib/python3.11/site-packages/airflow/example_dags/example_task_group_decorator.py
[2023-11-14T07:57:27.670-0300] {logging_mixin.py:154} INFO - [2023-11-14T07:57:27.670-0300] {dag.py:2941} INFO - Sync 1 DAGs
[2023-11-14T07:57:27.689-0300] {logging_mixin.py:154} INFO - [2023-11-14T07:57:27.689-0300] {dag.py:3722} INFO - Setting next_dagrun for example_task_group_decorator to 2023-11-13T10:57:27.689005+00:00, run_after=2023-11-14T10:57:27.689005+00:00
[2023-11-14T07:57:27.705-0300] {processor.py:179} INFO - Processing /home/gmassoqueto/repos/apache-airflow-101/.venv/lib/python3.11/site-packages/airflow/example_dags/example_task_group_decorator.py took 0.066 seconds
[2023-11-14T07:58:14.118-0300] {processor.py:157} INFO - Started process (PID=287407) to work on /home/gmassoqueto/repos/apache-airflow-101/.venv/lib/python3.11/site-packages/airflow/example_dags/example_task_group_decorator.py
[2023-11-14T07:58:14.121-0300] {processor.py:829} INFO - Processing file /home/gmassoqueto/repos/apache-airflow-101/.venv/lib/python3.11/site-packages/airflow/example_dags/example_task_group_decorator.py for tasks to queue
[2023-11-14T07:58:14.122-0300] {logging_mixin.py:154} INFO - [2023-11-14T07:58:14.122-0300] {dagbag.py:536} INFO - Filling up the DagBag from /home/gmassoqueto/repos/apache-airflow-101/.venv/lib/python3.11/site-packages/airflow/example_dags/example_task_group_decorator.py
[2023-11-14T07:58:14.143-0300] {processor.py:839} INFO - DAG(s) dict_keys(['example_task_group_decorator']) retrieved from /home/gmassoqueto/repos/apache-airflow-101/.venv/lib/python3.11/site-packages/airflow/example_dags/example_task_group_decorator.py
[2023-11-14T07:58:14.164-0300] {logging_mixin.py:154} INFO - [2023-11-14T07:58:14.163-0300] {dag.py:2941} INFO - Sync 1 DAGs
[2023-11-14T07:58:14.178-0300] {logging_mixin.py:154} INFO - [2023-11-14T07:58:14.177-0300] {dag.py:3722} INFO - Setting next_dagrun for example_task_group_decorator to 2023-11-13T10:58:14.177777+00:00, run_after=2023-11-14T10:58:14.177777+00:00
[2023-11-14T07:58:14.203-0300] {processor.py:179} INFO - Processing /home/gmassoqueto/repos/apache-airflow-101/.venv/lib/python3.11/site-packages/airflow/example_dags/example_task_group_decorator.py took 0.088 seconds
[2023-11-14T07:58:59.548-0300] {processor.py:157} INFO - Started process (PID=287556) to work on /home/gmassoqueto/repos/apache-airflow-101/.venv/lib/python3.11/site-packages/airflow/example_dags/example_task_group_decorator.py
[2023-11-14T07:58:59.552-0300] {processor.py:829} INFO - Processing file /home/gmassoqueto/repos/apache-airflow-101/.venv/lib/python3.11/site-packages/airflow/example_dags/example_task_group_decorator.py for tasks to queue
[2023-11-14T07:58:59.553-0300] {logging_mixin.py:154} INFO - [2023-11-14T07:58:59.552-0300] {dagbag.py:536} INFO - Filling up the DagBag from /home/gmassoqueto/repos/apache-airflow-101/.venv/lib/python3.11/site-packages/airflow/example_dags/example_task_group_decorator.py
[2023-11-14T07:58:59.570-0300] {processor.py:839} INFO - DAG(s) dict_keys(['example_task_group_decorator']) retrieved from /home/gmassoqueto/repos/apache-airflow-101/.venv/lib/python3.11/site-packages/airflow/example_dags/example_task_group_decorator.py
[2023-11-14T07:58:59.586-0300] {logging_mixin.py:154} INFO - [2023-11-14T07:58:59.586-0300] {dag.py:2941} INFO - Sync 1 DAGs
[2023-11-14T07:58:59.600-0300] {logging_mixin.py:154} INFO - [2023-11-14T07:58:59.599-0300] {dag.py:3722} INFO - Setting next_dagrun for example_task_group_decorator to 2023-11-13T10:58:59.599833+00:00, run_after=2023-11-14T10:58:59.599833+00:00
[2023-11-14T07:58:59.615-0300] {processor.py:179} INFO - Processing /home/gmassoqueto/repos/apache-airflow-101/.venv/lib/python3.11/site-packages/airflow/example_dags/example_task_group_decorator.py took 0.070 seconds
[2023-11-14T07:59:47.089-0300] {processor.py:157} INFO - Started process (PID=287650) to work on /home/gmassoqueto/repos/apache-airflow-101/.venv/lib/python3.11/site-packages/airflow/example_dags/example_task_group_decorator.py
[2023-11-14T07:59:47.092-0300] {processor.py:829} INFO - Processing file /home/gmassoqueto/repos/apache-airflow-101/.venv/lib/python3.11/site-packages/airflow/example_dags/example_task_group_decorator.py for tasks to queue
[2023-11-14T07:59:47.093-0300] {logging_mixin.py:154} INFO - [2023-11-14T07:59:47.093-0300] {dagbag.py:536} INFO - Filling up the DagBag from /home/gmassoqueto/repos/apache-airflow-101/.venv/lib/python3.11/site-packages/airflow/example_dags/example_task_group_decorator.py
[2023-11-14T07:59:47.111-0300] {processor.py:839} INFO - DAG(s) dict_keys(['example_task_group_decorator']) retrieved from /home/gmassoqueto/repos/apache-airflow-101/.venv/lib/python3.11/site-packages/airflow/example_dags/example_task_group_decorator.py
[2023-11-14T07:59:47.128-0300] {logging_mixin.py:154} INFO - [2023-11-14T07:59:47.127-0300] {dag.py:2941} INFO - Sync 1 DAGs
[2023-11-14T07:59:47.142-0300] {logging_mixin.py:154} INFO - [2023-11-14T07:59:47.141-0300] {dag.py:3722} INFO - Setting next_dagrun for example_task_group_decorator to 2023-11-13T10:59:47.141739+00:00, run_after=2023-11-14T10:59:47.141739+00:00
[2023-11-14T07:59:47.170-0300] {processor.py:179} INFO - Processing /home/gmassoqueto/repos/apache-airflow-101/.venv/lib/python3.11/site-packages/airflow/example_dags/example_task_group_decorator.py took 0.084 seconds
[2023-11-14T08:00:37.664-0300] {processor.py:157} INFO - Started process (PID=287797) to work on /home/gmassoqueto/repos/apache-airflow-101/.venv/lib/python3.11/site-packages/airflow/example_dags/example_task_group_decorator.py
[2023-11-14T08:00:37.667-0300] {processor.py:829} INFO - Processing file /home/gmassoqueto/repos/apache-airflow-101/.venv/lib/python3.11/site-packages/airflow/example_dags/example_task_group_decorator.py for tasks to queue
[2023-11-14T08:00:37.671-0300] {logging_mixin.py:154} INFO - [2023-11-14T08:00:37.669-0300] {dagbag.py:536} INFO - Filling up the DagBag from /home/gmassoqueto/repos/apache-airflow-101/.venv/lib/python3.11/site-packages/airflow/example_dags/example_task_group_decorator.py
[2023-11-14T08:00:37.735-0300] {processor.py:839} INFO - DAG(s) dict_keys(['example_task_group_decorator']) retrieved from /home/gmassoqueto/repos/apache-airflow-101/.venv/lib/python3.11/site-packages/airflow/example_dags/example_task_group_decorator.py
[2023-11-14T08:00:37.761-0300] {logging_mixin.py:154} INFO - [2023-11-14T08:00:37.760-0300] {dag.py:2941} INFO - Sync 1 DAGs
[2023-11-14T08:00:37.783-0300] {logging_mixin.py:154} INFO - [2023-11-14T08:00:37.783-0300] {dag.py:3722} INFO - Setting next_dagrun for example_task_group_decorator to 2023-11-13T11:00:37.783027+00:00, run_after=2023-11-14T11:00:37.783027+00:00
[2023-11-14T08:00:37.809-0300] {processor.py:179} INFO - Processing /home/gmassoqueto/repos/apache-airflow-101/.venv/lib/python3.11/site-packages/airflow/example_dags/example_task_group_decorator.py took 0.153 seconds
[2023-11-14T08:01:23.509-0300] {processor.py:157} INFO - Started process (PID=288038) to work on /home/gmassoqueto/repos/apache-airflow-101/.venv/lib/python3.11/site-packages/airflow/example_dags/example_task_group_decorator.py
[2023-11-14T08:01:23.514-0300] {processor.py:829} INFO - Processing file /home/gmassoqueto/repos/apache-airflow-101/.venv/lib/python3.11/site-packages/airflow/example_dags/example_task_group_decorator.py for tasks to queue
[2023-11-14T08:01:23.515-0300] {logging_mixin.py:154} INFO - [2023-11-14T08:01:23.514-0300] {dagbag.py:536} INFO - Filling up the DagBag from /home/gmassoqueto/repos/apache-airflow-101/.venv/lib/python3.11/site-packages/airflow/example_dags/example_task_group_decorator.py
[2023-11-14T08:01:23.542-0300] {processor.py:839} INFO - DAG(s) dict_keys(['example_task_group_decorator']) retrieved from /home/gmassoqueto/repos/apache-airflow-101/.venv/lib/python3.11/site-packages/airflow/example_dags/example_task_group_decorator.py
[2023-11-14T08:01:23.559-0300] {logging_mixin.py:154} INFO - [2023-11-14T08:01:23.559-0300] {dag.py:2941} INFO - Sync 1 DAGs
[2023-11-14T08:01:23.573-0300] {logging_mixin.py:154} INFO - [2023-11-14T08:01:23.572-0300] {dag.py:3722} INFO - Setting next_dagrun for example_task_group_decorator to 2023-11-13T11:01:23.572757+00:00, run_after=2023-11-14T11:01:23.572757+00:00
[2023-11-14T08:01:23.589-0300] {processor.py:179} INFO - Processing /home/gmassoqueto/repos/apache-airflow-101/.venv/lib/python3.11/site-packages/airflow/example_dags/example_task_group_decorator.py took 0.084 seconds
[2023-11-14T08:02:13.540-0300] {processor.py:157} INFO - Started process (PID=288143) to work on /home/gmassoqueto/repos/apache-airflow-101/.venv/lib/python3.11/site-packages/airflow/example_dags/example_task_group_decorator.py
[2023-11-14T08:02:13.545-0300] {processor.py:829} INFO - Processing file /home/gmassoqueto/repos/apache-airflow-101/.venv/lib/python3.11/site-packages/airflow/example_dags/example_task_group_decorator.py for tasks to queue
[2023-11-14T08:02:13.547-0300] {logging_mixin.py:154} INFO - [2023-11-14T08:02:13.546-0300] {dagbag.py:536} INFO - Filling up the DagBag from /home/gmassoqueto/repos/apache-airflow-101/.venv/lib/python3.11/site-packages/airflow/example_dags/example_task_group_decorator.py
[2023-11-14T08:02:13.579-0300] {processor.py:839} INFO - DAG(s) dict_keys(['example_task_group_decorator']) retrieved from /home/gmassoqueto/repos/apache-airflow-101/.venv/lib/python3.11/site-packages/airflow/example_dags/example_task_group_decorator.py
[2023-11-14T08:02:13.595-0300] {logging_mixin.py:154} INFO - [2023-11-14T08:02:13.595-0300] {dag.py:2941} INFO - Sync 1 DAGs
[2023-11-14T08:02:13.608-0300] {logging_mixin.py:154} INFO - [2023-11-14T08:02:13.608-0300] {dag.py:3722} INFO - Setting next_dagrun for example_task_group_decorator to 2023-11-13T11:02:13.608504+00:00, run_after=2023-11-14T11:02:13.608504+00:00
[2023-11-14T08:02:13.636-0300] {processor.py:179} INFO - Processing /home/gmassoqueto/repos/apache-airflow-101/.venv/lib/python3.11/site-packages/airflow/example_dags/example_task_group_decorator.py took 0.104 seconds
[2023-11-14T08:03:02.657-0300] {processor.py:157} INFO - Started process (PID=288320) to work on /home/gmassoqueto/repos/apache-airflow-101/.venv/lib/python3.11/site-packages/airflow/example_dags/example_task_group_decorator.py
[2023-11-14T08:03:02.659-0300] {processor.py:829} INFO - Processing file /home/gmassoqueto/repos/apache-airflow-101/.venv/lib/python3.11/site-packages/airflow/example_dags/example_task_group_decorator.py for tasks to queue
[2023-11-14T08:03:02.660-0300] {logging_mixin.py:154} INFO - [2023-11-14T08:03:02.660-0300] {dagbag.py:536} INFO - Filling up the DagBag from /home/gmassoqueto/repos/apache-airflow-101/.venv/lib/python3.11/site-packages/airflow/example_dags/example_task_group_decorator.py
[2023-11-14T08:03:02.688-0300] {processor.py:839} INFO - DAG(s) dict_keys(['example_task_group_decorator']) retrieved from /home/gmassoqueto/repos/apache-airflow-101/.venv/lib/python3.11/site-packages/airflow/example_dags/example_task_group_decorator.py
[2023-11-14T08:03:02.706-0300] {logging_mixin.py:154} INFO - [2023-11-14T08:03:02.706-0300] {dag.py:2941} INFO - Sync 1 DAGs
[2023-11-14T08:03:02.724-0300] {logging_mixin.py:154} INFO - [2023-11-14T08:03:02.724-0300] {dag.py:3722} INFO - Setting next_dagrun for example_task_group_decorator to 2023-11-13T11:03:02.723901+00:00, run_after=2023-11-14T11:03:02.723901+00:00
[2023-11-14T08:03:02.742-0300] {processor.py:179} INFO - Processing /home/gmassoqueto/repos/apache-airflow-101/.venv/lib/python3.11/site-packages/airflow/example_dags/example_task_group_decorator.py took 0.091 seconds
[2023-11-14T08:03:50.283-0300] {processor.py:157} INFO - Started process (PID=288721) to work on /home/gmassoqueto/repos/apache-airflow-101/.venv/lib/python3.11/site-packages/airflow/example_dags/example_task_group_decorator.py
[2023-11-14T08:03:50.287-0300] {processor.py:829} INFO - Processing file /home/gmassoqueto/repos/apache-airflow-101/.venv/lib/python3.11/site-packages/airflow/example_dags/example_task_group_decorator.py for tasks to queue
[2023-11-14T08:03:50.289-0300] {logging_mixin.py:154} INFO - [2023-11-14T08:03:50.289-0300] {dagbag.py:536} INFO - Filling up the DagBag from /home/gmassoqueto/repos/apache-airflow-101/.venv/lib/python3.11/site-packages/airflow/example_dags/example_task_group_decorator.py
[2023-11-14T08:03:50.324-0300] {processor.py:839} INFO - DAG(s) dict_keys(['example_task_group_decorator']) retrieved from /home/gmassoqueto/repos/apache-airflow-101/.venv/lib/python3.11/site-packages/airflow/example_dags/example_task_group_decorator.py
[2023-11-14T08:03:50.340-0300] {logging_mixin.py:154} INFO - [2023-11-14T08:03:50.340-0300] {dag.py:2941} INFO - Sync 1 DAGs
[2023-11-14T08:03:50.353-0300] {logging_mixin.py:154} INFO - [2023-11-14T08:03:50.353-0300] {dag.py:3722} INFO - Setting next_dagrun for example_task_group_decorator to 2023-11-13T11:03:50.353435+00:00, run_after=2023-11-14T11:03:50.353435+00:00
[2023-11-14T08:03:50.369-0300] {processor.py:179} INFO - Processing /home/gmassoqueto/repos/apache-airflow-101/.venv/lib/python3.11/site-packages/airflow/example_dags/example_task_group_decorator.py took 0.089 seconds
[2023-11-14T08:04:41.802-0300] {processor.py:157} INFO - Started process (PID=288957) to work on /home/gmassoqueto/repos/apache-airflow-101/.venv/lib/python3.11/site-packages/airflow/example_dags/example_task_group_decorator.py
[2023-11-14T08:04:41.807-0300] {processor.py:829} INFO - Processing file /home/gmassoqueto/repos/apache-airflow-101/.venv/lib/python3.11/site-packages/airflow/example_dags/example_task_group_decorator.py for tasks to queue
[2023-11-14T08:04:41.809-0300] {logging_mixin.py:154} INFO - [2023-11-14T08:04:41.808-0300] {dagbag.py:536} INFO - Filling up the DagBag from /home/gmassoqueto/repos/apache-airflow-101/.venv/lib/python3.11/site-packages/airflow/example_dags/example_task_group_decorator.py
[2023-11-14T08:04:41.842-0300] {processor.py:839} INFO - DAG(s) dict_keys(['example_task_group_decorator']) retrieved from /home/gmassoqueto/repos/apache-airflow-101/.venv/lib/python3.11/site-packages/airflow/example_dags/example_task_group_decorator.py
[2023-11-14T08:04:41.858-0300] {logging_mixin.py:154} INFO - [2023-11-14T08:04:41.858-0300] {dag.py:2941} INFO - Sync 1 DAGs
[2023-11-14T08:04:41.871-0300] {logging_mixin.py:154} INFO - [2023-11-14T08:04:41.871-0300] {dag.py:3722} INFO - Setting next_dagrun for example_task_group_decorator to 2023-11-13T11:04:41.871485+00:00, run_after=2023-11-14T11:04:41.871485+00:00
[2023-11-14T08:04:41.887-0300] {processor.py:179} INFO - Processing /home/gmassoqueto/repos/apache-airflow-101/.venv/lib/python3.11/site-packages/airflow/example_dags/example_task_group_decorator.py took 0.093 seconds
[2023-11-14T08:05:29.684-0300] {processor.py:157} INFO - Started process (PID=289051) to work on /home/gmassoqueto/repos/apache-airflow-101/.venv/lib/python3.11/site-packages/airflow/example_dags/example_task_group_decorator.py
[2023-11-14T08:05:29.685-0300] {processor.py:829} INFO - Processing file /home/gmassoqueto/repos/apache-airflow-101/.venv/lib/python3.11/site-packages/airflow/example_dags/example_task_group_decorator.py for tasks to queue
[2023-11-14T08:05:29.687-0300] {logging_mixin.py:154} INFO - [2023-11-14T08:05:29.686-0300] {dagbag.py:536} INFO - Filling up the DagBag from /home/gmassoqueto/repos/apache-airflow-101/.venv/lib/python3.11/site-packages/airflow/example_dags/example_task_group_decorator.py
[2023-11-14T08:05:29.707-0300] {processor.py:839} INFO - DAG(s) dict_keys(['example_task_group_decorator']) retrieved from /home/gmassoqueto/repos/apache-airflow-101/.venv/lib/python3.11/site-packages/airflow/example_dags/example_task_group_decorator.py
[2023-11-14T08:05:29.722-0300] {logging_mixin.py:154} INFO - [2023-11-14T08:05:29.722-0300] {dag.py:2941} INFO - Sync 1 DAGs
[2023-11-14T08:05:29.734-0300] {logging_mixin.py:154} INFO - [2023-11-14T08:05:29.734-0300] {dag.py:3722} INFO - Setting next_dagrun for example_task_group_decorator to 2023-11-13T11:05:29.734188+00:00, run_after=2023-11-14T11:05:29.734188+00:00
[2023-11-14T08:05:29.748-0300] {processor.py:179} INFO - Processing /home/gmassoqueto/repos/apache-airflow-101/.venv/lib/python3.11/site-packages/airflow/example_dags/example_task_group_decorator.py took 0.072 seconds
[2023-11-14T08:06:18.173-0300] {processor.py:157} INFO - Started process (PID=289195) to work on /home/gmassoqueto/repos/apache-airflow-101/.venv/lib/python3.11/site-packages/airflow/example_dags/example_task_group_decorator.py
[2023-11-14T08:06:18.177-0300] {processor.py:829} INFO - Processing file /home/gmassoqueto/repos/apache-airflow-101/.venv/lib/python3.11/site-packages/airflow/example_dags/example_task_group_decorator.py for tasks to queue
[2023-11-14T08:06:18.179-0300] {logging_mixin.py:154} INFO - [2023-11-14T08:06:18.179-0300] {dagbag.py:536} INFO - Filling up the DagBag from /home/gmassoqueto/repos/apache-airflow-101/.venv/lib/python3.11/site-packages/airflow/example_dags/example_task_group_decorator.py
[2023-11-14T08:06:18.209-0300] {processor.py:839} INFO - DAG(s) dict_keys(['example_task_group_decorator']) retrieved from /home/gmassoqueto/repos/apache-airflow-101/.venv/lib/python3.11/site-packages/airflow/example_dags/example_task_group_decorator.py
[2023-11-14T08:06:18.226-0300] {logging_mixin.py:154} INFO - [2023-11-14T08:06:18.226-0300] {dag.py:2941} INFO - Sync 1 DAGs
[2023-11-14T08:06:18.241-0300] {logging_mixin.py:154} INFO - [2023-11-14T08:06:18.241-0300] {dag.py:3722} INFO - Setting next_dagrun for example_task_group_decorator to 2023-11-13T11:06:18.241592+00:00, run_after=2023-11-14T11:06:18.241592+00:00
[2023-11-14T08:06:18.258-0300] {processor.py:179} INFO - Processing /home/gmassoqueto/repos/apache-airflow-101/.venv/lib/python3.11/site-packages/airflow/example_dags/example_task_group_decorator.py took 0.092 seconds
[2023-11-14T08:07:07.967-0300] {processor.py:157} INFO - Started process (PID=289309) to work on /home/gmassoqueto/repos/apache-airflow-101/.venv/lib/python3.11/site-packages/airflow/example_dags/example_task_group_decorator.py
[2023-11-14T08:07:07.971-0300] {processor.py:829} INFO - Processing file /home/gmassoqueto/repos/apache-airflow-101/.venv/lib/python3.11/site-packages/airflow/example_dags/example_task_group_decorator.py for tasks to queue
[2023-11-14T08:07:07.972-0300] {logging_mixin.py:154} INFO - [2023-11-14T08:07:07.971-0300] {dagbag.py:536} INFO - Filling up the DagBag from /home/gmassoqueto/repos/apache-airflow-101/.venv/lib/python3.11/site-packages/airflow/example_dags/example_task_group_decorator.py
[2023-11-14T08:07:07.991-0300] {processor.py:839} INFO - DAG(s) dict_keys(['example_task_group_decorator']) retrieved from /home/gmassoqueto/repos/apache-airflow-101/.venv/lib/python3.11/site-packages/airflow/example_dags/example_task_group_decorator.py
[2023-11-14T08:07:08.007-0300] {logging_mixin.py:154} INFO - [2023-11-14T08:07:08.007-0300] {dag.py:2941} INFO - Sync 1 DAGs
[2023-11-14T08:07:08.023-0300] {logging_mixin.py:154} INFO - [2023-11-14T08:07:08.023-0300] {dag.py:3722} INFO - Setting next_dagrun for example_task_group_decorator to 2023-11-13T11:07:08.023132+00:00, run_after=2023-11-14T11:07:08.023132+00:00
[2023-11-14T08:07:08.040-0300] {processor.py:179} INFO - Processing /home/gmassoqueto/repos/apache-airflow-101/.venv/lib/python3.11/site-packages/airflow/example_dags/example_task_group_decorator.py took 0.077 seconds
[2023-11-14T08:07:55.712-0300] {processor.py:157} INFO - Started process (PID=289550) to work on /home/gmassoqueto/repos/apache-airflow-101/.venv/lib/python3.11/site-packages/airflow/example_dags/example_task_group_decorator.py
[2023-11-14T08:07:55.716-0300] {processor.py:829} INFO - Processing file /home/gmassoqueto/repos/apache-airflow-101/.venv/lib/python3.11/site-packages/airflow/example_dags/example_task_group_decorator.py for tasks to queue
[2023-11-14T08:07:55.718-0300] {logging_mixin.py:154} INFO - [2023-11-14T08:07:55.717-0300] {dagbag.py:536} INFO - Filling up the DagBag from /home/gmassoqueto/repos/apache-airflow-101/.venv/lib/python3.11/site-packages/airflow/example_dags/example_task_group_decorator.py
[2023-11-14T08:07:55.737-0300] {processor.py:839} INFO - DAG(s) dict_keys(['example_task_group_decorator']) retrieved from /home/gmassoqueto/repos/apache-airflow-101/.venv/lib/python3.11/site-packages/airflow/example_dags/example_task_group_decorator.py
[2023-11-14T08:07:55.754-0300] {logging_mixin.py:154} INFO - [2023-11-14T08:07:55.754-0300] {dag.py:2941} INFO - Sync 1 DAGs
[2023-11-14T08:07:55.769-0300] {logging_mixin.py:154} INFO - [2023-11-14T08:07:55.769-0300] {dag.py:3722} INFO - Setting next_dagrun for example_task_group_decorator to 2023-11-13T11:07:55.769260+00:00, run_after=2023-11-14T11:07:55.769260+00:00
[2023-11-14T08:07:55.786-0300] {processor.py:179} INFO - Processing /home/gmassoqueto/repos/apache-airflow-101/.venv/lib/python3.11/site-packages/airflow/example_dags/example_task_group_decorator.py took 0.079 seconds
[2023-11-14T08:08:21.418-0300] {processor.py:157} INFO - Started process (PID=289721) to work on /home/gmassoqueto/repos/apache-airflow-101/.venv/lib/python3.11/site-packages/airflow/example_dags/example_task_group_decorator.py
[2023-11-14T08:08:21.421-0300] {processor.py:829} INFO - Processing file /home/gmassoqueto/repos/apache-airflow-101/.venv/lib/python3.11/site-packages/airflow/example_dags/example_task_group_decorator.py for tasks to queue
[2023-11-14T08:08:21.422-0300] {logging_mixin.py:154} INFO - [2023-11-14T08:08:21.422-0300] {dagbag.py:536} INFO - Filling up the DagBag from /home/gmassoqueto/repos/apache-airflow-101/.venv/lib/python3.11/site-packages/airflow/example_dags/example_task_group_decorator.py
[2023-11-14T08:08:21.441-0300] {processor.py:839} INFO - DAG(s) dict_keys(['example_task_group_decorator']) retrieved from /home/gmassoqueto/repos/apache-airflow-101/.venv/lib/python3.11/site-packages/airflow/example_dags/example_task_group_decorator.py
[2023-11-14T08:08:21.450-0300] {logging_mixin.py:154} INFO - [2023-11-14T08:08:21.449-0300] {dag.py:2941} INFO - Sync 1 DAGs
[2023-11-14T08:08:21.462-0300] {logging_mixin.py:154} INFO - [2023-11-14T08:08:21.462-0300] {dag.py:2963} INFO - Creating ORM DAG for example_task_group_decorator
[2023-11-14T08:08:21.471-0300] {logging_mixin.py:154} INFO - [2023-11-14T08:08:21.471-0300] {dag.py:3722} INFO - Setting next_dagrun for example_task_group_decorator to 2023-11-13T11:08:21.470973+00:00, run_after=2023-11-14T11:08:21.470973+00:00
[2023-11-14T08:08:21.496-0300] {processor.py:179} INFO - Processing /home/gmassoqueto/repos/apache-airflow-101/.venv/lib/python3.11/site-packages/airflow/example_dags/example_task_group_decorator.py took 0.081 seconds
[2023-11-14T08:10:01.707-0300] {processor.py:157} INFO - Started process (PID=290522) to work on /home/gmassoqueto/repos/apache-airflow-101/.venv/lib/python3.11/site-packages/airflow/example_dags/example_task_group_decorator.py
[2023-11-14T08:10:01.712-0300] {processor.py:829} INFO - Processing file /home/gmassoqueto/repos/apache-airflow-101/.venv/lib/python3.11/site-packages/airflow/example_dags/example_task_group_decorator.py for tasks to queue
[2023-11-14T08:10:01.714-0300] {logging_mixin.py:154} INFO - [2023-11-14T08:10:01.713-0300] {dagbag.py:536} INFO - Filling up the DagBag from /home/gmassoqueto/repos/apache-airflow-101/.venv/lib/python3.11/site-packages/airflow/example_dags/example_task_group_decorator.py
[2023-11-14T08:10:01.748-0300] {processor.py:839} INFO - DAG(s) dict_keys(['example_task_group_decorator']) retrieved from /home/gmassoqueto/repos/apache-airflow-101/.venv/lib/python3.11/site-packages/airflow/example_dags/example_task_group_decorator.py
[2023-11-14T08:10:01.755-0300] {logging_mixin.py:154} INFO - [2023-11-14T08:10:01.755-0300] {dag.py:2941} INFO - Sync 1 DAGs
[2023-11-14T08:10:01.771-0300] {logging_mixin.py:154} INFO - [2023-11-14T08:10:01.771-0300] {dag.py:3722} INFO - Setting next_dagrun for example_task_group_decorator to 2023-11-13T11:10:01.771473+00:00, run_after=2023-11-14T11:10:01.771473+00:00
[2023-11-14T08:10:01.787-0300] {processor.py:179} INFO - Processing /home/gmassoqueto/repos/apache-airflow-101/.venv/lib/python3.11/site-packages/airflow/example_dags/example_task_group_decorator.py took 0.088 seconds
[2023-11-14T08:10:50.776-0300] {processor.py:157} INFO - Started process (PID=291096) to work on /home/gmassoqueto/repos/apache-airflow-101/.venv/lib/python3.11/site-packages/airflow/example_dags/example_task_group_decorator.py
[2023-11-14T08:10:50.862-0300] {processor.py:829} INFO - Processing file /home/gmassoqueto/repos/apache-airflow-101/.venv/lib/python3.11/site-packages/airflow/example_dags/example_task_group_decorator.py for tasks to queue
[2023-11-14T08:10:50.862-0300] {logging_mixin.py:154} INFO - [2023-11-14T08:10:50.862-0300] {dagbag.py:536} INFO - Filling up the DagBag from /home/gmassoqueto/repos/apache-airflow-101/.venv/lib/python3.11/site-packages/airflow/example_dags/example_task_group_decorator.py
[2023-11-14T08:10:50.879-0300] {processor.py:839} INFO - DAG(s) dict_keys(['example_task_group_decorator']) retrieved from /home/gmassoqueto/repos/apache-airflow-101/.venv/lib/python3.11/site-packages/airflow/example_dags/example_task_group_decorator.py
[2023-11-14T08:10:50.895-0300] {logging_mixin.py:154} INFO - [2023-11-14T08:10:50.895-0300] {dag.py:2941} INFO - Sync 1 DAGs
[2023-11-14T08:10:50.909-0300] {logging_mixin.py:154} INFO - [2023-11-14T08:10:50.909-0300] {dag.py:3722} INFO - Setting next_dagrun for example_task_group_decorator to 2023-11-13T11:10:50.908956+00:00, run_after=2023-11-14T11:10:50.908956+00:00
[2023-11-14T08:10:51.019-0300] {processor.py:179} INFO - Processing /home/gmassoqueto/repos/apache-airflow-101/.venv/lib/python3.11/site-packages/airflow/example_dags/example_task_group_decorator.py took 0.245 seconds
[2023-11-14T08:11:37.351-0300] {processor.py:157} INFO - Started process (PID=291218) to work on /home/gmassoqueto/repos/apache-airflow-101/.venv/lib/python3.11/site-packages/airflow/example_dags/example_task_group_decorator.py
[2023-11-14T08:11:37.355-0300] {processor.py:829} INFO - Processing file /home/gmassoqueto/repos/apache-airflow-101/.venv/lib/python3.11/site-packages/airflow/example_dags/example_task_group_decorator.py for tasks to queue
[2023-11-14T08:11:37.356-0300] {logging_mixin.py:154} INFO - [2023-11-14T08:11:37.356-0300] {dagbag.py:536} INFO - Filling up the DagBag from /home/gmassoqueto/repos/apache-airflow-101/.venv/lib/python3.11/site-packages/airflow/example_dags/example_task_group_decorator.py
[2023-11-14T08:11:37.382-0300] {processor.py:839} INFO - DAG(s) dict_keys(['example_task_group_decorator']) retrieved from /home/gmassoqueto/repos/apache-airflow-101/.venv/lib/python3.11/site-packages/airflow/example_dags/example_task_group_decorator.py
[2023-11-14T08:11:37.399-0300] {logging_mixin.py:154} INFO - [2023-11-14T08:11:37.399-0300] {dag.py:2941} INFO - Sync 1 DAGs
[2023-11-14T08:11:37.414-0300] {logging_mixin.py:154} INFO - [2023-11-14T08:11:37.414-0300] {dag.py:3722} INFO - Setting next_dagrun for example_task_group_decorator to 2023-11-13T11:11:37.414084+00:00, run_after=2023-11-14T11:11:37.414084+00:00
[2023-11-14T08:11:37.443-0300] {processor.py:179} INFO - Processing /home/gmassoqueto/repos/apache-airflow-101/.venv/lib/python3.11/site-packages/airflow/example_dags/example_task_group_decorator.py took 0.095 seconds
[2023-11-14T08:12:22.635-0300] {processor.py:157} INFO - Started process (PID=291405) to work on /home/gmassoqueto/repos/apache-airflow-101/.venv/lib/python3.11/site-packages/airflow/example_dags/example_task_group_decorator.py
[2023-11-14T08:12:22.637-0300] {processor.py:829} INFO - Processing file /home/gmassoqueto/repos/apache-airflow-101/.venv/lib/python3.11/site-packages/airflow/example_dags/example_task_group_decorator.py for tasks to queue
[2023-11-14T08:12:22.637-0300] {logging_mixin.py:154} INFO - [2023-11-14T08:12:22.637-0300] {dagbag.py:536} INFO - Filling up the DagBag from /home/gmassoqueto/repos/apache-airflow-101/.venv/lib/python3.11/site-packages/airflow/example_dags/example_task_group_decorator.py
[2023-11-14T08:12:22.651-0300] {processor.py:839} INFO - DAG(s) dict_keys(['example_task_group_decorator']) retrieved from /home/gmassoqueto/repos/apache-airflow-101/.venv/lib/python3.11/site-packages/airflow/example_dags/example_task_group_decorator.py
[2023-11-14T08:12:22.656-0300] {logging_mixin.py:154} INFO - [2023-11-14T08:12:22.656-0300] {dag.py:2941} INFO - Sync 1 DAGs
[2023-11-14T08:12:22.672-0300] {logging_mixin.py:154} INFO - [2023-11-14T08:12:22.671-0300] {dag.py:3722} INFO - Setting next_dagrun for example_task_group_decorator to 2023-11-13T11:12:22.671751+00:00, run_after=2023-11-14T11:12:22.671751+00:00
[2023-11-14T08:12:22.686-0300] {processor.py:179} INFO - Processing /home/gmassoqueto/repos/apache-airflow-101/.venv/lib/python3.11/site-packages/airflow/example_dags/example_task_group_decorator.py took 0.053 seconds
[2023-11-14T08:13:09.037-0300] {processor.py:157} INFO - Started process (PID=291593) to work on /home/gmassoqueto/repos/apache-airflow-101/.venv/lib/python3.11/site-packages/airflow/example_dags/example_task_group_decorator.py
[2023-11-14T08:13:09.041-0300] {processor.py:829} INFO - Processing file /home/gmassoqueto/repos/apache-airflow-101/.venv/lib/python3.11/site-packages/airflow/example_dags/example_task_group_decorator.py for tasks to queue
[2023-11-14T08:13:09.042-0300] {logging_mixin.py:154} INFO - [2023-11-14T08:13:09.041-0300] {dagbag.py:536} INFO - Filling up the DagBag from /home/gmassoqueto/repos/apache-airflow-101/.venv/lib/python3.11/site-packages/airflow/example_dags/example_task_group_decorator.py
[2023-11-14T08:13:09.062-0300] {processor.py:839} INFO - DAG(s) dict_keys(['example_task_group_decorator']) retrieved from /home/gmassoqueto/repos/apache-airflow-101/.venv/lib/python3.11/site-packages/airflow/example_dags/example_task_group_decorator.py
[2023-11-14T08:13:09.080-0300] {logging_mixin.py:154} INFO - [2023-11-14T08:13:09.080-0300] {dag.py:2941} INFO - Sync 1 DAGs
[2023-11-14T08:13:09.093-0300] {logging_mixin.py:154} INFO - [2023-11-14T08:13:09.093-0300] {dag.py:3722} INFO - Setting next_dagrun for example_task_group_decorator to 2023-11-13T11:13:09.093111+00:00, run_after=2023-11-14T11:13:09.093111+00:00
[2023-11-14T08:13:09.118-0300] {processor.py:179} INFO - Processing /home/gmassoqueto/repos/apache-airflow-101/.venv/lib/python3.11/site-packages/airflow/example_dags/example_task_group_decorator.py took 0.084 seconds
[2023-11-14T08:13:54.928-0300] {processor.py:157} INFO - Started process (PID=291680) to work on /home/gmassoqueto/repos/apache-airflow-101/.venv/lib/python3.11/site-packages/airflow/example_dags/example_task_group_decorator.py
[2023-11-14T08:13:54.933-0300] {processor.py:829} INFO - Processing file /home/gmassoqueto/repos/apache-airflow-101/.venv/lib/python3.11/site-packages/airflow/example_dags/example_task_group_decorator.py for tasks to queue
[2023-11-14T08:13:54.935-0300] {logging_mixin.py:154} INFO - [2023-11-14T08:13:54.934-0300] {dagbag.py:536} INFO - Filling up the DagBag from /home/gmassoqueto/repos/apache-airflow-101/.venv/lib/python3.11/site-packages/airflow/example_dags/example_task_group_decorator.py
[2023-11-14T08:13:54.969-0300] {processor.py:839} INFO - DAG(s) dict_keys(['example_task_group_decorator']) retrieved from /home/gmassoqueto/repos/apache-airflow-101/.venv/lib/python3.11/site-packages/airflow/example_dags/example_task_group_decorator.py
[2023-11-14T08:13:54.986-0300] {logging_mixin.py:154} INFO - [2023-11-14T08:13:54.985-0300] {dag.py:2941} INFO - Sync 1 DAGs
[2023-11-14T08:13:55.000-0300] {logging_mixin.py:154} INFO - [2023-11-14T08:13:55.000-0300] {dag.py:3722} INFO - Setting next_dagrun for example_task_group_decorator to 2023-11-13T11:13:55.000337+00:00, run_after=2023-11-14T11:13:55.000337+00:00
[2023-11-14T08:13:55.018-0300] {processor.py:179} INFO - Processing /home/gmassoqueto/repos/apache-airflow-101/.venv/lib/python3.11/site-packages/airflow/example_dags/example_task_group_decorator.py took 0.097 seconds
[2023-11-14T08:14:42.975-0300] {processor.py:157} INFO - Started process (PID=291811) to work on /home/gmassoqueto/repos/apache-airflow-101/.venv/lib/python3.11/site-packages/airflow/example_dags/example_task_group_decorator.py
[2023-11-14T08:14:42.979-0300] {processor.py:829} INFO - Processing file /home/gmassoqueto/repos/apache-airflow-101/.venv/lib/python3.11/site-packages/airflow/example_dags/example_task_group_decorator.py for tasks to queue
[2023-11-14T08:14:42.979-0300] {logging_mixin.py:154} INFO - [2023-11-14T08:14:42.979-0300] {dagbag.py:536} INFO - Filling up the DagBag from /home/gmassoqueto/repos/apache-airflow-101/.venv/lib/python3.11/site-packages/airflow/example_dags/example_task_group_decorator.py
[2023-11-14T08:14:43.000-0300] {processor.py:839} INFO - DAG(s) dict_keys(['example_task_group_decorator']) retrieved from /home/gmassoqueto/repos/apache-airflow-101/.venv/lib/python3.11/site-packages/airflow/example_dags/example_task_group_decorator.py
[2023-11-14T08:14:43.019-0300] {logging_mixin.py:154} INFO - [2023-11-14T08:14:43.019-0300] {dag.py:2941} INFO - Sync 1 DAGs
[2023-11-14T08:14:43.033-0300] {logging_mixin.py:154} INFO - [2023-11-14T08:14:43.033-0300] {dag.py:3722} INFO - Setting next_dagrun for example_task_group_decorator to 2023-11-13T11:14:43.032856+00:00, run_after=2023-11-14T11:14:43.032856+00:00
[2023-11-14T08:14:43.052-0300] {processor.py:179} INFO - Processing /home/gmassoqueto/repos/apache-airflow-101/.venv/lib/python3.11/site-packages/airflow/example_dags/example_task_group_decorator.py took 0.080 seconds
[2023-11-14T08:15:31.091-0300] {processor.py:157} INFO - Started process (PID=291923) to work on /home/gmassoqueto/repos/apache-airflow-101/.venv/lib/python3.11/site-packages/airflow/example_dags/example_task_group_decorator.py
[2023-11-14T08:15:31.095-0300] {processor.py:829} INFO - Processing file /home/gmassoqueto/repos/apache-airflow-101/.venv/lib/python3.11/site-packages/airflow/example_dags/example_task_group_decorator.py for tasks to queue
[2023-11-14T08:15:31.096-0300] {logging_mixin.py:154} INFO - [2023-11-14T08:15:31.095-0300] {dagbag.py:536} INFO - Filling up the DagBag from /home/gmassoqueto/repos/apache-airflow-101/.venv/lib/python3.11/site-packages/airflow/example_dags/example_task_group_decorator.py
[2023-11-14T08:15:31.112-0300] {processor.py:839} INFO - DAG(s) dict_keys(['example_task_group_decorator']) retrieved from /home/gmassoqueto/repos/apache-airflow-101/.venv/lib/python3.11/site-packages/airflow/example_dags/example_task_group_decorator.py
[2023-11-14T08:15:31.129-0300] {logging_mixin.py:154} INFO - [2023-11-14T08:15:31.129-0300] {dag.py:2941} INFO - Sync 1 DAGs
[2023-11-14T08:15:31.143-0300] {logging_mixin.py:154} INFO - [2023-11-14T08:15:31.143-0300] {dag.py:3722} INFO - Setting next_dagrun for example_task_group_decorator to 2023-11-13T11:15:31.143413+00:00, run_after=2023-11-14T11:15:31.143413+00:00
[2023-11-14T08:15:31.160-0300] {processor.py:179} INFO - Processing /home/gmassoqueto/repos/apache-airflow-101/.venv/lib/python3.11/site-packages/airflow/example_dags/example_task_group_decorator.py took 0.072 seconds
[2023-11-14T08:16:17.924-0300] {processor.py:157} INFO - Started process (PID=292009) to work on /home/gmassoqueto/repos/apache-airflow-101/.venv/lib/python3.11/site-packages/airflow/example_dags/example_task_group_decorator.py
[2023-11-14T08:16:17.928-0300] {processor.py:829} INFO - Processing file /home/gmassoqueto/repos/apache-airflow-101/.venv/lib/python3.11/site-packages/airflow/example_dags/example_task_group_decorator.py for tasks to queue
[2023-11-14T08:16:17.929-0300] {logging_mixin.py:154} INFO - [2023-11-14T08:16:17.928-0300] {dagbag.py:536} INFO - Filling up the DagBag from /home/gmassoqueto/repos/apache-airflow-101/.venv/lib/python3.11/site-packages/airflow/example_dags/example_task_group_decorator.py
[2023-11-14T08:16:17.947-0300] {processor.py:839} INFO - DAG(s) dict_keys(['example_task_group_decorator']) retrieved from /home/gmassoqueto/repos/apache-airflow-101/.venv/lib/python3.11/site-packages/airflow/example_dags/example_task_group_decorator.py
[2023-11-14T08:16:17.965-0300] {logging_mixin.py:154} INFO - [2023-11-14T08:16:17.965-0300] {dag.py:2941} INFO - Sync 1 DAGs
[2023-11-14T08:16:17.978-0300] {logging_mixin.py:154} INFO - [2023-11-14T08:16:17.978-0300] {dag.py:3722} INFO - Setting next_dagrun for example_task_group_decorator to 2023-11-13T11:16:17.978512+00:00, run_after=2023-11-14T11:16:17.978512+00:00
[2023-11-14T08:16:18.002-0300] {processor.py:179} INFO - Processing /home/gmassoqueto/repos/apache-airflow-101/.venv/lib/python3.11/site-packages/airflow/example_dags/example_task_group_decorator.py took 0.080 seconds
[2023-11-14T08:17:09.125-0300] {processor.py:157} INFO - Started process (PID=292096) to work on /home/gmassoqueto/repos/apache-airflow-101/.venv/lib/python3.11/site-packages/airflow/example_dags/example_task_group_decorator.py
[2023-11-14T08:17:09.129-0300] {processor.py:829} INFO - Processing file /home/gmassoqueto/repos/apache-airflow-101/.venv/lib/python3.11/site-packages/airflow/example_dags/example_task_group_decorator.py for tasks to queue
[2023-11-14T08:17:09.130-0300] {logging_mixin.py:154} INFO - [2023-11-14T08:17:09.130-0300] {dagbag.py:536} INFO - Filling up the DagBag from /home/gmassoqueto/repos/apache-airflow-101/.venv/lib/python3.11/site-packages/airflow/example_dags/example_task_group_decorator.py
[2023-11-14T08:17:09.142-0300] {processor.py:839} INFO - DAG(s) dict_keys(['example_task_group_decorator']) retrieved from /home/gmassoqueto/repos/apache-airflow-101/.venv/lib/python3.11/site-packages/airflow/example_dags/example_task_group_decorator.py
[2023-11-14T08:17:09.157-0300] {logging_mixin.py:154} INFO - [2023-11-14T08:17:09.157-0300] {dag.py:2941} INFO - Sync 1 DAGs
[2023-11-14T08:17:09.171-0300] {logging_mixin.py:154} INFO - [2023-11-14T08:17:09.171-0300] {dag.py:3722} INFO - Setting next_dagrun for example_task_group_decorator to 2023-11-13T11:17:09.171113+00:00, run_after=2023-11-14T11:17:09.171113+00:00
[2023-11-14T08:17:09.195-0300] {processor.py:179} INFO - Processing /home/gmassoqueto/repos/apache-airflow-101/.venv/lib/python3.11/site-packages/airflow/example_dags/example_task_group_decorator.py took 0.071 seconds
[2023-11-14T08:17:57.946-0300] {processor.py:157} INFO - Started process (PID=292201) to work on /home/gmassoqueto/repos/apache-airflow-101/.venv/lib/python3.11/site-packages/airflow/example_dags/example_task_group_decorator.py
[2023-11-14T08:17:57.951-0300] {processor.py:829} INFO - Processing file /home/gmassoqueto/repos/apache-airflow-101/.venv/lib/python3.11/site-packages/airflow/example_dags/example_task_group_decorator.py for tasks to queue
[2023-11-14T08:17:57.953-0300] {logging_mixin.py:154} INFO - [2023-11-14T08:17:57.952-0300] {dagbag.py:536} INFO - Filling up the DagBag from /home/gmassoqueto/repos/apache-airflow-101/.venv/lib/python3.11/site-packages/airflow/example_dags/example_task_group_decorator.py
[2023-11-14T08:17:57.987-0300] {processor.py:839} INFO - DAG(s) dict_keys(['example_task_group_decorator']) retrieved from /home/gmassoqueto/repos/apache-airflow-101/.venv/lib/python3.11/site-packages/airflow/example_dags/example_task_group_decorator.py
[2023-11-14T08:17:58.003-0300] {logging_mixin.py:154} INFO - [2023-11-14T08:17:58.003-0300] {dag.py:2941} INFO - Sync 1 DAGs
[2023-11-14T08:17:58.017-0300] {logging_mixin.py:154} INFO - [2023-11-14T08:17:58.017-0300] {dag.py:3722} INFO - Setting next_dagrun for example_task_group_decorator to 2023-11-13T11:17:58.017685+00:00, run_after=2023-11-14T11:17:58.017685+00:00
[2023-11-14T08:17:58.034-0300] {processor.py:179} INFO - Processing /home/gmassoqueto/repos/apache-airflow-101/.venv/lib/python3.11/site-packages/airflow/example_dags/example_task_group_decorator.py took 0.095 seconds
