[2023-11-14T07:03:28.588-0300] {processor.py:157} INFO - Started process (PID=284766) to work on /home/gmassoqueto/repos/apache-airflow-101/.venv/lib/python3.11/site-packages/airflow/example_dags/example_subdag_operator.py
[2023-11-14T07:03:28.589-0300] {processor.py:829} INFO - Processing file /home/gmassoqueto/repos/apache-airflow-101/.venv/lib/python3.11/site-packages/airflow/example_dags/example_subdag_operator.py for tasks to queue
[2023-11-14T07:03:28.589-0300] {logging_mixin.py:154} INFO - [2023-11-14T07:03:28.589-0300] {dagbag.py:536} INFO - Filling up the DagBag from /home/gmassoqueto/repos/apache-airflow-101/.venv/lib/python3.11/site-packages/airflow/example_dags/example_subdag_operator.py
[2023-11-14T07:03:28.607-0300] {processor.py:839} INFO - DAG(s) dict_keys(['example_subdag_operator.section-1', 'example_subdag_operator.section-2', 'example_subdag_operator']) retrieved from /home/gmassoqueto/repos/apache-airflow-101/.venv/lib/python3.11/site-packages/airflow/example_dags/example_subdag_operator.py
[2023-11-14T07:03:28.609-0300] {logging_mixin.py:154} INFO - [2023-11-14T07:03:28.609-0300] {dag.py:2941} INFO - Sync 3 DAGs
[2023-11-14T07:03:28.626-0300] {logging_mixin.py:154} INFO - [2023-11-14T07:03:28.626-0300] {dag.py:3722} INFO - Setting next_dagrun for example_subdag_operator to 2022-01-01T00:00:00+00:00, run_after=2022-01-01T00:00:00+00:00
[2023-11-14T07:03:28.628-0300] {logging_mixin.py:154} INFO - [2023-11-14T07:03:28.628-0300] {dag.py:3722} INFO - Setting next_dagrun for example_subdag_operator.section-1 to None, run_after=None
[2023-11-14T07:03:28.629-0300] {logging_mixin.py:154} INFO - [2023-11-14T07:03:28.629-0300] {dag.py:3722} INFO - Setting next_dagrun for example_subdag_operator.section-2 to None, run_after=None
[2023-11-14T07:03:28.633-0300] {logging_mixin.py:154} INFO - [2023-11-14T07:03:28.633-0300] {dag.py:2941} INFO - Sync 2 DAGs
[2023-11-14T07:03:28.636-0300] {logging_mixin.py:154} INFO - [2023-11-14T07:03:28.636-0300] {dag.py:3722} INFO - Setting next_dagrun for example_subdag_operator.section-1 to None, run_after=None
[2023-11-14T07:03:28.636-0300] {logging_mixin.py:154} INFO - [2023-11-14T07:03:28.636-0300] {dag.py:3722} INFO - Setting next_dagrun for example_subdag_operator.section-2 to None, run_after=None
[2023-11-14T07:03:28.652-0300] {processor.py:179} INFO - Processing /home/gmassoqueto/repos/apache-airflow-101/.venv/lib/python3.11/site-packages/airflow/example_dags/example_subdag_operator.py took 0.067 seconds
[2023-11-14T07:04:13.922-0300] {processor.py:157} INFO - Started process (PID=284846) to work on /home/gmassoqueto/repos/apache-airflow-101/.venv/lib/python3.11/site-packages/airflow/example_dags/example_subdag_operator.py
[2023-11-14T07:04:13.927-0300] {processor.py:829} INFO - Processing file /home/gmassoqueto/repos/apache-airflow-101/.venv/lib/python3.11/site-packages/airflow/example_dags/example_subdag_operator.py for tasks to queue
[2023-11-14T07:04:13.930-0300] {logging_mixin.py:154} INFO - [2023-11-14T07:04:13.929-0300] {dagbag.py:536} INFO - Filling up the DagBag from /home/gmassoqueto/repos/apache-airflow-101/.venv/lib/python3.11/site-packages/airflow/example_dags/example_subdag_operator.py
[2023-11-14T07:04:13.964-0300] {processor.py:839} INFO - DAG(s) dict_keys(['example_subdag_operator.section-1', 'example_subdag_operator.section-2', 'example_subdag_operator']) retrieved from /home/gmassoqueto/repos/apache-airflow-101/.venv/lib/python3.11/site-packages/airflow/example_dags/example_subdag_operator.py
[2023-11-14T07:04:13.977-0300] {logging_mixin.py:154} INFO - [2023-11-14T07:04:13.977-0300] {dag.py:2941} INFO - Sync 3 DAGs
[2023-11-14T07:04:13.990-0300] {logging_mixin.py:154} INFO - [2023-11-14T07:04:13.990-0300] {dag.py:3722} INFO - Setting next_dagrun for example_subdag_operator to 2022-01-01T00:00:00+00:00, run_after=2022-01-01T00:00:00+00:00
[2023-11-14T07:04:13.992-0300] {logging_mixin.py:154} INFO - [2023-11-14T07:04:13.992-0300] {dag.py:3722} INFO - Setting next_dagrun for example_subdag_operator.section-1 to None, run_after=None
[2023-11-14T07:04:13.993-0300] {logging_mixin.py:154} INFO - [2023-11-14T07:04:13.993-0300] {dag.py:3722} INFO - Setting next_dagrun for example_subdag_operator.section-2 to None, run_after=None
[2023-11-14T07:04:13.997-0300] {logging_mixin.py:154} INFO - [2023-11-14T07:04:13.997-0300] {dag.py:2941} INFO - Sync 2 DAGs
[2023-11-14T07:04:14.000-0300] {logging_mixin.py:154} INFO - [2023-11-14T07:04:14.000-0300] {dag.py:3722} INFO - Setting next_dagrun for example_subdag_operator.section-1 to None, run_after=None
[2023-11-14T07:04:14.000-0300] {logging_mixin.py:154} INFO - [2023-11-14T07:04:14.000-0300] {dag.py:3722} INFO - Setting next_dagrun for example_subdag_operator.section-2 to None, run_after=None
[2023-11-14T07:04:14.012-0300] {processor.py:179} INFO - Processing /home/gmassoqueto/repos/apache-airflow-101/.venv/lib/python3.11/site-packages/airflow/example_dags/example_subdag_operator.py took 0.097 seconds
[2023-11-14T07:57:23.691-0300] {processor.py:157} INFO - Started process (PID=287190) to work on /home/gmassoqueto/repos/apache-airflow-101/.venv/lib/python3.11/site-packages/airflow/example_dags/example_subdag_operator.py
[2023-11-14T07:57:23.695-0300] {processor.py:829} INFO - Processing file /home/gmassoqueto/repos/apache-airflow-101/.venv/lib/python3.11/site-packages/airflow/example_dags/example_subdag_operator.py for tasks to queue
[2023-11-14T07:57:23.697-0300] {logging_mixin.py:154} INFO - [2023-11-14T07:57:23.696-0300] {dagbag.py:536} INFO - Filling up the DagBag from /home/gmassoqueto/repos/apache-airflow-101/.venv/lib/python3.11/site-packages/airflow/example_dags/example_subdag_operator.py
[2023-11-14T07:57:23.729-0300] {processor.py:839} INFO - DAG(s) dict_keys(['example_subdag_operator.section-1', 'example_subdag_operator.section-2', 'example_subdag_operator']) retrieved from /home/gmassoqueto/repos/apache-airflow-101/.venv/lib/python3.11/site-packages/airflow/example_dags/example_subdag_operator.py
[2023-11-14T07:57:23.733-0300] {logging_mixin.py:154} INFO - [2023-11-14T07:57:23.733-0300] {dag.py:2941} INFO - Sync 3 DAGs
[2023-11-14T07:57:23.750-0300] {logging_mixin.py:154} INFO - [2023-11-14T07:57:23.750-0300] {dag.py:3722} INFO - Setting next_dagrun for example_subdag_operator to 2022-01-01T00:00:00+00:00, run_after=2022-01-01T00:00:00+00:00
[2023-11-14T07:57:23.752-0300] {logging_mixin.py:154} INFO - [2023-11-14T07:57:23.752-0300] {dag.py:3722} INFO - Setting next_dagrun for example_subdag_operator.section-1 to None, run_after=None
[2023-11-14T07:57:23.752-0300] {logging_mixin.py:154} INFO - [2023-11-14T07:57:23.752-0300] {dag.py:3722} INFO - Setting next_dagrun for example_subdag_operator.section-2 to None, run_after=None
[2023-11-14T07:57:23.756-0300] {logging_mixin.py:154} INFO - [2023-11-14T07:57:23.756-0300] {dag.py:2941} INFO - Sync 2 DAGs
[2023-11-14T07:57:23.758-0300] {logging_mixin.py:154} INFO - [2023-11-14T07:57:23.758-0300] {dag.py:3722} INFO - Setting next_dagrun for example_subdag_operator.section-1 to None, run_after=None
[2023-11-14T07:57:23.759-0300] {logging_mixin.py:154} INFO - [2023-11-14T07:57:23.759-0300] {dag.py:3722} INFO - Setting next_dagrun for example_subdag_operator.section-2 to None, run_after=None
[2023-11-14T07:57:23.771-0300] {processor.py:179} INFO - Processing /home/gmassoqueto/repos/apache-airflow-101/.venv/lib/python3.11/site-packages/airflow/example_dags/example_subdag_operator.py took 0.084 seconds
[2023-11-14T07:58:10.054-0300] {processor.py:157} INFO - Started process (PID=287399) to work on /home/gmassoqueto/repos/apache-airflow-101/.venv/lib/python3.11/site-packages/airflow/example_dags/example_subdag_operator.py
[2023-11-14T07:58:10.058-0300] {processor.py:829} INFO - Processing file /home/gmassoqueto/repos/apache-airflow-101/.venv/lib/python3.11/site-packages/airflow/example_dags/example_subdag_operator.py for tasks to queue
[2023-11-14T07:58:10.059-0300] {logging_mixin.py:154} INFO - [2023-11-14T07:58:10.058-0300] {dagbag.py:536} INFO - Filling up the DagBag from /home/gmassoqueto/repos/apache-airflow-101/.venv/lib/python3.11/site-packages/airflow/example_dags/example_subdag_operator.py
[2023-11-14T07:58:10.082-0300] {processor.py:839} INFO - DAG(s) dict_keys(['example_subdag_operator.section-1', 'example_subdag_operator.section-2', 'example_subdag_operator']) retrieved from /home/gmassoqueto/repos/apache-airflow-101/.venv/lib/python3.11/site-packages/airflow/example_dags/example_subdag_operator.py
[2023-11-14T07:58:10.097-0300] {logging_mixin.py:154} INFO - [2023-11-14T07:58:10.097-0300] {dag.py:2941} INFO - Sync 3 DAGs
[2023-11-14T07:58:10.111-0300] {logging_mixin.py:154} INFO - [2023-11-14T07:58:10.111-0300] {dag.py:3722} INFO - Setting next_dagrun for example_subdag_operator to 2022-01-01T00:00:00+00:00, run_after=2022-01-01T00:00:00+00:00
[2023-11-14T07:58:10.113-0300] {logging_mixin.py:154} INFO - [2023-11-14T07:58:10.113-0300] {dag.py:3722} INFO - Setting next_dagrun for example_subdag_operator.section-1 to None, run_after=None
[2023-11-14T07:58:10.114-0300] {logging_mixin.py:154} INFO - [2023-11-14T07:58:10.114-0300] {dag.py:3722} INFO - Setting next_dagrun for example_subdag_operator.section-2 to None, run_after=None
[2023-11-14T07:58:10.118-0300] {logging_mixin.py:154} INFO - [2023-11-14T07:58:10.118-0300] {dag.py:2941} INFO - Sync 2 DAGs
[2023-11-14T07:58:10.121-0300] {logging_mixin.py:154} INFO - [2023-11-14T07:58:10.121-0300] {dag.py:3722} INFO - Setting next_dagrun for example_subdag_operator.section-1 to None, run_after=None
[2023-11-14T07:58:10.121-0300] {logging_mixin.py:154} INFO - [2023-11-14T07:58:10.121-0300] {dag.py:3722} INFO - Setting next_dagrun for example_subdag_operator.section-2 to None, run_after=None
[2023-11-14T07:58:10.133-0300] {processor.py:179} INFO - Processing /home/gmassoqueto/repos/apache-airflow-101/.venv/lib/python3.11/site-packages/airflow/example_dags/example_subdag_operator.py took 0.082 seconds
[2023-11-14T07:58:54.377-0300] {processor.py:157} INFO - Started process (PID=287545) to work on /home/gmassoqueto/repos/apache-airflow-101/.venv/lib/python3.11/site-packages/airflow/example_dags/example_subdag_operator.py
[2023-11-14T07:58:54.381-0300] {processor.py:829} INFO - Processing file /home/gmassoqueto/repos/apache-airflow-101/.venv/lib/python3.11/site-packages/airflow/example_dags/example_subdag_operator.py for tasks to queue
[2023-11-14T07:58:54.384-0300] {logging_mixin.py:154} INFO - [2023-11-14T07:58:54.383-0300] {dagbag.py:536} INFO - Filling up the DagBag from /home/gmassoqueto/repos/apache-airflow-101/.venv/lib/python3.11/site-packages/airflow/example_dags/example_subdag_operator.py
[2023-11-14T07:58:54.427-0300] {processor.py:839} INFO - DAG(s) dict_keys(['example_subdag_operator.section-1', 'example_subdag_operator.section-2', 'example_subdag_operator']) retrieved from /home/gmassoqueto/repos/apache-airflow-101/.venv/lib/python3.11/site-packages/airflow/example_dags/example_subdag_operator.py
[2023-11-14T07:58:54.441-0300] {logging_mixin.py:154} INFO - [2023-11-14T07:58:54.441-0300] {dag.py:2941} INFO - Sync 3 DAGs
[2023-11-14T07:58:54.454-0300] {logging_mixin.py:154} INFO - [2023-11-14T07:58:54.454-0300] {dag.py:3722} INFO - Setting next_dagrun for example_subdag_operator to 2022-01-01T00:00:00+00:00, run_after=2022-01-01T00:00:00+00:00
[2023-11-14T07:58:54.456-0300] {logging_mixin.py:154} INFO - [2023-11-14T07:58:54.456-0300] {dag.py:3722} INFO - Setting next_dagrun for example_subdag_operator.section-1 to None, run_after=None
[2023-11-14T07:58:54.456-0300] {logging_mixin.py:154} INFO - [2023-11-14T07:58:54.456-0300] {dag.py:3722} INFO - Setting next_dagrun for example_subdag_operator.section-2 to None, run_after=None
[2023-11-14T07:58:54.460-0300] {logging_mixin.py:154} INFO - [2023-11-14T07:58:54.460-0300] {dag.py:2941} INFO - Sync 2 DAGs
[2023-11-14T07:58:54.462-0300] {logging_mixin.py:154} INFO - [2023-11-14T07:58:54.462-0300] {dag.py:3722} INFO - Setting next_dagrun for example_subdag_operator.section-1 to None, run_after=None
[2023-11-14T07:58:54.462-0300] {logging_mixin.py:154} INFO - [2023-11-14T07:58:54.462-0300] {dag.py:3722} INFO - Setting next_dagrun for example_subdag_operator.section-2 to None, run_after=None
[2023-11-14T07:58:54.474-0300] {processor.py:179} INFO - Processing /home/gmassoqueto/repos/apache-airflow-101/.venv/lib/python3.11/site-packages/airflow/example_dags/example_subdag_operator.py took 0.100 seconds
[2023-11-14T07:59:41.805-0300] {processor.py:157} INFO - Started process (PID=287639) to work on /home/gmassoqueto/repos/apache-airflow-101/.venv/lib/python3.11/site-packages/airflow/example_dags/example_subdag_operator.py
[2023-11-14T07:59:41.809-0300] {processor.py:829} INFO - Processing file /home/gmassoqueto/repos/apache-airflow-101/.venv/lib/python3.11/site-packages/airflow/example_dags/example_subdag_operator.py for tasks to queue
[2023-11-14T07:59:41.810-0300] {logging_mixin.py:154} INFO - [2023-11-14T07:59:41.810-0300] {dagbag.py:536} INFO - Filling up the DagBag from /home/gmassoqueto/repos/apache-airflow-101/.venv/lib/python3.11/site-packages/airflow/example_dags/example_subdag_operator.py
[2023-11-14T07:59:41.846-0300] {processor.py:839} INFO - DAG(s) dict_keys(['example_subdag_operator.section-1', 'example_subdag_operator.section-2', 'example_subdag_operator']) retrieved from /home/gmassoqueto/repos/apache-airflow-101/.venv/lib/python3.11/site-packages/airflow/example_dags/example_subdag_operator.py
[2023-11-14T07:59:41.861-0300] {logging_mixin.py:154} INFO - [2023-11-14T07:59:41.861-0300] {dag.py:2941} INFO - Sync 3 DAGs
[2023-11-14T07:59:41.874-0300] {logging_mixin.py:154} INFO - [2023-11-14T07:59:41.874-0300] {dag.py:3722} INFO - Setting next_dagrun for example_subdag_operator to 2022-01-01T00:00:00+00:00, run_after=2022-01-01T00:00:00+00:00
[2023-11-14T07:59:41.876-0300] {logging_mixin.py:154} INFO - [2023-11-14T07:59:41.876-0300] {dag.py:3722} INFO - Setting next_dagrun for example_subdag_operator.section-1 to None, run_after=None
[2023-11-14T07:59:41.877-0300] {logging_mixin.py:154} INFO - [2023-11-14T07:59:41.877-0300] {dag.py:3722} INFO - Setting next_dagrun for example_subdag_operator.section-2 to None, run_after=None
[2023-11-14T07:59:41.881-0300] {logging_mixin.py:154} INFO - [2023-11-14T07:59:41.881-0300] {dag.py:2941} INFO - Sync 2 DAGs
[2023-11-14T07:59:41.884-0300] {logging_mixin.py:154} INFO - [2023-11-14T07:59:41.884-0300] {dag.py:3722} INFO - Setting next_dagrun for example_subdag_operator.section-1 to None, run_after=None
[2023-11-14T07:59:41.884-0300] {logging_mixin.py:154} INFO - [2023-11-14T07:59:41.884-0300] {dag.py:3722} INFO - Setting next_dagrun for example_subdag_operator.section-2 to None, run_after=None
[2023-11-14T07:59:41.907-0300] {processor.py:179} INFO - Processing /home/gmassoqueto/repos/apache-airflow-101/.venv/lib/python3.11/site-packages/airflow/example_dags/example_subdag_operator.py took 0.105 seconds
[2023-11-14T08:00:32.759-0300] {processor.py:157} INFO - Started process (PID=287784) to work on /home/gmassoqueto/repos/apache-airflow-101/.venv/lib/python3.11/site-packages/airflow/example_dags/example_subdag_operator.py
[2023-11-14T08:00:32.763-0300] {processor.py:829} INFO - Processing file /home/gmassoqueto/repos/apache-airflow-101/.venv/lib/python3.11/site-packages/airflow/example_dags/example_subdag_operator.py for tasks to queue
[2023-11-14T08:00:32.763-0300] {logging_mixin.py:154} INFO - [2023-11-14T08:00:32.763-0300] {dagbag.py:536} INFO - Filling up the DagBag from /home/gmassoqueto/repos/apache-airflow-101/.venv/lib/python3.11/site-packages/airflow/example_dags/example_subdag_operator.py
[2023-11-14T08:00:32.783-0300] {processor.py:839} INFO - DAG(s) dict_keys(['example_subdag_operator.section-1', 'example_subdag_operator.section-2', 'example_subdag_operator']) retrieved from /home/gmassoqueto/repos/apache-airflow-101/.venv/lib/python3.11/site-packages/airflow/example_dags/example_subdag_operator.py
[2023-11-14T08:00:32.796-0300] {logging_mixin.py:154} INFO - [2023-11-14T08:00:32.796-0300] {dag.py:2941} INFO - Sync 3 DAGs
[2023-11-14T08:00:32.809-0300] {logging_mixin.py:154} INFO - [2023-11-14T08:00:32.809-0300] {dag.py:3722} INFO - Setting next_dagrun for example_subdag_operator to 2022-01-01T00:00:00+00:00, run_after=2022-01-01T00:00:00+00:00
[2023-11-14T08:00:32.811-0300] {logging_mixin.py:154} INFO - [2023-11-14T08:00:32.811-0300] {dag.py:3722} INFO - Setting next_dagrun for example_subdag_operator.section-1 to None, run_after=None
[2023-11-14T08:00:32.811-0300] {logging_mixin.py:154} INFO - [2023-11-14T08:00:32.811-0300] {dag.py:3722} INFO - Setting next_dagrun for example_subdag_operator.section-2 to None, run_after=None
[2023-11-14T08:00:32.815-0300] {logging_mixin.py:154} INFO - [2023-11-14T08:00:32.815-0300] {dag.py:2941} INFO - Sync 2 DAGs
[2023-11-14T08:00:32.817-0300] {logging_mixin.py:154} INFO - [2023-11-14T08:00:32.817-0300] {dag.py:3722} INFO - Setting next_dagrun for example_subdag_operator.section-1 to None, run_after=None
[2023-11-14T08:00:32.817-0300] {logging_mixin.py:154} INFO - [2023-11-14T08:00:32.817-0300] {dag.py:3722} INFO - Setting next_dagrun for example_subdag_operator.section-2 to None, run_after=None
[2023-11-14T08:00:32.837-0300] {processor.py:179} INFO - Processing /home/gmassoqueto/repos/apache-airflow-101/.venv/lib/python3.11/site-packages/airflow/example_dags/example_subdag_operator.py took 0.081 seconds
[2023-11-14T08:01:19.191-0300] {processor.py:157} INFO - Started process (PID=288002) to work on /home/gmassoqueto/repos/apache-airflow-101/.venv/lib/python3.11/site-packages/airflow/example_dags/example_subdag_operator.py
[2023-11-14T08:01:19.192-0300] {processor.py:829} INFO - Processing file /home/gmassoqueto/repos/apache-airflow-101/.venv/lib/python3.11/site-packages/airflow/example_dags/example_subdag_operator.py for tasks to queue
[2023-11-14T08:01:19.193-0300] {logging_mixin.py:154} INFO - [2023-11-14T08:01:19.193-0300] {dagbag.py:536} INFO - Filling up the DagBag from /home/gmassoqueto/repos/apache-airflow-101/.venv/lib/python3.11/site-packages/airflow/example_dags/example_subdag_operator.py
[2023-11-14T08:01:19.219-0300] {processor.py:839} INFO - DAG(s) dict_keys(['example_subdag_operator.section-1', 'example_subdag_operator.section-2', 'example_subdag_operator']) retrieved from /home/gmassoqueto/repos/apache-airflow-101/.venv/lib/python3.11/site-packages/airflow/example_dags/example_subdag_operator.py
[2023-11-14T08:01:19.239-0300] {logging_mixin.py:154} INFO - [2023-11-14T08:01:19.239-0300] {dag.py:2941} INFO - Sync 3 DAGs
[2023-11-14T08:01:19.264-0300] {logging_mixin.py:154} INFO - [2023-11-14T08:01:19.264-0300] {dag.py:3722} INFO - Setting next_dagrun for example_subdag_operator to 2022-01-01T00:00:00+00:00, run_after=2022-01-01T00:00:00+00:00
[2023-11-14T08:01:19.269-0300] {logging_mixin.py:154} INFO - [2023-11-14T08:01:19.269-0300] {dag.py:3722} INFO - Setting next_dagrun for example_subdag_operator.section-1 to None, run_after=None
[2023-11-14T08:01:19.270-0300] {logging_mixin.py:154} INFO - [2023-11-14T08:01:19.270-0300] {dag.py:3722} INFO - Setting next_dagrun for example_subdag_operator.section-2 to None, run_after=None
[2023-11-14T08:01:19.276-0300] {logging_mixin.py:154} INFO - [2023-11-14T08:01:19.276-0300] {dag.py:2941} INFO - Sync 2 DAGs
[2023-11-14T08:01:19.280-0300] {logging_mixin.py:154} INFO - [2023-11-14T08:01:19.280-0300] {dag.py:3722} INFO - Setting next_dagrun for example_subdag_operator.section-1 to None, run_after=None
[2023-11-14T08:01:19.280-0300] {logging_mixin.py:154} INFO - [2023-11-14T08:01:19.280-0300] {dag.py:3722} INFO - Setting next_dagrun for example_subdag_operator.section-2 to None, run_after=None
[2023-11-14T08:01:19.297-0300] {processor.py:179} INFO - Processing /home/gmassoqueto/repos/apache-airflow-101/.venv/lib/python3.11/site-packages/airflow/example_dags/example_subdag_operator.py took 0.109 seconds
[2023-11-14T08:02:09.678-0300] {processor.py:157} INFO - Started process (PID=288108) to work on /home/gmassoqueto/repos/apache-airflow-101/.venv/lib/python3.11/site-packages/airflow/example_dags/example_subdag_operator.py
[2023-11-14T08:02:09.682-0300] {processor.py:829} INFO - Processing file /home/gmassoqueto/repos/apache-airflow-101/.venv/lib/python3.11/site-packages/airflow/example_dags/example_subdag_operator.py for tasks to queue
[2023-11-14T08:02:09.682-0300] {logging_mixin.py:154} INFO - [2023-11-14T08:02:09.682-0300] {dagbag.py:536} INFO - Filling up the DagBag from /home/gmassoqueto/repos/apache-airflow-101/.venv/lib/python3.11/site-packages/airflow/example_dags/example_subdag_operator.py
[2023-11-14T08:02:09.702-0300] {processor.py:839} INFO - DAG(s) dict_keys(['example_subdag_operator.section-1', 'example_subdag_operator.section-2', 'example_subdag_operator']) retrieved from /home/gmassoqueto/repos/apache-airflow-101/.venv/lib/python3.11/site-packages/airflow/example_dags/example_subdag_operator.py
[2023-11-14T08:02:09.716-0300] {logging_mixin.py:154} INFO - [2023-11-14T08:02:09.716-0300] {dag.py:2941} INFO - Sync 3 DAGs
[2023-11-14T08:02:09.730-0300] {logging_mixin.py:154} INFO - [2023-11-14T08:02:09.730-0300] {dag.py:3722} INFO - Setting next_dagrun for example_subdag_operator to 2022-01-01T00:00:00+00:00, run_after=2022-01-01T00:00:00+00:00
[2023-11-14T08:02:09.732-0300] {logging_mixin.py:154} INFO - [2023-11-14T08:02:09.732-0300] {dag.py:3722} INFO - Setting next_dagrun for example_subdag_operator.section-1 to None, run_after=None
[2023-11-14T08:02:09.733-0300] {logging_mixin.py:154} INFO - [2023-11-14T08:02:09.733-0300] {dag.py:3722} INFO - Setting next_dagrun for example_subdag_operator.section-2 to None, run_after=None
[2023-11-14T08:02:09.736-0300] {logging_mixin.py:154} INFO - [2023-11-14T08:02:09.736-0300] {dag.py:2941} INFO - Sync 2 DAGs
[2023-11-14T08:02:09.739-0300] {logging_mixin.py:154} INFO - [2023-11-14T08:02:09.738-0300] {dag.py:3722} INFO - Setting next_dagrun for example_subdag_operator.section-1 to None, run_after=None
[2023-11-14T08:02:09.739-0300] {logging_mixin.py:154} INFO - [2023-11-14T08:02:09.739-0300] {dag.py:3722} INFO - Setting next_dagrun for example_subdag_operator.section-2 to None, run_after=None
[2023-11-14T08:02:09.751-0300] {processor.py:179} INFO - Processing /home/gmassoqueto/repos/apache-airflow-101/.venv/lib/python3.11/site-packages/airflow/example_dags/example_subdag_operator.py took 0.076 seconds
[2023-11-14T08:02:58.742-0300] {processor.py:157} INFO - Started process (PID=288297) to work on /home/gmassoqueto/repos/apache-airflow-101/.venv/lib/python3.11/site-packages/airflow/example_dags/example_subdag_operator.py
[2023-11-14T08:02:58.746-0300] {processor.py:829} INFO - Processing file /home/gmassoqueto/repos/apache-airflow-101/.venv/lib/python3.11/site-packages/airflow/example_dags/example_subdag_operator.py for tasks to queue
[2023-11-14T08:02:58.747-0300] {logging_mixin.py:154} INFO - [2023-11-14T08:02:58.747-0300] {dagbag.py:536} INFO - Filling up the DagBag from /home/gmassoqueto/repos/apache-airflow-101/.venv/lib/python3.11/site-packages/airflow/example_dags/example_subdag_operator.py
[2023-11-14T08:02:58.767-0300] {processor.py:839} INFO - DAG(s) dict_keys(['example_subdag_operator.section-1', 'example_subdag_operator.section-2', 'example_subdag_operator']) retrieved from /home/gmassoqueto/repos/apache-airflow-101/.venv/lib/python3.11/site-packages/airflow/example_dags/example_subdag_operator.py
[2023-11-14T08:02:58.780-0300] {logging_mixin.py:154} INFO - [2023-11-14T08:02:58.780-0300] {dag.py:2941} INFO - Sync 3 DAGs
[2023-11-14T08:02:58.795-0300] {logging_mixin.py:154} INFO - [2023-11-14T08:02:58.795-0300] {dag.py:3722} INFO - Setting next_dagrun for example_subdag_operator to 2022-01-01T00:00:00+00:00, run_after=2022-01-01T00:00:00+00:00
[2023-11-14T08:02:58.797-0300] {logging_mixin.py:154} INFO - [2023-11-14T08:02:58.797-0300] {dag.py:3722} INFO - Setting next_dagrun for example_subdag_operator.section-1 to None, run_after=None
[2023-11-14T08:02:58.798-0300] {logging_mixin.py:154} INFO - [2023-11-14T08:02:58.798-0300] {dag.py:3722} INFO - Setting next_dagrun for example_subdag_operator.section-2 to None, run_after=None
[2023-11-14T08:02:58.801-0300] {logging_mixin.py:154} INFO - [2023-11-14T08:02:58.801-0300] {dag.py:2941} INFO - Sync 2 DAGs
[2023-11-14T08:02:58.804-0300] {logging_mixin.py:154} INFO - [2023-11-14T08:02:58.804-0300] {dag.py:3722} INFO - Setting next_dagrun for example_subdag_operator.section-1 to None, run_after=None
[2023-11-14T08:02:58.804-0300] {logging_mixin.py:154} INFO - [2023-11-14T08:02:58.804-0300] {dag.py:3722} INFO - Setting next_dagrun for example_subdag_operator.section-2 to None, run_after=None
[2023-11-14T08:02:58.817-0300] {processor.py:179} INFO - Processing /home/gmassoqueto/repos/apache-airflow-101/.venv/lib/python3.11/site-packages/airflow/example_dags/example_subdag_operator.py took 0.079 seconds
[2023-11-14T08:03:44.389-0300] {processor.py:157} INFO - Started process (PID=288424) to work on /home/gmassoqueto/repos/apache-airflow-101/.venv/lib/python3.11/site-packages/airflow/example_dags/example_subdag_operator.py
[2023-11-14T08:03:44.393-0300] {processor.py:829} INFO - Processing file /home/gmassoqueto/repos/apache-airflow-101/.venv/lib/python3.11/site-packages/airflow/example_dags/example_subdag_operator.py for tasks to queue
[2023-11-14T08:03:44.394-0300] {logging_mixin.py:154} INFO - [2023-11-14T08:03:44.394-0300] {dagbag.py:536} INFO - Filling up the DagBag from /home/gmassoqueto/repos/apache-airflow-101/.venv/lib/python3.11/site-packages/airflow/example_dags/example_subdag_operator.py
[2023-11-14T08:03:44.419-0300] {processor.py:839} INFO - DAG(s) dict_keys(['example_subdag_operator.section-1', 'example_subdag_operator.section-2', 'example_subdag_operator']) retrieved from /home/gmassoqueto/repos/apache-airflow-101/.venv/lib/python3.11/site-packages/airflow/example_dags/example_subdag_operator.py
[2023-11-14T08:03:44.435-0300] {logging_mixin.py:154} INFO - [2023-11-14T08:03:44.435-0300] {dag.py:2941} INFO - Sync 3 DAGs
[2023-11-14T08:03:44.455-0300] {logging_mixin.py:154} INFO - [2023-11-14T08:03:44.455-0300] {dag.py:3722} INFO - Setting next_dagrun for example_subdag_operator to 2022-01-01T00:00:00+00:00, run_after=2022-01-01T00:00:00+00:00
[2023-11-14T08:03:44.457-0300] {logging_mixin.py:154} INFO - [2023-11-14T08:03:44.457-0300] {dag.py:3722} INFO - Setting next_dagrun for example_subdag_operator.section-1 to None, run_after=None
[2023-11-14T08:03:44.459-0300] {logging_mixin.py:154} INFO - [2023-11-14T08:03:44.459-0300] {dag.py:3722} INFO - Setting next_dagrun for example_subdag_operator.section-2 to None, run_after=None
[2023-11-14T08:03:44.466-0300] {logging_mixin.py:154} INFO - [2023-11-14T08:03:44.465-0300] {dag.py:2941} INFO - Sync 2 DAGs
[2023-11-14T08:03:44.469-0300] {logging_mixin.py:154} INFO - [2023-11-14T08:03:44.469-0300] {dag.py:3722} INFO - Setting next_dagrun for example_subdag_operator.section-1 to None, run_after=None
[2023-11-14T08:03:44.470-0300] {logging_mixin.py:154} INFO - [2023-11-14T08:03:44.469-0300] {dag.py:3722} INFO - Setting next_dagrun for example_subdag_operator.section-2 to None, run_after=None
[2023-11-14T08:03:44.486-0300] {processor.py:179} INFO - Processing /home/gmassoqueto/repos/apache-airflow-101/.venv/lib/python3.11/site-packages/airflow/example_dags/example_subdag_operator.py took 0.100 seconds
[2023-11-14T08:04:36.358-0300] {processor.py:157} INFO - Started process (PID=288936) to work on /home/gmassoqueto/repos/apache-airflow-101/.venv/lib/python3.11/site-packages/airflow/example_dags/example_subdag_operator.py
[2023-11-14T08:04:36.362-0300] {processor.py:829} INFO - Processing file /home/gmassoqueto/repos/apache-airflow-101/.venv/lib/python3.11/site-packages/airflow/example_dags/example_subdag_operator.py for tasks to queue
[2023-11-14T08:04:36.364-0300] {logging_mixin.py:154} INFO - [2023-11-14T08:04:36.363-0300] {dagbag.py:536} INFO - Filling up the DagBag from /home/gmassoqueto/repos/apache-airflow-101/.venv/lib/python3.11/site-packages/airflow/example_dags/example_subdag_operator.py
[2023-11-14T08:04:36.393-0300] {processor.py:839} INFO - DAG(s) dict_keys(['example_subdag_operator.section-1', 'example_subdag_operator.section-2', 'example_subdag_operator']) retrieved from /home/gmassoqueto/repos/apache-airflow-101/.venv/lib/python3.11/site-packages/airflow/example_dags/example_subdag_operator.py
[2023-11-14T08:04:36.406-0300] {logging_mixin.py:154} INFO - [2023-11-14T08:04:36.406-0300] {dag.py:2941} INFO - Sync 3 DAGs
[2023-11-14T08:04:36.420-0300] {logging_mixin.py:154} INFO - [2023-11-14T08:04:36.419-0300] {dag.py:3722} INFO - Setting next_dagrun for example_subdag_operator to 2022-01-01T00:00:00+00:00, run_after=2022-01-01T00:00:00+00:00
[2023-11-14T08:04:36.422-0300] {logging_mixin.py:154} INFO - [2023-11-14T08:04:36.421-0300] {dag.py:3722} INFO - Setting next_dagrun for example_subdag_operator.section-1 to None, run_after=None
[2023-11-14T08:04:36.422-0300] {logging_mixin.py:154} INFO - [2023-11-14T08:04:36.422-0300] {dag.py:3722} INFO - Setting next_dagrun for example_subdag_operator.section-2 to None, run_after=None
[2023-11-14T08:04:36.426-0300] {logging_mixin.py:154} INFO - [2023-11-14T08:04:36.426-0300] {dag.py:2941} INFO - Sync 2 DAGs
[2023-11-14T08:04:36.429-0300] {logging_mixin.py:154} INFO - [2023-11-14T08:04:36.429-0300] {dag.py:3722} INFO - Setting next_dagrun for example_subdag_operator.section-1 to None, run_after=None
[2023-11-14T08:04:36.429-0300] {logging_mixin.py:154} INFO - [2023-11-14T08:04:36.429-0300] {dag.py:3722} INFO - Setting next_dagrun for example_subdag_operator.section-2 to None, run_after=None
[2023-11-14T08:04:36.440-0300] {processor.py:179} INFO - Processing /home/gmassoqueto/repos/apache-airflow-101/.venv/lib/python3.11/site-packages/airflow/example_dags/example_subdag_operator.py took 0.087 seconds
[2023-11-14T08:05:25.386-0300] {processor.py:157} INFO - Started process (PID=289041) to work on /home/gmassoqueto/repos/apache-airflow-101/.venv/lib/python3.11/site-packages/airflow/example_dags/example_subdag_operator.py
[2023-11-14T08:05:25.390-0300] {processor.py:829} INFO - Processing file /home/gmassoqueto/repos/apache-airflow-101/.venv/lib/python3.11/site-packages/airflow/example_dags/example_subdag_operator.py for tasks to queue
[2023-11-14T08:05:25.392-0300] {logging_mixin.py:154} INFO - [2023-11-14T08:05:25.391-0300] {dagbag.py:536} INFO - Filling up the DagBag from /home/gmassoqueto/repos/apache-airflow-101/.venv/lib/python3.11/site-packages/airflow/example_dags/example_subdag_operator.py
[2023-11-14T08:05:25.417-0300] {processor.py:839} INFO - DAG(s) dict_keys(['example_subdag_operator.section-1', 'example_subdag_operator.section-2', 'example_subdag_operator']) retrieved from /home/gmassoqueto/repos/apache-airflow-101/.venv/lib/python3.11/site-packages/airflow/example_dags/example_subdag_operator.py
[2023-11-14T08:05:25.429-0300] {logging_mixin.py:154} INFO - [2023-11-14T08:05:25.429-0300] {dag.py:2941} INFO - Sync 3 DAGs
[2023-11-14T08:05:25.444-0300] {logging_mixin.py:154} INFO - [2023-11-14T08:05:25.443-0300] {dag.py:3722} INFO - Setting next_dagrun for example_subdag_operator to 2022-01-01T00:00:00+00:00, run_after=2022-01-01T00:00:00+00:00
[2023-11-14T08:05:25.446-0300] {logging_mixin.py:154} INFO - [2023-11-14T08:05:25.445-0300] {dag.py:3722} INFO - Setting next_dagrun for example_subdag_operator.section-1 to None, run_after=None
[2023-11-14T08:05:25.446-0300] {logging_mixin.py:154} INFO - [2023-11-14T08:05:25.446-0300] {dag.py:3722} INFO - Setting next_dagrun for example_subdag_operator.section-2 to None, run_after=None
[2023-11-14T08:05:25.451-0300] {logging_mixin.py:154} INFO - [2023-11-14T08:05:25.451-0300] {dag.py:2941} INFO - Sync 2 DAGs
[2023-11-14T08:05:25.454-0300] {logging_mixin.py:154} INFO - [2023-11-14T08:05:25.454-0300] {dag.py:3722} INFO - Setting next_dagrun for example_subdag_operator.section-1 to None, run_after=None
[2023-11-14T08:05:25.454-0300] {logging_mixin.py:154} INFO - [2023-11-14T08:05:25.454-0300] {dag.py:3722} INFO - Setting next_dagrun for example_subdag_operator.section-2 to None, run_after=None
[2023-11-14T08:05:25.504-0300] {processor.py:179} INFO - Processing /home/gmassoqueto/repos/apache-airflow-101/.venv/lib/python3.11/site-packages/airflow/example_dags/example_subdag_operator.py took 0.123 seconds
[2023-11-14T08:06:13.895-0300] {processor.py:157} INFO - Started process (PID=289187) to work on /home/gmassoqueto/repos/apache-airflow-101/.venv/lib/python3.11/site-packages/airflow/example_dags/example_subdag_operator.py
[2023-11-14T08:06:13.900-0300] {processor.py:829} INFO - Processing file /home/gmassoqueto/repos/apache-airflow-101/.venv/lib/python3.11/site-packages/airflow/example_dags/example_subdag_operator.py for tasks to queue
[2023-11-14T08:06:13.902-0300] {logging_mixin.py:154} INFO - [2023-11-14T08:06:13.901-0300] {dagbag.py:536} INFO - Filling up the DagBag from /home/gmassoqueto/repos/apache-airflow-101/.venv/lib/python3.11/site-packages/airflow/example_dags/example_subdag_operator.py
[2023-11-14T08:06:13.932-0300] {processor.py:839} INFO - DAG(s) dict_keys(['example_subdag_operator.section-1', 'example_subdag_operator.section-2', 'example_subdag_operator']) retrieved from /home/gmassoqueto/repos/apache-airflow-101/.venv/lib/python3.11/site-packages/airflow/example_dags/example_subdag_operator.py
[2023-11-14T08:06:13.945-0300] {logging_mixin.py:154} INFO - [2023-11-14T08:06:13.945-0300] {dag.py:2941} INFO - Sync 3 DAGs
[2023-11-14T08:06:13.960-0300] {logging_mixin.py:154} INFO - [2023-11-14T08:06:13.959-0300] {dag.py:3722} INFO - Setting next_dagrun for example_subdag_operator to 2022-01-01T00:00:00+00:00, run_after=2022-01-01T00:00:00+00:00
[2023-11-14T08:06:13.961-0300] {logging_mixin.py:154} INFO - [2023-11-14T08:06:13.961-0300] {dag.py:3722} INFO - Setting next_dagrun for example_subdag_operator.section-1 to None, run_after=None
[2023-11-14T08:06:13.962-0300] {logging_mixin.py:154} INFO - [2023-11-14T08:06:13.962-0300] {dag.py:3722} INFO - Setting next_dagrun for example_subdag_operator.section-2 to None, run_after=None
[2023-11-14T08:06:13.966-0300] {logging_mixin.py:154} INFO - [2023-11-14T08:06:13.966-0300] {dag.py:2941} INFO - Sync 2 DAGs
[2023-11-14T08:06:13.968-0300] {logging_mixin.py:154} INFO - [2023-11-14T08:06:13.968-0300] {dag.py:3722} INFO - Setting next_dagrun for example_subdag_operator.section-1 to None, run_after=None
[2023-11-14T08:06:13.968-0300] {logging_mixin.py:154} INFO - [2023-11-14T08:06:13.968-0300] {dag.py:3722} INFO - Setting next_dagrun for example_subdag_operator.section-2 to None, run_after=None
[2023-11-14T08:06:13.980-0300] {processor.py:179} INFO - Processing /home/gmassoqueto/repos/apache-airflow-101/.venv/lib/python3.11/site-packages/airflow/example_dags/example_subdag_operator.py took 0.092 seconds
[2023-11-14T08:07:02.631-0300] {processor.py:157} INFO - Started process (PID=289297) to work on /home/gmassoqueto/repos/apache-airflow-101/.venv/lib/python3.11/site-packages/airflow/example_dags/example_subdag_operator.py
[2023-11-14T08:07:02.635-0300] {processor.py:829} INFO - Processing file /home/gmassoqueto/repos/apache-airflow-101/.venv/lib/python3.11/site-packages/airflow/example_dags/example_subdag_operator.py for tasks to queue
[2023-11-14T08:07:02.636-0300] {logging_mixin.py:154} INFO - [2023-11-14T08:07:02.635-0300] {dagbag.py:536} INFO - Filling up the DagBag from /home/gmassoqueto/repos/apache-airflow-101/.venv/lib/python3.11/site-packages/airflow/example_dags/example_subdag_operator.py
[2023-11-14T08:07:02.656-0300] {processor.py:839} INFO - DAG(s) dict_keys(['example_subdag_operator.section-1', 'example_subdag_operator.section-2', 'example_subdag_operator']) retrieved from /home/gmassoqueto/repos/apache-airflow-101/.venv/lib/python3.11/site-packages/airflow/example_dags/example_subdag_operator.py
[2023-11-14T08:07:02.670-0300] {logging_mixin.py:154} INFO - [2023-11-14T08:07:02.670-0300] {dag.py:2941} INFO - Sync 3 DAGs
[2023-11-14T08:07:02.684-0300] {logging_mixin.py:154} INFO - [2023-11-14T08:07:02.684-0300] {dag.py:3722} INFO - Setting next_dagrun for example_subdag_operator to 2022-01-01T00:00:00+00:00, run_after=2022-01-01T00:00:00+00:00
[2023-11-14T08:07:02.686-0300] {logging_mixin.py:154} INFO - [2023-11-14T08:07:02.686-0300] {dag.py:3722} INFO - Setting next_dagrun for example_subdag_operator.section-1 to None, run_after=None
[2023-11-14T08:07:02.687-0300] {logging_mixin.py:154} INFO - [2023-11-14T08:07:02.687-0300] {dag.py:3722} INFO - Setting next_dagrun for example_subdag_operator.section-2 to None, run_after=None
[2023-11-14T08:07:02.691-0300] {logging_mixin.py:154} INFO - [2023-11-14T08:07:02.690-0300] {dag.py:2941} INFO - Sync 2 DAGs
[2023-11-14T08:07:02.693-0300] {logging_mixin.py:154} INFO - [2023-11-14T08:07:02.693-0300] {dag.py:3722} INFO - Setting next_dagrun for example_subdag_operator.section-1 to None, run_after=None
[2023-11-14T08:07:02.693-0300] {logging_mixin.py:154} INFO - [2023-11-14T08:07:02.693-0300] {dag.py:3722} INFO - Setting next_dagrun for example_subdag_operator.section-2 to None, run_after=None
[2023-11-14T08:07:02.705-0300] {processor.py:179} INFO - Processing /home/gmassoqueto/repos/apache-airflow-101/.venv/lib/python3.11/site-packages/airflow/example_dags/example_subdag_operator.py took 0.076 seconds
[2023-11-14T08:07:50.758-0300] {processor.py:157} INFO - Started process (PID=289515) to work on /home/gmassoqueto/repos/apache-airflow-101/.venv/lib/python3.11/site-packages/airflow/example_dags/example_subdag_operator.py
[2023-11-14T08:07:50.760-0300] {processor.py:829} INFO - Processing file /home/gmassoqueto/repos/apache-airflow-101/.venv/lib/python3.11/site-packages/airflow/example_dags/example_subdag_operator.py for tasks to queue
[2023-11-14T08:07:50.761-0300] {logging_mixin.py:154} INFO - [2023-11-14T08:07:50.760-0300] {dagbag.py:536} INFO - Filling up the DagBag from /home/gmassoqueto/repos/apache-airflow-101/.venv/lib/python3.11/site-packages/airflow/example_dags/example_subdag_operator.py
[2023-11-14T08:07:50.787-0300] {processor.py:839} INFO - DAG(s) dict_keys(['example_subdag_operator.section-1', 'example_subdag_operator.section-2', 'example_subdag_operator']) retrieved from /home/gmassoqueto/repos/apache-airflow-101/.venv/lib/python3.11/site-packages/airflow/example_dags/example_subdag_operator.py
[2023-11-14T08:07:50.806-0300] {logging_mixin.py:154} INFO - [2023-11-14T08:07:50.806-0300] {dag.py:2941} INFO - Sync 3 DAGs
[2023-11-14T08:07:50.832-0300] {logging_mixin.py:154} INFO - [2023-11-14T08:07:50.832-0300] {dag.py:3722} INFO - Setting next_dagrun for example_subdag_operator to 2022-01-01T00:00:00+00:00, run_after=2022-01-01T00:00:00+00:00
[2023-11-14T08:07:50.836-0300] {logging_mixin.py:154} INFO - [2023-11-14T08:07:50.836-0300] {dag.py:3722} INFO - Setting next_dagrun for example_subdag_operator.section-1 to None, run_after=None
[2023-11-14T08:07:50.837-0300] {logging_mixin.py:154} INFO - [2023-11-14T08:07:50.837-0300] {dag.py:3722} INFO - Setting next_dagrun for example_subdag_operator.section-2 to None, run_after=None
[2023-11-14T08:07:50.845-0300] {logging_mixin.py:154} INFO - [2023-11-14T08:07:50.845-0300] {dag.py:2941} INFO - Sync 2 DAGs
[2023-11-14T08:07:50.850-0300] {logging_mixin.py:154} INFO - [2023-11-14T08:07:50.850-0300] {dag.py:3722} INFO - Setting next_dagrun for example_subdag_operator.section-1 to None, run_after=None
[2023-11-14T08:07:50.850-0300] {logging_mixin.py:154} INFO - [2023-11-14T08:07:50.850-0300] {dag.py:3722} INFO - Setting next_dagrun for example_subdag_operator.section-2 to None, run_after=None
[2023-11-14T08:07:50.866-0300] {processor.py:179} INFO - Processing /home/gmassoqueto/repos/apache-airflow-101/.venv/lib/python3.11/site-packages/airflow/example_dags/example_subdag_operator.py took 0.111 seconds
[2023-11-14T08:08:17.411-0300] {processor.py:157} INFO - Started process (PID=289716) to work on /home/gmassoqueto/repos/apache-airflow-101/.venv/lib/python3.11/site-packages/airflow/example_dags/example_subdag_operator.py
[2023-11-14T08:08:17.415-0300] {processor.py:829} INFO - Processing file /home/gmassoqueto/repos/apache-airflow-101/.venv/lib/python3.11/site-packages/airflow/example_dags/example_subdag_operator.py for tasks to queue
[2023-11-14T08:08:17.415-0300] {logging_mixin.py:154} INFO - [2023-11-14T08:08:17.415-0300] {dagbag.py:536} INFO - Filling up the DagBag from /home/gmassoqueto/repos/apache-airflow-101/.venv/lib/python3.11/site-packages/airflow/example_dags/example_subdag_operator.py
[2023-11-14T08:08:17.441-0300] {processor.py:839} INFO - DAG(s) dict_keys(['example_subdag_operator.section-1', 'example_subdag_operator.section-2', 'example_subdag_operator']) retrieved from /home/gmassoqueto/repos/apache-airflow-101/.venv/lib/python3.11/site-packages/airflow/example_dags/example_subdag_operator.py
[2023-11-14T08:08:17.445-0300] {logging_mixin.py:154} INFO - [2023-11-14T08:08:17.445-0300] {dag.py:2941} INFO - Sync 3 DAGs
[2023-11-14T08:08:17.455-0300] {logging_mixin.py:154} INFO - [2023-11-14T08:08:17.455-0300] {dag.py:2963} INFO - Creating ORM DAG for example_subdag_operator.section-1
[2023-11-14T08:08:17.456-0300] {logging_mixin.py:154} INFO - [2023-11-14T08:08:17.456-0300] {dag.py:2963} INFO - Creating ORM DAG for example_subdag_operator
[2023-11-14T08:08:17.456-0300] {logging_mixin.py:154} INFO - [2023-11-14T08:08:17.456-0300] {dag.py:2963} INFO - Creating ORM DAG for example_subdag_operator.section-2
[2023-11-14T08:08:17.464-0300] {logging_mixin.py:154} INFO - [2023-11-14T08:08:17.464-0300] {dag.py:3722} INFO - Setting next_dagrun for example_subdag_operator to 2022-01-01T00:00:00+00:00, run_after=2022-01-01T00:00:00+00:00
[2023-11-14T08:08:17.464-0300] {logging_mixin.py:154} INFO - [2023-11-14T08:08:17.464-0300] {dag.py:3722} INFO - Setting next_dagrun for example_subdag_operator.section-1 to None, run_after=None
[2023-11-14T08:08:17.464-0300] {logging_mixin.py:154} INFO - [2023-11-14T08:08:17.464-0300] {dag.py:3722} INFO - Setting next_dagrun for example_subdag_operator.section-2 to None, run_after=None
[2023-11-14T08:08:17.469-0300] {logging_mixin.py:154} INFO - [2023-11-14T08:08:17.469-0300] {dag.py:2941} INFO - Sync 2 DAGs
[2023-11-14T08:08:17.471-0300] {logging_mixin.py:154} INFO - [2023-11-14T08:08:17.471-0300] {dag.py:3722} INFO - Setting next_dagrun for example_subdag_operator.section-1 to None, run_after=None
[2023-11-14T08:08:17.473-0300] {logging_mixin.py:154} INFO - [2023-11-14T08:08:17.473-0300] {dag.py:3722} INFO - Setting next_dagrun for example_subdag_operator.section-2 to None, run_after=None
[2023-11-14T08:08:17.485-0300] {processor.py:179} INFO - Processing /home/gmassoqueto/repos/apache-airflow-101/.venv/lib/python3.11/site-packages/airflow/example_dags/example_subdag_operator.py took 0.077 seconds
[2023-11-14T08:09:56.465-0300] {processor.py:157} INFO - Started process (PID=290322) to work on /home/gmassoqueto/repos/apache-airflow-101/.venv/lib/python3.11/site-packages/airflow/example_dags/example_subdag_operator.py
[2023-11-14T08:09:56.470-0300] {processor.py:829} INFO - Processing file /home/gmassoqueto/repos/apache-airflow-101/.venv/lib/python3.11/site-packages/airflow/example_dags/example_subdag_operator.py for tasks to queue
[2023-11-14T08:09:56.472-0300] {logging_mixin.py:154} INFO - [2023-11-14T08:09:56.471-0300] {dagbag.py:536} INFO - Filling up the DagBag from /home/gmassoqueto/repos/apache-airflow-101/.venv/lib/python3.11/site-packages/airflow/example_dags/example_subdag_operator.py
[2023-11-14T08:09:56.507-0300] {processor.py:839} INFO - DAG(s) dict_keys(['example_subdag_operator.section-1', 'example_subdag_operator.section-2', 'example_subdag_operator']) retrieved from /home/gmassoqueto/repos/apache-airflow-101/.venv/lib/python3.11/site-packages/airflow/example_dags/example_subdag_operator.py
[2023-11-14T08:09:56.513-0300] {logging_mixin.py:154} INFO - [2023-11-14T08:09:56.513-0300] {dag.py:2941} INFO - Sync 3 DAGs
[2023-11-14T08:09:56.546-0300] {logging_mixin.py:154} INFO - [2023-11-14T08:09:56.545-0300] {dag.py:3722} INFO - Setting next_dagrun for example_subdag_operator to 2022-01-01T00:00:00+00:00, run_after=2022-01-01T00:00:00+00:00
[2023-11-14T08:09:56.551-0300] {logging_mixin.py:154} INFO - [2023-11-14T08:09:56.550-0300] {dag.py:3722} INFO - Setting next_dagrun for example_subdag_operator.section-1 to None, run_after=None
[2023-11-14T08:09:56.552-0300] {logging_mixin.py:154} INFO - [2023-11-14T08:09:56.551-0300] {dag.py:3722} INFO - Setting next_dagrun for example_subdag_operator.section-2 to None, run_after=None
[2023-11-14T08:09:56.561-0300] {logging_mixin.py:154} INFO - [2023-11-14T08:09:56.561-0300] {dag.py:2941} INFO - Sync 2 DAGs
[2023-11-14T08:09:56.566-0300] {logging_mixin.py:154} INFO - [2023-11-14T08:09:56.566-0300] {dag.py:3722} INFO - Setting next_dagrun for example_subdag_operator.section-1 to None, run_after=None
[2023-11-14T08:09:56.567-0300] {logging_mixin.py:154} INFO - [2023-11-14T08:09:56.567-0300] {dag.py:3722} INFO - Setting next_dagrun for example_subdag_operator.section-2 to None, run_after=None
[2023-11-14T08:09:56.586-0300] {processor.py:179} INFO - Processing /home/gmassoqueto/repos/apache-airflow-101/.venv/lib/python3.11/site-packages/airflow/example_dags/example_subdag_operator.py took 0.128 seconds
[2023-11-14T08:10:45.626-0300] {processor.py:157} INFO - Started process (PID=291076) to work on /home/gmassoqueto/repos/apache-airflow-101/.venv/lib/python3.11/site-packages/airflow/example_dags/example_subdag_operator.py
[2023-11-14T08:10:45.630-0300] {processor.py:829} INFO - Processing file /home/gmassoqueto/repos/apache-airflow-101/.venv/lib/python3.11/site-packages/airflow/example_dags/example_subdag_operator.py for tasks to queue
[2023-11-14T08:10:45.631-0300] {logging_mixin.py:154} INFO - [2023-11-14T08:10:45.631-0300] {dagbag.py:536} INFO - Filling up the DagBag from /home/gmassoqueto/repos/apache-airflow-101/.venv/lib/python3.11/site-packages/airflow/example_dags/example_subdag_operator.py
[2023-11-14T08:10:45.653-0300] {processor.py:839} INFO - DAG(s) dict_keys(['example_subdag_operator.section-1', 'example_subdag_operator.section-2', 'example_subdag_operator']) retrieved from /home/gmassoqueto/repos/apache-airflow-101/.venv/lib/python3.11/site-packages/airflow/example_dags/example_subdag_operator.py
[2023-11-14T08:10:45.668-0300] {logging_mixin.py:154} INFO - [2023-11-14T08:10:45.668-0300] {dag.py:2941} INFO - Sync 3 DAGs
[2023-11-14T08:10:45.681-0300] {logging_mixin.py:154} INFO - [2023-11-14T08:10:45.681-0300] {dag.py:3722} INFO - Setting next_dagrun for example_subdag_operator to 2022-01-01T00:00:00+00:00, run_after=2022-01-01T00:00:00+00:00
[2023-11-14T08:10:45.683-0300] {logging_mixin.py:154} INFO - [2023-11-14T08:10:45.683-0300] {dag.py:3722} INFO - Setting next_dagrun for example_subdag_operator.section-1 to None, run_after=None
[2023-11-14T08:10:45.684-0300] {logging_mixin.py:154} INFO - [2023-11-14T08:10:45.684-0300] {dag.py:3722} INFO - Setting next_dagrun for example_subdag_operator.section-2 to None, run_after=None
[2023-11-14T08:10:45.687-0300] {logging_mixin.py:154} INFO - [2023-11-14T08:10:45.687-0300] {dag.py:2941} INFO - Sync 2 DAGs
[2023-11-14T08:10:45.691-0300] {logging_mixin.py:154} INFO - [2023-11-14T08:10:45.691-0300] {dag.py:3722} INFO - Setting next_dagrun for example_subdag_operator.section-1 to None, run_after=None
[2023-11-14T08:10:45.691-0300] {logging_mixin.py:154} INFO - [2023-11-14T08:10:45.691-0300] {dag.py:3722} INFO - Setting next_dagrun for example_subdag_operator.section-2 to None, run_after=None
[2023-11-14T08:10:45.712-0300] {processor.py:179} INFO - Processing /home/gmassoqueto/repos/apache-airflow-101/.venv/lib/python3.11/site-packages/airflow/example_dags/example_subdag_operator.py took 0.089 seconds
[2023-11-14T08:11:32.079-0300] {processor.py:157} INFO - Started process (PID=291183) to work on /home/gmassoqueto/repos/apache-airflow-101/.venv/lib/python3.11/site-packages/airflow/example_dags/example_subdag_operator.py
[2023-11-14T08:11:32.083-0300] {processor.py:829} INFO - Processing file /home/gmassoqueto/repos/apache-airflow-101/.venv/lib/python3.11/site-packages/airflow/example_dags/example_subdag_operator.py for tasks to queue
[2023-11-14T08:11:32.084-0300] {logging_mixin.py:154} INFO - [2023-11-14T08:11:32.084-0300] {dagbag.py:536} INFO - Filling up the DagBag from /home/gmassoqueto/repos/apache-airflow-101/.venv/lib/python3.11/site-packages/airflow/example_dags/example_subdag_operator.py
[2023-11-14T08:11:32.105-0300] {processor.py:839} INFO - DAG(s) dict_keys(['example_subdag_operator.section-1', 'example_subdag_operator.section-2', 'example_subdag_operator']) retrieved from /home/gmassoqueto/repos/apache-airflow-101/.venv/lib/python3.11/site-packages/airflow/example_dags/example_subdag_operator.py
[2023-11-14T08:11:32.118-0300] {logging_mixin.py:154} INFO - [2023-11-14T08:11:32.118-0300] {dag.py:2941} INFO - Sync 3 DAGs
[2023-11-14T08:11:32.132-0300] {logging_mixin.py:154} INFO - [2023-11-14T08:11:32.132-0300] {dag.py:3722} INFO - Setting next_dagrun for example_subdag_operator to 2022-01-01T00:00:00+00:00, run_after=2022-01-01T00:00:00+00:00
[2023-11-14T08:11:32.134-0300] {logging_mixin.py:154} INFO - [2023-11-14T08:11:32.134-0300] {dag.py:3722} INFO - Setting next_dagrun for example_subdag_operator.section-1 to None, run_after=None
[2023-11-14T08:11:32.135-0300] {logging_mixin.py:154} INFO - [2023-11-14T08:11:32.135-0300] {dag.py:3722} INFO - Setting next_dagrun for example_subdag_operator.section-2 to None, run_after=None
[2023-11-14T08:11:32.138-0300] {logging_mixin.py:154} INFO - [2023-11-14T08:11:32.138-0300] {dag.py:2941} INFO - Sync 2 DAGs
[2023-11-14T08:11:32.141-0300] {logging_mixin.py:154} INFO - [2023-11-14T08:11:32.141-0300] {dag.py:3722} INFO - Setting next_dagrun for example_subdag_operator.section-1 to None, run_after=None
[2023-11-14T08:11:32.141-0300] {logging_mixin.py:154} INFO - [2023-11-14T08:11:32.141-0300] {dag.py:3722} INFO - Setting next_dagrun for example_subdag_operator.section-2 to None, run_after=None
[2023-11-14T08:11:32.256-0300] {processor.py:179} INFO - Processing /home/gmassoqueto/repos/apache-airflow-101/.venv/lib/python3.11/site-packages/airflow/example_dags/example_subdag_operator.py took 0.178 seconds
[2023-11-14T08:12:17.498-0300] {processor.py:157} INFO - Started process (PID=291339) to work on /home/gmassoqueto/repos/apache-airflow-101/.venv/lib/python3.11/site-packages/airflow/example_dags/example_subdag_operator.py
[2023-11-14T08:12:17.502-0300] {processor.py:829} INFO - Processing file /home/gmassoqueto/repos/apache-airflow-101/.venv/lib/python3.11/site-packages/airflow/example_dags/example_subdag_operator.py for tasks to queue
[2023-11-14T08:12:17.503-0300] {logging_mixin.py:154} INFO - [2023-11-14T08:12:17.503-0300] {dagbag.py:536} INFO - Filling up the DagBag from /home/gmassoqueto/repos/apache-airflow-101/.venv/lib/python3.11/site-packages/airflow/example_dags/example_subdag_operator.py
[2023-11-14T08:12:17.528-0300] {processor.py:839} INFO - DAG(s) dict_keys(['example_subdag_operator.section-1', 'example_subdag_operator.section-2', 'example_subdag_operator']) retrieved from /home/gmassoqueto/repos/apache-airflow-101/.venv/lib/python3.11/site-packages/airflow/example_dags/example_subdag_operator.py
[2023-11-14T08:12:17.531-0300] {logging_mixin.py:154} INFO - [2023-11-14T08:12:17.531-0300] {dag.py:2941} INFO - Sync 3 DAGs
[2023-11-14T08:12:17.554-0300] {logging_mixin.py:154} INFO - [2023-11-14T08:12:17.554-0300] {dag.py:3722} INFO - Setting next_dagrun for example_subdag_operator to 2022-01-01T00:00:00+00:00, run_after=2022-01-01T00:00:00+00:00
[2023-11-14T08:12:17.558-0300] {logging_mixin.py:154} INFO - [2023-11-14T08:12:17.557-0300] {dag.py:3722} INFO - Setting next_dagrun for example_subdag_operator.section-1 to None, run_after=None
[2023-11-14T08:12:17.558-0300] {logging_mixin.py:154} INFO - [2023-11-14T08:12:17.558-0300] {dag.py:3722} INFO - Setting next_dagrun for example_subdag_operator.section-2 to None, run_after=None
[2023-11-14T08:12:17.563-0300] {logging_mixin.py:154} INFO - [2023-11-14T08:12:17.563-0300] {dag.py:2941} INFO - Sync 2 DAGs
[2023-11-14T08:12:17.566-0300] {logging_mixin.py:154} INFO - [2023-11-14T08:12:17.566-0300] {dag.py:3722} INFO - Setting next_dagrun for example_subdag_operator.section-1 to None, run_after=None
[2023-11-14T08:12:17.567-0300] {logging_mixin.py:154} INFO - [2023-11-14T08:12:17.567-0300] {dag.py:3722} INFO - Setting next_dagrun for example_subdag_operator.section-2 to None, run_after=None
[2023-11-14T08:12:17.580-0300] {processor.py:179} INFO - Processing /home/gmassoqueto/repos/apache-airflow-101/.venv/lib/python3.11/site-packages/airflow/example_dags/example_subdag_operator.py took 0.084 seconds
[2023-11-14T08:13:04.210-0300] {processor.py:157} INFO - Started process (PID=291585) to work on /home/gmassoqueto/repos/apache-airflow-101/.venv/lib/python3.11/site-packages/airflow/example_dags/example_subdag_operator.py
[2023-11-14T08:13:04.214-0300] {processor.py:829} INFO - Processing file /home/gmassoqueto/repos/apache-airflow-101/.venv/lib/python3.11/site-packages/airflow/example_dags/example_subdag_operator.py for tasks to queue
[2023-11-14T08:13:04.215-0300] {logging_mixin.py:154} INFO - [2023-11-14T08:13:04.215-0300] {dagbag.py:536} INFO - Filling up the DagBag from /home/gmassoqueto/repos/apache-airflow-101/.venv/lib/python3.11/site-packages/airflow/example_dags/example_subdag_operator.py
[2023-11-14T08:13:04.237-0300] {processor.py:839} INFO - DAG(s) dict_keys(['example_subdag_operator.section-1', 'example_subdag_operator.section-2', 'example_subdag_operator']) retrieved from /home/gmassoqueto/repos/apache-airflow-101/.venv/lib/python3.11/site-packages/airflow/example_dags/example_subdag_operator.py
[2023-11-14T08:13:04.250-0300] {logging_mixin.py:154} INFO - [2023-11-14T08:13:04.249-0300] {dag.py:2941} INFO - Sync 3 DAGs
[2023-11-14T08:13:04.265-0300] {logging_mixin.py:154} INFO - [2023-11-14T08:13:04.265-0300] {dag.py:3722} INFO - Setting next_dagrun for example_subdag_operator to 2022-01-01T00:00:00+00:00, run_after=2022-01-01T00:00:00+00:00
[2023-11-14T08:13:04.267-0300] {logging_mixin.py:154} INFO - [2023-11-14T08:13:04.267-0300] {dag.py:3722} INFO - Setting next_dagrun for example_subdag_operator.section-1 to None, run_after=None
[2023-11-14T08:13:04.267-0300] {logging_mixin.py:154} INFO - [2023-11-14T08:13:04.267-0300] {dag.py:3722} INFO - Setting next_dagrun for example_subdag_operator.section-2 to None, run_after=None
[2023-11-14T08:13:04.271-0300] {logging_mixin.py:154} INFO - [2023-11-14T08:13:04.271-0300] {dag.py:2941} INFO - Sync 2 DAGs
[2023-11-14T08:13:04.274-0300] {logging_mixin.py:154} INFO - [2023-11-14T08:13:04.274-0300] {dag.py:3722} INFO - Setting next_dagrun for example_subdag_operator.section-1 to None, run_after=None
[2023-11-14T08:13:04.274-0300] {logging_mixin.py:154} INFO - [2023-11-14T08:13:04.274-0300] {dag.py:3722} INFO - Setting next_dagrun for example_subdag_operator.section-2 to None, run_after=None
[2023-11-14T08:13:04.296-0300] {processor.py:179} INFO - Processing /home/gmassoqueto/repos/apache-airflow-101/.venv/lib/python3.11/site-packages/airflow/example_dags/example_subdag_operator.py took 0.090 seconds
[2023-11-14T08:13:50.410-0300] {processor.py:157} INFO - Started process (PID=291672) to work on /home/gmassoqueto/repos/apache-airflow-101/.venv/lib/python3.11/site-packages/airflow/example_dags/example_subdag_operator.py
[2023-11-14T08:13:50.415-0300] {processor.py:829} INFO - Processing file /home/gmassoqueto/repos/apache-airflow-101/.venv/lib/python3.11/site-packages/airflow/example_dags/example_subdag_operator.py for tasks to queue
[2023-11-14T08:13:50.418-0300] {logging_mixin.py:154} INFO - [2023-11-14T08:13:50.417-0300] {dagbag.py:536} INFO - Filling up the DagBag from /home/gmassoqueto/repos/apache-airflow-101/.venv/lib/python3.11/site-packages/airflow/example_dags/example_subdag_operator.py
[2023-11-14T08:13:50.455-0300] {processor.py:839} INFO - DAG(s) dict_keys(['example_subdag_operator.section-1', 'example_subdag_operator.section-2', 'example_subdag_operator']) retrieved from /home/gmassoqueto/repos/apache-airflow-101/.venv/lib/python3.11/site-packages/airflow/example_dags/example_subdag_operator.py
[2023-11-14T08:13:50.471-0300] {logging_mixin.py:154} INFO - [2023-11-14T08:13:50.470-0300] {dag.py:2941} INFO - Sync 3 DAGs
[2023-11-14T08:13:50.490-0300] {logging_mixin.py:154} INFO - [2023-11-14T08:13:50.489-0300] {dag.py:3722} INFO - Setting next_dagrun for example_subdag_operator to 2022-01-01T00:00:00+00:00, run_after=2022-01-01T00:00:00+00:00
[2023-11-14T08:13:50.492-0300] {logging_mixin.py:154} INFO - [2023-11-14T08:13:50.492-0300] {dag.py:3722} INFO - Setting next_dagrun for example_subdag_operator.section-1 to None, run_after=None
[2023-11-14T08:13:50.493-0300] {logging_mixin.py:154} INFO - [2023-11-14T08:13:50.492-0300] {dag.py:3722} INFO - Setting next_dagrun for example_subdag_operator.section-2 to None, run_after=None
[2023-11-14T08:13:50.497-0300] {logging_mixin.py:154} INFO - [2023-11-14T08:13:50.497-0300] {dag.py:2941} INFO - Sync 2 DAGs
[2023-11-14T08:13:50.500-0300] {logging_mixin.py:154} INFO - [2023-11-14T08:13:50.500-0300] {dag.py:3722} INFO - Setting next_dagrun for example_subdag_operator.section-1 to None, run_after=None
[2023-11-14T08:13:50.501-0300] {logging_mixin.py:154} INFO - [2023-11-14T08:13:50.500-0300] {dag.py:3722} INFO - Setting next_dagrun for example_subdag_operator.section-2 to None, run_after=None
[2023-11-14T08:13:50.513-0300] {processor.py:179} INFO - Processing /home/gmassoqueto/repos/apache-airflow-101/.venv/lib/python3.11/site-packages/airflow/example_dags/example_subdag_operator.py took 0.110 seconds
[2023-11-14T08:14:40.252-0300] {processor.py:157} INFO - Started process (PID=291785) to work on /home/gmassoqueto/repos/apache-airflow-101/.venv/lib/python3.11/site-packages/airflow/example_dags/example_subdag_operator.py
[2023-11-14T08:14:40.255-0300] {processor.py:829} INFO - Processing file /home/gmassoqueto/repos/apache-airflow-101/.venv/lib/python3.11/site-packages/airflow/example_dags/example_subdag_operator.py for tasks to queue
[2023-11-14T08:14:40.256-0300] {logging_mixin.py:154} INFO - [2023-11-14T08:14:40.256-0300] {dagbag.py:536} INFO - Filling up the DagBag from /home/gmassoqueto/repos/apache-airflow-101/.venv/lib/python3.11/site-packages/airflow/example_dags/example_subdag_operator.py
[2023-11-14T08:14:40.276-0300] {processor.py:839} INFO - DAG(s) dict_keys(['example_subdag_operator.section-1', 'example_subdag_operator.section-2', 'example_subdag_operator']) retrieved from /home/gmassoqueto/repos/apache-airflow-101/.venv/lib/python3.11/site-packages/airflow/example_dags/example_subdag_operator.py
[2023-11-14T08:14:40.290-0300] {logging_mixin.py:154} INFO - [2023-11-14T08:14:40.290-0300] {dag.py:2941} INFO - Sync 3 DAGs
[2023-11-14T08:14:40.303-0300] {logging_mixin.py:154} INFO - [2023-11-14T08:14:40.303-0300] {dag.py:3722} INFO - Setting next_dagrun for example_subdag_operator to 2022-01-01T00:00:00+00:00, run_after=2022-01-01T00:00:00+00:00
[2023-11-14T08:14:40.305-0300] {logging_mixin.py:154} INFO - [2023-11-14T08:14:40.305-0300] {dag.py:3722} INFO - Setting next_dagrun for example_subdag_operator.section-1 to None, run_after=None
[2023-11-14T08:14:40.306-0300] {logging_mixin.py:154} INFO - [2023-11-14T08:14:40.306-0300] {dag.py:3722} INFO - Setting next_dagrun for example_subdag_operator.section-2 to None, run_after=None
[2023-11-14T08:14:40.309-0300] {logging_mixin.py:154} INFO - [2023-11-14T08:14:40.309-0300] {dag.py:2941} INFO - Sync 2 DAGs
[2023-11-14T08:14:40.312-0300] {logging_mixin.py:154} INFO - [2023-11-14T08:14:40.312-0300] {dag.py:3722} INFO - Setting next_dagrun for example_subdag_operator.section-1 to None, run_after=None
[2023-11-14T08:14:40.312-0300] {logging_mixin.py:154} INFO - [2023-11-14T08:14:40.312-0300] {dag.py:3722} INFO - Setting next_dagrun for example_subdag_operator.section-2 to None, run_after=None
[2023-11-14T08:14:40.330-0300] {processor.py:179} INFO - Processing /home/gmassoqueto/repos/apache-airflow-101/.venv/lib/python3.11/site-packages/airflow/example_dags/example_subdag_operator.py took 0.081 seconds
[2023-11-14T08:15:26.325-0300] {processor.py:157} INFO - Started process (PID=291915) to work on /home/gmassoqueto/repos/apache-airflow-101/.venv/lib/python3.11/site-packages/airflow/example_dags/example_subdag_operator.py
[2023-11-14T08:15:26.329-0300] {processor.py:829} INFO - Processing file /home/gmassoqueto/repos/apache-airflow-101/.venv/lib/python3.11/site-packages/airflow/example_dags/example_subdag_operator.py for tasks to queue
[2023-11-14T08:15:26.330-0300] {logging_mixin.py:154} INFO - [2023-11-14T08:15:26.330-0300] {dagbag.py:536} INFO - Filling up the DagBag from /home/gmassoqueto/repos/apache-airflow-101/.venv/lib/python3.11/site-packages/airflow/example_dags/example_subdag_operator.py
[2023-11-14T08:15:26.364-0300] {processor.py:839} INFO - DAG(s) dict_keys(['example_subdag_operator.section-1', 'example_subdag_operator.section-2', 'example_subdag_operator']) retrieved from /home/gmassoqueto/repos/apache-airflow-101/.venv/lib/python3.11/site-packages/airflow/example_dags/example_subdag_operator.py
[2023-11-14T08:15:26.377-0300] {logging_mixin.py:154} INFO - [2023-11-14T08:15:26.377-0300] {dag.py:2941} INFO - Sync 3 DAGs
[2023-11-14T08:15:26.390-0300] {logging_mixin.py:154} INFO - [2023-11-14T08:15:26.390-0300] {dag.py:3722} INFO - Setting next_dagrun for example_subdag_operator to 2022-01-01T00:00:00+00:00, run_after=2022-01-01T00:00:00+00:00
[2023-11-14T08:15:26.392-0300] {logging_mixin.py:154} INFO - [2023-11-14T08:15:26.392-0300] {dag.py:3722} INFO - Setting next_dagrun for example_subdag_operator.section-1 to None, run_after=None
[2023-11-14T08:15:26.392-0300] {logging_mixin.py:154} INFO - [2023-11-14T08:15:26.392-0300] {dag.py:3722} INFO - Setting next_dagrun for example_subdag_operator.section-2 to None, run_after=None
[2023-11-14T08:15:26.396-0300] {logging_mixin.py:154} INFO - [2023-11-14T08:15:26.396-0300] {dag.py:2941} INFO - Sync 2 DAGs
[2023-11-14T08:15:26.398-0300] {logging_mixin.py:154} INFO - [2023-11-14T08:15:26.398-0300] {dag.py:3722} INFO - Setting next_dagrun for example_subdag_operator.section-1 to None, run_after=None
[2023-11-14T08:15:26.398-0300] {logging_mixin.py:154} INFO - [2023-11-14T08:15:26.398-0300] {dag.py:3722} INFO - Setting next_dagrun for example_subdag_operator.section-2 to None, run_after=None
[2023-11-14T08:15:26.411-0300] {processor.py:179} INFO - Processing /home/gmassoqueto/repos/apache-airflow-101/.venv/lib/python3.11/site-packages/airflow/example_dags/example_subdag_operator.py took 0.088 seconds
[2023-11-14T08:16:13.924-0300] {processor.py:157} INFO - Started process (PID=292001) to work on /home/gmassoqueto/repos/apache-airflow-101/.venv/lib/python3.11/site-packages/airflow/example_dags/example_subdag_operator.py
[2023-11-14T08:16:13.928-0300] {processor.py:829} INFO - Processing file /home/gmassoqueto/repos/apache-airflow-101/.venv/lib/python3.11/site-packages/airflow/example_dags/example_subdag_operator.py for tasks to queue
[2023-11-14T08:16:13.929-0300] {logging_mixin.py:154} INFO - [2023-11-14T08:16:13.929-0300] {dagbag.py:536} INFO - Filling up the DagBag from /home/gmassoqueto/repos/apache-airflow-101/.venv/lib/python3.11/site-packages/airflow/example_dags/example_subdag_operator.py
[2023-11-14T08:16:13.952-0300] {processor.py:839} INFO - DAG(s) dict_keys(['example_subdag_operator.section-1', 'example_subdag_operator.section-2', 'example_subdag_operator']) retrieved from /home/gmassoqueto/repos/apache-airflow-101/.venv/lib/python3.11/site-packages/airflow/example_dags/example_subdag_operator.py
[2023-11-14T08:16:13.966-0300] {logging_mixin.py:154} INFO - [2023-11-14T08:16:13.966-0300] {dag.py:2941} INFO - Sync 3 DAGs
[2023-11-14T08:16:13.980-0300] {logging_mixin.py:154} INFO - [2023-11-14T08:16:13.980-0300] {dag.py:3722} INFO - Setting next_dagrun for example_subdag_operator to 2022-01-01T00:00:00+00:00, run_after=2022-01-01T00:00:00+00:00
[2023-11-14T08:16:13.982-0300] {logging_mixin.py:154} INFO - [2023-11-14T08:16:13.982-0300] {dag.py:3722} INFO - Setting next_dagrun for example_subdag_operator.section-1 to None, run_after=None
[2023-11-14T08:16:13.982-0300] {logging_mixin.py:154} INFO - [2023-11-14T08:16:13.982-0300] {dag.py:3722} INFO - Setting next_dagrun for example_subdag_operator.section-2 to None, run_after=None
[2023-11-14T08:16:13.986-0300] {logging_mixin.py:154} INFO - [2023-11-14T08:16:13.986-0300] {dag.py:2941} INFO - Sync 2 DAGs
[2023-11-14T08:16:13.988-0300] {logging_mixin.py:154} INFO - [2023-11-14T08:16:13.988-0300] {dag.py:3722} INFO - Setting next_dagrun for example_subdag_operator.section-1 to None, run_after=None
[2023-11-14T08:16:13.989-0300] {logging_mixin.py:154} INFO - [2023-11-14T08:16:13.988-0300] {dag.py:3722} INFO - Setting next_dagrun for example_subdag_operator.section-2 to None, run_after=None
[2023-11-14T08:16:14.000-0300] {processor.py:179} INFO - Processing /home/gmassoqueto/repos/apache-airflow-101/.venv/lib/python3.11/site-packages/airflow/example_dags/example_subdag_operator.py took 0.078 seconds
[2023-11-14T08:17:04.137-0300] {processor.py:157} INFO - Started process (PID=292087) to work on /home/gmassoqueto/repos/apache-airflow-101/.venv/lib/python3.11/site-packages/airflow/example_dags/example_subdag_operator.py
[2023-11-14T08:17:04.141-0300] {processor.py:829} INFO - Processing file /home/gmassoqueto/repos/apache-airflow-101/.venv/lib/python3.11/site-packages/airflow/example_dags/example_subdag_operator.py for tasks to queue
[2023-11-14T08:17:04.142-0300] {logging_mixin.py:154} INFO - [2023-11-14T08:17:04.141-0300] {dagbag.py:536} INFO - Filling up the DagBag from /home/gmassoqueto/repos/apache-airflow-101/.venv/lib/python3.11/site-packages/airflow/example_dags/example_subdag_operator.py
[2023-11-14T08:17:04.164-0300] {processor.py:839} INFO - DAG(s) dict_keys(['example_subdag_operator.section-1', 'example_subdag_operator.section-2', 'example_subdag_operator']) retrieved from /home/gmassoqueto/repos/apache-airflow-101/.venv/lib/python3.11/site-packages/airflow/example_dags/example_subdag_operator.py
[2023-11-14T08:17:04.178-0300] {logging_mixin.py:154} INFO - [2023-11-14T08:17:04.178-0300] {dag.py:2941} INFO - Sync 3 DAGs
[2023-11-14T08:17:04.191-0300] {logging_mixin.py:154} INFO - [2023-11-14T08:17:04.191-0300] {dag.py:3722} INFO - Setting next_dagrun for example_subdag_operator to 2022-01-01T00:00:00+00:00, run_after=2022-01-01T00:00:00+00:00
[2023-11-14T08:17:04.193-0300] {logging_mixin.py:154} INFO - [2023-11-14T08:17:04.193-0300] {dag.py:3722} INFO - Setting next_dagrun for example_subdag_operator.section-1 to None, run_after=None
[2023-11-14T08:17:04.194-0300] {logging_mixin.py:154} INFO - [2023-11-14T08:17:04.194-0300] {dag.py:3722} INFO - Setting next_dagrun for example_subdag_operator.section-2 to None, run_after=None
[2023-11-14T08:17:04.197-0300] {logging_mixin.py:154} INFO - [2023-11-14T08:17:04.197-0300] {dag.py:2941} INFO - Sync 2 DAGs
[2023-11-14T08:17:04.200-0300] {logging_mixin.py:154} INFO - [2023-11-14T08:17:04.200-0300] {dag.py:3722} INFO - Setting next_dagrun for example_subdag_operator.section-1 to None, run_after=None
[2023-11-14T08:17:04.200-0300] {logging_mixin.py:154} INFO - [2023-11-14T08:17:04.200-0300] {dag.py:3722} INFO - Setting next_dagrun for example_subdag_operator.section-2 to None, run_after=None
[2023-11-14T08:17:04.219-0300] {processor.py:179} INFO - Processing /home/gmassoqueto/repos/apache-airflow-101/.venv/lib/python3.11/site-packages/airflow/example_dags/example_subdag_operator.py took 0.085 seconds
[2023-11-14T08:17:52.747-0300] {processor.py:157} INFO - Started process (PID=292183) to work on /home/gmassoqueto/repos/apache-airflow-101/.venv/lib/python3.11/site-packages/airflow/example_dags/example_subdag_operator.py
[2023-11-14T08:17:52.751-0300] {processor.py:829} INFO - Processing file /home/gmassoqueto/repos/apache-airflow-101/.venv/lib/python3.11/site-packages/airflow/example_dags/example_subdag_operator.py for tasks to queue
[2023-11-14T08:17:52.752-0300] {logging_mixin.py:154} INFO - [2023-11-14T08:17:52.751-0300] {dagbag.py:536} INFO - Filling up the DagBag from /home/gmassoqueto/repos/apache-airflow-101/.venv/lib/python3.11/site-packages/airflow/example_dags/example_subdag_operator.py
[2023-11-14T08:17:52.773-0300] {processor.py:839} INFO - DAG(s) dict_keys(['example_subdag_operator.section-1', 'example_subdag_operator.section-2', 'example_subdag_operator']) retrieved from /home/gmassoqueto/repos/apache-airflow-101/.venv/lib/python3.11/site-packages/airflow/example_dags/example_subdag_operator.py
[2023-11-14T08:17:52.787-0300] {logging_mixin.py:154} INFO - [2023-11-14T08:17:52.786-0300] {dag.py:2941} INFO - Sync 3 DAGs
[2023-11-14T08:17:52.799-0300] {logging_mixin.py:154} INFO - [2023-11-14T08:17:52.799-0300] {dag.py:3722} INFO - Setting next_dagrun for example_subdag_operator to 2022-01-01T00:00:00+00:00, run_after=2022-01-01T00:00:00+00:00
[2023-11-14T08:17:52.801-0300] {logging_mixin.py:154} INFO - [2023-11-14T08:17:52.801-0300] {dag.py:3722} INFO - Setting next_dagrun for example_subdag_operator.section-1 to None, run_after=None
[2023-11-14T08:17:52.802-0300] {logging_mixin.py:154} INFO - [2023-11-14T08:17:52.802-0300] {dag.py:3722} INFO - Setting next_dagrun for example_subdag_operator.section-2 to None, run_after=None
[2023-11-14T08:17:52.805-0300] {logging_mixin.py:154} INFO - [2023-11-14T08:17:52.805-0300] {dag.py:2941} INFO - Sync 2 DAGs
[2023-11-14T08:17:52.808-0300] {logging_mixin.py:154} INFO - [2023-11-14T08:17:52.808-0300] {dag.py:3722} INFO - Setting next_dagrun for example_subdag_operator.section-1 to None, run_after=None
[2023-11-14T08:17:52.808-0300] {logging_mixin.py:154} INFO - [2023-11-14T08:17:52.808-0300] {dag.py:3722} INFO - Setting next_dagrun for example_subdag_operator.section-2 to None, run_after=None
[2023-11-14T08:17:52.828-0300] {processor.py:179} INFO - Processing /home/gmassoqueto/repos/apache-airflow-101/.venv/lib/python3.11/site-packages/airflow/example_dags/example_subdag_operator.py took 0.083 seconds
