[2023-11-14T07:03:50.407-0300] {processor.py:157} INFO - Started process (PID=284802) to work on /home/gmassoqueto/repos/apache-airflow-101/.venv/lib/python3.11/site-packages/airflow/example_dags/example_latest_only.py
[2023-11-14T07:03:50.408-0300] {processor.py:829} INFO - Processing file /home/gmassoqueto/repos/apache-airflow-101/.venv/lib/python3.11/site-packages/airflow/example_dags/example_latest_only.py for tasks to queue
[2023-11-14T07:03:50.410-0300] {logging_mixin.py:154} INFO - [2023-11-14T07:03:50.409-0300] {dagbag.py:536} INFO - Filling up the DagBag from /home/gmassoqueto/repos/apache-airflow-101/.venv/lib/python3.11/site-packages/airflow/example_dags/example_latest_only.py
[2023-11-14T07:03:50.420-0300] {processor.py:839} INFO - DAG(s) dict_keys(['latest_only']) retrieved from /home/gmassoqueto/repos/apache-airflow-101/.venv/lib/python3.11/site-packages/airflow/example_dags/example_latest_only.py
[2023-11-14T07:03:50.439-0300] {logging_mixin.py:154} INFO - [2023-11-14T07:03:50.438-0300] {dag.py:2941} INFO - Sync 1 DAGs
[2023-11-14T07:03:50.455-0300] {logging_mixin.py:154} INFO - [2023-11-14T07:03:50.455-0300] {dag.py:3722} INFO - Setting next_dagrun for latest_only to 2023-11-14T06:03:50.455051+00:00, run_after=2023-11-14T10:03:50.455051+00:00
[2023-11-14T07:03:50.476-0300] {processor.py:179} INFO - Processing /home/gmassoqueto/repos/apache-airflow-101/.venv/lib/python3.11/site-packages/airflow/example_dags/example_latest_only.py took 0.073 seconds
[2023-11-14T07:57:45.759-0300] {processor.py:157} INFO - Started process (PID=287267) to work on /home/gmassoqueto/repos/apache-airflow-101/.venv/lib/python3.11/site-packages/airflow/example_dags/example_latest_only.py
[2023-11-14T07:57:45.763-0300] {processor.py:829} INFO - Processing file /home/gmassoqueto/repos/apache-airflow-101/.venv/lib/python3.11/site-packages/airflow/example_dags/example_latest_only.py for tasks to queue
[2023-11-14T07:57:45.764-0300] {logging_mixin.py:154} INFO - [2023-11-14T07:57:45.764-0300] {dagbag.py:536} INFO - Filling up the DagBag from /home/gmassoqueto/repos/apache-airflow-101/.venv/lib/python3.11/site-packages/airflow/example_dags/example_latest_only.py
[2023-11-14T07:57:45.772-0300] {processor.py:839} INFO - DAG(s) dict_keys(['latest_only']) retrieved from /home/gmassoqueto/repos/apache-airflow-101/.venv/lib/python3.11/site-packages/airflow/example_dags/example_latest_only.py
[2023-11-14T07:57:45.792-0300] {logging_mixin.py:154} INFO - [2023-11-14T07:57:45.792-0300] {dag.py:2941} INFO - Sync 1 DAGs
[2023-11-14T07:57:45.811-0300] {logging_mixin.py:154} INFO - [2023-11-14T07:57:45.810-0300] {dag.py:3722} INFO - Setting next_dagrun for latest_only to 2023-11-14T06:57:45.810704+00:00, run_after=2023-11-14T10:57:45.810704+00:00
[2023-11-14T07:57:45.838-0300] {processor.py:179} INFO - Processing /home/gmassoqueto/repos/apache-airflow-101/.venv/lib/python3.11/site-packages/airflow/example_dags/example_latest_only.py took 0.081 seconds
[2023-11-14T07:58:33.611-0300] {processor.py:157} INFO - Started process (PID=287454) to work on /home/gmassoqueto/repos/apache-airflow-101/.venv/lib/python3.11/site-packages/airflow/example_dags/example_latest_only.py
[2023-11-14T07:58:33.615-0300] {processor.py:829} INFO - Processing file /home/gmassoqueto/repos/apache-airflow-101/.venv/lib/python3.11/site-packages/airflow/example_dags/example_latest_only.py for tasks to queue
[2023-11-14T07:58:33.617-0300] {logging_mixin.py:154} INFO - [2023-11-14T07:58:33.616-0300] {dagbag.py:536} INFO - Filling up the DagBag from /home/gmassoqueto/repos/apache-airflow-101/.venv/lib/python3.11/site-packages/airflow/example_dags/example_latest_only.py
[2023-11-14T07:58:33.625-0300] {processor.py:839} INFO - DAG(s) dict_keys(['latest_only']) retrieved from /home/gmassoqueto/repos/apache-airflow-101/.venv/lib/python3.11/site-packages/airflow/example_dags/example_latest_only.py
[2023-11-14T07:58:33.641-0300] {logging_mixin.py:154} INFO - [2023-11-14T07:58:33.641-0300] {dag.py:2941} INFO - Sync 1 DAGs
[2023-11-14T07:58:33.661-0300] {logging_mixin.py:154} INFO - [2023-11-14T07:58:33.661-0300] {dag.py:3722} INFO - Setting next_dagrun for latest_only to 2023-11-14T06:58:33.660939+00:00, run_after=2023-11-14T10:58:33.660939+00:00
[2023-11-14T07:58:33.681-0300] {processor.py:179} INFO - Processing /home/gmassoqueto/repos/apache-airflow-101/.venv/lib/python3.11/site-packages/airflow/example_dags/example_latest_only.py took 0.076 seconds
[2023-11-14T07:59:21.585-0300] {processor.py:157} INFO - Started process (PID=287599) to work on /home/gmassoqueto/repos/apache-airflow-101/.venv/lib/python3.11/site-packages/airflow/example_dags/example_latest_only.py
[2023-11-14T07:59:21.591-0300] {processor.py:829} INFO - Processing file /home/gmassoqueto/repos/apache-airflow-101/.venv/lib/python3.11/site-packages/airflow/example_dags/example_latest_only.py for tasks to queue
[2023-11-14T07:59:21.593-0300] {logging_mixin.py:154} INFO - [2023-11-14T07:59:21.592-0300] {dagbag.py:536} INFO - Filling up the DagBag from /home/gmassoqueto/repos/apache-airflow-101/.venv/lib/python3.11/site-packages/airflow/example_dags/example_latest_only.py
[2023-11-14T07:59:21.609-0300] {processor.py:839} INFO - DAG(s) dict_keys(['latest_only']) retrieved from /home/gmassoqueto/repos/apache-airflow-101/.venv/lib/python3.11/site-packages/airflow/example_dags/example_latest_only.py
[2023-11-14T07:59:21.632-0300] {logging_mixin.py:154} INFO - [2023-11-14T07:59:21.632-0300] {dag.py:2941} INFO - Sync 1 DAGs
[2023-11-14T07:59:21.650-0300] {logging_mixin.py:154} INFO - [2023-11-14T07:59:21.649-0300] {dag.py:3722} INFO - Setting next_dagrun for latest_only to 2023-11-14T06:59:21.649595+00:00, run_after=2023-11-14T10:59:21.649595+00:00
[2023-11-14T07:59:21.668-0300] {processor.py:179} INFO - Processing /home/gmassoqueto/repos/apache-airflow-101/.venv/lib/python3.11/site-packages/airflow/example_dags/example_latest_only.py took 0.091 seconds
[2023-11-14T08:00:17.107-0300] {processor.py:157} INFO - Started process (PID=287726) to work on /home/gmassoqueto/repos/apache-airflow-101/.venv/lib/python3.11/site-packages/airflow/example_dags/example_latest_only.py
[2023-11-14T08:00:17.121-0300] {processor.py:829} INFO - Processing file /home/gmassoqueto/repos/apache-airflow-101/.venv/lib/python3.11/site-packages/airflow/example_dags/example_latest_only.py for tasks to queue
[2023-11-14T08:00:17.122-0300] {logging_mixin.py:154} INFO - [2023-11-14T08:00:17.121-0300] {dagbag.py:536} INFO - Filling up the DagBag from /home/gmassoqueto/repos/apache-airflow-101/.venv/lib/python3.11/site-packages/airflow/example_dags/example_latest_only.py
[2023-11-14T08:00:17.129-0300] {processor.py:839} INFO - DAG(s) dict_keys(['latest_only']) retrieved from /home/gmassoqueto/repos/apache-airflow-101/.venv/lib/python3.11/site-packages/airflow/example_dags/example_latest_only.py
[2023-11-14T08:00:17.145-0300] {logging_mixin.py:154} INFO - [2023-11-14T08:00:17.144-0300] {dag.py:2941} INFO - Sync 1 DAGs
[2023-11-14T08:00:17.169-0300] {logging_mixin.py:154} INFO - [2023-11-14T08:00:17.169-0300] {dag.py:3722} INFO - Setting next_dagrun for latest_only to 2023-11-14T07:00:17.169182+00:00, run_after=2023-11-14T11:00:17.169182+00:00
[2023-11-14T08:00:17.190-0300] {processor.py:179} INFO - Processing /home/gmassoqueto/repos/apache-airflow-101/.venv/lib/python3.11/site-packages/airflow/example_dags/example_latest_only.py took 0.089 seconds
[2023-11-14T08:01:06.650-0300] {processor.py:157} INFO - Started process (PID=287923) to work on /home/gmassoqueto/repos/apache-airflow-101/.venv/lib/python3.11/site-packages/airflow/example_dags/example_latest_only.py
[2023-11-14T08:01:06.654-0300] {processor.py:829} INFO - Processing file /home/gmassoqueto/repos/apache-airflow-101/.venv/lib/python3.11/site-packages/airflow/example_dags/example_latest_only.py for tasks to queue
[2023-11-14T08:01:06.655-0300] {logging_mixin.py:154} INFO - [2023-11-14T08:01:06.655-0300] {dagbag.py:536} INFO - Filling up the DagBag from /home/gmassoqueto/repos/apache-airflow-101/.venv/lib/python3.11/site-packages/airflow/example_dags/example_latest_only.py
[2023-11-14T08:01:06.662-0300] {processor.py:839} INFO - DAG(s) dict_keys(['latest_only']) retrieved from /home/gmassoqueto/repos/apache-airflow-101/.venv/lib/python3.11/site-packages/airflow/example_dags/example_latest_only.py
[2023-11-14T08:01:06.681-0300] {logging_mixin.py:154} INFO - [2023-11-14T08:01:06.681-0300] {dag.py:2941} INFO - Sync 1 DAGs
[2023-11-14T08:01:06.701-0300] {logging_mixin.py:154} INFO - [2023-11-14T08:01:06.701-0300] {dag.py:3722} INFO - Setting next_dagrun for latest_only to 2023-11-14T07:01:06.701295+00:00, run_after=2023-11-14T11:01:06.701295+00:00
[2023-11-14T08:01:06.721-0300] {processor.py:179} INFO - Processing /home/gmassoqueto/repos/apache-airflow-101/.venv/lib/python3.11/site-packages/airflow/example_dags/example_latest_only.py took 0.074 seconds
[2023-11-14T08:01:55.235-0300] {processor.py:157} INFO - Started process (PID=288071) to work on /home/gmassoqueto/repos/apache-airflow-101/.venv/lib/python3.11/site-packages/airflow/example_dags/example_latest_only.py
[2023-11-14T08:01:55.239-0300] {processor.py:829} INFO - Processing file /home/gmassoqueto/repos/apache-airflow-101/.venv/lib/python3.11/site-packages/airflow/example_dags/example_latest_only.py for tasks to queue
[2023-11-14T08:01:55.241-0300] {logging_mixin.py:154} INFO - [2023-11-14T08:01:55.240-0300] {dagbag.py:536} INFO - Filling up the DagBag from /home/gmassoqueto/repos/apache-airflow-101/.venv/lib/python3.11/site-packages/airflow/example_dags/example_latest_only.py
[2023-11-14T08:01:55.251-0300] {processor.py:839} INFO - DAG(s) dict_keys(['latest_only']) retrieved from /home/gmassoqueto/repos/apache-airflow-101/.venv/lib/python3.11/site-packages/airflow/example_dags/example_latest_only.py
[2023-11-14T08:01:55.269-0300] {logging_mixin.py:154} INFO - [2023-11-14T08:01:55.269-0300] {dag.py:2941} INFO - Sync 1 DAGs
[2023-11-14T08:01:55.295-0300] {logging_mixin.py:154} INFO - [2023-11-14T08:01:55.295-0300] {dag.py:3722} INFO - Setting next_dagrun for latest_only to 2023-11-14T07:01:55.294775+00:00, run_after=2023-11-14T11:01:55.294775+00:00
[2023-11-14T08:01:55.328-0300] {processor.py:179} INFO - Processing /home/gmassoqueto/repos/apache-airflow-101/.venv/lib/python3.11/site-packages/airflow/example_dags/example_latest_only.py took 0.099 seconds
[2023-11-14T08:02:41.858-0300] {processor.py:157} INFO - Started process (PID=288219) to work on /home/gmassoqueto/repos/apache-airflow-101/.venv/lib/python3.11/site-packages/airflow/example_dags/example_latest_only.py
[2023-11-14T08:02:41.859-0300] {processor.py:829} INFO - Processing file /home/gmassoqueto/repos/apache-airflow-101/.venv/lib/python3.11/site-packages/airflow/example_dags/example_latest_only.py for tasks to queue
[2023-11-14T08:02:41.859-0300] {logging_mixin.py:154} INFO - [2023-11-14T08:02:41.859-0300] {dagbag.py:536} INFO - Filling up the DagBag from /home/gmassoqueto/repos/apache-airflow-101/.venv/lib/python3.11/site-packages/airflow/example_dags/example_latest_only.py
[2023-11-14T08:02:41.871-0300] {processor.py:839} INFO - DAG(s) dict_keys(['latest_only']) retrieved from /home/gmassoqueto/repos/apache-airflow-101/.venv/lib/python3.11/site-packages/airflow/example_dags/example_latest_only.py
[2023-11-14T08:02:41.895-0300] {logging_mixin.py:154} INFO - [2023-11-14T08:02:41.894-0300] {dag.py:2941} INFO - Sync 1 DAGs
[2023-11-14T08:02:41.919-0300] {logging_mixin.py:154} INFO - [2023-11-14T08:02:41.919-0300] {dag.py:3722} INFO - Setting next_dagrun for latest_only to 2023-11-14T07:02:41.919180+00:00, run_after=2023-11-14T11:02:41.919180+00:00
[2023-11-14T08:02:41.957-0300] {processor.py:179} INFO - Processing /home/gmassoqueto/repos/apache-airflow-101/.venv/lib/python3.11/site-packages/airflow/example_dags/example_latest_only.py took 0.102 seconds
[2023-11-14T08:03:29.256-0300] {processor.py:157} INFO - Started process (PID=288396) to work on /home/gmassoqueto/repos/apache-airflow-101/.venv/lib/python3.11/site-packages/airflow/example_dags/example_latest_only.py
[2023-11-14T08:03:29.260-0300] {processor.py:829} INFO - Processing file /home/gmassoqueto/repos/apache-airflow-101/.venv/lib/python3.11/site-packages/airflow/example_dags/example_latest_only.py for tasks to queue
[2023-11-14T08:03:29.262-0300] {logging_mixin.py:154} INFO - [2023-11-14T08:03:29.261-0300] {dagbag.py:536} INFO - Filling up the DagBag from /home/gmassoqueto/repos/apache-airflow-101/.venv/lib/python3.11/site-packages/airflow/example_dags/example_latest_only.py
[2023-11-14T08:03:29.275-0300] {processor.py:839} INFO - DAG(s) dict_keys(['latest_only']) retrieved from /home/gmassoqueto/repos/apache-airflow-101/.venv/lib/python3.11/site-packages/airflow/example_dags/example_latest_only.py
[2023-11-14T08:03:29.297-0300] {logging_mixin.py:154} INFO - [2023-11-14T08:03:29.297-0300] {dag.py:2941} INFO - Sync 1 DAGs
[2023-11-14T08:03:29.314-0300] {logging_mixin.py:154} INFO - [2023-11-14T08:03:29.314-0300] {dag.py:3722} INFO - Setting next_dagrun for latest_only to 2023-11-14T07:03:29.313962+00:00, run_after=2023-11-14T11:03:29.313962+00:00
[2023-11-14T08:03:29.333-0300] {processor.py:179} INFO - Processing /home/gmassoqueto/repos/apache-airflow-101/.venv/lib/python3.11/site-packages/airflow/example_dags/example_latest_only.py took 0.079 seconds
[2023-11-14T08:04:19.921-0300] {processor.py:157} INFO - Started process (PID=288851) to work on /home/gmassoqueto/repos/apache-airflow-101/.venv/lib/python3.11/site-packages/airflow/example_dags/example_latest_only.py
[2023-11-14T08:04:19.926-0300] {processor.py:829} INFO - Processing file /home/gmassoqueto/repos/apache-airflow-101/.venv/lib/python3.11/site-packages/airflow/example_dags/example_latest_only.py for tasks to queue
[2023-11-14T08:04:19.928-0300] {logging_mixin.py:154} INFO - [2023-11-14T08:04:19.927-0300] {dagbag.py:536} INFO - Filling up the DagBag from /home/gmassoqueto/repos/apache-airflow-101/.venv/lib/python3.11/site-packages/airflow/example_dags/example_latest_only.py
[2023-11-14T08:04:19.944-0300] {processor.py:839} INFO - DAG(s) dict_keys(['latest_only']) retrieved from /home/gmassoqueto/repos/apache-airflow-101/.venv/lib/python3.11/site-packages/airflow/example_dags/example_latest_only.py
[2023-11-14T08:04:19.983-0300] {logging_mixin.py:154} INFO - [2023-11-14T08:04:19.983-0300] {dag.py:2941} INFO - Sync 1 DAGs
[2023-11-14T08:04:20.008-0300] {logging_mixin.py:154} INFO - [2023-11-14T08:04:20.007-0300] {dag.py:3722} INFO - Setting next_dagrun for latest_only to 2023-11-14T07:04:20.007696+00:00, run_after=2023-11-14T11:04:20.007696+00:00
[2023-11-14T08:04:20.027-0300] {processor.py:179} INFO - Processing /home/gmassoqueto/repos/apache-airflow-101/.venv/lib/python3.11/site-packages/airflow/example_dags/example_latest_only.py took 0.114 seconds
[2023-11-14T08:05:10.702-0300] {processor.py:157} INFO - Started process (PID=289011) to work on /home/gmassoqueto/repos/apache-airflow-101/.venv/lib/python3.11/site-packages/airflow/example_dags/example_latest_only.py
[2023-11-14T08:05:10.705-0300] {processor.py:829} INFO - Processing file /home/gmassoqueto/repos/apache-airflow-101/.venv/lib/python3.11/site-packages/airflow/example_dags/example_latest_only.py for tasks to queue
[2023-11-14T08:05:10.707-0300] {logging_mixin.py:154} INFO - [2023-11-14T08:05:10.706-0300] {dagbag.py:536} INFO - Filling up the DagBag from /home/gmassoqueto/repos/apache-airflow-101/.venv/lib/python3.11/site-packages/airflow/example_dags/example_latest_only.py
[2023-11-14T08:05:10.722-0300] {processor.py:839} INFO - DAG(s) dict_keys(['latest_only']) retrieved from /home/gmassoqueto/repos/apache-airflow-101/.venv/lib/python3.11/site-packages/airflow/example_dags/example_latest_only.py
[2023-11-14T08:05:10.740-0300] {logging_mixin.py:154} INFO - [2023-11-14T08:05:10.740-0300] {dag.py:2941} INFO - Sync 1 DAGs
[2023-11-14T08:05:10.757-0300] {logging_mixin.py:154} INFO - [2023-11-14T08:05:10.757-0300] {dag.py:3722} INFO - Setting next_dagrun for latest_only to 2023-11-14T07:05:10.756954+00:00, run_after=2023-11-14T11:05:10.756954+00:00
[2023-11-14T08:05:10.772-0300] {processor.py:179} INFO - Processing /home/gmassoqueto/repos/apache-airflow-101/.venv/lib/python3.11/site-packages/airflow/example_dags/example_latest_only.py took 0.078 seconds
[2023-11-14T08:06:00.274-0300] {processor.py:157} INFO - Started process (PID=289134) to work on /home/gmassoqueto/repos/apache-airflow-101/.venv/lib/python3.11/site-packages/airflow/example_dags/example_latest_only.py
[2023-11-14T08:06:00.279-0300] {processor.py:829} INFO - Processing file /home/gmassoqueto/repos/apache-airflow-101/.venv/lib/python3.11/site-packages/airflow/example_dags/example_latest_only.py for tasks to queue
[2023-11-14T08:06:00.281-0300] {logging_mixin.py:154} INFO - [2023-11-14T08:06:00.280-0300] {dagbag.py:536} INFO - Filling up the DagBag from /home/gmassoqueto/repos/apache-airflow-101/.venv/lib/python3.11/site-packages/airflow/example_dags/example_latest_only.py
[2023-11-14T08:06:00.295-0300] {processor.py:839} INFO - DAG(s) dict_keys(['latest_only']) retrieved from /home/gmassoqueto/repos/apache-airflow-101/.venv/lib/python3.11/site-packages/airflow/example_dags/example_latest_only.py
[2023-11-14T08:06:00.314-0300] {logging_mixin.py:154} INFO - [2023-11-14T08:06:00.314-0300] {dag.py:2941} INFO - Sync 1 DAGs
[2023-11-14T08:06:00.330-0300] {logging_mixin.py:154} INFO - [2023-11-14T08:06:00.330-0300] {dag.py:3722} INFO - Setting next_dagrun for latest_only to 2023-11-14T07:06:00.330474+00:00, run_after=2023-11-14T11:06:00.330474+00:00
[2023-11-14T08:06:00.350-0300] {processor.py:179} INFO - Processing /home/gmassoqueto/repos/apache-airflow-101/.venv/lib/python3.11/site-packages/airflow/example_dags/example_latest_only.py took 0.083 seconds
[2023-11-14T08:06:47.478-0300] {processor.py:157} INFO - Started process (PID=289261) to work on /home/gmassoqueto/repos/apache-airflow-101/.venv/lib/python3.11/site-packages/airflow/example_dags/example_latest_only.py
[2023-11-14T08:06:47.481-0300] {processor.py:829} INFO - Processing file /home/gmassoqueto/repos/apache-airflow-101/.venv/lib/python3.11/site-packages/airflow/example_dags/example_latest_only.py for tasks to queue
[2023-11-14T08:06:47.482-0300] {logging_mixin.py:154} INFO - [2023-11-14T08:06:47.482-0300] {dagbag.py:536} INFO - Filling up the DagBag from /home/gmassoqueto/repos/apache-airflow-101/.venv/lib/python3.11/site-packages/airflow/example_dags/example_latest_only.py
[2023-11-14T08:06:47.488-0300] {processor.py:839} INFO - DAG(s) dict_keys(['latest_only']) retrieved from /home/gmassoqueto/repos/apache-airflow-101/.venv/lib/python3.11/site-packages/airflow/example_dags/example_latest_only.py
[2023-11-14T08:06:47.501-0300] {logging_mixin.py:154} INFO - [2023-11-14T08:06:47.501-0300] {dag.py:2941} INFO - Sync 1 DAGs
[2023-11-14T08:06:47.519-0300] {logging_mixin.py:154} INFO - [2023-11-14T08:06:47.519-0300] {dag.py:3722} INFO - Setting next_dagrun for latest_only to 2023-11-14T07:06:47.518798+00:00, run_after=2023-11-14T11:06:47.518798+00:00
[2023-11-14T08:06:47.539-0300] {processor.py:179} INFO - Processing /home/gmassoqueto/repos/apache-airflow-101/.venv/lib/python3.11/site-packages/airflow/example_dags/example_latest_only.py took 0.065 seconds
[2023-11-14T08:07:35.334-0300] {processor.py:157} INFO - Started process (PID=289461) to work on /home/gmassoqueto/repos/apache-airflow-101/.venv/lib/python3.11/site-packages/airflow/example_dags/example_latest_only.py
[2023-11-14T08:07:35.338-0300] {processor.py:829} INFO - Processing file /home/gmassoqueto/repos/apache-airflow-101/.venv/lib/python3.11/site-packages/airflow/example_dags/example_latest_only.py for tasks to queue
[2023-11-14T08:07:35.339-0300] {logging_mixin.py:154} INFO - [2023-11-14T08:07:35.339-0300] {dagbag.py:536} INFO - Filling up the DagBag from /home/gmassoqueto/repos/apache-airflow-101/.venv/lib/python3.11/site-packages/airflow/example_dags/example_latest_only.py
[2023-11-14T08:07:35.346-0300] {processor.py:839} INFO - DAG(s) dict_keys(['latest_only']) retrieved from /home/gmassoqueto/repos/apache-airflow-101/.venv/lib/python3.11/site-packages/airflow/example_dags/example_latest_only.py
[2023-11-14T08:07:35.363-0300] {logging_mixin.py:154} INFO - [2023-11-14T08:07:35.363-0300] {dag.py:2941} INFO - Sync 1 DAGs
[2023-11-14T08:07:35.387-0300] {logging_mixin.py:154} INFO - [2023-11-14T08:07:35.387-0300] {dag.py:3722} INFO - Setting next_dagrun for latest_only to 2023-11-14T07:07:35.387135+00:00, run_after=2023-11-14T11:07:35.387135+00:00
[2023-11-14T08:07:35.411-0300] {processor.py:179} INFO - Processing /home/gmassoqueto/repos/apache-airflow-101/.venv/lib/python3.11/site-packages/airflow/example_dags/example_latest_only.py took 0.081 seconds
[2023-11-14T08:08:39.419-0300] {processor.py:157} INFO - Started process (PID=289907) to work on /home/gmassoqueto/repos/apache-airflow-101/.venv/lib/python3.11/site-packages/airflow/example_dags/example_latest_only.py
[2023-11-14T08:08:39.422-0300] {processor.py:829} INFO - Processing file /home/gmassoqueto/repos/apache-airflow-101/.venv/lib/python3.11/site-packages/airflow/example_dags/example_latest_only.py for tasks to queue
[2023-11-14T08:08:39.423-0300] {logging_mixin.py:154} INFO - [2023-11-14T08:08:39.423-0300] {dagbag.py:536} INFO - Filling up the DagBag from /home/gmassoqueto/repos/apache-airflow-101/.venv/lib/python3.11/site-packages/airflow/example_dags/example_latest_only.py
[2023-11-14T08:08:39.429-0300] {processor.py:839} INFO - DAG(s) dict_keys(['latest_only']) retrieved from /home/gmassoqueto/repos/apache-airflow-101/.venv/lib/python3.11/site-packages/airflow/example_dags/example_latest_only.py
[2023-11-14T08:08:39.443-0300] {logging_mixin.py:154} INFO - [2023-11-14T08:08:39.443-0300] {dag.py:2941} INFO - Sync 1 DAGs
[2023-11-14T08:08:39.454-0300] {logging_mixin.py:154} INFO - [2023-11-14T08:08:39.453-0300] {dag.py:2963} INFO - Creating ORM DAG for latest_only
[2023-11-14T08:08:39.461-0300] {logging_mixin.py:154} INFO - [2023-11-14T08:08:39.461-0300] {dag.py:3722} INFO - Setting next_dagrun for latest_only to 2023-11-14T07:08:39.460847+00:00, run_after=2023-11-14T11:08:39.460847+00:00
[2023-11-14T08:08:39.479-0300] {processor.py:179} INFO - Processing /home/gmassoqueto/repos/apache-airflow-101/.venv/lib/python3.11/site-packages/airflow/example_dags/example_latest_only.py took 0.063 seconds
[2023-11-14T08:10:21.612-0300] {processor.py:157} INFO - Started process (PID=290695) to work on /home/gmassoqueto/repos/apache-airflow-101/.venv/lib/python3.11/site-packages/airflow/example_dags/example_latest_only.py
[2023-11-14T08:10:21.616-0300] {processor.py:829} INFO - Processing file /home/gmassoqueto/repos/apache-airflow-101/.venv/lib/python3.11/site-packages/airflow/example_dags/example_latest_only.py for tasks to queue
[2023-11-14T08:10:21.617-0300] {logging_mixin.py:154} INFO - [2023-11-14T08:10:21.616-0300] {dagbag.py:536} INFO - Filling up the DagBag from /home/gmassoqueto/repos/apache-airflow-101/.venv/lib/python3.11/site-packages/airflow/example_dags/example_latest_only.py
[2023-11-14T08:10:21.622-0300] {processor.py:839} INFO - DAG(s) dict_keys(['latest_only']) retrieved from /home/gmassoqueto/repos/apache-airflow-101/.venv/lib/python3.11/site-packages/airflow/example_dags/example_latest_only.py
[2023-11-14T08:10:21.636-0300] {logging_mixin.py:154} INFO - [2023-11-14T08:10:21.636-0300] {dag.py:2941} INFO - Sync 1 DAGs
[2023-11-14T08:10:21.655-0300] {logging_mixin.py:154} INFO - [2023-11-14T08:10:21.655-0300] {dag.py:3722} INFO - Setting next_dagrun for latest_only to 2023-11-14T07:10:21.655295+00:00, run_after=2023-11-14T11:10:21.655295+00:00
[2023-11-14T08:10:21.677-0300] {processor.py:179} INFO - Processing /home/gmassoqueto/repos/apache-airflow-101/.venv/lib/python3.11/site-packages/airflow/example_dags/example_latest_only.py took 0.068 seconds
[2023-11-14T08:11:15.528-0300] {processor.py:157} INFO - Started process (PID=291152) to work on /home/gmassoqueto/repos/apache-airflow-101/.venv/lib/python3.11/site-packages/airflow/example_dags/example_latest_only.py
[2023-11-14T08:11:15.532-0300] {processor.py:829} INFO - Processing file /home/gmassoqueto/repos/apache-airflow-101/.venv/lib/python3.11/site-packages/airflow/example_dags/example_latest_only.py for tasks to queue
[2023-11-14T08:11:15.533-0300] {logging_mixin.py:154} INFO - [2023-11-14T08:11:15.533-0300] {dagbag.py:536} INFO - Filling up the DagBag from /home/gmassoqueto/repos/apache-airflow-101/.venv/lib/python3.11/site-packages/airflow/example_dags/example_latest_only.py
[2023-11-14T08:11:15.546-0300] {processor.py:839} INFO - DAG(s) dict_keys(['latest_only']) retrieved from /home/gmassoqueto/repos/apache-airflow-101/.venv/lib/python3.11/site-packages/airflow/example_dags/example_latest_only.py
[2023-11-14T08:11:15.571-0300] {logging_mixin.py:154} INFO - [2023-11-14T08:11:15.571-0300] {dag.py:2941} INFO - Sync 1 DAGs
[2023-11-14T08:11:15.589-0300] {logging_mixin.py:154} INFO - [2023-11-14T08:11:15.589-0300] {dag.py:3722} INFO - Setting next_dagrun for latest_only to 2023-11-14T07:11:15.589159+00:00, run_after=2023-11-14T11:11:15.589159+00:00
[2023-11-14T08:11:15.707-0300] {processor.py:179} INFO - Processing /home/gmassoqueto/repos/apache-airflow-101/.venv/lib/python3.11/site-packages/airflow/example_dags/example_latest_only.py took 0.182 seconds
[2023-11-14T08:12:00.912-0300] {processor.py:157} INFO - Started process (PID=291281) to work on /home/gmassoqueto/repos/apache-airflow-101/.venv/lib/python3.11/site-packages/airflow/example_dags/example_latest_only.py
[2023-11-14T08:12:00.913-0300] {processor.py:829} INFO - Processing file /home/gmassoqueto/repos/apache-airflow-101/.venv/lib/python3.11/site-packages/airflow/example_dags/example_latest_only.py for tasks to queue
[2023-11-14T08:12:00.914-0300] {logging_mixin.py:154} INFO - [2023-11-14T08:12:00.914-0300] {dagbag.py:536} INFO - Filling up the DagBag from /home/gmassoqueto/repos/apache-airflow-101/.venv/lib/python3.11/site-packages/airflow/example_dags/example_latest_only.py
[2023-11-14T08:12:00.919-0300] {processor.py:839} INFO - DAG(s) dict_keys(['latest_only']) retrieved from /home/gmassoqueto/repos/apache-airflow-101/.venv/lib/python3.11/site-packages/airflow/example_dags/example_latest_only.py
[2023-11-14T08:12:00.932-0300] {logging_mixin.py:154} INFO - [2023-11-14T08:12:00.932-0300] {dag.py:2941} INFO - Sync 1 DAGs
[2023-11-14T08:12:00.947-0300] {logging_mixin.py:154} INFO - [2023-11-14T08:12:00.947-0300] {dag.py:3722} INFO - Setting next_dagrun for latest_only to 2023-11-14T07:12:00.947164+00:00, run_after=2023-11-14T11:12:00.947164+00:00
[2023-11-14T08:12:00.964-0300] {processor.py:179} INFO - Processing /home/gmassoqueto/repos/apache-airflow-101/.venv/lib/python3.11/site-packages/airflow/example_dags/example_latest_only.py took 0.054 seconds
[2023-11-14T08:12:47.293-0300] {processor.py:157} INFO - Started process (PID=291542) to work on /home/gmassoqueto/repos/apache-airflow-101/.venv/lib/python3.11/site-packages/airflow/example_dags/example_latest_only.py
[2023-11-14T08:12:47.295-0300] {processor.py:829} INFO - Processing file /home/gmassoqueto/repos/apache-airflow-101/.venv/lib/python3.11/site-packages/airflow/example_dags/example_latest_only.py for tasks to queue
[2023-11-14T08:12:47.297-0300] {logging_mixin.py:154} INFO - [2023-11-14T08:12:47.296-0300] {dagbag.py:536} INFO - Filling up the DagBag from /home/gmassoqueto/repos/apache-airflow-101/.venv/lib/python3.11/site-packages/airflow/example_dags/example_latest_only.py
[2023-11-14T08:12:47.310-0300] {processor.py:839} INFO - DAG(s) dict_keys(['latest_only']) retrieved from /home/gmassoqueto/repos/apache-airflow-101/.venv/lib/python3.11/site-packages/airflow/example_dags/example_latest_only.py
[2023-11-14T08:12:47.330-0300] {logging_mixin.py:154} INFO - [2023-11-14T08:12:47.330-0300] {dag.py:2941} INFO - Sync 1 DAGs
[2023-11-14T08:12:47.349-0300] {logging_mixin.py:154} INFO - [2023-11-14T08:12:47.349-0300] {dag.py:3722} INFO - Setting next_dagrun for latest_only to 2023-11-14T07:12:47.348960+00:00, run_after=2023-11-14T11:12:47.348960+00:00
[2023-11-14T08:12:47.376-0300] {processor.py:179} INFO - Processing /home/gmassoqueto/repos/apache-airflow-101/.venv/lib/python3.11/site-packages/airflow/example_dags/example_latest_only.py took 0.090 seconds
[2023-11-14T08:13:34.618-0300] {processor.py:157} INFO - Started process (PID=291639) to work on /home/gmassoqueto/repos/apache-airflow-101/.venv/lib/python3.11/site-packages/airflow/example_dags/example_latest_only.py
[2023-11-14T08:13:34.623-0300] {processor.py:829} INFO - Processing file /home/gmassoqueto/repos/apache-airflow-101/.venv/lib/python3.11/site-packages/airflow/example_dags/example_latest_only.py for tasks to queue
[2023-11-14T08:13:34.626-0300] {logging_mixin.py:154} INFO - [2023-11-14T08:13:34.625-0300] {dagbag.py:536} INFO - Filling up the DagBag from /home/gmassoqueto/repos/apache-airflow-101/.venv/lib/python3.11/site-packages/airflow/example_dags/example_latest_only.py
[2023-11-14T08:13:34.640-0300] {processor.py:839} INFO - DAG(s) dict_keys(['latest_only']) retrieved from /home/gmassoqueto/repos/apache-airflow-101/.venv/lib/python3.11/site-packages/airflow/example_dags/example_latest_only.py
[2023-11-14T08:13:34.659-0300] {logging_mixin.py:154} INFO - [2023-11-14T08:13:34.659-0300] {dag.py:2941} INFO - Sync 1 DAGs
[2023-11-14T08:13:34.674-0300] {logging_mixin.py:154} INFO - [2023-11-14T08:13:34.674-0300] {dag.py:3722} INFO - Setting next_dagrun for latest_only to 2023-11-14T07:13:34.674619+00:00, run_after=2023-11-14T11:13:34.674619+00:00
[2023-11-14T08:13:34.694-0300] {processor.py:179} INFO - Processing /home/gmassoqueto/repos/apache-airflow-101/.venv/lib/python3.11/site-packages/airflow/example_dags/example_latest_only.py took 0.083 seconds
[2023-11-14T08:14:23.692-0300] {processor.py:157} INFO - Started process (PID=291734) to work on /home/gmassoqueto/repos/apache-airflow-101/.venv/lib/python3.11/site-packages/airflow/example_dags/example_latest_only.py
[2023-11-14T08:14:23.695-0300] {processor.py:829} INFO - Processing file /home/gmassoqueto/repos/apache-airflow-101/.venv/lib/python3.11/site-packages/airflow/example_dags/example_latest_only.py for tasks to queue
[2023-11-14T08:14:23.695-0300] {logging_mixin.py:154} INFO - [2023-11-14T08:14:23.695-0300] {dagbag.py:536} INFO - Filling up the DagBag from /home/gmassoqueto/repos/apache-airflow-101/.venv/lib/python3.11/site-packages/airflow/example_dags/example_latest_only.py
[2023-11-14T08:14:23.699-0300] {processor.py:839} INFO - DAG(s) dict_keys(['latest_only']) retrieved from /home/gmassoqueto/repos/apache-airflow-101/.venv/lib/python3.11/site-packages/airflow/example_dags/example_latest_only.py
[2023-11-14T08:14:23.708-0300] {logging_mixin.py:154} INFO - [2023-11-14T08:14:23.708-0300] {dag.py:2941} INFO - Sync 1 DAGs
[2023-11-14T08:14:23.721-0300] {logging_mixin.py:154} INFO - [2023-11-14T08:14:23.721-0300] {dag.py:3722} INFO - Setting next_dagrun for latest_only to 2023-11-14T07:14:23.721079+00:00, run_after=2023-11-14T11:14:23.721079+00:00
[2023-11-14T08:14:23.737-0300] {processor.py:179} INFO - Processing /home/gmassoqueto/repos/apache-airflow-101/.venv/lib/python3.11/site-packages/airflow/example_dags/example_latest_only.py took 0.047 seconds
[2023-11-14T08:15:10.692-0300] {processor.py:157} INFO - Started process (PID=291889) to work on /home/gmassoqueto/repos/apache-airflow-101/.venv/lib/python3.11/site-packages/airflow/example_dags/example_latest_only.py
[2023-11-14T08:15:10.696-0300] {processor.py:829} INFO - Processing file /home/gmassoqueto/repos/apache-airflow-101/.venv/lib/python3.11/site-packages/airflow/example_dags/example_latest_only.py for tasks to queue
[2023-11-14T08:15:10.697-0300] {logging_mixin.py:154} INFO - [2023-11-14T08:15:10.696-0300] {dagbag.py:536} INFO - Filling up the DagBag from /home/gmassoqueto/repos/apache-airflow-101/.venv/lib/python3.11/site-packages/airflow/example_dags/example_latest_only.py
[2023-11-14T08:15:10.703-0300] {processor.py:839} INFO - DAG(s) dict_keys(['latest_only']) retrieved from /home/gmassoqueto/repos/apache-airflow-101/.venv/lib/python3.11/site-packages/airflow/example_dags/example_latest_only.py
[2023-11-14T08:15:10.719-0300] {logging_mixin.py:154} INFO - [2023-11-14T08:15:10.719-0300] {dag.py:2941} INFO - Sync 1 DAGs
[2023-11-14T08:15:10.738-0300] {logging_mixin.py:154} INFO - [2023-11-14T08:15:10.738-0300] {dag.py:3722} INFO - Setting next_dagrun for latest_only to 2023-11-14T07:15:10.738227+00:00, run_after=2023-11-14T11:15:10.738227+00:00
[2023-11-14T08:15:10.756-0300] {processor.py:179} INFO - Processing /home/gmassoqueto/repos/apache-airflow-101/.venv/lib/python3.11/site-packages/airflow/example_dags/example_latest_only.py took 0.066 seconds
[2023-11-14T08:15:57.437-0300] {processor.py:157} INFO - Started process (PID=291974) to work on /home/gmassoqueto/repos/apache-airflow-101/.venv/lib/python3.11/site-packages/airflow/example_dags/example_latest_only.py
[2023-11-14T08:15:57.441-0300] {processor.py:829} INFO - Processing file /home/gmassoqueto/repos/apache-airflow-101/.venv/lib/python3.11/site-packages/airflow/example_dags/example_latest_only.py for tasks to queue
[2023-11-14T08:15:57.441-0300] {logging_mixin.py:154} INFO - [2023-11-14T08:15:57.441-0300] {dagbag.py:536} INFO - Filling up the DagBag from /home/gmassoqueto/repos/apache-airflow-101/.venv/lib/python3.11/site-packages/airflow/example_dags/example_latest_only.py
[2023-11-14T08:15:57.447-0300] {processor.py:839} INFO - DAG(s) dict_keys(['latest_only']) retrieved from /home/gmassoqueto/repos/apache-airflow-101/.venv/lib/python3.11/site-packages/airflow/example_dags/example_latest_only.py
[2023-11-14T08:15:57.464-0300] {logging_mixin.py:154} INFO - [2023-11-14T08:15:57.463-0300] {dag.py:2941} INFO - Sync 1 DAGs
[2023-11-14T08:15:57.480-0300] {logging_mixin.py:154} INFO - [2023-11-14T08:15:57.479-0300] {dag.py:3722} INFO - Setting next_dagrun for latest_only to 2023-11-14T07:15:57.479785+00:00, run_after=2023-11-14T11:15:57.479785+00:00
[2023-11-14T08:15:57.506-0300] {processor.py:179} INFO - Processing /home/gmassoqueto/repos/apache-airflow-101/.venv/lib/python3.11/site-packages/airflow/example_dags/example_latest_only.py took 0.071 seconds
[2023-11-14T08:16:46.890-0300] {processor.py:157} INFO - Started process (PID=292058) to work on /home/gmassoqueto/repos/apache-airflow-101/.venv/lib/python3.11/site-packages/airflow/example_dags/example_latest_only.py
[2023-11-14T08:16:46.894-0300] {processor.py:829} INFO - Processing file /home/gmassoqueto/repos/apache-airflow-101/.venv/lib/python3.11/site-packages/airflow/example_dags/example_latest_only.py for tasks to queue
[2023-11-14T08:16:46.895-0300] {logging_mixin.py:154} INFO - [2023-11-14T08:16:46.895-0300] {dagbag.py:536} INFO - Filling up the DagBag from /home/gmassoqueto/repos/apache-airflow-101/.venv/lib/python3.11/site-packages/airflow/example_dags/example_latest_only.py
[2023-11-14T08:16:46.907-0300] {processor.py:839} INFO - DAG(s) dict_keys(['latest_only']) retrieved from /home/gmassoqueto/repos/apache-airflow-101/.venv/lib/python3.11/site-packages/airflow/example_dags/example_latest_only.py
[2023-11-14T08:16:46.932-0300] {logging_mixin.py:154} INFO - [2023-11-14T08:16:46.932-0300] {dag.py:2941} INFO - Sync 1 DAGs
[2023-11-14T08:16:46.950-0300] {logging_mixin.py:154} INFO - [2023-11-14T08:16:46.950-0300] {dag.py:3722} INFO - Setting next_dagrun for latest_only to 2023-11-14T07:16:46.949847+00:00, run_after=2023-11-14T11:16:46.949847+00:00
[2023-11-14T08:16:46.967-0300] {processor.py:179} INFO - Processing /home/gmassoqueto/repos/apache-airflow-101/.venv/lib/python3.11/site-packages/airflow/example_dags/example_latest_only.py took 0.079 seconds
[2023-11-14T08:17:38.312-0300] {processor.py:157} INFO - Started process (PID=292157) to work on /home/gmassoqueto/repos/apache-airflow-101/.venv/lib/python3.11/site-packages/airflow/example_dags/example_latest_only.py
[2023-11-14T08:17:38.316-0300] {processor.py:829} INFO - Processing file /home/gmassoqueto/repos/apache-airflow-101/.venv/lib/python3.11/site-packages/airflow/example_dags/example_latest_only.py for tasks to queue
[2023-11-14T08:17:38.317-0300] {logging_mixin.py:154} INFO - [2023-11-14T08:17:38.317-0300] {dagbag.py:536} INFO - Filling up the DagBag from /home/gmassoqueto/repos/apache-airflow-101/.venv/lib/python3.11/site-packages/airflow/example_dags/example_latest_only.py
[2023-11-14T08:17:38.322-0300] {processor.py:839} INFO - DAG(s) dict_keys(['latest_only']) retrieved from /home/gmassoqueto/repos/apache-airflow-101/.venv/lib/python3.11/site-packages/airflow/example_dags/example_latest_only.py
[2023-11-14T08:17:38.336-0300] {logging_mixin.py:154} INFO - [2023-11-14T08:17:38.336-0300] {dag.py:2941} INFO - Sync 1 DAGs
[2023-11-14T08:17:38.353-0300] {logging_mixin.py:154} INFO - [2023-11-14T08:17:38.353-0300] {dag.py:3722} INFO - Setting next_dagrun for latest_only to 2023-11-14T07:17:38.353220+00:00, run_after=2023-11-14T11:17:38.353220+00:00
[2023-11-14T08:17:38.371-0300] {processor.py:179} INFO - Processing /home/gmassoqueto/repos/apache-airflow-101/.venv/lib/python3.11/site-packages/airflow/example_dags/example_latest_only.py took 0.061 seconds
