[2023-11-14T07:03:40.007-0300] {processor.py:157} INFO - Started process (PID=284785) to work on /home/gmassoqueto/repos/apache-airflow-101/.venv/lib/python3.11/site-packages/airflow/example_dags/example_dynamic_task_mapping_with_no_taskflow_operators.py
[2023-11-14T07:03:40.008-0300] {processor.py:829} INFO - Processing file /home/gmassoqueto/repos/apache-airflow-101/.venv/lib/python3.11/site-packages/airflow/example_dags/example_dynamic_task_mapping_with_no_taskflow_operators.py for tasks to queue
[2023-11-14T07:03:40.008-0300] {logging_mixin.py:154} INFO - [2023-11-14T07:03:40.008-0300] {dagbag.py:536} INFO - Filling up the DagBag from /home/gmassoqueto/repos/apache-airflow-101/.venv/lib/python3.11/site-packages/airflow/example_dags/example_dynamic_task_mapping_with_no_taskflow_operators.py
[2023-11-14T07:03:40.015-0300] {processor.py:839} INFO - DAG(s) dict_keys(['example_dynamic_task_mapping_with_no_taskflow_operators']) retrieved from /home/gmassoqueto/repos/apache-airflow-101/.venv/lib/python3.11/site-packages/airflow/example_dags/example_dynamic_task_mapping_with_no_taskflow_operators.py
[2023-11-14T07:03:40.021-0300] {logging_mixin.py:154} INFO - [2023-11-14T07:03:40.021-0300] {dag.py:2941} INFO - Sync 1 DAGs
[2023-11-14T07:03:40.038-0300] {logging_mixin.py:154} INFO - [2023-11-14T07:03:40.037-0300] {dag.py:3722} INFO - Setting next_dagrun for example_dynamic_task_mapping_with_no_taskflow_operators to 2023-11-13T10:03:40.037747+00:00, run_after=2023-11-14T10:03:40.037747+00:00
[2023-11-14T07:03:40.074-0300] {processor.py:179} INFO - Processing /home/gmassoqueto/repos/apache-airflow-101/.venv/lib/python3.11/site-packages/airflow/example_dags/example_dynamic_task_mapping_with_no_taskflow_operators.py took 0.070 seconds
[2023-11-14T07:57:35.108-0300] {processor.py:157} INFO - Started process (PID=287251) to work on /home/gmassoqueto/repos/apache-airflow-101/.venv/lib/python3.11/site-packages/airflow/example_dags/example_dynamic_task_mapping_with_no_taskflow_operators.py
[2023-11-14T07:57:35.109-0300] {processor.py:829} INFO - Processing file /home/gmassoqueto/repos/apache-airflow-101/.venv/lib/python3.11/site-packages/airflow/example_dags/example_dynamic_task_mapping_with_no_taskflow_operators.py for tasks to queue
[2023-11-14T07:57:35.110-0300] {logging_mixin.py:154} INFO - [2023-11-14T07:57:35.110-0300] {dagbag.py:536} INFO - Filling up the DagBag from /home/gmassoqueto/repos/apache-airflow-101/.venv/lib/python3.11/site-packages/airflow/example_dags/example_dynamic_task_mapping_with_no_taskflow_operators.py
[2023-11-14T07:57:35.118-0300] {processor.py:839} INFO - DAG(s) dict_keys(['example_dynamic_task_mapping_with_no_taskflow_operators']) retrieved from /home/gmassoqueto/repos/apache-airflow-101/.venv/lib/python3.11/site-packages/airflow/example_dags/example_dynamic_task_mapping_with_no_taskflow_operators.py
[2023-11-14T07:57:35.130-0300] {logging_mixin.py:154} INFO - [2023-11-14T07:57:35.130-0300] {dag.py:2941} INFO - Sync 1 DAGs
[2023-11-14T07:57:35.145-0300] {logging_mixin.py:154} INFO - [2023-11-14T07:57:35.145-0300] {dag.py:3722} INFO - Setting next_dagrun for example_dynamic_task_mapping_with_no_taskflow_operators to 2023-11-13T10:57:35.145539+00:00, run_after=2023-11-14T10:57:35.145539+00:00
[2023-11-14T07:57:35.162-0300] {processor.py:179} INFO - Processing /home/gmassoqueto/repos/apache-airflow-101/.venv/lib/python3.11/site-packages/airflow/example_dags/example_dynamic_task_mapping_with_no_taskflow_operators.py took 0.056 seconds
[2023-11-14T07:58:22.006-0300] {processor.py:157} INFO - Started process (PID=287434) to work on /home/gmassoqueto/repos/apache-airflow-101/.venv/lib/python3.11/site-packages/airflow/example_dags/example_dynamic_task_mapping_with_no_taskflow_operators.py
[2023-11-14T07:58:22.010-0300] {processor.py:829} INFO - Processing file /home/gmassoqueto/repos/apache-airflow-101/.venv/lib/python3.11/site-packages/airflow/example_dags/example_dynamic_task_mapping_with_no_taskflow_operators.py for tasks to queue
[2023-11-14T07:58:22.011-0300] {logging_mixin.py:154} INFO - [2023-11-14T07:58:22.011-0300] {dagbag.py:536} INFO - Filling up the DagBag from /home/gmassoqueto/repos/apache-airflow-101/.venv/lib/python3.11/site-packages/airflow/example_dags/example_dynamic_task_mapping_with_no_taskflow_operators.py
[2023-11-14T07:58:22.019-0300] {processor.py:839} INFO - DAG(s) dict_keys(['example_dynamic_task_mapping_with_no_taskflow_operators']) retrieved from /home/gmassoqueto/repos/apache-airflow-101/.venv/lib/python3.11/site-packages/airflow/example_dags/example_dynamic_task_mapping_with_no_taskflow_operators.py
[2023-11-14T07:58:22.035-0300] {logging_mixin.py:154} INFO - [2023-11-14T07:58:22.035-0300] {dag.py:2941} INFO - Sync 1 DAGs
[2023-11-14T07:58:22.054-0300] {logging_mixin.py:154} INFO - [2023-11-14T07:58:22.054-0300] {dag.py:3722} INFO - Setting next_dagrun for example_dynamic_task_mapping_with_no_taskflow_operators to 2023-11-13T10:58:22.053872+00:00, run_after=2023-11-14T10:58:22.053872+00:00
[2023-11-14T07:58:22.073-0300] {processor.py:179} INFO - Processing /home/gmassoqueto/repos/apache-airflow-101/.venv/lib/python3.11/site-packages/airflow/example_dags/example_dynamic_task_mapping_with_no_taskflow_operators.py took 0.069 seconds
[2023-11-14T07:59:08.187-0300] {processor.py:157} INFO - Started process (PID=287572) to work on /home/gmassoqueto/repos/apache-airflow-101/.venv/lib/python3.11/site-packages/airflow/example_dags/example_dynamic_task_mapping_with_no_taskflow_operators.py
[2023-11-14T07:59:08.191-0300] {processor.py:829} INFO - Processing file /home/gmassoqueto/repos/apache-airflow-101/.venv/lib/python3.11/site-packages/airflow/example_dags/example_dynamic_task_mapping_with_no_taskflow_operators.py for tasks to queue
[2023-11-14T07:59:08.194-0300] {logging_mixin.py:154} INFO - [2023-11-14T07:59:08.193-0300] {dagbag.py:536} INFO - Filling up the DagBag from /home/gmassoqueto/repos/apache-airflow-101/.venv/lib/python3.11/site-packages/airflow/example_dags/example_dynamic_task_mapping_with_no_taskflow_operators.py
[2023-11-14T07:59:08.208-0300] {processor.py:839} INFO - DAG(s) dict_keys(['example_dynamic_task_mapping_with_no_taskflow_operators']) retrieved from /home/gmassoqueto/repos/apache-airflow-101/.venv/lib/python3.11/site-packages/airflow/example_dags/example_dynamic_task_mapping_with_no_taskflow_operators.py
[2023-11-14T07:59:08.226-0300] {logging_mixin.py:154} INFO - [2023-11-14T07:59:08.226-0300] {dag.py:2941} INFO - Sync 1 DAGs
[2023-11-14T07:59:08.246-0300] {logging_mixin.py:154} INFO - [2023-11-14T07:59:08.246-0300] {dag.py:3722} INFO - Setting next_dagrun for example_dynamic_task_mapping_with_no_taskflow_operators to 2023-11-13T10:59:08.245879+00:00, run_after=2023-11-14T10:59:08.245879+00:00
[2023-11-14T07:59:08.267-0300] {processor.py:179} INFO - Processing /home/gmassoqueto/repos/apache-airflow-101/.venv/lib/python3.11/site-packages/airflow/example_dags/example_dynamic_task_mapping_with_no_taskflow_operators.py took 0.085 seconds
[2023-11-14T07:59:59.500-0300] {processor.py:157} INFO - Started process (PID=287682) to work on /home/gmassoqueto/repos/apache-airflow-101/.venv/lib/python3.11/site-packages/airflow/example_dags/example_dynamic_task_mapping_with_no_taskflow_operators.py
[2023-11-14T07:59:59.502-0300] {processor.py:829} INFO - Processing file /home/gmassoqueto/repos/apache-airflow-101/.venv/lib/python3.11/site-packages/airflow/example_dags/example_dynamic_task_mapping_with_no_taskflow_operators.py for tasks to queue
[2023-11-14T07:59:59.503-0300] {logging_mixin.py:154} INFO - [2023-11-14T07:59:59.502-0300] {dagbag.py:536} INFO - Filling up the DagBag from /home/gmassoqueto/repos/apache-airflow-101/.venv/lib/python3.11/site-packages/airflow/example_dags/example_dynamic_task_mapping_with_no_taskflow_operators.py
[2023-11-14T07:59:59.511-0300] {processor.py:839} INFO - DAG(s) dict_keys(['example_dynamic_task_mapping_with_no_taskflow_operators']) retrieved from /home/gmassoqueto/repos/apache-airflow-101/.venv/lib/python3.11/site-packages/airflow/example_dags/example_dynamic_task_mapping_with_no_taskflow_operators.py
[2023-11-14T07:59:59.529-0300] {logging_mixin.py:154} INFO - [2023-11-14T07:59:59.529-0300] {dag.py:2941} INFO - Sync 1 DAGs
[2023-11-14T07:59:59.554-0300] {logging_mixin.py:154} INFO - [2023-11-14T07:59:59.554-0300] {dag.py:3722} INFO - Setting next_dagrun for example_dynamic_task_mapping_with_no_taskflow_operators to 2023-11-13T10:59:59.554509+00:00, run_after=2023-11-14T10:59:59.554509+00:00
[2023-11-14T07:59:59.577-0300] {processor.py:179} INFO - Processing /home/gmassoqueto/repos/apache-airflow-101/.venv/lib/python3.11/site-packages/airflow/example_dags/example_dynamic_task_mapping_with_no_taskflow_operators.py took 0.083 seconds
[2023-11-14T08:00:51.397-0300] {processor.py:157} INFO - Started process (PID=287828) to work on /home/gmassoqueto/repos/apache-airflow-101/.venv/lib/python3.11/site-packages/airflow/example_dags/example_dynamic_task_mapping_with_no_taskflow_operators.py
[2023-11-14T08:00:51.401-0300] {processor.py:829} INFO - Processing file /home/gmassoqueto/repos/apache-airflow-101/.venv/lib/python3.11/site-packages/airflow/example_dags/example_dynamic_task_mapping_with_no_taskflow_operators.py for tasks to queue
[2023-11-14T08:00:51.402-0300] {logging_mixin.py:154} INFO - [2023-11-14T08:00:51.402-0300] {dagbag.py:536} INFO - Filling up the DagBag from /home/gmassoqueto/repos/apache-airflow-101/.venv/lib/python3.11/site-packages/airflow/example_dags/example_dynamic_task_mapping_with_no_taskflow_operators.py
[2023-11-14T08:00:51.413-0300] {processor.py:839} INFO - DAG(s) dict_keys(['example_dynamic_task_mapping_with_no_taskflow_operators']) retrieved from /home/gmassoqueto/repos/apache-airflow-101/.venv/lib/python3.11/site-packages/airflow/example_dags/example_dynamic_task_mapping_with_no_taskflow_operators.py
[2023-11-14T08:00:51.433-0300] {logging_mixin.py:154} INFO - [2023-11-14T08:00:51.433-0300] {dag.py:2941} INFO - Sync 1 DAGs
[2023-11-14T08:00:51.450-0300] {logging_mixin.py:154} INFO - [2023-11-14T08:00:51.450-0300] {dag.py:3722} INFO - Setting next_dagrun for example_dynamic_task_mapping_with_no_taskflow_operators to 2023-11-13T11:00:51.450497+00:00, run_after=2023-11-14T11:00:51.450497+00:00
[2023-11-14T08:00:51.469-0300] {processor.py:179} INFO - Processing /home/gmassoqueto/repos/apache-airflow-101/.venv/lib/python3.11/site-packages/airflow/example_dags/example_dynamic_task_mapping_with_no_taskflow_operators.py took 0.074 seconds
[2023-11-14T08:01:38.086-0300] {processor.py:157} INFO - Started process (PID=288053) to work on /home/gmassoqueto/repos/apache-airflow-101/.venv/lib/python3.11/site-packages/airflow/example_dags/example_dynamic_task_mapping_with_no_taskflow_operators.py
[2023-11-14T08:01:38.087-0300] {processor.py:829} INFO - Processing file /home/gmassoqueto/repos/apache-airflow-101/.venv/lib/python3.11/site-packages/airflow/example_dags/example_dynamic_task_mapping_with_no_taskflow_operators.py for tasks to queue
[2023-11-14T08:01:38.088-0300] {logging_mixin.py:154} INFO - [2023-11-14T08:01:38.087-0300] {dagbag.py:536} INFO - Filling up the DagBag from /home/gmassoqueto/repos/apache-airflow-101/.venv/lib/python3.11/site-packages/airflow/example_dags/example_dynamic_task_mapping_with_no_taskflow_operators.py
[2023-11-14T08:01:38.096-0300] {processor.py:839} INFO - DAG(s) dict_keys(['example_dynamic_task_mapping_with_no_taskflow_operators']) retrieved from /home/gmassoqueto/repos/apache-airflow-101/.venv/lib/python3.11/site-packages/airflow/example_dags/example_dynamic_task_mapping_with_no_taskflow_operators.py
[2023-11-14T08:01:38.112-0300] {logging_mixin.py:154} INFO - [2023-11-14T08:01:38.112-0300] {dag.py:2941} INFO - Sync 1 DAGs
[2023-11-14T08:01:38.130-0300] {logging_mixin.py:154} INFO - [2023-11-14T08:01:38.130-0300] {dag.py:3722} INFO - Setting next_dagrun for example_dynamic_task_mapping_with_no_taskflow_operators to 2023-11-13T11:01:38.130126+00:00, run_after=2023-11-14T11:01:38.130126+00:00
[2023-11-14T08:01:38.145-0300] {processor.py:179} INFO - Processing /home/gmassoqueto/repos/apache-airflow-101/.venv/lib/python3.11/site-packages/airflow/example_dags/example_dynamic_task_mapping_with_no_taskflow_operators.py took 0.062 seconds
[2023-11-14T08:02:26.303-0300] {processor.py:157} INFO - Started process (PID=288166) to work on /home/gmassoqueto/repos/apache-airflow-101/.venv/lib/python3.11/site-packages/airflow/example_dags/example_dynamic_task_mapping_with_no_taskflow_operators.py
[2023-11-14T08:02:26.308-0300] {processor.py:829} INFO - Processing file /home/gmassoqueto/repos/apache-airflow-101/.venv/lib/python3.11/site-packages/airflow/example_dags/example_dynamic_task_mapping_with_no_taskflow_operators.py for tasks to queue
[2023-11-14T08:02:26.310-0300] {logging_mixin.py:154} INFO - [2023-11-14T08:02:26.309-0300] {dagbag.py:536} INFO - Filling up the DagBag from /home/gmassoqueto/repos/apache-airflow-101/.venv/lib/python3.11/site-packages/airflow/example_dags/example_dynamic_task_mapping_with_no_taskflow_operators.py
[2023-11-14T08:02:26.327-0300] {processor.py:839} INFO - DAG(s) dict_keys(['example_dynamic_task_mapping_with_no_taskflow_operators']) retrieved from /home/gmassoqueto/repos/apache-airflow-101/.venv/lib/python3.11/site-packages/airflow/example_dags/example_dynamic_task_mapping_with_no_taskflow_operators.py
[2023-11-14T08:02:26.344-0300] {logging_mixin.py:154} INFO - [2023-11-14T08:02:26.344-0300] {dag.py:2941} INFO - Sync 1 DAGs
[2023-11-14T08:02:26.360-0300] {logging_mixin.py:154} INFO - [2023-11-14T08:02:26.360-0300] {dag.py:3722} INFO - Setting next_dagrun for example_dynamic_task_mapping_with_no_taskflow_operators to 2023-11-13T11:02:26.360213+00:00, run_after=2023-11-14T11:02:26.360213+00:00
[2023-11-14T08:02:26.390-0300] {processor.py:179} INFO - Processing /home/gmassoqueto/repos/apache-airflow-101/.venv/lib/python3.11/site-packages/airflow/example_dags/example_dynamic_task_mapping_with_no_taskflow_operators.py took 0.093 seconds
[2023-11-14T08:03:15.246-0300] {processor.py:157} INFO - Started process (PID=288380) to work on /home/gmassoqueto/repos/apache-airflow-101/.venv/lib/python3.11/site-packages/airflow/example_dags/example_dynamic_task_mapping_with_no_taskflow_operators.py
[2023-11-14T08:03:15.249-0300] {processor.py:829} INFO - Processing file /home/gmassoqueto/repos/apache-airflow-101/.venv/lib/python3.11/site-packages/airflow/example_dags/example_dynamic_task_mapping_with_no_taskflow_operators.py for tasks to queue
[2023-11-14T08:03:15.250-0300] {logging_mixin.py:154} INFO - [2023-11-14T08:03:15.249-0300] {dagbag.py:536} INFO - Filling up the DagBag from /home/gmassoqueto/repos/apache-airflow-101/.venv/lib/python3.11/site-packages/airflow/example_dags/example_dynamic_task_mapping_with_no_taskflow_operators.py
[2023-11-14T08:03:15.255-0300] {processor.py:839} INFO - DAG(s) dict_keys(['example_dynamic_task_mapping_with_no_taskflow_operators']) retrieved from /home/gmassoqueto/repos/apache-airflow-101/.venv/lib/python3.11/site-packages/airflow/example_dags/example_dynamic_task_mapping_with_no_taskflow_operators.py
[2023-11-14T08:03:15.266-0300] {logging_mixin.py:154} INFO - [2023-11-14T08:03:15.266-0300] {dag.py:2941} INFO - Sync 1 DAGs
[2023-11-14T08:03:15.280-0300] {logging_mixin.py:154} INFO - [2023-11-14T08:03:15.280-0300] {dag.py:3722} INFO - Setting next_dagrun for example_dynamic_task_mapping_with_no_taskflow_operators to 2023-11-13T11:03:15.280235+00:00, run_after=2023-11-14T11:03:15.280235+00:00
[2023-11-14T08:03:15.295-0300] {processor.py:179} INFO - Processing /home/gmassoqueto/repos/apache-airflow-101/.venv/lib/python3.11/site-packages/airflow/example_dags/example_dynamic_task_mapping_with_no_taskflow_operators.py took 0.051 seconds
[2023-11-14T08:04:04.625-0300] {processor.py:157} INFO - Started process (PID=288809) to work on /home/gmassoqueto/repos/apache-airflow-101/.venv/lib/python3.11/site-packages/airflow/example_dags/example_dynamic_task_mapping_with_no_taskflow_operators.py
[2023-11-14T08:04:04.629-0300] {processor.py:829} INFO - Processing file /home/gmassoqueto/repos/apache-airflow-101/.venv/lib/python3.11/site-packages/airflow/example_dags/example_dynamic_task_mapping_with_no_taskflow_operators.py for tasks to queue
[2023-11-14T08:04:04.630-0300] {logging_mixin.py:154} INFO - [2023-11-14T08:04:04.630-0300] {dagbag.py:536} INFO - Filling up the DagBag from /home/gmassoqueto/repos/apache-airflow-101/.venv/lib/python3.11/site-packages/airflow/example_dags/example_dynamic_task_mapping_with_no_taskflow_operators.py
[2023-11-14T08:04:04.638-0300] {processor.py:839} INFO - DAG(s) dict_keys(['example_dynamic_task_mapping_with_no_taskflow_operators']) retrieved from /home/gmassoqueto/repos/apache-airflow-101/.venv/lib/python3.11/site-packages/airflow/example_dags/example_dynamic_task_mapping_with_no_taskflow_operators.py
[2023-11-14T08:04:04.650-0300] {logging_mixin.py:154} INFO - [2023-11-14T08:04:04.649-0300] {dag.py:2941} INFO - Sync 1 DAGs
[2023-11-14T08:04:04.664-0300] {logging_mixin.py:154} INFO - [2023-11-14T08:04:04.664-0300] {dag.py:3722} INFO - Setting next_dagrun for example_dynamic_task_mapping_with_no_taskflow_operators to 2023-11-13T11:04:04.664207+00:00, run_after=2023-11-14T11:04:04.664207+00:00
[2023-11-14T08:04:04.681-0300] {processor.py:179} INFO - Processing /home/gmassoqueto/repos/apache-airflow-101/.venv/lib/python3.11/site-packages/airflow/example_dags/example_dynamic_task_mapping_with_no_taskflow_operators.py took 0.058 seconds
[2023-11-14T08:04:56.654-0300] {processor.py:157} INFO - Started process (PID=288977) to work on /home/gmassoqueto/repos/apache-airflow-101/.venv/lib/python3.11/site-packages/airflow/example_dags/example_dynamic_task_mapping_with_no_taskflow_operators.py
[2023-11-14T08:04:56.659-0300] {processor.py:829} INFO - Processing file /home/gmassoqueto/repos/apache-airflow-101/.venv/lib/python3.11/site-packages/airflow/example_dags/example_dynamic_task_mapping_with_no_taskflow_operators.py for tasks to queue
[2023-11-14T08:04:56.661-0300] {logging_mixin.py:154} INFO - [2023-11-14T08:04:56.660-0300] {dagbag.py:536} INFO - Filling up the DagBag from /home/gmassoqueto/repos/apache-airflow-101/.venv/lib/python3.11/site-packages/airflow/example_dags/example_dynamic_task_mapping_with_no_taskflow_operators.py
[2023-11-14T08:04:56.681-0300] {processor.py:839} INFO - DAG(s) dict_keys(['example_dynamic_task_mapping_with_no_taskflow_operators']) retrieved from /home/gmassoqueto/repos/apache-airflow-101/.venv/lib/python3.11/site-packages/airflow/example_dags/example_dynamic_task_mapping_with_no_taskflow_operators.py
[2023-11-14T08:04:56.700-0300] {logging_mixin.py:154} INFO - [2023-11-14T08:04:56.699-0300] {dag.py:2941} INFO - Sync 1 DAGs
[2023-11-14T08:04:56.725-0300] {logging_mixin.py:154} INFO - [2023-11-14T08:04:56.724-0300] {dag.py:3722} INFO - Setting next_dagrun for example_dynamic_task_mapping_with_no_taskflow_operators to 2023-11-13T11:04:56.724612+00:00, run_after=2023-11-14T11:04:56.724612+00:00
[2023-11-14T08:04:56.744-0300] {processor.py:179} INFO - Processing /home/gmassoqueto/repos/apache-airflow-101/.venv/lib/python3.11/site-packages/airflow/example_dags/example_dynamic_task_mapping_with_no_taskflow_operators.py took 0.097 seconds
[2023-11-14T08:05:43.803-0300] {processor.py:157} INFO - Started process (PID=289079) to work on /home/gmassoqueto/repos/apache-airflow-101/.venv/lib/python3.11/site-packages/airflow/example_dags/example_dynamic_task_mapping_with_no_taskflow_operators.py
[2023-11-14T08:05:43.807-0300] {processor.py:829} INFO - Processing file /home/gmassoqueto/repos/apache-airflow-101/.venv/lib/python3.11/site-packages/airflow/example_dags/example_dynamic_task_mapping_with_no_taskflow_operators.py for tasks to queue
[2023-11-14T08:05:43.809-0300] {logging_mixin.py:154} INFO - [2023-11-14T08:05:43.808-0300] {dagbag.py:536} INFO - Filling up the DagBag from /home/gmassoqueto/repos/apache-airflow-101/.venv/lib/python3.11/site-packages/airflow/example_dags/example_dynamic_task_mapping_with_no_taskflow_operators.py
[2023-11-14T08:05:43.822-0300] {processor.py:839} INFO - DAG(s) dict_keys(['example_dynamic_task_mapping_with_no_taskflow_operators']) retrieved from /home/gmassoqueto/repos/apache-airflow-101/.venv/lib/python3.11/site-packages/airflow/example_dags/example_dynamic_task_mapping_with_no_taskflow_operators.py
[2023-11-14T08:05:43.842-0300] {logging_mixin.py:154} INFO - [2023-11-14T08:05:43.842-0300] {dag.py:2941} INFO - Sync 1 DAGs
[2023-11-14T08:05:43.858-0300] {logging_mixin.py:154} INFO - [2023-11-14T08:05:43.858-0300] {dag.py:3722} INFO - Setting next_dagrun for example_dynamic_task_mapping_with_no_taskflow_operators to 2023-11-13T11:05:43.858555+00:00, run_after=2023-11-14T11:05:43.858555+00:00
[2023-11-14T08:05:43.876-0300] {processor.py:179} INFO - Processing /home/gmassoqueto/repos/apache-airflow-101/.venv/lib/python3.11/site-packages/airflow/example_dags/example_dynamic_task_mapping_with_no_taskflow_operators.py took 0.078 seconds
[2023-11-14T08:06:31.043-0300] {processor.py:157} INFO - Started process (PID=289216) to work on /home/gmassoqueto/repos/apache-airflow-101/.venv/lib/python3.11/site-packages/airflow/example_dags/example_dynamic_task_mapping_with_no_taskflow_operators.py
[2023-11-14T08:06:31.047-0300] {processor.py:829} INFO - Processing file /home/gmassoqueto/repos/apache-airflow-101/.venv/lib/python3.11/site-packages/airflow/example_dags/example_dynamic_task_mapping_with_no_taskflow_operators.py for tasks to queue
[2023-11-14T08:06:31.049-0300] {logging_mixin.py:154} INFO - [2023-11-14T08:06:31.048-0300] {dagbag.py:536} INFO - Filling up the DagBag from /home/gmassoqueto/repos/apache-airflow-101/.venv/lib/python3.11/site-packages/airflow/example_dags/example_dynamic_task_mapping_with_no_taskflow_operators.py
[2023-11-14T08:06:31.067-0300] {processor.py:839} INFO - DAG(s) dict_keys(['example_dynamic_task_mapping_with_no_taskflow_operators']) retrieved from /home/gmassoqueto/repos/apache-airflow-101/.venv/lib/python3.11/site-packages/airflow/example_dags/example_dynamic_task_mapping_with_no_taskflow_operators.py
[2023-11-14T08:06:31.090-0300] {logging_mixin.py:154} INFO - [2023-11-14T08:06:31.090-0300] {dag.py:2941} INFO - Sync 1 DAGs
[2023-11-14T08:06:31.107-0300] {logging_mixin.py:154} INFO - [2023-11-14T08:06:31.107-0300] {dag.py:3722} INFO - Setting next_dagrun for example_dynamic_task_mapping_with_no_taskflow_operators to 2023-11-13T11:06:31.107119+00:00, run_after=2023-11-14T11:06:31.107119+00:00
[2023-11-14T08:06:31.123-0300] {processor.py:179} INFO - Processing /home/gmassoqueto/repos/apache-airflow-101/.venv/lib/python3.11/site-packages/airflow/example_dags/example_dynamic_task_mapping_with_no_taskflow_operators.py took 0.083 seconds
[2023-11-14T08:07:20.083-0300] {processor.py:157} INFO - Started process (PID=289383) to work on /home/gmassoqueto/repos/apache-airflow-101/.venv/lib/python3.11/site-packages/airflow/example_dags/example_dynamic_task_mapping_with_no_taskflow_operators.py
[2023-11-14T08:07:20.087-0300] {processor.py:829} INFO - Processing file /home/gmassoqueto/repos/apache-airflow-101/.venv/lib/python3.11/site-packages/airflow/example_dags/example_dynamic_task_mapping_with_no_taskflow_operators.py for tasks to queue
[2023-11-14T08:07:20.087-0300] {logging_mixin.py:154} INFO - [2023-11-14T08:07:20.087-0300] {dagbag.py:536} INFO - Filling up the DagBag from /home/gmassoqueto/repos/apache-airflow-101/.venv/lib/python3.11/site-packages/airflow/example_dags/example_dynamic_task_mapping_with_no_taskflow_operators.py
[2023-11-14T08:07:20.095-0300] {processor.py:839} INFO - DAG(s) dict_keys(['example_dynamic_task_mapping_with_no_taskflow_operators']) retrieved from /home/gmassoqueto/repos/apache-airflow-101/.venv/lib/python3.11/site-packages/airflow/example_dags/example_dynamic_task_mapping_with_no_taskflow_operators.py
[2023-11-14T08:07:20.109-0300] {logging_mixin.py:154} INFO - [2023-11-14T08:07:20.109-0300] {dag.py:2941} INFO - Sync 1 DAGs
[2023-11-14T08:07:20.126-0300] {logging_mixin.py:154} INFO - [2023-11-14T08:07:20.126-0300] {dag.py:3722} INFO - Setting next_dagrun for example_dynamic_task_mapping_with_no_taskflow_operators to 2023-11-13T11:07:20.126463+00:00, run_after=2023-11-14T11:07:20.126463+00:00
[2023-11-14T08:07:20.145-0300] {processor.py:179} INFO - Processing /home/gmassoqueto/repos/apache-airflow-101/.venv/lib/python3.11/site-packages/airflow/example_dags/example_dynamic_task_mapping_with_no_taskflow_operators.py took 0.065 seconds
[2023-11-14T08:08:29.019-0300] {processor.py:157} INFO - Started process (PID=289787) to work on /home/gmassoqueto/repos/apache-airflow-101/.venv/lib/python3.11/site-packages/airflow/example_dags/example_dynamic_task_mapping_with_no_taskflow_operators.py
[2023-11-14T08:08:29.022-0300] {processor.py:829} INFO - Processing file /home/gmassoqueto/repos/apache-airflow-101/.venv/lib/python3.11/site-packages/airflow/example_dags/example_dynamic_task_mapping_with_no_taskflow_operators.py for tasks to queue
[2023-11-14T08:08:29.025-0300] {logging_mixin.py:154} INFO - [2023-11-14T08:08:29.024-0300] {dagbag.py:536} INFO - Filling up the DagBag from /home/gmassoqueto/repos/apache-airflow-101/.venv/lib/python3.11/site-packages/airflow/example_dags/example_dynamic_task_mapping_with_no_taskflow_operators.py
[2023-11-14T08:08:29.041-0300] {processor.py:839} INFO - DAG(s) dict_keys(['example_dynamic_task_mapping_with_no_taskflow_operators']) retrieved from /home/gmassoqueto/repos/apache-airflow-101/.venv/lib/python3.11/site-packages/airflow/example_dags/example_dynamic_task_mapping_with_no_taskflow_operators.py
[2023-11-14T08:08:29.049-0300] {logging_mixin.py:154} INFO - [2023-11-14T08:08:29.049-0300] {dag.py:2941} INFO - Sync 1 DAGs
[2023-11-14T08:08:29.064-0300] {logging_mixin.py:154} INFO - [2023-11-14T08:08:29.064-0300] {dag.py:2963} INFO - Creating ORM DAG for example_dynamic_task_mapping_with_no_taskflow_operators
[2023-11-14T08:08:29.073-0300] {logging_mixin.py:154} INFO - [2023-11-14T08:08:29.073-0300] {dag.py:3722} INFO - Setting next_dagrun for example_dynamic_task_mapping_with_no_taskflow_operators to 2023-11-13T11:08:29.073508+00:00, run_after=2023-11-14T11:08:29.073508+00:00
[2023-11-14T08:08:29.086-0300] {processor.py:179} INFO - Processing /home/gmassoqueto/repos/apache-airflow-101/.venv/lib/python3.11/site-packages/airflow/example_dags/example_dynamic_task_mapping_with_no_taskflow_operators.py took 0.075 seconds
[2023-11-14T08:10:11.360-0300] {processor.py:157} INFO - Started process (PID=290629) to work on /home/gmassoqueto/repos/apache-airflow-101/.venv/lib/python3.11/site-packages/airflow/example_dags/example_dynamic_task_mapping_with_no_taskflow_operators.py
[2023-11-14T08:10:11.364-0300] {processor.py:829} INFO - Processing file /home/gmassoqueto/repos/apache-airflow-101/.venv/lib/python3.11/site-packages/airflow/example_dags/example_dynamic_task_mapping_with_no_taskflow_operators.py for tasks to queue
[2023-11-14T08:10:11.364-0300] {logging_mixin.py:154} INFO - [2023-11-14T08:10:11.364-0300] {dagbag.py:536} INFO - Filling up the DagBag from /home/gmassoqueto/repos/apache-airflow-101/.venv/lib/python3.11/site-packages/airflow/example_dags/example_dynamic_task_mapping_with_no_taskflow_operators.py
[2023-11-14T08:10:11.372-0300] {processor.py:839} INFO - DAG(s) dict_keys(['example_dynamic_task_mapping_with_no_taskflow_operators']) retrieved from /home/gmassoqueto/repos/apache-airflow-101/.venv/lib/python3.11/site-packages/airflow/example_dags/example_dynamic_task_mapping_with_no_taskflow_operators.py
[2023-11-14T08:10:11.386-0300] {logging_mixin.py:154} INFO - [2023-11-14T08:10:11.385-0300] {dag.py:2941} INFO - Sync 1 DAGs
[2023-11-14T08:10:11.403-0300] {logging_mixin.py:154} INFO - [2023-11-14T08:10:11.402-0300] {dag.py:3722} INFO - Setting next_dagrun for example_dynamic_task_mapping_with_no_taskflow_operators to 2023-11-13T11:10:11.402686+00:00, run_after=2023-11-14T11:10:11.402686+00:00
[2023-11-14T08:10:11.526-0300] {processor.py:179} INFO - Processing /home/gmassoqueto/repos/apache-airflow-101/.venv/lib/python3.11/site-packages/airflow/example_dags/example_dynamic_task_mapping_with_no_taskflow_operators.py took 0.168 seconds
[2023-11-14T08:10:58.805-0300] {processor.py:157} INFO - Started process (PID=291124) to work on /home/gmassoqueto/repos/apache-airflow-101/.venv/lib/python3.11/site-packages/airflow/example_dags/example_dynamic_task_mapping_with_no_taskflow_operators.py
[2023-11-14T08:10:58.808-0300] {processor.py:829} INFO - Processing file /home/gmassoqueto/repos/apache-airflow-101/.venv/lib/python3.11/site-packages/airflow/example_dags/example_dynamic_task_mapping_with_no_taskflow_operators.py for tasks to queue
[2023-11-14T08:10:58.809-0300] {logging_mixin.py:154} INFO - [2023-11-14T08:10:58.809-0300] {dagbag.py:536} INFO - Filling up the DagBag from /home/gmassoqueto/repos/apache-airflow-101/.venv/lib/python3.11/site-packages/airflow/example_dags/example_dynamic_task_mapping_with_no_taskflow_operators.py
[2023-11-14T08:10:58.816-0300] {processor.py:839} INFO - DAG(s) dict_keys(['example_dynamic_task_mapping_with_no_taskflow_operators']) retrieved from /home/gmassoqueto/repos/apache-airflow-101/.venv/lib/python3.11/site-packages/airflow/example_dags/example_dynamic_task_mapping_with_no_taskflow_operators.py
[2023-11-14T08:10:58.831-0300] {logging_mixin.py:154} INFO - [2023-11-14T08:10:58.831-0300] {dag.py:2941} INFO - Sync 1 DAGs
[2023-11-14T08:10:58.847-0300] {logging_mixin.py:154} INFO - [2023-11-14T08:10:58.847-0300] {dag.py:3722} INFO - Setting next_dagrun for example_dynamic_task_mapping_with_no_taskflow_operators to 2023-11-13T11:10:58.847560+00:00, run_after=2023-11-14T11:10:58.847560+00:00
[2023-11-14T08:10:58.866-0300] {processor.py:179} INFO - Processing /home/gmassoqueto/repos/apache-airflow-101/.venv/lib/python3.11/site-packages/airflow/example_dags/example_dynamic_task_mapping_with_no_taskflow_operators.py took 0.064 seconds
[2023-11-14T08:11:47.718-0300] {processor.py:157} INFO - Started process (PID=291256) to work on /home/gmassoqueto/repos/apache-airflow-101/.venv/lib/python3.11/site-packages/airflow/example_dags/example_dynamic_task_mapping_with_no_taskflow_operators.py
[2023-11-14T08:11:47.723-0300] {processor.py:829} INFO - Processing file /home/gmassoqueto/repos/apache-airflow-101/.venv/lib/python3.11/site-packages/airflow/example_dags/example_dynamic_task_mapping_with_no_taskflow_operators.py for tasks to queue
[2023-11-14T08:11:47.726-0300] {logging_mixin.py:154} INFO - [2023-11-14T08:11:47.725-0300] {dagbag.py:536} INFO - Filling up the DagBag from /home/gmassoqueto/repos/apache-airflow-101/.venv/lib/python3.11/site-packages/airflow/example_dags/example_dynamic_task_mapping_with_no_taskflow_operators.py
[2023-11-14T08:11:47.745-0300] {processor.py:839} INFO - DAG(s) dict_keys(['example_dynamic_task_mapping_with_no_taskflow_operators']) retrieved from /home/gmassoqueto/repos/apache-airflow-101/.venv/lib/python3.11/site-packages/airflow/example_dags/example_dynamic_task_mapping_with_no_taskflow_operators.py
[2023-11-14T08:11:47.762-0300] {logging_mixin.py:154} INFO - [2023-11-14T08:11:47.762-0300] {dag.py:2941} INFO - Sync 1 DAGs
[2023-11-14T08:11:47.780-0300] {logging_mixin.py:154} INFO - [2023-11-14T08:11:47.780-0300] {dag.py:3722} INFO - Setting next_dagrun for example_dynamic_task_mapping_with_no_taskflow_operators to 2023-11-13T11:11:47.779893+00:00, run_after=2023-11-14T11:11:47.779893+00:00
[2023-11-14T08:11:47.800-0300] {processor.py:179} INFO - Processing /home/gmassoqueto/repos/apache-airflow-101/.venv/lib/python3.11/site-packages/airflow/example_dags/example_dynamic_task_mapping_with_no_taskflow_operators.py took 0.089 seconds
[2023-11-14T08:12:33.783-0300] {processor.py:157} INFO - Started process (PID=291477) to work on /home/gmassoqueto/repos/apache-airflow-101/.venv/lib/python3.11/site-packages/airflow/example_dags/example_dynamic_task_mapping_with_no_taskflow_operators.py
[2023-11-14T08:12:33.787-0300] {processor.py:829} INFO - Processing file /home/gmassoqueto/repos/apache-airflow-101/.venv/lib/python3.11/site-packages/airflow/example_dags/example_dynamic_task_mapping_with_no_taskflow_operators.py for tasks to queue
[2023-11-14T08:12:33.789-0300] {logging_mixin.py:154} INFO - [2023-11-14T08:12:33.789-0300] {dagbag.py:536} INFO - Filling up the DagBag from /home/gmassoqueto/repos/apache-airflow-101/.venv/lib/python3.11/site-packages/airflow/example_dags/example_dynamic_task_mapping_with_no_taskflow_operators.py
[2023-11-14T08:12:33.803-0300] {processor.py:839} INFO - DAG(s) dict_keys(['example_dynamic_task_mapping_with_no_taskflow_operators']) retrieved from /home/gmassoqueto/repos/apache-airflow-101/.venv/lib/python3.11/site-packages/airflow/example_dags/example_dynamic_task_mapping_with_no_taskflow_operators.py
[2023-11-14T08:12:33.816-0300] {logging_mixin.py:154} INFO - [2023-11-14T08:12:33.815-0300] {dag.py:2941} INFO - Sync 1 DAGs
[2023-11-14T08:12:33.838-0300] {logging_mixin.py:154} INFO - [2023-11-14T08:12:33.837-0300] {dag.py:3722} INFO - Setting next_dagrun for example_dynamic_task_mapping_with_no_taskflow_operators to 2023-11-13T11:12:33.837552+00:00, run_after=2023-11-14T11:12:33.837552+00:00
[2023-11-14T08:12:33.865-0300] {processor.py:179} INFO - Processing /home/gmassoqueto/repos/apache-airflow-101/.venv/lib/python3.11/site-packages/airflow/example_dags/example_dynamic_task_mapping_with_no_taskflow_operators.py took 0.087 seconds
[2023-11-14T08:13:20.469-0300] {processor.py:157} INFO - Started process (PID=291611) to work on /home/gmassoqueto/repos/apache-airflow-101/.venv/lib/python3.11/site-packages/airflow/example_dags/example_dynamic_task_mapping_with_no_taskflow_operators.py
[2023-11-14T08:13:20.472-0300] {processor.py:829} INFO - Processing file /home/gmassoqueto/repos/apache-airflow-101/.venv/lib/python3.11/site-packages/airflow/example_dags/example_dynamic_task_mapping_with_no_taskflow_operators.py for tasks to queue
[2023-11-14T08:13:20.473-0300] {logging_mixin.py:154} INFO - [2023-11-14T08:13:20.473-0300] {dagbag.py:536} INFO - Filling up the DagBag from /home/gmassoqueto/repos/apache-airflow-101/.venv/lib/python3.11/site-packages/airflow/example_dags/example_dynamic_task_mapping_with_no_taskflow_operators.py
[2023-11-14T08:13:20.479-0300] {processor.py:839} INFO - DAG(s) dict_keys(['example_dynamic_task_mapping_with_no_taskflow_operators']) retrieved from /home/gmassoqueto/repos/apache-airflow-101/.venv/lib/python3.11/site-packages/airflow/example_dags/example_dynamic_task_mapping_with_no_taskflow_operators.py
[2023-11-14T08:13:20.492-0300] {logging_mixin.py:154} INFO - [2023-11-14T08:13:20.492-0300] {dag.py:2941} INFO - Sync 1 DAGs
[2023-11-14T08:13:20.508-0300] {logging_mixin.py:154} INFO - [2023-11-14T08:13:20.508-0300] {dag.py:3722} INFO - Setting next_dagrun for example_dynamic_task_mapping_with_no_taskflow_operators to 2023-11-13T11:13:20.508121+00:00, run_after=2023-11-14T11:13:20.508121+00:00
[2023-11-14T08:13:20.525-0300] {processor.py:179} INFO - Processing /home/gmassoqueto/repos/apache-airflow-101/.venv/lib/python3.11/site-packages/airflow/example_dags/example_dynamic_task_mapping_with_no_taskflow_operators.py took 0.059 seconds
[2023-11-14T08:14:05.156-0300] {processor.py:157} INFO - Started process (PID=291699) to work on /home/gmassoqueto/repos/apache-airflow-101/.venv/lib/python3.11/site-packages/airflow/example_dags/example_dynamic_task_mapping_with_no_taskflow_operators.py
[2023-11-14T08:14:05.160-0300] {processor.py:829} INFO - Processing file /home/gmassoqueto/repos/apache-airflow-101/.venv/lib/python3.11/site-packages/airflow/example_dags/example_dynamic_task_mapping_with_no_taskflow_operators.py for tasks to queue
[2023-11-14T08:14:05.161-0300] {logging_mixin.py:154} INFO - [2023-11-14T08:14:05.160-0300] {dagbag.py:536} INFO - Filling up the DagBag from /home/gmassoqueto/repos/apache-airflow-101/.venv/lib/python3.11/site-packages/airflow/example_dags/example_dynamic_task_mapping_with_no_taskflow_operators.py
[2023-11-14T08:14:05.167-0300] {processor.py:839} INFO - DAG(s) dict_keys(['example_dynamic_task_mapping_with_no_taskflow_operators']) retrieved from /home/gmassoqueto/repos/apache-airflow-101/.venv/lib/python3.11/site-packages/airflow/example_dags/example_dynamic_task_mapping_with_no_taskflow_operators.py
[2023-11-14T08:14:05.179-0300] {logging_mixin.py:154} INFO - [2023-11-14T08:14:05.179-0300] {dag.py:2941} INFO - Sync 1 DAGs
[2023-11-14T08:14:05.195-0300] {logging_mixin.py:154} INFO - [2023-11-14T08:14:05.195-0300] {dag.py:3722} INFO - Setting next_dagrun for example_dynamic_task_mapping_with_no_taskflow_operators to 2023-11-13T11:14:05.195596+00:00, run_after=2023-11-14T11:14:05.195596+00:00
[2023-11-14T08:14:05.213-0300] {processor.py:179} INFO - Processing /home/gmassoqueto/repos/apache-airflow-101/.venv/lib/python3.11/site-packages/airflow/example_dags/example_dynamic_task_mapping_with_no_taskflow_operators.py took 0.059 seconds
[2023-11-14T08:14:55.463-0300] {processor.py:157} INFO - Started process (PID=291860) to work on /home/gmassoqueto/repos/apache-airflow-101/.venv/lib/python3.11/site-packages/airflow/example_dags/example_dynamic_task_mapping_with_no_taskflow_operators.py
[2023-11-14T08:14:55.467-0300] {processor.py:829} INFO - Processing file /home/gmassoqueto/repos/apache-airflow-101/.venv/lib/python3.11/site-packages/airflow/example_dags/example_dynamic_task_mapping_with_no_taskflow_operators.py for tasks to queue
[2023-11-14T08:14:55.468-0300] {logging_mixin.py:154} INFO - [2023-11-14T08:14:55.467-0300] {dagbag.py:536} INFO - Filling up the DagBag from /home/gmassoqueto/repos/apache-airflow-101/.venv/lib/python3.11/site-packages/airflow/example_dags/example_dynamic_task_mapping_with_no_taskflow_operators.py
[2023-11-14T08:14:55.476-0300] {processor.py:839} INFO - DAG(s) dict_keys(['example_dynamic_task_mapping_with_no_taskflow_operators']) retrieved from /home/gmassoqueto/repos/apache-airflow-101/.venv/lib/python3.11/site-packages/airflow/example_dags/example_dynamic_task_mapping_with_no_taskflow_operators.py
[2023-11-14T08:14:55.489-0300] {logging_mixin.py:154} INFO - [2023-11-14T08:14:55.489-0300] {dag.py:2941} INFO - Sync 1 DAGs
[2023-11-14T08:14:55.506-0300] {logging_mixin.py:154} INFO - [2023-11-14T08:14:55.506-0300] {dag.py:3722} INFO - Setting next_dagrun for example_dynamic_task_mapping_with_no_taskflow_operators to 2023-11-13T11:14:55.506548+00:00, run_after=2023-11-14T11:14:55.506548+00:00
[2023-11-14T08:14:55.524-0300] {processor.py:179} INFO - Processing /home/gmassoqueto/repos/apache-airflow-101/.venv/lib/python3.11/site-packages/airflow/example_dags/example_dynamic_task_mapping_with_no_taskflow_operators.py took 0.065 seconds
[2023-11-14T08:15:43.139-0300] {processor.py:157} INFO - Started process (PID=291947) to work on /home/gmassoqueto/repos/apache-airflow-101/.venv/lib/python3.11/site-packages/airflow/example_dags/example_dynamic_task_mapping_with_no_taskflow_operators.py
[2023-11-14T08:15:43.142-0300] {processor.py:829} INFO - Processing file /home/gmassoqueto/repos/apache-airflow-101/.venv/lib/python3.11/site-packages/airflow/example_dags/example_dynamic_task_mapping_with_no_taskflow_operators.py for tasks to queue
[2023-11-14T08:15:43.143-0300] {logging_mixin.py:154} INFO - [2023-11-14T08:15:43.143-0300] {dagbag.py:536} INFO - Filling up the DagBag from /home/gmassoqueto/repos/apache-airflow-101/.venv/lib/python3.11/site-packages/airflow/example_dags/example_dynamic_task_mapping_with_no_taskflow_operators.py
[2023-11-14T08:15:43.149-0300] {processor.py:839} INFO - DAG(s) dict_keys(['example_dynamic_task_mapping_with_no_taskflow_operators']) retrieved from /home/gmassoqueto/repos/apache-airflow-101/.venv/lib/python3.11/site-packages/airflow/example_dags/example_dynamic_task_mapping_with_no_taskflow_operators.py
[2023-11-14T08:15:43.161-0300] {logging_mixin.py:154} INFO - [2023-11-14T08:15:43.161-0300] {dag.py:2941} INFO - Sync 1 DAGs
[2023-11-14T08:15:43.177-0300] {logging_mixin.py:154} INFO - [2023-11-14T08:15:43.177-0300] {dag.py:3722} INFO - Setting next_dagrun for example_dynamic_task_mapping_with_no_taskflow_operators to 2023-11-13T11:15:43.177190+00:00, run_after=2023-11-14T11:15:43.177190+00:00
[2023-11-14T08:15:43.193-0300] {processor.py:179} INFO - Processing /home/gmassoqueto/repos/apache-airflow-101/.venv/lib/python3.11/site-packages/airflow/example_dags/example_dynamic_task_mapping_with_no_taskflow_operators.py took 0.057 seconds
[2023-11-14T08:16:31.661-0300] {processor.py:157} INFO - Started process (PID=292031) to work on /home/gmassoqueto/repos/apache-airflow-101/.venv/lib/python3.11/site-packages/airflow/example_dags/example_dynamic_task_mapping_with_no_taskflow_operators.py
[2023-11-14T08:16:31.665-0300] {processor.py:829} INFO - Processing file /home/gmassoqueto/repos/apache-airflow-101/.venv/lib/python3.11/site-packages/airflow/example_dags/example_dynamic_task_mapping_with_no_taskflow_operators.py for tasks to queue
[2023-11-14T08:16:31.666-0300] {logging_mixin.py:154} INFO - [2023-11-14T08:16:31.666-0300] {dagbag.py:536} INFO - Filling up the DagBag from /home/gmassoqueto/repos/apache-airflow-101/.venv/lib/python3.11/site-packages/airflow/example_dags/example_dynamic_task_mapping_with_no_taskflow_operators.py
[2023-11-14T08:16:31.672-0300] {processor.py:839} INFO - DAG(s) dict_keys(['example_dynamic_task_mapping_with_no_taskflow_operators']) retrieved from /home/gmassoqueto/repos/apache-airflow-101/.venv/lib/python3.11/site-packages/airflow/example_dags/example_dynamic_task_mapping_with_no_taskflow_operators.py
[2023-11-14T08:16:31.685-0300] {logging_mixin.py:154} INFO - [2023-11-14T08:16:31.685-0300] {dag.py:2941} INFO - Sync 1 DAGs
[2023-11-14T08:16:31.702-0300] {logging_mixin.py:154} INFO - [2023-11-14T08:16:31.701-0300] {dag.py:3722} INFO - Setting next_dagrun for example_dynamic_task_mapping_with_no_taskflow_operators to 2023-11-13T11:16:31.701735+00:00, run_after=2023-11-14T11:16:31.701735+00:00
[2023-11-14T08:16:31.720-0300] {processor.py:179} INFO - Processing /home/gmassoqueto/repos/apache-airflow-101/.venv/lib/python3.11/site-packages/airflow/example_dags/example_dynamic_task_mapping_with_no_taskflow_operators.py took 0.061 seconds
[2023-11-14T08:17:21.897-0300] {processor.py:157} INFO - Started process (PID=292119) to work on /home/gmassoqueto/repos/apache-airflow-101/.venv/lib/python3.11/site-packages/airflow/example_dags/example_dynamic_task_mapping_with_no_taskflow_operators.py
[2023-11-14T08:17:21.900-0300] {processor.py:829} INFO - Processing file /home/gmassoqueto/repos/apache-airflow-101/.venv/lib/python3.11/site-packages/airflow/example_dags/example_dynamic_task_mapping_with_no_taskflow_operators.py for tasks to queue
[2023-11-14T08:17:21.901-0300] {logging_mixin.py:154} INFO - [2023-11-14T08:17:21.901-0300] {dagbag.py:536} INFO - Filling up the DagBag from /home/gmassoqueto/repos/apache-airflow-101/.venv/lib/python3.11/site-packages/airflow/example_dags/example_dynamic_task_mapping_with_no_taskflow_operators.py
[2023-11-14T08:17:21.908-0300] {processor.py:839} INFO - DAG(s) dict_keys(['example_dynamic_task_mapping_with_no_taskflow_operators']) retrieved from /home/gmassoqueto/repos/apache-airflow-101/.venv/lib/python3.11/site-packages/airflow/example_dags/example_dynamic_task_mapping_with_no_taskflow_operators.py
[2023-11-14T08:17:21.922-0300] {logging_mixin.py:154} INFO - [2023-11-14T08:17:21.922-0300] {dag.py:2941} INFO - Sync 1 DAGs
[2023-11-14T08:17:21.939-0300] {logging_mixin.py:154} INFO - [2023-11-14T08:17:21.939-0300] {dag.py:3722} INFO - Setting next_dagrun for example_dynamic_task_mapping_with_no_taskflow_operators to 2023-11-13T11:17:21.939127+00:00, run_after=2023-11-14T11:17:21.939127+00:00
[2023-11-14T08:17:21.955-0300] {processor.py:179} INFO - Processing /home/gmassoqueto/repos/apache-airflow-101/.venv/lib/python3.11/site-packages/airflow/example_dags/example_dynamic_task_mapping_with_no_taskflow_operators.py took 0.061 seconds
[2023-11-14T08:18:09.865-0300] {processor.py:157} INFO - Started process (PID=292230) to work on /home/gmassoqueto/repos/apache-airflow-101/.venv/lib/python3.11/site-packages/airflow/example_dags/example_dynamic_task_mapping_with_no_taskflow_operators.py
[2023-11-14T08:18:09.869-0300] {processor.py:829} INFO - Processing file /home/gmassoqueto/repos/apache-airflow-101/.venv/lib/python3.11/site-packages/airflow/example_dags/example_dynamic_task_mapping_with_no_taskflow_operators.py for tasks to queue
[2023-11-14T08:18:09.870-0300] {logging_mixin.py:154} INFO - [2023-11-14T08:18:09.870-0300] {dagbag.py:536} INFO - Filling up the DagBag from /home/gmassoqueto/repos/apache-airflow-101/.venv/lib/python3.11/site-packages/airflow/example_dags/example_dynamic_task_mapping_with_no_taskflow_operators.py
[2023-11-14T08:18:09.876-0300] {processor.py:839} INFO - DAG(s) dict_keys(['example_dynamic_task_mapping_with_no_taskflow_operators']) retrieved from /home/gmassoqueto/repos/apache-airflow-101/.venv/lib/python3.11/site-packages/airflow/example_dags/example_dynamic_task_mapping_with_no_taskflow_operators.py
[2023-11-14T08:18:09.892-0300] {logging_mixin.py:154} INFO - [2023-11-14T08:18:09.892-0300] {dag.py:2941} INFO - Sync 1 DAGs
[2023-11-14T08:18:09.914-0300] {logging_mixin.py:154} INFO - [2023-11-14T08:18:09.914-0300] {dag.py:3722} INFO - Setting next_dagrun for example_dynamic_task_mapping_with_no_taskflow_operators to 2023-11-13T11:18:09.914547+00:00, run_after=2023-11-14T11:18:09.914547+00:00
[2023-11-14T08:18:09.940-0300] {processor.py:179} INFO - Processing /home/gmassoqueto/repos/apache-airflow-101/.venv/lib/python3.11/site-packages/airflow/example_dags/example_dynamic_task_mapping_with_no_taskflow_operators.py took 0.079 seconds
