[2023-11-14T07:03:57.281-0300] {processor.py:157} INFO - Started process (PID=284817) to work on /home/gmassoqueto/repos/apache-airflow-101/.venv/lib/python3.11/site-packages/airflow/example_dags/example_branch_datetime_operator.py
[2023-11-14T07:03:57.282-0300] {processor.py:829} INFO - Processing file /home/gmassoqueto/repos/apache-airflow-101/.venv/lib/python3.11/site-packages/airflow/example_dags/example_branch_datetime_operator.py for tasks to queue
[2023-11-14T07:03:57.282-0300] {logging_mixin.py:154} INFO - [2023-11-14T07:03:57.282-0300] {dagbag.py:536} INFO - Filling up the DagBag from /home/gmassoqueto/repos/apache-airflow-101/.venv/lib/python3.11/site-packages/airflow/example_dags/example_branch_datetime_operator.py
[2023-11-14T07:03:57.295-0300] {processor.py:839} INFO - DAG(s) dict_keys(['example_branch_datetime_operator_3', 'example_branch_datetime_operator', 'example_branch_datetime_operator_2']) retrieved from /home/gmassoqueto/repos/apache-airflow-101/.venv/lib/python3.11/site-packages/airflow/example_dags/example_branch_datetime_operator.py
[2023-11-14T07:03:57.317-0300] {logging_mixin.py:154} INFO - [2023-11-14T07:03:57.317-0300] {dag.py:2941} INFO - Sync 3 DAGs
[2023-11-14T07:03:57.333-0300] {logging_mixin.py:154} INFO - [2023-11-14T07:03:57.333-0300] {dag.py:3722} INFO - Setting next_dagrun for example_branch_datetime_operator to 2023-11-13T00:00:00+00:00, run_after=2023-11-14T00:00:00+00:00
[2023-11-14T07:03:57.336-0300] {logging_mixin.py:154} INFO - [2023-11-14T07:03:57.336-0300] {dag.py:3722} INFO - Setting next_dagrun for example_branch_datetime_operator_2 to 2023-11-13T00:00:00+00:00, run_after=2023-11-14T00:00:00+00:00
[2023-11-14T07:03:57.338-0300] {logging_mixin.py:154} INFO - [2023-11-14T07:03:57.338-0300] {dag.py:3722} INFO - Setting next_dagrun for example_branch_datetime_operator_3 to 2023-11-13T00:00:00+00:00, run_after=2023-11-14T00:00:00+00:00
[2023-11-14T07:03:57.357-0300] {processor.py:179} INFO - Processing /home/gmassoqueto/repos/apache-airflow-101/.venv/lib/python3.11/site-packages/airflow/example_dags/example_branch_datetime_operator.py took 0.079 seconds
[2023-11-14T07:57:52.405-0300] {processor.py:157} INFO - Started process (PID=287305) to work on /home/gmassoqueto/repos/apache-airflow-101/.venv/lib/python3.11/site-packages/airflow/example_dags/example_branch_datetime_operator.py
[2023-11-14T07:57:52.409-0300] {processor.py:829} INFO - Processing file /home/gmassoqueto/repos/apache-airflow-101/.venv/lib/python3.11/site-packages/airflow/example_dags/example_branch_datetime_operator.py for tasks to queue
[2023-11-14T07:57:52.410-0300] {logging_mixin.py:154} INFO - [2023-11-14T07:57:52.410-0300] {dagbag.py:536} INFO - Filling up the DagBag from /home/gmassoqueto/repos/apache-airflow-101/.venv/lib/python3.11/site-packages/airflow/example_dags/example_branch_datetime_operator.py
[2023-11-14T07:57:52.420-0300] {processor.py:839} INFO - DAG(s) dict_keys(['example_branch_datetime_operator_3', 'example_branch_datetime_operator', 'example_branch_datetime_operator_2']) retrieved from /home/gmassoqueto/repos/apache-airflow-101/.venv/lib/python3.11/site-packages/airflow/example_dags/example_branch_datetime_operator.py
[2023-11-14T07:57:52.439-0300] {logging_mixin.py:154} INFO - [2023-11-14T07:57:52.439-0300] {dag.py:2941} INFO - Sync 3 DAGs
[2023-11-14T07:57:52.455-0300] {logging_mixin.py:154} INFO - [2023-11-14T07:57:52.455-0300] {dag.py:3722} INFO - Setting next_dagrun for example_branch_datetime_operator to 2023-11-13T00:00:00+00:00, run_after=2023-11-14T00:00:00+00:00
[2023-11-14T07:57:52.459-0300] {logging_mixin.py:154} INFO - [2023-11-14T07:57:52.459-0300] {dag.py:3722} INFO - Setting next_dagrun for example_branch_datetime_operator_2 to 2023-11-13T00:00:00+00:00, run_after=2023-11-14T00:00:00+00:00
[2023-11-14T07:57:52.460-0300] {logging_mixin.py:154} INFO - [2023-11-14T07:57:52.460-0300] {dag.py:3722} INFO - Setting next_dagrun for example_branch_datetime_operator_3 to 2023-11-13T00:00:00+00:00, run_after=2023-11-14T00:00:00+00:00
[2023-11-14T07:57:52.476-0300] {processor.py:179} INFO - Processing /home/gmassoqueto/repos/apache-airflow-101/.venv/lib/python3.11/site-packages/airflow/example_dags/example_branch_datetime_operator.py took 0.074 seconds
[2023-11-14T07:58:40.840-0300] {processor.py:157} INFO - Started process (PID=287468) to work on /home/gmassoqueto/repos/apache-airflow-101/.venv/lib/python3.11/site-packages/airflow/example_dags/example_branch_datetime_operator.py
[2023-11-14T07:58:40.845-0300] {processor.py:829} INFO - Processing file /home/gmassoqueto/repos/apache-airflow-101/.venv/lib/python3.11/site-packages/airflow/example_dags/example_branch_datetime_operator.py for tasks to queue
[2023-11-14T07:58:40.847-0300] {logging_mixin.py:154} INFO - [2023-11-14T07:58:40.846-0300] {dagbag.py:536} INFO - Filling up the DagBag from /home/gmassoqueto/repos/apache-airflow-101/.venv/lib/python3.11/site-packages/airflow/example_dags/example_branch_datetime_operator.py
[2023-11-14T07:58:40.877-0300] {processor.py:839} INFO - DAG(s) dict_keys(['example_branch_datetime_operator_3', 'example_branch_datetime_operator_2', 'example_branch_datetime_operator']) retrieved from /home/gmassoqueto/repos/apache-airflow-101/.venv/lib/python3.11/site-packages/airflow/example_dags/example_branch_datetime_operator.py
[2023-11-14T07:58:40.904-0300] {logging_mixin.py:154} INFO - [2023-11-14T07:58:40.904-0300] {dag.py:2941} INFO - Sync 3 DAGs
[2023-11-14T07:58:40.920-0300] {logging_mixin.py:154} INFO - [2023-11-14T07:58:40.920-0300] {dag.py:3722} INFO - Setting next_dagrun for example_branch_datetime_operator to 2023-11-13T00:00:00+00:00, run_after=2023-11-14T00:00:00+00:00
[2023-11-14T07:58:40.923-0300] {logging_mixin.py:154} INFO - [2023-11-14T07:58:40.923-0300] {dag.py:3722} INFO - Setting next_dagrun for example_branch_datetime_operator_2 to 2023-11-13T00:00:00+00:00, run_after=2023-11-14T00:00:00+00:00
[2023-11-14T07:58:40.925-0300] {logging_mixin.py:154} INFO - [2023-11-14T07:58:40.925-0300] {dag.py:3722} INFO - Setting next_dagrun for example_branch_datetime_operator_3 to 2023-11-13T00:00:00+00:00, run_after=2023-11-14T00:00:00+00:00
[2023-11-14T07:58:40.940-0300] {processor.py:179} INFO - Processing /home/gmassoqueto/repos/apache-airflow-101/.venv/lib/python3.11/site-packages/airflow/example_dags/example_branch_datetime_operator.py took 0.102 seconds
[2023-11-14T07:59:28.965-0300] {processor.py:157} INFO - Started process (PID=287614) to work on /home/gmassoqueto/repos/apache-airflow-101/.venv/lib/python3.11/site-packages/airflow/example_dags/example_branch_datetime_operator.py
[2023-11-14T07:59:28.969-0300] {processor.py:829} INFO - Processing file /home/gmassoqueto/repos/apache-airflow-101/.venv/lib/python3.11/site-packages/airflow/example_dags/example_branch_datetime_operator.py for tasks to queue
[2023-11-14T07:59:28.972-0300] {logging_mixin.py:154} INFO - [2023-11-14T07:59:28.971-0300] {dagbag.py:536} INFO - Filling up the DagBag from /home/gmassoqueto/repos/apache-airflow-101/.venv/lib/python3.11/site-packages/airflow/example_dags/example_branch_datetime_operator.py
[2023-11-14T07:59:28.999-0300] {processor.py:839} INFO - DAG(s) dict_keys(['example_branch_datetime_operator_2', 'example_branch_datetime_operator_3', 'example_branch_datetime_operator']) retrieved from /home/gmassoqueto/repos/apache-airflow-101/.venv/lib/python3.11/site-packages/airflow/example_dags/example_branch_datetime_operator.py
[2023-11-14T07:59:29.021-0300] {logging_mixin.py:154} INFO - [2023-11-14T07:59:29.020-0300] {dag.py:2941} INFO - Sync 3 DAGs
[2023-11-14T07:59:29.036-0300] {logging_mixin.py:154} INFO - [2023-11-14T07:59:29.036-0300] {dag.py:3722} INFO - Setting next_dagrun for example_branch_datetime_operator to 2023-11-13T00:00:00+00:00, run_after=2023-11-14T00:00:00+00:00
[2023-11-14T07:59:29.039-0300] {logging_mixin.py:154} INFO - [2023-11-14T07:59:29.039-0300] {dag.py:3722} INFO - Setting next_dagrun for example_branch_datetime_operator_2 to 2023-11-13T00:00:00+00:00, run_after=2023-11-14T00:00:00+00:00
[2023-11-14T07:59:29.041-0300] {logging_mixin.py:154} INFO - [2023-11-14T07:59:29.041-0300] {dag.py:3722} INFO - Setting next_dagrun for example_branch_datetime_operator_3 to 2023-11-13T00:00:00+00:00, run_after=2023-11-14T00:00:00+00:00
[2023-11-14T07:59:29.059-0300] {processor.py:179} INFO - Processing /home/gmassoqueto/repos/apache-airflow-101/.venv/lib/python3.11/site-packages/airflow/example_dags/example_branch_datetime_operator.py took 0.097 seconds
[2023-11-14T08:00:23.772-0300] {processor.py:157} INFO - Started process (PID=287744) to work on /home/gmassoqueto/repos/apache-airflow-101/.venv/lib/python3.11/site-packages/airflow/example_dags/example_branch_datetime_operator.py
[2023-11-14T08:00:23.777-0300] {processor.py:829} INFO - Processing file /home/gmassoqueto/repos/apache-airflow-101/.venv/lib/python3.11/site-packages/airflow/example_dags/example_branch_datetime_operator.py for tasks to queue
[2023-11-14T08:00:23.778-0300] {logging_mixin.py:154} INFO - [2023-11-14T08:00:23.778-0300] {dagbag.py:536} INFO - Filling up the DagBag from /home/gmassoqueto/repos/apache-airflow-101/.venv/lib/python3.11/site-packages/airflow/example_dags/example_branch_datetime_operator.py
[2023-11-14T08:00:23.794-0300] {processor.py:839} INFO - DAG(s) dict_keys(['example_branch_datetime_operator', 'example_branch_datetime_operator_3', 'example_branch_datetime_operator_2']) retrieved from /home/gmassoqueto/repos/apache-airflow-101/.venv/lib/python3.11/site-packages/airflow/example_dags/example_branch_datetime_operator.py
[2023-11-14T08:00:23.820-0300] {logging_mixin.py:154} INFO - [2023-11-14T08:00:23.820-0300] {dag.py:2941} INFO - Sync 3 DAGs
[2023-11-14T08:00:23.844-0300] {logging_mixin.py:154} INFO - [2023-11-14T08:00:23.844-0300] {dag.py:3722} INFO - Setting next_dagrun for example_branch_datetime_operator to 2023-11-13T00:00:00+00:00, run_after=2023-11-14T00:00:00+00:00
[2023-11-14T08:00:23.850-0300] {logging_mixin.py:154} INFO - [2023-11-14T08:00:23.850-0300] {dag.py:3722} INFO - Setting next_dagrun for example_branch_datetime_operator_2 to 2023-11-13T00:00:00+00:00, run_after=2023-11-14T00:00:00+00:00
[2023-11-14T08:00:23.853-0300] {logging_mixin.py:154} INFO - [2023-11-14T08:00:23.853-0300] {dag.py:3722} INFO - Setting next_dagrun for example_branch_datetime_operator_3 to 2023-11-13T00:00:00+00:00, run_after=2023-11-14T00:00:00+00:00
[2023-11-14T08:00:23.873-0300] {processor.py:179} INFO - Processing /home/gmassoqueto/repos/apache-airflow-101/.venv/lib/python3.11/site-packages/airflow/example_dags/example_branch_datetime_operator.py took 0.105 seconds
[2023-11-14T08:01:12.675-0300] {processor.py:157} INFO - Started process (PID=287934) to work on /home/gmassoqueto/repos/apache-airflow-101/.venv/lib/python3.11/site-packages/airflow/example_dags/example_branch_datetime_operator.py
[2023-11-14T08:01:12.675-0300] {processor.py:829} INFO - Processing file /home/gmassoqueto/repos/apache-airflow-101/.venv/lib/python3.11/site-packages/airflow/example_dags/example_branch_datetime_operator.py for tasks to queue
[2023-11-14T08:01:12.676-0300] {logging_mixin.py:154} INFO - [2023-11-14T08:01:12.676-0300] {dagbag.py:536} INFO - Filling up the DagBag from /home/gmassoqueto/repos/apache-airflow-101/.venv/lib/python3.11/site-packages/airflow/example_dags/example_branch_datetime_operator.py
[2023-11-14T08:01:12.685-0300] {processor.py:839} INFO - DAG(s) dict_keys(['example_branch_datetime_operator_2', 'example_branch_datetime_operator', 'example_branch_datetime_operator_3']) retrieved from /home/gmassoqueto/repos/apache-airflow-101/.venv/lib/python3.11/site-packages/airflow/example_dags/example_branch_datetime_operator.py
[2023-11-14T08:01:12.702-0300] {logging_mixin.py:154} INFO - [2023-11-14T08:01:12.702-0300] {dag.py:2941} INFO - Sync 3 DAGs
[2023-11-14T08:01:12.720-0300] {logging_mixin.py:154} INFO - [2023-11-14T08:01:12.719-0300] {dag.py:3722} INFO - Setting next_dagrun for example_branch_datetime_operator to 2023-11-13T00:00:00+00:00, run_after=2023-11-14T00:00:00+00:00
[2023-11-14T08:01:12.727-0300] {logging_mixin.py:154} INFO - [2023-11-14T08:01:12.727-0300] {dag.py:3722} INFO - Setting next_dagrun for example_branch_datetime_operator_2 to 2023-11-13T00:00:00+00:00, run_after=2023-11-14T00:00:00+00:00
[2023-11-14T08:01:12.730-0300] {logging_mixin.py:154} INFO - [2023-11-14T08:01:12.730-0300] {dag.py:3722} INFO - Setting next_dagrun for example_branch_datetime_operator_3 to 2023-11-13T00:00:00+00:00, run_after=2023-11-14T00:00:00+00:00
[2023-11-14T08:01:12.757-0300] {processor.py:179} INFO - Processing /home/gmassoqueto/repos/apache-airflow-101/.venv/lib/python3.11/site-packages/airflow/example_dags/example_branch_datetime_operator.py took 0.084 seconds
[2023-11-14T08:02:02.785-0300] {processor.py:157} INFO - Started process (PID=288088) to work on /home/gmassoqueto/repos/apache-airflow-101/.venv/lib/python3.11/site-packages/airflow/example_dags/example_branch_datetime_operator.py
[2023-11-14T08:02:02.786-0300] {processor.py:829} INFO - Processing file /home/gmassoqueto/repos/apache-airflow-101/.venv/lib/python3.11/site-packages/airflow/example_dags/example_branch_datetime_operator.py for tasks to queue
[2023-11-14T08:02:02.787-0300] {logging_mixin.py:154} INFO - [2023-11-14T08:02:02.786-0300] {dagbag.py:536} INFO - Filling up the DagBag from /home/gmassoqueto/repos/apache-airflow-101/.venv/lib/python3.11/site-packages/airflow/example_dags/example_branch_datetime_operator.py
[2023-11-14T08:02:02.797-0300] {processor.py:839} INFO - DAG(s) dict_keys(['example_branch_datetime_operator_3', 'example_branch_datetime_operator_2', 'example_branch_datetime_operator']) retrieved from /home/gmassoqueto/repos/apache-airflow-101/.venv/lib/python3.11/site-packages/airflow/example_dags/example_branch_datetime_operator.py
[2023-11-14T08:02:02.820-0300] {logging_mixin.py:154} INFO - [2023-11-14T08:02:02.820-0300] {dag.py:2941} INFO - Sync 3 DAGs
[2023-11-14T08:02:02.841-0300] {logging_mixin.py:154} INFO - [2023-11-14T08:02:02.841-0300] {dag.py:3722} INFO - Setting next_dagrun for example_branch_datetime_operator to 2023-11-13T00:00:00+00:00, run_after=2023-11-14T00:00:00+00:00
[2023-11-14T08:02:02.845-0300] {logging_mixin.py:154} INFO - [2023-11-14T08:02:02.845-0300] {dag.py:3722} INFO - Setting next_dagrun for example_branch_datetime_operator_2 to 2023-11-13T00:00:00+00:00, run_after=2023-11-14T00:00:00+00:00
[2023-11-14T08:02:02.848-0300] {logging_mixin.py:154} INFO - [2023-11-14T08:02:02.848-0300] {dag.py:3722} INFO - Setting next_dagrun for example_branch_datetime_operator_3 to 2023-11-13T00:00:00+00:00, run_after=2023-11-14T00:00:00+00:00
[2023-11-14T08:02:02.863-0300] {processor.py:179} INFO - Processing /home/gmassoqueto/repos/apache-airflow-101/.venv/lib/python3.11/site-packages/airflow/example_dags/example_branch_datetime_operator.py took 0.081 seconds
[2023-11-14T08:02:49.338-0300] {processor.py:157} INFO - Started process (PID=288287) to work on /home/gmassoqueto/repos/apache-airflow-101/.venv/lib/python3.11/site-packages/airflow/example_dags/example_branch_datetime_operator.py
[2023-11-14T08:02:49.342-0300] {processor.py:829} INFO - Processing file /home/gmassoqueto/repos/apache-airflow-101/.venv/lib/python3.11/site-packages/airflow/example_dags/example_branch_datetime_operator.py for tasks to queue
[2023-11-14T08:02:49.343-0300] {logging_mixin.py:154} INFO - [2023-11-14T08:02:49.343-0300] {dagbag.py:536} INFO - Filling up the DagBag from /home/gmassoqueto/repos/apache-airflow-101/.venv/lib/python3.11/site-packages/airflow/example_dags/example_branch_datetime_operator.py
[2023-11-14T08:02:49.353-0300] {processor.py:839} INFO - DAG(s) dict_keys(['example_branch_datetime_operator_3', 'example_branch_datetime_operator_2', 'example_branch_datetime_operator']) retrieved from /home/gmassoqueto/repos/apache-airflow-101/.venv/lib/python3.11/site-packages/airflow/example_dags/example_branch_datetime_operator.py
[2023-11-14T08:02:49.371-0300] {logging_mixin.py:154} INFO - [2023-11-14T08:02:49.371-0300] {dag.py:2941} INFO - Sync 3 DAGs
[2023-11-14T08:02:49.397-0300] {logging_mixin.py:154} INFO - [2023-11-14T08:02:49.397-0300] {dag.py:3722} INFO - Setting next_dagrun for example_branch_datetime_operator to 2023-11-13T00:00:00+00:00, run_after=2023-11-14T00:00:00+00:00
[2023-11-14T08:02:49.402-0300] {logging_mixin.py:154} INFO - [2023-11-14T08:02:49.401-0300] {dag.py:3722} INFO - Setting next_dagrun for example_branch_datetime_operator_2 to 2023-11-13T00:00:00+00:00, run_after=2023-11-14T00:00:00+00:00
[2023-11-14T08:02:49.404-0300] {logging_mixin.py:154} INFO - [2023-11-14T08:02:49.404-0300] {dag.py:3722} INFO - Setting next_dagrun for example_branch_datetime_operator_3 to 2023-11-13T00:00:00+00:00, run_after=2023-11-14T00:00:00+00:00
[2023-11-14T08:02:49.425-0300] {processor.py:179} INFO - Processing /home/gmassoqueto/repos/apache-airflow-101/.venv/lib/python3.11/site-packages/airflow/example_dags/example_branch_datetime_operator.py took 0.090 seconds
[2023-11-14T08:03:36.706-0300] {processor.py:157} INFO - Started process (PID=288404) to work on /home/gmassoqueto/repos/apache-airflow-101/.venv/lib/python3.11/site-packages/airflow/example_dags/example_branch_datetime_operator.py
[2023-11-14T08:03:36.711-0300] {processor.py:829} INFO - Processing file /home/gmassoqueto/repos/apache-airflow-101/.venv/lib/python3.11/site-packages/airflow/example_dags/example_branch_datetime_operator.py for tasks to queue
[2023-11-14T08:03:36.713-0300] {logging_mixin.py:154} INFO - [2023-11-14T08:03:36.712-0300] {dagbag.py:536} INFO - Filling up the DagBag from /home/gmassoqueto/repos/apache-airflow-101/.venv/lib/python3.11/site-packages/airflow/example_dags/example_branch_datetime_operator.py
[2023-11-14T08:03:36.731-0300] {processor.py:839} INFO - DAG(s) dict_keys(['example_branch_datetime_operator_2', 'example_branch_datetime_operator_3', 'example_branch_datetime_operator']) retrieved from /home/gmassoqueto/repos/apache-airflow-101/.venv/lib/python3.11/site-packages/airflow/example_dags/example_branch_datetime_operator.py
[2023-11-14T08:03:36.751-0300] {logging_mixin.py:154} INFO - [2023-11-14T08:03:36.751-0300] {dag.py:2941} INFO - Sync 3 DAGs
[2023-11-14T08:03:36.768-0300] {logging_mixin.py:154} INFO - [2023-11-14T08:03:36.768-0300] {dag.py:3722} INFO - Setting next_dagrun for example_branch_datetime_operator to 2023-11-13T00:00:00+00:00, run_after=2023-11-14T00:00:00+00:00
[2023-11-14T08:03:36.771-0300] {logging_mixin.py:154} INFO - [2023-11-14T08:03:36.771-0300] {dag.py:3722} INFO - Setting next_dagrun for example_branch_datetime_operator_2 to 2023-11-13T00:00:00+00:00, run_after=2023-11-14T00:00:00+00:00
[2023-11-14T08:03:36.773-0300] {logging_mixin.py:154} INFO - [2023-11-14T08:03:36.773-0300] {dag.py:3722} INFO - Setting next_dagrun for example_branch_datetime_operator_3 to 2023-11-13T00:00:00+00:00, run_after=2023-11-14T00:00:00+00:00
[2023-11-14T08:03:36.788-0300] {processor.py:179} INFO - Processing /home/gmassoqueto/repos/apache-airflow-101/.venv/lib/python3.11/site-packages/airflow/example_dags/example_branch_datetime_operator.py took 0.090 seconds
[2023-11-14T08:04:27.352-0300] {processor.py:157} INFO - Started process (PID=288876) to work on /home/gmassoqueto/repos/apache-airflow-101/.venv/lib/python3.11/site-packages/airflow/example_dags/example_branch_datetime_operator.py
[2023-11-14T08:04:27.355-0300] {processor.py:829} INFO - Processing file /home/gmassoqueto/repos/apache-airflow-101/.venv/lib/python3.11/site-packages/airflow/example_dags/example_branch_datetime_operator.py for tasks to queue
[2023-11-14T08:04:27.356-0300] {logging_mixin.py:154} INFO - [2023-11-14T08:04:27.356-0300] {dagbag.py:536} INFO - Filling up the DagBag from /home/gmassoqueto/repos/apache-airflow-101/.venv/lib/python3.11/site-packages/airflow/example_dags/example_branch_datetime_operator.py
[2023-11-14T08:04:27.365-0300] {processor.py:839} INFO - DAG(s) dict_keys(['example_branch_datetime_operator_2', 'example_branch_datetime_operator', 'example_branch_datetime_operator_3']) retrieved from /home/gmassoqueto/repos/apache-airflow-101/.venv/lib/python3.11/site-packages/airflow/example_dags/example_branch_datetime_operator.py
[2023-11-14T08:04:27.382-0300] {logging_mixin.py:154} INFO - [2023-11-14T08:04:27.382-0300] {dag.py:2941} INFO - Sync 3 DAGs
[2023-11-14T08:04:27.399-0300] {logging_mixin.py:154} INFO - [2023-11-14T08:04:27.398-0300] {dag.py:3722} INFO - Setting next_dagrun for example_branch_datetime_operator to 2023-11-13T00:00:00+00:00, run_after=2023-11-14T00:00:00+00:00
[2023-11-14T08:04:27.402-0300] {logging_mixin.py:154} INFO - [2023-11-14T08:04:27.401-0300] {dag.py:3722} INFO - Setting next_dagrun for example_branch_datetime_operator_2 to 2023-11-13T00:00:00+00:00, run_after=2023-11-14T00:00:00+00:00
[2023-11-14T08:04:27.403-0300] {logging_mixin.py:154} INFO - [2023-11-14T08:04:27.403-0300] {dag.py:3722} INFO - Setting next_dagrun for example_branch_datetime_operator_3 to 2023-11-13T00:00:00+00:00, run_after=2023-11-14T00:00:00+00:00
[2023-11-14T08:04:27.419-0300] {processor.py:179} INFO - Processing /home/gmassoqueto/repos/apache-airflow-101/.venv/lib/python3.11/site-packages/airflow/example_dags/example_branch_datetime_operator.py took 0.069 seconds
[2023-11-14T08:05:17.105-0300] {processor.py:157} INFO - Started process (PID=289024) to work on /home/gmassoqueto/repos/apache-airflow-101/.venv/lib/python3.11/site-packages/airflow/example_dags/example_branch_datetime_operator.py
[2023-11-14T08:05:17.109-0300] {processor.py:829} INFO - Processing file /home/gmassoqueto/repos/apache-airflow-101/.venv/lib/python3.11/site-packages/airflow/example_dags/example_branch_datetime_operator.py for tasks to queue
[2023-11-14T08:05:17.111-0300] {logging_mixin.py:154} INFO - [2023-11-14T08:05:17.110-0300] {dagbag.py:536} INFO - Filling up the DagBag from /home/gmassoqueto/repos/apache-airflow-101/.venv/lib/python3.11/site-packages/airflow/example_dags/example_branch_datetime_operator.py
[2023-11-14T08:05:17.148-0300] {processor.py:839} INFO - DAG(s) dict_keys(['example_branch_datetime_operator', 'example_branch_datetime_operator_2', 'example_branch_datetime_operator_3']) retrieved from /home/gmassoqueto/repos/apache-airflow-101/.venv/lib/python3.11/site-packages/airflow/example_dags/example_branch_datetime_operator.py
[2023-11-14T08:05:17.177-0300] {logging_mixin.py:154} INFO - [2023-11-14T08:05:17.177-0300] {dag.py:2941} INFO - Sync 3 DAGs
[2023-11-14T08:05:17.200-0300] {logging_mixin.py:154} INFO - [2023-11-14T08:05:17.200-0300] {dag.py:3722} INFO - Setting next_dagrun for example_branch_datetime_operator to 2023-11-13T00:00:00+00:00, run_after=2023-11-14T00:00:00+00:00
[2023-11-14T08:05:17.205-0300] {logging_mixin.py:154} INFO - [2023-11-14T08:05:17.204-0300] {dag.py:3722} INFO - Setting next_dagrun for example_branch_datetime_operator_2 to 2023-11-13T00:00:00+00:00, run_after=2023-11-14T00:00:00+00:00
[2023-11-14T08:05:17.207-0300] {logging_mixin.py:154} INFO - [2023-11-14T08:05:17.207-0300] {dag.py:3722} INFO - Setting next_dagrun for example_branch_datetime_operator_3 to 2023-11-13T00:00:00+00:00, run_after=2023-11-14T00:00:00+00:00
[2023-11-14T08:05:17.227-0300] {processor.py:179} INFO - Processing /home/gmassoqueto/repos/apache-airflow-101/.venv/lib/python3.11/site-packages/airflow/example_dags/example_branch_datetime_operator.py took 0.125 seconds
[2023-11-14T08:06:06.895-0300] {processor.py:157} INFO - Started process (PID=289146) to work on /home/gmassoqueto/repos/apache-airflow-101/.venv/lib/python3.11/site-packages/airflow/example_dags/example_branch_datetime_operator.py
[2023-11-14T08:06:06.898-0300] {processor.py:829} INFO - Processing file /home/gmassoqueto/repos/apache-airflow-101/.venv/lib/python3.11/site-packages/airflow/example_dags/example_branch_datetime_operator.py for tasks to queue
[2023-11-14T08:06:06.899-0300] {logging_mixin.py:154} INFO - [2023-11-14T08:06:06.899-0300] {dagbag.py:536} INFO - Filling up the DagBag from /home/gmassoqueto/repos/apache-airflow-101/.venv/lib/python3.11/site-packages/airflow/example_dags/example_branch_datetime_operator.py
[2023-11-14T08:06:06.906-0300] {processor.py:839} INFO - DAG(s) dict_keys(['example_branch_datetime_operator_3', 'example_branch_datetime_operator', 'example_branch_datetime_operator_2']) retrieved from /home/gmassoqueto/repos/apache-airflow-101/.venv/lib/python3.11/site-packages/airflow/example_dags/example_branch_datetime_operator.py
[2023-11-14T08:06:06.920-0300] {logging_mixin.py:154} INFO - [2023-11-14T08:06:06.920-0300] {dag.py:2941} INFO - Sync 3 DAGs
[2023-11-14T08:06:06.935-0300] {logging_mixin.py:154} INFO - [2023-11-14T08:06:06.935-0300] {dag.py:3722} INFO - Setting next_dagrun for example_branch_datetime_operator to 2023-11-13T00:00:00+00:00, run_after=2023-11-14T00:00:00+00:00
[2023-11-14T08:06:06.938-0300] {logging_mixin.py:154} INFO - [2023-11-14T08:06:06.938-0300] {dag.py:3722} INFO - Setting next_dagrun for example_branch_datetime_operator_2 to 2023-11-13T00:00:00+00:00, run_after=2023-11-14T00:00:00+00:00
[2023-11-14T08:06:06.940-0300] {logging_mixin.py:154} INFO - [2023-11-14T08:06:06.940-0300] {dag.py:3722} INFO - Setting next_dagrun for example_branch_datetime_operator_3 to 2023-11-13T00:00:00+00:00, run_after=2023-11-14T00:00:00+00:00
[2023-11-14T08:06:06.955-0300] {processor.py:179} INFO - Processing /home/gmassoqueto/repos/apache-airflow-101/.venv/lib/python3.11/site-packages/airflow/example_dags/example_branch_datetime_operator.py took 0.062 seconds
[2023-11-14T08:06:54.101-0300] {processor.py:157} INFO - Started process (PID=289280) to work on /home/gmassoqueto/repos/apache-airflow-101/.venv/lib/python3.11/site-packages/airflow/example_dags/example_branch_datetime_operator.py
[2023-11-14T08:06:54.105-0300] {processor.py:829} INFO - Processing file /home/gmassoqueto/repos/apache-airflow-101/.venv/lib/python3.11/site-packages/airflow/example_dags/example_branch_datetime_operator.py for tasks to queue
[2023-11-14T08:06:54.107-0300] {logging_mixin.py:154} INFO - [2023-11-14T08:06:54.106-0300] {dagbag.py:536} INFO - Filling up the DagBag from /home/gmassoqueto/repos/apache-airflow-101/.venv/lib/python3.11/site-packages/airflow/example_dags/example_branch_datetime_operator.py
[2023-11-14T08:06:54.132-0300] {processor.py:839} INFO - DAG(s) dict_keys(['example_branch_datetime_operator_2', 'example_branch_datetime_operator_3', 'example_branch_datetime_operator']) retrieved from /home/gmassoqueto/repos/apache-airflow-101/.venv/lib/python3.11/site-packages/airflow/example_dags/example_branch_datetime_operator.py
[2023-11-14T08:06:54.153-0300] {logging_mixin.py:154} INFO - [2023-11-14T08:06:54.153-0300] {dag.py:2941} INFO - Sync 3 DAGs
[2023-11-14T08:06:54.168-0300] {logging_mixin.py:154} INFO - [2023-11-14T08:06:54.168-0300] {dag.py:3722} INFO - Setting next_dagrun for example_branch_datetime_operator to 2023-11-13T00:00:00+00:00, run_after=2023-11-14T00:00:00+00:00
[2023-11-14T08:06:54.171-0300] {logging_mixin.py:154} INFO - [2023-11-14T08:06:54.171-0300] {dag.py:3722} INFO - Setting next_dagrun for example_branch_datetime_operator_2 to 2023-11-13T00:00:00+00:00, run_after=2023-11-14T00:00:00+00:00
[2023-11-14T08:06:54.174-0300] {logging_mixin.py:154} INFO - [2023-11-14T08:06:54.173-0300] {dag.py:3722} INFO - Setting next_dagrun for example_branch_datetime_operator_3 to 2023-11-13T00:00:00+00:00, run_after=2023-11-14T00:00:00+00:00
[2023-11-14T08:06:54.190-0300] {processor.py:179} INFO - Processing /home/gmassoqueto/repos/apache-airflow-101/.venv/lib/python3.11/site-packages/airflow/example_dags/example_branch_datetime_operator.py took 0.097 seconds
[2023-11-14T08:07:41.979-0300] {processor.py:157} INFO - Started process (PID=289489) to work on /home/gmassoqueto/repos/apache-airflow-101/.venv/lib/python3.11/site-packages/airflow/example_dags/example_branch_datetime_operator.py
[2023-11-14T08:07:41.983-0300] {processor.py:829} INFO - Processing file /home/gmassoqueto/repos/apache-airflow-101/.venv/lib/python3.11/site-packages/airflow/example_dags/example_branch_datetime_operator.py for tasks to queue
[2023-11-14T08:07:41.984-0300] {logging_mixin.py:154} INFO - [2023-11-14T08:07:41.984-0300] {dagbag.py:536} INFO - Filling up the DagBag from /home/gmassoqueto/repos/apache-airflow-101/.venv/lib/python3.11/site-packages/airflow/example_dags/example_branch_datetime_operator.py
[2023-11-14T08:07:41.996-0300] {processor.py:839} INFO - DAG(s) dict_keys(['example_branch_datetime_operator_3', 'example_branch_datetime_operator', 'example_branch_datetime_operator_2']) retrieved from /home/gmassoqueto/repos/apache-airflow-101/.venv/lib/python3.11/site-packages/airflow/example_dags/example_branch_datetime_operator.py
[2023-11-14T08:07:42.019-0300] {logging_mixin.py:154} INFO - [2023-11-14T08:07:42.019-0300] {dag.py:2941} INFO - Sync 3 DAGs
[2023-11-14T08:07:42.041-0300] {logging_mixin.py:154} INFO - [2023-11-14T08:07:42.041-0300] {dag.py:3722} INFO - Setting next_dagrun for example_branch_datetime_operator to 2023-11-13T00:00:00+00:00, run_after=2023-11-14T00:00:00+00:00
[2023-11-14T08:07:42.047-0300] {logging_mixin.py:154} INFO - [2023-11-14T08:07:42.046-0300] {dag.py:3722} INFO - Setting next_dagrun for example_branch_datetime_operator_2 to 2023-11-13T00:00:00+00:00, run_after=2023-11-14T00:00:00+00:00
[2023-11-14T08:07:42.050-0300] {logging_mixin.py:154} INFO - [2023-11-14T08:07:42.050-0300] {dag.py:3722} INFO - Setting next_dagrun for example_branch_datetime_operator_3 to 2023-11-13T00:00:00+00:00, run_after=2023-11-14T00:00:00+00:00
[2023-11-14T08:07:42.069-0300] {processor.py:179} INFO - Processing /home/gmassoqueto/repos/apache-airflow-101/.venv/lib/python3.11/site-packages/airflow/example_dags/example_branch_datetime_operator.py took 0.094 seconds
[2023-11-14T08:08:46.206-0300] {processor.py:157} INFO - Started process (PID=289918) to work on /home/gmassoqueto/repos/apache-airflow-101/.venv/lib/python3.11/site-packages/airflow/example_dags/example_branch_datetime_operator.py
[2023-11-14T08:08:46.210-0300] {processor.py:829} INFO - Processing file /home/gmassoqueto/repos/apache-airflow-101/.venv/lib/python3.11/site-packages/airflow/example_dags/example_branch_datetime_operator.py for tasks to queue
[2023-11-14T08:08:46.212-0300] {logging_mixin.py:154} INFO - [2023-11-14T08:08:46.211-0300] {dagbag.py:536} INFO - Filling up the DagBag from /home/gmassoqueto/repos/apache-airflow-101/.venv/lib/python3.11/site-packages/airflow/example_dags/example_branch_datetime_operator.py
[2023-11-14T08:08:46.228-0300] {processor.py:839} INFO - DAG(s) dict_keys(['example_branch_datetime_operator', 'example_branch_datetime_operator_2', 'example_branch_datetime_operator_3']) retrieved from /home/gmassoqueto/repos/apache-airflow-101/.venv/lib/python3.11/site-packages/airflow/example_dags/example_branch_datetime_operator.py
[2023-11-14T08:08:46.249-0300] {logging_mixin.py:154} INFO - [2023-11-14T08:08:46.248-0300] {dag.py:2941} INFO - Sync 3 DAGs
[2023-11-14T08:08:46.257-0300] {logging_mixin.py:154} INFO - [2023-11-14T08:08:46.257-0300] {dag.py:2963} INFO - Creating ORM DAG for example_branch_datetime_operator
[2023-11-14T08:08:46.257-0300] {logging_mixin.py:154} INFO - [2023-11-14T08:08:46.257-0300] {dag.py:2963} INFO - Creating ORM DAG for example_branch_datetime_operator_3
[2023-11-14T08:08:46.258-0300] {logging_mixin.py:154} INFO - [2023-11-14T08:08:46.258-0300] {dag.py:2963} INFO - Creating ORM DAG for example_branch_datetime_operator_2
[2023-11-14T08:08:46.265-0300] {logging_mixin.py:154} INFO - [2023-11-14T08:08:46.265-0300] {dag.py:3722} INFO - Setting next_dagrun for example_branch_datetime_operator to 2023-11-13T00:00:00+00:00, run_after=2023-11-14T00:00:00+00:00
[2023-11-14T08:08:46.267-0300] {logging_mixin.py:154} INFO - [2023-11-14T08:08:46.267-0300] {dag.py:3722} INFO - Setting next_dagrun for example_branch_datetime_operator_2 to 2023-11-13T00:00:00+00:00, run_after=2023-11-14T00:00:00+00:00
[2023-11-14T08:08:46.268-0300] {logging_mixin.py:154} INFO - [2023-11-14T08:08:46.268-0300] {dag.py:3722} INFO - Setting next_dagrun for example_branch_datetime_operator_3 to 2023-11-13T00:00:00+00:00, run_after=2023-11-14T00:00:00+00:00
[2023-11-14T08:08:46.295-0300] {processor.py:179} INFO - Processing /home/gmassoqueto/repos/apache-airflow-101/.venv/lib/python3.11/site-packages/airflow/example_dags/example_branch_datetime_operator.py took 0.093 seconds
[2023-11-14T08:10:28.924-0300] {processor.py:157} INFO - Started process (PID=290992) to work on /home/gmassoqueto/repos/apache-airflow-101/.venv/lib/python3.11/site-packages/airflow/example_dags/example_branch_datetime_operator.py
[2023-11-14T08:10:28.929-0300] {processor.py:829} INFO - Processing file /home/gmassoqueto/repos/apache-airflow-101/.venv/lib/python3.11/site-packages/airflow/example_dags/example_branch_datetime_operator.py for tasks to queue
[2023-11-14T08:10:28.931-0300] {logging_mixin.py:154} INFO - [2023-11-14T08:10:28.930-0300] {dagbag.py:536} INFO - Filling up the DagBag from /home/gmassoqueto/repos/apache-airflow-101/.venv/lib/python3.11/site-packages/airflow/example_dags/example_branch_datetime_operator.py
[2023-11-14T08:10:28.948-0300] {processor.py:839} INFO - DAG(s) dict_keys(['example_branch_datetime_operator_2', 'example_branch_datetime_operator', 'example_branch_datetime_operator_3']) retrieved from /home/gmassoqueto/repos/apache-airflow-101/.venv/lib/python3.11/site-packages/airflow/example_dags/example_branch_datetime_operator.py
[2023-11-14T08:10:28.968-0300] {logging_mixin.py:154} INFO - [2023-11-14T08:10:28.968-0300] {dag.py:2941} INFO - Sync 3 DAGs
[2023-11-14T08:10:28.985-0300] {logging_mixin.py:154} INFO - [2023-11-14T08:10:28.985-0300] {dag.py:3722} INFO - Setting next_dagrun for example_branch_datetime_operator to 2023-11-13T00:00:00+00:00, run_after=2023-11-14T00:00:00+00:00
[2023-11-14T08:10:28.989-0300] {logging_mixin.py:154} INFO - [2023-11-14T08:10:28.988-0300] {dag.py:3722} INFO - Setting next_dagrun for example_branch_datetime_operator_2 to 2023-11-13T00:00:00+00:00, run_after=2023-11-14T00:00:00+00:00
[2023-11-14T08:10:28.990-0300] {logging_mixin.py:154} INFO - [2023-11-14T08:10:28.990-0300] {dag.py:3722} INFO - Setting next_dagrun for example_branch_datetime_operator_3 to 2023-11-13T00:00:00+00:00, run_after=2023-11-14T00:00:00+00:00
[2023-11-14T08:10:29.006-0300] {processor.py:179} INFO - Processing /home/gmassoqueto/repos/apache-airflow-101/.venv/lib/python3.11/site-packages/airflow/example_dags/example_branch_datetime_operator.py took 0.086 seconds
[2023-11-14T08:11:22.611-0300] {processor.py:157} INFO - Started process (PID=291165) to work on /home/gmassoqueto/repos/apache-airflow-101/.venv/lib/python3.11/site-packages/airflow/example_dags/example_branch_datetime_operator.py
[2023-11-14T08:11:22.616-0300] {processor.py:829} INFO - Processing file /home/gmassoqueto/repos/apache-airflow-101/.venv/lib/python3.11/site-packages/airflow/example_dags/example_branch_datetime_operator.py for tasks to queue
[2023-11-14T08:11:22.619-0300] {logging_mixin.py:154} INFO - [2023-11-14T08:11:22.618-0300] {dagbag.py:536} INFO - Filling up the DagBag from /home/gmassoqueto/repos/apache-airflow-101/.venv/lib/python3.11/site-packages/airflow/example_dags/example_branch_datetime_operator.py
[2023-11-14T08:11:22.643-0300] {processor.py:839} INFO - DAG(s) dict_keys(['example_branch_datetime_operator_2', 'example_branch_datetime_operator_3', 'example_branch_datetime_operator']) retrieved from /home/gmassoqueto/repos/apache-airflow-101/.venv/lib/python3.11/site-packages/airflow/example_dags/example_branch_datetime_operator.py
[2023-11-14T08:11:22.664-0300] {logging_mixin.py:154} INFO - [2023-11-14T08:11:22.663-0300] {dag.py:2941} INFO - Sync 3 DAGs
[2023-11-14T08:11:22.681-0300] {logging_mixin.py:154} INFO - [2023-11-14T08:11:22.681-0300] {dag.py:3722} INFO - Setting next_dagrun for example_branch_datetime_operator to 2023-11-13T00:00:00+00:00, run_after=2023-11-14T00:00:00+00:00
[2023-11-14T08:11:22.684-0300] {logging_mixin.py:154} INFO - [2023-11-14T08:11:22.684-0300] {dag.py:3722} INFO - Setting next_dagrun for example_branch_datetime_operator_2 to 2023-11-13T00:00:00+00:00, run_after=2023-11-14T00:00:00+00:00
[2023-11-14T08:11:22.686-0300] {logging_mixin.py:154} INFO - [2023-11-14T08:11:22.686-0300] {dag.py:3722} INFO - Setting next_dagrun for example_branch_datetime_operator_3 to 2023-11-13T00:00:00+00:00, run_after=2023-11-14T00:00:00+00:00
[2023-11-14T08:11:22.701-0300] {processor.py:179} INFO - Processing /home/gmassoqueto/repos/apache-airflow-101/.venv/lib/python3.11/site-packages/airflow/example_dags/example_branch_datetime_operator.py took 0.097 seconds
[2023-11-14T08:12:08.563-0300] {processor.py:157} INFO - Started process (PID=291310) to work on /home/gmassoqueto/repos/apache-airflow-101/.venv/lib/python3.11/site-packages/airflow/example_dags/example_branch_datetime_operator.py
[2023-11-14T08:12:08.567-0300] {processor.py:829} INFO - Processing file /home/gmassoqueto/repos/apache-airflow-101/.venv/lib/python3.11/site-packages/airflow/example_dags/example_branch_datetime_operator.py for tasks to queue
[2023-11-14T08:12:08.568-0300] {logging_mixin.py:154} INFO - [2023-11-14T08:12:08.567-0300] {dagbag.py:536} INFO - Filling up the DagBag from /home/gmassoqueto/repos/apache-airflow-101/.venv/lib/python3.11/site-packages/airflow/example_dags/example_branch_datetime_operator.py
[2023-11-14T08:12:08.582-0300] {processor.py:839} INFO - DAG(s) dict_keys(['example_branch_datetime_operator_2', 'example_branch_datetime_operator_3', 'example_branch_datetime_operator']) retrieved from /home/gmassoqueto/repos/apache-airflow-101/.venv/lib/python3.11/site-packages/airflow/example_dags/example_branch_datetime_operator.py
[2023-11-14T08:12:08.593-0300] {logging_mixin.py:154} INFO - [2023-11-14T08:12:08.593-0300] {dag.py:2941} INFO - Sync 3 DAGs
[2023-11-14T08:12:08.615-0300] {logging_mixin.py:154} INFO - [2023-11-14T08:12:08.614-0300] {dag.py:3722} INFO - Setting next_dagrun for example_branch_datetime_operator to 2023-11-13T00:00:00+00:00, run_after=2023-11-14T00:00:00+00:00
[2023-11-14T08:12:08.618-0300] {logging_mixin.py:154} INFO - [2023-11-14T08:12:08.618-0300] {dag.py:3722} INFO - Setting next_dagrun for example_branch_datetime_operator_2 to 2023-11-13T00:00:00+00:00, run_after=2023-11-14T00:00:00+00:00
[2023-11-14T08:12:08.620-0300] {logging_mixin.py:154} INFO - [2023-11-14T08:12:08.620-0300] {dag.py:3722} INFO - Setting next_dagrun for example_branch_datetime_operator_3 to 2023-11-13T00:00:00+00:00, run_after=2023-11-14T00:00:00+00:00
[2023-11-14T08:12:08.635-0300] {processor.py:179} INFO - Processing /home/gmassoqueto/repos/apache-airflow-101/.venv/lib/python3.11/site-packages/airflow/example_dags/example_branch_datetime_operator.py took 0.074 seconds
[2023-11-14T08:12:54.060-0300] {processor.py:157} INFO - Started process (PID=291568) to work on /home/gmassoqueto/repos/apache-airflow-101/.venv/lib/python3.11/site-packages/airflow/example_dags/example_branch_datetime_operator.py
[2023-11-14T08:12:54.065-0300] {processor.py:829} INFO - Processing file /home/gmassoqueto/repos/apache-airflow-101/.venv/lib/python3.11/site-packages/airflow/example_dags/example_branch_datetime_operator.py for tasks to queue
[2023-11-14T08:12:54.067-0300] {logging_mixin.py:154} INFO - [2023-11-14T08:12:54.066-0300] {dagbag.py:536} INFO - Filling up the DagBag from /home/gmassoqueto/repos/apache-airflow-101/.venv/lib/python3.11/site-packages/airflow/example_dags/example_branch_datetime_operator.py
[2023-11-14T08:12:54.093-0300] {processor.py:839} INFO - DAG(s) dict_keys(['example_branch_datetime_operator_2', 'example_branch_datetime_operator', 'example_branch_datetime_operator_3']) retrieved from /home/gmassoqueto/repos/apache-airflow-101/.venv/lib/python3.11/site-packages/airflow/example_dags/example_branch_datetime_operator.py
[2023-11-14T08:12:54.115-0300] {logging_mixin.py:154} INFO - [2023-11-14T08:12:54.115-0300] {dag.py:2941} INFO - Sync 3 DAGs
[2023-11-14T08:12:54.130-0300] {logging_mixin.py:154} INFO - [2023-11-14T08:12:54.130-0300] {dag.py:3722} INFO - Setting next_dagrun for example_branch_datetime_operator to 2023-11-13T00:00:00+00:00, run_after=2023-11-14T00:00:00+00:00
[2023-11-14T08:12:54.134-0300] {logging_mixin.py:154} INFO - [2023-11-14T08:12:54.134-0300] {dag.py:3722} INFO - Setting next_dagrun for example_branch_datetime_operator_2 to 2023-11-13T00:00:00+00:00, run_after=2023-11-14T00:00:00+00:00
[2023-11-14T08:12:54.136-0300] {logging_mixin.py:154} INFO - [2023-11-14T08:12:54.136-0300] {dag.py:3722} INFO - Setting next_dagrun for example_branch_datetime_operator_3 to 2023-11-13T00:00:00+00:00, run_after=2023-11-14T00:00:00+00:00
[2023-11-14T08:12:54.151-0300] {processor.py:179} INFO - Processing /home/gmassoqueto/repos/apache-airflow-101/.venv/lib/python3.11/site-packages/airflow/example_dags/example_branch_datetime_operator.py took 0.093 seconds
[2023-11-14T08:13:41.331-0300] {processor.py:157} INFO - Started process (PID=291651) to work on /home/gmassoqueto/repos/apache-airflow-101/.venv/lib/python3.11/site-packages/airflow/example_dags/example_branch_datetime_operator.py
[2023-11-14T08:13:41.332-0300] {processor.py:829} INFO - Processing file /home/gmassoqueto/repos/apache-airflow-101/.venv/lib/python3.11/site-packages/airflow/example_dags/example_branch_datetime_operator.py for tasks to queue
[2023-11-14T08:13:41.333-0300] {logging_mixin.py:154} INFO - [2023-11-14T08:13:41.333-0300] {dagbag.py:536} INFO - Filling up the DagBag from /home/gmassoqueto/repos/apache-airflow-101/.venv/lib/python3.11/site-packages/airflow/example_dags/example_branch_datetime_operator.py
[2023-11-14T08:13:41.344-0300] {processor.py:839} INFO - DAG(s) dict_keys(['example_branch_datetime_operator_3', 'example_branch_datetime_operator_2', 'example_branch_datetime_operator']) retrieved from /home/gmassoqueto/repos/apache-airflow-101/.venv/lib/python3.11/site-packages/airflow/example_dags/example_branch_datetime_operator.py
[2023-11-14T08:13:41.363-0300] {logging_mixin.py:154} INFO - [2023-11-14T08:13:41.363-0300] {dag.py:2941} INFO - Sync 3 DAGs
[2023-11-14T08:13:41.378-0300] {logging_mixin.py:154} INFO - [2023-11-14T08:13:41.378-0300] {dag.py:3722} INFO - Setting next_dagrun for example_branch_datetime_operator to 2023-11-13T00:00:00+00:00, run_after=2023-11-14T00:00:00+00:00
[2023-11-14T08:13:41.381-0300] {logging_mixin.py:154} INFO - [2023-11-14T08:13:41.381-0300] {dag.py:3722} INFO - Setting next_dagrun for example_branch_datetime_operator_2 to 2023-11-13T00:00:00+00:00, run_after=2023-11-14T00:00:00+00:00
[2023-11-14T08:13:41.383-0300] {logging_mixin.py:154} INFO - [2023-11-14T08:13:41.382-0300] {dag.py:3722} INFO - Setting next_dagrun for example_branch_datetime_operator_3 to 2023-11-13T00:00:00+00:00, run_after=2023-11-14T00:00:00+00:00
[2023-11-14T08:13:41.396-0300] {processor.py:179} INFO - Processing /home/gmassoqueto/repos/apache-airflow-101/.venv/lib/python3.11/site-packages/airflow/example_dags/example_branch_datetime_operator.py took 0.068 seconds
[2023-11-14T08:14:29.354-0300] {processor.py:157} INFO - Started process (PID=291766) to work on /home/gmassoqueto/repos/apache-airflow-101/.venv/lib/python3.11/site-packages/airflow/example_dags/example_branch_datetime_operator.py
[2023-11-14T08:14:29.358-0300] {processor.py:829} INFO - Processing file /home/gmassoqueto/repos/apache-airflow-101/.venv/lib/python3.11/site-packages/airflow/example_dags/example_branch_datetime_operator.py for tasks to queue
[2023-11-14T08:14:29.360-0300] {logging_mixin.py:154} INFO - [2023-11-14T08:14:29.359-0300] {dagbag.py:536} INFO - Filling up the DagBag from /home/gmassoqueto/repos/apache-airflow-101/.venv/lib/python3.11/site-packages/airflow/example_dags/example_branch_datetime_operator.py
[2023-11-14T08:14:29.384-0300] {processor.py:839} INFO - DAG(s) dict_keys(['example_branch_datetime_operator', 'example_branch_datetime_operator_3', 'example_branch_datetime_operator_2']) retrieved from /home/gmassoqueto/repos/apache-airflow-101/.venv/lib/python3.11/site-packages/airflow/example_dags/example_branch_datetime_operator.py
[2023-11-14T08:14:29.406-0300] {logging_mixin.py:154} INFO - [2023-11-14T08:14:29.406-0300] {dag.py:2941} INFO - Sync 3 DAGs
[2023-11-14T08:14:29.422-0300] {logging_mixin.py:154} INFO - [2023-11-14T08:14:29.422-0300] {dag.py:3722} INFO - Setting next_dagrun for example_branch_datetime_operator to 2023-11-13T00:00:00+00:00, run_after=2023-11-14T00:00:00+00:00
[2023-11-14T08:14:29.425-0300] {logging_mixin.py:154} INFO - [2023-11-14T08:14:29.425-0300] {dag.py:3722} INFO - Setting next_dagrun for example_branch_datetime_operator_2 to 2023-11-13T00:00:00+00:00, run_after=2023-11-14T00:00:00+00:00
[2023-11-14T08:14:29.427-0300] {logging_mixin.py:154} INFO - [2023-11-14T08:14:29.427-0300] {dag.py:3722} INFO - Setting next_dagrun for example_branch_datetime_operator_3 to 2023-11-13T00:00:00+00:00, run_after=2023-11-14T00:00:00+00:00
[2023-11-14T08:14:29.443-0300] {processor.py:179} INFO - Processing /home/gmassoqueto/repos/apache-airflow-101/.venv/lib/python3.11/site-packages/airflow/example_dags/example_branch_datetime_operator.py took 0.096 seconds
[2023-11-14T08:15:16.175-0300] {processor.py:157} INFO - Started process (PID=291899) to work on /home/gmassoqueto/repos/apache-airflow-101/.venv/lib/python3.11/site-packages/airflow/example_dags/example_branch_datetime_operator.py
[2023-11-14T08:15:16.176-0300] {processor.py:829} INFO - Processing file /home/gmassoqueto/repos/apache-airflow-101/.venv/lib/python3.11/site-packages/airflow/example_dags/example_branch_datetime_operator.py for tasks to queue
[2023-11-14T08:15:16.176-0300] {logging_mixin.py:154} INFO - [2023-11-14T08:15:16.176-0300] {dagbag.py:536} INFO - Filling up the DagBag from /home/gmassoqueto/repos/apache-airflow-101/.venv/lib/python3.11/site-packages/airflow/example_dags/example_branch_datetime_operator.py
[2023-11-14T08:15:16.182-0300] {processor.py:839} INFO - DAG(s) dict_keys(['example_branch_datetime_operator_2', 'example_branch_datetime_operator', 'example_branch_datetime_operator_3']) retrieved from /home/gmassoqueto/repos/apache-airflow-101/.venv/lib/python3.11/site-packages/airflow/example_dags/example_branch_datetime_operator.py
[2023-11-14T08:15:16.196-0300] {logging_mixin.py:154} INFO - [2023-11-14T08:15:16.196-0300] {dag.py:2941} INFO - Sync 3 DAGs
[2023-11-14T08:15:16.209-0300] {logging_mixin.py:154} INFO - [2023-11-14T08:15:16.209-0300] {dag.py:3722} INFO - Setting next_dagrun for example_branch_datetime_operator to 2023-11-13T00:00:00+00:00, run_after=2023-11-14T00:00:00+00:00
[2023-11-14T08:15:16.212-0300] {logging_mixin.py:154} INFO - [2023-11-14T08:15:16.212-0300] {dag.py:3722} INFO - Setting next_dagrun for example_branch_datetime_operator_2 to 2023-11-13T00:00:00+00:00, run_after=2023-11-14T00:00:00+00:00
[2023-11-14T08:15:16.214-0300] {logging_mixin.py:154} INFO - [2023-11-14T08:15:16.214-0300] {dag.py:3722} INFO - Setting next_dagrun for example_branch_datetime_operator_3 to 2023-11-13T00:00:00+00:00, run_after=2023-11-14T00:00:00+00:00
[2023-11-14T08:15:16.228-0300] {processor.py:179} INFO - Processing /home/gmassoqueto/repos/apache-airflow-101/.venv/lib/python3.11/site-packages/airflow/example_dags/example_branch_datetime_operator.py took 0.054 seconds
[2023-11-14T08:16:04.771-0300] {processor.py:157} INFO - Started process (PID=291987) to work on /home/gmassoqueto/repos/apache-airflow-101/.venv/lib/python3.11/site-packages/airflow/example_dags/example_branch_datetime_operator.py
[2023-11-14T08:16:04.776-0300] {processor.py:829} INFO - Processing file /home/gmassoqueto/repos/apache-airflow-101/.venv/lib/python3.11/site-packages/airflow/example_dags/example_branch_datetime_operator.py for tasks to queue
[2023-11-14T08:16:04.777-0300] {logging_mixin.py:154} INFO - [2023-11-14T08:16:04.776-0300] {dagbag.py:536} INFO - Filling up the DagBag from /home/gmassoqueto/repos/apache-airflow-101/.venv/lib/python3.11/site-packages/airflow/example_dags/example_branch_datetime_operator.py
[2023-11-14T08:16:04.795-0300] {processor.py:839} INFO - DAG(s) dict_keys(['example_branch_datetime_operator_2', 'example_branch_datetime_operator', 'example_branch_datetime_operator_3']) retrieved from /home/gmassoqueto/repos/apache-airflow-101/.venv/lib/python3.11/site-packages/airflow/example_dags/example_branch_datetime_operator.py
[2023-11-14T08:16:04.819-0300] {logging_mixin.py:154} INFO - [2023-11-14T08:16:04.819-0300] {dag.py:2941} INFO - Sync 3 DAGs
[2023-11-14T08:16:04.834-0300] {logging_mixin.py:154} INFO - [2023-11-14T08:16:04.834-0300] {dag.py:3722} INFO - Setting next_dagrun for example_branch_datetime_operator to 2023-11-13T00:00:00+00:00, run_after=2023-11-14T00:00:00+00:00
[2023-11-14T08:16:04.837-0300] {logging_mixin.py:154} INFO - [2023-11-14T08:16:04.837-0300] {dag.py:3722} INFO - Setting next_dagrun for example_branch_datetime_operator_2 to 2023-11-13T00:00:00+00:00, run_after=2023-11-14T00:00:00+00:00
[2023-11-14T08:16:04.839-0300] {logging_mixin.py:154} INFO - [2023-11-14T08:16:04.839-0300] {dag.py:3722} INFO - Setting next_dagrun for example_branch_datetime_operator_3 to 2023-11-13T00:00:00+00:00, run_after=2023-11-14T00:00:00+00:00
[2023-11-14T08:16:04.854-0300] {processor.py:179} INFO - Processing /home/gmassoqueto/repos/apache-airflow-101/.venv/lib/python3.11/site-packages/airflow/example_dags/example_branch_datetime_operator.py took 0.087 seconds
[2023-11-14T08:16:53.949-0300] {processor.py:157} INFO - Started process (PID=292068) to work on /home/gmassoqueto/repos/apache-airflow-101/.venv/lib/python3.11/site-packages/airflow/example_dags/example_branch_datetime_operator.py
[2023-11-14T08:16:53.952-0300] {processor.py:829} INFO - Processing file /home/gmassoqueto/repos/apache-airflow-101/.venv/lib/python3.11/site-packages/airflow/example_dags/example_branch_datetime_operator.py for tasks to queue
[2023-11-14T08:16:53.953-0300] {logging_mixin.py:154} INFO - [2023-11-14T08:16:53.953-0300] {dagbag.py:536} INFO - Filling up the DagBag from /home/gmassoqueto/repos/apache-airflow-101/.venv/lib/python3.11/site-packages/airflow/example_dags/example_branch_datetime_operator.py
[2023-11-14T08:16:53.971-0300] {processor.py:839} INFO - DAG(s) dict_keys(['example_branch_datetime_operator_3', 'example_branch_datetime_operator', 'example_branch_datetime_operator_2']) retrieved from /home/gmassoqueto/repos/apache-airflow-101/.venv/lib/python3.11/site-packages/airflow/example_dags/example_branch_datetime_operator.py
[2023-11-14T08:16:53.999-0300] {logging_mixin.py:154} INFO - [2023-11-14T08:16:53.999-0300] {dag.py:2941} INFO - Sync 3 DAGs
[2023-11-14T08:16:54.014-0300] {logging_mixin.py:154} INFO - [2023-11-14T08:16:54.014-0300] {dag.py:3722} INFO - Setting next_dagrun for example_branch_datetime_operator to 2023-11-13T00:00:00+00:00, run_after=2023-11-14T00:00:00+00:00
[2023-11-14T08:16:54.017-0300] {logging_mixin.py:154} INFO - [2023-11-14T08:16:54.017-0300] {dag.py:3722} INFO - Setting next_dagrun for example_branch_datetime_operator_2 to 2023-11-13T00:00:00+00:00, run_after=2023-11-14T00:00:00+00:00
[2023-11-14T08:16:54.019-0300] {logging_mixin.py:154} INFO - [2023-11-14T08:16:54.018-0300] {dag.py:3722} INFO - Setting next_dagrun for example_branch_datetime_operator_3 to 2023-11-13T00:00:00+00:00, run_after=2023-11-14T00:00:00+00:00
[2023-11-14T08:16:54.034-0300] {processor.py:179} INFO - Processing /home/gmassoqueto/repos/apache-airflow-101/.venv/lib/python3.11/site-packages/airflow/example_dags/example_branch_datetime_operator.py took 0.088 seconds
[2023-11-14T08:17:43.439-0300] {processor.py:157} INFO - Started process (PID=292167) to work on /home/gmassoqueto/repos/apache-airflow-101/.venv/lib/python3.11/site-packages/airflow/example_dags/example_branch_datetime_operator.py
[2023-11-14T08:17:43.444-0300] {processor.py:829} INFO - Processing file /home/gmassoqueto/repos/apache-airflow-101/.venv/lib/python3.11/site-packages/airflow/example_dags/example_branch_datetime_operator.py for tasks to queue
[2023-11-14T08:17:43.446-0300] {logging_mixin.py:154} INFO - [2023-11-14T08:17:43.445-0300] {dagbag.py:536} INFO - Filling up the DagBag from /home/gmassoqueto/repos/apache-airflow-101/.venv/lib/python3.11/site-packages/airflow/example_dags/example_branch_datetime_operator.py
[2023-11-14T08:17:43.469-0300] {processor.py:839} INFO - DAG(s) dict_keys(['example_branch_datetime_operator_2', 'example_branch_datetime_operator', 'example_branch_datetime_operator_3']) retrieved from /home/gmassoqueto/repos/apache-airflow-101/.venv/lib/python3.11/site-packages/airflow/example_dags/example_branch_datetime_operator.py
[2023-11-14T08:17:43.491-0300] {logging_mixin.py:154} INFO - [2023-11-14T08:17:43.491-0300] {dag.py:2941} INFO - Sync 3 DAGs
[2023-11-14T08:17:43.506-0300] {logging_mixin.py:154} INFO - [2023-11-14T08:17:43.506-0300] {dag.py:3722} INFO - Setting next_dagrun for example_branch_datetime_operator to 2023-11-13T00:00:00+00:00, run_after=2023-11-14T00:00:00+00:00
[2023-11-14T08:17:43.509-0300] {logging_mixin.py:154} INFO - [2023-11-14T08:17:43.509-0300] {dag.py:3722} INFO - Setting next_dagrun for example_branch_datetime_operator_2 to 2023-11-13T00:00:00+00:00, run_after=2023-11-14T00:00:00+00:00
[2023-11-14T08:17:43.511-0300] {logging_mixin.py:154} INFO - [2023-11-14T08:17:43.511-0300] {dag.py:3722} INFO - Setting next_dagrun for example_branch_datetime_operator_3 to 2023-11-13T00:00:00+00:00, run_after=2023-11-14T00:00:00+00:00
[2023-11-14T08:17:43.525-0300] {processor.py:179} INFO - Processing /home/gmassoqueto/repos/apache-airflow-101/.venv/lib/python3.11/site-packages/airflow/example_dags/example_branch_datetime_operator.py took 0.092 seconds
