[2023-11-14T07:03:54.573-0300] {processor.py:157} INFO - Started process (PID=284813) to work on /home/gmassoqueto/repos/apache-airflow-101/.venv/lib/python3.11/site-packages/airflow/example_dags/example_branch_operator_decorator.py
[2023-11-14T07:03:54.574-0300] {processor.py:829} INFO - Processing file /home/gmassoqueto/repos/apache-airflow-101/.venv/lib/python3.11/site-packages/airflow/example_dags/example_branch_operator_decorator.py for tasks to queue
[2023-11-14T07:03:54.576-0300] {logging_mixin.py:154} INFO - [2023-11-14T07:03:54.575-0300] {dagbag.py:536} INFO - Filling up the DagBag from /home/gmassoqueto/repos/apache-airflow-101/.venv/lib/python3.11/site-packages/airflow/example_dags/example_branch_operator_decorator.py
[2023-11-14T07:03:54.599-0300] {processor.py:839} INFO - DAG(s) dict_keys(['example_branch_python_operator_decorator']) retrieved from /home/gmassoqueto/repos/apache-airflow-101/.venv/lib/python3.11/site-packages/airflow/example_dags/example_branch_operator_decorator.py
[2023-11-14T07:03:54.616-0300] {logging_mixin.py:154} INFO - [2023-11-14T07:03:54.616-0300] {dag.py:2941} INFO - Sync 1 DAGs
[2023-11-14T07:03:54.631-0300] {logging_mixin.py:154} INFO - [2023-11-14T07:03:54.631-0300] {dag.py:3722} INFO - Setting next_dagrun for example_branch_python_operator_decorator to 2023-11-13T00:00:00+00:00, run_after=2023-11-14T00:00:00+00:00
[2023-11-14T07:03:54.645-0300] {processor.py:179} INFO - Processing /home/gmassoqueto/repos/apache-airflow-101/.venv/lib/python3.11/site-packages/airflow/example_dags/example_branch_operator_decorator.py took 0.079 seconds
[2023-11-14T07:57:49.657-0300] {processor.py:157} INFO - Started process (PID=287297) to work on /home/gmassoqueto/repos/apache-airflow-101/.venv/lib/python3.11/site-packages/airflow/example_dags/example_branch_operator_decorator.py
[2023-11-14T07:57:49.660-0300] {processor.py:829} INFO - Processing file /home/gmassoqueto/repos/apache-airflow-101/.venv/lib/python3.11/site-packages/airflow/example_dags/example_branch_operator_decorator.py for tasks to queue
[2023-11-14T07:57:49.661-0300] {logging_mixin.py:154} INFO - [2023-11-14T07:57:49.661-0300] {dagbag.py:536} INFO - Filling up the DagBag from /home/gmassoqueto/repos/apache-airflow-101/.venv/lib/python3.11/site-packages/airflow/example_dags/example_branch_operator_decorator.py
[2023-11-14T07:57:49.673-0300] {processor.py:839} INFO - DAG(s) dict_keys(['example_branch_python_operator_decorator']) retrieved from /home/gmassoqueto/repos/apache-airflow-101/.venv/lib/python3.11/site-packages/airflow/example_dags/example_branch_operator_decorator.py
[2023-11-14T07:57:49.690-0300] {logging_mixin.py:154} INFO - [2023-11-14T07:57:49.689-0300] {dag.py:2941} INFO - Sync 1 DAGs
[2023-11-14T07:57:49.707-0300] {logging_mixin.py:154} INFO - [2023-11-14T07:57:49.707-0300] {dag.py:3722} INFO - Setting next_dagrun for example_branch_python_operator_decorator to 2023-11-13T00:00:00+00:00, run_after=2023-11-14T00:00:00+00:00
[2023-11-14T07:57:49.733-0300] {processor.py:179} INFO - Processing /home/gmassoqueto/repos/apache-airflow-101/.venv/lib/python3.11/site-packages/airflow/example_dags/example_branch_operator_decorator.py took 0.080 seconds
[2023-11-14T07:58:37.599-0300] {processor.py:157} INFO - Started process (PID=287464) to work on /home/gmassoqueto/repos/apache-airflow-101/.venv/lib/python3.11/site-packages/airflow/example_dags/example_branch_operator_decorator.py
[2023-11-14T07:58:37.603-0300] {processor.py:829} INFO - Processing file /home/gmassoqueto/repos/apache-airflow-101/.venv/lib/python3.11/site-packages/airflow/example_dags/example_branch_operator_decorator.py for tasks to queue
[2023-11-14T07:58:37.604-0300] {logging_mixin.py:154} INFO - [2023-11-14T07:58:37.604-0300] {dagbag.py:536} INFO - Filling up the DagBag from /home/gmassoqueto/repos/apache-airflow-101/.venv/lib/python3.11/site-packages/airflow/example_dags/example_branch_operator_decorator.py
[2023-11-14T07:58:37.619-0300] {processor.py:839} INFO - DAG(s) dict_keys(['example_branch_python_operator_decorator']) retrieved from /home/gmassoqueto/repos/apache-airflow-101/.venv/lib/python3.11/site-packages/airflow/example_dags/example_branch_operator_decorator.py
[2023-11-14T07:58:37.639-0300] {logging_mixin.py:154} INFO - [2023-11-14T07:58:37.639-0300] {dag.py:2941} INFO - Sync 1 DAGs
[2023-11-14T07:58:37.656-0300] {logging_mixin.py:154} INFO - [2023-11-14T07:58:37.656-0300] {dag.py:3722} INFO - Setting next_dagrun for example_branch_python_operator_decorator to 2023-11-13T00:00:00+00:00, run_after=2023-11-14T00:00:00+00:00
[2023-11-14T07:58:37.682-0300] {processor.py:179} INFO - Processing /home/gmassoqueto/repos/apache-airflow-101/.venv/lib/python3.11/site-packages/airflow/example_dags/example_branch_operator_decorator.py took 0.086 seconds
[2023-11-14T07:59:25.318-0300] {processor.py:157} INFO - Started process (PID=287607) to work on /home/gmassoqueto/repos/apache-airflow-101/.venv/lib/python3.11/site-packages/airflow/example_dags/example_branch_operator_decorator.py
[2023-11-14T07:59:25.322-0300] {processor.py:829} INFO - Processing file /home/gmassoqueto/repos/apache-airflow-101/.venv/lib/python3.11/site-packages/airflow/example_dags/example_branch_operator_decorator.py for tasks to queue
[2023-11-14T07:59:25.325-0300] {logging_mixin.py:154} INFO - [2023-11-14T07:59:25.324-0300] {dagbag.py:536} INFO - Filling up the DagBag from /home/gmassoqueto/repos/apache-airflow-101/.venv/lib/python3.11/site-packages/airflow/example_dags/example_branch_operator_decorator.py
[2023-11-14T07:59:25.360-0300] {processor.py:839} INFO - DAG(s) dict_keys(['example_branch_python_operator_decorator']) retrieved from /home/gmassoqueto/repos/apache-airflow-101/.venv/lib/python3.11/site-packages/airflow/example_dags/example_branch_operator_decorator.py
[2023-11-14T07:59:25.378-0300] {logging_mixin.py:154} INFO - [2023-11-14T07:59:25.378-0300] {dag.py:2941} INFO - Sync 1 DAGs
[2023-11-14T07:59:25.395-0300] {logging_mixin.py:154} INFO - [2023-11-14T07:59:25.395-0300] {dag.py:3722} INFO - Setting next_dagrun for example_branch_python_operator_decorator to 2023-11-13T00:00:00+00:00, run_after=2023-11-14T00:00:00+00:00
[2023-11-14T07:59:25.414-0300] {processor.py:179} INFO - Processing /home/gmassoqueto/repos/apache-airflow-101/.venv/lib/python3.11/site-packages/airflow/example_dags/example_branch_operator_decorator.py took 0.099 seconds
[2023-11-14T08:00:21.096-0300] {processor.py:157} INFO - Started process (PID=287737) to work on /home/gmassoqueto/repos/apache-airflow-101/.venv/lib/python3.11/site-packages/airflow/example_dags/example_branch_operator_decorator.py
[2023-11-14T08:00:21.098-0300] {processor.py:829} INFO - Processing file /home/gmassoqueto/repos/apache-airflow-101/.venv/lib/python3.11/site-packages/airflow/example_dags/example_branch_operator_decorator.py for tasks to queue
[2023-11-14T08:00:21.099-0300] {logging_mixin.py:154} INFO - [2023-11-14T08:00:21.099-0300] {dagbag.py:536} INFO - Filling up the DagBag from /home/gmassoqueto/repos/apache-airflow-101/.venv/lib/python3.11/site-packages/airflow/example_dags/example_branch_operator_decorator.py
[2023-11-14T08:00:21.118-0300] {processor.py:839} INFO - DAG(s) dict_keys(['example_branch_python_operator_decorator']) retrieved from /home/gmassoqueto/repos/apache-airflow-101/.venv/lib/python3.11/site-packages/airflow/example_dags/example_branch_operator_decorator.py
[2023-11-14T08:00:21.136-0300] {logging_mixin.py:154} INFO - [2023-11-14T08:00:21.136-0300] {dag.py:2941} INFO - Sync 1 DAGs
[2023-11-14T08:00:21.152-0300] {logging_mixin.py:154} INFO - [2023-11-14T08:00:21.151-0300] {dag.py:3722} INFO - Setting next_dagrun for example_branch_python_operator_decorator to 2023-11-13T00:00:00+00:00, run_after=2023-11-14T00:00:00+00:00
[2023-11-14T08:00:21.168-0300] {processor.py:179} INFO - Processing /home/gmassoqueto/repos/apache-airflow-101/.venv/lib/python3.11/site-packages/airflow/example_dags/example_branch_operator_decorator.py took 0.075 seconds
[2023-11-14T08:01:10.235-0300] {processor.py:157} INFO - Started process (PID=287931) to work on /home/gmassoqueto/repos/apache-airflow-101/.venv/lib/python3.11/site-packages/airflow/example_dags/example_branch_operator_decorator.py
[2023-11-14T08:01:10.240-0300] {processor.py:829} INFO - Processing file /home/gmassoqueto/repos/apache-airflow-101/.venv/lib/python3.11/site-packages/airflow/example_dags/example_branch_operator_decorator.py for tasks to queue
[2023-11-14T08:01:10.242-0300] {logging_mixin.py:154} INFO - [2023-11-14T08:01:10.241-0300] {dagbag.py:536} INFO - Filling up the DagBag from /home/gmassoqueto/repos/apache-airflow-101/.venv/lib/python3.11/site-packages/airflow/example_dags/example_branch_operator_decorator.py
[2023-11-14T08:01:10.264-0300] {processor.py:839} INFO - DAG(s) dict_keys(['example_branch_python_operator_decorator']) retrieved from /home/gmassoqueto/repos/apache-airflow-101/.venv/lib/python3.11/site-packages/airflow/example_dags/example_branch_operator_decorator.py
[2023-11-14T08:01:10.285-0300] {logging_mixin.py:154} INFO - [2023-11-14T08:01:10.285-0300] {dag.py:2941} INFO - Sync 1 DAGs
[2023-11-14T08:01:10.302-0300] {logging_mixin.py:154} INFO - [2023-11-14T08:01:10.302-0300] {dag.py:3722} INFO - Setting next_dagrun for example_branch_python_operator_decorator to 2023-11-13T00:00:00+00:00, run_after=2023-11-14T00:00:00+00:00
[2023-11-14T08:01:10.321-0300] {processor.py:179} INFO - Processing /home/gmassoqueto/repos/apache-airflow-101/.venv/lib/python3.11/site-packages/airflow/example_dags/example_branch_operator_decorator.py took 0.092 seconds
[2023-11-14T08:01:59.234-0300] {processor.py:157} INFO - Started process (PID=288076) to work on /home/gmassoqueto/repos/apache-airflow-101/.venv/lib/python3.11/site-packages/airflow/example_dags/example_branch_operator_decorator.py
[2023-11-14T08:01:59.239-0300] {processor.py:829} INFO - Processing file /home/gmassoqueto/repos/apache-airflow-101/.venv/lib/python3.11/site-packages/airflow/example_dags/example_branch_operator_decorator.py for tasks to queue
[2023-11-14T08:01:59.241-0300] {logging_mixin.py:154} INFO - [2023-11-14T08:01:59.240-0300] {dagbag.py:536} INFO - Filling up the DagBag from /home/gmassoqueto/repos/apache-airflow-101/.venv/lib/python3.11/site-packages/airflow/example_dags/example_branch_operator_decorator.py
[2023-11-14T08:01:59.267-0300] {processor.py:839} INFO - DAG(s) dict_keys(['example_branch_python_operator_decorator']) retrieved from /home/gmassoqueto/repos/apache-airflow-101/.venv/lib/python3.11/site-packages/airflow/example_dags/example_branch_operator_decorator.py
[2023-11-14T08:01:59.289-0300] {logging_mixin.py:154} INFO - [2023-11-14T08:01:59.289-0300] {dag.py:2941} INFO - Sync 1 DAGs
[2023-11-14T08:01:59.308-0300] {logging_mixin.py:154} INFO - [2023-11-14T08:01:59.308-0300] {dag.py:3722} INFO - Setting next_dagrun for example_branch_python_operator_decorator to 2023-11-13T00:00:00+00:00, run_after=2023-11-14T00:00:00+00:00
[2023-11-14T08:01:59.337-0300] {processor.py:179} INFO - Processing /home/gmassoqueto/repos/apache-airflow-101/.venv/lib/python3.11/site-packages/airflow/example_dags/example_branch_operator_decorator.py took 0.110 seconds
[2023-11-14T08:02:45.884-0300] {processor.py:157} INFO - Started process (PID=288253) to work on /home/gmassoqueto/repos/apache-airflow-101/.venv/lib/python3.11/site-packages/airflow/example_dags/example_branch_operator_decorator.py
[2023-11-14T08:02:45.888-0300] {processor.py:829} INFO - Processing file /home/gmassoqueto/repos/apache-airflow-101/.venv/lib/python3.11/site-packages/airflow/example_dags/example_branch_operator_decorator.py for tasks to queue
[2023-11-14T08:02:45.890-0300] {logging_mixin.py:154} INFO - [2023-11-14T08:02:45.890-0300] {dagbag.py:536} INFO - Filling up the DagBag from /home/gmassoqueto/repos/apache-airflow-101/.venv/lib/python3.11/site-packages/airflow/example_dags/example_branch_operator_decorator.py
[2023-11-14T08:02:45.912-0300] {processor.py:839} INFO - DAG(s) dict_keys(['example_branch_python_operator_decorator']) retrieved from /home/gmassoqueto/repos/apache-airflow-101/.venv/lib/python3.11/site-packages/airflow/example_dags/example_branch_operator_decorator.py
[2023-11-14T08:02:45.930-0300] {logging_mixin.py:154} INFO - [2023-11-14T08:02:45.930-0300] {dag.py:2941} INFO - Sync 1 DAGs
[2023-11-14T08:02:45.950-0300] {logging_mixin.py:154} INFO - [2023-11-14T08:02:45.950-0300] {dag.py:3722} INFO - Setting next_dagrun for example_branch_python_operator_decorator to 2023-11-13T00:00:00+00:00, run_after=2023-11-14T00:00:00+00:00
[2023-11-14T08:02:45.968-0300] {processor.py:179} INFO - Processing /home/gmassoqueto/repos/apache-airflow-101/.venv/lib/python3.11/site-packages/airflow/example_dags/example_branch_operator_decorator.py took 0.091 seconds
[2023-11-14T08:03:33.552-0300] {processor.py:157} INFO - Started process (PID=288401) to work on /home/gmassoqueto/repos/apache-airflow-101/.venv/lib/python3.11/site-packages/airflow/example_dags/example_branch_operator_decorator.py
[2023-11-14T08:03:33.557-0300] {processor.py:829} INFO - Processing file /home/gmassoqueto/repos/apache-airflow-101/.venv/lib/python3.11/site-packages/airflow/example_dags/example_branch_operator_decorator.py for tasks to queue
[2023-11-14T08:03:33.559-0300] {logging_mixin.py:154} INFO - [2023-11-14T08:03:33.558-0300] {dagbag.py:536} INFO - Filling up the DagBag from /home/gmassoqueto/repos/apache-airflow-101/.venv/lib/python3.11/site-packages/airflow/example_dags/example_branch_operator_decorator.py
[2023-11-14T08:03:33.586-0300] {processor.py:839} INFO - DAG(s) dict_keys(['example_branch_python_operator_decorator']) retrieved from /home/gmassoqueto/repos/apache-airflow-101/.venv/lib/python3.11/site-packages/airflow/example_dags/example_branch_operator_decorator.py
[2023-11-14T08:03:33.605-0300] {logging_mixin.py:154} INFO - [2023-11-14T08:03:33.605-0300] {dag.py:2941} INFO - Sync 1 DAGs
[2023-11-14T08:03:33.622-0300] {logging_mixin.py:154} INFO - [2023-11-14T08:03:33.622-0300] {dag.py:3722} INFO - Setting next_dagrun for example_branch_python_operator_decorator to 2023-11-13T00:00:00+00:00, run_after=2023-11-14T00:00:00+00:00
[2023-11-14T08:03:33.677-0300] {processor.py:179} INFO - Processing /home/gmassoqueto/repos/apache-airflow-101/.venv/lib/python3.11/site-packages/airflow/example_dags/example_branch_operator_decorator.py took 0.131 seconds
[2023-11-14T08:04:23.922-0300] {processor.py:157} INFO - Started process (PID=288858) to work on /home/gmassoqueto/repos/apache-airflow-101/.venv/lib/python3.11/site-packages/airflow/example_dags/example_branch_operator_decorator.py
[2023-11-14T08:04:23.927-0300] {processor.py:829} INFO - Processing file /home/gmassoqueto/repos/apache-airflow-101/.venv/lib/python3.11/site-packages/airflow/example_dags/example_branch_operator_decorator.py for tasks to queue
[2023-11-14T08:04:23.930-0300] {logging_mixin.py:154} INFO - [2023-11-14T08:04:23.929-0300] {dagbag.py:536} INFO - Filling up the DagBag from /home/gmassoqueto/repos/apache-airflow-101/.venv/lib/python3.11/site-packages/airflow/example_dags/example_branch_operator_decorator.py
[2023-11-14T08:04:23.955-0300] {processor.py:839} INFO - DAG(s) dict_keys(['example_branch_python_operator_decorator']) retrieved from /home/gmassoqueto/repos/apache-airflow-101/.venv/lib/python3.11/site-packages/airflow/example_dags/example_branch_operator_decorator.py
[2023-11-14T08:04:23.973-0300] {logging_mixin.py:154} INFO - [2023-11-14T08:04:23.973-0300] {dag.py:2941} INFO - Sync 1 DAGs
[2023-11-14T08:04:23.989-0300] {logging_mixin.py:154} INFO - [2023-11-14T08:04:23.989-0300] {dag.py:3722} INFO - Setting next_dagrun for example_branch_python_operator_decorator to 2023-11-13T00:00:00+00:00, run_after=2023-11-14T00:00:00+00:00
[2023-11-14T08:04:24.005-0300] {processor.py:179} INFO - Processing /home/gmassoqueto/repos/apache-airflow-101/.venv/lib/python3.11/site-packages/airflow/example_dags/example_branch_operator_decorator.py took 0.091 seconds
[2023-11-14T08:05:15.278-0300] {processor.py:157} INFO - Started process (PID=289020) to work on /home/gmassoqueto/repos/apache-airflow-101/.venv/lib/python3.11/site-packages/airflow/example_dags/example_branch_operator_decorator.py
[2023-11-14T08:05:15.282-0300] {processor.py:829} INFO - Processing file /home/gmassoqueto/repos/apache-airflow-101/.venv/lib/python3.11/site-packages/airflow/example_dags/example_branch_operator_decorator.py for tasks to queue
[2023-11-14T08:05:15.283-0300] {logging_mixin.py:154} INFO - [2023-11-14T08:05:15.282-0300] {dagbag.py:536} INFO - Filling up the DagBag from /home/gmassoqueto/repos/apache-airflow-101/.venv/lib/python3.11/site-packages/airflow/example_dags/example_branch_operator_decorator.py
[2023-11-14T08:05:15.296-0300] {processor.py:839} INFO - DAG(s) dict_keys(['example_branch_python_operator_decorator']) retrieved from /home/gmassoqueto/repos/apache-airflow-101/.venv/lib/python3.11/site-packages/airflow/example_dags/example_branch_operator_decorator.py
[2023-11-14T08:05:15.312-0300] {logging_mixin.py:154} INFO - [2023-11-14T08:05:15.312-0300] {dag.py:2941} INFO - Sync 1 DAGs
[2023-11-14T08:05:15.330-0300] {logging_mixin.py:154} INFO - [2023-11-14T08:05:15.330-0300] {dag.py:3722} INFO - Setting next_dagrun for example_branch_python_operator_decorator to 2023-11-13T00:00:00+00:00, run_after=2023-11-14T00:00:00+00:00
[2023-11-14T08:05:15.350-0300] {processor.py:179} INFO - Processing /home/gmassoqueto/repos/apache-airflow-101/.venv/lib/python3.11/site-packages/airflow/example_dags/example_branch_operator_decorator.py took 0.075 seconds
[2023-11-14T08:06:03.478-0300] {processor.py:157} INFO - Started process (PID=289141) to work on /home/gmassoqueto/repos/apache-airflow-101/.venv/lib/python3.11/site-packages/airflow/example_dags/example_branch_operator_decorator.py
[2023-11-14T08:06:03.483-0300] {processor.py:829} INFO - Processing file /home/gmassoqueto/repos/apache-airflow-101/.venv/lib/python3.11/site-packages/airflow/example_dags/example_branch_operator_decorator.py for tasks to queue
[2023-11-14T08:06:03.485-0300] {logging_mixin.py:154} INFO - [2023-11-14T08:06:03.484-0300] {dagbag.py:536} INFO - Filling up the DagBag from /home/gmassoqueto/repos/apache-airflow-101/.venv/lib/python3.11/site-packages/airflow/example_dags/example_branch_operator_decorator.py
[2023-11-14T08:06:03.508-0300] {processor.py:839} INFO - DAG(s) dict_keys(['example_branch_python_operator_decorator']) retrieved from /home/gmassoqueto/repos/apache-airflow-101/.venv/lib/python3.11/site-packages/airflow/example_dags/example_branch_operator_decorator.py
[2023-11-14T08:06:03.526-0300] {logging_mixin.py:154} INFO - [2023-11-14T08:06:03.526-0300] {dag.py:2941} INFO - Sync 1 DAGs
[2023-11-14T08:06:03.542-0300] {logging_mixin.py:154} INFO - [2023-11-14T08:06:03.542-0300] {dag.py:3722} INFO - Setting next_dagrun for example_branch_python_operator_decorator to 2023-11-13T00:00:00+00:00, run_after=2023-11-14T00:00:00+00:00
[2023-11-14T08:06:03.558-0300] {processor.py:179} INFO - Processing /home/gmassoqueto/repos/apache-airflow-101/.venv/lib/python3.11/site-packages/airflow/example_dags/example_branch_operator_decorator.py took 0.087 seconds
[2023-11-14T08:06:51.361-0300] {processor.py:157} INFO - Started process (PID=289274) to work on /home/gmassoqueto/repos/apache-airflow-101/.venv/lib/python3.11/site-packages/airflow/example_dags/example_branch_operator_decorator.py
[2023-11-14T08:06:51.364-0300] {processor.py:829} INFO - Processing file /home/gmassoqueto/repos/apache-airflow-101/.venv/lib/python3.11/site-packages/airflow/example_dags/example_branch_operator_decorator.py for tasks to queue
[2023-11-14T08:06:51.365-0300] {logging_mixin.py:154} INFO - [2023-11-14T08:06:51.365-0300] {dagbag.py:536} INFO - Filling up the DagBag from /home/gmassoqueto/repos/apache-airflow-101/.venv/lib/python3.11/site-packages/airflow/example_dags/example_branch_operator_decorator.py
[2023-11-14T08:06:51.374-0300] {processor.py:839} INFO - DAG(s) dict_keys(['example_branch_python_operator_decorator']) retrieved from /home/gmassoqueto/repos/apache-airflow-101/.venv/lib/python3.11/site-packages/airflow/example_dags/example_branch_operator_decorator.py
[2023-11-14T08:06:51.388-0300] {logging_mixin.py:154} INFO - [2023-11-14T08:06:51.388-0300] {dag.py:2941} INFO - Sync 1 DAGs
[2023-11-14T08:06:51.405-0300] {logging_mixin.py:154} INFO - [2023-11-14T08:06:51.404-0300] {dag.py:3722} INFO - Setting next_dagrun for example_branch_python_operator_decorator to 2023-11-13T00:00:00+00:00, run_after=2023-11-14T00:00:00+00:00
[2023-11-14T08:06:51.433-0300] {processor.py:179} INFO - Processing /home/gmassoqueto/repos/apache-airflow-101/.venv/lib/python3.11/site-packages/airflow/example_dags/example_branch_operator_decorator.py took 0.075 seconds
[2023-11-14T08:07:39.254-0300] {processor.py:157} INFO - Started process (PID=289465) to work on /home/gmassoqueto/repos/apache-airflow-101/.venv/lib/python3.11/site-packages/airflow/example_dags/example_branch_operator_decorator.py
[2023-11-14T08:07:39.258-0300] {processor.py:829} INFO - Processing file /home/gmassoqueto/repos/apache-airflow-101/.venv/lib/python3.11/site-packages/airflow/example_dags/example_branch_operator_decorator.py for tasks to queue
[2023-11-14T08:07:39.259-0300] {logging_mixin.py:154} INFO - [2023-11-14T08:07:39.259-0300] {dagbag.py:536} INFO - Filling up the DagBag from /home/gmassoqueto/repos/apache-airflow-101/.venv/lib/python3.11/site-packages/airflow/example_dags/example_branch_operator_decorator.py
[2023-11-14T08:07:39.282-0300] {processor.py:839} INFO - DAG(s) dict_keys(['example_branch_python_operator_decorator']) retrieved from /home/gmassoqueto/repos/apache-airflow-101/.venv/lib/python3.11/site-packages/airflow/example_dags/example_branch_operator_decorator.py
[2023-11-14T08:07:39.315-0300] {logging_mixin.py:154} INFO - [2023-11-14T08:07:39.314-0300] {dag.py:2941} INFO - Sync 1 DAGs
[2023-11-14T08:07:39.358-0300] {logging_mixin.py:154} INFO - [2023-11-14T08:07:39.358-0300] {dag.py:3722} INFO - Setting next_dagrun for example_branch_python_operator_decorator to 2023-11-13T00:00:00+00:00, run_after=2023-11-14T00:00:00+00:00
[2023-11-14T08:07:39.399-0300] {processor.py:179} INFO - Processing /home/gmassoqueto/repos/apache-airflow-101/.venv/lib/python3.11/site-packages/airflow/example_dags/example_branch_operator_decorator.py took 0.151 seconds
[2023-11-14T08:08:43.418-0300] {processor.py:157} INFO - Started process (PID=289912) to work on /home/gmassoqueto/repos/apache-airflow-101/.venv/lib/python3.11/site-packages/airflow/example_dags/example_branch_operator_decorator.py
[2023-11-14T08:08:43.423-0300] {processor.py:829} INFO - Processing file /home/gmassoqueto/repos/apache-airflow-101/.venv/lib/python3.11/site-packages/airflow/example_dags/example_branch_operator_decorator.py for tasks to queue
[2023-11-14T08:08:43.424-0300] {logging_mixin.py:154} INFO - [2023-11-14T08:08:43.423-0300] {dagbag.py:536} INFO - Filling up the DagBag from /home/gmassoqueto/repos/apache-airflow-101/.venv/lib/python3.11/site-packages/airflow/example_dags/example_branch_operator_decorator.py
[2023-11-14T08:08:43.445-0300] {processor.py:839} INFO - DAG(s) dict_keys(['example_branch_python_operator_decorator']) retrieved from /home/gmassoqueto/repos/apache-airflow-101/.venv/lib/python3.11/site-packages/airflow/example_dags/example_branch_operator_decorator.py
[2023-11-14T08:08:43.463-0300] {logging_mixin.py:154} INFO - [2023-11-14T08:08:43.463-0300] {dag.py:2941} INFO - Sync 1 DAGs
[2023-11-14T08:08:43.472-0300] {logging_mixin.py:154} INFO - [2023-11-14T08:08:43.472-0300] {dag.py:2963} INFO - Creating ORM DAG for example_branch_python_operator_decorator
[2023-11-14T08:08:43.481-0300] {logging_mixin.py:154} INFO - [2023-11-14T08:08:43.481-0300] {dag.py:3722} INFO - Setting next_dagrun for example_branch_python_operator_decorator to 2023-11-13T00:00:00+00:00, run_after=2023-11-14T00:00:00+00:00
[2023-11-14T08:08:43.506-0300] {processor.py:179} INFO - Processing /home/gmassoqueto/repos/apache-airflow-101/.venv/lib/python3.11/site-packages/airflow/example_dags/example_branch_operator_decorator.py took 0.092 seconds
[2023-11-14T08:10:26.266-0300] {processor.py:157} INFO - Started process (PID=290980) to work on /home/gmassoqueto/repos/apache-airflow-101/.venv/lib/python3.11/site-packages/airflow/example_dags/example_branch_operator_decorator.py
[2023-11-14T08:10:26.270-0300] {processor.py:829} INFO - Processing file /home/gmassoqueto/repos/apache-airflow-101/.venv/lib/python3.11/site-packages/airflow/example_dags/example_branch_operator_decorator.py for tasks to queue
[2023-11-14T08:10:26.271-0300] {logging_mixin.py:154} INFO - [2023-11-14T08:10:26.270-0300] {dagbag.py:536} INFO - Filling up the DagBag from /home/gmassoqueto/repos/apache-airflow-101/.venv/lib/python3.11/site-packages/airflow/example_dags/example_branch_operator_decorator.py
[2023-11-14T08:10:26.281-0300] {processor.py:839} INFO - DAG(s) dict_keys(['example_branch_python_operator_decorator']) retrieved from /home/gmassoqueto/repos/apache-airflow-101/.venv/lib/python3.11/site-packages/airflow/example_dags/example_branch_operator_decorator.py
[2023-11-14T08:10:26.297-0300] {logging_mixin.py:154} INFO - [2023-11-14T08:10:26.297-0300] {dag.py:2941} INFO - Sync 1 DAGs
[2023-11-14T08:10:26.315-0300] {logging_mixin.py:154} INFO - [2023-11-14T08:10:26.314-0300] {dag.py:3722} INFO - Setting next_dagrun for example_branch_python_operator_decorator to 2023-11-13T00:00:00+00:00, run_after=2023-11-14T00:00:00+00:00
[2023-11-14T08:10:26.444-0300] {processor.py:179} INFO - Processing /home/gmassoqueto/repos/apache-airflow-101/.venv/lib/python3.11/site-packages/airflow/example_dags/example_branch_operator_decorator.py took 0.181 seconds
[2023-11-14T08:11:19.524-0300] {processor.py:157} INFO - Started process (PID=291159) to work on /home/gmassoqueto/repos/apache-airflow-101/.venv/lib/python3.11/site-packages/airflow/example_dags/example_branch_operator_decorator.py
[2023-11-14T08:11:19.528-0300] {processor.py:829} INFO - Processing file /home/gmassoqueto/repos/apache-airflow-101/.venv/lib/python3.11/site-packages/airflow/example_dags/example_branch_operator_decorator.py for tasks to queue
[2023-11-14T08:11:19.530-0300] {logging_mixin.py:154} INFO - [2023-11-14T08:11:19.529-0300] {dagbag.py:536} INFO - Filling up the DagBag from /home/gmassoqueto/repos/apache-airflow-101/.venv/lib/python3.11/site-packages/airflow/example_dags/example_branch_operator_decorator.py
[2023-11-14T08:11:19.553-0300] {processor.py:839} INFO - DAG(s) dict_keys(['example_branch_python_operator_decorator']) retrieved from /home/gmassoqueto/repos/apache-airflow-101/.venv/lib/python3.11/site-packages/airflow/example_dags/example_branch_operator_decorator.py
[2023-11-14T08:11:19.577-0300] {logging_mixin.py:154} INFO - [2023-11-14T08:11:19.576-0300] {dag.py:2941} INFO - Sync 1 DAGs
[2023-11-14T08:11:19.593-0300] {logging_mixin.py:154} INFO - [2023-11-14T08:11:19.593-0300] {dag.py:3722} INFO - Setting next_dagrun for example_branch_python_operator_decorator to 2023-11-13T00:00:00+00:00, run_after=2023-11-14T00:00:00+00:00
[2023-11-14T08:11:19.610-0300] {processor.py:179} INFO - Processing /home/gmassoqueto/repos/apache-airflow-101/.venv/lib/python3.11/site-packages/airflow/example_dags/example_branch_operator_decorator.py took 0.088 seconds
[2023-11-14T08:12:05.763-0300] {processor.py:157} INFO - Started process (PID=291291) to work on /home/gmassoqueto/repos/apache-airflow-101/.venv/lib/python3.11/site-packages/airflow/example_dags/example_branch_operator_decorator.py
[2023-11-14T08:12:05.767-0300] {processor.py:829} INFO - Processing file /home/gmassoqueto/repos/apache-airflow-101/.venv/lib/python3.11/site-packages/airflow/example_dags/example_branch_operator_decorator.py for tasks to queue
[2023-11-14T08:12:05.768-0300] {logging_mixin.py:154} INFO - [2023-11-14T08:12:05.768-0300] {dagbag.py:536} INFO - Filling up the DagBag from /home/gmassoqueto/repos/apache-airflow-101/.venv/lib/python3.11/site-packages/airflow/example_dags/example_branch_operator_decorator.py
[2023-11-14T08:12:05.779-0300] {processor.py:839} INFO - DAG(s) dict_keys(['example_branch_python_operator_decorator']) retrieved from /home/gmassoqueto/repos/apache-airflow-101/.venv/lib/python3.11/site-packages/airflow/example_dags/example_branch_operator_decorator.py
[2023-11-14T08:12:05.795-0300] {logging_mixin.py:154} INFO - [2023-11-14T08:12:05.794-0300] {dag.py:2941} INFO - Sync 1 DAGs
[2023-11-14T08:12:05.811-0300] {logging_mixin.py:154} INFO - [2023-11-14T08:12:05.811-0300] {dag.py:3722} INFO - Setting next_dagrun for example_branch_python_operator_decorator to 2023-11-13T00:00:00+00:00, run_after=2023-11-14T00:00:00+00:00
[2023-11-14T08:12:05.829-0300] {processor.py:179} INFO - Processing /home/gmassoqueto/repos/apache-airflow-101/.venv/lib/python3.11/site-packages/airflow/example_dags/example_branch_operator_decorator.py took 0.068 seconds
[2023-11-14T08:12:52.005-0300] {processor.py:157} INFO - Started process (PID=291562) to work on /home/gmassoqueto/repos/apache-airflow-101/.venv/lib/python3.11/site-packages/airflow/example_dags/example_branch_operator_decorator.py
[2023-11-14T08:12:52.010-0300] {processor.py:829} INFO - Processing file /home/gmassoqueto/repos/apache-airflow-101/.venv/lib/python3.11/site-packages/airflow/example_dags/example_branch_operator_decorator.py for tasks to queue
[2023-11-14T08:12:52.012-0300] {logging_mixin.py:154} INFO - [2023-11-14T08:12:52.011-0300] {dagbag.py:536} INFO - Filling up the DagBag from /home/gmassoqueto/repos/apache-airflow-101/.venv/lib/python3.11/site-packages/airflow/example_dags/example_branch_operator_decorator.py
[2023-11-14T08:12:52.037-0300] {processor.py:839} INFO - DAG(s) dict_keys(['example_branch_python_operator_decorator']) retrieved from /home/gmassoqueto/repos/apache-airflow-101/.venv/lib/python3.11/site-packages/airflow/example_dags/example_branch_operator_decorator.py
[2023-11-14T08:12:52.056-0300] {logging_mixin.py:154} INFO - [2023-11-14T08:12:52.056-0300] {dag.py:2941} INFO - Sync 1 DAGs
[2023-11-14T08:12:52.073-0300] {logging_mixin.py:154} INFO - [2023-11-14T08:12:52.072-0300] {dag.py:3722} INFO - Setting next_dagrun for example_branch_python_operator_decorator to 2023-11-13T00:00:00+00:00, run_after=2023-11-14T00:00:00+00:00
[2023-11-14T08:12:52.089-0300] {processor.py:179} INFO - Processing /home/gmassoqueto/repos/apache-airflow-101/.venv/lib/python3.11/site-packages/airflow/example_dags/example_branch_operator_decorator.py took 0.093 seconds
[2023-11-14T08:13:38.887-0300] {processor.py:157} INFO - Started process (PID=291646) to work on /home/gmassoqueto/repos/apache-airflow-101/.venv/lib/python3.11/site-packages/airflow/example_dags/example_branch_operator_decorator.py
[2023-11-14T08:13:38.888-0300] {processor.py:829} INFO - Processing file /home/gmassoqueto/repos/apache-airflow-101/.venv/lib/python3.11/site-packages/airflow/example_dags/example_branch_operator_decorator.py for tasks to queue
[2023-11-14T08:13:38.889-0300] {logging_mixin.py:154} INFO - [2023-11-14T08:13:38.888-0300] {dagbag.py:536} INFO - Filling up the DagBag from /home/gmassoqueto/repos/apache-airflow-101/.venv/lib/python3.11/site-packages/airflow/example_dags/example_branch_operator_decorator.py
[2023-11-14T08:13:38.898-0300] {processor.py:839} INFO - DAG(s) dict_keys(['example_branch_python_operator_decorator']) retrieved from /home/gmassoqueto/repos/apache-airflow-101/.venv/lib/python3.11/site-packages/airflow/example_dags/example_branch_operator_decorator.py
[2023-11-14T08:13:38.914-0300] {logging_mixin.py:154} INFO - [2023-11-14T08:13:38.913-0300] {dag.py:2941} INFO - Sync 1 DAGs
[2023-11-14T08:13:38.930-0300] {logging_mixin.py:154} INFO - [2023-11-14T08:13:38.930-0300] {dag.py:3722} INFO - Setting next_dagrun for example_branch_python_operator_decorator to 2023-11-13T00:00:00+00:00, run_after=2023-11-14T00:00:00+00:00
[2023-11-14T08:13:38.945-0300] {processor.py:179} INFO - Processing /home/gmassoqueto/repos/apache-airflow-101/.venv/lib/python3.11/site-packages/airflow/example_dags/example_branch_operator_decorator.py took 0.061 seconds
[2023-11-14T08:14:26.618-0300] {processor.py:157} INFO - Started process (PID=291751) to work on /home/gmassoqueto/repos/apache-airflow-101/.venv/lib/python3.11/site-packages/airflow/example_dags/example_branch_operator_decorator.py
[2023-11-14T08:14:26.622-0300] {processor.py:829} INFO - Processing file /home/gmassoqueto/repos/apache-airflow-101/.venv/lib/python3.11/site-packages/airflow/example_dags/example_branch_operator_decorator.py for tasks to queue
[2023-11-14T08:14:26.623-0300] {logging_mixin.py:154} INFO - [2023-11-14T08:14:26.622-0300] {dagbag.py:536} INFO - Filling up the DagBag from /home/gmassoqueto/repos/apache-airflow-101/.venv/lib/python3.11/site-packages/airflow/example_dags/example_branch_operator_decorator.py
[2023-11-14T08:14:26.633-0300] {processor.py:839} INFO - DAG(s) dict_keys(['example_branch_python_operator_decorator']) retrieved from /home/gmassoqueto/repos/apache-airflow-101/.venv/lib/python3.11/site-packages/airflow/example_dags/example_branch_operator_decorator.py
[2023-11-14T08:14:26.650-0300] {logging_mixin.py:154} INFO - [2023-11-14T08:14:26.650-0300] {dag.py:2941} INFO - Sync 1 DAGs
[2023-11-14T08:14:26.667-0300] {logging_mixin.py:154} INFO - [2023-11-14T08:14:26.666-0300] {dag.py:3722} INFO - Setting next_dagrun for example_branch_python_operator_decorator to 2023-11-13T00:00:00+00:00, run_after=2023-11-14T00:00:00+00:00
[2023-11-14T08:14:26.683-0300] {processor.py:179} INFO - Processing /home/gmassoqueto/repos/apache-airflow-101/.venv/lib/python3.11/site-packages/airflow/example_dags/example_branch_operator_decorator.py took 0.068 seconds
[2023-11-14T08:15:14.607-0300] {processor.py:157} INFO - Started process (PID=291896) to work on /home/gmassoqueto/repos/apache-airflow-101/.venv/lib/python3.11/site-packages/airflow/example_dags/example_branch_operator_decorator.py
[2023-11-14T08:15:14.611-0300] {processor.py:829} INFO - Processing file /home/gmassoqueto/repos/apache-airflow-101/.venv/lib/python3.11/site-packages/airflow/example_dags/example_branch_operator_decorator.py for tasks to queue
[2023-11-14T08:15:14.612-0300] {logging_mixin.py:154} INFO - [2023-11-14T08:15:14.611-0300] {dagbag.py:536} INFO - Filling up the DagBag from /home/gmassoqueto/repos/apache-airflow-101/.venv/lib/python3.11/site-packages/airflow/example_dags/example_branch_operator_decorator.py
[2023-11-14T08:15:14.622-0300] {processor.py:839} INFO - DAG(s) dict_keys(['example_branch_python_operator_decorator']) retrieved from /home/gmassoqueto/repos/apache-airflow-101/.venv/lib/python3.11/site-packages/airflow/example_dags/example_branch_operator_decorator.py
[2023-11-14T08:15:14.639-0300] {logging_mixin.py:154} INFO - [2023-11-14T08:15:14.639-0300] {dag.py:2941} INFO - Sync 1 DAGs
[2023-11-14T08:15:14.655-0300] {logging_mixin.py:154} INFO - [2023-11-14T08:15:14.655-0300] {dag.py:3722} INFO - Setting next_dagrun for example_branch_python_operator_decorator to 2023-11-13T00:00:00+00:00, run_after=2023-11-14T00:00:00+00:00
[2023-11-14T08:15:14.679-0300] {processor.py:179} INFO - Processing /home/gmassoqueto/repos/apache-airflow-101/.venv/lib/python3.11/site-packages/airflow/example_dags/example_branch_operator_decorator.py took 0.075 seconds
[2023-11-14T08:16:01.349-0300] {processor.py:157} INFO - Started process (PID=291981) to work on /home/gmassoqueto/repos/apache-airflow-101/.venv/lib/python3.11/site-packages/airflow/example_dags/example_branch_operator_decorator.py
[2023-11-14T08:16:01.352-0300] {processor.py:829} INFO - Processing file /home/gmassoqueto/repos/apache-airflow-101/.venv/lib/python3.11/site-packages/airflow/example_dags/example_branch_operator_decorator.py for tasks to queue
[2023-11-14T08:16:01.353-0300] {logging_mixin.py:154} INFO - [2023-11-14T08:16:01.353-0300] {dagbag.py:536} INFO - Filling up the DagBag from /home/gmassoqueto/repos/apache-airflow-101/.venv/lib/python3.11/site-packages/airflow/example_dags/example_branch_operator_decorator.py
[2023-11-14T08:16:01.364-0300] {processor.py:839} INFO - DAG(s) dict_keys(['example_branch_python_operator_decorator']) retrieved from /home/gmassoqueto/repos/apache-airflow-101/.venv/lib/python3.11/site-packages/airflow/example_dags/example_branch_operator_decorator.py
[2023-11-14T08:16:01.384-0300] {logging_mixin.py:154} INFO - [2023-11-14T08:16:01.384-0300] {dag.py:2941} INFO - Sync 1 DAGs
[2023-11-14T08:16:01.402-0300] {logging_mixin.py:154} INFO - [2023-11-14T08:16:01.401-0300] {dag.py:3722} INFO - Setting next_dagrun for example_branch_python_operator_decorator to 2023-11-13T00:00:00+00:00, run_after=2023-11-14T00:00:00+00:00
[2023-11-14T08:16:01.420-0300] {processor.py:179} INFO - Processing /home/gmassoqueto/repos/apache-airflow-101/.venv/lib/python3.11/site-packages/airflow/example_dags/example_branch_operator_decorator.py took 0.073 seconds
[2023-11-14T08:16:51.081-0300] {processor.py:157} INFO - Started process (PID=292065) to work on /home/gmassoqueto/repos/apache-airflow-101/.venv/lib/python3.11/site-packages/airflow/example_dags/example_branch_operator_decorator.py
[2023-11-14T08:16:51.085-0300] {processor.py:829} INFO - Processing file /home/gmassoqueto/repos/apache-airflow-101/.venv/lib/python3.11/site-packages/airflow/example_dags/example_branch_operator_decorator.py for tasks to queue
[2023-11-14T08:16:51.086-0300] {logging_mixin.py:154} INFO - [2023-11-14T08:16:51.085-0300] {dagbag.py:536} INFO - Filling up the DagBag from /home/gmassoqueto/repos/apache-airflow-101/.venv/lib/python3.11/site-packages/airflow/example_dags/example_branch_operator_decorator.py
[2023-11-14T08:16:51.095-0300] {processor.py:839} INFO - DAG(s) dict_keys(['example_branch_python_operator_decorator']) retrieved from /home/gmassoqueto/repos/apache-airflow-101/.venv/lib/python3.11/site-packages/airflow/example_dags/example_branch_operator_decorator.py
[2023-11-14T08:16:51.110-0300] {logging_mixin.py:154} INFO - [2023-11-14T08:16:51.110-0300] {dag.py:2941} INFO - Sync 1 DAGs
[2023-11-14T08:16:51.126-0300] {logging_mixin.py:154} INFO - [2023-11-14T08:16:51.125-0300] {dag.py:3722} INFO - Setting next_dagrun for example_branch_python_operator_decorator to 2023-11-13T00:00:00+00:00, run_after=2023-11-14T00:00:00+00:00
[2023-11-14T08:16:51.149-0300] {processor.py:179} INFO - Processing /home/gmassoqueto/repos/apache-airflow-101/.venv/lib/python3.11/site-packages/airflow/example_dags/example_branch_operator_decorator.py took 0.070 seconds
[2023-11-14T08:17:41.577-0300] {processor.py:157} INFO - Started process (PID=292164) to work on /home/gmassoqueto/repos/apache-airflow-101/.venv/lib/python3.11/site-packages/airflow/example_dags/example_branch_operator_decorator.py
[2023-11-14T08:17:41.579-0300] {processor.py:829} INFO - Processing file /home/gmassoqueto/repos/apache-airflow-101/.venv/lib/python3.11/site-packages/airflow/example_dags/example_branch_operator_decorator.py for tasks to queue
[2023-11-14T08:17:41.580-0300] {logging_mixin.py:154} INFO - [2023-11-14T08:17:41.579-0300] {dagbag.py:536} INFO - Filling up the DagBag from /home/gmassoqueto/repos/apache-airflow-101/.venv/lib/python3.11/site-packages/airflow/example_dags/example_branch_operator_decorator.py
[2023-11-14T08:17:41.597-0300] {processor.py:839} INFO - DAG(s) dict_keys(['example_branch_python_operator_decorator']) retrieved from /home/gmassoqueto/repos/apache-airflow-101/.venv/lib/python3.11/site-packages/airflow/example_dags/example_branch_operator_decorator.py
[2023-11-14T08:17:41.620-0300] {logging_mixin.py:154} INFO - [2023-11-14T08:17:41.620-0300] {dag.py:2941} INFO - Sync 1 DAGs
[2023-11-14T08:17:41.636-0300] {logging_mixin.py:154} INFO - [2023-11-14T08:17:41.636-0300] {dag.py:3722} INFO - Setting next_dagrun for example_branch_python_operator_decorator to 2023-11-13T00:00:00+00:00, run_after=2023-11-14T00:00:00+00:00
[2023-11-14T08:17:41.651-0300] {processor.py:179} INFO - Processing /home/gmassoqueto/repos/apache-airflow-101/.venv/lib/python3.11/site-packages/airflow/example_dags/example_branch_operator_decorator.py took 0.077 seconds
