[2023-11-14T07:03:24.592-0300] {processor.py:157} INFO - Started process (PID=284710) to work on /home/gmassoqueto/repos/apache-airflow-101/.venv/lib/python3.11/site-packages/airflow/example_dags/example_setup_teardown_taskflow.py
[2023-11-14T07:03:24.592-0300] {processor.py:829} INFO - Processing file /home/gmassoqueto/repos/apache-airflow-101/.venv/lib/python3.11/site-packages/airflow/example_dags/example_setup_teardown_taskflow.py for tasks to queue
[2023-11-14T07:03:24.593-0300] {logging_mixin.py:154} INFO - [2023-11-14T07:03:24.593-0300] {dagbag.py:536} INFO - Filling up the DagBag from /home/gmassoqueto/repos/apache-airflow-101/.venv/lib/python3.11/site-packages/airflow/example_dags/example_setup_teardown_taskflow.py
[2023-11-14T07:03:24.604-0300] {processor.py:839} INFO - DAG(s) dict_keys(['example_setup_teardown_taskflow']) retrieved from /home/gmassoqueto/repos/apache-airflow-101/.venv/lib/python3.11/site-packages/airflow/example_dags/example_setup_teardown_taskflow.py
[2023-11-14T07:03:24.610-0300] {logging_mixin.py:154} INFO - [2023-11-14T07:03:24.610-0300] {dag.py:2941} INFO - Sync 1 DAGs
[2023-11-14T07:03:24.627-0300] {logging_mixin.py:154} INFO - [2023-11-14T07:03:24.627-0300] {dag.py:3722} INFO - Setting next_dagrun for example_setup_teardown_taskflow to 2023-11-13T10:03:24.627219+00:00, run_after=2023-11-14T10:03:24.627219+00:00
[2023-11-14T07:03:24.656-0300] {processor.py:179} INFO - Processing /home/gmassoqueto/repos/apache-airflow-101/.venv/lib/python3.11/site-packages/airflow/example_dags/example_setup_teardown_taskflow.py took 0.067 seconds
[2023-11-14T07:04:08.754-0300] {processor.py:157} INFO - Started process (PID=284837) to work on /home/gmassoqueto/repos/apache-airflow-101/.venv/lib/python3.11/site-packages/airflow/example_dags/example_setup_teardown_taskflow.py
[2023-11-14T07:04:08.758-0300] {processor.py:829} INFO - Processing file /home/gmassoqueto/repos/apache-airflow-101/.venv/lib/python3.11/site-packages/airflow/example_dags/example_setup_teardown_taskflow.py for tasks to queue
[2023-11-14T07:04:08.759-0300] {logging_mixin.py:154} INFO - [2023-11-14T07:04:08.758-0300] {dagbag.py:536} INFO - Filling up the DagBag from /home/gmassoqueto/repos/apache-airflow-101/.venv/lib/python3.11/site-packages/airflow/example_dags/example_setup_teardown_taskflow.py
[2023-11-14T07:04:08.770-0300] {processor.py:839} INFO - DAG(s) dict_keys(['example_setup_teardown_taskflow']) retrieved from /home/gmassoqueto/repos/apache-airflow-101/.venv/lib/python3.11/site-packages/airflow/example_dags/example_setup_teardown_taskflow.py
[2023-11-14T07:04:08.789-0300] {logging_mixin.py:154} INFO - [2023-11-14T07:04:08.789-0300] {dag.py:2941} INFO - Sync 1 DAGs
[2023-11-14T07:04:08.806-0300] {logging_mixin.py:154} INFO - [2023-11-14T07:04:08.805-0300] {dag.py:3722} INFO - Setting next_dagrun for example_setup_teardown_taskflow to 2023-11-13T10:04:08.805729+00:00, run_after=2023-11-14T10:04:08.805729+00:00
[2023-11-14T07:04:08.831-0300] {processor.py:179} INFO - Processing /home/gmassoqueto/repos/apache-airflow-101/.venv/lib/python3.11/site-packages/airflow/example_dags/example_setup_teardown_taskflow.py took 0.079 seconds
[2023-11-14T07:55:41.123-0300] {processor.py:157} INFO - Started process (PID=286729) to work on /home/gmassoqueto/repos/apache-airflow-101/.venv/lib/python3.11/site-packages/airflow/example_dags/example_setup_teardown_taskflow.py
[2023-11-14T07:55:41.127-0300] {processor.py:829} INFO - Processing file /home/gmassoqueto/repos/apache-airflow-101/.venv/lib/python3.11/site-packages/airflow/example_dags/example_setup_teardown_taskflow.py for tasks to queue
[2023-11-14T07:55:41.128-0300] {logging_mixin.py:154} INFO - [2023-11-14T07:55:41.128-0300] {dagbag.py:536} INFO - Filling up the DagBag from /home/gmassoqueto/repos/apache-airflow-101/.venv/lib/python3.11/site-packages/airflow/example_dags/example_setup_teardown_taskflow.py
[2023-11-14T07:55:41.145-0300] {processor.py:839} INFO - DAG(s) dict_keys(['example_setup_teardown_taskflow']) retrieved from /home/gmassoqueto/repos/apache-airflow-101/.venv/lib/python3.11/site-packages/airflow/example_dags/example_setup_teardown_taskflow.py
[2023-11-14T07:55:41.153-0300] {logging_mixin.py:154} INFO - [2023-11-14T07:55:41.153-0300] {dag.py:2941} INFO - Sync 1 DAGs
[2023-11-14T07:55:41.172-0300] {logging_mixin.py:154} INFO - [2023-11-14T07:55:41.172-0300] {dag.py:3722} INFO - Setting next_dagrun for example_setup_teardown_taskflow to 2023-11-13T10:55:41.172525+00:00, run_after=2023-11-14T10:55:41.172525+00:00
[2023-11-14T07:55:41.201-0300] {processor.py:179} INFO - Processing /home/gmassoqueto/repos/apache-airflow-101/.venv/lib/python3.11/site-packages/airflow/example_dags/example_setup_teardown_taskflow.py took 0.081 seconds
[2023-11-14T07:57:19.648-0300] {processor.py:157} INFO - Started process (PID=287182) to work on /home/gmassoqueto/repos/apache-airflow-101/.venv/lib/python3.11/site-packages/airflow/example_dags/example_setup_teardown_taskflow.py
[2023-11-14T07:57:19.652-0300] {processor.py:829} INFO - Processing file /home/gmassoqueto/repos/apache-airflow-101/.venv/lib/python3.11/site-packages/airflow/example_dags/example_setup_teardown_taskflow.py for tasks to queue
[2023-11-14T07:57:19.653-0300] {logging_mixin.py:154} INFO - [2023-11-14T07:57:19.653-0300] {dagbag.py:536} INFO - Filling up the DagBag from /home/gmassoqueto/repos/apache-airflow-101/.venv/lib/python3.11/site-packages/airflow/example_dags/example_setup_teardown_taskflow.py
[2023-11-14T07:57:19.672-0300] {processor.py:839} INFO - DAG(s) dict_keys(['example_setup_teardown_taskflow']) retrieved from /home/gmassoqueto/repos/apache-airflow-101/.venv/lib/python3.11/site-packages/airflow/example_dags/example_setup_teardown_taskflow.py
[2023-11-14T07:57:19.679-0300] {logging_mixin.py:154} INFO - [2023-11-14T07:57:19.679-0300] {dag.py:2941} INFO - Sync 1 DAGs
[2023-11-14T07:57:19.696-0300] {logging_mixin.py:154} INFO - [2023-11-14T07:57:19.696-0300] {dag.py:3722} INFO - Setting next_dagrun for example_setup_teardown_taskflow to 2023-11-13T10:57:19.696279+00:00, run_after=2023-11-14T10:57:19.696279+00:00
[2023-11-14T07:57:19.721-0300] {processor.py:179} INFO - Processing /home/gmassoqueto/repos/apache-airflow-101/.venv/lib/python3.11/site-packages/airflow/example_dags/example_setup_teardown_taskflow.py took 0.078 seconds
[2023-11-14T07:58:04.976-0300] {processor.py:157} INFO - Started process (PID=287375) to work on /home/gmassoqueto/repos/apache-airflow-101/.venv/lib/python3.11/site-packages/airflow/example_dags/example_setup_teardown_taskflow.py
[2023-11-14T07:58:04.980-0300] {processor.py:829} INFO - Processing file /home/gmassoqueto/repos/apache-airflow-101/.venv/lib/python3.11/site-packages/airflow/example_dags/example_setup_teardown_taskflow.py for tasks to queue
[2023-11-14T07:58:04.981-0300] {logging_mixin.py:154} INFO - [2023-11-14T07:58:04.980-0300] {dagbag.py:536} INFO - Filling up the DagBag from /home/gmassoqueto/repos/apache-airflow-101/.venv/lib/python3.11/site-packages/airflow/example_dags/example_setup_teardown_taskflow.py
[2023-11-14T07:58:04.992-0300] {processor.py:839} INFO - DAG(s) dict_keys(['example_setup_teardown_taskflow']) retrieved from /home/gmassoqueto/repos/apache-airflow-101/.venv/lib/python3.11/site-packages/airflow/example_dags/example_setup_teardown_taskflow.py
[2023-11-14T07:58:05.011-0300] {logging_mixin.py:154} INFO - [2023-11-14T07:58:05.011-0300] {dag.py:2941} INFO - Sync 1 DAGs
[2023-11-14T07:58:05.032-0300] {logging_mixin.py:154} INFO - [2023-11-14T07:58:05.032-0300] {dag.py:3722} INFO - Setting next_dagrun for example_setup_teardown_taskflow to 2023-11-13T10:58:05.031885+00:00, run_after=2023-11-14T10:58:05.031885+00:00
[2023-11-14T07:58:05.050-0300] {processor.py:179} INFO - Processing /home/gmassoqueto/repos/apache-airflow-101/.venv/lib/python3.11/site-packages/airflow/example_dags/example_setup_teardown_taskflow.py took 0.076 seconds
[2023-11-14T07:58:49.088-0300] {processor.py:157} INFO - Started process (PID=287532) to work on /home/gmassoqueto/repos/apache-airflow-101/.venv/lib/python3.11/site-packages/airflow/example_dags/example_setup_teardown_taskflow.py
[2023-11-14T07:58:49.092-0300] {processor.py:829} INFO - Processing file /home/gmassoqueto/repos/apache-airflow-101/.venv/lib/python3.11/site-packages/airflow/example_dags/example_setup_teardown_taskflow.py for tasks to queue
[2023-11-14T07:58:49.094-0300] {logging_mixin.py:154} INFO - [2023-11-14T07:58:49.093-0300] {dagbag.py:536} INFO - Filling up the DagBag from /home/gmassoqueto/repos/apache-airflow-101/.venv/lib/python3.11/site-packages/airflow/example_dags/example_setup_teardown_taskflow.py
[2023-11-14T07:58:49.120-0300] {processor.py:839} INFO - DAG(s) dict_keys(['example_setup_teardown_taskflow']) retrieved from /home/gmassoqueto/repos/apache-airflow-101/.venv/lib/python3.11/site-packages/airflow/example_dags/example_setup_teardown_taskflow.py
[2023-11-14T07:58:49.138-0300] {logging_mixin.py:154} INFO - [2023-11-14T07:58:49.138-0300] {dag.py:2941} INFO - Sync 1 DAGs
[2023-11-14T07:58:49.153-0300] {logging_mixin.py:154} INFO - [2023-11-14T07:58:49.152-0300] {dag.py:3722} INFO - Setting next_dagrun for example_setup_teardown_taskflow to 2023-11-13T10:58:49.152803+00:00, run_after=2023-11-14T10:58:49.152803+00:00
[2023-11-14T07:58:49.169-0300] {processor.py:179} INFO - Processing /home/gmassoqueto/repos/apache-airflow-101/.venv/lib/python3.11/site-packages/airflow/example_dags/example_setup_teardown_taskflow.py took 0.083 seconds
[2023-11-14T07:59:36.792-0300] {processor.py:157} INFO - Started process (PID=287629) to work on /home/gmassoqueto/repos/apache-airflow-101/.venv/lib/python3.11/site-packages/airflow/example_dags/example_setup_teardown_taskflow.py
[2023-11-14T07:59:36.797-0300] {processor.py:829} INFO - Processing file /home/gmassoqueto/repos/apache-airflow-101/.venv/lib/python3.11/site-packages/airflow/example_dags/example_setup_teardown_taskflow.py for tasks to queue
[2023-11-14T07:59:36.799-0300] {logging_mixin.py:154} INFO - [2023-11-14T07:59:36.798-0300] {dagbag.py:536} INFO - Filling up the DagBag from /home/gmassoqueto/repos/apache-airflow-101/.venv/lib/python3.11/site-packages/airflow/example_dags/example_setup_teardown_taskflow.py
[2023-11-14T07:59:36.823-0300] {processor.py:839} INFO - DAG(s) dict_keys(['example_setup_teardown_taskflow']) retrieved from /home/gmassoqueto/repos/apache-airflow-101/.venv/lib/python3.11/site-packages/airflow/example_dags/example_setup_teardown_taskflow.py
[2023-11-14T07:59:36.839-0300] {logging_mixin.py:154} INFO - [2023-11-14T07:59:36.839-0300] {dag.py:2941} INFO - Sync 1 DAGs
[2023-11-14T07:59:36.855-0300] {logging_mixin.py:154} INFO - [2023-11-14T07:59:36.854-0300] {dag.py:3722} INFO - Setting next_dagrun for example_setup_teardown_taskflow to 2023-11-13T10:59:36.854720+00:00, run_after=2023-11-14T10:59:36.854720+00:00
[2023-11-14T07:59:36.879-0300] {processor.py:179} INFO - Processing /home/gmassoqueto/repos/apache-airflow-101/.venv/lib/python3.11/site-packages/airflow/example_dags/example_setup_teardown_taskflow.py took 0.094 seconds
[2023-11-14T08:00:13.501-0300] {processor.py:157} INFO - Started process (PID=287712) to work on /home/gmassoqueto/repos/apache-airflow-101/.venv/lib/python3.11/site-packages/airflow/example_dags/example_setup_teardown_taskflow.py
[2023-11-14T08:00:13.505-0300] {processor.py:829} INFO - Processing file /home/gmassoqueto/repos/apache-airflow-101/.venv/lib/python3.11/site-packages/airflow/example_dags/example_setup_teardown_taskflow.py for tasks to queue
[2023-11-14T08:00:13.506-0300] {logging_mixin.py:154} INFO - [2023-11-14T08:00:13.506-0300] {dagbag.py:536} INFO - Filling up the DagBag from /home/gmassoqueto/repos/apache-airflow-101/.venv/lib/python3.11/site-packages/airflow/example_dags/example_setup_teardown_taskflow.py
[2023-11-14T08:00:13.518-0300] {processor.py:839} INFO - DAG(s) dict_keys(['example_setup_teardown_taskflow']) retrieved from /home/gmassoqueto/repos/apache-airflow-101/.venv/lib/python3.11/site-packages/airflow/example_dags/example_setup_teardown_taskflow.py
[2023-11-14T08:00:13.535-0300] {logging_mixin.py:154} INFO - [2023-11-14T08:00:13.534-0300] {dag.py:2941} INFO - Sync 1 DAGs
[2023-11-14T08:00:13.551-0300] {logging_mixin.py:154} INFO - [2023-11-14T08:00:13.551-0300] {dag.py:3722} INFO - Setting next_dagrun for example_setup_teardown_taskflow to 2023-11-13T11:00:13.550967+00:00, run_after=2023-11-14T11:00:13.550967+00:00
[2023-11-14T08:00:13.569-0300] {processor.py:179} INFO - Processing /home/gmassoqueto/repos/apache-airflow-101/.venv/lib/python3.11/site-packages/airflow/example_dags/example_setup_teardown_taskflow.py took 0.074 seconds
[2023-11-14T08:00:49.086-0300] {processor.py:157} INFO - Started process (PID=287823) to work on /home/gmassoqueto/repos/apache-airflow-101/.venv/lib/python3.11/site-packages/airflow/example_dags/example_setup_teardown_taskflow.py
[2023-11-14T08:00:49.089-0300] {processor.py:829} INFO - Processing file /home/gmassoqueto/repos/apache-airflow-101/.venv/lib/python3.11/site-packages/airflow/example_dags/example_setup_teardown_taskflow.py for tasks to queue
[2023-11-14T08:00:49.090-0300] {logging_mixin.py:154} INFO - [2023-11-14T08:00:49.090-0300] {dagbag.py:536} INFO - Filling up the DagBag from /home/gmassoqueto/repos/apache-airflow-101/.venv/lib/python3.11/site-packages/airflow/example_dags/example_setup_teardown_taskflow.py
[2023-11-14T08:00:49.099-0300] {processor.py:839} INFO - DAG(s) dict_keys(['example_setup_teardown_taskflow']) retrieved from /home/gmassoqueto/repos/apache-airflow-101/.venv/lib/python3.11/site-packages/airflow/example_dags/example_setup_teardown_taskflow.py
[2023-11-14T08:00:49.113-0300] {logging_mixin.py:154} INFO - [2023-11-14T08:00:49.113-0300] {dag.py:2941} INFO - Sync 1 DAGs
[2023-11-14T08:00:49.131-0300] {logging_mixin.py:154} INFO - [2023-11-14T08:00:49.131-0300] {dag.py:3722} INFO - Setting next_dagrun for example_setup_teardown_taskflow to 2023-11-13T11:00:49.131377+00:00, run_after=2023-11-14T11:00:49.131377+00:00
[2023-11-14T08:00:49.160-0300] {processor.py:179} INFO - Processing /home/gmassoqueto/repos/apache-airflow-101/.venv/lib/python3.11/site-packages/airflow/example_dags/example_setup_teardown_taskflow.py took 0.077 seconds
[2023-11-14T08:01:35.791-0300] {processor.py:157} INFO - Started process (PID=288051) to work on /home/gmassoqueto/repos/apache-airflow-101/.venv/lib/python3.11/site-packages/airflow/example_dags/example_setup_teardown_taskflow.py
[2023-11-14T08:01:35.795-0300] {processor.py:829} INFO - Processing file /home/gmassoqueto/repos/apache-airflow-101/.venv/lib/python3.11/site-packages/airflow/example_dags/example_setup_teardown_taskflow.py for tasks to queue
[2023-11-14T08:01:35.796-0300] {logging_mixin.py:154} INFO - [2023-11-14T08:01:35.796-0300] {dagbag.py:536} INFO - Filling up the DagBag from /home/gmassoqueto/repos/apache-airflow-101/.venv/lib/python3.11/site-packages/airflow/example_dags/example_setup_teardown_taskflow.py
[2023-11-14T08:01:35.812-0300] {processor.py:839} INFO - DAG(s) dict_keys(['example_setup_teardown_taskflow']) retrieved from /home/gmassoqueto/repos/apache-airflow-101/.venv/lib/python3.11/site-packages/airflow/example_dags/example_setup_teardown_taskflow.py
[2023-11-14T08:01:35.833-0300] {logging_mixin.py:154} INFO - [2023-11-14T08:01:35.832-0300] {dag.py:2941} INFO - Sync 1 DAGs
[2023-11-14T08:01:35.850-0300] {logging_mixin.py:154} INFO - [2023-11-14T08:01:35.850-0300] {dag.py:3722} INFO - Setting next_dagrun for example_setup_teardown_taskflow to 2023-11-13T11:01:35.850446+00:00, run_after=2023-11-14T11:01:35.850446+00:00
[2023-11-14T08:01:35.872-0300] {processor.py:179} INFO - Processing /home/gmassoqueto/repos/apache-airflow-101/.venv/lib/python3.11/site-packages/airflow/example_dags/example_setup_teardown_taskflow.py took 0.083 seconds
[2023-11-14T08:02:24.505-0300] {processor.py:157} INFO - Started process (PID=288160) to work on /home/gmassoqueto/repos/apache-airflow-101/.venv/lib/python3.11/site-packages/airflow/example_dags/example_setup_teardown_taskflow.py
[2023-11-14T08:02:24.509-0300] {processor.py:829} INFO - Processing file /home/gmassoqueto/repos/apache-airflow-101/.venv/lib/python3.11/site-packages/airflow/example_dags/example_setup_teardown_taskflow.py for tasks to queue
[2023-11-14T08:02:24.510-0300] {logging_mixin.py:154} INFO - [2023-11-14T08:02:24.509-0300] {dagbag.py:536} INFO - Filling up the DagBag from /home/gmassoqueto/repos/apache-airflow-101/.venv/lib/python3.11/site-packages/airflow/example_dags/example_setup_teardown_taskflow.py
[2023-11-14T08:02:24.521-0300] {processor.py:839} INFO - DAG(s) dict_keys(['example_setup_teardown_taskflow']) retrieved from /home/gmassoqueto/repos/apache-airflow-101/.venv/lib/python3.11/site-packages/airflow/example_dags/example_setup_teardown_taskflow.py
[2023-11-14T08:02:24.537-0300] {logging_mixin.py:154} INFO - [2023-11-14T08:02:24.536-0300] {dag.py:2941} INFO - Sync 1 DAGs
[2023-11-14T08:02:24.552-0300] {logging_mixin.py:154} INFO - [2023-11-14T08:02:24.552-0300] {dag.py:3722} INFO - Setting next_dagrun for example_setup_teardown_taskflow to 2023-11-13T11:02:24.551861+00:00, run_after=2023-11-14T11:02:24.551861+00:00
[2023-11-14T08:02:24.579-0300] {processor.py:179} INFO - Processing /home/gmassoqueto/repos/apache-airflow-101/.venv/lib/python3.11/site-packages/airflow/example_dags/example_setup_teardown_taskflow.py took 0.076 seconds
[2023-11-14T08:03:11.803-0300] {processor.py:157} INFO - Started process (PID=288377) to work on /home/gmassoqueto/repos/apache-airflow-101/.venv/lib/python3.11/site-packages/airflow/example_dags/example_setup_teardown_taskflow.py
[2023-11-14T08:03:11.804-0300] {processor.py:829} INFO - Processing file /home/gmassoqueto/repos/apache-airflow-101/.venv/lib/python3.11/site-packages/airflow/example_dags/example_setup_teardown_taskflow.py for tasks to queue
[2023-11-14T08:03:11.805-0300] {logging_mixin.py:154} INFO - [2023-11-14T08:03:11.805-0300] {dagbag.py:536} INFO - Filling up the DagBag from /home/gmassoqueto/repos/apache-airflow-101/.venv/lib/python3.11/site-packages/airflow/example_dags/example_setup_teardown_taskflow.py
[2023-11-14T08:03:11.814-0300] {processor.py:839} INFO - DAG(s) dict_keys(['example_setup_teardown_taskflow']) retrieved from /home/gmassoqueto/repos/apache-airflow-101/.venv/lib/python3.11/site-packages/airflow/example_dags/example_setup_teardown_taskflow.py
[2023-11-14T08:03:11.829-0300] {logging_mixin.py:154} INFO - [2023-11-14T08:03:11.829-0300] {dag.py:2941} INFO - Sync 1 DAGs
[2023-11-14T08:03:11.843-0300] {logging_mixin.py:154} INFO - [2023-11-14T08:03:11.843-0300] {dag.py:3722} INFO - Setting next_dagrun for example_setup_teardown_taskflow to 2023-11-13T11:03:11.843490+00:00, run_after=2023-11-14T11:03:11.843490+00:00
[2023-11-14T08:03:11.859-0300] {processor.py:179} INFO - Processing /home/gmassoqueto/repos/apache-airflow-101/.venv/lib/python3.11/site-packages/airflow/example_dags/example_setup_teardown_taskflow.py took 0.058 seconds
[2023-11-14T08:04:00.948-0300] {processor.py:157} INFO - Started process (PID=288790) to work on /home/gmassoqueto/repos/apache-airflow-101/.venv/lib/python3.11/site-packages/airflow/example_dags/example_setup_teardown_taskflow.py
[2023-11-14T08:04:00.951-0300] {processor.py:829} INFO - Processing file /home/gmassoqueto/repos/apache-airflow-101/.venv/lib/python3.11/site-packages/airflow/example_dags/example_setup_teardown_taskflow.py for tasks to queue
[2023-11-14T08:04:00.952-0300] {logging_mixin.py:154} INFO - [2023-11-14T08:04:00.952-0300] {dagbag.py:536} INFO - Filling up the DagBag from /home/gmassoqueto/repos/apache-airflow-101/.venv/lib/python3.11/site-packages/airflow/example_dags/example_setup_teardown_taskflow.py
[2023-11-14T08:04:00.966-0300] {processor.py:839} INFO - DAG(s) dict_keys(['example_setup_teardown_taskflow']) retrieved from /home/gmassoqueto/repos/apache-airflow-101/.venv/lib/python3.11/site-packages/airflow/example_dags/example_setup_teardown_taskflow.py
[2023-11-14T08:04:00.984-0300] {logging_mixin.py:154} INFO - [2023-11-14T08:04:00.984-0300] {dag.py:2941} INFO - Sync 1 DAGs
[2023-11-14T08:04:00.999-0300] {logging_mixin.py:154} INFO - [2023-11-14T08:04:00.999-0300] {dag.py:3722} INFO - Setting next_dagrun for example_setup_teardown_taskflow to 2023-11-13T11:04:00.999160+00:00, run_after=2023-11-14T11:04:00.999160+00:00
[2023-11-14T08:04:01.017-0300] {processor.py:179} INFO - Processing /home/gmassoqueto/repos/apache-airflow-101/.venv/lib/python3.11/site-packages/airflow/example_dags/example_setup_teardown_taskflow.py took 0.072 seconds
[2023-11-14T08:04:52.096-0300] {processor.py:157} INFO - Started process (PID=288971) to work on /home/gmassoqueto/repos/apache-airflow-101/.venv/lib/python3.11/site-packages/airflow/example_dags/example_setup_teardown_taskflow.py
[2023-11-14T08:04:52.101-0300] {processor.py:829} INFO - Processing file /home/gmassoqueto/repos/apache-airflow-101/.venv/lib/python3.11/site-packages/airflow/example_dags/example_setup_teardown_taskflow.py for tasks to queue
[2023-11-14T08:04:52.102-0300] {logging_mixin.py:154} INFO - [2023-11-14T08:04:52.102-0300] {dagbag.py:536} INFO - Filling up the DagBag from /home/gmassoqueto/repos/apache-airflow-101/.venv/lib/python3.11/site-packages/airflow/example_dags/example_setup_teardown_taskflow.py
[2023-11-14T08:04:52.122-0300] {processor.py:839} INFO - DAG(s) dict_keys(['example_setup_teardown_taskflow']) retrieved from /home/gmassoqueto/repos/apache-airflow-101/.venv/lib/python3.11/site-packages/airflow/example_dags/example_setup_teardown_taskflow.py
[2023-11-14T08:04:52.139-0300] {logging_mixin.py:154} INFO - [2023-11-14T08:04:52.139-0300] {dag.py:2941} INFO - Sync 1 DAGs
[2023-11-14T08:04:52.154-0300] {logging_mixin.py:154} INFO - [2023-11-14T08:04:52.154-0300] {dag.py:3722} INFO - Setting next_dagrun for example_setup_teardown_taskflow to 2023-11-13T11:04:52.154224+00:00, run_after=2023-11-14T11:04:52.154224+00:00
[2023-11-14T08:04:52.171-0300] {processor.py:179} INFO - Processing /home/gmassoqueto/repos/apache-airflow-101/.venv/lib/python3.11/site-packages/airflow/example_dags/example_setup_teardown_taskflow.py took 0.079 seconds
[2023-11-14T08:05:38.617-0300] {processor.py:157} INFO - Started process (PID=289070) to work on /home/gmassoqueto/repos/apache-airflow-101/.venv/lib/python3.11/site-packages/airflow/example_dags/example_setup_teardown_taskflow.py
[2023-11-14T08:05:38.623-0300] {processor.py:829} INFO - Processing file /home/gmassoqueto/repos/apache-airflow-101/.venv/lib/python3.11/site-packages/airflow/example_dags/example_setup_teardown_taskflow.py for tasks to queue
[2023-11-14T08:05:38.624-0300] {logging_mixin.py:154} INFO - [2023-11-14T08:05:38.624-0300] {dagbag.py:536} INFO - Filling up the DagBag from /home/gmassoqueto/repos/apache-airflow-101/.venv/lib/python3.11/site-packages/airflow/example_dags/example_setup_teardown_taskflow.py
[2023-11-14T08:05:38.642-0300] {processor.py:839} INFO - DAG(s) dict_keys(['example_setup_teardown_taskflow']) retrieved from /home/gmassoqueto/repos/apache-airflow-101/.venv/lib/python3.11/site-packages/airflow/example_dags/example_setup_teardown_taskflow.py
[2023-11-14T08:05:38.665-0300] {logging_mixin.py:154} INFO - [2023-11-14T08:05:38.665-0300] {dag.py:2941} INFO - Sync 1 DAGs
[2023-11-14T08:05:38.684-0300] {logging_mixin.py:154} INFO - [2023-11-14T08:05:38.684-0300] {dag.py:3722} INFO - Setting next_dagrun for example_setup_teardown_taskflow to 2023-11-13T11:05:38.684186+00:00, run_after=2023-11-14T11:05:38.684186+00:00
[2023-11-14T08:05:38.703-0300] {processor.py:179} INFO - Processing /home/gmassoqueto/repos/apache-airflow-101/.venv/lib/python3.11/site-packages/airflow/example_dags/example_setup_teardown_taskflow.py took 0.089 seconds
[2023-11-14T08:06:11.992-0300] {processor.py:157} INFO - Started process (PID=289179) to work on /home/gmassoqueto/repos/apache-airflow-101/.venv/lib/python3.11/site-packages/airflow/example_dags/example_setup_teardown_taskflow.py
[2023-11-14T08:06:11.996-0300] {processor.py:829} INFO - Processing file /home/gmassoqueto/repos/apache-airflow-101/.venv/lib/python3.11/site-packages/airflow/example_dags/example_setup_teardown_taskflow.py for tasks to queue
[2023-11-14T08:06:11.997-0300] {logging_mixin.py:154} INFO - [2023-11-14T08:06:11.997-0300] {dagbag.py:536} INFO - Filling up the DagBag from /home/gmassoqueto/repos/apache-airflow-101/.venv/lib/python3.11/site-packages/airflow/example_dags/example_setup_teardown_taskflow.py
[2023-11-14T08:06:12.008-0300] {processor.py:839} INFO - DAG(s) dict_keys(['example_setup_teardown_taskflow']) retrieved from /home/gmassoqueto/repos/apache-airflow-101/.venv/lib/python3.11/site-packages/airflow/example_dags/example_setup_teardown_taskflow.py
[2023-11-14T08:06:12.025-0300] {logging_mixin.py:154} INFO - [2023-11-14T08:06:12.024-0300] {dag.py:2941} INFO - Sync 1 DAGs
[2023-11-14T08:06:12.045-0300] {logging_mixin.py:154} INFO - [2023-11-14T08:06:12.045-0300] {dag.py:3722} INFO - Setting next_dagrun for example_setup_teardown_taskflow to 2023-11-13T11:06:12.045007+00:00, run_after=2023-11-14T11:06:12.045007+00:00
[2023-11-14T08:06:12.066-0300] {processor.py:179} INFO - Processing /home/gmassoqueto/repos/apache-airflow-101/.venv/lib/python3.11/site-packages/airflow/example_dags/example_setup_teardown_taskflow.py took 0.076 seconds
[2023-11-14T08:07:00.539-0300] {processor.py:157} INFO - Started process (PID=289294) to work on /home/gmassoqueto/repos/apache-airflow-101/.venv/lib/python3.11/site-packages/airflow/example_dags/example_setup_teardown_taskflow.py
[2023-11-14T08:07:00.541-0300] {processor.py:829} INFO - Processing file /home/gmassoqueto/repos/apache-airflow-101/.venv/lib/python3.11/site-packages/airflow/example_dags/example_setup_teardown_taskflow.py for tasks to queue
[2023-11-14T08:07:00.544-0300] {logging_mixin.py:154} INFO - [2023-11-14T08:07:00.543-0300] {dagbag.py:536} INFO - Filling up the DagBag from /home/gmassoqueto/repos/apache-airflow-101/.venv/lib/python3.11/site-packages/airflow/example_dags/example_setup_teardown_taskflow.py
[2023-11-14T08:07:00.566-0300] {processor.py:839} INFO - DAG(s) dict_keys(['example_setup_teardown_taskflow']) retrieved from /home/gmassoqueto/repos/apache-airflow-101/.venv/lib/python3.11/site-packages/airflow/example_dags/example_setup_teardown_taskflow.py
[2023-11-14T08:07:00.581-0300] {logging_mixin.py:154} INFO - [2023-11-14T08:07:00.581-0300] {dag.py:2941} INFO - Sync 1 DAGs
[2023-11-14T08:07:00.596-0300] {logging_mixin.py:154} INFO - [2023-11-14T08:07:00.596-0300] {dag.py:3722} INFO - Setting next_dagrun for example_setup_teardown_taskflow to 2023-11-13T11:07:00.596456+00:00, run_after=2023-11-14T11:07:00.596456+00:00
[2023-11-14T08:07:00.612-0300] {processor.py:179} INFO - Processing /home/gmassoqueto/repos/apache-airflow-101/.venv/lib/python3.11/site-packages/airflow/example_dags/example_setup_teardown_taskflow.py took 0.082 seconds
[2023-11-14T08:07:49.229-0300] {processor.py:157} INFO - Started process (PID=289507) to work on /home/gmassoqueto/repos/apache-airflow-101/.venv/lib/python3.11/site-packages/airflow/example_dags/example_setup_teardown_taskflow.py
[2023-11-14T08:07:49.234-0300] {processor.py:829} INFO - Processing file /home/gmassoqueto/repos/apache-airflow-101/.venv/lib/python3.11/site-packages/airflow/example_dags/example_setup_teardown_taskflow.py for tasks to queue
[2023-11-14T08:07:49.236-0300] {logging_mixin.py:154} INFO - [2023-11-14T08:07:49.235-0300] {dagbag.py:536} INFO - Filling up the DagBag from /home/gmassoqueto/repos/apache-airflow-101/.venv/lib/python3.11/site-packages/airflow/example_dags/example_setup_teardown_taskflow.py
[2023-11-14T08:07:49.261-0300] {processor.py:839} INFO - DAG(s) dict_keys(['example_setup_teardown_taskflow']) retrieved from /home/gmassoqueto/repos/apache-airflow-101/.venv/lib/python3.11/site-packages/airflow/example_dags/example_setup_teardown_taskflow.py
[2023-11-14T08:07:49.278-0300] {logging_mixin.py:154} INFO - [2023-11-14T08:07:49.277-0300] {dag.py:2941} INFO - Sync 1 DAGs
[2023-11-14T08:07:49.293-0300] {logging_mixin.py:154} INFO - [2023-11-14T08:07:49.293-0300] {dag.py:3722} INFO - Setting next_dagrun for example_setup_teardown_taskflow to 2023-11-13T11:07:49.292931+00:00, run_after=2023-11-14T11:07:49.292931+00:00
[2023-11-14T08:07:49.310-0300] {processor.py:179} INFO - Processing /home/gmassoqueto/repos/apache-airflow-101/.venv/lib/python3.11/site-packages/airflow/example_dags/example_setup_teardown_taskflow.py took 0.088 seconds
[2023-11-14T08:08:13.415-0300] {processor.py:157} INFO - Started process (PID=289681) to work on /home/gmassoqueto/repos/apache-airflow-101/.venv/lib/python3.11/site-packages/airflow/example_dags/example_setup_teardown_taskflow.py
[2023-11-14T08:08:13.420-0300] {processor.py:829} INFO - Processing file /home/gmassoqueto/repos/apache-airflow-101/.venv/lib/python3.11/site-packages/airflow/example_dags/example_setup_teardown_taskflow.py for tasks to queue
[2023-11-14T08:08:13.422-0300] {logging_mixin.py:154} INFO - [2023-11-14T08:08:13.421-0300] {dagbag.py:536} INFO - Filling up the DagBag from /home/gmassoqueto/repos/apache-airflow-101/.venv/lib/python3.11/site-packages/airflow/example_dags/example_setup_teardown_taskflow.py
[2023-11-14T08:08:13.446-0300] {processor.py:839} INFO - DAG(s) dict_keys(['example_setup_teardown_taskflow']) retrieved from /home/gmassoqueto/repos/apache-airflow-101/.venv/lib/python3.11/site-packages/airflow/example_dags/example_setup_teardown_taskflow.py
[2023-11-14T08:08:13.454-0300] {logging_mixin.py:154} INFO - [2023-11-14T08:08:13.453-0300] {dag.py:2941} INFO - Sync 1 DAGs
[2023-11-14T08:08:13.464-0300] {logging_mixin.py:154} INFO - [2023-11-14T08:08:13.463-0300] {dag.py:2963} INFO - Creating ORM DAG for example_setup_teardown_taskflow
[2023-11-14T08:08:13.472-0300] {logging_mixin.py:154} INFO - [2023-11-14T08:08:13.472-0300] {dag.py:3722} INFO - Setting next_dagrun for example_setup_teardown_taskflow to 2023-11-13T11:08:13.472263+00:00, run_after=2023-11-14T11:08:13.472263+00:00
[2023-11-14T08:08:13.490-0300] {processor.py:179} INFO - Processing /home/gmassoqueto/repos/apache-airflow-101/.venv/lib/python3.11/site-packages/airflow/example_dags/example_setup_teardown_taskflow.py took 0.081 seconds
[2023-11-14T08:09:52.429-0300] {processor.py:157} INFO - Started process (PID=290266) to work on /home/gmassoqueto/repos/apache-airflow-101/.venv/lib/python3.11/site-packages/airflow/example_dags/example_setup_teardown_taskflow.py
[2023-11-14T08:09:52.433-0300] {processor.py:829} INFO - Processing file /home/gmassoqueto/repos/apache-airflow-101/.venv/lib/python3.11/site-packages/airflow/example_dags/example_setup_teardown_taskflow.py for tasks to queue
[2023-11-14T08:09:52.434-0300] {logging_mixin.py:154} INFO - [2023-11-14T08:09:52.433-0300] {dagbag.py:536} INFO - Filling up the DagBag from /home/gmassoqueto/repos/apache-airflow-101/.venv/lib/python3.11/site-packages/airflow/example_dags/example_setup_teardown_taskflow.py
[2023-11-14T08:09:52.446-0300] {processor.py:839} INFO - DAG(s) dict_keys(['example_setup_teardown_taskflow']) retrieved from /home/gmassoqueto/repos/apache-airflow-101/.venv/lib/python3.11/site-packages/airflow/example_dags/example_setup_teardown_taskflow.py
[2023-11-14T08:09:52.452-0300] {logging_mixin.py:154} INFO - [2023-11-14T08:09:52.452-0300] {dag.py:2941} INFO - Sync 1 DAGs
[2023-11-14T08:09:52.471-0300] {logging_mixin.py:154} INFO - [2023-11-14T08:09:52.471-0300] {dag.py:3722} INFO - Setting next_dagrun for example_setup_teardown_taskflow to 2023-11-13T11:09:52.470902+00:00, run_after=2023-11-14T11:09:52.470902+00:00
[2023-11-14T08:09:52.492-0300] {processor.py:179} INFO - Processing /home/gmassoqueto/repos/apache-airflow-101/.venv/lib/python3.11/site-packages/airflow/example_dags/example_setup_teardown_taskflow.py took 0.065 seconds
[2023-11-14T08:10:41.194-0300] {processor.py:157} INFO - Started process (PID=291052) to work on /home/gmassoqueto/repos/apache-airflow-101/.venv/lib/python3.11/site-packages/airflow/example_dags/example_setup_teardown_taskflow.py
[2023-11-14T08:10:41.198-0300] {processor.py:829} INFO - Processing file /home/gmassoqueto/repos/apache-airflow-101/.venv/lib/python3.11/site-packages/airflow/example_dags/example_setup_teardown_taskflow.py for tasks to queue
[2023-11-14T08:10:41.199-0300] {logging_mixin.py:154} INFO - [2023-11-14T08:10:41.198-0300] {dagbag.py:536} INFO - Filling up the DagBag from /home/gmassoqueto/repos/apache-airflow-101/.venv/lib/python3.11/site-packages/airflow/example_dags/example_setup_teardown_taskflow.py
[2023-11-14T08:10:41.209-0300] {processor.py:839} INFO - DAG(s) dict_keys(['example_setup_teardown_taskflow']) retrieved from /home/gmassoqueto/repos/apache-airflow-101/.venv/lib/python3.11/site-packages/airflow/example_dags/example_setup_teardown_taskflow.py
[2023-11-14T08:10:41.223-0300] {logging_mixin.py:154} INFO - [2023-11-14T08:10:41.223-0300] {dag.py:2941} INFO - Sync 1 DAGs
[2023-11-14T08:10:41.238-0300] {logging_mixin.py:154} INFO - [2023-11-14T08:10:41.238-0300] {dag.py:3722} INFO - Setting next_dagrun for example_setup_teardown_taskflow to 2023-11-13T11:10:41.238183+00:00, run_after=2023-11-14T11:10:41.238183+00:00
[2023-11-14T08:10:41.266-0300] {processor.py:179} INFO - Processing /home/gmassoqueto/repos/apache-airflow-101/.venv/lib/python3.11/site-packages/airflow/example_dags/example_setup_teardown_taskflow.py took 0.074 seconds
[2023-11-14T08:11:27.217-0300] {processor.py:157} INFO - Started process (PID=291173) to work on /home/gmassoqueto/repos/apache-airflow-101/.venv/lib/python3.11/site-packages/airflow/example_dags/example_setup_teardown_taskflow.py
[2023-11-14T08:11:27.219-0300] {processor.py:829} INFO - Processing file /home/gmassoqueto/repos/apache-airflow-101/.venv/lib/python3.11/site-packages/airflow/example_dags/example_setup_teardown_taskflow.py for tasks to queue
[2023-11-14T08:11:27.221-0300] {logging_mixin.py:154} INFO - [2023-11-14T08:11:27.220-0300] {dagbag.py:536} INFO - Filling up the DagBag from /home/gmassoqueto/repos/apache-airflow-101/.venv/lib/python3.11/site-packages/airflow/example_dags/example_setup_teardown_taskflow.py
[2023-11-14T08:11:27.247-0300] {processor.py:839} INFO - DAG(s) dict_keys(['example_setup_teardown_taskflow']) retrieved from /home/gmassoqueto/repos/apache-airflow-101/.venv/lib/python3.11/site-packages/airflow/example_dags/example_setup_teardown_taskflow.py
[2023-11-14T08:11:27.266-0300] {logging_mixin.py:154} INFO - [2023-11-14T08:11:27.266-0300] {dag.py:2941} INFO - Sync 1 DAGs
[2023-11-14T08:11:27.282-0300] {logging_mixin.py:154} INFO - [2023-11-14T08:11:27.282-0300] {dag.py:3722} INFO - Setting next_dagrun for example_setup_teardown_taskflow to 2023-11-13T11:11:27.282227+00:00, run_after=2023-11-14T11:11:27.282227+00:00
[2023-11-14T08:11:27.296-0300] {processor.py:179} INFO - Processing /home/gmassoqueto/repos/apache-airflow-101/.venv/lib/python3.11/site-packages/airflow/example_dags/example_setup_teardown_taskflow.py took 0.084 seconds
[2023-11-14T08:12:12.821-0300] {processor.py:157} INFO - Started process (PID=291333) to work on /home/gmassoqueto/repos/apache-airflow-101/.venv/lib/python3.11/site-packages/airflow/example_dags/example_setup_teardown_taskflow.py
[2023-11-14T08:12:12.826-0300] {processor.py:829} INFO - Processing file /home/gmassoqueto/repos/apache-airflow-101/.venv/lib/python3.11/site-packages/airflow/example_dags/example_setup_teardown_taskflow.py for tasks to queue
[2023-11-14T08:12:12.828-0300] {logging_mixin.py:154} INFO - [2023-11-14T08:12:12.827-0300] {dagbag.py:536} INFO - Filling up the DagBag from /home/gmassoqueto/repos/apache-airflow-101/.venv/lib/python3.11/site-packages/airflow/example_dags/example_setup_teardown_taskflow.py
[2023-11-14T08:12:12.850-0300] {processor.py:839} INFO - DAG(s) dict_keys(['example_setup_teardown_taskflow']) retrieved from /home/gmassoqueto/repos/apache-airflow-101/.venv/lib/python3.11/site-packages/airflow/example_dags/example_setup_teardown_taskflow.py
[2023-11-14T08:12:12.859-0300] {logging_mixin.py:154} INFO - [2023-11-14T08:12:12.858-0300] {dag.py:2941} INFO - Sync 1 DAGs
[2023-11-14T08:12:12.878-0300] {logging_mixin.py:154} INFO - [2023-11-14T08:12:12.877-0300] {dag.py:3722} INFO - Setting next_dagrun for example_setup_teardown_taskflow to 2023-11-13T11:12:12.877668+00:00, run_after=2023-11-14T11:12:12.877668+00:00
[2023-11-14T08:12:12.897-0300] {processor.py:179} INFO - Processing /home/gmassoqueto/repos/apache-airflow-101/.venv/lib/python3.11/site-packages/airflow/example_dags/example_setup_teardown_taskflow.py took 0.083 seconds
[2023-11-14T08:12:59.437-0300] {processor.py:157} INFO - Started process (PID=291576) to work on /home/gmassoqueto/repos/apache-airflow-101/.venv/lib/python3.11/site-packages/airflow/example_dags/example_setup_teardown_taskflow.py
[2023-11-14T08:12:59.441-0300] {processor.py:829} INFO - Processing file /home/gmassoqueto/repos/apache-airflow-101/.venv/lib/python3.11/site-packages/airflow/example_dags/example_setup_teardown_taskflow.py for tasks to queue
[2023-11-14T08:12:59.442-0300] {logging_mixin.py:154} INFO - [2023-11-14T08:12:59.441-0300] {dagbag.py:536} INFO - Filling up the DagBag from /home/gmassoqueto/repos/apache-airflow-101/.venv/lib/python3.11/site-packages/airflow/example_dags/example_setup_teardown_taskflow.py
[2023-11-14T08:12:59.453-0300] {processor.py:839} INFO - DAG(s) dict_keys(['example_setup_teardown_taskflow']) retrieved from /home/gmassoqueto/repos/apache-airflow-101/.venv/lib/python3.11/site-packages/airflow/example_dags/example_setup_teardown_taskflow.py
[2023-11-14T08:12:59.469-0300] {logging_mixin.py:154} INFO - [2023-11-14T08:12:59.469-0300] {dag.py:2941} INFO - Sync 1 DAGs
[2023-11-14T08:12:59.485-0300] {logging_mixin.py:154} INFO - [2023-11-14T08:12:59.484-0300] {dag.py:3722} INFO - Setting next_dagrun for example_setup_teardown_taskflow to 2023-11-13T11:12:59.484717+00:00, run_after=2023-11-14T11:12:59.484717+00:00
[2023-11-14T08:12:59.501-0300] {processor.py:179} INFO - Processing /home/gmassoqueto/repos/apache-airflow-101/.venv/lib/python3.11/site-packages/airflow/example_dags/example_setup_teardown_taskflow.py took 0.066 seconds
[2023-11-14T08:13:44.763-0300] {processor.py:157} INFO - Started process (PID=291660) to work on /home/gmassoqueto/repos/apache-airflow-101/.venv/lib/python3.11/site-packages/airflow/example_dags/example_setup_teardown_taskflow.py
[2023-11-14T08:13:44.767-0300] {processor.py:829} INFO - Processing file /home/gmassoqueto/repos/apache-airflow-101/.venv/lib/python3.11/site-packages/airflow/example_dags/example_setup_teardown_taskflow.py for tasks to queue
[2023-11-14T08:13:44.769-0300] {logging_mixin.py:154} INFO - [2023-11-14T08:13:44.768-0300] {dagbag.py:536} INFO - Filling up the DagBag from /home/gmassoqueto/repos/apache-airflow-101/.venv/lib/python3.11/site-packages/airflow/example_dags/example_setup_teardown_taskflow.py
[2023-11-14T08:13:44.781-0300] {processor.py:839} INFO - DAG(s) dict_keys(['example_setup_teardown_taskflow']) retrieved from /home/gmassoqueto/repos/apache-airflow-101/.venv/lib/python3.11/site-packages/airflow/example_dags/example_setup_teardown_taskflow.py
[2023-11-14T08:13:44.800-0300] {logging_mixin.py:154} INFO - [2023-11-14T08:13:44.800-0300] {dag.py:2941} INFO - Sync 1 DAGs
[2023-11-14T08:13:44.822-0300] {logging_mixin.py:154} INFO - [2023-11-14T08:13:44.822-0300] {dag.py:3722} INFO - Setting next_dagrun for example_setup_teardown_taskflow to 2023-11-13T11:13:44.821883+00:00, run_after=2023-11-14T11:13:44.821883+00:00
[2023-11-14T08:13:44.845-0300] {processor.py:179} INFO - Processing /home/gmassoqueto/repos/apache-airflow-101/.venv/lib/python3.11/site-packages/airflow/example_dags/example_setup_teardown_taskflow.py took 0.085 seconds
[2023-11-14T08:14:21.201-0300] {processor.py:157} INFO - Started process (PID=291727) to work on /home/gmassoqueto/repos/apache-airflow-101/.venv/lib/python3.11/site-packages/airflow/example_dags/example_setup_teardown_taskflow.py
[2023-11-14T08:14:21.206-0300] {processor.py:829} INFO - Processing file /home/gmassoqueto/repos/apache-airflow-101/.venv/lib/python3.11/site-packages/airflow/example_dags/example_setup_teardown_taskflow.py for tasks to queue
[2023-11-14T08:14:21.208-0300] {logging_mixin.py:154} INFO - [2023-11-14T08:14:21.207-0300] {dagbag.py:536} INFO - Filling up the DagBag from /home/gmassoqueto/repos/apache-airflow-101/.venv/lib/python3.11/site-packages/airflow/example_dags/example_setup_teardown_taskflow.py
[2023-11-14T08:14:21.229-0300] {processor.py:839} INFO - DAG(s) dict_keys(['example_setup_teardown_taskflow']) retrieved from /home/gmassoqueto/repos/apache-airflow-101/.venv/lib/python3.11/site-packages/airflow/example_dags/example_setup_teardown_taskflow.py
[2023-11-14T08:14:21.252-0300] {logging_mixin.py:154} INFO - [2023-11-14T08:14:21.252-0300] {dag.py:2941} INFO - Sync 1 DAGs
[2023-11-14T08:14:21.275-0300] {logging_mixin.py:154} INFO - [2023-11-14T08:14:21.275-0300] {dag.py:3722} INFO - Setting next_dagrun for example_setup_teardown_taskflow to 2023-11-13T11:14:21.275366+00:00, run_after=2023-11-14T11:14:21.275366+00:00
[2023-11-14T08:14:21.299-0300] {processor.py:179} INFO - Processing /home/gmassoqueto/repos/apache-airflow-101/.venv/lib/python3.11/site-packages/airflow/example_dags/example_setup_teardown_taskflow.py took 0.103 seconds
[2023-11-14T08:15:08.311-0300] {processor.py:157} INFO - Started process (PID=291884) to work on /home/gmassoqueto/repos/apache-airflow-101/.venv/lib/python3.11/site-packages/airflow/example_dags/example_setup_teardown_taskflow.py
[2023-11-14T08:15:08.315-0300] {processor.py:829} INFO - Processing file /home/gmassoqueto/repos/apache-airflow-101/.venv/lib/python3.11/site-packages/airflow/example_dags/example_setup_teardown_taskflow.py for tasks to queue
[2023-11-14T08:15:08.316-0300] {logging_mixin.py:154} INFO - [2023-11-14T08:15:08.315-0300] {dagbag.py:536} INFO - Filling up the DagBag from /home/gmassoqueto/repos/apache-airflow-101/.venv/lib/python3.11/site-packages/airflow/example_dags/example_setup_teardown_taskflow.py
[2023-11-14T08:15:08.326-0300] {processor.py:839} INFO - DAG(s) dict_keys(['example_setup_teardown_taskflow']) retrieved from /home/gmassoqueto/repos/apache-airflow-101/.venv/lib/python3.11/site-packages/airflow/example_dags/example_setup_teardown_taskflow.py
[2023-11-14T08:15:08.339-0300] {logging_mixin.py:154} INFO - [2023-11-14T08:15:08.339-0300] {dag.py:2941} INFO - Sync 1 DAGs
[2023-11-14T08:15:08.353-0300] {logging_mixin.py:154} INFO - [2023-11-14T08:15:08.353-0300] {dag.py:3722} INFO - Setting next_dagrun for example_setup_teardown_taskflow to 2023-11-13T11:15:08.353157+00:00, run_after=2023-11-14T11:15:08.353157+00:00
[2023-11-14T08:15:08.371-0300] {processor.py:179} INFO - Processing /home/gmassoqueto/repos/apache-airflow-101/.venv/lib/python3.11/site-packages/airflow/example_dags/example_setup_teardown_taskflow.py took 0.062 seconds
[2023-11-14T08:15:55.720-0300] {processor.py:157} INFO - Started process (PID=291972) to work on /home/gmassoqueto/repos/apache-airflow-101/.venv/lib/python3.11/site-packages/airflow/example_dags/example_setup_teardown_taskflow.py
[2023-11-14T08:15:55.724-0300] {processor.py:829} INFO - Processing file /home/gmassoqueto/repos/apache-airflow-101/.venv/lib/python3.11/site-packages/airflow/example_dags/example_setup_teardown_taskflow.py for tasks to queue
[2023-11-14T08:15:55.724-0300] {logging_mixin.py:154} INFO - [2023-11-14T08:15:55.724-0300] {dagbag.py:536} INFO - Filling up the DagBag from /home/gmassoqueto/repos/apache-airflow-101/.venv/lib/python3.11/site-packages/airflow/example_dags/example_setup_teardown_taskflow.py
[2023-11-14T08:15:55.735-0300] {processor.py:839} INFO - DAG(s) dict_keys(['example_setup_teardown_taskflow']) retrieved from /home/gmassoqueto/repos/apache-airflow-101/.venv/lib/python3.11/site-packages/airflow/example_dags/example_setup_teardown_taskflow.py
[2023-11-14T08:15:55.752-0300] {logging_mixin.py:154} INFO - [2023-11-14T08:15:55.752-0300] {dag.py:2941} INFO - Sync 1 DAGs
[2023-11-14T08:15:55.767-0300] {logging_mixin.py:154} INFO - [2023-11-14T08:15:55.767-0300] {dag.py:3722} INFO - Setting next_dagrun for example_setup_teardown_taskflow to 2023-11-13T11:15:55.767507+00:00, run_after=2023-11-14T11:15:55.767507+00:00
[2023-11-14T08:15:55.784-0300] {processor.py:179} INFO - Processing /home/gmassoqueto/repos/apache-airflow-101/.venv/lib/python3.11/site-packages/airflow/example_dags/example_setup_teardown_taskflow.py took 0.067 seconds
[2023-11-14T08:16:43.674-0300] {processor.py:157} INFO - Started process (PID=292052) to work on /home/gmassoqueto/repos/apache-airflow-101/.venv/lib/python3.11/site-packages/airflow/example_dags/example_setup_teardown_taskflow.py
[2023-11-14T08:16:43.678-0300] {processor.py:829} INFO - Processing file /home/gmassoqueto/repos/apache-airflow-101/.venv/lib/python3.11/site-packages/airflow/example_dags/example_setup_teardown_taskflow.py for tasks to queue
[2023-11-14T08:16:43.680-0300] {logging_mixin.py:154} INFO - [2023-11-14T08:16:43.679-0300] {dagbag.py:536} INFO - Filling up the DagBag from /home/gmassoqueto/repos/apache-airflow-101/.venv/lib/python3.11/site-packages/airflow/example_dags/example_setup_teardown_taskflow.py
[2023-11-14T08:16:43.699-0300] {processor.py:839} INFO - DAG(s) dict_keys(['example_setup_teardown_taskflow']) retrieved from /home/gmassoqueto/repos/apache-airflow-101/.venv/lib/python3.11/site-packages/airflow/example_dags/example_setup_teardown_taskflow.py
[2023-11-14T08:16:43.715-0300] {logging_mixin.py:154} INFO - [2023-11-14T08:16:43.714-0300] {dag.py:2941} INFO - Sync 1 DAGs
[2023-11-14T08:16:43.729-0300] {logging_mixin.py:154} INFO - [2023-11-14T08:16:43.729-0300] {dag.py:3722} INFO - Setting next_dagrun for example_setup_teardown_taskflow to 2023-11-13T11:16:43.728878+00:00, run_after=2023-11-14T11:16:43.728878+00:00
[2023-11-14T08:16:43.745-0300] {processor.py:179} INFO - Processing /home/gmassoqueto/repos/apache-airflow-101/.venv/lib/python3.11/site-packages/airflow/example_dags/example_setup_teardown_taskflow.py took 0.078 seconds
[2023-11-14T08:17:18.132-0300] {processor.py:157} INFO - Started process (PID=292112) to work on /home/gmassoqueto/repos/apache-airflow-101/.venv/lib/python3.11/site-packages/airflow/example_dags/example_setup_teardown_taskflow.py
[2023-11-14T08:17:18.135-0300] {processor.py:829} INFO - Processing file /home/gmassoqueto/repos/apache-airflow-101/.venv/lib/python3.11/site-packages/airflow/example_dags/example_setup_teardown_taskflow.py for tasks to queue
[2023-11-14T08:17:18.136-0300] {logging_mixin.py:154} INFO - [2023-11-14T08:17:18.136-0300] {dagbag.py:536} INFO - Filling up the DagBag from /home/gmassoqueto/repos/apache-airflow-101/.venv/lib/python3.11/site-packages/airflow/example_dags/example_setup_teardown_taskflow.py
[2023-11-14T08:17:18.148-0300] {processor.py:839} INFO - DAG(s) dict_keys(['example_setup_teardown_taskflow']) retrieved from /home/gmassoqueto/repos/apache-airflow-101/.venv/lib/python3.11/site-packages/airflow/example_dags/example_setup_teardown_taskflow.py
[2023-11-14T08:17:18.165-0300] {logging_mixin.py:154} INFO - [2023-11-14T08:17:18.165-0300] {dag.py:2941} INFO - Sync 1 DAGs
[2023-11-14T08:17:18.179-0300] {logging_mixin.py:154} INFO - [2023-11-14T08:17:18.179-0300] {dag.py:3722} INFO - Setting next_dagrun for example_setup_teardown_taskflow to 2023-11-13T11:17:18.179678+00:00, run_after=2023-11-14T11:17:18.179678+00:00
[2023-11-14T08:17:18.196-0300] {processor.py:179} INFO - Processing /home/gmassoqueto/repos/apache-airflow-101/.venv/lib/python3.11/site-packages/airflow/example_dags/example_setup_teardown_taskflow.py took 0.067 seconds
[2023-11-14T08:18:05.938-0300] {processor.py:157} INFO - Started process (PID=292219) to work on /home/gmassoqueto/repos/apache-airflow-101/.venv/lib/python3.11/site-packages/airflow/example_dags/example_setup_teardown_taskflow.py
[2023-11-14T08:18:05.942-0300] {processor.py:829} INFO - Processing file /home/gmassoqueto/repos/apache-airflow-101/.venv/lib/python3.11/site-packages/airflow/example_dags/example_setup_teardown_taskflow.py for tasks to queue
[2023-11-14T08:18:05.944-0300] {logging_mixin.py:154} INFO - [2023-11-14T08:18:05.943-0300] {dagbag.py:536} INFO - Filling up the DagBag from /home/gmassoqueto/repos/apache-airflow-101/.venv/lib/python3.11/site-packages/airflow/example_dags/example_setup_teardown_taskflow.py
[2023-11-14T08:18:05.975-0300] {processor.py:839} INFO - DAG(s) dict_keys(['example_setup_teardown_taskflow']) retrieved from /home/gmassoqueto/repos/apache-airflow-101/.venv/lib/python3.11/site-packages/airflow/example_dags/example_setup_teardown_taskflow.py
[2023-11-14T08:18:05.990-0300] {logging_mixin.py:154} INFO - [2023-11-14T08:18:05.990-0300] {dag.py:2941} INFO - Sync 1 DAGs
[2023-11-14T08:18:06.008-0300] {logging_mixin.py:154} INFO - [2023-11-14T08:18:06.007-0300] {dag.py:3722} INFO - Setting next_dagrun for example_setup_teardown_taskflow to 2023-11-13T11:18:06.007672+00:00, run_after=2023-11-14T11:18:06.007672+00:00
[2023-11-14T08:18:06.027-0300] {processor.py:179} INFO - Processing /home/gmassoqueto/repos/apache-airflow-101/.venv/lib/python3.11/site-packages/airflow/example_dags/example_setup_teardown_taskflow.py took 0.092 seconds
