[2023-11-14T07:03:41.724-0300] {processor.py:157} INFO - Started process (PID=284787) to work on /home/gmassoqueto/repos/apache-airflow-101/.venv/lib/python3.11/site-packages/airflow/example_dags/example_complex.py
[2023-11-14T07:03:41.724-0300] {processor.py:829} INFO - Processing file /home/gmassoqueto/repos/apache-airflow-101/.venv/lib/python3.11/site-packages/airflow/example_dags/example_complex.py for tasks to queue
[2023-11-14T07:03:41.725-0300] {logging_mixin.py:154} INFO - [2023-11-14T07:03:41.725-0300] {dagbag.py:536} INFO - Filling up the DagBag from /home/gmassoqueto/repos/apache-airflow-101/.venv/lib/python3.11/site-packages/airflow/example_dags/example_complex.py
[2023-11-14T07:03:41.735-0300] {processor.py:839} INFO - DAG(s) dict_keys(['example_complex']) retrieved from /home/gmassoqueto/repos/apache-airflow-101/.venv/lib/python3.11/site-packages/airflow/example_dags/example_complex.py
[2023-11-14T07:03:41.759-0300] {logging_mixin.py:154} INFO - [2023-11-14T07:03:41.758-0300] {dag.py:2941} INFO - Sync 1 DAGs
[2023-11-14T07:03:41.767-0300] {logging_mixin.py:154} INFO - [2023-11-14T07:03:41.767-0300] {dag.py:3722} INFO - Setting next_dagrun for example_complex to None, run_after=None
[2023-11-14T07:03:41.786-0300] {processor.py:179} INFO - Processing /home/gmassoqueto/repos/apache-airflow-101/.venv/lib/python3.11/site-packages/airflow/example_dags/example_complex.py took 0.064 seconds
[2023-11-14T07:57:36.834-0300] {processor.py:157} INFO - Started process (PID=287253) to work on /home/gmassoqueto/repos/apache-airflow-101/.venv/lib/python3.11/site-packages/airflow/example_dags/example_complex.py
[2023-11-14T07:57:36.839-0300] {processor.py:829} INFO - Processing file /home/gmassoqueto/repos/apache-airflow-101/.venv/lib/python3.11/site-packages/airflow/example_dags/example_complex.py for tasks to queue
[2023-11-14T07:57:36.841-0300] {logging_mixin.py:154} INFO - [2023-11-14T07:57:36.840-0300] {dagbag.py:536} INFO - Filling up the DagBag from /home/gmassoqueto/repos/apache-airflow-101/.venv/lib/python3.11/site-packages/airflow/example_dags/example_complex.py
[2023-11-14T07:57:36.867-0300] {processor.py:839} INFO - DAG(s) dict_keys(['example_complex']) retrieved from /home/gmassoqueto/repos/apache-airflow-101/.venv/lib/python3.11/site-packages/airflow/example_dags/example_complex.py
[2023-11-14T07:57:36.889-0300] {logging_mixin.py:154} INFO - [2023-11-14T07:57:36.889-0300] {dag.py:2941} INFO - Sync 1 DAGs
[2023-11-14T07:57:36.897-0300] {logging_mixin.py:154} INFO - [2023-11-14T07:57:36.897-0300] {dag.py:3722} INFO - Setting next_dagrun for example_complex to None, run_after=None
[2023-11-14T07:57:36.922-0300] {processor.py:179} INFO - Processing /home/gmassoqueto/repos/apache-airflow-101/.venv/lib/python3.11/site-packages/airflow/example_dags/example_complex.py took 0.094 seconds
[2023-11-14T07:58:24.325-0300] {processor.py:157} INFO - Started process (PID=287441) to work on /home/gmassoqueto/repos/apache-airflow-101/.venv/lib/python3.11/site-packages/airflow/example_dags/example_complex.py
[2023-11-14T07:58:24.326-0300] {processor.py:829} INFO - Processing file /home/gmassoqueto/repos/apache-airflow-101/.venv/lib/python3.11/site-packages/airflow/example_dags/example_complex.py for tasks to queue
[2023-11-14T07:58:24.326-0300] {logging_mixin.py:154} INFO - [2023-11-14T07:58:24.326-0300] {dagbag.py:536} INFO - Filling up the DagBag from /home/gmassoqueto/repos/apache-airflow-101/.venv/lib/python3.11/site-packages/airflow/example_dags/example_complex.py
[2023-11-14T07:58:24.341-0300] {processor.py:839} INFO - DAG(s) dict_keys(['example_complex']) retrieved from /home/gmassoqueto/repos/apache-airflow-101/.venv/lib/python3.11/site-packages/airflow/example_dags/example_complex.py
[2023-11-14T07:58:24.370-0300] {logging_mixin.py:154} INFO - [2023-11-14T07:58:24.369-0300] {dag.py:2941} INFO - Sync 1 DAGs
[2023-11-14T07:58:24.382-0300] {logging_mixin.py:154} INFO - [2023-11-14T07:58:24.382-0300] {dag.py:3722} INFO - Setting next_dagrun for example_complex to None, run_after=None
[2023-11-14T07:58:24.404-0300] {processor.py:179} INFO - Processing /home/gmassoqueto/repos/apache-airflow-101/.venv/lib/python3.11/site-packages/airflow/example_dags/example_complex.py took 0.083 seconds
[2023-11-14T07:59:09.859-0300] {processor.py:157} INFO - Started process (PID=287574) to work on /home/gmassoqueto/repos/apache-airflow-101/.venv/lib/python3.11/site-packages/airflow/example_dags/example_complex.py
[2023-11-14T07:59:09.860-0300] {processor.py:829} INFO - Processing file /home/gmassoqueto/repos/apache-airflow-101/.venv/lib/python3.11/site-packages/airflow/example_dags/example_complex.py for tasks to queue
[2023-11-14T07:59:09.861-0300] {logging_mixin.py:154} INFO - [2023-11-14T07:59:09.860-0300] {dagbag.py:536} INFO - Filling up the DagBag from /home/gmassoqueto/repos/apache-airflow-101/.venv/lib/python3.11/site-packages/airflow/example_dags/example_complex.py
[2023-11-14T07:59:09.874-0300] {processor.py:839} INFO - DAG(s) dict_keys(['example_complex']) retrieved from /home/gmassoqueto/repos/apache-airflow-101/.venv/lib/python3.11/site-packages/airflow/example_dags/example_complex.py
[2023-11-14T07:59:09.900-0300] {logging_mixin.py:154} INFO - [2023-11-14T07:59:09.900-0300] {dag.py:2941} INFO - Sync 1 DAGs
[2023-11-14T07:59:09.908-0300] {logging_mixin.py:154} INFO - [2023-11-14T07:59:09.908-0300] {dag.py:3722} INFO - Setting next_dagrun for example_complex to None, run_after=None
[2023-11-14T07:59:09.924-0300] {processor.py:179} INFO - Processing /home/gmassoqueto/repos/apache-airflow-101/.venv/lib/python3.11/site-packages/airflow/example_dags/example_complex.py took 0.068 seconds
[2023-11-14T08:00:01.448-0300] {processor.py:157} INFO - Started process (PID=287685) to work on /home/gmassoqueto/repos/apache-airflow-101/.venv/lib/python3.11/site-packages/airflow/example_dags/example_complex.py
[2023-11-14T08:00:01.454-0300] {processor.py:829} INFO - Processing file /home/gmassoqueto/repos/apache-airflow-101/.venv/lib/python3.11/site-packages/airflow/example_dags/example_complex.py for tasks to queue
[2023-11-14T08:00:01.457-0300] {logging_mixin.py:154} INFO - [2023-11-14T08:00:01.456-0300] {dagbag.py:536} INFO - Filling up the DagBag from /home/gmassoqueto/repos/apache-airflow-101/.venv/lib/python3.11/site-packages/airflow/example_dags/example_complex.py
[2023-11-14T08:00:01.480-0300] {processor.py:839} INFO - DAG(s) dict_keys(['example_complex']) retrieved from /home/gmassoqueto/repos/apache-airflow-101/.venv/lib/python3.11/site-packages/airflow/example_dags/example_complex.py
[2023-11-14T08:00:01.505-0300] {logging_mixin.py:154} INFO - [2023-11-14T08:00:01.505-0300] {dag.py:2941} INFO - Sync 1 DAGs
[2023-11-14T08:00:01.514-0300] {logging_mixin.py:154} INFO - [2023-11-14T08:00:01.514-0300] {dag.py:3722} INFO - Setting next_dagrun for example_complex to None, run_after=None
[2023-11-14T08:00:01.532-0300] {processor.py:179} INFO - Processing /home/gmassoqueto/repos/apache-airflow-101/.venv/lib/python3.11/site-packages/airflow/example_dags/example_complex.py took 0.091 seconds
[2023-11-14T08:00:53.039-0300] {processor.py:157} INFO - Started process (PID=287841) to work on /home/gmassoqueto/repos/apache-airflow-101/.venv/lib/python3.11/site-packages/airflow/example_dags/example_complex.py
[2023-11-14T08:00:53.042-0300] {processor.py:829} INFO - Processing file /home/gmassoqueto/repos/apache-airflow-101/.venv/lib/python3.11/site-packages/airflow/example_dags/example_complex.py for tasks to queue
[2023-11-14T08:00:53.043-0300] {logging_mixin.py:154} INFO - [2023-11-14T08:00:53.043-0300] {dagbag.py:536} INFO - Filling up the DagBag from /home/gmassoqueto/repos/apache-airflow-101/.venv/lib/python3.11/site-packages/airflow/example_dags/example_complex.py
[2023-11-14T08:00:53.050-0300] {processor.py:839} INFO - DAG(s) dict_keys(['example_complex']) retrieved from /home/gmassoqueto/repos/apache-airflow-101/.venv/lib/python3.11/site-packages/airflow/example_dags/example_complex.py
[2023-11-14T08:00:53.067-0300] {logging_mixin.py:154} INFO - [2023-11-14T08:00:53.066-0300] {dag.py:2941} INFO - Sync 1 DAGs
[2023-11-14T08:00:53.074-0300] {logging_mixin.py:154} INFO - [2023-11-14T08:00:53.074-0300] {dag.py:3722} INFO - Setting next_dagrun for example_complex to None, run_after=None
[2023-11-14T08:00:53.090-0300] {processor.py:179} INFO - Processing /home/gmassoqueto/repos/apache-airflow-101/.venv/lib/python3.11/site-packages/airflow/example_dags/example_complex.py took 0.053 seconds
[2023-11-14T08:01:39.830-0300] {processor.py:157} INFO - Started process (PID=288055) to work on /home/gmassoqueto/repos/apache-airflow-101/.venv/lib/python3.11/site-packages/airflow/example_dags/example_complex.py
[2023-11-14T08:01:39.835-0300] {processor.py:829} INFO - Processing file /home/gmassoqueto/repos/apache-airflow-101/.venv/lib/python3.11/site-packages/airflow/example_dags/example_complex.py for tasks to queue
[2023-11-14T08:01:39.837-0300] {logging_mixin.py:154} INFO - [2023-11-14T08:01:39.836-0300] {dagbag.py:536} INFO - Filling up the DagBag from /home/gmassoqueto/repos/apache-airflow-101/.venv/lib/python3.11/site-packages/airflow/example_dags/example_complex.py
[2023-11-14T08:01:39.860-0300] {processor.py:839} INFO - DAG(s) dict_keys(['example_complex']) retrieved from /home/gmassoqueto/repos/apache-airflow-101/.venv/lib/python3.11/site-packages/airflow/example_dags/example_complex.py
[2023-11-14T08:01:39.886-0300] {logging_mixin.py:154} INFO - [2023-11-14T08:01:39.886-0300] {dag.py:2941} INFO - Sync 1 DAGs
[2023-11-14T08:01:39.895-0300] {logging_mixin.py:154} INFO - [2023-11-14T08:01:39.894-0300] {dag.py:3722} INFO - Setting next_dagrun for example_complex to None, run_after=None
[2023-11-14T08:01:39.914-0300] {processor.py:179} INFO - Processing /home/gmassoqueto/repos/apache-airflow-101/.venv/lib/python3.11/site-packages/airflow/example_dags/example_complex.py took 0.091 seconds
[2023-11-14T08:02:28.602-0300] {processor.py:157} INFO - Started process (PID=288168) to work on /home/gmassoqueto/repos/apache-airflow-101/.venv/lib/python3.11/site-packages/airflow/example_dags/example_complex.py
[2023-11-14T08:02:28.606-0300] {processor.py:829} INFO - Processing file /home/gmassoqueto/repos/apache-airflow-101/.venv/lib/python3.11/site-packages/airflow/example_dags/example_complex.py for tasks to queue
[2023-11-14T08:02:28.608-0300] {logging_mixin.py:154} INFO - [2023-11-14T08:02:28.607-0300] {dagbag.py:536} INFO - Filling up the DagBag from /home/gmassoqueto/repos/apache-airflow-101/.venv/lib/python3.11/site-packages/airflow/example_dags/example_complex.py
[2023-11-14T08:02:28.630-0300] {processor.py:839} INFO - DAG(s) dict_keys(['example_complex']) retrieved from /home/gmassoqueto/repos/apache-airflow-101/.venv/lib/python3.11/site-packages/airflow/example_dags/example_complex.py
[2023-11-14T08:02:28.658-0300] {logging_mixin.py:154} INFO - [2023-11-14T08:02:28.657-0300] {dag.py:2941} INFO - Sync 1 DAGs
[2023-11-14T08:02:28.669-0300] {logging_mixin.py:154} INFO - [2023-11-14T08:02:28.669-0300] {dag.py:3722} INFO - Setting next_dagrun for example_complex to None, run_after=None
[2023-11-14T08:02:28.691-0300] {processor.py:179} INFO - Processing /home/gmassoqueto/repos/apache-airflow-101/.venv/lib/python3.11/site-packages/airflow/example_dags/example_complex.py took 0.096 seconds
[2023-11-14T08:03:16.947-0300] {processor.py:157} INFO - Started process (PID=288382) to work on /home/gmassoqueto/repos/apache-airflow-101/.venv/lib/python3.11/site-packages/airflow/example_dags/example_complex.py
[2023-11-14T08:03:16.948-0300] {processor.py:829} INFO - Processing file /home/gmassoqueto/repos/apache-airflow-101/.venv/lib/python3.11/site-packages/airflow/example_dags/example_complex.py for tasks to queue
[2023-11-14T08:03:16.949-0300] {logging_mixin.py:154} INFO - [2023-11-14T08:03:16.949-0300] {dagbag.py:536} INFO - Filling up the DagBag from /home/gmassoqueto/repos/apache-airflow-101/.venv/lib/python3.11/site-packages/airflow/example_dags/example_complex.py
[2023-11-14T08:03:16.962-0300] {processor.py:839} INFO - DAG(s) dict_keys(['example_complex']) retrieved from /home/gmassoqueto/repos/apache-airflow-101/.venv/lib/python3.11/site-packages/airflow/example_dags/example_complex.py
[2023-11-14T08:03:16.987-0300] {logging_mixin.py:154} INFO - [2023-11-14T08:03:16.987-0300] {dag.py:2941} INFO - Sync 1 DAGs
[2023-11-14T08:03:16.996-0300] {logging_mixin.py:154} INFO - [2023-11-14T08:03:16.995-0300] {dag.py:3722} INFO - Setting next_dagrun for example_complex to None, run_after=None
[2023-11-14T08:03:17.012-0300] {processor.py:179} INFO - Processing /home/gmassoqueto/repos/apache-airflow-101/.venv/lib/python3.11/site-packages/airflow/example_dags/example_complex.py took 0.067 seconds
[2023-11-14T08:04:05.988-0300] {processor.py:157} INFO - Started process (PID=288815) to work on /home/gmassoqueto/repos/apache-airflow-101/.venv/lib/python3.11/site-packages/airflow/example_dags/example_complex.py
[2023-11-14T08:04:05.989-0300] {processor.py:829} INFO - Processing file /home/gmassoqueto/repos/apache-airflow-101/.venv/lib/python3.11/site-packages/airflow/example_dags/example_complex.py for tasks to queue
[2023-11-14T08:04:05.991-0300] {logging_mixin.py:154} INFO - [2023-11-14T08:04:05.990-0300] {dagbag.py:536} INFO - Filling up the DagBag from /home/gmassoqueto/repos/apache-airflow-101/.venv/lib/python3.11/site-packages/airflow/example_dags/example_complex.py
[2023-11-14T08:04:06.007-0300] {processor.py:839} INFO - DAG(s) dict_keys(['example_complex']) retrieved from /home/gmassoqueto/repos/apache-airflow-101/.venv/lib/python3.11/site-packages/airflow/example_dags/example_complex.py
[2023-11-14T08:04:06.027-0300] {logging_mixin.py:154} INFO - [2023-11-14T08:04:06.027-0300] {dag.py:2941} INFO - Sync 1 DAGs
[2023-11-14T08:04:06.035-0300] {logging_mixin.py:154} INFO - [2023-11-14T08:04:06.035-0300] {dag.py:3722} INFO - Setting next_dagrun for example_complex to None, run_after=None
[2023-11-14T08:04:06.050-0300] {processor.py:179} INFO - Processing /home/gmassoqueto/repos/apache-airflow-101/.venv/lib/python3.11/site-packages/airflow/example_dags/example_complex.py took 0.070 seconds
[2023-11-14T08:04:59.127-0300] {processor.py:157} INFO - Started process (PID=288985) to work on /home/gmassoqueto/repos/apache-airflow-101/.venv/lib/python3.11/site-packages/airflow/example_dags/example_complex.py
[2023-11-14T08:04:59.133-0300] {processor.py:829} INFO - Processing file /home/gmassoqueto/repos/apache-airflow-101/.venv/lib/python3.11/site-packages/airflow/example_dags/example_complex.py for tasks to queue
[2023-11-14T08:04:59.135-0300] {logging_mixin.py:154} INFO - [2023-11-14T08:04:59.134-0300] {dagbag.py:536} INFO - Filling up the DagBag from /home/gmassoqueto/repos/apache-airflow-101/.venv/lib/python3.11/site-packages/airflow/example_dags/example_complex.py
[2023-11-14T08:04:59.155-0300] {processor.py:839} INFO - DAG(s) dict_keys(['example_complex']) retrieved from /home/gmassoqueto/repos/apache-airflow-101/.venv/lib/python3.11/site-packages/airflow/example_dags/example_complex.py
[2023-11-14T08:04:59.183-0300] {logging_mixin.py:154} INFO - [2023-11-14T08:04:59.182-0300] {dag.py:2941} INFO - Sync 1 DAGs
[2023-11-14T08:04:59.192-0300] {logging_mixin.py:154} INFO - [2023-11-14T08:04:59.191-0300] {dag.py:3722} INFO - Setting next_dagrun for example_complex to None, run_after=None
[2023-11-14T08:04:59.209-0300] {processor.py:179} INFO - Processing /home/gmassoqueto/repos/apache-airflow-101/.venv/lib/python3.11/site-packages/airflow/example_dags/example_complex.py took 0.092 seconds
[2023-11-14T08:05:45.589-0300] {processor.py:157} INFO - Started process (PID=289081) to work on /home/gmassoqueto/repos/apache-airflow-101/.venv/lib/python3.11/site-packages/airflow/example_dags/example_complex.py
[2023-11-14T08:05:45.593-0300] {processor.py:829} INFO - Processing file /home/gmassoqueto/repos/apache-airflow-101/.venv/lib/python3.11/site-packages/airflow/example_dags/example_complex.py for tasks to queue
[2023-11-14T08:05:45.594-0300] {logging_mixin.py:154} INFO - [2023-11-14T08:05:45.594-0300] {dagbag.py:536} INFO - Filling up the DagBag from /home/gmassoqueto/repos/apache-airflow-101/.venv/lib/python3.11/site-packages/airflow/example_dags/example_complex.py
[2023-11-14T08:05:45.611-0300] {processor.py:839} INFO - DAG(s) dict_keys(['example_complex']) retrieved from /home/gmassoqueto/repos/apache-airflow-101/.venv/lib/python3.11/site-packages/airflow/example_dags/example_complex.py
[2023-11-14T08:05:45.637-0300] {logging_mixin.py:154} INFO - [2023-11-14T08:05:45.636-0300] {dag.py:2941} INFO - Sync 1 DAGs
[2023-11-14T08:05:45.648-0300] {logging_mixin.py:154} INFO - [2023-11-14T08:05:45.648-0300] {dag.py:3722} INFO - Setting next_dagrun for example_complex to None, run_after=None
[2023-11-14T08:05:45.669-0300] {processor.py:179} INFO - Processing /home/gmassoqueto/repos/apache-airflow-101/.venv/lib/python3.11/site-packages/airflow/example_dags/example_complex.py took 0.084 seconds
[2023-11-14T08:06:33.314-0300] {processor.py:157} INFO - Started process (PID=289221) to work on /home/gmassoqueto/repos/apache-airflow-101/.venv/lib/python3.11/site-packages/airflow/example_dags/example_complex.py
[2023-11-14T08:06:33.317-0300] {processor.py:829} INFO - Processing file /home/gmassoqueto/repos/apache-airflow-101/.venv/lib/python3.11/site-packages/airflow/example_dags/example_complex.py for tasks to queue
[2023-11-14T08:06:33.318-0300] {logging_mixin.py:154} INFO - [2023-11-14T08:06:33.318-0300] {dagbag.py:536} INFO - Filling up the DagBag from /home/gmassoqueto/repos/apache-airflow-101/.venv/lib/python3.11/site-packages/airflow/example_dags/example_complex.py
[2023-11-14T08:06:33.330-0300] {processor.py:839} INFO - DAG(s) dict_keys(['example_complex']) retrieved from /home/gmassoqueto/repos/apache-airflow-101/.venv/lib/python3.11/site-packages/airflow/example_dags/example_complex.py
[2023-11-14T08:06:33.353-0300] {logging_mixin.py:154} INFO - [2023-11-14T08:06:33.353-0300] {dag.py:2941} INFO - Sync 1 DAGs
[2023-11-14T08:06:33.361-0300] {logging_mixin.py:154} INFO - [2023-11-14T08:06:33.361-0300] {dag.py:3722} INFO - Setting next_dagrun for example_complex to None, run_after=None
[2023-11-14T08:06:33.377-0300] {processor.py:179} INFO - Processing /home/gmassoqueto/repos/apache-airflow-101/.venv/lib/python3.11/site-packages/airflow/example_dags/example_complex.py took 0.065 seconds
[2023-11-14T08:07:22.395-0300] {processor.py:157} INFO - Started process (PID=289394) to work on /home/gmassoqueto/repos/apache-airflow-101/.venv/lib/python3.11/site-packages/airflow/example_dags/example_complex.py
[2023-11-14T08:07:22.400-0300] {processor.py:829} INFO - Processing file /home/gmassoqueto/repos/apache-airflow-101/.venv/lib/python3.11/site-packages/airflow/example_dags/example_complex.py for tasks to queue
[2023-11-14T08:07:22.402-0300] {logging_mixin.py:154} INFO - [2023-11-14T08:07:22.401-0300] {dagbag.py:536} INFO - Filling up the DagBag from /home/gmassoqueto/repos/apache-airflow-101/.venv/lib/python3.11/site-packages/airflow/example_dags/example_complex.py
[2023-11-14T08:07:22.432-0300] {processor.py:839} INFO - DAG(s) dict_keys(['example_complex']) retrieved from /home/gmassoqueto/repos/apache-airflow-101/.venv/lib/python3.11/site-packages/airflow/example_dags/example_complex.py
[2023-11-14T08:07:22.458-0300] {logging_mixin.py:154} INFO - [2023-11-14T08:07:22.458-0300] {dag.py:2941} INFO - Sync 1 DAGs
[2023-11-14T08:07:22.469-0300] {logging_mixin.py:154} INFO - [2023-11-14T08:07:22.469-0300] {dag.py:3722} INFO - Setting next_dagrun for example_complex to None, run_after=None
[2023-11-14T08:07:22.488-0300] {processor.py:179} INFO - Processing /home/gmassoqueto/repos/apache-airflow-101/.venv/lib/python3.11/site-packages/airflow/example_dags/example_complex.py took 0.095 seconds
[2023-11-14T08:08:30.593-0300] {processor.py:157} INFO - Started process (PID=289812) to work on /home/gmassoqueto/repos/apache-airflow-101/.venv/lib/python3.11/site-packages/airflow/example_dags/example_complex.py
[2023-11-14T08:08:30.595-0300] {processor.py:829} INFO - Processing file /home/gmassoqueto/repos/apache-airflow-101/.venv/lib/python3.11/site-packages/airflow/example_dags/example_complex.py for tasks to queue
[2023-11-14T08:08:30.596-0300] {logging_mixin.py:154} INFO - [2023-11-14T08:08:30.595-0300] {dagbag.py:536} INFO - Filling up the DagBag from /home/gmassoqueto/repos/apache-airflow-101/.venv/lib/python3.11/site-packages/airflow/example_dags/example_complex.py
[2023-11-14T08:08:30.617-0300] {processor.py:839} INFO - DAG(s) dict_keys(['example_complex']) retrieved from /home/gmassoqueto/repos/apache-airflow-101/.venv/lib/python3.11/site-packages/airflow/example_dags/example_complex.py
[2023-11-14T08:08:30.641-0300] {logging_mixin.py:154} INFO - [2023-11-14T08:08:30.641-0300] {dag.py:2941} INFO - Sync 1 DAGs
[2023-11-14T08:08:30.649-0300] {logging_mixin.py:154} INFO - [2023-11-14T08:08:30.649-0300] {dag.py:2963} INFO - Creating ORM DAG for example_complex
[2023-11-14T08:08:30.649-0300] {logging_mixin.py:154} INFO - [2023-11-14T08:08:30.649-0300] {dag.py:3722} INFO - Setting next_dagrun for example_complex to None, run_after=None
[2023-11-14T08:08:30.674-0300] {processor.py:179} INFO - Processing /home/gmassoqueto/repos/apache-airflow-101/.venv/lib/python3.11/site-packages/airflow/example_dags/example_complex.py took 0.087 seconds
[2023-11-14T08:10:13.471-0300] {processor.py:157} INFO - Started process (PID=290652) to work on /home/gmassoqueto/repos/apache-airflow-101/.venv/lib/python3.11/site-packages/airflow/example_dags/example_complex.py
[2023-11-14T08:10:13.475-0300] {processor.py:829} INFO - Processing file /home/gmassoqueto/repos/apache-airflow-101/.venv/lib/python3.11/site-packages/airflow/example_dags/example_complex.py for tasks to queue
[2023-11-14T08:10:13.476-0300] {logging_mixin.py:154} INFO - [2023-11-14T08:10:13.476-0300] {dagbag.py:536} INFO - Filling up the DagBag from /home/gmassoqueto/repos/apache-airflow-101/.venv/lib/python3.11/site-packages/airflow/example_dags/example_complex.py
[2023-11-14T08:10:13.500-0300] {processor.py:839} INFO - DAG(s) dict_keys(['example_complex']) retrieved from /home/gmassoqueto/repos/apache-airflow-101/.venv/lib/python3.11/site-packages/airflow/example_dags/example_complex.py
[2023-11-14T08:10:13.526-0300] {logging_mixin.py:154} INFO - [2023-11-14T08:10:13.525-0300] {dag.py:2941} INFO - Sync 1 DAGs
[2023-11-14T08:10:13.533-0300] {logging_mixin.py:154} INFO - [2023-11-14T08:10:13.533-0300] {dag.py:3722} INFO - Setting next_dagrun for example_complex to None, run_after=None
[2023-11-14T08:10:13.561-0300] {processor.py:179} INFO - Processing /home/gmassoqueto/repos/apache-airflow-101/.venv/lib/python3.11/site-packages/airflow/example_dags/example_complex.py took 0.095 seconds
[2023-11-14T08:11:01.221-0300] {processor.py:157} INFO - Started process (PID=291127) to work on /home/gmassoqueto/repos/apache-airflow-101/.venv/lib/python3.11/site-packages/airflow/example_dags/example_complex.py
[2023-11-14T08:11:01.225-0300] {processor.py:829} INFO - Processing file /home/gmassoqueto/repos/apache-airflow-101/.venv/lib/python3.11/site-packages/airflow/example_dags/example_complex.py for tasks to queue
[2023-11-14T08:11:01.226-0300] {logging_mixin.py:154} INFO - [2023-11-14T08:11:01.226-0300] {dagbag.py:536} INFO - Filling up the DagBag from /home/gmassoqueto/repos/apache-airflow-101/.venv/lib/python3.11/site-packages/airflow/example_dags/example_complex.py
[2023-11-14T08:11:01.242-0300] {processor.py:839} INFO - DAG(s) dict_keys(['example_complex']) retrieved from /home/gmassoqueto/repos/apache-airflow-101/.venv/lib/python3.11/site-packages/airflow/example_dags/example_complex.py
[2023-11-14T08:11:01.271-0300] {logging_mixin.py:154} INFO - [2023-11-14T08:11:01.271-0300] {dag.py:2941} INFO - Sync 1 DAGs
[2023-11-14T08:11:01.280-0300] {logging_mixin.py:154} INFO - [2023-11-14T08:11:01.279-0300] {dag.py:3722} INFO - Setting next_dagrun for example_complex to None, run_after=None
[2023-11-14T08:11:01.297-0300] {processor.py:179} INFO - Processing /home/gmassoqueto/repos/apache-airflow-101/.venv/lib/python3.11/site-packages/airflow/example_dags/example_complex.py took 0.079 seconds
[2023-11-14T08:11:49.991-0300] {processor.py:157} INFO - Started process (PID=291258) to work on /home/gmassoqueto/repos/apache-airflow-101/.venv/lib/python3.11/site-packages/airflow/example_dags/example_complex.py
[2023-11-14T08:11:49.994-0300] {processor.py:829} INFO - Processing file /home/gmassoqueto/repos/apache-airflow-101/.venv/lib/python3.11/site-packages/airflow/example_dags/example_complex.py for tasks to queue
[2023-11-14T08:11:49.995-0300] {logging_mixin.py:154} INFO - [2023-11-14T08:11:49.995-0300] {dagbag.py:536} INFO - Filling up the DagBag from /home/gmassoqueto/repos/apache-airflow-101/.venv/lib/python3.11/site-packages/airflow/example_dags/example_complex.py
[2023-11-14T08:11:50.010-0300] {processor.py:839} INFO - DAG(s) dict_keys(['example_complex']) retrieved from /home/gmassoqueto/repos/apache-airflow-101/.venv/lib/python3.11/site-packages/airflow/example_dags/example_complex.py
[2023-11-14T08:11:50.032-0300] {logging_mixin.py:154} INFO - [2023-11-14T08:11:50.032-0300] {dag.py:2941} INFO - Sync 1 DAGs
[2023-11-14T08:11:50.040-0300] {logging_mixin.py:154} INFO - [2023-11-14T08:11:50.040-0300] {dag.py:3722} INFO - Setting next_dagrun for example_complex to None, run_after=None
[2023-11-14T08:11:50.058-0300] {processor.py:179} INFO - Processing /home/gmassoqueto/repos/apache-airflow-101/.venv/lib/python3.11/site-packages/airflow/example_dags/example_complex.py took 0.070 seconds
[2023-11-14T08:12:36.063-0300] {processor.py:157} INFO - Started process (PID=291483) to work on /home/gmassoqueto/repos/apache-airflow-101/.venv/lib/python3.11/site-packages/airflow/example_dags/example_complex.py
[2023-11-14T08:12:36.067-0300] {processor.py:829} INFO - Processing file /home/gmassoqueto/repos/apache-airflow-101/.venv/lib/python3.11/site-packages/airflow/example_dags/example_complex.py for tasks to queue
[2023-11-14T08:12:36.067-0300] {logging_mixin.py:154} INFO - [2023-11-14T08:12:36.067-0300] {dagbag.py:536} INFO - Filling up the DagBag from /home/gmassoqueto/repos/apache-airflow-101/.venv/lib/python3.11/site-packages/airflow/example_dags/example_complex.py
[2023-11-14T08:12:36.078-0300] {processor.py:839} INFO - DAG(s) dict_keys(['example_complex']) retrieved from /home/gmassoqueto/repos/apache-airflow-101/.venv/lib/python3.11/site-packages/airflow/example_dags/example_complex.py
[2023-11-14T08:12:36.084-0300] {logging_mixin.py:154} INFO - [2023-11-14T08:12:36.084-0300] {dag.py:2941} INFO - Sync 1 DAGs
[2023-11-14T08:12:36.096-0300] {logging_mixin.py:154} INFO - [2023-11-14T08:12:36.095-0300] {dag.py:3722} INFO - Setting next_dagrun for example_complex to None, run_after=None
[2023-11-14T08:12:36.113-0300] {processor.py:179} INFO - Processing /home/gmassoqueto/repos/apache-airflow-101/.venv/lib/python3.11/site-packages/airflow/example_dags/example_complex.py took 0.052 seconds
[2023-11-14T08:13:22.779-0300] {processor.py:157} INFO - Started process (PID=291616) to work on /home/gmassoqueto/repos/apache-airflow-101/.venv/lib/python3.11/site-packages/airflow/example_dags/example_complex.py
[2023-11-14T08:13:22.785-0300] {processor.py:829} INFO - Processing file /home/gmassoqueto/repos/apache-airflow-101/.venv/lib/python3.11/site-packages/airflow/example_dags/example_complex.py for tasks to queue
[2023-11-14T08:13:22.787-0300] {logging_mixin.py:154} INFO - [2023-11-14T08:13:22.786-0300] {dagbag.py:536} INFO - Filling up the DagBag from /home/gmassoqueto/repos/apache-airflow-101/.venv/lib/python3.11/site-packages/airflow/example_dags/example_complex.py
[2023-11-14T08:13:22.812-0300] {processor.py:839} INFO - DAG(s) dict_keys(['example_complex']) retrieved from /home/gmassoqueto/repos/apache-airflow-101/.venv/lib/python3.11/site-packages/airflow/example_dags/example_complex.py
[2023-11-14T08:13:22.835-0300] {logging_mixin.py:154} INFO - [2023-11-14T08:13:22.835-0300] {dag.py:2941} INFO - Sync 1 DAGs
[2023-11-14T08:13:22.843-0300] {logging_mixin.py:154} INFO - [2023-11-14T08:13:22.843-0300] {dag.py:3722} INFO - Setting next_dagrun for example_complex to None, run_after=None
[2023-11-14T08:13:22.861-0300] {processor.py:179} INFO - Processing /home/gmassoqueto/repos/apache-airflow-101/.venv/lib/python3.11/site-packages/airflow/example_dags/example_complex.py took 0.090 seconds
[2023-11-14T08:14:07.437-0300] {processor.py:157} INFO - Started process (PID=291701) to work on /home/gmassoqueto/repos/apache-airflow-101/.venv/lib/python3.11/site-packages/airflow/example_dags/example_complex.py
[2023-11-14T08:14:07.441-0300] {processor.py:829} INFO - Processing file /home/gmassoqueto/repos/apache-airflow-101/.venv/lib/python3.11/site-packages/airflow/example_dags/example_complex.py for tasks to queue
[2023-11-14T08:14:07.442-0300] {logging_mixin.py:154} INFO - [2023-11-14T08:14:07.442-0300] {dagbag.py:536} INFO - Filling up the DagBag from /home/gmassoqueto/repos/apache-airflow-101/.venv/lib/python3.11/site-packages/airflow/example_dags/example_complex.py
[2023-11-14T08:14:07.456-0300] {processor.py:839} INFO - DAG(s) dict_keys(['example_complex']) retrieved from /home/gmassoqueto/repos/apache-airflow-101/.venv/lib/python3.11/site-packages/airflow/example_dags/example_complex.py
[2023-11-14T08:14:07.482-0300] {logging_mixin.py:154} INFO - [2023-11-14T08:14:07.482-0300] {dag.py:2941} INFO - Sync 1 DAGs
[2023-11-14T08:14:07.493-0300] {logging_mixin.py:154} INFO - [2023-11-14T08:14:07.493-0300] {dag.py:3722} INFO - Setting next_dagrun for example_complex to None, run_after=None
[2023-11-14T08:14:07.512-0300] {processor.py:179} INFO - Processing /home/gmassoqueto/repos/apache-airflow-101/.venv/lib/python3.11/site-packages/airflow/example_dags/example_complex.py took 0.077 seconds
[2023-11-14T08:14:57.038-0300] {processor.py:157} INFO - Started process (PID=291865) to work on /home/gmassoqueto/repos/apache-airflow-101/.venv/lib/python3.11/site-packages/airflow/example_dags/example_complex.py
[2023-11-14T08:14:57.042-0300] {processor.py:829} INFO - Processing file /home/gmassoqueto/repos/apache-airflow-101/.venv/lib/python3.11/site-packages/airflow/example_dags/example_complex.py for tasks to queue
[2023-11-14T08:14:57.044-0300] {logging_mixin.py:154} INFO - [2023-11-14T08:14:57.043-0300] {dagbag.py:536} INFO - Filling up the DagBag from /home/gmassoqueto/repos/apache-airflow-101/.venv/lib/python3.11/site-packages/airflow/example_dags/example_complex.py
[2023-11-14T08:14:57.071-0300] {processor.py:839} INFO - DAG(s) dict_keys(['example_complex']) retrieved from /home/gmassoqueto/repos/apache-airflow-101/.venv/lib/python3.11/site-packages/airflow/example_dags/example_complex.py
[2023-11-14T08:14:57.098-0300] {logging_mixin.py:154} INFO - [2023-11-14T08:14:57.098-0300] {dag.py:2941} INFO - Sync 1 DAGs
[2023-11-14T08:14:57.106-0300] {logging_mixin.py:154} INFO - [2023-11-14T08:14:57.106-0300] {dag.py:3722} INFO - Setting next_dagrun for example_complex to None, run_after=None
[2023-11-14T08:14:57.122-0300] {processor.py:179} INFO - Processing /home/gmassoqueto/repos/apache-airflow-101/.venv/lib/python3.11/site-packages/airflow/example_dags/example_complex.py took 0.087 seconds
[2023-11-14T08:15:45.082-0300] {processor.py:157} INFO - Started process (PID=291955) to work on /home/gmassoqueto/repos/apache-airflow-101/.venv/lib/python3.11/site-packages/airflow/example_dags/example_complex.py
[2023-11-14T08:15:45.086-0300] {processor.py:829} INFO - Processing file /home/gmassoqueto/repos/apache-airflow-101/.venv/lib/python3.11/site-packages/airflow/example_dags/example_complex.py for tasks to queue
[2023-11-14T08:15:45.088-0300] {logging_mixin.py:154} INFO - [2023-11-14T08:15:45.087-0300] {dagbag.py:536} INFO - Filling up the DagBag from /home/gmassoqueto/repos/apache-airflow-101/.venv/lib/python3.11/site-packages/airflow/example_dags/example_complex.py
[2023-11-14T08:15:45.115-0300] {processor.py:839} INFO - DAG(s) dict_keys(['example_complex']) retrieved from /home/gmassoqueto/repos/apache-airflow-101/.venv/lib/python3.11/site-packages/airflow/example_dags/example_complex.py
[2023-11-14T08:15:45.142-0300] {logging_mixin.py:154} INFO - [2023-11-14T08:15:45.142-0300] {dag.py:2941} INFO - Sync 1 DAGs
[2023-11-14T08:15:45.150-0300] {logging_mixin.py:154} INFO - [2023-11-14T08:15:45.150-0300] {dag.py:3722} INFO - Setting next_dagrun for example_complex to None, run_after=None
[2023-11-14T08:15:45.166-0300] {processor.py:179} INFO - Processing /home/gmassoqueto/repos/apache-airflow-101/.venv/lib/python3.11/site-packages/airflow/example_dags/example_complex.py took 0.087 seconds
[2023-11-14T08:16:33.358-0300] {processor.py:157} INFO - Started process (PID=292033) to work on /home/gmassoqueto/repos/apache-airflow-101/.venv/lib/python3.11/site-packages/airflow/example_dags/example_complex.py
[2023-11-14T08:16:33.362-0300] {processor.py:829} INFO - Processing file /home/gmassoqueto/repos/apache-airflow-101/.venv/lib/python3.11/site-packages/airflow/example_dags/example_complex.py for tasks to queue
[2023-11-14T08:16:33.363-0300] {logging_mixin.py:154} INFO - [2023-11-14T08:16:33.362-0300] {dagbag.py:536} INFO - Filling up the DagBag from /home/gmassoqueto/repos/apache-airflow-101/.venv/lib/python3.11/site-packages/airflow/example_dags/example_complex.py
[2023-11-14T08:16:33.373-0300] {processor.py:839} INFO - DAG(s) dict_keys(['example_complex']) retrieved from /home/gmassoqueto/repos/apache-airflow-101/.venv/lib/python3.11/site-packages/airflow/example_dags/example_complex.py
[2023-11-14T08:16:33.394-0300] {logging_mixin.py:154} INFO - [2023-11-14T08:16:33.394-0300] {dag.py:2941} INFO - Sync 1 DAGs
[2023-11-14T08:16:33.402-0300] {logging_mixin.py:154} INFO - [2023-11-14T08:16:33.402-0300] {dag.py:3722} INFO - Setting next_dagrun for example_complex to None, run_after=None
[2023-11-14T08:16:33.419-0300] {processor.py:179} INFO - Processing /home/gmassoqueto/repos/apache-airflow-101/.venv/lib/python3.11/site-packages/airflow/example_dags/example_complex.py took 0.063 seconds
[2023-11-14T08:17:24.162-0300] {processor.py:157} INFO - Started process (PID=292122) to work on /home/gmassoqueto/repos/apache-airflow-101/.venv/lib/python3.11/site-packages/airflow/example_dags/example_complex.py
[2023-11-14T08:17:24.163-0300] {processor.py:829} INFO - Processing file /home/gmassoqueto/repos/apache-airflow-101/.venv/lib/python3.11/site-packages/airflow/example_dags/example_complex.py for tasks to queue
[2023-11-14T08:17:24.163-0300] {logging_mixin.py:154} INFO - [2023-11-14T08:17:24.163-0300] {dagbag.py:536} INFO - Filling up the DagBag from /home/gmassoqueto/repos/apache-airflow-101/.venv/lib/python3.11/site-packages/airflow/example_dags/example_complex.py
[2023-11-14T08:17:24.174-0300] {processor.py:839} INFO - DAG(s) dict_keys(['example_complex']) retrieved from /home/gmassoqueto/repos/apache-airflow-101/.venv/lib/python3.11/site-packages/airflow/example_dags/example_complex.py
[2023-11-14T08:17:24.194-0300] {logging_mixin.py:154} INFO - [2023-11-14T08:17:24.194-0300] {dag.py:2941} INFO - Sync 1 DAGs
[2023-11-14T08:17:24.201-0300] {logging_mixin.py:154} INFO - [2023-11-14T08:17:24.201-0300] {dag.py:3722} INFO - Setting next_dagrun for example_complex to None, run_after=None
[2023-11-14T08:17:24.217-0300] {processor.py:179} INFO - Processing /home/gmassoqueto/repos/apache-airflow-101/.venv/lib/python3.11/site-packages/airflow/example_dags/example_complex.py took 0.058 seconds
[2023-11-14T08:18:12.179-0300] {processor.py:157} INFO - Started process (PID=292235) to work on /home/gmassoqueto/repos/apache-airflow-101/.venv/lib/python3.11/site-packages/airflow/example_dags/example_complex.py
[2023-11-14T08:18:12.183-0300] {processor.py:829} INFO - Processing file /home/gmassoqueto/repos/apache-airflow-101/.venv/lib/python3.11/site-packages/airflow/example_dags/example_complex.py for tasks to queue
[2023-11-14T08:18:12.184-0300] {logging_mixin.py:154} INFO - [2023-11-14T08:18:12.184-0300] {dagbag.py:536} INFO - Filling up the DagBag from /home/gmassoqueto/repos/apache-airflow-101/.venv/lib/python3.11/site-packages/airflow/example_dags/example_complex.py
[2023-11-14T08:18:12.196-0300] {processor.py:839} INFO - DAG(s) dict_keys(['example_complex']) retrieved from /home/gmassoqueto/repos/apache-airflow-101/.venv/lib/python3.11/site-packages/airflow/example_dags/example_complex.py
[2023-11-14T08:18:12.221-0300] {logging_mixin.py:154} INFO - [2023-11-14T08:18:12.221-0300] {dag.py:2941} INFO - Sync 1 DAGs
[2023-11-14T08:18:12.229-0300] {logging_mixin.py:154} INFO - [2023-11-14T08:18:12.229-0300] {dag.py:3722} INFO - Setting next_dagrun for example_complex to None, run_after=None
[2023-11-14T08:18:12.247-0300] {processor.py:179} INFO - Processing /home/gmassoqueto/repos/apache-airflow-101/.venv/lib/python3.11/site-packages/airflow/example_dags/example_complex.py took 0.071 seconds
