[2023-11-14T07:03:29.723-0300] {processor.py:157} INFO - Started process (PID=284767) to work on /home/gmassoqueto/repos/apache-airflow-101/.venv/lib/python3.11/site-packages/airflow/example_dags/example_time_delta_sensor_async.py
[2023-11-14T07:03:29.723-0300] {processor.py:829} INFO - Processing file /home/gmassoqueto/repos/apache-airflow-101/.venv/lib/python3.11/site-packages/airflow/example_dags/example_time_delta_sensor_async.py for tasks to queue
[2023-11-14T07:03:29.724-0300] {logging_mixin.py:154} INFO - [2023-11-14T07:03:29.724-0300] {dagbag.py:536} INFO - Filling up the DagBag from /home/gmassoqueto/repos/apache-airflow-101/.venv/lib/python3.11/site-packages/airflow/example_dags/example_time_delta_sensor_async.py
[2023-11-14T07:03:29.728-0300] {processor.py:839} INFO - DAG(s) dict_keys(['example_time_delta_sensor_async']) retrieved from /home/gmassoqueto/repos/apache-airflow-101/.venv/lib/python3.11/site-packages/airflow/example_dags/example_time_delta_sensor_async.py
[2023-11-14T07:03:29.734-0300] {logging_mixin.py:154} INFO - [2023-11-14T07:03:29.734-0300] {dag.py:2941} INFO - Sync 1 DAGs
[2023-11-14T07:03:29.745-0300] {logging_mixin.py:154} INFO - [2023-11-14T07:03:29.745-0300] {dag.py:3722} INFO - Setting next_dagrun for example_time_delta_sensor_async to None, run_after=None
[2023-11-14T07:03:29.767-0300] {processor.py:179} INFO - Processing /home/gmassoqueto/repos/apache-airflow-101/.venv/lib/python3.11/site-packages/airflow/example_dags/example_time_delta_sensor_async.py took 0.046 seconds
[2023-11-14T07:04:15.187-0300] {processor.py:157} INFO - Started process (PID=284847) to work on /home/gmassoqueto/repos/apache-airflow-101/.venv/lib/python3.11/site-packages/airflow/example_dags/example_time_delta_sensor_async.py
[2023-11-14T07:04:15.192-0300] {processor.py:829} INFO - Processing file /home/gmassoqueto/repos/apache-airflow-101/.venv/lib/python3.11/site-packages/airflow/example_dags/example_time_delta_sensor_async.py for tasks to queue
[2023-11-14T07:04:15.195-0300] {logging_mixin.py:154} INFO - [2023-11-14T07:04:15.194-0300] {dagbag.py:536} INFO - Filling up the DagBag from /home/gmassoqueto/repos/apache-airflow-101/.venv/lib/python3.11/site-packages/airflow/example_dags/example_time_delta_sensor_async.py
[2023-11-14T07:04:15.207-0300] {processor.py:839} INFO - DAG(s) dict_keys(['example_time_delta_sensor_async']) retrieved from /home/gmassoqueto/repos/apache-airflow-101/.venv/lib/python3.11/site-packages/airflow/example_dags/example_time_delta_sensor_async.py
[2023-11-14T07:04:15.236-0300] {logging_mixin.py:154} INFO - [2023-11-14T07:04:15.235-0300] {dag.py:2941} INFO - Sync 1 DAGs
[2023-11-14T07:04:15.246-0300] {logging_mixin.py:154} INFO - [2023-11-14T07:04:15.246-0300] {dag.py:3722} INFO - Setting next_dagrun for example_time_delta_sensor_async to None, run_after=None
[2023-11-14T07:04:15.267-0300] {processor.py:179} INFO - Processing /home/gmassoqueto/repos/apache-airflow-101/.venv/lib/python3.11/site-packages/airflow/example_dags/example_time_delta_sensor_async.py took 0.086 seconds
[2023-11-14T07:57:24.845-0300] {processor.py:157} INFO - Started process (PID=287203) to work on /home/gmassoqueto/repos/apache-airflow-101/.venv/lib/python3.11/site-packages/airflow/example_dags/example_time_delta_sensor_async.py
[2023-11-14T07:57:24.850-0300] {processor.py:829} INFO - Processing file /home/gmassoqueto/repos/apache-airflow-101/.venv/lib/python3.11/site-packages/airflow/example_dags/example_time_delta_sensor_async.py for tasks to queue
[2023-11-14T07:57:24.853-0300] {logging_mixin.py:154} INFO - [2023-11-14T07:57:24.852-0300] {dagbag.py:536} INFO - Filling up the DagBag from /home/gmassoqueto/repos/apache-airflow-101/.venv/lib/python3.11/site-packages/airflow/example_dags/example_time_delta_sensor_async.py
[2023-11-14T07:57:24.870-0300] {processor.py:839} INFO - DAG(s) dict_keys(['example_time_delta_sensor_async']) retrieved from /home/gmassoqueto/repos/apache-airflow-101/.venv/lib/python3.11/site-packages/airflow/example_dags/example_time_delta_sensor_async.py
[2023-11-14T07:57:24.883-0300] {logging_mixin.py:154} INFO - [2023-11-14T07:57:24.883-0300] {dag.py:2941} INFO - Sync 1 DAGs
[2023-11-14T07:57:24.896-0300] {logging_mixin.py:154} INFO - [2023-11-14T07:57:24.896-0300] {dag.py:3722} INFO - Setting next_dagrun for example_time_delta_sensor_async to None, run_after=None
[2023-11-14T07:57:24.920-0300] {processor.py:179} INFO - Processing /home/gmassoqueto/repos/apache-airflow-101/.venv/lib/python3.11/site-packages/airflow/example_dags/example_time_delta_sensor_async.py took 0.083 seconds
[2023-11-14T07:58:10.549-0300] {processor.py:157} INFO - Started process (PID=287400) to work on /home/gmassoqueto/repos/apache-airflow-101/.venv/lib/python3.11/site-packages/airflow/example_dags/example_time_delta_sensor_async.py
[2023-11-14T07:58:10.553-0300] {processor.py:829} INFO - Processing file /home/gmassoqueto/repos/apache-airflow-101/.venv/lib/python3.11/site-packages/airflow/example_dags/example_time_delta_sensor_async.py for tasks to queue
[2023-11-14T07:58:10.555-0300] {logging_mixin.py:154} INFO - [2023-11-14T07:58:10.554-0300] {dagbag.py:536} INFO - Filling up the DagBag from /home/gmassoqueto/repos/apache-airflow-101/.venv/lib/python3.11/site-packages/airflow/example_dags/example_time_delta_sensor_async.py
[2023-11-14T07:58:10.568-0300] {processor.py:839} INFO - DAG(s) dict_keys(['example_time_delta_sensor_async']) retrieved from /home/gmassoqueto/repos/apache-airflow-101/.venv/lib/python3.11/site-packages/airflow/example_dags/example_time_delta_sensor_async.py
[2023-11-14T07:58:10.591-0300] {logging_mixin.py:154} INFO - [2023-11-14T07:58:10.590-0300] {dag.py:2941} INFO - Sync 1 DAGs
[2023-11-14T07:58:10.601-0300] {logging_mixin.py:154} INFO - [2023-11-14T07:58:10.600-0300] {dag.py:3722} INFO - Setting next_dagrun for example_time_delta_sensor_async to None, run_after=None
[2023-11-14T07:58:10.619-0300] {processor.py:179} INFO - Processing /home/gmassoqueto/repos/apache-airflow-101/.venv/lib/python3.11/site-packages/airflow/example_dags/example_time_delta_sensor_async.py took 0.073 seconds
[2023-11-14T07:58:55.621-0300] {processor.py:157} INFO - Started process (PID=287547) to work on /home/gmassoqueto/repos/apache-airflow-101/.venv/lib/python3.11/site-packages/airflow/example_dags/example_time_delta_sensor_async.py
[2023-11-14T07:58:55.622-0300] {processor.py:829} INFO - Processing file /home/gmassoqueto/repos/apache-airflow-101/.venv/lib/python3.11/site-packages/airflow/example_dags/example_time_delta_sensor_async.py for tasks to queue
[2023-11-14T07:58:55.623-0300] {logging_mixin.py:154} INFO - [2023-11-14T07:58:55.623-0300] {dagbag.py:536} INFO - Filling up the DagBag from /home/gmassoqueto/repos/apache-airflow-101/.venv/lib/python3.11/site-packages/airflow/example_dags/example_time_delta_sensor_async.py
[2023-11-14T07:58:55.630-0300] {processor.py:839} INFO - DAG(s) dict_keys(['example_time_delta_sensor_async']) retrieved from /home/gmassoqueto/repos/apache-airflow-101/.venv/lib/python3.11/site-packages/airflow/example_dags/example_time_delta_sensor_async.py
[2023-11-14T07:58:55.651-0300] {logging_mixin.py:154} INFO - [2023-11-14T07:58:55.651-0300] {dag.py:2941} INFO - Sync 1 DAGs
[2023-11-14T07:58:55.662-0300] {logging_mixin.py:154} INFO - [2023-11-14T07:58:55.662-0300] {dag.py:3722} INFO - Setting next_dagrun for example_time_delta_sensor_async to None, run_after=None
[2023-11-14T07:58:55.679-0300] {processor.py:179} INFO - Processing /home/gmassoqueto/repos/apache-airflow-101/.venv/lib/python3.11/site-packages/airflow/example_dags/example_time_delta_sensor_async.py took 0.062 seconds
[2023-11-14T07:59:43.066-0300] {processor.py:157} INFO - Started process (PID=287643) to work on /home/gmassoqueto/repos/apache-airflow-101/.venv/lib/python3.11/site-packages/airflow/example_dags/example_time_delta_sensor_async.py
[2023-11-14T07:59:43.070-0300] {processor.py:829} INFO - Processing file /home/gmassoqueto/repos/apache-airflow-101/.venv/lib/python3.11/site-packages/airflow/example_dags/example_time_delta_sensor_async.py for tasks to queue
[2023-11-14T07:59:43.070-0300] {logging_mixin.py:154} INFO - [2023-11-14T07:59:43.070-0300] {dagbag.py:536} INFO - Filling up the DagBag from /home/gmassoqueto/repos/apache-airflow-101/.venv/lib/python3.11/site-packages/airflow/example_dags/example_time_delta_sensor_async.py
[2023-11-14T07:59:43.074-0300] {processor.py:839} INFO - DAG(s) dict_keys(['example_time_delta_sensor_async']) retrieved from /home/gmassoqueto/repos/apache-airflow-101/.venv/lib/python3.11/site-packages/airflow/example_dags/example_time_delta_sensor_async.py
[2023-11-14T07:59:43.090-0300] {logging_mixin.py:154} INFO - [2023-11-14T07:59:43.089-0300] {dag.py:2941} INFO - Sync 1 DAGs
[2023-11-14T07:59:43.102-0300] {logging_mixin.py:154} INFO - [2023-11-14T07:59:43.102-0300] {dag.py:3722} INFO - Setting next_dagrun for example_time_delta_sensor_async to None, run_after=None
[2023-11-14T07:59:43.121-0300] {processor.py:179} INFO - Processing /home/gmassoqueto/repos/apache-airflow-101/.venv/lib/python3.11/site-packages/airflow/example_dags/example_time_delta_sensor_async.py took 0.058 seconds
[2023-11-14T08:00:33.904-0300] {processor.py:157} INFO - Started process (PID=287788) to work on /home/gmassoqueto/repos/apache-airflow-101/.venv/lib/python3.11/site-packages/airflow/example_dags/example_time_delta_sensor_async.py
[2023-11-14T08:00:33.908-0300] {processor.py:829} INFO - Processing file /home/gmassoqueto/repos/apache-airflow-101/.venv/lib/python3.11/site-packages/airflow/example_dags/example_time_delta_sensor_async.py for tasks to queue
[2023-11-14T08:00:33.908-0300] {logging_mixin.py:154} INFO - [2023-11-14T08:00:33.908-0300] {dagbag.py:536} INFO - Filling up the DagBag from /home/gmassoqueto/repos/apache-airflow-101/.venv/lib/python3.11/site-packages/airflow/example_dags/example_time_delta_sensor_async.py
[2023-11-14T08:00:33.912-0300] {processor.py:839} INFO - DAG(s) dict_keys(['example_time_delta_sensor_async']) retrieved from /home/gmassoqueto/repos/apache-airflow-101/.venv/lib/python3.11/site-packages/airflow/example_dags/example_time_delta_sensor_async.py
[2023-11-14T08:00:33.927-0300] {logging_mixin.py:154} INFO - [2023-11-14T08:00:33.927-0300] {dag.py:2941} INFO - Sync 1 DAGs
[2023-11-14T08:00:33.937-0300] {logging_mixin.py:154} INFO - [2023-11-14T08:00:33.937-0300] {dag.py:3722} INFO - Setting next_dagrun for example_time_delta_sensor_async to None, run_after=None
[2023-11-14T08:00:33.955-0300] {processor.py:179} INFO - Processing /home/gmassoqueto/repos/apache-airflow-101/.venv/lib/python3.11/site-packages/airflow/example_dags/example_time_delta_sensor_async.py took 0.053 seconds
[2023-11-14T08:01:20.445-0300] {processor.py:157} INFO - Started process (PID=288003) to work on /home/gmassoqueto/repos/apache-airflow-101/.venv/lib/python3.11/site-packages/airflow/example_dags/example_time_delta_sensor_async.py
[2023-11-14T08:01:20.449-0300] {processor.py:829} INFO - Processing file /home/gmassoqueto/repos/apache-airflow-101/.venv/lib/python3.11/site-packages/airflow/example_dags/example_time_delta_sensor_async.py for tasks to queue
[2023-11-14T08:01:20.449-0300] {logging_mixin.py:154} INFO - [2023-11-14T08:01:20.449-0300] {dagbag.py:536} INFO - Filling up the DagBag from /home/gmassoqueto/repos/apache-airflow-101/.venv/lib/python3.11/site-packages/airflow/example_dags/example_time_delta_sensor_async.py
[2023-11-14T08:01:20.453-0300] {processor.py:839} INFO - DAG(s) dict_keys(['example_time_delta_sensor_async']) retrieved from /home/gmassoqueto/repos/apache-airflow-101/.venv/lib/python3.11/site-packages/airflow/example_dags/example_time_delta_sensor_async.py
[2023-11-14T08:01:20.467-0300] {logging_mixin.py:154} INFO - [2023-11-14T08:01:20.467-0300] {dag.py:2941} INFO - Sync 1 DAGs
[2023-11-14T08:01:20.476-0300] {logging_mixin.py:154} INFO - [2023-11-14T08:01:20.476-0300] {dag.py:3722} INFO - Setting next_dagrun for example_time_delta_sensor_async to None, run_after=None
[2023-11-14T08:01:20.496-0300] {processor.py:179} INFO - Processing /home/gmassoqueto/repos/apache-airflow-101/.venv/lib/python3.11/site-packages/airflow/example_dags/example_time_delta_sensor_async.py took 0.053 seconds
[2023-11-14T08:02:10.108-0300] {processor.py:157} INFO - Started process (PID=288109) to work on /home/gmassoqueto/repos/apache-airflow-101/.venv/lib/python3.11/site-packages/airflow/example_dags/example_time_delta_sensor_async.py
[2023-11-14T08:02:10.112-0300] {processor.py:829} INFO - Processing file /home/gmassoqueto/repos/apache-airflow-101/.venv/lib/python3.11/site-packages/airflow/example_dags/example_time_delta_sensor_async.py for tasks to queue
[2023-11-14T08:02:10.114-0300] {logging_mixin.py:154} INFO - [2023-11-14T08:02:10.113-0300] {dagbag.py:536} INFO - Filling up the DagBag from /home/gmassoqueto/repos/apache-airflow-101/.venv/lib/python3.11/site-packages/airflow/example_dags/example_time_delta_sensor_async.py
[2023-11-14T08:02:10.122-0300] {processor.py:839} INFO - DAG(s) dict_keys(['example_time_delta_sensor_async']) retrieved from /home/gmassoqueto/repos/apache-airflow-101/.venv/lib/python3.11/site-packages/airflow/example_dags/example_time_delta_sensor_async.py
[2023-11-14T08:02:10.146-0300] {logging_mixin.py:154} INFO - [2023-11-14T08:02:10.146-0300] {dag.py:2941} INFO - Sync 1 DAGs
[2023-11-14T08:02:10.157-0300] {logging_mixin.py:154} INFO - [2023-11-14T08:02:10.156-0300] {dag.py:3722} INFO - Setting next_dagrun for example_time_delta_sensor_async to None, run_after=None
[2023-11-14T08:02:10.176-0300] {processor.py:179} INFO - Processing /home/gmassoqueto/repos/apache-airflow-101/.venv/lib/python3.11/site-packages/airflow/example_dags/example_time_delta_sensor_async.py took 0.070 seconds
[2023-11-14T08:02:59.017-0300] {processor.py:157} INFO - Started process (PID=288298) to work on /home/gmassoqueto/repos/apache-airflow-101/.venv/lib/python3.11/site-packages/airflow/example_dags/example_time_delta_sensor_async.py
[2023-11-14T08:02:59.023-0300] {processor.py:829} INFO - Processing file /home/gmassoqueto/repos/apache-airflow-101/.venv/lib/python3.11/site-packages/airflow/example_dags/example_time_delta_sensor_async.py for tasks to queue
[2023-11-14T08:02:59.025-0300] {logging_mixin.py:154} INFO - [2023-11-14T08:02:59.024-0300] {dagbag.py:536} INFO - Filling up the DagBag from /home/gmassoqueto/repos/apache-airflow-101/.venv/lib/python3.11/site-packages/airflow/example_dags/example_time_delta_sensor_async.py
[2023-11-14T08:02:59.037-0300] {processor.py:839} INFO - DAG(s) dict_keys(['example_time_delta_sensor_async']) retrieved from /home/gmassoqueto/repos/apache-airflow-101/.venv/lib/python3.11/site-packages/airflow/example_dags/example_time_delta_sensor_async.py
[2023-11-14T08:02:59.060-0300] {logging_mixin.py:154} INFO - [2023-11-14T08:02:59.060-0300] {dag.py:2941} INFO - Sync 1 DAGs
[2023-11-14T08:02:59.072-0300] {logging_mixin.py:154} INFO - [2023-11-14T08:02:59.072-0300] {dag.py:3722} INFO - Setting next_dagrun for example_time_delta_sensor_async to None, run_after=None
[2023-11-14T08:02:59.089-0300] {processor.py:179} INFO - Processing /home/gmassoqueto/repos/apache-airflow-101/.venv/lib/python3.11/site-packages/airflow/example_dags/example_time_delta_sensor_async.py took 0.080 seconds
[2023-11-14T08:03:45.689-0300] {processor.py:157} INFO - Started process (PID=288687) to work on /home/gmassoqueto/repos/apache-airflow-101/.venv/lib/python3.11/site-packages/airflow/example_dags/example_time_delta_sensor_async.py
[2023-11-14T08:03:45.691-0300] {processor.py:829} INFO - Processing file /home/gmassoqueto/repos/apache-airflow-101/.venv/lib/python3.11/site-packages/airflow/example_dags/example_time_delta_sensor_async.py for tasks to queue
[2023-11-14T08:03:45.693-0300] {logging_mixin.py:154} INFO - [2023-11-14T08:03:45.692-0300] {dagbag.py:536} INFO - Filling up the DagBag from /home/gmassoqueto/repos/apache-airflow-101/.venv/lib/python3.11/site-packages/airflow/example_dags/example_time_delta_sensor_async.py
[2023-11-14T08:03:45.706-0300] {processor.py:839} INFO - DAG(s) dict_keys(['example_time_delta_sensor_async']) retrieved from /home/gmassoqueto/repos/apache-airflow-101/.venv/lib/python3.11/site-packages/airflow/example_dags/example_time_delta_sensor_async.py
[2023-11-14T08:03:45.726-0300] {logging_mixin.py:154} INFO - [2023-11-14T08:03:45.726-0300] {dag.py:2941} INFO - Sync 1 DAGs
[2023-11-14T08:03:45.736-0300] {logging_mixin.py:154} INFO - [2023-11-14T08:03:45.736-0300] {dag.py:3722} INFO - Setting next_dagrun for example_time_delta_sensor_async to None, run_after=None
[2023-11-14T08:03:45.753-0300] {processor.py:179} INFO - Processing /home/gmassoqueto/repos/apache-airflow-101/.venv/lib/python3.11/site-packages/airflow/example_dags/example_time_delta_sensor_async.py took 0.072 seconds
[2023-11-14T08:04:37.510-0300] {processor.py:157} INFO - Started process (PID=288940) to work on /home/gmassoqueto/repos/apache-airflow-101/.venv/lib/python3.11/site-packages/airflow/example_dags/example_time_delta_sensor_async.py
[2023-11-14T08:04:37.515-0300] {processor.py:829} INFO - Processing file /home/gmassoqueto/repos/apache-airflow-101/.venv/lib/python3.11/site-packages/airflow/example_dags/example_time_delta_sensor_async.py for tasks to queue
[2023-11-14T08:04:37.519-0300] {logging_mixin.py:154} INFO - [2023-11-14T08:04:37.517-0300] {dagbag.py:536} INFO - Filling up the DagBag from /home/gmassoqueto/repos/apache-airflow-101/.venv/lib/python3.11/site-packages/airflow/example_dags/example_time_delta_sensor_async.py
[2023-11-14T08:04:37.529-0300] {processor.py:839} INFO - DAG(s) dict_keys(['example_time_delta_sensor_async']) retrieved from /home/gmassoqueto/repos/apache-airflow-101/.venv/lib/python3.11/site-packages/airflow/example_dags/example_time_delta_sensor_async.py
[2023-11-14T08:04:37.547-0300] {logging_mixin.py:154} INFO - [2023-11-14T08:04:37.546-0300] {dag.py:2941} INFO - Sync 1 DAGs
[2023-11-14T08:04:37.557-0300] {logging_mixin.py:154} INFO - [2023-11-14T08:04:37.557-0300] {dag.py:3722} INFO - Setting next_dagrun for example_time_delta_sensor_async to None, run_after=None
[2023-11-14T08:04:37.587-0300] {processor.py:179} INFO - Processing /home/gmassoqueto/repos/apache-airflow-101/.venv/lib/python3.11/site-packages/airflow/example_dags/example_time_delta_sensor_async.py took 0.085 seconds
[2023-11-14T08:05:25.953-0300] {processor.py:157} INFO - Started process (PID=289043) to work on /home/gmassoqueto/repos/apache-airflow-101/.venv/lib/python3.11/site-packages/airflow/example_dags/example_time_delta_sensor_async.py
[2023-11-14T08:05:25.958-0300] {processor.py:829} INFO - Processing file /home/gmassoqueto/repos/apache-airflow-101/.venv/lib/python3.11/site-packages/airflow/example_dags/example_time_delta_sensor_async.py for tasks to queue
[2023-11-14T08:05:25.960-0300] {logging_mixin.py:154} INFO - [2023-11-14T08:05:25.959-0300] {dagbag.py:536} INFO - Filling up the DagBag from /home/gmassoqueto/repos/apache-airflow-101/.venv/lib/python3.11/site-packages/airflow/example_dags/example_time_delta_sensor_async.py
[2023-11-14T08:05:25.972-0300] {processor.py:839} INFO - DAG(s) dict_keys(['example_time_delta_sensor_async']) retrieved from /home/gmassoqueto/repos/apache-airflow-101/.venv/lib/python3.11/site-packages/airflow/example_dags/example_time_delta_sensor_async.py
[2023-11-14T08:05:25.994-0300] {logging_mixin.py:154} INFO - [2023-11-14T08:05:25.994-0300] {dag.py:2941} INFO - Sync 1 DAGs
[2023-11-14T08:05:26.004-0300] {logging_mixin.py:154} INFO - [2023-11-14T08:05:26.004-0300] {dag.py:3722} INFO - Setting next_dagrun for example_time_delta_sensor_async to None, run_after=None
[2023-11-14T08:05:26.022-0300] {processor.py:179} INFO - Processing /home/gmassoqueto/repos/apache-airflow-101/.venv/lib/python3.11/site-packages/airflow/example_dags/example_time_delta_sensor_async.py took 0.077 seconds
[2023-11-14T08:06:15.023-0300] {processor.py:157} INFO - Started process (PID=289188) to work on /home/gmassoqueto/repos/apache-airflow-101/.venv/lib/python3.11/site-packages/airflow/example_dags/example_time_delta_sensor_async.py
[2023-11-14T08:06:15.027-0300] {processor.py:829} INFO - Processing file /home/gmassoqueto/repos/apache-airflow-101/.venv/lib/python3.11/site-packages/airflow/example_dags/example_time_delta_sensor_async.py for tasks to queue
[2023-11-14T08:06:15.027-0300] {logging_mixin.py:154} INFO - [2023-11-14T08:06:15.027-0300] {dagbag.py:536} INFO - Filling up the DagBag from /home/gmassoqueto/repos/apache-airflow-101/.venv/lib/python3.11/site-packages/airflow/example_dags/example_time_delta_sensor_async.py
[2023-11-14T08:06:15.032-0300] {processor.py:839} INFO - DAG(s) dict_keys(['example_time_delta_sensor_async']) retrieved from /home/gmassoqueto/repos/apache-airflow-101/.venv/lib/python3.11/site-packages/airflow/example_dags/example_time_delta_sensor_async.py
[2023-11-14T08:06:15.053-0300] {logging_mixin.py:154} INFO - [2023-11-14T08:06:15.053-0300] {dag.py:2941} INFO - Sync 1 DAGs
[2023-11-14T08:06:15.066-0300] {logging_mixin.py:154} INFO - [2023-11-14T08:06:15.066-0300] {dag.py:3722} INFO - Setting next_dagrun for example_time_delta_sensor_async to None, run_after=None
[2023-11-14T08:06:15.086-0300] {processor.py:179} INFO - Processing /home/gmassoqueto/repos/apache-airflow-101/.venv/lib/python3.11/site-packages/airflow/example_dags/example_time_delta_sensor_async.py took 0.065 seconds
[2023-11-14T08:07:03.769-0300] {processor.py:157} INFO - Started process (PID=289300) to work on /home/gmassoqueto/repos/apache-airflow-101/.venv/lib/python3.11/site-packages/airflow/example_dags/example_time_delta_sensor_async.py
[2023-11-14T08:07:03.770-0300] {processor.py:829} INFO - Processing file /home/gmassoqueto/repos/apache-airflow-101/.venv/lib/python3.11/site-packages/airflow/example_dags/example_time_delta_sensor_async.py for tasks to queue
[2023-11-14T08:07:03.771-0300] {logging_mixin.py:154} INFO - [2023-11-14T08:07:03.771-0300] {dagbag.py:536} INFO - Filling up the DagBag from /home/gmassoqueto/repos/apache-airflow-101/.venv/lib/python3.11/site-packages/airflow/example_dags/example_time_delta_sensor_async.py
[2023-11-14T08:07:03.777-0300] {processor.py:839} INFO - DAG(s) dict_keys(['example_time_delta_sensor_async']) retrieved from /home/gmassoqueto/repos/apache-airflow-101/.venv/lib/python3.11/site-packages/airflow/example_dags/example_time_delta_sensor_async.py
[2023-11-14T08:07:03.804-0300] {logging_mixin.py:154} INFO - [2023-11-14T08:07:03.804-0300] {dag.py:2941} INFO - Sync 1 DAGs
[2023-11-14T08:07:03.830-0300] {logging_mixin.py:154} INFO - [2023-11-14T08:07:03.830-0300] {dag.py:3722} INFO - Setting next_dagrun for example_time_delta_sensor_async to None, run_after=None
[2023-11-14T08:07:03.859-0300] {processor.py:179} INFO - Processing /home/gmassoqueto/repos/apache-airflow-101/.venv/lib/python3.11/site-packages/airflow/example_dags/example_time_delta_sensor_async.py took 0.093 seconds
[2023-11-14T08:07:51.137-0300] {processor.py:157} INFO - Started process (PID=289516) to work on /home/gmassoqueto/repos/apache-airflow-101/.venv/lib/python3.11/site-packages/airflow/example_dags/example_time_delta_sensor_async.py
[2023-11-14T08:07:51.141-0300] {processor.py:829} INFO - Processing file /home/gmassoqueto/repos/apache-airflow-101/.venv/lib/python3.11/site-packages/airflow/example_dags/example_time_delta_sensor_async.py for tasks to queue
[2023-11-14T08:07:51.143-0300] {logging_mixin.py:154} INFO - [2023-11-14T08:07:51.142-0300] {dagbag.py:536} INFO - Filling up the DagBag from /home/gmassoqueto/repos/apache-airflow-101/.venv/lib/python3.11/site-packages/airflow/example_dags/example_time_delta_sensor_async.py
[2023-11-14T08:07:51.151-0300] {processor.py:839} INFO - DAG(s) dict_keys(['example_time_delta_sensor_async']) retrieved from /home/gmassoqueto/repos/apache-airflow-101/.venv/lib/python3.11/site-packages/airflow/example_dags/example_time_delta_sensor_async.py
[2023-11-14T08:07:51.172-0300] {logging_mixin.py:154} INFO - [2023-11-14T08:07:51.172-0300] {dag.py:2941} INFO - Sync 1 DAGs
[2023-11-14T08:07:51.185-0300] {logging_mixin.py:154} INFO - [2023-11-14T08:07:51.185-0300] {dag.py:3722} INFO - Setting next_dagrun for example_time_delta_sensor_async to None, run_after=None
[2023-11-14T08:07:51.206-0300] {processor.py:179} INFO - Processing /home/gmassoqueto/repos/apache-airflow-101/.venv/lib/python3.11/site-packages/airflow/example_dags/example_time_delta_sensor_async.py took 0.072 seconds
[2023-11-14T08:08:18.562-0300] {processor.py:157} INFO - Started process (PID=289717) to work on /home/gmassoqueto/repos/apache-airflow-101/.venv/lib/python3.11/site-packages/airflow/example_dags/example_time_delta_sensor_async.py
[2023-11-14T08:08:18.567-0300] {processor.py:829} INFO - Processing file /home/gmassoqueto/repos/apache-airflow-101/.venv/lib/python3.11/site-packages/airflow/example_dags/example_time_delta_sensor_async.py for tasks to queue
[2023-11-14T08:08:18.569-0300] {logging_mixin.py:154} INFO - [2023-11-14T08:08:18.568-0300] {dagbag.py:536} INFO - Filling up the DagBag from /home/gmassoqueto/repos/apache-airflow-101/.venv/lib/python3.11/site-packages/airflow/example_dags/example_time_delta_sensor_async.py
[2023-11-14T08:08:18.582-0300] {processor.py:839} INFO - DAG(s) dict_keys(['example_time_delta_sensor_async']) retrieved from /home/gmassoqueto/repos/apache-airflow-101/.venv/lib/python3.11/site-packages/airflow/example_dags/example_time_delta_sensor_async.py
[2023-11-14T08:08:18.592-0300] {logging_mixin.py:154} INFO - [2023-11-14T08:08:18.591-0300] {dag.py:2941} INFO - Sync 1 DAGs
[2023-11-14T08:08:18.604-0300] {logging_mixin.py:154} INFO - [2023-11-14T08:08:18.604-0300] {dag.py:2963} INFO - Creating ORM DAG for example_time_delta_sensor_async
[2023-11-14T08:08:18.605-0300] {logging_mixin.py:154} INFO - [2023-11-14T08:08:18.605-0300] {dag.py:3722} INFO - Setting next_dagrun for example_time_delta_sensor_async to None, run_after=None
[2023-11-14T08:08:18.624-0300] {processor.py:179} INFO - Processing /home/gmassoqueto/repos/apache-airflow-101/.venv/lib/python3.11/site-packages/airflow/example_dags/example_time_delta_sensor_async.py took 0.069 seconds
[2023-11-14T08:09:57.714-0300] {processor.py:157} INFO - Started process (PID=290450) to work on /home/gmassoqueto/repos/apache-airflow-101/.venv/lib/python3.11/site-packages/airflow/example_dags/example_time_delta_sensor_async.py
[2023-11-14T08:09:57.721-0300] {processor.py:829} INFO - Processing file /home/gmassoqueto/repos/apache-airflow-101/.venv/lib/python3.11/site-packages/airflow/example_dags/example_time_delta_sensor_async.py for tasks to queue
[2023-11-14T08:09:57.724-0300] {logging_mixin.py:154} INFO - [2023-11-14T08:09:57.722-0300] {dagbag.py:536} INFO - Filling up the DagBag from /home/gmassoqueto/repos/apache-airflow-101/.venv/lib/python3.11/site-packages/airflow/example_dags/example_time_delta_sensor_async.py
[2023-11-14T08:09:57.749-0300] {processor.py:839} INFO - DAG(s) dict_keys(['example_time_delta_sensor_async']) retrieved from /home/gmassoqueto/repos/apache-airflow-101/.venv/lib/python3.11/site-packages/airflow/example_dags/example_time_delta_sensor_async.py
[2023-11-14T08:09:57.878-0300] {logging_mixin.py:154} INFO - [2023-11-14T08:09:57.878-0300] {dag.py:2941} INFO - Sync 1 DAGs
[2023-11-14T08:09:57.898-0300] {logging_mixin.py:154} INFO - [2023-11-14T08:09:57.898-0300] {dag.py:3722} INFO - Setting next_dagrun for example_time_delta_sensor_async to None, run_after=None
[2023-11-14T08:09:57.933-0300] {processor.py:179} INFO - Processing /home/gmassoqueto/repos/apache-airflow-101/.venv/lib/python3.11/site-packages/airflow/example_dags/example_time_delta_sensor_async.py took 0.224 seconds
[2023-11-14T08:10:46.761-0300] {processor.py:157} INFO - Started process (PID=291080) to work on /home/gmassoqueto/repos/apache-airflow-101/.venv/lib/python3.11/site-packages/airflow/example_dags/example_time_delta_sensor_async.py
[2023-11-14T08:10:46.765-0300] {processor.py:829} INFO - Processing file /home/gmassoqueto/repos/apache-airflow-101/.venv/lib/python3.11/site-packages/airflow/example_dags/example_time_delta_sensor_async.py for tasks to queue
[2023-11-14T08:10:46.765-0300] {logging_mixin.py:154} INFO - [2023-11-14T08:10:46.765-0300] {dagbag.py:536} INFO - Filling up the DagBag from /home/gmassoqueto/repos/apache-airflow-101/.venv/lib/python3.11/site-packages/airflow/example_dags/example_time_delta_sensor_async.py
[2023-11-14T08:10:46.770-0300] {processor.py:839} INFO - DAG(s) dict_keys(['example_time_delta_sensor_async']) retrieved from /home/gmassoqueto/repos/apache-airflow-101/.venv/lib/python3.11/site-packages/airflow/example_dags/example_time_delta_sensor_async.py
[2023-11-14T08:10:46.789-0300] {logging_mixin.py:154} INFO - [2023-11-14T08:10:46.789-0300] {dag.py:2941} INFO - Sync 1 DAGs
[2023-11-14T08:10:46.800-0300] {logging_mixin.py:154} INFO - [2023-11-14T08:10:46.800-0300] {dag.py:3722} INFO - Setting next_dagrun for example_time_delta_sensor_async to None, run_after=None
[2023-11-14T08:10:46.823-0300] {processor.py:179} INFO - Processing /home/gmassoqueto/repos/apache-airflow-101/.venv/lib/python3.11/site-packages/airflow/example_dags/example_time_delta_sensor_async.py took 0.065 seconds
[2023-11-14T08:11:32.881-0300] {processor.py:157} INFO - Started process (PID=291186) to work on /home/gmassoqueto/repos/apache-airflow-101/.venv/lib/python3.11/site-packages/airflow/example_dags/example_time_delta_sensor_async.py
[2023-11-14T08:11:32.885-0300] {processor.py:829} INFO - Processing file /home/gmassoqueto/repos/apache-airflow-101/.venv/lib/python3.11/site-packages/airflow/example_dags/example_time_delta_sensor_async.py for tasks to queue
[2023-11-14T08:11:32.886-0300] {logging_mixin.py:154} INFO - [2023-11-14T08:11:32.885-0300] {dagbag.py:536} INFO - Filling up the DagBag from /home/gmassoqueto/repos/apache-airflow-101/.venv/lib/python3.11/site-packages/airflow/example_dags/example_time_delta_sensor_async.py
[2023-11-14T08:11:32.891-0300] {processor.py:839} INFO - DAG(s) dict_keys(['example_time_delta_sensor_async']) retrieved from /home/gmassoqueto/repos/apache-airflow-101/.venv/lib/python3.11/site-packages/airflow/example_dags/example_time_delta_sensor_async.py
[2023-11-14T08:11:32.905-0300] {logging_mixin.py:154} INFO - [2023-11-14T08:11:32.905-0300] {dag.py:2941} INFO - Sync 1 DAGs
[2023-11-14T08:11:32.914-0300] {logging_mixin.py:154} INFO - [2023-11-14T08:11:32.914-0300] {dag.py:3722} INFO - Setting next_dagrun for example_time_delta_sensor_async to None, run_after=None
[2023-11-14T08:11:32.933-0300] {processor.py:179} INFO - Processing /home/gmassoqueto/repos/apache-airflow-101/.venv/lib/python3.11/site-packages/airflow/example_dags/example_time_delta_sensor_async.py took 0.055 seconds
[2023-11-14T08:12:18.627-0300] {processor.py:157} INFO - Started process (PID=291343) to work on /home/gmassoqueto/repos/apache-airflow-101/.venv/lib/python3.11/site-packages/airflow/example_dags/example_time_delta_sensor_async.py
[2023-11-14T08:12:18.628-0300] {processor.py:829} INFO - Processing file /home/gmassoqueto/repos/apache-airflow-101/.venv/lib/python3.11/site-packages/airflow/example_dags/example_time_delta_sensor_async.py for tasks to queue
[2023-11-14T08:12:18.628-0300] {logging_mixin.py:154} INFO - [2023-11-14T08:12:18.628-0300] {dagbag.py:536} INFO - Filling up the DagBag from /home/gmassoqueto/repos/apache-airflow-101/.venv/lib/python3.11/site-packages/airflow/example_dags/example_time_delta_sensor_async.py
[2023-11-14T08:12:18.631-0300] {processor.py:839} INFO - DAG(s) dict_keys(['example_time_delta_sensor_async']) retrieved from /home/gmassoqueto/repos/apache-airflow-101/.venv/lib/python3.11/site-packages/airflow/example_dags/example_time_delta_sensor_async.py
[2023-11-14T08:12:18.637-0300] {logging_mixin.py:154} INFO - [2023-11-14T08:12:18.637-0300] {dag.py:2941} INFO - Sync 1 DAGs
[2023-11-14T08:12:18.647-0300] {logging_mixin.py:154} INFO - [2023-11-14T08:12:18.646-0300] {dag.py:3722} INFO - Setting next_dagrun for example_time_delta_sensor_async to None, run_after=None
[2023-11-14T08:12:18.670-0300] {processor.py:179} INFO - Processing /home/gmassoqueto/repos/apache-airflow-101/.venv/lib/python3.11/site-packages/airflow/example_dags/example_time_delta_sensor_async.py took 0.045 seconds
[2023-11-14T08:13:05.354-0300] {processor.py:157} INFO - Started process (PID=291586) to work on /home/gmassoqueto/repos/apache-airflow-101/.venv/lib/python3.11/site-packages/airflow/example_dags/example_time_delta_sensor_async.py
[2023-11-14T08:13:05.358-0300] {processor.py:829} INFO - Processing file /home/gmassoqueto/repos/apache-airflow-101/.venv/lib/python3.11/site-packages/airflow/example_dags/example_time_delta_sensor_async.py for tasks to queue
[2023-11-14T08:13:05.358-0300] {logging_mixin.py:154} INFO - [2023-11-14T08:13:05.358-0300] {dagbag.py:536} INFO - Filling up the DagBag from /home/gmassoqueto/repos/apache-airflow-101/.venv/lib/python3.11/site-packages/airflow/example_dags/example_time_delta_sensor_async.py
[2023-11-14T08:13:05.362-0300] {processor.py:839} INFO - DAG(s) dict_keys(['example_time_delta_sensor_async']) retrieved from /home/gmassoqueto/repos/apache-airflow-101/.venv/lib/python3.11/site-packages/airflow/example_dags/example_time_delta_sensor_async.py
[2023-11-14T08:13:05.377-0300] {logging_mixin.py:154} INFO - [2023-11-14T08:13:05.377-0300] {dag.py:2941} INFO - Sync 1 DAGs
[2023-11-14T08:13:05.388-0300] {logging_mixin.py:154} INFO - [2023-11-14T08:13:05.388-0300] {dag.py:3722} INFO - Setting next_dagrun for example_time_delta_sensor_async to None, run_after=None
[2023-11-14T08:13:05.407-0300] {processor.py:179} INFO - Processing /home/gmassoqueto/repos/apache-airflow-101/.venv/lib/python3.11/site-packages/airflow/example_dags/example_time_delta_sensor_async.py took 0.056 seconds
[2023-11-14T08:13:51.642-0300] {processor.py:157} INFO - Started process (PID=291673) to work on /home/gmassoqueto/repos/apache-airflow-101/.venv/lib/python3.11/site-packages/airflow/example_dags/example_time_delta_sensor_async.py
[2023-11-14T08:13:51.646-0300] {processor.py:829} INFO - Processing file /home/gmassoqueto/repos/apache-airflow-101/.venv/lib/python3.11/site-packages/airflow/example_dags/example_time_delta_sensor_async.py for tasks to queue
[2023-11-14T08:13:51.647-0300] {logging_mixin.py:154} INFO - [2023-11-14T08:13:51.646-0300] {dagbag.py:536} INFO - Filling up the DagBag from /home/gmassoqueto/repos/apache-airflow-101/.venv/lib/python3.11/site-packages/airflow/example_dags/example_time_delta_sensor_async.py
[2023-11-14T08:13:51.650-0300] {processor.py:839} INFO - DAG(s) dict_keys(['example_time_delta_sensor_async']) retrieved from /home/gmassoqueto/repos/apache-airflow-101/.venv/lib/python3.11/site-packages/airflow/example_dags/example_time_delta_sensor_async.py
[2023-11-14T08:13:51.663-0300] {logging_mixin.py:154} INFO - [2023-11-14T08:13:51.663-0300] {dag.py:2941} INFO - Sync 1 DAGs
[2023-11-14T08:13:51.672-0300] {logging_mixin.py:154} INFO - [2023-11-14T08:13:51.672-0300] {dag.py:3722} INFO - Setting next_dagrun for example_time_delta_sensor_async to None, run_after=None
[2023-11-14T08:13:51.690-0300] {processor.py:179} INFO - Processing /home/gmassoqueto/repos/apache-airflow-101/.venv/lib/python3.11/site-packages/airflow/example_dags/example_time_delta_sensor_async.py took 0.051 seconds
[2023-11-14T08:14:40.745-0300] {processor.py:157} INFO - Started process (PID=291786) to work on /home/gmassoqueto/repos/apache-airflow-101/.venv/lib/python3.11/site-packages/airflow/example_dags/example_time_delta_sensor_async.py
[2023-11-14T08:14:40.747-0300] {processor.py:829} INFO - Processing file /home/gmassoqueto/repos/apache-airflow-101/.venv/lib/python3.11/site-packages/airflow/example_dags/example_time_delta_sensor_async.py for tasks to queue
[2023-11-14T08:14:40.749-0300] {logging_mixin.py:154} INFO - [2023-11-14T08:14:40.748-0300] {dagbag.py:536} INFO - Filling up the DagBag from /home/gmassoqueto/repos/apache-airflow-101/.venv/lib/python3.11/site-packages/airflow/example_dags/example_time_delta_sensor_async.py
[2023-11-14T08:14:40.759-0300] {processor.py:839} INFO - DAG(s) dict_keys(['example_time_delta_sensor_async']) retrieved from /home/gmassoqueto/repos/apache-airflow-101/.venv/lib/python3.11/site-packages/airflow/example_dags/example_time_delta_sensor_async.py
[2023-11-14T08:14:40.783-0300] {logging_mixin.py:154} INFO - [2023-11-14T08:14:40.783-0300] {dag.py:2941} INFO - Sync 1 DAGs
[2023-11-14T08:14:40.794-0300] {logging_mixin.py:154} INFO - [2023-11-14T08:14:40.794-0300] {dag.py:3722} INFO - Setting next_dagrun for example_time_delta_sensor_async to None, run_after=None
[2023-11-14T08:14:40.819-0300] {processor.py:179} INFO - Processing /home/gmassoqueto/repos/apache-airflow-101/.venv/lib/python3.11/site-packages/airflow/example_dags/example_time_delta_sensor_async.py took 0.081 seconds
[2023-11-14T08:15:26.512-0300] {processor.py:157} INFO - Started process (PID=291916) to work on /home/gmassoqueto/repos/apache-airflow-101/.venv/lib/python3.11/site-packages/airflow/example_dags/example_time_delta_sensor_async.py
[2023-11-14T08:15:26.513-0300] {processor.py:829} INFO - Processing file /home/gmassoqueto/repos/apache-airflow-101/.venv/lib/python3.11/site-packages/airflow/example_dags/example_time_delta_sensor_async.py for tasks to queue
[2023-11-14T08:15:26.514-0300] {logging_mixin.py:154} INFO - [2023-11-14T08:15:26.513-0300] {dagbag.py:536} INFO - Filling up the DagBag from /home/gmassoqueto/repos/apache-airflow-101/.venv/lib/python3.11/site-packages/airflow/example_dags/example_time_delta_sensor_async.py
[2023-11-14T08:15:26.517-0300] {processor.py:839} INFO - DAG(s) dict_keys(['example_time_delta_sensor_async']) retrieved from /home/gmassoqueto/repos/apache-airflow-101/.venv/lib/python3.11/site-packages/airflow/example_dags/example_time_delta_sensor_async.py
[2023-11-14T08:15:26.529-0300] {logging_mixin.py:154} INFO - [2023-11-14T08:15:26.529-0300] {dag.py:2941} INFO - Sync 1 DAGs
[2023-11-14T08:15:26.539-0300] {logging_mixin.py:154} INFO - [2023-11-14T08:15:26.539-0300] {dag.py:3722} INFO - Setting next_dagrun for example_time_delta_sensor_async to None, run_after=None
[2023-11-14T08:15:26.554-0300] {processor.py:179} INFO - Processing /home/gmassoqueto/repos/apache-airflow-101/.venv/lib/python3.11/site-packages/airflow/example_dags/example_time_delta_sensor_async.py took 0.044 seconds
[2023-11-14T08:16:15.053-0300] {processor.py:157} INFO - Started process (PID=292005) to work on /home/gmassoqueto/repos/apache-airflow-101/.venv/lib/python3.11/site-packages/airflow/example_dags/example_time_delta_sensor_async.py
[2023-11-14T08:16:15.056-0300] {processor.py:829} INFO - Processing file /home/gmassoqueto/repos/apache-airflow-101/.venv/lib/python3.11/site-packages/airflow/example_dags/example_time_delta_sensor_async.py for tasks to queue
[2023-11-14T08:16:15.057-0300] {logging_mixin.py:154} INFO - [2023-11-14T08:16:15.057-0300] {dagbag.py:536} INFO - Filling up the DagBag from /home/gmassoqueto/repos/apache-airflow-101/.venv/lib/python3.11/site-packages/airflow/example_dags/example_time_delta_sensor_async.py
[2023-11-14T08:16:15.061-0300] {processor.py:839} INFO - DAG(s) dict_keys(['example_time_delta_sensor_async']) retrieved from /home/gmassoqueto/repos/apache-airflow-101/.venv/lib/python3.11/site-packages/airflow/example_dags/example_time_delta_sensor_async.py
[2023-11-14T08:16:15.078-0300] {logging_mixin.py:154} INFO - [2023-11-14T08:16:15.078-0300] {dag.py:2941} INFO - Sync 1 DAGs
[2023-11-14T08:16:15.092-0300] {logging_mixin.py:154} INFO - [2023-11-14T08:16:15.092-0300] {dag.py:3722} INFO - Setting next_dagrun for example_time_delta_sensor_async to None, run_after=None
[2023-11-14T08:16:15.111-0300] {processor.py:179} INFO - Processing /home/gmassoqueto/repos/apache-airflow-101/.venv/lib/python3.11/site-packages/airflow/example_dags/example_time_delta_sensor_async.py took 0.060 seconds
[2023-11-14T08:17:05.293-0300] {processor.py:157} INFO - Started process (PID=292091) to work on /home/gmassoqueto/repos/apache-airflow-101/.venv/lib/python3.11/site-packages/airflow/example_dags/example_time_delta_sensor_async.py
[2023-11-14T08:17:05.299-0300] {processor.py:829} INFO - Processing file /home/gmassoqueto/repos/apache-airflow-101/.venv/lib/python3.11/site-packages/airflow/example_dags/example_time_delta_sensor_async.py for tasks to queue
[2023-11-14T08:17:05.302-0300] {logging_mixin.py:154} INFO - [2023-11-14T08:17:05.301-0300] {dagbag.py:536} INFO - Filling up the DagBag from /home/gmassoqueto/repos/apache-airflow-101/.venv/lib/python3.11/site-packages/airflow/example_dags/example_time_delta_sensor_async.py
[2023-11-14T08:17:05.310-0300] {processor.py:839} INFO - DAG(s) dict_keys(['example_time_delta_sensor_async']) retrieved from /home/gmassoqueto/repos/apache-airflow-101/.venv/lib/python3.11/site-packages/airflow/example_dags/example_time_delta_sensor_async.py
[2023-11-14T08:17:05.331-0300] {logging_mixin.py:154} INFO - [2023-11-14T08:17:05.331-0300] {dag.py:2941} INFO - Sync 1 DAGs
[2023-11-14T08:17:05.341-0300] {logging_mixin.py:154} INFO - [2023-11-14T08:17:05.341-0300] {dag.py:3722} INFO - Setting next_dagrun for example_time_delta_sensor_async to None, run_after=None
[2023-11-14T08:17:05.370-0300] {processor.py:179} INFO - Processing /home/gmassoqueto/repos/apache-airflow-101/.venv/lib/python3.11/site-packages/airflow/example_dags/example_time_delta_sensor_async.py took 0.084 seconds
[2023-11-14T08:17:53.881-0300] {processor.py:157} INFO - Started process (PID=292184) to work on /home/gmassoqueto/repos/apache-airflow-101/.venv/lib/python3.11/site-packages/airflow/example_dags/example_time_delta_sensor_async.py
[2023-11-14T08:17:53.885-0300] {processor.py:829} INFO - Processing file /home/gmassoqueto/repos/apache-airflow-101/.venv/lib/python3.11/site-packages/airflow/example_dags/example_time_delta_sensor_async.py for tasks to queue
[2023-11-14T08:17:53.886-0300] {logging_mixin.py:154} INFO - [2023-11-14T08:17:53.885-0300] {dagbag.py:536} INFO - Filling up the DagBag from /home/gmassoqueto/repos/apache-airflow-101/.venv/lib/python3.11/site-packages/airflow/example_dags/example_time_delta_sensor_async.py
[2023-11-14T08:17:53.891-0300] {processor.py:839} INFO - DAG(s) dict_keys(['example_time_delta_sensor_async']) retrieved from /home/gmassoqueto/repos/apache-airflow-101/.venv/lib/python3.11/site-packages/airflow/example_dags/example_time_delta_sensor_async.py
[2023-11-14T08:17:53.913-0300] {logging_mixin.py:154} INFO - [2023-11-14T08:17:53.912-0300] {dag.py:2941} INFO - Sync 1 DAGs
[2023-11-14T08:17:53.926-0300] {logging_mixin.py:154} INFO - [2023-11-14T08:17:53.926-0300] {dag.py:3722} INFO - Setting next_dagrun for example_time_delta_sensor_async to None, run_after=None
[2023-11-14T08:17:53.946-0300] {processor.py:179} INFO - Processing /home/gmassoqueto/repos/apache-airflow-101/.venv/lib/python3.11/site-packages/airflow/example_dags/example_time_delta_sensor_async.py took 0.067 seconds
