[2023-11-14T07:03:27.449-0300] {processor.py:157} INFO - Started process (PID=284764) to work on /home/gmassoqueto/repos/apache-airflow-101/.venv/lib/python3.11/site-packages/airflow/example_dags/example_short_circuit_operator.py
[2023-11-14T07:03:27.450-0300] {processor.py:829} INFO - Processing file /home/gmassoqueto/repos/apache-airflow-101/.venv/lib/python3.11/site-packages/airflow/example_dags/example_short_circuit_operator.py for tasks to queue
[2023-11-14T07:03:27.450-0300] {logging_mixin.py:154} INFO - [2023-11-14T07:03:27.450-0300] {dagbag.py:536} INFO - Filling up the DagBag from /home/gmassoqueto/repos/apache-airflow-101/.venv/lib/python3.11/site-packages/airflow/example_dags/example_short_circuit_operator.py
[2023-11-14T07:03:27.463-0300] {processor.py:839} INFO - DAG(s) dict_keys(['example_short_circuit_operator']) retrieved from /home/gmassoqueto/repos/apache-airflow-101/.venv/lib/python3.11/site-packages/airflow/example_dags/example_short_circuit_operator.py
[2023-11-14T07:03:27.469-0300] {logging_mixin.py:154} INFO - [2023-11-14T07:03:27.469-0300] {dag.py:2941} INFO - Sync 1 DAGs
[2023-11-14T07:03:27.491-0300] {logging_mixin.py:154} INFO - [2023-11-14T07:03:27.490-0300] {dag.py:3722} INFO - Setting next_dagrun for example_short_circuit_operator to 2023-11-13T10:03:27.490739+00:00, run_after=2023-11-14T10:03:27.490739+00:00
[2023-11-14T07:03:27.512-0300] {processor.py:179} INFO - Processing /home/gmassoqueto/repos/apache-airflow-101/.venv/lib/python3.11/site-packages/airflow/example_dags/example_short_circuit_operator.py took 0.065 seconds
[2023-11-14T07:04:12.764-0300] {processor.py:157} INFO - Started process (PID=284841) to work on /home/gmassoqueto/repos/apache-airflow-101/.venv/lib/python3.11/site-packages/airflow/example_dags/example_short_circuit_operator.py
[2023-11-14T07:04:12.766-0300] {processor.py:829} INFO - Processing file /home/gmassoqueto/repos/apache-airflow-101/.venv/lib/python3.11/site-packages/airflow/example_dags/example_short_circuit_operator.py for tasks to queue
[2023-11-14T07:04:12.768-0300] {logging_mixin.py:154} INFO - [2023-11-14T07:04:12.767-0300] {dagbag.py:536} INFO - Filling up the DagBag from /home/gmassoqueto/repos/apache-airflow-101/.venv/lib/python3.11/site-packages/airflow/example_dags/example_short_circuit_operator.py
[2023-11-14T07:04:12.783-0300] {processor.py:839} INFO - DAG(s) dict_keys(['example_short_circuit_operator']) retrieved from /home/gmassoqueto/repos/apache-airflow-101/.venv/lib/python3.11/site-packages/airflow/example_dags/example_short_circuit_operator.py
[2023-11-14T07:04:12.805-0300] {logging_mixin.py:154} INFO - [2023-11-14T07:04:12.805-0300] {dag.py:2941} INFO - Sync 1 DAGs
[2023-11-14T07:04:12.820-0300] {logging_mixin.py:154} INFO - [2023-11-14T07:04:12.820-0300] {dag.py:3722} INFO - Setting next_dagrun for example_short_circuit_operator to 2023-11-13T10:04:12.820239+00:00, run_after=2023-11-14T10:04:12.820239+00:00
[2023-11-14T07:04:12.845-0300] {processor.py:179} INFO - Processing /home/gmassoqueto/repos/apache-airflow-101/.venv/lib/python3.11/site-packages/airflow/example_dags/example_short_circuit_operator.py took 0.086 seconds
[2023-11-14T07:57:22.543-0300] {processor.py:157} INFO - Started process (PID=287189) to work on /home/gmassoqueto/repos/apache-airflow-101/.venv/lib/python3.11/site-packages/airflow/example_dags/example_short_circuit_operator.py
[2023-11-14T07:57:22.548-0300] {processor.py:829} INFO - Processing file /home/gmassoqueto/repos/apache-airflow-101/.venv/lib/python3.11/site-packages/airflow/example_dags/example_short_circuit_operator.py for tasks to queue
[2023-11-14T07:57:22.551-0300] {logging_mixin.py:154} INFO - [2023-11-14T07:57:22.550-0300] {dagbag.py:536} INFO - Filling up the DagBag from /home/gmassoqueto/repos/apache-airflow-101/.venv/lib/python3.11/site-packages/airflow/example_dags/example_short_circuit_operator.py
[2023-11-14T07:57:22.576-0300] {processor.py:839} INFO - DAG(s) dict_keys(['example_short_circuit_operator']) retrieved from /home/gmassoqueto/repos/apache-airflow-101/.venv/lib/python3.11/site-packages/airflow/example_dags/example_short_circuit_operator.py
[2023-11-14T07:57:22.584-0300] {logging_mixin.py:154} INFO - [2023-11-14T07:57:22.584-0300] {dag.py:2941} INFO - Sync 1 DAGs
[2023-11-14T07:57:22.603-0300] {logging_mixin.py:154} INFO - [2023-11-14T07:57:22.602-0300] {dag.py:3722} INFO - Setting next_dagrun for example_short_circuit_operator to 2023-11-13T10:57:22.602794+00:00, run_after=2023-11-14T10:57:22.602794+00:00
[2023-11-14T07:57:22.621-0300] {processor.py:179} INFO - Processing /home/gmassoqueto/repos/apache-airflow-101/.venv/lib/python3.11/site-packages/airflow/example_dags/example_short_circuit_operator.py took 0.085 seconds
[2023-11-14T07:58:09.093-0300] {processor.py:157} INFO - Started process (PID=287395) to work on /home/gmassoqueto/repos/apache-airflow-101/.venv/lib/python3.11/site-packages/airflow/example_dags/example_short_circuit_operator.py
[2023-11-14T07:58:09.097-0300] {processor.py:829} INFO - Processing file /home/gmassoqueto/repos/apache-airflow-101/.venv/lib/python3.11/site-packages/airflow/example_dags/example_short_circuit_operator.py for tasks to queue
[2023-11-14T07:58:09.099-0300] {logging_mixin.py:154} INFO - [2023-11-14T07:58:09.098-0300] {dagbag.py:536} INFO - Filling up the DagBag from /home/gmassoqueto/repos/apache-airflow-101/.venv/lib/python3.11/site-packages/airflow/example_dags/example_short_circuit_operator.py
[2023-11-14T07:58:09.121-0300] {processor.py:839} INFO - DAG(s) dict_keys(['example_short_circuit_operator']) retrieved from /home/gmassoqueto/repos/apache-airflow-101/.venv/lib/python3.11/site-packages/airflow/example_dags/example_short_circuit_operator.py
[2023-11-14T07:58:09.143-0300] {logging_mixin.py:154} INFO - [2023-11-14T07:58:09.142-0300] {dag.py:2941} INFO - Sync 1 DAGs
[2023-11-14T07:58:09.157-0300] {logging_mixin.py:154} INFO - [2023-11-14T07:58:09.157-0300] {dag.py:3722} INFO - Setting next_dagrun for example_short_circuit_operator to 2023-11-13T10:58:09.157365+00:00, run_after=2023-11-14T10:58:09.157365+00:00
[2023-11-14T07:58:09.173-0300] {processor.py:179} INFO - Processing /home/gmassoqueto/repos/apache-airflow-101/.venv/lib/python3.11/site-packages/airflow/example_dags/example_short_circuit_operator.py took 0.083 seconds
[2023-11-14T07:58:53.116-0300] {processor.py:157} INFO - Started process (PID=287544) to work on /home/gmassoqueto/repos/apache-airflow-101/.venv/lib/python3.11/site-packages/airflow/example_dags/example_short_circuit_operator.py
[2023-11-14T07:58:53.119-0300] {processor.py:829} INFO - Processing file /home/gmassoqueto/repos/apache-airflow-101/.venv/lib/python3.11/site-packages/airflow/example_dags/example_short_circuit_operator.py for tasks to queue
[2023-11-14T07:58:53.121-0300] {logging_mixin.py:154} INFO - [2023-11-14T07:58:53.120-0300] {dagbag.py:536} INFO - Filling up the DagBag from /home/gmassoqueto/repos/apache-airflow-101/.venv/lib/python3.11/site-packages/airflow/example_dags/example_short_circuit_operator.py
[2023-11-14T07:58:53.143-0300] {processor.py:839} INFO - DAG(s) dict_keys(['example_short_circuit_operator']) retrieved from /home/gmassoqueto/repos/apache-airflow-101/.venv/lib/python3.11/site-packages/airflow/example_dags/example_short_circuit_operator.py
[2023-11-14T07:58:53.165-0300] {logging_mixin.py:154} INFO - [2023-11-14T07:58:53.164-0300] {dag.py:2941} INFO - Sync 1 DAGs
[2023-11-14T07:58:53.185-0300] {logging_mixin.py:154} INFO - [2023-11-14T07:58:53.185-0300] {dag.py:3722} INFO - Setting next_dagrun for example_short_circuit_operator to 2023-11-13T10:58:53.185049+00:00, run_after=2023-11-14T10:58:53.185049+00:00
[2023-11-14T07:58:53.222-0300] {processor.py:179} INFO - Processing /home/gmassoqueto/repos/apache-airflow-101/.venv/lib/python3.11/site-packages/airflow/example_dags/example_short_circuit_operator.py took 0.113 seconds
[2023-11-14T07:59:40.811-0300] {processor.py:157} INFO - Started process (PID=287638) to work on /home/gmassoqueto/repos/apache-airflow-101/.venv/lib/python3.11/site-packages/airflow/example_dags/example_short_circuit_operator.py
[2023-11-14T07:59:40.814-0300] {processor.py:829} INFO - Processing file /home/gmassoqueto/repos/apache-airflow-101/.venv/lib/python3.11/site-packages/airflow/example_dags/example_short_circuit_operator.py for tasks to queue
[2023-11-14T07:59:40.816-0300] {logging_mixin.py:154} INFO - [2023-11-14T07:59:40.815-0300] {dagbag.py:536} INFO - Filling up the DagBag from /home/gmassoqueto/repos/apache-airflow-101/.venv/lib/python3.11/site-packages/airflow/example_dags/example_short_circuit_operator.py
[2023-11-14T07:59:40.834-0300] {processor.py:839} INFO - DAG(s) dict_keys(['example_short_circuit_operator']) retrieved from /home/gmassoqueto/repos/apache-airflow-101/.venv/lib/python3.11/site-packages/airflow/example_dags/example_short_circuit_operator.py
[2023-11-14T07:59:40.853-0300] {logging_mixin.py:154} INFO - [2023-11-14T07:59:40.853-0300] {dag.py:2941} INFO - Sync 1 DAGs
[2023-11-14T07:59:40.868-0300] {logging_mixin.py:154} INFO - [2023-11-14T07:59:40.868-0300] {dag.py:3722} INFO - Setting next_dagrun for example_short_circuit_operator to 2023-11-13T10:59:40.868661+00:00, run_after=2023-11-14T10:59:40.868661+00:00
[2023-11-14T07:59:40.887-0300] {processor.py:179} INFO - Processing /home/gmassoqueto/repos/apache-airflow-101/.venv/lib/python3.11/site-packages/airflow/example_dags/example_short_circuit_operator.py took 0.086 seconds
[2023-11-14T08:00:32.480-0300] {processor.py:157} INFO - Started process (PID=287783) to work on /home/gmassoqueto/repos/apache-airflow-101/.venv/lib/python3.11/site-packages/airflow/example_dags/example_short_circuit_operator.py
[2023-11-14T08:00:32.484-0300] {processor.py:829} INFO - Processing file /home/gmassoqueto/repos/apache-airflow-101/.venv/lib/python3.11/site-packages/airflow/example_dags/example_short_circuit_operator.py for tasks to queue
[2023-11-14T08:00:32.485-0300] {logging_mixin.py:154} INFO - [2023-11-14T08:00:32.485-0300] {dagbag.py:536} INFO - Filling up the DagBag from /home/gmassoqueto/repos/apache-airflow-101/.venv/lib/python3.11/site-packages/airflow/example_dags/example_short_circuit_operator.py
[2023-11-14T08:00:32.504-0300] {processor.py:839} INFO - DAG(s) dict_keys(['example_short_circuit_operator']) retrieved from /home/gmassoqueto/repos/apache-airflow-101/.venv/lib/python3.11/site-packages/airflow/example_dags/example_short_circuit_operator.py
[2023-11-14T08:00:32.526-0300] {logging_mixin.py:154} INFO - [2023-11-14T08:00:32.526-0300] {dag.py:2941} INFO - Sync 1 DAGs
[2023-11-14T08:00:32.541-0300] {logging_mixin.py:154} INFO - [2023-11-14T08:00:32.541-0300] {dag.py:3722} INFO - Setting next_dagrun for example_short_circuit_operator to 2023-11-13T11:00:32.541299+00:00, run_after=2023-11-14T11:00:32.541299+00:00
[2023-11-14T08:00:32.558-0300] {processor.py:179} INFO - Processing /home/gmassoqueto/repos/apache-airflow-101/.venv/lib/python3.11/site-packages/airflow/example_dags/example_short_circuit_operator.py took 0.081 seconds
[2023-11-14T08:01:17.842-0300] {processor.py:157} INFO - Started process (PID=288001) to work on /home/gmassoqueto/repos/apache-airflow-101/.venv/lib/python3.11/site-packages/airflow/example_dags/example_short_circuit_operator.py
[2023-11-14T08:01:17.843-0300] {processor.py:829} INFO - Processing file /home/gmassoqueto/repos/apache-airflow-101/.venv/lib/python3.11/site-packages/airflow/example_dags/example_short_circuit_operator.py for tasks to queue
[2023-11-14T08:01:17.844-0300] {logging_mixin.py:154} INFO - [2023-11-14T08:01:17.843-0300] {dagbag.py:536} INFO - Filling up the DagBag from /home/gmassoqueto/repos/apache-airflow-101/.venv/lib/python3.11/site-packages/airflow/example_dags/example_short_circuit_operator.py
[2023-11-14T08:01:17.861-0300] {processor.py:839} INFO - DAG(s) dict_keys(['example_short_circuit_operator']) retrieved from /home/gmassoqueto/repos/apache-airflow-101/.venv/lib/python3.11/site-packages/airflow/example_dags/example_short_circuit_operator.py
[2023-11-14T08:01:17.979-0300] {logging_mixin.py:154} INFO - [2023-11-14T08:01:17.979-0300] {dag.py:2941} INFO - Sync 1 DAGs
[2023-11-14T08:01:18.028-0300] {logging_mixin.py:154} INFO - [2023-11-14T08:01:18.027-0300] {dag.py:3722} INFO - Setting next_dagrun for example_short_circuit_operator to 2023-11-13T11:01:18.027606+00:00, run_after=2023-11-14T11:01:18.027606+00:00
[2023-11-14T08:01:18.096-0300] {processor.py:179} INFO - Processing /home/gmassoqueto/repos/apache-airflow-101/.venv/lib/python3.11/site-packages/airflow/example_dags/example_short_circuit_operator.py took 0.257 seconds
[2023-11-14T08:02:09.292-0300] {processor.py:157} INFO - Started process (PID=288104) to work on /home/gmassoqueto/repos/apache-airflow-101/.venv/lib/python3.11/site-packages/airflow/example_dags/example_short_circuit_operator.py
[2023-11-14T08:02:09.297-0300] {processor.py:829} INFO - Processing file /home/gmassoqueto/repos/apache-airflow-101/.venv/lib/python3.11/site-packages/airflow/example_dags/example_short_circuit_operator.py for tasks to queue
[2023-11-14T08:02:09.299-0300] {logging_mixin.py:154} INFO - [2023-11-14T08:02:09.298-0300] {dagbag.py:536} INFO - Filling up the DagBag from /home/gmassoqueto/repos/apache-airflow-101/.venv/lib/python3.11/site-packages/airflow/example_dags/example_short_circuit_operator.py
[2023-11-14T08:02:09.319-0300] {processor.py:839} INFO - DAG(s) dict_keys(['example_short_circuit_operator']) retrieved from /home/gmassoqueto/repos/apache-airflow-101/.venv/lib/python3.11/site-packages/airflow/example_dags/example_short_circuit_operator.py
[2023-11-14T08:02:09.337-0300] {logging_mixin.py:154} INFO - [2023-11-14T08:02:09.337-0300] {dag.py:2941} INFO - Sync 1 DAGs
[2023-11-14T08:02:09.357-0300] {logging_mixin.py:154} INFO - [2023-11-14T08:02:09.356-0300] {dag.py:3722} INFO - Setting next_dagrun for example_short_circuit_operator to 2023-11-13T11:02:09.356691+00:00, run_after=2023-11-14T11:02:09.356691+00:00
[2023-11-14T08:02:09.376-0300] {processor.py:179} INFO - Processing /home/gmassoqueto/repos/apache-airflow-101/.venv/lib/python3.11/site-packages/airflow/example_dags/example_short_circuit_operator.py took 0.089 seconds
[2023-11-14T08:02:57.488-0300] {processor.py:157} INFO - Started process (PID=288296) to work on /home/gmassoqueto/repos/apache-airflow-101/.venv/lib/python3.11/site-packages/airflow/example_dags/example_short_circuit_operator.py
[2023-11-14T08:02:57.492-0300] {processor.py:829} INFO - Processing file /home/gmassoqueto/repos/apache-airflow-101/.venv/lib/python3.11/site-packages/airflow/example_dags/example_short_circuit_operator.py for tasks to queue
[2023-11-14T08:02:57.495-0300] {logging_mixin.py:154} INFO - [2023-11-14T08:02:57.494-0300] {dagbag.py:536} INFO - Filling up the DagBag from /home/gmassoqueto/repos/apache-airflow-101/.venv/lib/python3.11/site-packages/airflow/example_dags/example_short_circuit_operator.py
[2023-11-14T08:02:57.518-0300] {processor.py:839} INFO - DAG(s) dict_keys(['example_short_circuit_operator']) retrieved from /home/gmassoqueto/repos/apache-airflow-101/.venv/lib/python3.11/site-packages/airflow/example_dags/example_short_circuit_operator.py
[2023-11-14T08:02:57.539-0300] {logging_mixin.py:154} INFO - [2023-11-14T08:02:57.539-0300] {dag.py:2941} INFO - Sync 1 DAGs
[2023-11-14T08:02:57.557-0300] {logging_mixin.py:154} INFO - [2023-11-14T08:02:57.557-0300] {dag.py:3722} INFO - Setting next_dagrun for example_short_circuit_operator to 2023-11-13T11:02:57.557154+00:00, run_after=2023-11-14T11:02:57.557154+00:00
[2023-11-14T08:02:57.588-0300] {processor.py:179} INFO - Processing /home/gmassoqueto/repos/apache-airflow-101/.venv/lib/python3.11/site-packages/airflow/example_dags/example_short_circuit_operator.py took 0.102 seconds
[2023-11-14T08:03:43.992-0300] {processor.py:157} INFO - Started process (PID=288423) to work on /home/gmassoqueto/repos/apache-airflow-101/.venv/lib/python3.11/site-packages/airflow/example_dags/example_short_circuit_operator.py
[2023-11-14T08:03:43.997-0300] {processor.py:829} INFO - Processing file /home/gmassoqueto/repos/apache-airflow-101/.venv/lib/python3.11/site-packages/airflow/example_dags/example_short_circuit_operator.py for tasks to queue
[2023-11-14T08:03:43.998-0300] {logging_mixin.py:154} INFO - [2023-11-14T08:03:43.997-0300] {dagbag.py:536} INFO - Filling up the DagBag from /home/gmassoqueto/repos/apache-airflow-101/.venv/lib/python3.11/site-packages/airflow/example_dags/example_short_circuit_operator.py
[2023-11-14T08:03:44.008-0300] {processor.py:839} INFO - DAG(s) dict_keys(['example_short_circuit_operator']) retrieved from /home/gmassoqueto/repos/apache-airflow-101/.venv/lib/python3.11/site-packages/airflow/example_dags/example_short_circuit_operator.py
[2023-11-14T08:03:44.030-0300] {logging_mixin.py:154} INFO - [2023-11-14T08:03:44.029-0300] {dag.py:2941} INFO - Sync 1 DAGs
[2023-11-14T08:03:44.053-0300] {logging_mixin.py:154} INFO - [2023-11-14T08:03:44.053-0300] {dag.py:3722} INFO - Setting next_dagrun for example_short_circuit_operator to 2023-11-13T11:03:44.053523+00:00, run_after=2023-11-14T11:03:44.053523+00:00
[2023-11-14T08:03:44.080-0300] {processor.py:179} INFO - Processing /home/gmassoqueto/repos/apache-airflow-101/.venv/lib/python3.11/site-packages/airflow/example_dags/example_short_circuit_operator.py took 0.092 seconds
[2023-11-14T08:04:35.516-0300] {processor.py:157} INFO - Started process (PID=288926) to work on /home/gmassoqueto/repos/apache-airflow-101/.venv/lib/python3.11/site-packages/airflow/example_dags/example_short_circuit_operator.py
[2023-11-14T08:04:35.520-0300] {processor.py:829} INFO - Processing file /home/gmassoqueto/repos/apache-airflow-101/.venv/lib/python3.11/site-packages/airflow/example_dags/example_short_circuit_operator.py for tasks to queue
[2023-11-14T08:04:35.522-0300] {logging_mixin.py:154} INFO - [2023-11-14T08:04:35.521-0300] {dagbag.py:536} INFO - Filling up the DagBag from /home/gmassoqueto/repos/apache-airflow-101/.venv/lib/python3.11/site-packages/airflow/example_dags/example_short_circuit_operator.py
[2023-11-14T08:04:35.546-0300] {processor.py:839} INFO - DAG(s) dict_keys(['example_short_circuit_operator']) retrieved from /home/gmassoqueto/repos/apache-airflow-101/.venv/lib/python3.11/site-packages/airflow/example_dags/example_short_circuit_operator.py
[2023-11-14T08:04:35.568-0300] {logging_mixin.py:154} INFO - [2023-11-14T08:04:35.568-0300] {dag.py:2941} INFO - Sync 1 DAGs
[2023-11-14T08:04:35.583-0300] {logging_mixin.py:154} INFO - [2023-11-14T08:04:35.583-0300] {dag.py:3722} INFO - Setting next_dagrun for example_short_circuit_operator to 2023-11-13T11:04:35.583253+00:00, run_after=2023-11-14T11:04:35.583253+00:00
[2023-11-14T08:04:35.599-0300] {processor.py:179} INFO - Processing /home/gmassoqueto/repos/apache-airflow-101/.venv/lib/python3.11/site-packages/airflow/example_dags/example_short_circuit_operator.py took 0.091 seconds
[2023-11-14T08:05:24.242-0300] {processor.py:157} INFO - Started process (PID=289039) to work on /home/gmassoqueto/repos/apache-airflow-101/.venv/lib/python3.11/site-packages/airflow/example_dags/example_short_circuit_operator.py
[2023-11-14T08:05:24.246-0300] {processor.py:829} INFO - Processing file /home/gmassoqueto/repos/apache-airflow-101/.venv/lib/python3.11/site-packages/airflow/example_dags/example_short_circuit_operator.py for tasks to queue
[2023-11-14T08:05:24.248-0300] {logging_mixin.py:154} INFO - [2023-11-14T08:05:24.247-0300] {dagbag.py:536} INFO - Filling up the DagBag from /home/gmassoqueto/repos/apache-airflow-101/.venv/lib/python3.11/site-packages/airflow/example_dags/example_short_circuit_operator.py
[2023-11-14T08:05:24.266-0300] {processor.py:839} INFO - DAG(s) dict_keys(['example_short_circuit_operator']) retrieved from /home/gmassoqueto/repos/apache-airflow-101/.venv/lib/python3.11/site-packages/airflow/example_dags/example_short_circuit_operator.py
[2023-11-14T08:05:24.287-0300] {logging_mixin.py:154} INFO - [2023-11-14T08:05:24.287-0300] {dag.py:2941} INFO - Sync 1 DAGs
[2023-11-14T08:05:24.304-0300] {logging_mixin.py:154} INFO - [2023-11-14T08:05:24.304-0300] {dag.py:3722} INFO - Setting next_dagrun for example_short_circuit_operator to 2023-11-13T11:05:24.304261+00:00, run_after=2023-11-14T11:05:24.304261+00:00
[2023-11-14T08:05:24.325-0300] {processor.py:179} INFO - Processing /home/gmassoqueto/repos/apache-airflow-101/.venv/lib/python3.11/site-packages/airflow/example_dags/example_short_circuit_operator.py took 0.087 seconds
[2023-11-14T08:06:12.729-0300] {processor.py:157} INFO - Started process (PID=289183) to work on /home/gmassoqueto/repos/apache-airflow-101/.venv/lib/python3.11/site-packages/airflow/example_dags/example_short_circuit_operator.py
[2023-11-14T08:06:12.734-0300] {processor.py:829} INFO - Processing file /home/gmassoqueto/repos/apache-airflow-101/.venv/lib/python3.11/site-packages/airflow/example_dags/example_short_circuit_operator.py for tasks to queue
[2023-11-14T08:06:12.736-0300] {logging_mixin.py:154} INFO - [2023-11-14T08:06:12.735-0300] {dagbag.py:536} INFO - Filling up the DagBag from /home/gmassoqueto/repos/apache-airflow-101/.venv/lib/python3.11/site-packages/airflow/example_dags/example_short_circuit_operator.py
[2023-11-14T08:06:12.749-0300] {processor.py:839} INFO - DAG(s) dict_keys(['example_short_circuit_operator']) retrieved from /home/gmassoqueto/repos/apache-airflow-101/.venv/lib/python3.11/site-packages/airflow/example_dags/example_short_circuit_operator.py
[2023-11-14T08:06:12.771-0300] {logging_mixin.py:154} INFO - [2023-11-14T08:06:12.771-0300] {dag.py:2941} INFO - Sync 1 DAGs
[2023-11-14T08:06:12.792-0300] {logging_mixin.py:154} INFO - [2023-11-14T08:06:12.792-0300] {dag.py:3722} INFO - Setting next_dagrun for example_short_circuit_operator to 2023-11-13T11:06:12.792029+00:00, run_after=2023-11-14T11:06:12.792029+00:00
[2023-11-14T08:06:12.813-0300] {processor.py:179} INFO - Processing /home/gmassoqueto/repos/apache-airflow-101/.venv/lib/python3.11/site-packages/airflow/example_dags/example_short_circuit_operator.py took 0.088 seconds
[2023-11-14T08:07:01.481-0300] {processor.py:157} INFO - Started process (PID=289296) to work on /home/gmassoqueto/repos/apache-airflow-101/.venv/lib/python3.11/site-packages/airflow/example_dags/example_short_circuit_operator.py
[2023-11-14T08:07:01.483-0300] {processor.py:829} INFO - Processing file /home/gmassoqueto/repos/apache-airflow-101/.venv/lib/python3.11/site-packages/airflow/example_dags/example_short_circuit_operator.py for tasks to queue
[2023-11-14T08:07:01.484-0300] {logging_mixin.py:154} INFO - [2023-11-14T08:07:01.483-0300] {dagbag.py:536} INFO - Filling up the DagBag from /home/gmassoqueto/repos/apache-airflow-101/.venv/lib/python3.11/site-packages/airflow/example_dags/example_short_circuit_operator.py
[2023-11-14T08:07:01.499-0300] {processor.py:839} INFO - DAG(s) dict_keys(['example_short_circuit_operator']) retrieved from /home/gmassoqueto/repos/apache-airflow-101/.venv/lib/python3.11/site-packages/airflow/example_dags/example_short_circuit_operator.py
[2023-11-14T08:07:01.518-0300] {logging_mixin.py:154} INFO - [2023-11-14T08:07:01.518-0300] {dag.py:2941} INFO - Sync 1 DAGs
[2023-11-14T08:07:01.538-0300] {logging_mixin.py:154} INFO - [2023-11-14T08:07:01.537-0300] {dag.py:3722} INFO - Setting next_dagrun for example_short_circuit_operator to 2023-11-13T11:07:01.537682+00:00, run_after=2023-11-14T11:07:01.537682+00:00
[2023-11-14T08:07:01.558-0300] {processor.py:179} INFO - Processing /home/gmassoqueto/repos/apache-airflow-101/.venv/lib/python3.11/site-packages/airflow/example_dags/example_short_circuit_operator.py took 0.083 seconds
[2023-11-14T08:07:49.511-0300] {processor.py:157} INFO - Started process (PID=289508) to work on /home/gmassoqueto/repos/apache-airflow-101/.venv/lib/python3.11/site-packages/airflow/example_dags/example_short_circuit_operator.py
[2023-11-14T08:07:49.515-0300] {processor.py:829} INFO - Processing file /home/gmassoqueto/repos/apache-airflow-101/.venv/lib/python3.11/site-packages/airflow/example_dags/example_short_circuit_operator.py for tasks to queue
[2023-11-14T08:07:49.517-0300] {logging_mixin.py:154} INFO - [2023-11-14T08:07:49.516-0300] {dagbag.py:536} INFO - Filling up the DagBag from /home/gmassoqueto/repos/apache-airflow-101/.venv/lib/python3.11/site-packages/airflow/example_dags/example_short_circuit_operator.py
[2023-11-14T08:07:49.541-0300] {processor.py:839} INFO - DAG(s) dict_keys(['example_short_circuit_operator']) retrieved from /home/gmassoqueto/repos/apache-airflow-101/.venv/lib/python3.11/site-packages/airflow/example_dags/example_short_circuit_operator.py
[2023-11-14T08:07:49.562-0300] {logging_mixin.py:154} INFO - [2023-11-14T08:07:49.562-0300] {dag.py:2941} INFO - Sync 1 DAGs
[2023-11-14T08:07:49.579-0300] {logging_mixin.py:154} INFO - [2023-11-14T08:07:49.579-0300] {dag.py:3722} INFO - Setting next_dagrun for example_short_circuit_operator to 2023-11-13T11:07:49.579156+00:00, run_after=2023-11-14T11:07:49.579156+00:00
[2023-11-14T08:07:49.607-0300] {processor.py:179} INFO - Processing /home/gmassoqueto/repos/apache-airflow-101/.venv/lib/python3.11/site-packages/airflow/example_dags/example_short_circuit_operator.py took 0.099 seconds
[2023-11-14T08:08:16.273-0300] {processor.py:157} INFO - Started process (PID=289715) to work on /home/gmassoqueto/repos/apache-airflow-101/.venv/lib/python3.11/site-packages/airflow/example_dags/example_short_circuit_operator.py
[2023-11-14T08:08:16.277-0300] {processor.py:829} INFO - Processing file /home/gmassoqueto/repos/apache-airflow-101/.venv/lib/python3.11/site-packages/airflow/example_dags/example_short_circuit_operator.py for tasks to queue
[2023-11-14T08:08:16.278-0300] {logging_mixin.py:154} INFO - [2023-11-14T08:08:16.277-0300] {dagbag.py:536} INFO - Filling up the DagBag from /home/gmassoqueto/repos/apache-airflow-101/.venv/lib/python3.11/site-packages/airflow/example_dags/example_short_circuit_operator.py
[2023-11-14T08:08:16.288-0300] {processor.py:839} INFO - DAG(s) dict_keys(['example_short_circuit_operator']) retrieved from /home/gmassoqueto/repos/apache-airflow-101/.venv/lib/python3.11/site-packages/airflow/example_dags/example_short_circuit_operator.py
[2023-11-14T08:08:16.295-0300] {logging_mixin.py:154} INFO - [2023-11-14T08:08:16.295-0300] {dag.py:2941} INFO - Sync 1 DAGs
[2023-11-14T08:08:16.305-0300] {logging_mixin.py:154} INFO - [2023-11-14T08:08:16.304-0300] {dag.py:2963} INFO - Creating ORM DAG for example_short_circuit_operator
[2023-11-14T08:08:16.313-0300] {logging_mixin.py:154} INFO - [2023-11-14T08:08:16.313-0300] {dag.py:3722} INFO - Setting next_dagrun for example_short_circuit_operator to 2023-11-13T11:08:16.313046+00:00, run_after=2023-11-14T11:08:16.313046+00:00
[2023-11-14T08:08:16.339-0300] {processor.py:179} INFO - Processing /home/gmassoqueto/repos/apache-airflow-101/.venv/lib/python3.11/site-packages/airflow/example_dags/example_short_circuit_operator.py took 0.068 seconds
[2023-11-14T08:09:56.215-0300] {processor.py:157} INFO - Started process (PID=290321) to work on /home/gmassoqueto/repos/apache-airflow-101/.venv/lib/python3.11/site-packages/airflow/example_dags/example_short_circuit_operator.py
[2023-11-14T08:09:56.223-0300] {processor.py:829} INFO - Processing file /home/gmassoqueto/repos/apache-airflow-101/.venv/lib/python3.11/site-packages/airflow/example_dags/example_short_circuit_operator.py for tasks to queue
[2023-11-14T08:09:56.225-0300] {logging_mixin.py:154} INFO - [2023-11-14T08:09:56.225-0300] {dagbag.py:536} INFO - Filling up the DagBag from /home/gmassoqueto/repos/apache-airflow-101/.venv/lib/python3.11/site-packages/airflow/example_dags/example_short_circuit_operator.py
[2023-11-14T08:09:56.250-0300] {processor.py:839} INFO - DAG(s) dict_keys(['example_short_circuit_operator']) retrieved from /home/gmassoqueto/repos/apache-airflow-101/.venv/lib/python3.11/site-packages/airflow/example_dags/example_short_circuit_operator.py
[2023-11-14T08:09:56.259-0300] {logging_mixin.py:154} INFO - [2023-11-14T08:09:56.259-0300] {dag.py:2941} INFO - Sync 1 DAGs
[2023-11-14T08:09:56.277-0300] {logging_mixin.py:154} INFO - [2023-11-14T08:09:56.277-0300] {dag.py:3722} INFO - Setting next_dagrun for example_short_circuit_operator to 2023-11-13T11:09:56.277358+00:00, run_after=2023-11-14T11:09:56.277358+00:00
[2023-11-14T08:09:56.292-0300] {processor.py:179} INFO - Processing /home/gmassoqueto/repos/apache-airflow-101/.venv/lib/python3.11/site-packages/airflow/example_dags/example_short_circuit_operator.py took 0.084 seconds
[2023-11-14T08:10:44.495-0300] {processor.py:157} INFO - Started process (PID=291075) to work on /home/gmassoqueto/repos/apache-airflow-101/.venv/lib/python3.11/site-packages/airflow/example_dags/example_short_circuit_operator.py
[2023-11-14T08:10:44.499-0300] {processor.py:829} INFO - Processing file /home/gmassoqueto/repos/apache-airflow-101/.venv/lib/python3.11/site-packages/airflow/example_dags/example_short_circuit_operator.py for tasks to queue
[2023-11-14T08:10:44.501-0300] {logging_mixin.py:154} INFO - [2023-11-14T08:10:44.500-0300] {dagbag.py:536} INFO - Filling up the DagBag from /home/gmassoqueto/repos/apache-airflow-101/.venv/lib/python3.11/site-packages/airflow/example_dags/example_short_circuit_operator.py
[2023-11-14T08:10:44.527-0300] {processor.py:839} INFO - DAG(s) dict_keys(['example_short_circuit_operator']) retrieved from /home/gmassoqueto/repos/apache-airflow-101/.venv/lib/python3.11/site-packages/airflow/example_dags/example_short_circuit_operator.py
[2023-11-14T08:10:44.550-0300] {logging_mixin.py:154} INFO - [2023-11-14T08:10:44.550-0300] {dag.py:2941} INFO - Sync 1 DAGs
[2023-11-14T08:10:44.565-0300] {logging_mixin.py:154} INFO - [2023-11-14T08:10:44.565-0300] {dag.py:3722} INFO - Setting next_dagrun for example_short_circuit_operator to 2023-11-13T11:10:44.565468+00:00, run_after=2023-11-14T11:10:44.565468+00:00
[2023-11-14T08:10:44.582-0300] {processor.py:179} INFO - Processing /home/gmassoqueto/repos/apache-airflow-101/.venv/lib/python3.11/site-packages/airflow/example_dags/example_short_circuit_operator.py took 0.090 seconds
[2023-11-14T08:11:30.950-0300] {processor.py:157} INFO - Started process (PID=291177) to work on /home/gmassoqueto/repos/apache-airflow-101/.venv/lib/python3.11/site-packages/airflow/example_dags/example_short_circuit_operator.py
[2023-11-14T08:11:30.954-0300] {processor.py:829} INFO - Processing file /home/gmassoqueto/repos/apache-airflow-101/.venv/lib/python3.11/site-packages/airflow/example_dags/example_short_circuit_operator.py for tasks to queue
[2023-11-14T08:11:30.955-0300] {logging_mixin.py:154} INFO - [2023-11-14T08:11:30.955-0300] {dagbag.py:536} INFO - Filling up the DagBag from /home/gmassoqueto/repos/apache-airflow-101/.venv/lib/python3.11/site-packages/airflow/example_dags/example_short_circuit_operator.py
[2023-11-14T08:11:30.963-0300] {processor.py:839} INFO - DAG(s) dict_keys(['example_short_circuit_operator']) retrieved from /home/gmassoqueto/repos/apache-airflow-101/.venv/lib/python3.11/site-packages/airflow/example_dags/example_short_circuit_operator.py
[2023-11-14T08:11:30.977-0300] {logging_mixin.py:154} INFO - [2023-11-14T08:11:30.977-0300] {dag.py:2941} INFO - Sync 1 DAGs
[2023-11-14T08:11:30.991-0300] {logging_mixin.py:154} INFO - [2023-11-14T08:11:30.991-0300] {dag.py:3722} INFO - Setting next_dagrun for example_short_circuit_operator to 2023-11-13T11:11:30.991220+00:00, run_after=2023-11-14T11:11:30.991220+00:00
[2023-11-14T08:11:31.007-0300] {processor.py:179} INFO - Processing /home/gmassoqueto/repos/apache-airflow-101/.venv/lib/python3.11/site-packages/airflow/example_dags/example_short_circuit_operator.py took 0.059 seconds
[2023-11-14T08:12:16.359-0300] {processor.py:157} INFO - Started process (PID=291337) to work on /home/gmassoqueto/repos/apache-airflow-101/.venv/lib/python3.11/site-packages/airflow/example_dags/example_short_circuit_operator.py
[2023-11-14T08:12:16.362-0300] {processor.py:829} INFO - Processing file /home/gmassoqueto/repos/apache-airflow-101/.venv/lib/python3.11/site-packages/airflow/example_dags/example_short_circuit_operator.py for tasks to queue
[2023-11-14T08:12:16.364-0300] {logging_mixin.py:154} INFO - [2023-11-14T08:12:16.363-0300] {dagbag.py:536} INFO - Filling up the DagBag from /home/gmassoqueto/repos/apache-airflow-101/.venv/lib/python3.11/site-packages/airflow/example_dags/example_short_circuit_operator.py
[2023-11-14T08:12:16.385-0300] {processor.py:839} INFO - DAG(s) dict_keys(['example_short_circuit_operator']) retrieved from /home/gmassoqueto/repos/apache-airflow-101/.venv/lib/python3.11/site-packages/airflow/example_dags/example_short_circuit_operator.py
[2023-11-14T08:12:16.394-0300] {logging_mixin.py:154} INFO - [2023-11-14T08:12:16.393-0300] {dag.py:2941} INFO - Sync 1 DAGs
[2023-11-14T08:12:16.411-0300] {logging_mixin.py:154} INFO - [2023-11-14T08:12:16.411-0300] {dag.py:3722} INFO - Setting next_dagrun for example_short_circuit_operator to 2023-11-13T11:12:16.411643+00:00, run_after=2023-11-14T11:12:16.411643+00:00
[2023-11-14T08:12:16.428-0300] {processor.py:179} INFO - Processing /home/gmassoqueto/repos/apache-airflow-101/.venv/lib/python3.11/site-packages/airflow/example_dags/example_short_circuit_operator.py took 0.075 seconds
[2023-11-14T08:13:03.871-0300] {processor.py:157} INFO - Started process (PID=291584) to work on /home/gmassoqueto/repos/apache-airflow-101/.venv/lib/python3.11/site-packages/airflow/example_dags/example_short_circuit_operator.py
[2023-11-14T08:13:03.875-0300] {processor.py:829} INFO - Processing file /home/gmassoqueto/repos/apache-airflow-101/.venv/lib/python3.11/site-packages/airflow/example_dags/example_short_circuit_operator.py for tasks to queue
[2023-11-14T08:13:03.876-0300] {logging_mixin.py:154} INFO - [2023-11-14T08:13:03.876-0300] {dagbag.py:536} INFO - Filling up the DagBag from /home/gmassoqueto/repos/apache-airflow-101/.venv/lib/python3.11/site-packages/airflow/example_dags/example_short_circuit_operator.py
[2023-11-14T08:13:03.887-0300] {processor.py:839} INFO - DAG(s) dict_keys(['example_short_circuit_operator']) retrieved from /home/gmassoqueto/repos/apache-airflow-101/.venv/lib/python3.11/site-packages/airflow/example_dags/example_short_circuit_operator.py
[2023-11-14T08:13:03.910-0300] {logging_mixin.py:154} INFO - [2023-11-14T08:13:03.910-0300] {dag.py:2941} INFO - Sync 1 DAGs
[2023-11-14T08:13:03.927-0300] {logging_mixin.py:154} INFO - [2023-11-14T08:13:03.927-0300] {dag.py:3722} INFO - Setting next_dagrun for example_short_circuit_operator to 2023-11-13T11:13:03.927418+00:00, run_after=2023-11-14T11:13:03.927418+00:00
[2023-11-14T08:13:03.944-0300] {processor.py:179} INFO - Processing /home/gmassoqueto/repos/apache-airflow-101/.venv/lib/python3.11/site-packages/airflow/example_dags/example_short_circuit_operator.py took 0.076 seconds
[2023-11-14T08:13:49.255-0300] {processor.py:157} INFO - Started process (PID=291670) to work on /home/gmassoqueto/repos/apache-airflow-101/.venv/lib/python3.11/site-packages/airflow/example_dags/example_short_circuit_operator.py
[2023-11-14T08:13:49.261-0300] {processor.py:829} INFO - Processing file /home/gmassoqueto/repos/apache-airflow-101/.venv/lib/python3.11/site-packages/airflow/example_dags/example_short_circuit_operator.py for tasks to queue
[2023-11-14T08:13:49.262-0300] {logging_mixin.py:154} INFO - [2023-11-14T08:13:49.262-0300] {dagbag.py:536} INFO - Filling up the DagBag from /home/gmassoqueto/repos/apache-airflow-101/.venv/lib/python3.11/site-packages/airflow/example_dags/example_short_circuit_operator.py
[2023-11-14T08:13:49.276-0300] {processor.py:839} INFO - DAG(s) dict_keys(['example_short_circuit_operator']) retrieved from /home/gmassoqueto/repos/apache-airflow-101/.venv/lib/python3.11/site-packages/airflow/example_dags/example_short_circuit_operator.py
[2023-11-14T08:13:49.295-0300] {logging_mixin.py:154} INFO - [2023-11-14T08:13:49.295-0300] {dag.py:2941} INFO - Sync 1 DAGs
[2023-11-14T08:13:49.313-0300] {logging_mixin.py:154} INFO - [2023-11-14T08:13:49.312-0300] {dag.py:3722} INFO - Setting next_dagrun for example_short_circuit_operator to 2023-11-13T11:13:49.312713+00:00, run_after=2023-11-14T11:13:49.312713+00:00
[2023-11-14T08:13:49.332-0300] {processor.py:179} INFO - Processing /home/gmassoqueto/repos/apache-airflow-101/.venv/lib/python3.11/site-packages/airflow/example_dags/example_short_circuit_operator.py took 0.089 seconds
[2023-11-14T08:14:39.127-0300] {processor.py:157} INFO - Started process (PID=291784) to work on /home/gmassoqueto/repos/apache-airflow-101/.venv/lib/python3.11/site-packages/airflow/example_dags/example_short_circuit_operator.py
[2023-11-14T08:14:39.132-0300] {processor.py:829} INFO - Processing file /home/gmassoqueto/repos/apache-airflow-101/.venv/lib/python3.11/site-packages/airflow/example_dags/example_short_circuit_operator.py for tasks to queue
[2023-11-14T08:14:39.134-0300] {logging_mixin.py:154} INFO - [2023-11-14T08:14:39.133-0300] {dagbag.py:536} INFO - Filling up the DagBag from /home/gmassoqueto/repos/apache-airflow-101/.venv/lib/python3.11/site-packages/airflow/example_dags/example_short_circuit_operator.py
[2023-11-14T08:14:39.155-0300] {processor.py:839} INFO - DAG(s) dict_keys(['example_short_circuit_operator']) retrieved from /home/gmassoqueto/repos/apache-airflow-101/.venv/lib/python3.11/site-packages/airflow/example_dags/example_short_circuit_operator.py
[2023-11-14T08:14:39.175-0300] {logging_mixin.py:154} INFO - [2023-11-14T08:14:39.175-0300] {dag.py:2941} INFO - Sync 1 DAGs
[2023-11-14T08:14:39.189-0300] {logging_mixin.py:154} INFO - [2023-11-14T08:14:39.189-0300] {dag.py:3722} INFO - Setting next_dagrun for example_short_circuit_operator to 2023-11-13T11:14:39.189279+00:00, run_after=2023-11-14T11:14:39.189279+00:00
[2023-11-14T08:14:39.206-0300] {processor.py:179} INFO - Processing /home/gmassoqueto/repos/apache-airflow-101/.venv/lib/python3.11/site-packages/airflow/example_dags/example_short_circuit_operator.py took 0.085 seconds
[2023-11-14T08:15:25.946-0300] {processor.py:157} INFO - Started process (PID=291914) to work on /home/gmassoqueto/repos/apache-airflow-101/.venv/lib/python3.11/site-packages/airflow/example_dags/example_short_circuit_operator.py
[2023-11-14T08:15:25.948-0300] {processor.py:829} INFO - Processing file /home/gmassoqueto/repos/apache-airflow-101/.venv/lib/python3.11/site-packages/airflow/example_dags/example_short_circuit_operator.py for tasks to queue
[2023-11-14T08:15:25.949-0300] {logging_mixin.py:154} INFO - [2023-11-14T08:15:25.948-0300] {dagbag.py:536} INFO - Filling up the DagBag from /home/gmassoqueto/repos/apache-airflow-101/.venv/lib/python3.11/site-packages/airflow/example_dags/example_short_circuit_operator.py
[2023-11-14T08:15:25.957-0300] {processor.py:839} INFO - DAG(s) dict_keys(['example_short_circuit_operator']) retrieved from /home/gmassoqueto/repos/apache-airflow-101/.venv/lib/python3.11/site-packages/airflow/example_dags/example_short_circuit_operator.py
[2023-11-14T08:15:25.974-0300] {logging_mixin.py:154} INFO - [2023-11-14T08:15:25.974-0300] {dag.py:2941} INFO - Sync 1 DAGs
[2023-11-14T08:15:25.989-0300] {logging_mixin.py:154} INFO - [2023-11-14T08:15:25.989-0300] {dag.py:3722} INFO - Setting next_dagrun for example_short_circuit_operator to 2023-11-13T11:15:25.989383+00:00, run_after=2023-11-14T11:15:25.989383+00:00
[2023-11-14T08:15:26.004-0300] {processor.py:179} INFO - Processing /home/gmassoqueto/repos/apache-airflow-101/.venv/lib/python3.11/site-packages/airflow/example_dags/example_short_circuit_operator.py took 0.060 seconds
[2023-11-14T08:16:12.784-0300] {processor.py:157} INFO - Started process (PID=292000) to work on /home/gmassoqueto/repos/apache-airflow-101/.venv/lib/python3.11/site-packages/airflow/example_dags/example_short_circuit_operator.py
[2023-11-14T08:16:12.788-0300] {processor.py:829} INFO - Processing file /home/gmassoqueto/repos/apache-airflow-101/.venv/lib/python3.11/site-packages/airflow/example_dags/example_short_circuit_operator.py for tasks to queue
[2023-11-14T08:16:12.789-0300] {logging_mixin.py:154} INFO - [2023-11-14T08:16:12.788-0300] {dagbag.py:536} INFO - Filling up the DagBag from /home/gmassoqueto/repos/apache-airflow-101/.venv/lib/python3.11/site-packages/airflow/example_dags/example_short_circuit_operator.py
[2023-11-14T08:16:12.797-0300] {processor.py:839} INFO - DAG(s) dict_keys(['example_short_circuit_operator']) retrieved from /home/gmassoqueto/repos/apache-airflow-101/.venv/lib/python3.11/site-packages/airflow/example_dags/example_short_circuit_operator.py
[2023-11-14T08:16:12.814-0300] {logging_mixin.py:154} INFO - [2023-11-14T08:16:12.814-0300] {dag.py:2941} INFO - Sync 1 DAGs
[2023-11-14T08:16:12.828-0300] {logging_mixin.py:154} INFO - [2023-11-14T08:16:12.828-0300] {dag.py:3722} INFO - Setting next_dagrun for example_short_circuit_operator to 2023-11-13T11:16:12.828604+00:00, run_after=2023-11-14T11:16:12.828604+00:00
[2023-11-14T08:16:12.845-0300] {processor.py:179} INFO - Processing /home/gmassoqueto/repos/apache-airflow-101/.venv/lib/python3.11/site-packages/airflow/example_dags/example_short_circuit_operator.py took 0.064 seconds
[2023-11-14T08:17:03.171-0300] {processor.py:157} INFO - Started process (PID=292086) to work on /home/gmassoqueto/repos/apache-airflow-101/.venv/lib/python3.11/site-packages/airflow/example_dags/example_short_circuit_operator.py
[2023-11-14T08:17:03.175-0300] {processor.py:829} INFO - Processing file /home/gmassoqueto/repos/apache-airflow-101/.venv/lib/python3.11/site-packages/airflow/example_dags/example_short_circuit_operator.py for tasks to queue
[2023-11-14T08:17:03.175-0300] {logging_mixin.py:154} INFO - [2023-11-14T08:17:03.175-0300] {dagbag.py:536} INFO - Filling up the DagBag from /home/gmassoqueto/repos/apache-airflow-101/.venv/lib/python3.11/site-packages/airflow/example_dags/example_short_circuit_operator.py
[2023-11-14T08:17:03.185-0300] {processor.py:839} INFO - DAG(s) dict_keys(['example_short_circuit_operator']) retrieved from /home/gmassoqueto/repos/apache-airflow-101/.venv/lib/python3.11/site-packages/airflow/example_dags/example_short_circuit_operator.py
[2023-11-14T08:17:03.207-0300] {logging_mixin.py:154} INFO - [2023-11-14T08:17:03.207-0300] {dag.py:2941} INFO - Sync 1 DAGs
[2023-11-14T08:17:03.223-0300] {logging_mixin.py:154} INFO - [2023-11-14T08:17:03.223-0300] {dag.py:3722} INFO - Setting next_dagrun for example_short_circuit_operator to 2023-11-13T11:17:03.223588+00:00, run_after=2023-11-14T11:17:03.223588+00:00
[2023-11-14T08:17:03.239-0300] {processor.py:179} INFO - Processing /home/gmassoqueto/repos/apache-airflow-101/.venv/lib/python3.11/site-packages/airflow/example_dags/example_short_circuit_operator.py took 0.071 seconds
[2023-11-14T08:17:51.610-0300] {processor.py:157} INFO - Started process (PID=292182) to work on /home/gmassoqueto/repos/apache-airflow-101/.venv/lib/python3.11/site-packages/airflow/example_dags/example_short_circuit_operator.py
[2023-11-14T08:17:51.614-0300] {processor.py:829} INFO - Processing file /home/gmassoqueto/repos/apache-airflow-101/.venv/lib/python3.11/site-packages/airflow/example_dags/example_short_circuit_operator.py for tasks to queue
[2023-11-14T08:17:51.616-0300] {logging_mixin.py:154} INFO - [2023-11-14T08:17:51.615-0300] {dagbag.py:536} INFO - Filling up the DagBag from /home/gmassoqueto/repos/apache-airflow-101/.venv/lib/python3.11/site-packages/airflow/example_dags/example_short_circuit_operator.py
[2023-11-14T08:17:51.624-0300] {processor.py:839} INFO - DAG(s) dict_keys(['example_short_circuit_operator']) retrieved from /home/gmassoqueto/repos/apache-airflow-101/.venv/lib/python3.11/site-packages/airflow/example_dags/example_short_circuit_operator.py
[2023-11-14T08:17:51.638-0300] {logging_mixin.py:154} INFO - [2023-11-14T08:17:51.638-0300] {dag.py:2941} INFO - Sync 1 DAGs
[2023-11-14T08:17:51.652-0300] {logging_mixin.py:154} INFO - [2023-11-14T08:17:51.652-0300] {dag.py:3722} INFO - Setting next_dagrun for example_short_circuit_operator to 2023-11-13T11:17:51.652312+00:00, run_after=2023-11-14T11:17:51.652312+00:00
[2023-11-14T08:17:51.669-0300] {processor.py:179} INFO - Processing /home/gmassoqueto/repos/apache-airflow-101/.venv/lib/python3.11/site-packages/airflow/example_dags/example_short_circuit_operator.py took 0.061 seconds
