[2023-11-14T07:03:58.442-0300] {processor.py:157} INFO - Started process (PID=284821) to work on /home/gmassoqueto/repos/apache-airflow-101/.venv/lib/python3.11/site-packages/airflow/example_dags/example_branch_python_dop_operator_3.py
[2023-11-14T07:03:58.444-0300] {processor.py:829} INFO - Processing file /home/gmassoqueto/repos/apache-airflow-101/.venv/lib/python3.11/site-packages/airflow/example_dags/example_branch_python_dop_operator_3.py for tasks to queue
[2023-11-14T07:03:58.446-0300] {logging_mixin.py:154} INFO - [2023-11-14T07:03:58.445-0300] {dagbag.py:536} INFO - Filling up the DagBag from /home/gmassoqueto/repos/apache-airflow-101/.venv/lib/python3.11/site-packages/airflow/example_dags/example_branch_python_dop_operator_3.py
[2023-11-14T07:03:58.464-0300] {processor.py:839} INFO - DAG(s) dict_keys(['example_branch_dop_operator_v3']) retrieved from /home/gmassoqueto/repos/apache-airflow-101/.venv/lib/python3.11/site-packages/airflow/example_dags/example_branch_python_dop_operator_3.py
[2023-11-14T07:03:58.481-0300] {logging_mixin.py:154} INFO - [2023-11-14T07:03:58.480-0300] {dag.py:2941} INFO - Sync 1 DAGs
[2023-11-14T07:03:58.500-0300] {logging_mixin.py:154} INFO - [2023-11-14T07:03:58.500-0300] {dag.py:3722} INFO - Setting next_dagrun for example_branch_dop_operator_v3 to 2023-11-14T10:02:00+00:00, run_after=2023-11-14T10:03:00+00:00
[2023-11-14T07:03:58.520-0300] {processor.py:179} INFO - Processing /home/gmassoqueto/repos/apache-airflow-101/.venv/lib/python3.11/site-packages/airflow/example_dags/example_branch_python_dop_operator_3.py took 0.085 seconds
[2023-11-14T07:57:53.534-0300] {processor.py:157} INFO - Started process (PID=287318) to work on /home/gmassoqueto/repos/apache-airflow-101/.venv/lib/python3.11/site-packages/airflow/example_dags/example_branch_python_dop_operator_3.py
[2023-11-14T07:57:53.538-0300] {processor.py:829} INFO - Processing file /home/gmassoqueto/repos/apache-airflow-101/.venv/lib/python3.11/site-packages/airflow/example_dags/example_branch_python_dop_operator_3.py for tasks to queue
[2023-11-14T07:57:53.540-0300] {logging_mixin.py:154} INFO - [2023-11-14T07:57:53.539-0300] {dagbag.py:536} INFO - Filling up the DagBag from /home/gmassoqueto/repos/apache-airflow-101/.venv/lib/python3.11/site-packages/airflow/example_dags/example_branch_python_dop_operator_3.py
[2023-11-14T07:57:53.561-0300] {processor.py:839} INFO - DAG(s) dict_keys(['example_branch_dop_operator_v3']) retrieved from /home/gmassoqueto/repos/apache-airflow-101/.venv/lib/python3.11/site-packages/airflow/example_dags/example_branch_python_dop_operator_3.py
[2023-11-14T07:57:53.581-0300] {logging_mixin.py:154} INFO - [2023-11-14T07:57:53.580-0300] {dag.py:2941} INFO - Sync 1 DAGs
[2023-11-14T07:57:53.599-0300] {logging_mixin.py:154} INFO - [2023-11-14T07:57:53.599-0300] {dag.py:3722} INFO - Setting next_dagrun for example_branch_dop_operator_v3 to 2023-11-14T10:56:00+00:00, run_after=2023-11-14T10:57:00+00:00
[2023-11-14T07:57:53.616-0300] {processor.py:179} INFO - Processing /home/gmassoqueto/repos/apache-airflow-101/.venv/lib/python3.11/site-packages/airflow/example_dags/example_branch_python_dop_operator_3.py took 0.085 seconds
[2023-11-14T07:58:41.152-0300] {processor.py:157} INFO - Started process (PID=287481) to work on /home/gmassoqueto/repos/apache-airflow-101/.venv/lib/python3.11/site-packages/airflow/example_dags/example_branch_python_dop_operator_3.py
[2023-11-14T07:58:41.153-0300] {processor.py:829} INFO - Processing file /home/gmassoqueto/repos/apache-airflow-101/.venv/lib/python3.11/site-packages/airflow/example_dags/example_branch_python_dop_operator_3.py for tasks to queue
[2023-11-14T07:58:41.154-0300] {logging_mixin.py:154} INFO - [2023-11-14T07:58:41.154-0300] {dagbag.py:536} INFO - Filling up the DagBag from /home/gmassoqueto/repos/apache-airflow-101/.venv/lib/python3.11/site-packages/airflow/example_dags/example_branch_python_dop_operator_3.py
[2023-11-14T07:58:41.164-0300] {processor.py:839} INFO - DAG(s) dict_keys(['example_branch_dop_operator_v3']) retrieved from /home/gmassoqueto/repos/apache-airflow-101/.venv/lib/python3.11/site-packages/airflow/example_dags/example_branch_python_dop_operator_3.py
[2023-11-14T07:58:41.184-0300] {logging_mixin.py:154} INFO - [2023-11-14T07:58:41.184-0300] {dag.py:2941} INFO - Sync 1 DAGs
[2023-11-14T07:58:41.218-0300] {logging_mixin.py:154} INFO - [2023-11-14T07:58:41.218-0300] {dag.py:3722} INFO - Setting next_dagrun for example_branch_dop_operator_v3 to 2023-11-14T10:57:00+00:00, run_after=2023-11-14T10:58:00+00:00
[2023-11-14T07:58:41.237-0300] {processor.py:179} INFO - Processing /home/gmassoqueto/repos/apache-airflow-101/.venv/lib/python3.11/site-packages/airflow/example_dags/example_branch_python_dop_operator_3.py took 0.088 seconds
[2023-11-14T07:59:29.317-0300] {processor.py:157} INFO - Started process (PID=287615) to work on /home/gmassoqueto/repos/apache-airflow-101/.venv/lib/python3.11/site-packages/airflow/example_dags/example_branch_python_dop_operator_3.py
[2023-11-14T07:59:29.321-0300] {processor.py:829} INFO - Processing file /home/gmassoqueto/repos/apache-airflow-101/.venv/lib/python3.11/site-packages/airflow/example_dags/example_branch_python_dop_operator_3.py for tasks to queue
[2023-11-14T07:59:29.323-0300] {logging_mixin.py:154} INFO - [2023-11-14T07:59:29.322-0300] {dagbag.py:536} INFO - Filling up the DagBag from /home/gmassoqueto/repos/apache-airflow-101/.venv/lib/python3.11/site-packages/airflow/example_dags/example_branch_python_dop_operator_3.py
[2023-11-14T07:59:29.334-0300] {processor.py:839} INFO - DAG(s) dict_keys(['example_branch_dop_operator_v3']) retrieved from /home/gmassoqueto/repos/apache-airflow-101/.venv/lib/python3.11/site-packages/airflow/example_dags/example_branch_python_dop_operator_3.py
[2023-11-14T07:59:29.349-0300] {logging_mixin.py:154} INFO - [2023-11-14T07:59:29.349-0300] {dag.py:2941} INFO - Sync 1 DAGs
[2023-11-14T07:59:29.371-0300] {logging_mixin.py:154} INFO - [2023-11-14T07:59:29.371-0300] {dag.py:3722} INFO - Setting next_dagrun for example_branch_dop_operator_v3 to 2023-11-14T10:58:00+00:00, run_after=2023-11-14T10:59:00+00:00
[2023-11-14T07:59:29.401-0300] {processor.py:179} INFO - Processing /home/gmassoqueto/repos/apache-airflow-101/.venv/lib/python3.11/site-packages/airflow/example_dags/example_branch_python_dop_operator_3.py took 0.087 seconds
[2023-11-14T08:00:25.032-0300] {processor.py:157} INFO - Started process (PID=287745) to work on /home/gmassoqueto/repos/apache-airflow-101/.venv/lib/python3.11/site-packages/airflow/example_dags/example_branch_python_dop_operator_3.py
[2023-11-14T08:00:25.035-0300] {processor.py:829} INFO - Processing file /home/gmassoqueto/repos/apache-airflow-101/.venv/lib/python3.11/site-packages/airflow/example_dags/example_branch_python_dop_operator_3.py for tasks to queue
[2023-11-14T08:00:25.036-0300] {logging_mixin.py:154} INFO - [2023-11-14T08:00:25.036-0300] {dagbag.py:536} INFO - Filling up the DagBag from /home/gmassoqueto/repos/apache-airflow-101/.venv/lib/python3.11/site-packages/airflow/example_dags/example_branch_python_dop_operator_3.py
[2023-11-14T08:00:25.047-0300] {processor.py:839} INFO - DAG(s) dict_keys(['example_branch_dop_operator_v3']) retrieved from /home/gmassoqueto/repos/apache-airflow-101/.venv/lib/python3.11/site-packages/airflow/example_dags/example_branch_python_dop_operator_3.py
[2023-11-14T08:00:25.066-0300] {logging_mixin.py:154} INFO - [2023-11-14T08:00:25.066-0300] {dag.py:2941} INFO - Sync 1 DAGs
[2023-11-14T08:00:25.087-0300] {logging_mixin.py:154} INFO - [2023-11-14T08:00:25.087-0300] {dag.py:3722} INFO - Setting next_dagrun for example_branch_dop_operator_v3 to 2023-11-14T10:59:00+00:00, run_after=2023-11-14T11:00:00+00:00
[2023-11-14T08:00:25.103-0300] {processor.py:179} INFO - Processing /home/gmassoqueto/repos/apache-airflow-101/.venv/lib/python3.11/site-packages/airflow/example_dags/example_branch_python_dop_operator_3.py took 0.075 seconds
[2023-11-14T08:01:13.052-0300] {processor.py:157} INFO - Started process (PID=287937) to work on /home/gmassoqueto/repos/apache-airflow-101/.venv/lib/python3.11/site-packages/airflow/example_dags/example_branch_python_dop_operator_3.py
[2023-11-14T08:01:13.057-0300] {processor.py:829} INFO - Processing file /home/gmassoqueto/repos/apache-airflow-101/.venv/lib/python3.11/site-packages/airflow/example_dags/example_branch_python_dop_operator_3.py for tasks to queue
[2023-11-14T08:01:13.058-0300] {logging_mixin.py:154} INFO - [2023-11-14T08:01:13.058-0300] {dagbag.py:536} INFO - Filling up the DagBag from /home/gmassoqueto/repos/apache-airflow-101/.venv/lib/python3.11/site-packages/airflow/example_dags/example_branch_python_dop_operator_3.py
[2023-11-14T08:01:13.076-0300] {processor.py:839} INFO - DAG(s) dict_keys(['example_branch_dop_operator_v3']) retrieved from /home/gmassoqueto/repos/apache-airflow-101/.venv/lib/python3.11/site-packages/airflow/example_dags/example_branch_python_dop_operator_3.py
[2023-11-14T08:01:13.099-0300] {logging_mixin.py:154} INFO - [2023-11-14T08:01:13.099-0300] {dag.py:2941} INFO - Sync 1 DAGs
[2023-11-14T08:01:13.118-0300] {logging_mixin.py:154} INFO - [2023-11-14T08:01:13.118-0300] {dag.py:3722} INFO - Setting next_dagrun for example_branch_dop_operator_v3 to 2023-11-14T11:00:00+00:00, run_after=2023-11-14T11:01:00+00:00
[2023-11-14T08:01:13.135-0300] {processor.py:179} INFO - Processing /home/gmassoqueto/repos/apache-airflow-101/.venv/lib/python3.11/site-packages/airflow/example_dags/example_branch_python_dop_operator_3.py took 0.088 seconds
[2023-11-14T08:02:03.921-0300] {processor.py:157} INFO - Started process (PID=288091) to work on /home/gmassoqueto/repos/apache-airflow-101/.venv/lib/python3.11/site-packages/airflow/example_dags/example_branch_python_dop_operator_3.py
[2023-11-14T08:02:03.922-0300] {processor.py:829} INFO - Processing file /home/gmassoqueto/repos/apache-airflow-101/.venv/lib/python3.11/site-packages/airflow/example_dags/example_branch_python_dop_operator_3.py for tasks to queue
[2023-11-14T08:02:03.923-0300] {logging_mixin.py:154} INFO - [2023-11-14T08:02:03.923-0300] {dagbag.py:536} INFO - Filling up the DagBag from /home/gmassoqueto/repos/apache-airflow-101/.venv/lib/python3.11/site-packages/airflow/example_dags/example_branch_python_dop_operator_3.py
[2023-11-14T08:02:03.933-0300] {processor.py:839} INFO - DAG(s) dict_keys(['example_branch_dop_operator_v3']) retrieved from /home/gmassoqueto/repos/apache-airflow-101/.venv/lib/python3.11/site-packages/airflow/example_dags/example_branch_python_dop_operator_3.py
[2023-11-14T08:02:03.948-0300] {logging_mixin.py:154} INFO - [2023-11-14T08:02:03.948-0300] {dag.py:2941} INFO - Sync 1 DAGs
[2023-11-14T08:02:03.970-0300] {logging_mixin.py:154} INFO - [2023-11-14T08:02:03.970-0300] {dag.py:3722} INFO - Setting next_dagrun for example_branch_dop_operator_v3 to 2023-11-14T11:01:00+00:00, run_after=2023-11-14T11:02:00+00:00
[2023-11-14T08:02:03.991-0300] {processor.py:179} INFO - Processing /home/gmassoqueto/repos/apache-airflow-101/.venv/lib/python3.11/site-packages/airflow/example_dags/example_branch_python_dop_operator_3.py took 0.073 seconds
[2023-11-14T08:02:50.479-0300] {processor.py:157} INFO - Started process (PID=288288) to work on /home/gmassoqueto/repos/apache-airflow-101/.venv/lib/python3.11/site-packages/airflow/example_dags/example_branch_python_dop_operator_3.py
[2023-11-14T08:02:50.481-0300] {processor.py:829} INFO - Processing file /home/gmassoqueto/repos/apache-airflow-101/.venv/lib/python3.11/site-packages/airflow/example_dags/example_branch_python_dop_operator_3.py for tasks to queue
[2023-11-14T08:02:50.482-0300] {logging_mixin.py:154} INFO - [2023-11-14T08:02:50.481-0300] {dagbag.py:536} INFO - Filling up the DagBag from /home/gmassoqueto/repos/apache-airflow-101/.venv/lib/python3.11/site-packages/airflow/example_dags/example_branch_python_dop_operator_3.py
[2023-11-14T08:02:50.499-0300] {processor.py:839} INFO - DAG(s) dict_keys(['example_branch_dop_operator_v3']) retrieved from /home/gmassoqueto/repos/apache-airflow-101/.venv/lib/python3.11/site-packages/airflow/example_dags/example_branch_python_dop_operator_3.py
[2023-11-14T08:02:50.516-0300] {logging_mixin.py:154} INFO - [2023-11-14T08:02:50.516-0300] {dag.py:2941} INFO - Sync 1 DAGs
[2023-11-14T08:02:50.540-0300] {logging_mixin.py:154} INFO - [2023-11-14T08:02:50.540-0300] {dag.py:3722} INFO - Setting next_dagrun for example_branch_dop_operator_v3 to 2023-11-14T11:01:00+00:00, run_after=2023-11-14T11:02:00+00:00
[2023-11-14T08:02:50.561-0300] {processor.py:179} INFO - Processing /home/gmassoqueto/repos/apache-airflow-101/.venv/lib/python3.11/site-packages/airflow/example_dags/example_branch_python_dop_operator_3.py took 0.086 seconds
[2023-11-14T08:03:37.559-0300] {processor.py:157} INFO - Started process (PID=288405) to work on /home/gmassoqueto/repos/apache-airflow-101/.venv/lib/python3.11/site-packages/airflow/example_dags/example_branch_python_dop_operator_3.py
[2023-11-14T08:03:37.562-0300] {processor.py:829} INFO - Processing file /home/gmassoqueto/repos/apache-airflow-101/.venv/lib/python3.11/site-packages/airflow/example_dags/example_branch_python_dop_operator_3.py for tasks to queue
[2023-11-14T08:03:37.564-0300] {logging_mixin.py:154} INFO - [2023-11-14T08:03:37.563-0300] {dagbag.py:536} INFO - Filling up the DagBag from /home/gmassoqueto/repos/apache-airflow-101/.venv/lib/python3.11/site-packages/airflow/example_dags/example_branch_python_dop_operator_3.py
[2023-11-14T08:03:37.582-0300] {processor.py:839} INFO - DAG(s) dict_keys(['example_branch_dop_operator_v3']) retrieved from /home/gmassoqueto/repos/apache-airflow-101/.venv/lib/python3.11/site-packages/airflow/example_dags/example_branch_python_dop_operator_3.py
[2023-11-14T08:03:37.600-0300] {logging_mixin.py:154} INFO - [2023-11-14T08:03:37.600-0300] {dag.py:2941} INFO - Sync 1 DAGs
[2023-11-14T08:03:37.627-0300] {logging_mixin.py:154} INFO - [2023-11-14T08:03:37.627-0300] {dag.py:3722} INFO - Setting next_dagrun for example_branch_dop_operator_v3 to 2023-11-14T11:02:00+00:00, run_after=2023-11-14T11:03:00+00:00
[2023-11-14T08:03:37.649-0300] {processor.py:179} INFO - Processing /home/gmassoqueto/repos/apache-airflow-101/.venv/lib/python3.11/site-packages/airflow/example_dags/example_branch_python_dop_operator_3.py took 0.100 seconds
[2023-11-14T08:04:28.484-0300] {processor.py:157} INFO - Started process (PID=288889) to work on /home/gmassoqueto/repos/apache-airflow-101/.venv/lib/python3.11/site-packages/airflow/example_dags/example_branch_python_dop_operator_3.py
[2023-11-14T08:04:28.488-0300] {processor.py:829} INFO - Processing file /home/gmassoqueto/repos/apache-airflow-101/.venv/lib/python3.11/site-packages/airflow/example_dags/example_branch_python_dop_operator_3.py for tasks to queue
[2023-11-14T08:04:28.490-0300] {logging_mixin.py:154} INFO - [2023-11-14T08:04:28.490-0300] {dagbag.py:536} INFO - Filling up the DagBag from /home/gmassoqueto/repos/apache-airflow-101/.venv/lib/python3.11/site-packages/airflow/example_dags/example_branch_python_dop_operator_3.py
[2023-11-14T08:04:28.514-0300] {processor.py:839} INFO - DAG(s) dict_keys(['example_branch_dop_operator_v3']) retrieved from /home/gmassoqueto/repos/apache-airflow-101/.venv/lib/python3.11/site-packages/airflow/example_dags/example_branch_python_dop_operator_3.py
[2023-11-14T08:04:28.535-0300] {logging_mixin.py:154} INFO - [2023-11-14T08:04:28.535-0300] {dag.py:2941} INFO - Sync 1 DAGs
[2023-11-14T08:04:28.555-0300] {logging_mixin.py:154} INFO - [2023-11-14T08:04:28.555-0300] {dag.py:3722} INFO - Setting next_dagrun for example_branch_dop_operator_v3 to 2023-11-14T11:03:00+00:00, run_after=2023-11-14T11:04:00+00:00
[2023-11-14T08:04:28.570-0300] {processor.py:179} INFO - Processing /home/gmassoqueto/repos/apache-airflow-101/.venv/lib/python3.11/site-packages/airflow/example_dags/example_branch_python_dop_operator_3.py took 0.089 seconds
[2023-11-14T08:05:18.379-0300] {processor.py:157} INFO - Started process (PID=289028) to work on /home/gmassoqueto/repos/apache-airflow-101/.venv/lib/python3.11/site-packages/airflow/example_dags/example_branch_python_dop_operator_3.py
[2023-11-14T08:05:18.383-0300] {processor.py:829} INFO - Processing file /home/gmassoqueto/repos/apache-airflow-101/.venv/lib/python3.11/site-packages/airflow/example_dags/example_branch_python_dop_operator_3.py for tasks to queue
[2023-11-14T08:05:18.384-0300] {logging_mixin.py:154} INFO - [2023-11-14T08:05:18.384-0300] {dagbag.py:536} INFO - Filling up the DagBag from /home/gmassoqueto/repos/apache-airflow-101/.venv/lib/python3.11/site-packages/airflow/example_dags/example_branch_python_dop_operator_3.py
[2023-11-14T08:05:18.394-0300] {processor.py:839} INFO - DAG(s) dict_keys(['example_branch_dop_operator_v3']) retrieved from /home/gmassoqueto/repos/apache-airflow-101/.venv/lib/python3.11/site-packages/airflow/example_dags/example_branch_python_dop_operator_3.py
[2023-11-14T08:05:18.410-0300] {logging_mixin.py:154} INFO - [2023-11-14T08:05:18.409-0300] {dag.py:2941} INFO - Sync 1 DAGs
[2023-11-14T08:05:18.433-0300] {logging_mixin.py:154} INFO - [2023-11-14T08:05:18.433-0300] {dag.py:3722} INFO - Setting next_dagrun for example_branch_dop_operator_v3 to 2023-11-14T11:04:00+00:00, run_after=2023-11-14T11:05:00+00:00
[2023-11-14T08:05:18.453-0300] {processor.py:179} INFO - Processing /home/gmassoqueto/repos/apache-airflow-101/.venv/lib/python3.11/site-packages/airflow/example_dags/example_branch_python_dop_operator_3.py took 0.076 seconds
[2023-11-14T08:06:07.459-0300] {processor.py:157} INFO - Started process (PID=289158) to work on /home/gmassoqueto/repos/apache-airflow-101/.venv/lib/python3.11/site-packages/airflow/example_dags/example_branch_python_dop_operator_3.py
[2023-11-14T08:06:07.461-0300] {processor.py:829} INFO - Processing file /home/gmassoqueto/repos/apache-airflow-101/.venv/lib/python3.11/site-packages/airflow/example_dags/example_branch_python_dop_operator_3.py for tasks to queue
[2023-11-14T08:06:07.462-0300] {logging_mixin.py:154} INFO - [2023-11-14T08:06:07.462-0300] {dagbag.py:536} INFO - Filling up the DagBag from /home/gmassoqueto/repos/apache-airflow-101/.venv/lib/python3.11/site-packages/airflow/example_dags/example_branch_python_dop_operator_3.py
[2023-11-14T08:06:07.474-0300] {processor.py:839} INFO - DAG(s) dict_keys(['example_branch_dop_operator_v3']) retrieved from /home/gmassoqueto/repos/apache-airflow-101/.venv/lib/python3.11/site-packages/airflow/example_dags/example_branch_python_dop_operator_3.py
[2023-11-14T08:06:07.498-0300] {logging_mixin.py:154} INFO - [2023-11-14T08:06:07.497-0300] {dag.py:2941} INFO - Sync 1 DAGs
[2023-11-14T08:06:07.533-0300] {logging_mixin.py:154} INFO - [2023-11-14T08:06:07.533-0300] {dag.py:3722} INFO - Setting next_dagrun for example_branch_dop_operator_v3 to 2023-11-14T11:05:00+00:00, run_after=2023-11-14T11:06:00+00:00
[2023-11-14T08:06:07.557-0300] {processor.py:179} INFO - Processing /home/gmassoqueto/repos/apache-airflow-101/.venv/lib/python3.11/site-packages/airflow/example_dags/example_branch_python_dop_operator_3.py took 0.103 seconds
[2023-11-14T08:06:55.359-0300] {processor.py:157} INFO - Started process (PID=289281) to work on /home/gmassoqueto/repos/apache-airflow-101/.venv/lib/python3.11/site-packages/airflow/example_dags/example_branch_python_dop_operator_3.py
[2023-11-14T08:06:55.363-0300] {processor.py:829} INFO - Processing file /home/gmassoqueto/repos/apache-airflow-101/.venv/lib/python3.11/site-packages/airflow/example_dags/example_branch_python_dop_operator_3.py for tasks to queue
[2023-11-14T08:06:55.364-0300] {logging_mixin.py:154} INFO - [2023-11-14T08:06:55.363-0300] {dagbag.py:536} INFO - Filling up the DagBag from /home/gmassoqueto/repos/apache-airflow-101/.venv/lib/python3.11/site-packages/airflow/example_dags/example_branch_python_dop_operator_3.py
[2023-11-14T08:06:55.376-0300] {processor.py:839} INFO - DAG(s) dict_keys(['example_branch_dop_operator_v3']) retrieved from /home/gmassoqueto/repos/apache-airflow-101/.venv/lib/python3.11/site-packages/airflow/example_dags/example_branch_python_dop_operator_3.py
[2023-11-14T08:06:55.395-0300] {logging_mixin.py:154} INFO - [2023-11-14T08:06:55.395-0300] {dag.py:2941} INFO - Sync 1 DAGs
[2023-11-14T08:06:55.415-0300] {logging_mixin.py:154} INFO - [2023-11-14T08:06:55.415-0300] {dag.py:3722} INFO - Setting next_dagrun for example_branch_dop_operator_v3 to 2023-11-14T11:05:00+00:00, run_after=2023-11-14T11:06:00+00:00
[2023-11-14T08:06:55.431-0300] {processor.py:179} INFO - Processing /home/gmassoqueto/repos/apache-airflow-101/.venv/lib/python3.11/site-packages/airflow/example_dags/example_branch_python_dop_operator_3.py took 0.074 seconds
[2023-11-14T08:07:43.137-0300] {processor.py:157} INFO - Started process (PID=289492) to work on /home/gmassoqueto/repos/apache-airflow-101/.venv/lib/python3.11/site-packages/airflow/example_dags/example_branch_python_dop_operator_3.py
[2023-11-14T08:07:43.142-0300] {processor.py:829} INFO - Processing file /home/gmassoqueto/repos/apache-airflow-101/.venv/lib/python3.11/site-packages/airflow/example_dags/example_branch_python_dop_operator_3.py for tasks to queue
[2023-11-14T08:07:43.144-0300] {logging_mixin.py:154} INFO - [2023-11-14T08:07:43.143-0300] {dagbag.py:536} INFO - Filling up the DagBag from /home/gmassoqueto/repos/apache-airflow-101/.venv/lib/python3.11/site-packages/airflow/example_dags/example_branch_python_dop_operator_3.py
[2023-11-14T08:07:43.162-0300] {processor.py:839} INFO - DAG(s) dict_keys(['example_branch_dop_operator_v3']) retrieved from /home/gmassoqueto/repos/apache-airflow-101/.venv/lib/python3.11/site-packages/airflow/example_dags/example_branch_python_dop_operator_3.py
[2023-11-14T08:07:43.179-0300] {logging_mixin.py:154} INFO - [2023-11-14T08:07:43.179-0300] {dag.py:2941} INFO - Sync 1 DAGs
[2023-11-14T08:07:43.200-0300] {logging_mixin.py:154} INFO - [2023-11-14T08:07:43.200-0300] {dag.py:3722} INFO - Setting next_dagrun for example_branch_dop_operator_v3 to 2023-11-14T11:06:00+00:00, run_after=2023-11-14T11:07:00+00:00
[2023-11-14T08:07:43.218-0300] {processor.py:179} INFO - Processing /home/gmassoqueto/repos/apache-airflow-101/.venv/lib/python3.11/site-packages/airflow/example_dags/example_branch_python_dop_operator_3.py took 0.086 seconds
[2023-11-14T08:08:47.366-0300] {processor.py:157} INFO - Started process (PID=289919) to work on /home/gmassoqueto/repos/apache-airflow-101/.venv/lib/python3.11/site-packages/airflow/example_dags/example_branch_python_dop_operator_3.py
[2023-11-14T08:08:47.371-0300] {processor.py:829} INFO - Processing file /home/gmassoqueto/repos/apache-airflow-101/.venv/lib/python3.11/site-packages/airflow/example_dags/example_branch_python_dop_operator_3.py for tasks to queue
[2023-11-14T08:08:47.374-0300] {logging_mixin.py:154} INFO - [2023-11-14T08:08:47.373-0300] {dagbag.py:536} INFO - Filling up the DagBag from /home/gmassoqueto/repos/apache-airflow-101/.venv/lib/python3.11/site-packages/airflow/example_dags/example_branch_python_dop_operator_3.py
[2023-11-14T08:08:47.393-0300] {processor.py:839} INFO - DAG(s) dict_keys(['example_branch_dop_operator_v3']) retrieved from /home/gmassoqueto/repos/apache-airflow-101/.venv/lib/python3.11/site-packages/airflow/example_dags/example_branch_python_dop_operator_3.py
[2023-11-14T08:08:47.409-0300] {logging_mixin.py:154} INFO - [2023-11-14T08:08:47.408-0300] {dag.py:2941} INFO - Sync 1 DAGs
[2023-11-14T08:08:47.417-0300] {logging_mixin.py:154} INFO - [2023-11-14T08:08:47.417-0300] {dag.py:2963} INFO - Creating ORM DAG for example_branch_dop_operator_v3
[2023-11-14T08:08:47.428-0300] {logging_mixin.py:154} INFO - [2023-11-14T08:08:47.428-0300] {dag.py:3722} INFO - Setting next_dagrun for example_branch_dop_operator_v3 to 2023-11-14T11:07:00+00:00, run_after=2023-11-14T11:08:00+00:00
[2023-11-14T08:08:47.456-0300] {processor.py:179} INFO - Processing /home/gmassoqueto/repos/apache-airflow-101/.venv/lib/python3.11/site-packages/airflow/example_dags/example_branch_python_dop_operator_3.py took 0.098 seconds
[2023-11-14T08:10:30.079-0300] {processor.py:157} INFO - Started process (PID=290999) to work on /home/gmassoqueto/repos/apache-airflow-101/.venv/lib/python3.11/site-packages/airflow/example_dags/example_branch_python_dop_operator_3.py
[2023-11-14T08:10:30.196-0300] {processor.py:829} INFO - Processing file /home/gmassoqueto/repos/apache-airflow-101/.venv/lib/python3.11/site-packages/airflow/example_dags/example_branch_python_dop_operator_3.py for tasks to queue
[2023-11-14T08:10:30.199-0300] {logging_mixin.py:154} INFO - [2023-11-14T08:10:30.198-0300] {dagbag.py:536} INFO - Filling up the DagBag from /home/gmassoqueto/repos/apache-airflow-101/.venv/lib/python3.11/site-packages/airflow/example_dags/example_branch_python_dop_operator_3.py
[2023-11-14T08:10:30.219-0300] {processor.py:839} INFO - DAG(s) dict_keys(['example_branch_dop_operator_v3']) retrieved from /home/gmassoqueto/repos/apache-airflow-101/.venv/lib/python3.11/site-packages/airflow/example_dags/example_branch_python_dop_operator_3.py
[2023-11-14T08:10:30.248-0300] {logging_mixin.py:154} INFO - [2023-11-14T08:10:30.247-0300] {dag.py:2941} INFO - Sync 1 DAGs
[2023-11-14T08:10:30.287-0300] {logging_mixin.py:154} INFO - [2023-11-14T08:10:30.287-0300] {dag.py:3722} INFO - Setting next_dagrun for example_branch_dop_operator_v3 to 2023-11-14T11:09:00+00:00, run_after=2023-11-14T11:10:00+00:00
[2023-11-14T08:10:30.308-0300] {processor.py:179} INFO - Processing /home/gmassoqueto/repos/apache-airflow-101/.venv/lib/python3.11/site-packages/airflow/example_dags/example_branch_python_dop_operator_3.py took 0.237 seconds
[2023-11-14T08:11:23.875-0300] {processor.py:157} INFO - Started process (PID=291166) to work on /home/gmassoqueto/repos/apache-airflow-101/.venv/lib/python3.11/site-packages/airflow/example_dags/example_branch_python_dop_operator_3.py
[2023-11-14T08:11:23.879-0300] {processor.py:829} INFO - Processing file /home/gmassoqueto/repos/apache-airflow-101/.venv/lib/python3.11/site-packages/airflow/example_dags/example_branch_python_dop_operator_3.py for tasks to queue
[2023-11-14T08:11:23.880-0300] {logging_mixin.py:154} INFO - [2023-11-14T08:11:23.879-0300] {dagbag.py:536} INFO - Filling up the DagBag from /home/gmassoqueto/repos/apache-airflow-101/.venv/lib/python3.11/site-packages/airflow/example_dags/example_branch_python_dop_operator_3.py
[2023-11-14T08:11:23.889-0300] {processor.py:839} INFO - DAG(s) dict_keys(['example_branch_dop_operator_v3']) retrieved from /home/gmassoqueto/repos/apache-airflow-101/.venv/lib/python3.11/site-packages/airflow/example_dags/example_branch_python_dop_operator_3.py
[2023-11-14T08:11:23.904-0300] {logging_mixin.py:154} INFO - [2023-11-14T08:11:23.903-0300] {dag.py:2941} INFO - Sync 1 DAGs
[2023-11-14T08:11:23.923-0300] {logging_mixin.py:154} INFO - [2023-11-14T08:11:23.923-0300] {dag.py:3722} INFO - Setting next_dagrun for example_branch_dop_operator_v3 to 2023-11-14T11:10:00+00:00, run_after=2023-11-14T11:11:00+00:00
[2023-11-14T08:11:23.940-0300] {processor.py:179} INFO - Processing /home/gmassoqueto/repos/apache-airflow-101/.venv/lib/python3.11/site-packages/airflow/example_dags/example_branch_python_dop_operator_3.py took 0.067 seconds
[2023-11-14T08:12:09.698-0300] {processor.py:157} INFO - Started process (PID=291311) to work on /home/gmassoqueto/repos/apache-airflow-101/.venv/lib/python3.11/site-packages/airflow/example_dags/example_branch_python_dop_operator_3.py
[2023-11-14T08:12:09.699-0300] {processor.py:829} INFO - Processing file /home/gmassoqueto/repos/apache-airflow-101/.venv/lib/python3.11/site-packages/airflow/example_dags/example_branch_python_dop_operator_3.py for tasks to queue
[2023-11-14T08:12:09.700-0300] {logging_mixin.py:154} INFO - [2023-11-14T08:12:09.699-0300] {dagbag.py:536} INFO - Filling up the DagBag from /home/gmassoqueto/repos/apache-airflow-101/.venv/lib/python3.11/site-packages/airflow/example_dags/example_branch_python_dop_operator_3.py
[2023-11-14T08:12:09.709-0300] {processor.py:839} INFO - DAG(s) dict_keys(['example_branch_dop_operator_v3']) retrieved from /home/gmassoqueto/repos/apache-airflow-101/.venv/lib/python3.11/site-packages/airflow/example_dags/example_branch_python_dop_operator_3.py
[2023-11-14T08:12:09.717-0300] {logging_mixin.py:154} INFO - [2023-11-14T08:12:09.717-0300] {dag.py:2941} INFO - Sync 1 DAGs
[2023-11-14T08:12:09.741-0300] {logging_mixin.py:154} INFO - [2023-11-14T08:12:09.741-0300] {dag.py:3722} INFO - Setting next_dagrun for example_branch_dop_operator_v3 to 2023-11-14T11:11:00+00:00, run_after=2023-11-14T11:12:00+00:00
[2023-11-14T08:12:09.758-0300] {processor.py:179} INFO - Processing /home/gmassoqueto/repos/apache-airflow-101/.venv/lib/python3.11/site-packages/airflow/example_dags/example_branch_python_dop_operator_3.py took 0.062 seconds
[2023-11-14T08:12:55.211-0300] {processor.py:157} INFO - Started process (PID=291569) to work on /home/gmassoqueto/repos/apache-airflow-101/.venv/lib/python3.11/site-packages/airflow/example_dags/example_branch_python_dop_operator_3.py
[2023-11-14T08:12:55.216-0300] {processor.py:829} INFO - Processing file /home/gmassoqueto/repos/apache-airflow-101/.venv/lib/python3.11/site-packages/airflow/example_dags/example_branch_python_dop_operator_3.py for tasks to queue
[2023-11-14T08:12:55.218-0300] {logging_mixin.py:154} INFO - [2023-11-14T08:12:55.217-0300] {dagbag.py:536} INFO - Filling up the DagBag from /home/gmassoqueto/repos/apache-airflow-101/.venv/lib/python3.11/site-packages/airflow/example_dags/example_branch_python_dop_operator_3.py
[2023-11-14T08:12:55.237-0300] {processor.py:839} INFO - DAG(s) dict_keys(['example_branch_dop_operator_v3']) retrieved from /home/gmassoqueto/repos/apache-airflow-101/.venv/lib/python3.11/site-packages/airflow/example_dags/example_branch_python_dop_operator_3.py
[2023-11-14T08:12:55.254-0300] {logging_mixin.py:154} INFO - [2023-11-14T08:12:55.254-0300] {dag.py:2941} INFO - Sync 1 DAGs
[2023-11-14T08:12:55.274-0300] {logging_mixin.py:154} INFO - [2023-11-14T08:12:55.274-0300] {dag.py:3722} INFO - Setting next_dagrun for example_branch_dop_operator_v3 to 2023-11-14T11:11:00+00:00, run_after=2023-11-14T11:12:00+00:00
[2023-11-14T08:12:55.301-0300] {processor.py:179} INFO - Processing /home/gmassoqueto/repos/apache-airflow-101/.venv/lib/python3.11/site-packages/airflow/example_dags/example_branch_python_dop_operator_3.py took 0.096 seconds
[2023-11-14T08:13:41.712-0300] {processor.py:157} INFO - Started process (PID=291652) to work on /home/gmassoqueto/repos/apache-airflow-101/.venv/lib/python3.11/site-packages/airflow/example_dags/example_branch_python_dop_operator_3.py
[2023-11-14T08:13:41.715-0300] {processor.py:829} INFO - Processing file /home/gmassoqueto/repos/apache-airflow-101/.venv/lib/python3.11/site-packages/airflow/example_dags/example_branch_python_dop_operator_3.py for tasks to queue
[2023-11-14T08:13:41.717-0300] {logging_mixin.py:154} INFO - [2023-11-14T08:13:41.716-0300] {dagbag.py:536} INFO - Filling up the DagBag from /home/gmassoqueto/repos/apache-airflow-101/.venv/lib/python3.11/site-packages/airflow/example_dags/example_branch_python_dop_operator_3.py
[2023-11-14T08:13:41.736-0300] {processor.py:839} INFO - DAG(s) dict_keys(['example_branch_dop_operator_v3']) retrieved from /home/gmassoqueto/repos/apache-airflow-101/.venv/lib/python3.11/site-packages/airflow/example_dags/example_branch_python_dop_operator_3.py
[2023-11-14T08:13:41.752-0300] {logging_mixin.py:154} INFO - [2023-11-14T08:13:41.752-0300] {dag.py:2941} INFO - Sync 1 DAGs
[2023-11-14T08:13:41.772-0300] {logging_mixin.py:154} INFO - [2023-11-14T08:13:41.772-0300] {dag.py:3722} INFO - Setting next_dagrun for example_branch_dop_operator_v3 to 2023-11-14T11:12:00+00:00, run_after=2023-11-14T11:13:00+00:00
[2023-11-14T08:13:41.788-0300] {processor.py:179} INFO - Processing /home/gmassoqueto/repos/apache-airflow-101/.venv/lib/python3.11/site-packages/airflow/example_dags/example_branch_python_dop_operator_3.py took 0.082 seconds
[2023-11-14T08:14:30.445-0300] {processor.py:157} INFO - Started process (PID=291770) to work on /home/gmassoqueto/repos/apache-airflow-101/.venv/lib/python3.11/site-packages/airflow/example_dags/example_branch_python_dop_operator_3.py
[2023-11-14T08:14:30.446-0300] {processor.py:829} INFO - Processing file /home/gmassoqueto/repos/apache-airflow-101/.venv/lib/python3.11/site-packages/airflow/example_dags/example_branch_python_dop_operator_3.py for tasks to queue
[2023-11-14T08:14:30.446-0300] {logging_mixin.py:154} INFO - [2023-11-14T08:14:30.446-0300] {dagbag.py:536} INFO - Filling up the DagBag from /home/gmassoqueto/repos/apache-airflow-101/.venv/lib/python3.11/site-packages/airflow/example_dags/example_branch_python_dop_operator_3.py
[2023-11-14T08:14:30.455-0300] {processor.py:839} INFO - DAG(s) dict_keys(['example_branch_dop_operator_v3']) retrieved from /home/gmassoqueto/repos/apache-airflow-101/.venv/lib/python3.11/site-packages/airflow/example_dags/example_branch_python_dop_operator_3.py
[2023-11-14T08:14:30.470-0300] {logging_mixin.py:154} INFO - [2023-11-14T08:14:30.469-0300] {dag.py:2941} INFO - Sync 1 DAGs
[2023-11-14T08:14:30.489-0300] {logging_mixin.py:154} INFO - [2023-11-14T08:14:30.488-0300] {dag.py:3722} INFO - Setting next_dagrun for example_branch_dop_operator_v3 to 2023-11-14T11:13:00+00:00, run_after=2023-11-14T11:14:00+00:00
[2023-11-14T08:14:30.511-0300] {processor.py:179} INFO - Processing /home/gmassoqueto/repos/apache-airflow-101/.venv/lib/python3.11/site-packages/airflow/example_dags/example_branch_python_dop_operator_3.py took 0.069 seconds
[2023-11-14T08:15:17.333-0300] {processor.py:157} INFO - Started process (PID=291900) to work on /home/gmassoqueto/repos/apache-airflow-101/.venv/lib/python3.11/site-packages/airflow/example_dags/example_branch_python_dop_operator_3.py
[2023-11-14T08:15:17.336-0300] {processor.py:829} INFO - Processing file /home/gmassoqueto/repos/apache-airflow-101/.venv/lib/python3.11/site-packages/airflow/example_dags/example_branch_python_dop_operator_3.py for tasks to queue
[2023-11-14T08:15:17.337-0300] {logging_mixin.py:154} INFO - [2023-11-14T08:15:17.337-0300] {dagbag.py:536} INFO - Filling up the DagBag from /home/gmassoqueto/repos/apache-airflow-101/.venv/lib/python3.11/site-packages/airflow/example_dags/example_branch_python_dop_operator_3.py
[2023-11-14T08:15:17.347-0300] {processor.py:839} INFO - DAG(s) dict_keys(['example_branch_dop_operator_v3']) retrieved from /home/gmassoqueto/repos/apache-airflow-101/.venv/lib/python3.11/site-packages/airflow/example_dags/example_branch_python_dop_operator_3.py
[2023-11-14T08:15:17.365-0300] {logging_mixin.py:154} INFO - [2023-11-14T08:15:17.364-0300] {dag.py:2941} INFO - Sync 1 DAGs
[2023-11-14T08:15:17.384-0300] {logging_mixin.py:154} INFO - [2023-11-14T08:15:17.384-0300] {dag.py:3722} INFO - Setting next_dagrun for example_branch_dop_operator_v3 to 2023-11-14T11:14:00+00:00, run_after=2023-11-14T11:15:00+00:00
[2023-11-14T08:15:17.402-0300] {processor.py:179} INFO - Processing /home/gmassoqueto/repos/apache-airflow-101/.venv/lib/python3.11/site-packages/airflow/example_dags/example_branch_python_dop_operator_3.py took 0.072 seconds
[2023-11-14T08:16:05.912-0300] {processor.py:157} INFO - Started process (PID=291989) to work on /home/gmassoqueto/repos/apache-airflow-101/.venv/lib/python3.11/site-packages/airflow/example_dags/example_branch_python_dop_operator_3.py
[2023-11-14T08:16:05.915-0300] {processor.py:829} INFO - Processing file /home/gmassoqueto/repos/apache-airflow-101/.venv/lib/python3.11/site-packages/airflow/example_dags/example_branch_python_dop_operator_3.py for tasks to queue
[2023-11-14T08:16:05.916-0300] {logging_mixin.py:154} INFO - [2023-11-14T08:16:05.916-0300] {dagbag.py:536} INFO - Filling up the DagBag from /home/gmassoqueto/repos/apache-airflow-101/.venv/lib/python3.11/site-packages/airflow/example_dags/example_branch_python_dop_operator_3.py
[2023-11-14T08:16:05.924-0300] {processor.py:839} INFO - DAG(s) dict_keys(['example_branch_dop_operator_v3']) retrieved from /home/gmassoqueto/repos/apache-airflow-101/.venv/lib/python3.11/site-packages/airflow/example_dags/example_branch_python_dop_operator_3.py
[2023-11-14T08:16:05.939-0300] {logging_mixin.py:154} INFO - [2023-11-14T08:16:05.938-0300] {dag.py:2941} INFO - Sync 1 DAGs
[2023-11-14T08:16:05.957-0300] {logging_mixin.py:154} INFO - [2023-11-14T08:16:05.957-0300] {dag.py:3722} INFO - Setting next_dagrun for example_branch_dop_operator_v3 to 2023-11-14T11:15:00+00:00, run_after=2023-11-14T11:16:00+00:00
[2023-11-14T08:16:05.973-0300] {processor.py:179} INFO - Processing /home/gmassoqueto/repos/apache-airflow-101/.venv/lib/python3.11/site-packages/airflow/example_dags/example_branch_python_dop_operator_3.py took 0.064 seconds
[2023-11-14T08:16:55.083-0300] {processor.py:157} INFO - Started process (PID=292072) to work on /home/gmassoqueto/repos/apache-airflow-101/.venv/lib/python3.11/site-packages/airflow/example_dags/example_branch_python_dop_operator_3.py
[2023-11-14T08:16:55.084-0300] {processor.py:829} INFO - Processing file /home/gmassoqueto/repos/apache-airflow-101/.venv/lib/python3.11/site-packages/airflow/example_dags/example_branch_python_dop_operator_3.py for tasks to queue
[2023-11-14T08:16:55.085-0300] {logging_mixin.py:154} INFO - [2023-11-14T08:16:55.084-0300] {dagbag.py:536} INFO - Filling up the DagBag from /home/gmassoqueto/repos/apache-airflow-101/.venv/lib/python3.11/site-packages/airflow/example_dags/example_branch_python_dop_operator_3.py
[2023-11-14T08:16:55.092-0300] {processor.py:839} INFO - DAG(s) dict_keys(['example_branch_dop_operator_v3']) retrieved from /home/gmassoqueto/repos/apache-airflow-101/.venv/lib/python3.11/site-packages/airflow/example_dags/example_branch_python_dop_operator_3.py
[2023-11-14T08:16:55.104-0300] {logging_mixin.py:154} INFO - [2023-11-14T08:16:55.104-0300] {dag.py:2941} INFO - Sync 1 DAGs
[2023-11-14T08:16:55.123-0300] {logging_mixin.py:154} INFO - [2023-11-14T08:16:55.123-0300] {dag.py:3722} INFO - Setting next_dagrun for example_branch_dop_operator_v3 to 2023-11-14T11:15:00+00:00, run_after=2023-11-14T11:16:00+00:00
[2023-11-14T08:16:55.148-0300] {processor.py:179} INFO - Processing /home/gmassoqueto/repos/apache-airflow-101/.venv/lib/python3.11/site-packages/airflow/example_dags/example_branch_python_dop_operator_3.py took 0.067 seconds
[2023-11-14T08:17:44.562-0300] {processor.py:157} INFO - Started process (PID=292168) to work on /home/gmassoqueto/repos/apache-airflow-101/.venv/lib/python3.11/site-packages/airflow/example_dags/example_branch_python_dop_operator_3.py
[2023-11-14T08:17:44.566-0300] {processor.py:829} INFO - Processing file /home/gmassoqueto/repos/apache-airflow-101/.venv/lib/python3.11/site-packages/airflow/example_dags/example_branch_python_dop_operator_3.py for tasks to queue
[2023-11-14T08:17:44.567-0300] {logging_mixin.py:154} INFO - [2023-11-14T08:17:44.567-0300] {dagbag.py:536} INFO - Filling up the DagBag from /home/gmassoqueto/repos/apache-airflow-101/.venv/lib/python3.11/site-packages/airflow/example_dags/example_branch_python_dop_operator_3.py
[2023-11-14T08:17:44.576-0300] {processor.py:839} INFO - DAG(s) dict_keys(['example_branch_dop_operator_v3']) retrieved from /home/gmassoqueto/repos/apache-airflow-101/.venv/lib/python3.11/site-packages/airflow/example_dags/example_branch_python_dop_operator_3.py
[2023-11-14T08:17:44.594-0300] {logging_mixin.py:154} INFO - [2023-11-14T08:17:44.594-0300] {dag.py:2941} INFO - Sync 1 DAGs
[2023-11-14T08:17:44.614-0300] {logging_mixin.py:154} INFO - [2023-11-14T08:17:44.614-0300] {dag.py:3722} INFO - Setting next_dagrun for example_branch_dop_operator_v3 to 2023-11-14T11:16:00+00:00, run_after=2023-11-14T11:17:00+00:00
[2023-11-14T08:17:44.630-0300] {processor.py:179} INFO - Processing /home/gmassoqueto/repos/apache-airflow-101/.venv/lib/python3.11/site-packages/airflow/example_dags/example_branch_python_dop_operator_3.py took 0.070 seconds
