[2023-11-14T07:03:37.739-0300] {processor.py:157} INFO - Started process (PID=284783) to work on /home/gmassoqueto/repos/apache-airflow-101/.venv/lib/python3.11/site-packages/airflow/example_dags/example_external_task_marker_dag.py
[2023-11-14T07:03:37.741-0300] {processor.py:829} INFO - Processing file /home/gmassoqueto/repos/apache-airflow-101/.venv/lib/python3.11/site-packages/airflow/example_dags/example_external_task_marker_dag.py for tasks to queue
[2023-11-14T07:03:37.742-0300] {logging_mixin.py:154} INFO - [2023-11-14T07:03:37.741-0300] {dagbag.py:536} INFO - Filling up the DagBag from /home/gmassoqueto/repos/apache-airflow-101/.venv/lib/python3.11/site-packages/airflow/example_dags/example_external_task_marker_dag.py
[2023-11-14T07:03:37.753-0300] {processor.py:839} INFO - DAG(s) dict_keys(['example_external_task_marker_parent', 'example_external_task_marker_child']) retrieved from /home/gmassoqueto/repos/apache-airflow-101/.venv/lib/python3.11/site-packages/airflow/example_dags/example_external_task_marker_dag.py
[2023-11-14T07:03:37.765-0300] {logging_mixin.py:154} INFO - [2023-11-14T07:03:37.765-0300] {dag.py:2941} INFO - Sync 2 DAGs
[2023-11-14T07:03:37.779-0300] {logging_mixin.py:154} INFO - [2023-11-14T07:03:37.779-0300] {dag.py:3722} INFO - Setting next_dagrun for example_external_task_marker_child to None, run_after=None
[2023-11-14T07:03:37.781-0300] {logging_mixin.py:154} INFO - [2023-11-14T07:03:37.781-0300] {dag.py:3722} INFO - Setting next_dagrun for example_external_task_marker_parent to None, run_after=None
[2023-11-14T07:03:37.803-0300] {processor.py:179} INFO - Processing /home/gmassoqueto/repos/apache-airflow-101/.venv/lib/python3.11/site-packages/airflow/example_dags/example_external_task_marker_dag.py took 0.068 seconds
[2023-11-14T07:57:32.804-0300] {processor.py:157} INFO - Started process (PID=287246) to work on /home/gmassoqueto/repos/apache-airflow-101/.venv/lib/python3.11/site-packages/airflow/example_dags/example_external_task_marker_dag.py
[2023-11-14T07:57:32.806-0300] {processor.py:829} INFO - Processing file /home/gmassoqueto/repos/apache-airflow-101/.venv/lib/python3.11/site-packages/airflow/example_dags/example_external_task_marker_dag.py for tasks to queue
[2023-11-14T07:57:32.807-0300] {logging_mixin.py:154} INFO - [2023-11-14T07:57:32.807-0300] {dagbag.py:536} INFO - Filling up the DagBag from /home/gmassoqueto/repos/apache-airflow-101/.venv/lib/python3.11/site-packages/airflow/example_dags/example_external_task_marker_dag.py
[2023-11-14T07:57:32.813-0300] {processor.py:839} INFO - DAG(s) dict_keys(['example_external_task_marker_child', 'example_external_task_marker_parent']) retrieved from /home/gmassoqueto/repos/apache-airflow-101/.venv/lib/python3.11/site-packages/airflow/example_dags/example_external_task_marker_dag.py
[2023-11-14T07:57:32.819-0300] {logging_mixin.py:154} INFO - [2023-11-14T07:57:32.819-0300] {dag.py:2941} INFO - Sync 2 DAGs
[2023-11-14T07:57:32.831-0300] {logging_mixin.py:154} INFO - [2023-11-14T07:57:32.831-0300] {dag.py:3722} INFO - Setting next_dagrun for example_external_task_marker_child to None, run_after=None
[2023-11-14T07:57:32.834-0300] {logging_mixin.py:154} INFO - [2023-11-14T07:57:32.834-0300] {dag.py:3722} INFO - Setting next_dagrun for example_external_task_marker_parent to None, run_after=None
[2023-11-14T07:57:32.850-0300] {processor.py:179} INFO - Processing /home/gmassoqueto/repos/apache-airflow-101/.venv/lib/python3.11/site-packages/airflow/example_dags/example_external_task_marker_dag.py took 0.048 seconds
[2023-11-14T07:58:20.515-0300] {processor.py:157} INFO - Started process (PID=287423) to work on /home/gmassoqueto/repos/apache-airflow-101/.venv/lib/python3.11/site-packages/airflow/example_dags/example_external_task_marker_dag.py
[2023-11-14T07:58:20.519-0300] {processor.py:829} INFO - Processing file /home/gmassoqueto/repos/apache-airflow-101/.venv/lib/python3.11/site-packages/airflow/example_dags/example_external_task_marker_dag.py for tasks to queue
[2023-11-14T07:58:20.520-0300] {logging_mixin.py:154} INFO - [2023-11-14T07:58:20.519-0300] {dagbag.py:536} INFO - Filling up the DagBag from /home/gmassoqueto/repos/apache-airflow-101/.venv/lib/python3.11/site-packages/airflow/example_dags/example_external_task_marker_dag.py
[2023-11-14T07:58:20.525-0300] {processor.py:839} INFO - DAG(s) dict_keys(['example_external_task_marker_child', 'example_external_task_marker_parent']) retrieved from /home/gmassoqueto/repos/apache-airflow-101/.venv/lib/python3.11/site-packages/airflow/example_dags/example_external_task_marker_dag.py
[2023-11-14T07:58:20.542-0300] {logging_mixin.py:154} INFO - [2023-11-14T07:58:20.542-0300] {dag.py:2941} INFO - Sync 2 DAGs
[2023-11-14T07:58:20.551-0300] {logging_mixin.py:154} INFO - [2023-11-14T07:58:20.551-0300] {dag.py:3722} INFO - Setting next_dagrun for example_external_task_marker_child to None, run_after=None
[2023-11-14T07:58:20.553-0300] {logging_mixin.py:154} INFO - [2023-11-14T07:58:20.553-0300] {dag.py:3722} INFO - Setting next_dagrun for example_external_task_marker_parent to None, run_after=None
[2023-11-14T07:58:20.568-0300] {processor.py:179} INFO - Processing /home/gmassoqueto/repos/apache-airflow-101/.venv/lib/python3.11/site-packages/airflow/example_dags/example_external_task_marker_dag.py took 0.056 seconds
[2023-11-14T07:59:05.883-0300] {processor.py:157} INFO - Started process (PID=287567) to work on /home/gmassoqueto/repos/apache-airflow-101/.venv/lib/python3.11/site-packages/airflow/example_dags/example_external_task_marker_dag.py
[2023-11-14T07:59:05.888-0300] {processor.py:829} INFO - Processing file /home/gmassoqueto/repos/apache-airflow-101/.venv/lib/python3.11/site-packages/airflow/example_dags/example_external_task_marker_dag.py for tasks to queue
[2023-11-14T07:59:05.891-0300] {logging_mixin.py:154} INFO - [2023-11-14T07:59:05.890-0300] {dagbag.py:536} INFO - Filling up the DagBag from /home/gmassoqueto/repos/apache-airflow-101/.venv/lib/python3.11/site-packages/airflow/example_dags/example_external_task_marker_dag.py
[2023-11-14T07:59:05.903-0300] {processor.py:839} INFO - DAG(s) dict_keys(['example_external_task_marker_parent', 'example_external_task_marker_child']) retrieved from /home/gmassoqueto/repos/apache-airflow-101/.venv/lib/python3.11/site-packages/airflow/example_dags/example_external_task_marker_dag.py
[2023-11-14T07:59:05.924-0300] {logging_mixin.py:154} INFO - [2023-11-14T07:59:05.923-0300] {dag.py:2941} INFO - Sync 2 DAGs
[2023-11-14T07:59:05.933-0300] {logging_mixin.py:154} INFO - [2023-11-14T07:59:05.933-0300] {dag.py:3722} INFO - Setting next_dagrun for example_external_task_marker_child to None, run_after=None
[2023-11-14T07:59:05.935-0300] {logging_mixin.py:154} INFO - [2023-11-14T07:59:05.935-0300] {dag.py:3722} INFO - Setting next_dagrun for example_external_task_marker_parent to None, run_after=None
[2023-11-14T07:59:05.951-0300] {processor.py:179} INFO - Processing /home/gmassoqueto/repos/apache-airflow-101/.venv/lib/python3.11/site-packages/airflow/example_dags/example_external_task_marker_dag.py took 0.075 seconds
[2023-11-14T07:59:57.089-0300] {processor.py:157} INFO - Started process (PID=287674) to work on /home/gmassoqueto/repos/apache-airflow-101/.venv/lib/python3.11/site-packages/airflow/example_dags/example_external_task_marker_dag.py
[2023-11-14T07:59:57.095-0300] {processor.py:829} INFO - Processing file /home/gmassoqueto/repos/apache-airflow-101/.venv/lib/python3.11/site-packages/airflow/example_dags/example_external_task_marker_dag.py for tasks to queue
[2023-11-14T07:59:57.099-0300] {logging_mixin.py:154} INFO - [2023-11-14T07:59:57.098-0300] {dagbag.py:536} INFO - Filling up the DagBag from /home/gmassoqueto/repos/apache-airflow-101/.venv/lib/python3.11/site-packages/airflow/example_dags/example_external_task_marker_dag.py
[2023-11-14T07:59:57.121-0300] {processor.py:839} INFO - DAG(s) dict_keys(['example_external_task_marker_child', 'example_external_task_marker_parent']) retrieved from /home/gmassoqueto/repos/apache-airflow-101/.venv/lib/python3.11/site-packages/airflow/example_dags/example_external_task_marker_dag.py
[2023-11-14T07:59:57.155-0300] {logging_mixin.py:154} INFO - [2023-11-14T07:59:57.154-0300] {dag.py:2941} INFO - Sync 2 DAGs
[2023-11-14T07:59:57.171-0300] {logging_mixin.py:154} INFO - [2023-11-14T07:59:57.170-0300] {dag.py:3722} INFO - Setting next_dagrun for example_external_task_marker_child to None, run_after=None
[2023-11-14T07:59:57.173-0300] {logging_mixin.py:154} INFO - [2023-11-14T07:59:57.173-0300] {dag.py:3722} INFO - Setting next_dagrun for example_external_task_marker_parent to None, run_after=None
[2023-11-14T07:59:57.193-0300] {processor.py:179} INFO - Processing /home/gmassoqueto/repos/apache-airflow-101/.venv/lib/python3.11/site-packages/airflow/example_dags/example_external_task_marker_dag.py took 0.114 seconds
[2023-11-14T08:00:42.916-0300] {processor.py:157} INFO - Started process (PID=287807) to work on /home/gmassoqueto/repos/apache-airflow-101/.venv/lib/python3.11/site-packages/airflow/example_dags/example_external_task_marker_dag.py
[2023-11-14T08:00:42.917-0300] {processor.py:829} INFO - Processing file /home/gmassoqueto/repos/apache-airflow-101/.venv/lib/python3.11/site-packages/airflow/example_dags/example_external_task_marker_dag.py for tasks to queue
[2023-11-14T08:00:42.918-0300] {logging_mixin.py:154} INFO - [2023-11-14T08:00:42.918-0300] {dagbag.py:536} INFO - Filling up the DagBag from /home/gmassoqueto/repos/apache-airflow-101/.venv/lib/python3.11/site-packages/airflow/example_dags/example_external_task_marker_dag.py
[2023-11-14T08:00:42.925-0300] {processor.py:839} INFO - DAG(s) dict_keys(['example_external_task_marker_parent', 'example_external_task_marker_child']) retrieved from /home/gmassoqueto/repos/apache-airflow-101/.venv/lib/python3.11/site-packages/airflow/example_dags/example_external_task_marker_dag.py
[2023-11-14T08:00:42.948-0300] {logging_mixin.py:154} INFO - [2023-11-14T08:00:42.948-0300] {dag.py:2941} INFO - Sync 2 DAGs
[2023-11-14T08:00:42.958-0300] {logging_mixin.py:154} INFO - [2023-11-14T08:00:42.958-0300] {dag.py:3722} INFO - Setting next_dagrun for example_external_task_marker_child to None, run_after=None
[2023-11-14T08:00:42.961-0300] {logging_mixin.py:154} INFO - [2023-11-14T08:00:42.961-0300] {dag.py:3722} INFO - Setting next_dagrun for example_external_task_marker_parent to None, run_after=None
[2023-11-14T08:00:42.979-0300] {processor.py:179} INFO - Processing /home/gmassoqueto/repos/apache-airflow-101/.venv/lib/python3.11/site-packages/airflow/example_dags/example_external_task_marker_dag.py took 0.069 seconds
[2023-11-14T08:01:29.516-0300] {processor.py:157} INFO - Started process (PID=288044) to work on /home/gmassoqueto/repos/apache-airflow-101/.venv/lib/python3.11/site-packages/airflow/example_dags/example_external_task_marker_dag.py
[2023-11-14T08:01:29.520-0300] {processor.py:829} INFO - Processing file /home/gmassoqueto/repos/apache-airflow-101/.venv/lib/python3.11/site-packages/airflow/example_dags/example_external_task_marker_dag.py for tasks to queue
[2023-11-14T08:01:29.522-0300] {logging_mixin.py:154} INFO - [2023-11-14T08:01:29.521-0300] {dagbag.py:536} INFO - Filling up the DagBag from /home/gmassoqueto/repos/apache-airflow-101/.venv/lib/python3.11/site-packages/airflow/example_dags/example_external_task_marker_dag.py
[2023-11-14T08:01:29.532-0300] {processor.py:839} INFO - DAG(s) dict_keys(['example_external_task_marker_parent', 'example_external_task_marker_child']) retrieved from /home/gmassoqueto/repos/apache-airflow-101/.venv/lib/python3.11/site-packages/airflow/example_dags/example_external_task_marker_dag.py
[2023-11-14T08:01:29.555-0300] {logging_mixin.py:154} INFO - [2023-11-14T08:01:29.555-0300] {dag.py:2941} INFO - Sync 2 DAGs
[2023-11-14T08:01:29.566-0300] {logging_mixin.py:154} INFO - [2023-11-14T08:01:29.566-0300] {dag.py:3722} INFO - Setting next_dagrun for example_external_task_marker_child to None, run_after=None
[2023-11-14T08:01:29.568-0300] {logging_mixin.py:154} INFO - [2023-11-14T08:01:29.568-0300] {dag.py:3722} INFO - Setting next_dagrun for example_external_task_marker_parent to None, run_after=None
[2023-11-14T08:01:29.584-0300] {processor.py:179} INFO - Processing /home/gmassoqueto/repos/apache-airflow-101/.venv/lib/python3.11/site-packages/airflow/example_dags/example_external_task_marker_dag.py took 0.072 seconds
[2023-11-14T08:02:19.435-0300] {processor.py:157} INFO - Started process (PID=288152) to work on /home/gmassoqueto/repos/apache-airflow-101/.venv/lib/python3.11/site-packages/airflow/example_dags/example_external_task_marker_dag.py
[2023-11-14T08:02:19.439-0300] {processor.py:829} INFO - Processing file /home/gmassoqueto/repos/apache-airflow-101/.venv/lib/python3.11/site-packages/airflow/example_dags/example_external_task_marker_dag.py for tasks to queue
[2023-11-14T08:02:19.439-0300] {logging_mixin.py:154} INFO - [2023-11-14T08:02:19.439-0300] {dagbag.py:536} INFO - Filling up the DagBag from /home/gmassoqueto/repos/apache-airflow-101/.venv/lib/python3.11/site-packages/airflow/example_dags/example_external_task_marker_dag.py
[2023-11-14T08:02:19.444-0300] {processor.py:839} INFO - DAG(s) dict_keys(['example_external_task_marker_parent', 'example_external_task_marker_child']) retrieved from /home/gmassoqueto/repos/apache-airflow-101/.venv/lib/python3.11/site-packages/airflow/example_dags/example_external_task_marker_dag.py
[2023-11-14T08:02:19.461-0300] {logging_mixin.py:154} INFO - [2023-11-14T08:02:19.461-0300] {dag.py:2941} INFO - Sync 2 DAGs
[2023-11-14T08:02:19.471-0300] {logging_mixin.py:154} INFO - [2023-11-14T08:02:19.471-0300] {dag.py:3722} INFO - Setting next_dagrun for example_external_task_marker_child to None, run_after=None
[2023-11-14T08:02:19.473-0300] {logging_mixin.py:154} INFO - [2023-11-14T08:02:19.473-0300] {dag.py:3722} INFO - Setting next_dagrun for example_external_task_marker_parent to None, run_after=None
[2023-11-14T08:02:19.489-0300] {processor.py:179} INFO - Processing /home/gmassoqueto/repos/apache-airflow-101/.venv/lib/python3.11/site-packages/airflow/example_dags/example_external_task_marker_dag.py took 0.057 seconds
[2023-11-14T08:03:07.810-0300] {processor.py:157} INFO - Started process (PID=288372) to work on /home/gmassoqueto/repos/apache-airflow-101/.venv/lib/python3.11/site-packages/airflow/example_dags/example_external_task_marker_dag.py
[2023-11-14T08:03:07.814-0300] {processor.py:829} INFO - Processing file /home/gmassoqueto/repos/apache-airflow-101/.venv/lib/python3.11/site-packages/airflow/example_dags/example_external_task_marker_dag.py for tasks to queue
[2023-11-14T08:03:07.817-0300] {logging_mixin.py:154} INFO - [2023-11-14T08:03:07.816-0300] {dagbag.py:536} INFO - Filling up the DagBag from /home/gmassoqueto/repos/apache-airflow-101/.venv/lib/python3.11/site-packages/airflow/example_dags/example_external_task_marker_dag.py
[2023-11-14T08:03:07.833-0300] {processor.py:839} INFO - DAG(s) dict_keys(['example_external_task_marker_child', 'example_external_task_marker_parent']) retrieved from /home/gmassoqueto/repos/apache-airflow-101/.venv/lib/python3.11/site-packages/airflow/example_dags/example_external_task_marker_dag.py
[2023-11-14T08:03:07.855-0300] {logging_mixin.py:154} INFO - [2023-11-14T08:03:07.855-0300] {dag.py:2941} INFO - Sync 2 DAGs
[2023-11-14T08:03:07.867-0300] {logging_mixin.py:154} INFO - [2023-11-14T08:03:07.866-0300] {dag.py:3722} INFO - Setting next_dagrun for example_external_task_marker_child to None, run_after=None
[2023-11-14T08:03:07.869-0300] {logging_mixin.py:154} INFO - [2023-11-14T08:03:07.869-0300] {dag.py:3722} INFO - Setting next_dagrun for example_external_task_marker_parent to None, run_after=None
[2023-11-14T08:03:07.885-0300] {processor.py:179} INFO - Processing /home/gmassoqueto/repos/apache-airflow-101/.venv/lib/python3.11/site-packages/airflow/example_dags/example_external_task_marker_dag.py took 0.080 seconds
[2023-11-14T08:03:55.839-0300] {processor.py:157} INFO - Started process (PID=288757) to work on /home/gmassoqueto/repos/apache-airflow-101/.venv/lib/python3.11/site-packages/airflow/example_dags/example_external_task_marker_dag.py
[2023-11-14T08:03:55.844-0300] {processor.py:829} INFO - Processing file /home/gmassoqueto/repos/apache-airflow-101/.venv/lib/python3.11/site-packages/airflow/example_dags/example_external_task_marker_dag.py for tasks to queue
[2023-11-14T08:03:55.846-0300] {logging_mixin.py:154} INFO - [2023-11-14T08:03:55.845-0300] {dagbag.py:536} INFO - Filling up the DagBag from /home/gmassoqueto/repos/apache-airflow-101/.venv/lib/python3.11/site-packages/airflow/example_dags/example_external_task_marker_dag.py
[2023-11-14T08:03:55.861-0300] {processor.py:839} INFO - DAG(s) dict_keys(['example_external_task_marker_parent', 'example_external_task_marker_child']) retrieved from /home/gmassoqueto/repos/apache-airflow-101/.venv/lib/python3.11/site-packages/airflow/example_dags/example_external_task_marker_dag.py
[2023-11-14T08:03:55.883-0300] {logging_mixin.py:154} INFO - [2023-11-14T08:03:55.883-0300] {dag.py:2941} INFO - Sync 2 DAGs
[2023-11-14T08:03:55.892-0300] {logging_mixin.py:154} INFO - [2023-11-14T08:03:55.892-0300] {dag.py:3722} INFO - Setting next_dagrun for example_external_task_marker_child to None, run_after=None
[2023-11-14T08:03:55.894-0300] {logging_mixin.py:154} INFO - [2023-11-14T08:03:55.894-0300] {dag.py:3722} INFO - Setting next_dagrun for example_external_task_marker_parent to None, run_after=None
[2023-11-14T08:03:55.911-0300] {processor.py:179} INFO - Processing /home/gmassoqueto/repos/apache-airflow-101/.venv/lib/python3.11/site-packages/airflow/example_dags/example_external_task_marker_dag.py took 0.080 seconds
[2023-11-14T08:04:46.503-0300] {processor.py:157} INFO - Started process (PID=288965) to work on /home/gmassoqueto/repos/apache-airflow-101/.venv/lib/python3.11/site-packages/airflow/example_dags/example_external_task_marker_dag.py
[2023-11-14T08:04:46.507-0300] {processor.py:829} INFO - Processing file /home/gmassoqueto/repos/apache-airflow-101/.venv/lib/python3.11/site-packages/airflow/example_dags/example_external_task_marker_dag.py for tasks to queue
[2023-11-14T08:04:46.509-0300] {logging_mixin.py:154} INFO - [2023-11-14T08:04:46.509-0300] {dagbag.py:536} INFO - Filling up the DagBag from /home/gmassoqueto/repos/apache-airflow-101/.venv/lib/python3.11/site-packages/airflow/example_dags/example_external_task_marker_dag.py
[2023-11-14T08:04:46.524-0300] {processor.py:839} INFO - DAG(s) dict_keys(['example_external_task_marker_parent', 'example_external_task_marker_child']) retrieved from /home/gmassoqueto/repos/apache-airflow-101/.venv/lib/python3.11/site-packages/airflow/example_dags/example_external_task_marker_dag.py
[2023-11-14T08:04:46.549-0300] {logging_mixin.py:154} INFO - [2023-11-14T08:04:46.548-0300] {dag.py:2941} INFO - Sync 2 DAGs
[2023-11-14T08:04:46.558-0300] {logging_mixin.py:154} INFO - [2023-11-14T08:04:46.558-0300] {dag.py:3722} INFO - Setting next_dagrun for example_external_task_marker_child to None, run_after=None
[2023-11-14T08:04:46.560-0300] {logging_mixin.py:154} INFO - [2023-11-14T08:04:46.560-0300] {dag.py:3722} INFO - Setting next_dagrun for example_external_task_marker_parent to None, run_after=None
[2023-11-14T08:04:46.577-0300] {processor.py:179} INFO - Processing /home/gmassoqueto/repos/apache-airflow-101/.venv/lib/python3.11/site-packages/airflow/example_dags/example_external_task_marker_dag.py took 0.080 seconds
[2023-11-14T08:05:35.865-0300] {processor.py:157} INFO - Started process (PID=289062) to work on /home/gmassoqueto/repos/apache-airflow-101/.venv/lib/python3.11/site-packages/airflow/example_dags/example_external_task_marker_dag.py
[2023-11-14T08:05:35.866-0300] {processor.py:829} INFO - Processing file /home/gmassoqueto/repos/apache-airflow-101/.venv/lib/python3.11/site-packages/airflow/example_dags/example_external_task_marker_dag.py for tasks to queue
[2023-11-14T08:05:35.867-0300] {logging_mixin.py:154} INFO - [2023-11-14T08:05:35.866-0300] {dagbag.py:536} INFO - Filling up the DagBag from /home/gmassoqueto/repos/apache-airflow-101/.venv/lib/python3.11/site-packages/airflow/example_dags/example_external_task_marker_dag.py
[2023-11-14T08:05:35.871-0300] {processor.py:839} INFO - DAG(s) dict_keys(['example_external_task_marker_child', 'example_external_task_marker_parent']) retrieved from /home/gmassoqueto/repos/apache-airflow-101/.venv/lib/python3.11/site-packages/airflow/example_dags/example_external_task_marker_dag.py
[2023-11-14T08:05:35.886-0300] {logging_mixin.py:154} INFO - [2023-11-14T08:05:35.886-0300] {dag.py:2941} INFO - Sync 2 DAGs
[2023-11-14T08:05:35.895-0300] {logging_mixin.py:154} INFO - [2023-11-14T08:05:35.895-0300] {dag.py:3722} INFO - Setting next_dagrun for example_external_task_marker_child to None, run_after=None
[2023-11-14T08:05:35.898-0300] {logging_mixin.py:154} INFO - [2023-11-14T08:05:35.897-0300] {dag.py:3722} INFO - Setting next_dagrun for example_external_task_marker_parent to None, run_after=None
[2023-11-14T08:05:35.912-0300] {processor.py:179} INFO - Processing /home/gmassoqueto/repos/apache-airflow-101/.venv/lib/python3.11/site-packages/airflow/example_dags/example_external_task_marker_dag.py took 0.048 seconds
[2023-11-14T08:06:24.217-0300] {processor.py:157} INFO - Started process (PID=289206) to work on /home/gmassoqueto/repos/apache-airflow-101/.venv/lib/python3.11/site-packages/airflow/example_dags/example_external_task_marker_dag.py
[2023-11-14T08:06:24.222-0300] {processor.py:829} INFO - Processing file /home/gmassoqueto/repos/apache-airflow-101/.venv/lib/python3.11/site-packages/airflow/example_dags/example_external_task_marker_dag.py for tasks to queue
[2023-11-14T08:06:24.224-0300] {logging_mixin.py:154} INFO - [2023-11-14T08:06:24.223-0300] {dagbag.py:536} INFO - Filling up the DagBag from /home/gmassoqueto/repos/apache-airflow-101/.venv/lib/python3.11/site-packages/airflow/example_dags/example_external_task_marker_dag.py
[2023-11-14T08:06:24.239-0300] {processor.py:839} INFO - DAG(s) dict_keys(['example_external_task_marker_parent', 'example_external_task_marker_child']) retrieved from /home/gmassoqueto/repos/apache-airflow-101/.venv/lib/python3.11/site-packages/airflow/example_dags/example_external_task_marker_dag.py
[2023-11-14T08:06:24.262-0300] {logging_mixin.py:154} INFO - [2023-11-14T08:06:24.262-0300] {dag.py:2941} INFO - Sync 2 DAGs
[2023-11-14T08:06:24.271-0300] {logging_mixin.py:154} INFO - [2023-11-14T08:06:24.271-0300] {dag.py:3722} INFO - Setting next_dagrun for example_external_task_marker_child to None, run_after=None
[2023-11-14T08:06:24.274-0300] {logging_mixin.py:154} INFO - [2023-11-14T08:06:24.274-0300] {dag.py:3722} INFO - Setting next_dagrun for example_external_task_marker_parent to None, run_after=None
[2023-11-14T08:06:24.301-0300] {processor.py:179} INFO - Processing /home/gmassoqueto/repos/apache-airflow-101/.venv/lib/python3.11/site-packages/airflow/example_dags/example_external_task_marker_dag.py took 0.092 seconds
[2023-11-14T08:07:12.152-0300] {processor.py:157} INFO - Started process (PID=289335) to work on /home/gmassoqueto/repos/apache-airflow-101/.venv/lib/python3.11/site-packages/airflow/example_dags/example_external_task_marker_dag.py
[2023-11-14T08:07:12.157-0300] {processor.py:829} INFO - Processing file /home/gmassoqueto/repos/apache-airflow-101/.venv/lib/python3.11/site-packages/airflow/example_dags/example_external_task_marker_dag.py for tasks to queue
[2023-11-14T08:07:12.159-0300] {logging_mixin.py:154} INFO - [2023-11-14T08:07:12.158-0300] {dagbag.py:536} INFO - Filling up the DagBag from /home/gmassoqueto/repos/apache-airflow-101/.venv/lib/python3.11/site-packages/airflow/example_dags/example_external_task_marker_dag.py
[2023-11-14T08:07:12.174-0300] {processor.py:839} INFO - DAG(s) dict_keys(['example_external_task_marker_parent', 'example_external_task_marker_child']) retrieved from /home/gmassoqueto/repos/apache-airflow-101/.venv/lib/python3.11/site-packages/airflow/example_dags/example_external_task_marker_dag.py
[2023-11-14T08:07:12.196-0300] {logging_mixin.py:154} INFO - [2023-11-14T08:07:12.196-0300] {dag.py:2941} INFO - Sync 2 DAGs
[2023-11-14T08:07:12.205-0300] {logging_mixin.py:154} INFO - [2023-11-14T08:07:12.205-0300] {dag.py:3722} INFO - Setting next_dagrun for example_external_task_marker_child to None, run_after=None
[2023-11-14T08:07:12.207-0300] {logging_mixin.py:154} INFO - [2023-11-14T08:07:12.207-0300] {dag.py:3722} INFO - Setting next_dagrun for example_external_task_marker_parent to None, run_after=None
[2023-11-14T08:07:12.238-0300] {processor.py:179} INFO - Processing /home/gmassoqueto/repos/apache-airflow-101/.venv/lib/python3.11/site-packages/airflow/example_dags/example_external_task_marker_dag.py took 0.095 seconds
[2023-11-14T08:08:01.417-0300] {processor.py:157} INFO - Started process (PID=289578) to work on /home/gmassoqueto/repos/apache-airflow-101/.venv/lib/python3.11/site-packages/airflow/example_dags/example_external_task_marker_dag.py
[2023-11-14T08:08:01.421-0300] {processor.py:829} INFO - Processing file /home/gmassoqueto/repos/apache-airflow-101/.venv/lib/python3.11/site-packages/airflow/example_dags/example_external_task_marker_dag.py for tasks to queue
[2023-11-14T08:08:01.422-0300] {logging_mixin.py:154} INFO - [2023-11-14T08:08:01.422-0300] {dagbag.py:536} INFO - Filling up the DagBag from /home/gmassoqueto/repos/apache-airflow-101/.venv/lib/python3.11/site-packages/airflow/example_dags/example_external_task_marker_dag.py
[2023-11-14T08:08:01.432-0300] {processor.py:839} INFO - DAG(s) dict_keys(['example_external_task_marker_child', 'example_external_task_marker_parent']) retrieved from /home/gmassoqueto/repos/apache-airflow-101/.venv/lib/python3.11/site-packages/airflow/example_dags/example_external_task_marker_dag.py
[2023-11-14T08:08:01.443-0300] {logging_mixin.py:154} INFO - [2023-11-14T08:08:01.442-0300] {dag.py:2941} INFO - Sync 2 DAGs
[2023-11-14T08:08:01.464-0300] {logging_mixin.py:154} INFO - [2023-11-14T08:08:01.463-0300] {dag.py:2963} INFO - Creating ORM DAG for example_external_task_marker_parent
[2023-11-14T08:08:01.465-0300] {logging_mixin.py:154} INFO - [2023-11-14T08:08:01.465-0300] {dag.py:2963} INFO - Creating ORM DAG for example_external_task_marker_child
[2023-11-14T08:08:01.466-0300] {logging_mixin.py:154} INFO - [2023-11-14T08:08:01.466-0300] {dag.py:3722} INFO - Setting next_dagrun for example_external_task_marker_child to None, run_after=None
[2023-11-14T08:08:01.467-0300] {logging_mixin.py:154} INFO - [2023-11-14T08:08:01.466-0300] {dag.py:3722} INFO - Setting next_dagrun for example_external_task_marker_parent to None, run_after=None
[2023-11-14T08:08:01.496-0300] {processor.py:179} INFO - Processing /home/gmassoqueto/repos/apache-airflow-101/.venv/lib/python3.11/site-packages/airflow/example_dags/example_external_task_marker_dag.py took 0.083 seconds
[2023-11-14T08:08:26.578-0300] {processor.py:157} INFO - Started process (PID=289785) to work on /home/gmassoqueto/repos/apache-airflow-101/.venv/lib/python3.11/site-packages/airflow/example_dags/example_external_task_marker_dag.py
[2023-11-14T08:08:26.580-0300] {processor.py:829} INFO - Processing file /home/gmassoqueto/repos/apache-airflow-101/.venv/lib/python3.11/site-packages/airflow/example_dags/example_external_task_marker_dag.py for tasks to queue
[2023-11-14T08:08:26.582-0300] {logging_mixin.py:154} INFO - [2023-11-14T08:08:26.581-0300] {dagbag.py:536} INFO - Filling up the DagBag from /home/gmassoqueto/repos/apache-airflow-101/.venv/lib/python3.11/site-packages/airflow/example_dags/example_external_task_marker_dag.py
[2023-11-14T08:08:26.593-0300] {processor.py:839} INFO - DAG(s) dict_keys(['example_external_task_marker_child', 'example_external_task_marker_parent']) retrieved from /home/gmassoqueto/repos/apache-airflow-101/.venv/lib/python3.11/site-packages/airflow/example_dags/example_external_task_marker_dag.py
[2023-11-14T08:08:26.613-0300] {logging_mixin.py:154} INFO - [2023-11-14T08:08:26.613-0300] {dag.py:2941} INFO - Sync 2 DAGs
[2023-11-14T08:08:26.645-0300] {logging_mixin.py:154} INFO - [2023-11-14T08:08:26.645-0300] {dag.py:3722} INFO - Setting next_dagrun for example_external_task_marker_child to None, run_after=None
[2023-11-14T08:08:26.668-0300] {logging_mixin.py:154} INFO - [2023-11-14T08:08:26.668-0300] {dag.py:3722} INFO - Setting next_dagrun for example_external_task_marker_parent to None, run_after=None
[2023-11-14T08:08:26.747-0300] {processor.py:179} INFO - Processing /home/gmassoqueto/repos/apache-airflow-101/.venv/lib/python3.11/site-packages/airflow/example_dags/example_external_task_marker_dag.py took 0.175 seconds
[2023-11-14T08:10:09.535-0300] {processor.py:157} INFO - Started process (PID=290626) to work on /home/gmassoqueto/repos/apache-airflow-101/.venv/lib/python3.11/site-packages/airflow/example_dags/example_external_task_marker_dag.py
[2023-11-14T08:10:09.539-0300] {processor.py:829} INFO - Processing file /home/gmassoqueto/repos/apache-airflow-101/.venv/lib/python3.11/site-packages/airflow/example_dags/example_external_task_marker_dag.py for tasks to queue
[2023-11-14T08:10:09.539-0300] {logging_mixin.py:154} INFO - [2023-11-14T08:10:09.539-0300] {dagbag.py:536} INFO - Filling up the DagBag from /home/gmassoqueto/repos/apache-airflow-101/.venv/lib/python3.11/site-packages/airflow/example_dags/example_external_task_marker_dag.py
[2023-11-14T08:10:09.545-0300] {processor.py:839} INFO - DAG(s) dict_keys(['example_external_task_marker_child', 'example_external_task_marker_parent']) retrieved from /home/gmassoqueto/repos/apache-airflow-101/.venv/lib/python3.11/site-packages/airflow/example_dags/example_external_task_marker_dag.py
[2023-11-14T08:10:09.563-0300] {logging_mixin.py:154} INFO - [2023-11-14T08:10:09.563-0300] {dag.py:2941} INFO - Sync 2 DAGs
[2023-11-14T08:10:09.573-0300] {logging_mixin.py:154} INFO - [2023-11-14T08:10:09.572-0300] {dag.py:3722} INFO - Setting next_dagrun for example_external_task_marker_child to None, run_after=None
[2023-11-14T08:10:09.575-0300] {logging_mixin.py:154} INFO - [2023-11-14T08:10:09.575-0300] {dag.py:3722} INFO - Setting next_dagrun for example_external_task_marker_parent to None, run_after=None
[2023-11-14T08:10:09.591-0300] {processor.py:179} INFO - Processing /home/gmassoqueto/repos/apache-airflow-101/.venv/lib/python3.11/site-packages/airflow/example_dags/example_external_task_marker_dag.py took 0.058 seconds
[2023-11-14T08:10:56.904-0300] {processor.py:157} INFO - Started process (PID=291122) to work on /home/gmassoqueto/repos/apache-airflow-101/.venv/lib/python3.11/site-packages/airflow/example_dags/example_external_task_marker_dag.py
[2023-11-14T08:10:56.908-0300] {processor.py:829} INFO - Processing file /home/gmassoqueto/repos/apache-airflow-101/.venv/lib/python3.11/site-packages/airflow/example_dags/example_external_task_marker_dag.py for tasks to queue
[2023-11-14T08:10:56.909-0300] {logging_mixin.py:154} INFO - [2023-11-14T08:10:56.909-0300] {dagbag.py:536} INFO - Filling up the DagBag from /home/gmassoqueto/repos/apache-airflow-101/.venv/lib/python3.11/site-packages/airflow/example_dags/example_external_task_marker_dag.py
[2023-11-14T08:10:56.914-0300] {processor.py:839} INFO - DAG(s) dict_keys(['example_external_task_marker_parent', 'example_external_task_marker_child']) retrieved from /home/gmassoqueto/repos/apache-airflow-101/.venv/lib/python3.11/site-packages/airflow/example_dags/example_external_task_marker_dag.py
[2023-11-14T08:10:56.932-0300] {logging_mixin.py:154} INFO - [2023-11-14T08:10:56.932-0300] {dag.py:2941} INFO - Sync 2 DAGs
[2023-11-14T08:10:56.943-0300] {logging_mixin.py:154} INFO - [2023-11-14T08:10:56.943-0300] {dag.py:3722} INFO - Setting next_dagrun for example_external_task_marker_child to None, run_after=None
[2023-11-14T08:10:56.946-0300] {logging_mixin.py:154} INFO - [2023-11-14T08:10:56.946-0300] {dag.py:3722} INFO - Setting next_dagrun for example_external_task_marker_parent to None, run_after=None
[2023-11-14T08:10:56.965-0300] {processor.py:179} INFO - Processing /home/gmassoqueto/repos/apache-airflow-101/.venv/lib/python3.11/site-packages/airflow/example_dags/example_external_task_marker_dag.py took 0.063 seconds
[2023-11-14T08:11:45.342-0300] {processor.py:157} INFO - Started process (PID=291251) to work on /home/gmassoqueto/repos/apache-airflow-101/.venv/lib/python3.11/site-packages/airflow/example_dags/example_external_task_marker_dag.py
[2023-11-14T08:11:45.346-0300] {processor.py:829} INFO - Processing file /home/gmassoqueto/repos/apache-airflow-101/.venv/lib/python3.11/site-packages/airflow/example_dags/example_external_task_marker_dag.py for tasks to queue
[2023-11-14T08:11:45.347-0300] {logging_mixin.py:154} INFO - [2023-11-14T08:11:45.346-0300] {dagbag.py:536} INFO - Filling up the DagBag from /home/gmassoqueto/repos/apache-airflow-101/.venv/lib/python3.11/site-packages/airflow/example_dags/example_external_task_marker_dag.py
[2023-11-14T08:11:45.353-0300] {processor.py:839} INFO - DAG(s) dict_keys(['example_external_task_marker_child', 'example_external_task_marker_parent']) retrieved from /home/gmassoqueto/repos/apache-airflow-101/.venv/lib/python3.11/site-packages/airflow/example_dags/example_external_task_marker_dag.py
[2023-11-14T08:11:45.373-0300] {logging_mixin.py:154} INFO - [2023-11-14T08:11:45.373-0300] {dag.py:2941} INFO - Sync 2 DAGs
[2023-11-14T08:11:45.383-0300] {logging_mixin.py:154} INFO - [2023-11-14T08:11:45.383-0300] {dag.py:3722} INFO - Setting next_dagrun for example_external_task_marker_child to None, run_after=None
[2023-11-14T08:11:45.386-0300] {logging_mixin.py:154} INFO - [2023-11-14T08:11:45.386-0300] {dag.py:3722} INFO - Setting next_dagrun for example_external_task_marker_parent to None, run_after=None
[2023-11-14T08:11:45.411-0300] {processor.py:179} INFO - Processing /home/gmassoqueto/repos/apache-airflow-101/.venv/lib/python3.11/site-packages/airflow/example_dags/example_external_task_marker_dag.py took 0.073 seconds
[2023-11-14T08:12:31.807-0300] {processor.py:157} INFO - Started process (PID=291472) to work on /home/gmassoqueto/repos/apache-airflow-101/.venv/lib/python3.11/site-packages/airflow/example_dags/example_external_task_marker_dag.py
[2023-11-14T08:12:31.811-0300] {processor.py:829} INFO - Processing file /home/gmassoqueto/repos/apache-airflow-101/.venv/lib/python3.11/site-packages/airflow/example_dags/example_external_task_marker_dag.py for tasks to queue
[2023-11-14T08:12:31.811-0300] {logging_mixin.py:154} INFO - [2023-11-14T08:12:31.811-0300] {dagbag.py:536} INFO - Filling up the DagBag from /home/gmassoqueto/repos/apache-airflow-101/.venv/lib/python3.11/site-packages/airflow/example_dags/example_external_task_marker_dag.py
[2023-11-14T08:12:31.816-0300] {processor.py:839} INFO - DAG(s) dict_keys(['example_external_task_marker_child', 'example_external_task_marker_parent']) retrieved from /home/gmassoqueto/repos/apache-airflow-101/.venv/lib/python3.11/site-packages/airflow/example_dags/example_external_task_marker_dag.py
[2023-11-14T08:12:31.822-0300] {logging_mixin.py:154} INFO - [2023-11-14T08:12:31.822-0300] {dag.py:2941} INFO - Sync 2 DAGs
[2023-11-14T08:12:31.832-0300] {logging_mixin.py:154} INFO - [2023-11-14T08:12:31.832-0300] {dag.py:3722} INFO - Setting next_dagrun for example_external_task_marker_child to None, run_after=None
[2023-11-14T08:12:31.835-0300] {logging_mixin.py:154} INFO - [2023-11-14T08:12:31.835-0300] {dag.py:3722} INFO - Setting next_dagrun for example_external_task_marker_parent to None, run_after=None
[2023-11-14T08:12:31.851-0300] {processor.py:179} INFO - Processing /home/gmassoqueto/repos/apache-airflow-101/.venv/lib/python3.11/site-packages/airflow/example_dags/example_external_task_marker_dag.py took 0.048 seconds
[2023-11-14T08:13:18.162-0300] {processor.py:157} INFO - Started process (PID=291609) to work on /home/gmassoqueto/repos/apache-airflow-101/.venv/lib/python3.11/site-packages/airflow/example_dags/example_external_task_marker_dag.py
[2023-11-14T08:13:18.166-0300] {processor.py:829} INFO - Processing file /home/gmassoqueto/repos/apache-airflow-101/.venv/lib/python3.11/site-packages/airflow/example_dags/example_external_task_marker_dag.py for tasks to queue
[2023-11-14T08:13:18.167-0300] {logging_mixin.py:154} INFO - [2023-11-14T08:13:18.167-0300] {dagbag.py:536} INFO - Filling up the DagBag from /home/gmassoqueto/repos/apache-airflow-101/.venv/lib/python3.11/site-packages/airflow/example_dags/example_external_task_marker_dag.py
[2023-11-14T08:13:18.175-0300] {processor.py:839} INFO - DAG(s) dict_keys(['example_external_task_marker_child', 'example_external_task_marker_parent']) retrieved from /home/gmassoqueto/repos/apache-airflow-101/.venv/lib/python3.11/site-packages/airflow/example_dags/example_external_task_marker_dag.py
[2023-11-14T08:13:18.201-0300] {logging_mixin.py:154} INFO - [2023-11-14T08:13:18.201-0300] {dag.py:2941} INFO - Sync 2 DAGs
[2023-11-14T08:13:18.212-0300] {logging_mixin.py:154} INFO - [2023-11-14T08:13:18.212-0300] {dag.py:3722} INFO - Setting next_dagrun for example_external_task_marker_child to None, run_after=None
[2023-11-14T08:13:18.214-0300] {logging_mixin.py:154} INFO - [2023-11-14T08:13:18.214-0300] {dag.py:3722} INFO - Setting next_dagrun for example_external_task_marker_parent to None, run_after=None
[2023-11-14T08:13:18.231-0300] {processor.py:179} INFO - Processing /home/gmassoqueto/repos/apache-airflow-101/.venv/lib/python3.11/site-packages/airflow/example_dags/example_external_task_marker_dag.py took 0.071 seconds
[2023-11-14T08:14:04.157-0300] {processor.py:157} INFO - Started process (PID=291696) to work on /home/gmassoqueto/repos/apache-airflow-101/.venv/lib/python3.11/site-packages/airflow/example_dags/example_external_task_marker_dag.py
[2023-11-14T08:14:04.161-0300] {processor.py:829} INFO - Processing file /home/gmassoqueto/repos/apache-airflow-101/.venv/lib/python3.11/site-packages/airflow/example_dags/example_external_task_marker_dag.py for tasks to queue
[2023-11-14T08:14:04.164-0300] {logging_mixin.py:154} INFO - [2023-11-14T08:14:04.163-0300] {dagbag.py:536} INFO - Filling up the DagBag from /home/gmassoqueto/repos/apache-airflow-101/.venv/lib/python3.11/site-packages/airflow/example_dags/example_external_task_marker_dag.py
[2023-11-14T08:14:04.170-0300] {processor.py:839} INFO - DAG(s) dict_keys(['example_external_task_marker_parent', 'example_external_task_marker_child']) retrieved from /home/gmassoqueto/repos/apache-airflow-101/.venv/lib/python3.11/site-packages/airflow/example_dags/example_external_task_marker_dag.py
[2023-11-14T08:14:04.185-0300] {logging_mixin.py:154} INFO - [2023-11-14T08:14:04.185-0300] {dag.py:2941} INFO - Sync 2 DAGs
[2023-11-14T08:14:04.194-0300] {logging_mixin.py:154} INFO - [2023-11-14T08:14:04.193-0300] {dag.py:3722} INFO - Setting next_dagrun for example_external_task_marker_child to None, run_after=None
[2023-11-14T08:14:04.196-0300] {logging_mixin.py:154} INFO - [2023-11-14T08:14:04.196-0300] {dag.py:3722} INFO - Setting next_dagrun for example_external_task_marker_parent to None, run_after=None
[2023-11-14T08:14:04.211-0300] {processor.py:179} INFO - Processing /home/gmassoqueto/repos/apache-airflow-101/.venv/lib/python3.11/site-packages/airflow/example_dags/example_external_task_marker_dag.py took 0.056 seconds
[2023-11-14T08:14:53.167-0300] {processor.py:157} INFO - Started process (PID=291854) to work on /home/gmassoqueto/repos/apache-airflow-101/.venv/lib/python3.11/site-packages/airflow/example_dags/example_external_task_marker_dag.py
[2023-11-14T08:14:53.168-0300] {processor.py:829} INFO - Processing file /home/gmassoqueto/repos/apache-airflow-101/.venv/lib/python3.11/site-packages/airflow/example_dags/example_external_task_marker_dag.py for tasks to queue
[2023-11-14T08:14:53.169-0300] {logging_mixin.py:154} INFO - [2023-11-14T08:14:53.168-0300] {dagbag.py:536} INFO - Filling up the DagBag from /home/gmassoqueto/repos/apache-airflow-101/.venv/lib/python3.11/site-packages/airflow/example_dags/example_external_task_marker_dag.py
[2023-11-14T08:14:53.174-0300] {processor.py:839} INFO - DAG(s) dict_keys(['example_external_task_marker_child', 'example_external_task_marker_parent']) retrieved from /home/gmassoqueto/repos/apache-airflow-101/.venv/lib/python3.11/site-packages/airflow/example_dags/example_external_task_marker_dag.py
[2023-11-14T08:14:53.193-0300] {logging_mixin.py:154} INFO - [2023-11-14T08:14:53.192-0300] {dag.py:2941} INFO - Sync 2 DAGs
[2023-11-14T08:14:53.203-0300] {logging_mixin.py:154} INFO - [2023-11-14T08:14:53.203-0300] {dag.py:3722} INFO - Setting next_dagrun for example_external_task_marker_child to None, run_after=None
[2023-11-14T08:14:53.205-0300] {logging_mixin.py:154} INFO - [2023-11-14T08:14:53.205-0300] {dag.py:3722} INFO - Setting next_dagrun for example_external_task_marker_parent to None, run_after=None
[2023-11-14T08:14:53.221-0300] {processor.py:179} INFO - Processing /home/gmassoqueto/repos/apache-airflow-101/.venv/lib/python3.11/site-packages/airflow/example_dags/example_external_task_marker_dag.py took 0.057 seconds
[2023-11-14T08:15:41.650-0300] {processor.py:157} INFO - Started process (PID=291940) to work on /home/gmassoqueto/repos/apache-airflow-101/.venv/lib/python3.11/site-packages/airflow/example_dags/example_external_task_marker_dag.py
[2023-11-14T08:15:41.652-0300] {processor.py:829} INFO - Processing file /home/gmassoqueto/repos/apache-airflow-101/.venv/lib/python3.11/site-packages/airflow/example_dags/example_external_task_marker_dag.py for tasks to queue
[2023-11-14T08:15:41.654-0300] {logging_mixin.py:154} INFO - [2023-11-14T08:15:41.653-0300] {dagbag.py:536} INFO - Filling up the DagBag from /home/gmassoqueto/repos/apache-airflow-101/.venv/lib/python3.11/site-packages/airflow/example_dags/example_external_task_marker_dag.py
[2023-11-14T08:15:41.665-0300] {processor.py:839} INFO - DAG(s) dict_keys(['example_external_task_marker_child', 'example_external_task_marker_parent']) retrieved from /home/gmassoqueto/repos/apache-airflow-101/.venv/lib/python3.11/site-packages/airflow/example_dags/example_external_task_marker_dag.py
[2023-11-14T08:15:41.690-0300] {logging_mixin.py:154} INFO - [2023-11-14T08:15:41.690-0300] {dag.py:2941} INFO - Sync 2 DAGs
[2023-11-14T08:15:41.700-0300] {logging_mixin.py:154} INFO - [2023-11-14T08:15:41.700-0300] {dag.py:3722} INFO - Setting next_dagrun for example_external_task_marker_child to None, run_after=None
[2023-11-14T08:15:41.702-0300] {logging_mixin.py:154} INFO - [2023-11-14T08:15:41.702-0300] {dag.py:3722} INFO - Setting next_dagrun for example_external_task_marker_parent to None, run_after=None
[2023-11-14T08:15:41.716-0300] {processor.py:179} INFO - Processing /home/gmassoqueto/repos/apache-airflow-101/.venv/lib/python3.11/site-packages/airflow/example_dags/example_external_task_marker_dag.py took 0.071 seconds
[2023-11-14T08:16:29.347-0300] {processor.py:157} INFO - Started process (PID=292026) to work on /home/gmassoqueto/repos/apache-airflow-101/.venv/lib/python3.11/site-packages/airflow/example_dags/example_external_task_marker_dag.py
[2023-11-14T08:16:29.351-0300] {processor.py:829} INFO - Processing file /home/gmassoqueto/repos/apache-airflow-101/.venv/lib/python3.11/site-packages/airflow/example_dags/example_external_task_marker_dag.py for tasks to queue
[2023-11-14T08:16:29.353-0300] {logging_mixin.py:154} INFO - [2023-11-14T08:16:29.352-0300] {dagbag.py:536} INFO - Filling up the DagBag from /home/gmassoqueto/repos/apache-airflow-101/.venv/lib/python3.11/site-packages/airflow/example_dags/example_external_task_marker_dag.py
[2023-11-14T08:16:29.359-0300] {processor.py:839} INFO - DAG(s) dict_keys(['example_external_task_marker_child', 'example_external_task_marker_parent']) retrieved from /home/gmassoqueto/repos/apache-airflow-101/.venv/lib/python3.11/site-packages/airflow/example_dags/example_external_task_marker_dag.py
[2023-11-14T08:16:29.374-0300] {logging_mixin.py:154} INFO - [2023-11-14T08:16:29.374-0300] {dag.py:2941} INFO - Sync 2 DAGs
[2023-11-14T08:16:29.383-0300] {logging_mixin.py:154} INFO - [2023-11-14T08:16:29.383-0300] {dag.py:3722} INFO - Setting next_dagrun for example_external_task_marker_child to None, run_after=None
[2023-11-14T08:16:29.385-0300] {logging_mixin.py:154} INFO - [2023-11-14T08:16:29.385-0300] {dag.py:3722} INFO - Setting next_dagrun for example_external_task_marker_parent to None, run_after=None
[2023-11-14T08:16:29.411-0300] {processor.py:179} INFO - Processing /home/gmassoqueto/repos/apache-airflow-101/.venv/lib/python3.11/site-packages/airflow/example_dags/example_external_task_marker_dag.py took 0.066 seconds
[2023-11-14T08:17:19.613-0300] {processor.py:157} INFO - Started process (PID=292114) to work on /home/gmassoqueto/repos/apache-airflow-101/.venv/lib/python3.11/site-packages/airflow/example_dags/example_external_task_marker_dag.py
[2023-11-14T08:17:19.618-0300] {processor.py:829} INFO - Processing file /home/gmassoqueto/repos/apache-airflow-101/.venv/lib/python3.11/site-packages/airflow/example_dags/example_external_task_marker_dag.py for tasks to queue
[2023-11-14T08:17:19.620-0300] {logging_mixin.py:154} INFO - [2023-11-14T08:17:19.619-0300] {dagbag.py:536} INFO - Filling up the DagBag from /home/gmassoqueto/repos/apache-airflow-101/.venv/lib/python3.11/site-packages/airflow/example_dags/example_external_task_marker_dag.py
[2023-11-14T08:17:19.633-0300] {processor.py:839} INFO - DAG(s) dict_keys(['example_external_task_marker_parent', 'example_external_task_marker_child']) retrieved from /home/gmassoqueto/repos/apache-airflow-101/.venv/lib/python3.11/site-packages/airflow/example_dags/example_external_task_marker_dag.py
[2023-11-14T08:17:19.658-0300] {logging_mixin.py:154} INFO - [2023-11-14T08:17:19.658-0300] {dag.py:2941} INFO - Sync 2 DAGs
[2023-11-14T08:17:19.668-0300] {logging_mixin.py:154} INFO - [2023-11-14T08:17:19.667-0300] {dag.py:3722} INFO - Setting next_dagrun for example_external_task_marker_child to None, run_after=None
[2023-11-14T08:17:19.670-0300] {logging_mixin.py:154} INFO - [2023-11-14T08:17:19.670-0300] {dag.py:3722} INFO - Setting next_dagrun for example_external_task_marker_parent to None, run_after=None
[2023-11-14T08:17:19.686-0300] {processor.py:179} INFO - Processing /home/gmassoqueto/repos/apache-airflow-101/.venv/lib/python3.11/site-packages/airflow/example_dags/example_external_task_marker_dag.py took 0.079 seconds
[2023-11-14T08:18:08.256-0300] {processor.py:157} INFO - Started process (PID=292227) to work on /home/gmassoqueto/repos/apache-airflow-101/.venv/lib/python3.11/site-packages/airflow/example_dags/example_external_task_marker_dag.py
[2023-11-14T08:18:08.261-0300] {processor.py:829} INFO - Processing file /home/gmassoqueto/repos/apache-airflow-101/.venv/lib/python3.11/site-packages/airflow/example_dags/example_external_task_marker_dag.py for tasks to queue
[2023-11-14T08:18:08.263-0300] {logging_mixin.py:154} INFO - [2023-11-14T08:18:08.262-0300] {dagbag.py:536} INFO - Filling up the DagBag from /home/gmassoqueto/repos/apache-airflow-101/.venv/lib/python3.11/site-packages/airflow/example_dags/example_external_task_marker_dag.py
[2023-11-14T08:18:08.278-0300] {processor.py:839} INFO - DAG(s) dict_keys(['example_external_task_marker_parent', 'example_external_task_marker_child']) retrieved from /home/gmassoqueto/repos/apache-airflow-101/.venv/lib/python3.11/site-packages/airflow/example_dags/example_external_task_marker_dag.py
[2023-11-14T08:18:08.300-0300] {logging_mixin.py:154} INFO - [2023-11-14T08:18:08.300-0300] {dag.py:2941} INFO - Sync 2 DAGs
[2023-11-14T08:18:08.310-0300] {logging_mixin.py:154} INFO - [2023-11-14T08:18:08.309-0300] {dag.py:3722} INFO - Setting next_dagrun for example_external_task_marker_child to None, run_after=None
[2023-11-14T08:18:08.312-0300] {logging_mixin.py:154} INFO - [2023-11-14T08:18:08.312-0300] {dag.py:3722} INFO - Setting next_dagrun for example_external_task_marker_parent to None, run_after=None
[2023-11-14T08:18:08.328-0300] {processor.py:179} INFO - Processing /home/gmassoqueto/repos/apache-airflow-101/.venv/lib/python3.11/site-packages/airflow/example_dags/example_external_task_marker_dag.py took 0.079 seconds
