[2023-11-14T07:03:41.141-0300] {processor.py:157} INFO - Started process (PID=284786) to work on /home/gmassoqueto/repos/apache-airflow-101/.venv/lib/python3.11/site-packages/airflow/example_dags/example_sensor_decorator.py
[2023-11-14T07:03:41.142-0300] {processor.py:829} INFO - Processing file /home/gmassoqueto/repos/apache-airflow-101/.venv/lib/python3.11/site-packages/airflow/example_dags/example_sensor_decorator.py for tasks to queue
[2023-11-14T07:03:41.142-0300] {logging_mixin.py:154} INFO - [2023-11-14T07:03:41.142-0300] {dagbag.py:536} INFO - Filling up the DagBag from /home/gmassoqueto/repos/apache-airflow-101/.venv/lib/python3.11/site-packages/airflow/example_dags/example_sensor_decorator.py
[2023-11-14T07:03:41.148-0300] {processor.py:839} INFO - DAG(s) dict_keys(['example_sensor_decorator']) retrieved from /home/gmassoqueto/repos/apache-airflow-101/.venv/lib/python3.11/site-packages/airflow/example_dags/example_sensor_decorator.py
[2023-11-14T07:03:41.161-0300] {logging_mixin.py:154} INFO - [2023-11-14T07:03:41.161-0300] {dag.py:2941} INFO - Sync 1 DAGs
[2023-11-14T07:03:41.170-0300] {logging_mixin.py:154} INFO - [2023-11-14T07:03:41.170-0300] {dag.py:3722} INFO - Setting next_dagrun for example_sensor_decorator to None, run_after=None
[2023-11-14T07:03:41.191-0300] {processor.py:179} INFO - Processing /home/gmassoqueto/repos/apache-airflow-101/.venv/lib/python3.11/site-packages/airflow/example_dags/example_sensor_decorator.py took 0.052 seconds
[2023-11-14T07:57:35.667-0300] {processor.py:157} INFO - Started process (PID=287252) to work on /home/gmassoqueto/repos/apache-airflow-101/.venv/lib/python3.11/site-packages/airflow/example_dags/example_sensor_decorator.py
[2023-11-14T07:57:35.671-0300] {processor.py:829} INFO - Processing file /home/gmassoqueto/repos/apache-airflow-101/.venv/lib/python3.11/site-packages/airflow/example_dags/example_sensor_decorator.py for tasks to queue
[2023-11-14T07:57:35.672-0300] {logging_mixin.py:154} INFO - [2023-11-14T07:57:35.672-0300] {dagbag.py:536} INFO - Filling up the DagBag from /home/gmassoqueto/repos/apache-airflow-101/.venv/lib/python3.11/site-packages/airflow/example_dags/example_sensor_decorator.py
[2023-11-14T07:57:35.679-0300] {processor.py:839} INFO - DAG(s) dict_keys(['example_sensor_decorator']) retrieved from /home/gmassoqueto/repos/apache-airflow-101/.venv/lib/python3.11/site-packages/airflow/example_dags/example_sensor_decorator.py
[2023-11-14T07:57:35.698-0300] {logging_mixin.py:154} INFO - [2023-11-14T07:57:35.698-0300] {dag.py:2941} INFO - Sync 1 DAGs
[2023-11-14T07:57:35.708-0300] {logging_mixin.py:154} INFO - [2023-11-14T07:57:35.708-0300] {dag.py:3722} INFO - Setting next_dagrun for example_sensor_decorator to None, run_after=None
[2023-11-14T07:57:35.727-0300] {processor.py:179} INFO - Processing /home/gmassoqueto/repos/apache-airflow-101/.venv/lib/python3.11/site-packages/airflow/example_dags/example_sensor_decorator.py took 0.063 seconds
[2023-11-14T07:58:23.174-0300] {processor.py:157} INFO - Started process (PID=287439) to work on /home/gmassoqueto/repos/apache-airflow-101/.venv/lib/python3.11/site-packages/airflow/example_dags/example_sensor_decorator.py
[2023-11-14T07:58:23.179-0300] {processor.py:829} INFO - Processing file /home/gmassoqueto/repos/apache-airflow-101/.venv/lib/python3.11/site-packages/airflow/example_dags/example_sensor_decorator.py for tasks to queue
[2023-11-14T07:58:23.180-0300] {logging_mixin.py:154} INFO - [2023-11-14T07:58:23.179-0300] {dagbag.py:536} INFO - Filling up the DagBag from /home/gmassoqueto/repos/apache-airflow-101/.venv/lib/python3.11/site-packages/airflow/example_dags/example_sensor_decorator.py
[2023-11-14T07:58:23.189-0300] {processor.py:839} INFO - DAG(s) dict_keys(['example_sensor_decorator']) retrieved from /home/gmassoqueto/repos/apache-airflow-101/.venv/lib/python3.11/site-packages/airflow/example_dags/example_sensor_decorator.py
[2023-11-14T07:58:23.211-0300] {logging_mixin.py:154} INFO - [2023-11-14T07:58:23.210-0300] {dag.py:2941} INFO - Sync 1 DAGs
[2023-11-14T07:58:23.224-0300] {logging_mixin.py:154} INFO - [2023-11-14T07:58:23.224-0300] {dag.py:3722} INFO - Setting next_dagrun for example_sensor_decorator to None, run_after=None
[2023-11-14T07:58:23.249-0300] {processor.py:179} INFO - Processing /home/gmassoqueto/repos/apache-airflow-101/.venv/lib/python3.11/site-packages/airflow/example_dags/example_sensor_decorator.py took 0.080 seconds
[2023-11-14T07:59:08.716-0300] {processor.py:157} INFO - Started process (PID=287573) to work on /home/gmassoqueto/repos/apache-airflow-101/.venv/lib/python3.11/site-packages/airflow/example_dags/example_sensor_decorator.py
[2023-11-14T07:59:08.721-0300] {processor.py:829} INFO - Processing file /home/gmassoqueto/repos/apache-airflow-101/.venv/lib/python3.11/site-packages/airflow/example_dags/example_sensor_decorator.py for tasks to queue
[2023-11-14T07:59:08.723-0300] {logging_mixin.py:154} INFO - [2023-11-14T07:59:08.722-0300] {dagbag.py:536} INFO - Filling up the DagBag from /home/gmassoqueto/repos/apache-airflow-101/.venv/lib/python3.11/site-packages/airflow/example_dags/example_sensor_decorator.py
[2023-11-14T07:59:08.735-0300] {processor.py:839} INFO - DAG(s) dict_keys(['example_sensor_decorator']) retrieved from /home/gmassoqueto/repos/apache-airflow-101/.venv/lib/python3.11/site-packages/airflow/example_dags/example_sensor_decorator.py
[2023-11-14T07:59:08.755-0300] {logging_mixin.py:154} INFO - [2023-11-14T07:59:08.755-0300] {dag.py:2941} INFO - Sync 1 DAGs
[2023-11-14T07:59:08.769-0300] {logging_mixin.py:154} INFO - [2023-11-14T07:59:08.768-0300] {dag.py:3722} INFO - Setting next_dagrun for example_sensor_decorator to None, run_after=None
[2023-11-14T07:59:08.794-0300] {processor.py:179} INFO - Processing /home/gmassoqueto/repos/apache-airflow-101/.venv/lib/python3.11/site-packages/airflow/example_dags/example_sensor_decorator.py took 0.083 seconds
[2023-11-14T08:00:00.284-0300] {processor.py:157} INFO - Started process (PID=287684) to work on /home/gmassoqueto/repos/apache-airflow-101/.venv/lib/python3.11/site-packages/airflow/example_dags/example_sensor_decorator.py
[2023-11-14T08:00:00.288-0300] {processor.py:829} INFO - Processing file /home/gmassoqueto/repos/apache-airflow-101/.venv/lib/python3.11/site-packages/airflow/example_dags/example_sensor_decorator.py for tasks to queue
[2023-11-14T08:00:00.289-0300] {logging_mixin.py:154} INFO - [2023-11-14T08:00:00.289-0300] {dagbag.py:536} INFO - Filling up the DagBag from /home/gmassoqueto/repos/apache-airflow-101/.venv/lib/python3.11/site-packages/airflow/example_dags/example_sensor_decorator.py
[2023-11-14T08:00:00.297-0300] {processor.py:839} INFO - DAG(s) dict_keys(['example_sensor_decorator']) retrieved from /home/gmassoqueto/repos/apache-airflow-101/.venv/lib/python3.11/site-packages/airflow/example_dags/example_sensor_decorator.py
[2023-11-14T08:00:00.312-0300] {logging_mixin.py:154} INFO - [2023-11-14T08:00:00.312-0300] {dag.py:2941} INFO - Sync 1 DAGs
[2023-11-14T08:00:00.323-0300] {logging_mixin.py:154} INFO - [2023-11-14T08:00:00.323-0300] {dag.py:3722} INFO - Setting next_dagrun for example_sensor_decorator to None, run_after=None
[2023-11-14T08:00:00.343-0300] {processor.py:179} INFO - Processing /home/gmassoqueto/repos/apache-airflow-101/.venv/lib/python3.11/site-packages/airflow/example_dags/example_sensor_decorator.py took 0.065 seconds
[2023-11-14T08:00:51.942-0300] {processor.py:157} INFO - Started process (PID=287829) to work on /home/gmassoqueto/repos/apache-airflow-101/.venv/lib/python3.11/site-packages/airflow/example_dags/example_sensor_decorator.py
[2023-11-14T08:00:51.944-0300] {processor.py:829} INFO - Processing file /home/gmassoqueto/repos/apache-airflow-101/.venv/lib/python3.11/site-packages/airflow/example_dags/example_sensor_decorator.py for tasks to queue
[2023-11-14T08:00:51.945-0300] {logging_mixin.py:154} INFO - [2023-11-14T08:00:51.944-0300] {dagbag.py:536} INFO - Filling up the DagBag from /home/gmassoqueto/repos/apache-airflow-101/.venv/lib/python3.11/site-packages/airflow/example_dags/example_sensor_decorator.py
[2023-11-14T08:00:51.951-0300] {processor.py:839} INFO - DAG(s) dict_keys(['example_sensor_decorator']) retrieved from /home/gmassoqueto/repos/apache-airflow-101/.venv/lib/python3.11/site-packages/airflow/example_dags/example_sensor_decorator.py
[2023-11-14T08:00:51.968-0300] {logging_mixin.py:154} INFO - [2023-11-14T08:00:51.968-0300] {dag.py:2941} INFO - Sync 1 DAGs
[2023-11-14T08:00:51.979-0300] {logging_mixin.py:154} INFO - [2023-11-14T08:00:51.979-0300] {dag.py:3722} INFO - Setting next_dagrun for example_sensor_decorator to None, run_after=None
[2023-11-14T08:00:52.000-0300] {processor.py:179} INFO - Processing /home/gmassoqueto/repos/apache-airflow-101/.venv/lib/python3.11/site-packages/airflow/example_dags/example_sensor_decorator.py took 0.060 seconds
[2023-11-14T08:01:38.658-0300] {processor.py:157} INFO - Started process (PID=288054) to work on /home/gmassoqueto/repos/apache-airflow-101/.venv/lib/python3.11/site-packages/airflow/example_dags/example_sensor_decorator.py
[2023-11-14T08:01:38.662-0300] {processor.py:829} INFO - Processing file /home/gmassoqueto/repos/apache-airflow-101/.venv/lib/python3.11/site-packages/airflow/example_dags/example_sensor_decorator.py for tasks to queue
[2023-11-14T08:01:38.663-0300] {logging_mixin.py:154} INFO - [2023-11-14T08:01:38.663-0300] {dagbag.py:536} INFO - Filling up the DagBag from /home/gmassoqueto/repos/apache-airflow-101/.venv/lib/python3.11/site-packages/airflow/example_dags/example_sensor_decorator.py
[2023-11-14T08:01:38.671-0300] {processor.py:839} INFO - DAG(s) dict_keys(['example_sensor_decorator']) retrieved from /home/gmassoqueto/repos/apache-airflow-101/.venv/lib/python3.11/site-packages/airflow/example_dags/example_sensor_decorator.py
[2023-11-14T08:01:38.692-0300] {logging_mixin.py:154} INFO - [2023-11-14T08:01:38.691-0300] {dag.py:2941} INFO - Sync 1 DAGs
[2023-11-14T08:01:38.709-0300] {logging_mixin.py:154} INFO - [2023-11-14T08:01:38.709-0300] {dag.py:3722} INFO - Setting next_dagrun for example_sensor_decorator to None, run_after=None
[2023-11-14T08:01:38.738-0300] {processor.py:179} INFO - Processing /home/gmassoqueto/repos/apache-airflow-101/.venv/lib/python3.11/site-packages/airflow/example_dags/example_sensor_decorator.py took 0.083 seconds
[2023-11-14T08:02:27.438-0300] {processor.py:157} INFO - Started process (PID=288167) to work on /home/gmassoqueto/repos/apache-airflow-101/.venv/lib/python3.11/site-packages/airflow/example_dags/example_sensor_decorator.py
[2023-11-14T08:02:27.442-0300] {processor.py:829} INFO - Processing file /home/gmassoqueto/repos/apache-airflow-101/.venv/lib/python3.11/site-packages/airflow/example_dags/example_sensor_decorator.py for tasks to queue
[2023-11-14T08:02:27.443-0300] {logging_mixin.py:154} INFO - [2023-11-14T08:02:27.442-0300] {dagbag.py:536} INFO - Filling up the DagBag from /home/gmassoqueto/repos/apache-airflow-101/.venv/lib/python3.11/site-packages/airflow/example_dags/example_sensor_decorator.py
[2023-11-14T08:02:27.449-0300] {processor.py:839} INFO - DAG(s) dict_keys(['example_sensor_decorator']) retrieved from /home/gmassoqueto/repos/apache-airflow-101/.venv/lib/python3.11/site-packages/airflow/example_dags/example_sensor_decorator.py
[2023-11-14T08:02:27.466-0300] {logging_mixin.py:154} INFO - [2023-11-14T08:02:27.466-0300] {dag.py:2941} INFO - Sync 1 DAGs
[2023-11-14T08:02:27.478-0300] {logging_mixin.py:154} INFO - [2023-11-14T08:02:27.478-0300] {dag.py:3722} INFO - Setting next_dagrun for example_sensor_decorator to None, run_after=None
[2023-11-14T08:02:27.503-0300] {processor.py:179} INFO - Processing /home/gmassoqueto/repos/apache-airflow-101/.venv/lib/python3.11/site-packages/airflow/example_dags/example_sensor_decorator.py took 0.068 seconds
[2023-11-14T08:03:16.384-0300] {processor.py:157} INFO - Started process (PID=288381) to work on /home/gmassoqueto/repos/apache-airflow-101/.venv/lib/python3.11/site-packages/airflow/example_dags/example_sensor_decorator.py
[2023-11-14T08:03:16.388-0300] {processor.py:829} INFO - Processing file /home/gmassoqueto/repos/apache-airflow-101/.venv/lib/python3.11/site-packages/airflow/example_dags/example_sensor_decorator.py for tasks to queue
[2023-11-14T08:03:16.389-0300] {logging_mixin.py:154} INFO - [2023-11-14T08:03:16.388-0300] {dagbag.py:536} INFO - Filling up the DagBag from /home/gmassoqueto/repos/apache-airflow-101/.venv/lib/python3.11/site-packages/airflow/example_dags/example_sensor_decorator.py
[2023-11-14T08:03:16.395-0300] {processor.py:839} INFO - DAG(s) dict_keys(['example_sensor_decorator']) retrieved from /home/gmassoqueto/repos/apache-airflow-101/.venv/lib/python3.11/site-packages/airflow/example_dags/example_sensor_decorator.py
[2023-11-14T08:03:16.412-0300] {logging_mixin.py:154} INFO - [2023-11-14T08:03:16.411-0300] {dag.py:2941} INFO - Sync 1 DAGs
[2023-11-14T08:03:16.423-0300] {logging_mixin.py:154} INFO - [2023-11-14T08:03:16.423-0300] {dag.py:3722} INFO - Setting next_dagrun for example_sensor_decorator to None, run_after=None
[2023-11-14T08:03:16.441-0300] {processor.py:179} INFO - Processing /home/gmassoqueto/repos/apache-airflow-101/.venv/lib/python3.11/site-packages/airflow/example_dags/example_sensor_decorator.py took 0.058 seconds
[2023-11-14T08:04:05.760-0300] {processor.py:157} INFO - Started process (PID=288810) to work on /home/gmassoqueto/repos/apache-airflow-101/.venv/lib/python3.11/site-packages/airflow/example_dags/example_sensor_decorator.py
[2023-11-14T08:04:05.764-0300] {processor.py:829} INFO - Processing file /home/gmassoqueto/repos/apache-airflow-101/.venv/lib/python3.11/site-packages/airflow/example_dags/example_sensor_decorator.py for tasks to queue
[2023-11-14T08:04:05.765-0300] {logging_mixin.py:154} INFO - [2023-11-14T08:04:05.764-0300] {dagbag.py:536} INFO - Filling up the DagBag from /home/gmassoqueto/repos/apache-airflow-101/.venv/lib/python3.11/site-packages/airflow/example_dags/example_sensor_decorator.py
[2023-11-14T08:04:05.770-0300] {processor.py:839} INFO - DAG(s) dict_keys(['example_sensor_decorator']) retrieved from /home/gmassoqueto/repos/apache-airflow-101/.venv/lib/python3.11/site-packages/airflow/example_dags/example_sensor_decorator.py
[2023-11-14T08:04:05.784-0300] {logging_mixin.py:154} INFO - [2023-11-14T08:04:05.784-0300] {dag.py:2941} INFO - Sync 1 DAGs
[2023-11-14T08:04:05.795-0300] {logging_mixin.py:154} INFO - [2023-11-14T08:04:05.795-0300] {dag.py:3722} INFO - Setting next_dagrun for example_sensor_decorator to None, run_after=None
[2023-11-14T08:04:05.814-0300] {processor.py:179} INFO - Processing /home/gmassoqueto/repos/apache-airflow-101/.venv/lib/python3.11/site-packages/airflow/example_dags/example_sensor_decorator.py took 0.056 seconds
[2023-11-14T08:04:57.942-0300] {processor.py:157} INFO - Started process (PID=288984) to work on /home/gmassoqueto/repos/apache-airflow-101/.venv/lib/python3.11/site-packages/airflow/example_dags/example_sensor_decorator.py
[2023-11-14T08:04:57.947-0300] {processor.py:829} INFO - Processing file /home/gmassoqueto/repos/apache-airflow-101/.venv/lib/python3.11/site-packages/airflow/example_dags/example_sensor_decorator.py for tasks to queue
[2023-11-14T08:04:57.950-0300] {logging_mixin.py:154} INFO - [2023-11-14T08:04:57.949-0300] {dagbag.py:536} INFO - Filling up the DagBag from /home/gmassoqueto/repos/apache-airflow-101/.venv/lib/python3.11/site-packages/airflow/example_dags/example_sensor_decorator.py
[2023-11-14T08:04:57.963-0300] {processor.py:839} INFO - DAG(s) dict_keys(['example_sensor_decorator']) retrieved from /home/gmassoqueto/repos/apache-airflow-101/.venv/lib/python3.11/site-packages/airflow/example_dags/example_sensor_decorator.py
[2023-11-14T08:04:57.982-0300] {logging_mixin.py:154} INFO - [2023-11-14T08:04:57.982-0300] {dag.py:2941} INFO - Sync 1 DAGs
[2023-11-14T08:04:57.994-0300] {logging_mixin.py:154} INFO - [2023-11-14T08:04:57.994-0300] {dag.py:3722} INFO - Setting next_dagrun for example_sensor_decorator to None, run_after=None
[2023-11-14T08:04:58.020-0300] {processor.py:179} INFO - Processing /home/gmassoqueto/repos/apache-airflow-101/.venv/lib/python3.11/site-packages/airflow/example_dags/example_sensor_decorator.py took 0.087 seconds
[2023-11-14T08:05:44.937-0300] {processor.py:157} INFO - Started process (PID=289080) to work on /home/gmassoqueto/repos/apache-airflow-101/.venv/lib/python3.11/site-packages/airflow/example_dags/example_sensor_decorator.py
[2023-11-14T08:05:44.941-0300] {processor.py:829} INFO - Processing file /home/gmassoqueto/repos/apache-airflow-101/.venv/lib/python3.11/site-packages/airflow/example_dags/example_sensor_decorator.py for tasks to queue
[2023-11-14T08:05:44.942-0300] {logging_mixin.py:154} INFO - [2023-11-14T08:05:44.941-0300] {dagbag.py:536} INFO - Filling up the DagBag from /home/gmassoqueto/repos/apache-airflow-101/.venv/lib/python3.11/site-packages/airflow/example_dags/example_sensor_decorator.py
[2023-11-14T08:05:44.949-0300] {processor.py:839} INFO - DAG(s) dict_keys(['example_sensor_decorator']) retrieved from /home/gmassoqueto/repos/apache-airflow-101/.venv/lib/python3.11/site-packages/airflow/example_dags/example_sensor_decorator.py
[2023-11-14T08:05:44.967-0300] {logging_mixin.py:154} INFO - [2023-11-14T08:05:44.967-0300] {dag.py:2941} INFO - Sync 1 DAGs
[2023-11-14T08:05:44.979-0300] {logging_mixin.py:154} INFO - [2023-11-14T08:05:44.979-0300] {dag.py:3722} INFO - Setting next_dagrun for example_sensor_decorator to None, run_after=None
[2023-11-14T08:05:45.002-0300] {processor.py:179} INFO - Processing /home/gmassoqueto/repos/apache-airflow-101/.venv/lib/python3.11/site-packages/airflow/example_dags/example_sensor_decorator.py took 0.068 seconds
[2023-11-14T08:06:32.177-0300] {processor.py:157} INFO - Started process (PID=289217) to work on /home/gmassoqueto/repos/apache-airflow-101/.venv/lib/python3.11/site-packages/airflow/example_dags/example_sensor_decorator.py
[2023-11-14T08:06:32.181-0300] {processor.py:829} INFO - Processing file /home/gmassoqueto/repos/apache-airflow-101/.venv/lib/python3.11/site-packages/airflow/example_dags/example_sensor_decorator.py for tasks to queue
[2023-11-14T08:06:32.181-0300] {logging_mixin.py:154} INFO - [2023-11-14T08:06:32.181-0300] {dagbag.py:536} INFO - Filling up the DagBag from /home/gmassoqueto/repos/apache-airflow-101/.venv/lib/python3.11/site-packages/airflow/example_dags/example_sensor_decorator.py
[2023-11-14T08:06:32.187-0300] {processor.py:839} INFO - DAG(s) dict_keys(['example_sensor_decorator']) retrieved from /home/gmassoqueto/repos/apache-airflow-101/.venv/lib/python3.11/site-packages/airflow/example_dags/example_sensor_decorator.py
[2023-11-14T08:06:32.203-0300] {logging_mixin.py:154} INFO - [2023-11-14T08:06:32.203-0300] {dag.py:2941} INFO - Sync 1 DAGs
[2023-11-14T08:06:32.214-0300] {logging_mixin.py:154} INFO - [2023-11-14T08:06:32.213-0300] {dag.py:3722} INFO - Setting next_dagrun for example_sensor_decorator to None, run_after=None
[2023-11-14T08:06:32.232-0300] {processor.py:179} INFO - Processing /home/gmassoqueto/repos/apache-airflow-101/.venv/lib/python3.11/site-packages/airflow/example_dags/example_sensor_decorator.py took 0.057 seconds
[2023-11-14T08:07:21.238-0300] {processor.py:157} INFO - Started process (PID=289384) to work on /home/gmassoqueto/repos/apache-airflow-101/.venv/lib/python3.11/site-packages/airflow/example_dags/example_sensor_decorator.py
[2023-11-14T08:07:21.242-0300] {processor.py:829} INFO - Processing file /home/gmassoqueto/repos/apache-airflow-101/.venv/lib/python3.11/site-packages/airflow/example_dags/example_sensor_decorator.py for tasks to queue
[2023-11-14T08:07:21.243-0300] {logging_mixin.py:154} INFO - [2023-11-14T08:07:21.243-0300] {dagbag.py:536} INFO - Filling up the DagBag from /home/gmassoqueto/repos/apache-airflow-101/.venv/lib/python3.11/site-packages/airflow/example_dags/example_sensor_decorator.py
[2023-11-14T08:07:21.253-0300] {processor.py:839} INFO - DAG(s) dict_keys(['example_sensor_decorator']) retrieved from /home/gmassoqueto/repos/apache-airflow-101/.venv/lib/python3.11/site-packages/airflow/example_dags/example_sensor_decorator.py
[2023-11-14T08:07:21.273-0300] {logging_mixin.py:154} INFO - [2023-11-14T08:07:21.272-0300] {dag.py:2941} INFO - Sync 1 DAGs
[2023-11-14T08:07:21.287-0300] {logging_mixin.py:154} INFO - [2023-11-14T08:07:21.287-0300] {dag.py:3722} INFO - Setting next_dagrun for example_sensor_decorator to None, run_after=None
[2023-11-14T08:07:21.325-0300] {processor.py:179} INFO - Processing /home/gmassoqueto/repos/apache-airflow-101/.venv/lib/python3.11/site-packages/airflow/example_dags/example_sensor_decorator.py took 0.094 seconds
[2023-11-14T08:08:29.428-0300] {processor.py:157} INFO - Started process (PID=289788) to work on /home/gmassoqueto/repos/apache-airflow-101/.venv/lib/python3.11/site-packages/airflow/example_dags/example_sensor_decorator.py
[2023-11-14T08:08:29.433-0300] {processor.py:829} INFO - Processing file /home/gmassoqueto/repos/apache-airflow-101/.venv/lib/python3.11/site-packages/airflow/example_dags/example_sensor_decorator.py for tasks to queue
[2023-11-14T08:08:29.435-0300] {logging_mixin.py:154} INFO - [2023-11-14T08:08:29.434-0300] {dagbag.py:536} INFO - Filling up the DagBag from /home/gmassoqueto/repos/apache-airflow-101/.venv/lib/python3.11/site-packages/airflow/example_dags/example_sensor_decorator.py
[2023-11-14T08:08:29.451-0300] {processor.py:839} INFO - DAG(s) dict_keys(['example_sensor_decorator']) retrieved from /home/gmassoqueto/repos/apache-airflow-101/.venv/lib/python3.11/site-packages/airflow/example_dags/example_sensor_decorator.py
[2023-11-14T08:08:29.462-0300] {logging_mixin.py:154} INFO - [2023-11-14T08:08:29.462-0300] {dag.py:2941} INFO - Sync 1 DAGs
[2023-11-14T08:08:29.477-0300] {logging_mixin.py:154} INFO - [2023-11-14T08:08:29.477-0300] {dag.py:2963} INFO - Creating ORM DAG for example_sensor_decorator
[2023-11-14T08:08:29.478-0300] {logging_mixin.py:154} INFO - [2023-11-14T08:08:29.478-0300] {dag.py:3722} INFO - Setting next_dagrun for example_sensor_decorator to None, run_after=None
[2023-11-14T08:08:29.499-0300] {processor.py:179} INFO - Processing /home/gmassoqueto/repos/apache-airflow-101/.venv/lib/python3.11/site-packages/airflow/example_dags/example_sensor_decorator.py took 0.074 seconds
[2023-11-14T08:10:12.294-0300] {processor.py:157} INFO - Started process (PID=290630) to work on /home/gmassoqueto/repos/apache-airflow-101/.venv/lib/python3.11/site-packages/airflow/example_dags/example_sensor_decorator.py
[2023-11-14T08:10:12.298-0300] {processor.py:829} INFO - Processing file /home/gmassoqueto/repos/apache-airflow-101/.venv/lib/python3.11/site-packages/airflow/example_dags/example_sensor_decorator.py for tasks to queue
[2023-11-14T08:10:12.298-0300] {logging_mixin.py:154} INFO - [2023-11-14T08:10:12.298-0300] {dagbag.py:536} INFO - Filling up the DagBag from /home/gmassoqueto/repos/apache-airflow-101/.venv/lib/python3.11/site-packages/airflow/example_dags/example_sensor_decorator.py
[2023-11-14T08:10:12.304-0300] {processor.py:839} INFO - DAG(s) dict_keys(['example_sensor_decorator']) retrieved from /home/gmassoqueto/repos/apache-airflow-101/.venv/lib/python3.11/site-packages/airflow/example_dags/example_sensor_decorator.py
[2023-11-14T08:10:12.322-0300] {logging_mixin.py:154} INFO - [2023-11-14T08:10:12.322-0300] {dag.py:2941} INFO - Sync 1 DAGs
[2023-11-14T08:10:12.333-0300] {logging_mixin.py:154} INFO - [2023-11-14T08:10:12.333-0300] {dag.py:3722} INFO - Setting next_dagrun for example_sensor_decorator to None, run_after=None
[2023-11-14T08:10:12.351-0300] {processor.py:179} INFO - Processing /home/gmassoqueto/repos/apache-airflow-101/.venv/lib/python3.11/site-packages/airflow/example_dags/example_sensor_decorator.py took 0.059 seconds
[2023-11-14T08:10:59.980-0300] {processor.py:157} INFO - Started process (PID=291125) to work on /home/gmassoqueto/repos/apache-airflow-101/.venv/lib/python3.11/site-packages/airflow/example_dags/example_sensor_decorator.py
[2023-11-14T08:10:59.984-0300] {processor.py:829} INFO - Processing file /home/gmassoqueto/repos/apache-airflow-101/.venv/lib/python3.11/site-packages/airflow/example_dags/example_sensor_decorator.py for tasks to queue
[2023-11-14T08:10:59.984-0300] {logging_mixin.py:154} INFO - [2023-11-14T08:10:59.984-0300] {dagbag.py:536} INFO - Filling up the DagBag from /home/gmassoqueto/repos/apache-airflow-101/.venv/lib/python3.11/site-packages/airflow/example_dags/example_sensor_decorator.py
[2023-11-14T08:10:59.990-0300] {processor.py:839} INFO - DAG(s) dict_keys(['example_sensor_decorator']) retrieved from /home/gmassoqueto/repos/apache-airflow-101/.venv/lib/python3.11/site-packages/airflow/example_dags/example_sensor_decorator.py
[2023-11-14T08:11:00.004-0300] {logging_mixin.py:154} INFO - [2023-11-14T08:11:00.004-0300] {dag.py:2941} INFO - Sync 1 DAGs
[2023-11-14T08:11:00.015-0300] {logging_mixin.py:154} INFO - [2023-11-14T08:11:00.015-0300] {dag.py:3722} INFO - Setting next_dagrun for example_sensor_decorator to None, run_after=None
[2023-11-14T08:11:00.119-0300] {processor.py:179} INFO - Processing /home/gmassoqueto/repos/apache-airflow-101/.venv/lib/python3.11/site-packages/airflow/example_dags/example_sensor_decorator.py took 0.142 seconds
[2023-11-14T08:11:48.848-0300] {processor.py:157} INFO - Started process (PID=291257) to work on /home/gmassoqueto/repos/apache-airflow-101/.venv/lib/python3.11/site-packages/airflow/example_dags/example_sensor_decorator.py
[2023-11-14T08:11:48.852-0300] {processor.py:829} INFO - Processing file /home/gmassoqueto/repos/apache-airflow-101/.venv/lib/python3.11/site-packages/airflow/example_dags/example_sensor_decorator.py for tasks to queue
[2023-11-14T08:11:48.853-0300] {logging_mixin.py:154} INFO - [2023-11-14T08:11:48.853-0300] {dagbag.py:536} INFO - Filling up the DagBag from /home/gmassoqueto/repos/apache-airflow-101/.venv/lib/python3.11/site-packages/airflow/example_dags/example_sensor_decorator.py
[2023-11-14T08:11:48.859-0300] {processor.py:839} INFO - DAG(s) dict_keys(['example_sensor_decorator']) retrieved from /home/gmassoqueto/repos/apache-airflow-101/.venv/lib/python3.11/site-packages/airflow/example_dags/example_sensor_decorator.py
[2023-11-14T08:11:48.877-0300] {logging_mixin.py:154} INFO - [2023-11-14T08:11:48.877-0300] {dag.py:2941} INFO - Sync 1 DAGs
[2023-11-14T08:11:48.889-0300] {logging_mixin.py:154} INFO - [2023-11-14T08:11:48.888-0300] {dag.py:3722} INFO - Setting next_dagrun for example_sensor_decorator to None, run_after=None
[2023-11-14T08:11:48.919-0300] {processor.py:179} INFO - Processing /home/gmassoqueto/repos/apache-airflow-101/.venv/lib/python3.11/site-packages/airflow/example_dags/example_sensor_decorator.py took 0.074 seconds
[2023-11-14T08:12:34.937-0300] {processor.py:157} INFO - Started process (PID=291481) to work on /home/gmassoqueto/repos/apache-airflow-101/.venv/lib/python3.11/site-packages/airflow/example_dags/example_sensor_decorator.py
[2023-11-14T08:12:34.942-0300] {processor.py:829} INFO - Processing file /home/gmassoqueto/repos/apache-airflow-101/.venv/lib/python3.11/site-packages/airflow/example_dags/example_sensor_decorator.py for tasks to queue
[2023-11-14T08:12:34.943-0300] {logging_mixin.py:154} INFO - [2023-11-14T08:12:34.942-0300] {dagbag.py:536} INFO - Filling up the DagBag from /home/gmassoqueto/repos/apache-airflow-101/.venv/lib/python3.11/site-packages/airflow/example_dags/example_sensor_decorator.py
[2023-11-14T08:12:34.954-0300] {processor.py:839} INFO - DAG(s) dict_keys(['example_sensor_decorator']) retrieved from /home/gmassoqueto/repos/apache-airflow-101/.venv/lib/python3.11/site-packages/airflow/example_dags/example_sensor_decorator.py
[2023-11-14T08:12:34.969-0300] {logging_mixin.py:154} INFO - [2023-11-14T08:12:34.969-0300] {dag.py:2941} INFO - Sync 1 DAGs
[2023-11-14T08:12:34.985-0300] {logging_mixin.py:154} INFO - [2023-11-14T08:12:34.984-0300] {dag.py:3722} INFO - Setting next_dagrun for example_sensor_decorator to None, run_after=None
[2023-11-14T08:12:35.004-0300] {processor.py:179} INFO - Processing /home/gmassoqueto/repos/apache-airflow-101/.venv/lib/python3.11/site-packages/airflow/example_dags/example_sensor_decorator.py took 0.072 seconds
[2023-11-14T08:13:21.621-0300] {processor.py:157} INFO - Started process (PID=291612) to work on /home/gmassoqueto/repos/apache-airflow-101/.venv/lib/python3.11/site-packages/airflow/example_dags/example_sensor_decorator.py
[2023-11-14T08:13:21.627-0300] {processor.py:829} INFO - Processing file /home/gmassoqueto/repos/apache-airflow-101/.venv/lib/python3.11/site-packages/airflow/example_dags/example_sensor_decorator.py for tasks to queue
[2023-11-14T08:13:21.629-0300] {logging_mixin.py:154} INFO - [2023-11-14T08:13:21.628-0300] {dagbag.py:536} INFO - Filling up the DagBag from /home/gmassoqueto/repos/apache-airflow-101/.venv/lib/python3.11/site-packages/airflow/example_dags/example_sensor_decorator.py
[2023-11-14T08:13:21.642-0300] {processor.py:839} INFO - DAG(s) dict_keys(['example_sensor_decorator']) retrieved from /home/gmassoqueto/repos/apache-airflow-101/.venv/lib/python3.11/site-packages/airflow/example_dags/example_sensor_decorator.py
[2023-11-14T08:13:21.661-0300] {logging_mixin.py:154} INFO - [2023-11-14T08:13:21.660-0300] {dag.py:2941} INFO - Sync 1 DAGs
[2023-11-14T08:13:21.672-0300] {logging_mixin.py:154} INFO - [2023-11-14T08:13:21.672-0300] {dag.py:3722} INFO - Setting next_dagrun for example_sensor_decorator to None, run_after=None
[2023-11-14T08:13:21.702-0300] {processor.py:179} INFO - Processing /home/gmassoqueto/repos/apache-airflow-101/.venv/lib/python3.11/site-packages/airflow/example_dags/example_sensor_decorator.py took 0.088 seconds
[2023-11-14T08:14:06.296-0300] {processor.py:157} INFO - Started process (PID=291700) to work on /home/gmassoqueto/repos/apache-airflow-101/.venv/lib/python3.11/site-packages/airflow/example_dags/example_sensor_decorator.py
[2023-11-14T08:14:06.300-0300] {processor.py:829} INFO - Processing file /home/gmassoqueto/repos/apache-airflow-101/.venv/lib/python3.11/site-packages/airflow/example_dags/example_sensor_decorator.py for tasks to queue
[2023-11-14T08:14:06.302-0300] {logging_mixin.py:154} INFO - [2023-11-14T08:14:06.301-0300] {dagbag.py:536} INFO - Filling up the DagBag from /home/gmassoqueto/repos/apache-airflow-101/.venv/lib/python3.11/site-packages/airflow/example_dags/example_sensor_decorator.py
[2023-11-14T08:14:06.309-0300] {processor.py:839} INFO - DAG(s) dict_keys(['example_sensor_decorator']) retrieved from /home/gmassoqueto/repos/apache-airflow-101/.venv/lib/python3.11/site-packages/airflow/example_dags/example_sensor_decorator.py
[2023-11-14T08:14:06.321-0300] {logging_mixin.py:154} INFO - [2023-11-14T08:14:06.321-0300] {dag.py:2941} INFO - Sync 1 DAGs
[2023-11-14T08:14:06.330-0300] {logging_mixin.py:154} INFO - [2023-11-14T08:14:06.330-0300] {dag.py:3722} INFO - Setting next_dagrun for example_sensor_decorator to None, run_after=None
[2023-11-14T08:14:06.349-0300] {processor.py:179} INFO - Processing /home/gmassoqueto/repos/apache-airflow-101/.venv/lib/python3.11/site-packages/airflow/example_dags/example_sensor_decorator.py took 0.055 seconds
[2023-11-14T08:14:55.899-0300] {processor.py:157} INFO - Started process (PID=291861) to work on /home/gmassoqueto/repos/apache-airflow-101/.venv/lib/python3.11/site-packages/airflow/example_dags/example_sensor_decorator.py
[2023-11-14T08:14:55.904-0300] {processor.py:829} INFO - Processing file /home/gmassoqueto/repos/apache-airflow-101/.venv/lib/python3.11/site-packages/airflow/example_dags/example_sensor_decorator.py for tasks to queue
[2023-11-14T08:14:55.906-0300] {logging_mixin.py:154} INFO - [2023-11-14T08:14:55.905-0300] {dagbag.py:536} INFO - Filling up the DagBag from /home/gmassoqueto/repos/apache-airflow-101/.venv/lib/python3.11/site-packages/airflow/example_dags/example_sensor_decorator.py
[2023-11-14T08:14:55.921-0300] {processor.py:839} INFO - DAG(s) dict_keys(['example_sensor_decorator']) retrieved from /home/gmassoqueto/repos/apache-airflow-101/.venv/lib/python3.11/site-packages/airflow/example_dags/example_sensor_decorator.py
[2023-11-14T08:14:55.939-0300] {logging_mixin.py:154} INFO - [2023-11-14T08:14:55.939-0300] {dag.py:2941} INFO - Sync 1 DAGs
[2023-11-14T08:14:55.949-0300] {logging_mixin.py:154} INFO - [2023-11-14T08:14:55.949-0300] {dag.py:3722} INFO - Setting next_dagrun for example_sensor_decorator to None, run_after=None
[2023-11-14T08:14:55.967-0300] {processor.py:179} INFO - Processing /home/gmassoqueto/repos/apache-airflow-101/.venv/lib/python3.11/site-packages/airflow/example_dags/example_sensor_decorator.py took 0.075 seconds
[2023-11-14T08:15:44.299-0300] {processor.py:157} INFO - Started process (PID=291953) to work on /home/gmassoqueto/repos/apache-airflow-101/.venv/lib/python3.11/site-packages/airflow/example_dags/example_sensor_decorator.py
[2023-11-14T08:15:44.303-0300] {processor.py:829} INFO - Processing file /home/gmassoqueto/repos/apache-airflow-101/.venv/lib/python3.11/site-packages/airflow/example_dags/example_sensor_decorator.py for tasks to queue
[2023-11-14T08:15:44.305-0300] {logging_mixin.py:154} INFO - [2023-11-14T08:15:44.304-0300] {dagbag.py:536} INFO - Filling up the DagBag from /home/gmassoqueto/repos/apache-airflow-101/.venv/lib/python3.11/site-packages/airflow/example_dags/example_sensor_decorator.py
[2023-11-14T08:15:44.312-0300] {processor.py:839} INFO - DAG(s) dict_keys(['example_sensor_decorator']) retrieved from /home/gmassoqueto/repos/apache-airflow-101/.venv/lib/python3.11/site-packages/airflow/example_dags/example_sensor_decorator.py
[2023-11-14T08:15:44.326-0300] {logging_mixin.py:154} INFO - [2023-11-14T08:15:44.326-0300] {dag.py:2941} INFO - Sync 1 DAGs
[2023-11-14T08:15:44.337-0300] {logging_mixin.py:154} INFO - [2023-11-14T08:15:44.337-0300] {dag.py:3722} INFO - Setting next_dagrun for example_sensor_decorator to None, run_after=None
[2023-11-14T08:15:44.359-0300] {processor.py:179} INFO - Processing /home/gmassoqueto/repos/apache-airflow-101/.venv/lib/python3.11/site-packages/airflow/example_dags/example_sensor_decorator.py took 0.067 seconds
[2023-11-14T08:16:32.804-0300] {processor.py:157} INFO - Started process (PID=292032) to work on /home/gmassoqueto/repos/apache-airflow-101/.venv/lib/python3.11/site-packages/airflow/example_dags/example_sensor_decorator.py
[2023-11-14T08:16:32.808-0300] {processor.py:829} INFO - Processing file /home/gmassoqueto/repos/apache-airflow-101/.venv/lib/python3.11/site-packages/airflow/example_dags/example_sensor_decorator.py for tasks to queue
[2023-11-14T08:16:32.809-0300] {logging_mixin.py:154} INFO - [2023-11-14T08:16:32.808-0300] {dagbag.py:536} INFO - Filling up the DagBag from /home/gmassoqueto/repos/apache-airflow-101/.venv/lib/python3.11/site-packages/airflow/example_dags/example_sensor_decorator.py
[2023-11-14T08:16:32.814-0300] {processor.py:839} INFO - DAG(s) dict_keys(['example_sensor_decorator']) retrieved from /home/gmassoqueto/repos/apache-airflow-101/.venv/lib/python3.11/site-packages/airflow/example_dags/example_sensor_decorator.py
[2023-11-14T08:16:32.828-0300] {logging_mixin.py:154} INFO - [2023-11-14T08:16:32.828-0300] {dag.py:2941} INFO - Sync 1 DAGs
[2023-11-14T08:16:32.838-0300] {logging_mixin.py:154} INFO - [2023-11-14T08:16:32.838-0300] {dag.py:3722} INFO - Setting next_dagrun for example_sensor_decorator to None, run_after=None
[2023-11-14T08:16:32.856-0300] {processor.py:179} INFO - Processing /home/gmassoqueto/repos/apache-airflow-101/.venv/lib/python3.11/site-packages/airflow/example_dags/example_sensor_decorator.py took 0.054 seconds
[2023-11-14T08:17:23.028-0300] {processor.py:157} INFO - Started process (PID=292120) to work on /home/gmassoqueto/repos/apache-airflow-101/.venv/lib/python3.11/site-packages/airflow/example_dags/example_sensor_decorator.py
[2023-11-14T08:17:23.032-0300] {processor.py:829} INFO - Processing file /home/gmassoqueto/repos/apache-airflow-101/.venv/lib/python3.11/site-packages/airflow/example_dags/example_sensor_decorator.py for tasks to queue
[2023-11-14T08:17:23.034-0300] {logging_mixin.py:154} INFO - [2023-11-14T08:17:23.033-0300] {dagbag.py:536} INFO - Filling up the DagBag from /home/gmassoqueto/repos/apache-airflow-101/.venv/lib/python3.11/site-packages/airflow/example_dags/example_sensor_decorator.py
[2023-11-14T08:17:23.045-0300] {processor.py:839} INFO - DAG(s) dict_keys(['example_sensor_decorator']) retrieved from /home/gmassoqueto/repos/apache-airflow-101/.venv/lib/python3.11/site-packages/airflow/example_dags/example_sensor_decorator.py
[2023-11-14T08:17:23.070-0300] {logging_mixin.py:154} INFO - [2023-11-14T08:17:23.070-0300] {dag.py:2941} INFO - Sync 1 DAGs
[2023-11-14T08:17:23.081-0300] {logging_mixin.py:154} INFO - [2023-11-14T08:17:23.080-0300] {dag.py:3722} INFO - Setting next_dagrun for example_sensor_decorator to None, run_after=None
[2023-11-14T08:17:23.098-0300] {processor.py:179} INFO - Processing /home/gmassoqueto/repos/apache-airflow-101/.venv/lib/python3.11/site-packages/airflow/example_dags/example_sensor_decorator.py took 0.072 seconds
[2023-11-14T08:18:11.019-0300] {processor.py:157} INFO - Started process (PID=292231) to work on /home/gmassoqueto/repos/apache-airflow-101/.venv/lib/python3.11/site-packages/airflow/example_dags/example_sensor_decorator.py
[2023-11-14T08:18:11.024-0300] {processor.py:829} INFO - Processing file /home/gmassoqueto/repos/apache-airflow-101/.venv/lib/python3.11/site-packages/airflow/example_dags/example_sensor_decorator.py for tasks to queue
[2023-11-14T08:18:11.026-0300] {logging_mixin.py:154} INFO - [2023-11-14T08:18:11.025-0300] {dagbag.py:536} INFO - Filling up the DagBag from /home/gmassoqueto/repos/apache-airflow-101/.venv/lib/python3.11/site-packages/airflow/example_dags/example_sensor_decorator.py
[2023-11-14T08:18:11.038-0300] {processor.py:839} INFO - DAG(s) dict_keys(['example_sensor_decorator']) retrieved from /home/gmassoqueto/repos/apache-airflow-101/.venv/lib/python3.11/site-packages/airflow/example_dags/example_sensor_decorator.py
[2023-11-14T08:18:11.058-0300] {logging_mixin.py:154} INFO - [2023-11-14T08:18:11.057-0300] {dag.py:2941} INFO - Sync 1 DAGs
[2023-11-14T08:18:11.071-0300] {logging_mixin.py:154} INFO - [2023-11-14T08:18:11.071-0300] {dag.py:3722} INFO - Setting next_dagrun for example_sensor_decorator to None, run_after=None
[2023-11-14T08:18:11.094-0300] {processor.py:179} INFO - Processing /home/gmassoqueto/repos/apache-airflow-101/.venv/lib/python3.11/site-packages/airflow/example_dags/example_sensor_decorator.py took 0.082 seconds
