[2023-11-14T07:03:51.586-0300] {processor.py:157} INFO - Started process (PID=284807) to work on /home/gmassoqueto/repos/apache-airflow-101/.venv/lib/python3.11/site-packages/airflow/example_dags/example_latest_only_with_trigger.py
[2023-11-14T07:03:51.588-0300] {processor.py:829} INFO - Processing file /home/gmassoqueto/repos/apache-airflow-101/.venv/lib/python3.11/site-packages/airflow/example_dags/example_latest_only_with_trigger.py for tasks to queue
[2023-11-14T07:03:51.591-0300] {logging_mixin.py:154} INFO - [2023-11-14T07:03:51.590-0300] {dagbag.py:536} INFO - Filling up the DagBag from /home/gmassoqueto/repos/apache-airflow-101/.venv/lib/python3.11/site-packages/airflow/example_dags/example_latest_only_with_trigger.py
[2023-11-14T07:03:51.608-0300] {processor.py:839} INFO - DAG(s) dict_keys(['latest_only_with_trigger']) retrieved from /home/gmassoqueto/repos/apache-airflow-101/.venv/lib/python3.11/site-packages/airflow/example_dags/example_latest_only_with_trigger.py
[2023-11-14T07:03:51.630-0300] {logging_mixin.py:154} INFO - [2023-11-14T07:03:51.630-0300] {dag.py:2941} INFO - Sync 1 DAGs
[2023-11-14T07:03:51.650-0300] {logging_mixin.py:154} INFO - [2023-11-14T07:03:51.650-0300] {dag.py:3722} INFO - Setting next_dagrun for latest_only_with_trigger to 2023-11-14T06:03:51.649837+00:00, run_after=2023-11-14T10:03:51.649837+00:00
[2023-11-14T07:03:51.672-0300] {processor.py:179} INFO - Processing /home/gmassoqueto/repos/apache-airflow-101/.venv/lib/python3.11/site-packages/airflow/example_dags/example_latest_only_with_trigger.py took 0.094 seconds
[2023-11-14T07:57:46.106-0300] {processor.py:157} INFO - Started process (PID=287277) to work on /home/gmassoqueto/repos/apache-airflow-101/.venv/lib/python3.11/site-packages/airflow/example_dags/example_latest_only_with_trigger.py
[2023-11-14T07:57:46.110-0300] {processor.py:829} INFO - Processing file /home/gmassoqueto/repos/apache-airflow-101/.venv/lib/python3.11/site-packages/airflow/example_dags/example_latest_only_with_trigger.py for tasks to queue
[2023-11-14T07:57:46.111-0300] {logging_mixin.py:154} INFO - [2023-11-14T07:57:46.111-0300] {dagbag.py:536} INFO - Filling up the DagBag from /home/gmassoqueto/repos/apache-airflow-101/.venv/lib/python3.11/site-packages/airflow/example_dags/example_latest_only_with_trigger.py
[2023-11-14T07:57:46.124-0300] {processor.py:839} INFO - DAG(s) dict_keys(['latest_only_with_trigger']) retrieved from /home/gmassoqueto/repos/apache-airflow-101/.venv/lib/python3.11/site-packages/airflow/example_dags/example_latest_only_with_trigger.py
[2023-11-14T07:57:46.144-0300] {logging_mixin.py:154} INFO - [2023-11-14T07:57:46.144-0300] {dag.py:2941} INFO - Sync 1 DAGs
[2023-11-14T07:57:46.160-0300] {logging_mixin.py:154} INFO - [2023-11-14T07:57:46.160-0300] {dag.py:3722} INFO - Setting next_dagrun for latest_only_with_trigger to 2023-11-14T06:57:46.160024+00:00, run_after=2023-11-14T10:57:46.160024+00:00
[2023-11-14T07:57:46.178-0300] {processor.py:179} INFO - Processing /home/gmassoqueto/repos/apache-airflow-101/.venv/lib/python3.11/site-packages/airflow/example_dags/example_latest_only_with_trigger.py took 0.078 seconds
[2023-11-14T07:58:34.769-0300] {processor.py:157} INFO - Started process (PID=287455) to work on /home/gmassoqueto/repos/apache-airflow-101/.venv/lib/python3.11/site-packages/airflow/example_dags/example_latest_only_with_trigger.py
[2023-11-14T07:58:34.775-0300] {processor.py:829} INFO - Processing file /home/gmassoqueto/repos/apache-airflow-101/.venv/lib/python3.11/site-packages/airflow/example_dags/example_latest_only_with_trigger.py for tasks to queue
[2023-11-14T07:58:34.778-0300] {logging_mixin.py:154} INFO - [2023-11-14T07:58:34.777-0300] {dagbag.py:536} INFO - Filling up the DagBag from /home/gmassoqueto/repos/apache-airflow-101/.venv/lib/python3.11/site-packages/airflow/example_dags/example_latest_only_with_trigger.py
[2023-11-14T07:58:34.795-0300] {processor.py:839} INFO - DAG(s) dict_keys(['latest_only_with_trigger']) retrieved from /home/gmassoqueto/repos/apache-airflow-101/.venv/lib/python3.11/site-packages/airflow/example_dags/example_latest_only_with_trigger.py
[2023-11-14T07:58:34.814-0300] {logging_mixin.py:154} INFO - [2023-11-14T07:58:34.814-0300] {dag.py:2941} INFO - Sync 1 DAGs
[2023-11-14T07:58:34.831-0300] {logging_mixin.py:154} INFO - [2023-11-14T07:58:34.830-0300] {dag.py:3722} INFO - Setting next_dagrun for latest_only_with_trigger to 2023-11-14T06:58:34.830649+00:00, run_after=2023-11-14T10:58:34.830649+00:00
[2023-11-14T07:58:34.853-0300] {processor.py:179} INFO - Processing /home/gmassoqueto/repos/apache-airflow-101/.venv/lib/python3.11/site-packages/airflow/example_dags/example_latest_only_with_trigger.py took 0.092 seconds
[2023-11-14T07:59:21.744-0300] {processor.py:157} INFO - Started process (PID=287600) to work on /home/gmassoqueto/repos/apache-airflow-101/.venv/lib/python3.11/site-packages/airflow/example_dags/example_latest_only_with_trigger.py
[2023-11-14T07:59:21.744-0300] {processor.py:829} INFO - Processing file /home/gmassoqueto/repos/apache-airflow-101/.venv/lib/python3.11/site-packages/airflow/example_dags/example_latest_only_with_trigger.py for tasks to queue
[2023-11-14T07:59:21.745-0300] {logging_mixin.py:154} INFO - [2023-11-14T07:59:21.745-0300] {dagbag.py:536} INFO - Filling up the DagBag from /home/gmassoqueto/repos/apache-airflow-101/.venv/lib/python3.11/site-packages/airflow/example_dags/example_latest_only_with_trigger.py
[2023-11-14T07:59:21.751-0300] {processor.py:839} INFO - DAG(s) dict_keys(['latest_only_with_trigger']) retrieved from /home/gmassoqueto/repos/apache-airflow-101/.venv/lib/python3.11/site-packages/airflow/example_dags/example_latest_only_with_trigger.py
[2023-11-14T07:59:21.765-0300] {logging_mixin.py:154} INFO - [2023-11-14T07:59:21.765-0300] {dag.py:2941} INFO - Sync 1 DAGs
[2023-11-14T07:59:21.780-0300] {logging_mixin.py:154} INFO - [2023-11-14T07:59:21.780-0300] {dag.py:3722} INFO - Setting next_dagrun for latest_only_with_trigger to 2023-11-14T06:59:21.780539+00:00, run_after=2023-11-14T10:59:21.780539+00:00
[2023-11-14T07:59:21.795-0300] {processor.py:179} INFO - Processing /home/gmassoqueto/repos/apache-airflow-101/.venv/lib/python3.11/site-packages/airflow/example_dags/example_latest_only_with_trigger.py took 0.054 seconds
[2023-11-14T08:00:18.383-0300] {processor.py:157} INFO - Started process (PID=287732) to work on /home/gmassoqueto/repos/apache-airflow-101/.venv/lib/python3.11/site-packages/airflow/example_dags/example_latest_only_with_trigger.py
[2023-11-14T08:00:18.388-0300] {processor.py:829} INFO - Processing file /home/gmassoqueto/repos/apache-airflow-101/.venv/lib/python3.11/site-packages/airflow/example_dags/example_latest_only_with_trigger.py for tasks to queue
[2023-11-14T08:00:18.390-0300] {logging_mixin.py:154} INFO - [2023-11-14T08:00:18.389-0300] {dagbag.py:536} INFO - Filling up the DagBag from /home/gmassoqueto/repos/apache-airflow-101/.venv/lib/python3.11/site-packages/airflow/example_dags/example_latest_only_with_trigger.py
[2023-11-14T08:00:18.404-0300] {processor.py:839} INFO - DAG(s) dict_keys(['latest_only_with_trigger']) retrieved from /home/gmassoqueto/repos/apache-airflow-101/.venv/lib/python3.11/site-packages/airflow/example_dags/example_latest_only_with_trigger.py
[2023-11-14T08:00:18.423-0300] {logging_mixin.py:154} INFO - [2023-11-14T08:00:18.423-0300] {dag.py:2941} INFO - Sync 1 DAGs
[2023-11-14T08:00:18.442-0300] {logging_mixin.py:154} INFO - [2023-11-14T08:00:18.442-0300] {dag.py:3722} INFO - Setting next_dagrun for latest_only_with_trigger to 2023-11-14T07:00:18.442209+00:00, run_after=2023-11-14T11:00:18.442209+00:00
[2023-11-14T08:00:18.461-0300] {processor.py:179} INFO - Processing /home/gmassoqueto/repos/apache-airflow-101/.venv/lib/python3.11/site-packages/airflow/example_dags/example_latest_only_with_trigger.py took 0.085 seconds
[2023-11-14T08:01:07.547-0300] {processor.py:157} INFO - Started process (PID=287924) to work on /home/gmassoqueto/repos/apache-airflow-101/.venv/lib/python3.11/site-packages/airflow/example_dags/example_latest_only_with_trigger.py
[2023-11-14T08:01:07.551-0300] {processor.py:829} INFO - Processing file /home/gmassoqueto/repos/apache-airflow-101/.venv/lib/python3.11/site-packages/airflow/example_dags/example_latest_only_with_trigger.py for tasks to queue
[2023-11-14T08:01:07.553-0300] {logging_mixin.py:154} INFO - [2023-11-14T08:01:07.553-0300] {dagbag.py:536} INFO - Filling up the DagBag from /home/gmassoqueto/repos/apache-airflow-101/.venv/lib/python3.11/site-packages/airflow/example_dags/example_latest_only_with_trigger.py
[2023-11-14T08:01:07.569-0300] {processor.py:839} INFO - DAG(s) dict_keys(['latest_only_with_trigger']) retrieved from /home/gmassoqueto/repos/apache-airflow-101/.venv/lib/python3.11/site-packages/airflow/example_dags/example_latest_only_with_trigger.py
[2023-11-14T08:01:07.589-0300] {logging_mixin.py:154} INFO - [2023-11-14T08:01:07.589-0300] {dag.py:2941} INFO - Sync 1 DAGs
[2023-11-14T08:01:07.604-0300] {logging_mixin.py:154} INFO - [2023-11-14T08:01:07.604-0300] {dag.py:3722} INFO - Setting next_dagrun for latest_only_with_trigger to 2023-11-14T07:01:07.604496+00:00, run_after=2023-11-14T11:01:07.604496+00:00
[2023-11-14T08:01:07.622-0300] {processor.py:179} INFO - Processing /home/gmassoqueto/repos/apache-airflow-101/.venv/lib/python3.11/site-packages/airflow/example_dags/example_latest_only_with_trigger.py took 0.083 seconds
[2023-11-14T08:01:56.460-0300] {processor.py:157} INFO - Started process (PID=288072) to work on /home/gmassoqueto/repos/apache-airflow-101/.venv/lib/python3.11/site-packages/airflow/example_dags/example_latest_only_with_trigger.py
[2023-11-14T08:01:56.464-0300] {processor.py:829} INFO - Processing file /home/gmassoqueto/repos/apache-airflow-101/.venv/lib/python3.11/site-packages/airflow/example_dags/example_latest_only_with_trigger.py for tasks to queue
[2023-11-14T08:01:56.464-0300] {logging_mixin.py:154} INFO - [2023-11-14T08:01:56.464-0300] {dagbag.py:536} INFO - Filling up the DagBag from /home/gmassoqueto/repos/apache-airflow-101/.venv/lib/python3.11/site-packages/airflow/example_dags/example_latest_only_with_trigger.py
[2023-11-14T08:01:56.470-0300] {processor.py:839} INFO - DAG(s) dict_keys(['latest_only_with_trigger']) retrieved from /home/gmassoqueto/repos/apache-airflow-101/.venv/lib/python3.11/site-packages/airflow/example_dags/example_latest_only_with_trigger.py
[2023-11-14T08:01:56.485-0300] {logging_mixin.py:154} INFO - [2023-11-14T08:01:56.485-0300] {dag.py:2941} INFO - Sync 1 DAGs
[2023-11-14T08:01:56.503-0300] {logging_mixin.py:154} INFO - [2023-11-14T08:01:56.503-0300] {dag.py:3722} INFO - Setting next_dagrun for latest_only_with_trigger to 2023-11-14T07:01:56.503502+00:00, run_after=2023-11-14T11:01:56.503502+00:00
[2023-11-14T08:01:56.524-0300] {processor.py:179} INFO - Processing /home/gmassoqueto/repos/apache-airflow-101/.venv/lib/python3.11/site-packages/airflow/example_dags/example_latest_only_with_trigger.py took 0.067 seconds
[2023-11-14T08:02:43.141-0300] {processor.py:157} INFO - Started process (PID=288235) to work on /home/gmassoqueto/repos/apache-airflow-101/.venv/lib/python3.11/site-packages/airflow/example_dags/example_latest_only_with_trigger.py
[2023-11-14T08:02:43.142-0300] {processor.py:829} INFO - Processing file /home/gmassoqueto/repos/apache-airflow-101/.venv/lib/python3.11/site-packages/airflow/example_dags/example_latest_only_with_trigger.py for tasks to queue
[2023-11-14T08:02:43.143-0300] {logging_mixin.py:154} INFO - [2023-11-14T08:02:43.142-0300] {dagbag.py:536} INFO - Filling up the DagBag from /home/gmassoqueto/repos/apache-airflow-101/.venv/lib/python3.11/site-packages/airflow/example_dags/example_latest_only_with_trigger.py
[2023-11-14T08:02:43.151-0300] {processor.py:839} INFO - DAG(s) dict_keys(['latest_only_with_trigger']) retrieved from /home/gmassoqueto/repos/apache-airflow-101/.venv/lib/python3.11/site-packages/airflow/example_dags/example_latest_only_with_trigger.py
[2023-11-14T08:02:43.167-0300] {logging_mixin.py:154} INFO - [2023-11-14T08:02:43.167-0300] {dag.py:2941} INFO - Sync 1 DAGs
[2023-11-14T08:02:43.189-0300] {logging_mixin.py:154} INFO - [2023-11-14T08:02:43.189-0300] {dag.py:3722} INFO - Setting next_dagrun for latest_only_with_trigger to 2023-11-14T07:02:43.189554+00:00, run_after=2023-11-14T11:02:43.189554+00:00
[2023-11-14T08:02:43.216-0300] {processor.py:179} INFO - Processing /home/gmassoqueto/repos/apache-airflow-101/.venv/lib/python3.11/site-packages/airflow/example_dags/example_latest_only_with_trigger.py took 0.078 seconds
[2023-11-14T08:03:30.390-0300] {processor.py:157} INFO - Started process (PID=288397) to work on /home/gmassoqueto/repos/apache-airflow-101/.venv/lib/python3.11/site-packages/airflow/example_dags/example_latest_only_with_trigger.py
[2023-11-14T08:03:30.394-0300] {processor.py:829} INFO - Processing file /home/gmassoqueto/repos/apache-airflow-101/.venv/lib/python3.11/site-packages/airflow/example_dags/example_latest_only_with_trigger.py for tasks to queue
[2023-11-14T08:03:30.396-0300] {logging_mixin.py:154} INFO - [2023-11-14T08:03:30.395-0300] {dagbag.py:536} INFO - Filling up the DagBag from /home/gmassoqueto/repos/apache-airflow-101/.venv/lib/python3.11/site-packages/airflow/example_dags/example_latest_only_with_trigger.py
[2023-11-14T08:03:30.410-0300] {processor.py:839} INFO - DAG(s) dict_keys(['latest_only_with_trigger']) retrieved from /home/gmassoqueto/repos/apache-airflow-101/.venv/lib/python3.11/site-packages/airflow/example_dags/example_latest_only_with_trigger.py
[2023-11-14T08:03:30.435-0300] {logging_mixin.py:154} INFO - [2023-11-14T08:03:30.435-0300] {dag.py:2941} INFO - Sync 1 DAGs
[2023-11-14T08:03:30.451-0300] {logging_mixin.py:154} INFO - [2023-11-14T08:03:30.451-0300] {dag.py:3722} INFO - Setting next_dagrun for latest_only_with_trigger to 2023-11-14T07:03:30.451544+00:00, run_after=2023-11-14T11:03:30.451544+00:00
[2023-11-14T08:03:30.477-0300] {processor.py:179} INFO - Processing /home/gmassoqueto/repos/apache-airflow-101/.venv/lib/python3.11/site-packages/airflow/example_dags/example_latest_only_with_trigger.py took 0.090 seconds
[2023-11-14T08:04:21.195-0300] {processor.py:157} INFO - Started process (PID=288852) to work on /home/gmassoqueto/repos/apache-airflow-101/.venv/lib/python3.11/site-packages/airflow/example_dags/example_latest_only_with_trigger.py
[2023-11-14T08:04:21.196-0300] {processor.py:829} INFO - Processing file /home/gmassoqueto/repos/apache-airflow-101/.venv/lib/python3.11/site-packages/airflow/example_dags/example_latest_only_with_trigger.py for tasks to queue
[2023-11-14T08:04:21.196-0300] {logging_mixin.py:154} INFO - [2023-11-14T08:04:21.196-0300] {dagbag.py:536} INFO - Filling up the DagBag from /home/gmassoqueto/repos/apache-airflow-101/.venv/lib/python3.11/site-packages/airflow/example_dags/example_latest_only_with_trigger.py
[2023-11-14T08:04:21.202-0300] {processor.py:839} INFO - DAG(s) dict_keys(['latest_only_with_trigger']) retrieved from /home/gmassoqueto/repos/apache-airflow-101/.venv/lib/python3.11/site-packages/airflow/example_dags/example_latest_only_with_trigger.py
[2023-11-14T08:04:21.216-0300] {logging_mixin.py:154} INFO - [2023-11-14T08:04:21.216-0300] {dag.py:2941} INFO - Sync 1 DAGs
[2023-11-14T08:04:21.232-0300] {logging_mixin.py:154} INFO - [2023-11-14T08:04:21.231-0300] {dag.py:3722} INFO - Setting next_dagrun for latest_only_with_trigger to 2023-11-14T07:04:21.231769+00:00, run_after=2023-11-14T11:04:21.231769+00:00
[2023-11-14T08:04:21.249-0300] {processor.py:179} INFO - Processing /home/gmassoqueto/repos/apache-airflow-101/.venv/lib/python3.11/site-packages/airflow/example_dags/example_latest_only_with_trigger.py took 0.057 seconds
[2023-11-14T08:05:11.846-0300] {processor.py:157} INFO - Started process (PID=289013) to work on /home/gmassoqueto/repos/apache-airflow-101/.venv/lib/python3.11/site-packages/airflow/example_dags/example_latest_only_with_trigger.py
[2023-11-14T08:05:11.850-0300] {processor.py:829} INFO - Processing file /home/gmassoqueto/repos/apache-airflow-101/.venv/lib/python3.11/site-packages/airflow/example_dags/example_latest_only_with_trigger.py for tasks to queue
[2023-11-14T08:05:11.850-0300] {logging_mixin.py:154} INFO - [2023-11-14T08:05:11.850-0300] {dagbag.py:536} INFO - Filling up the DagBag from /home/gmassoqueto/repos/apache-airflow-101/.venv/lib/python3.11/site-packages/airflow/example_dags/example_latest_only_with_trigger.py
[2023-11-14T08:05:11.857-0300] {processor.py:839} INFO - DAG(s) dict_keys(['latest_only_with_trigger']) retrieved from /home/gmassoqueto/repos/apache-airflow-101/.venv/lib/python3.11/site-packages/airflow/example_dags/example_latest_only_with_trigger.py
[2023-11-14T08:05:11.873-0300] {logging_mixin.py:154} INFO - [2023-11-14T08:05:11.872-0300] {dag.py:2941} INFO - Sync 1 DAGs
[2023-11-14T08:05:11.889-0300] {logging_mixin.py:154} INFO - [2023-11-14T08:05:11.889-0300] {dag.py:3722} INFO - Setting next_dagrun for latest_only_with_trigger to 2023-11-14T07:05:11.889348+00:00, run_after=2023-11-14T11:05:11.889348+00:00
[2023-11-14T08:05:11.906-0300] {processor.py:179} INFO - Processing /home/gmassoqueto/repos/apache-airflow-101/.venv/lib/python3.11/site-packages/airflow/example_dags/example_latest_only_with_trigger.py took 0.062 seconds
[2023-11-14T08:06:00.751-0300] {processor.py:157} INFO - Started process (PID=289135) to work on /home/gmassoqueto/repos/apache-airflow-101/.venv/lib/python3.11/site-packages/airflow/example_dags/example_latest_only_with_trigger.py
[2023-11-14T08:06:00.755-0300] {processor.py:829} INFO - Processing file /home/gmassoqueto/repos/apache-airflow-101/.venv/lib/python3.11/site-packages/airflow/example_dags/example_latest_only_with_trigger.py for tasks to queue
[2023-11-14T08:06:00.756-0300] {logging_mixin.py:154} INFO - [2023-11-14T08:06:00.756-0300] {dagbag.py:536} INFO - Filling up the DagBag from /home/gmassoqueto/repos/apache-airflow-101/.venv/lib/python3.11/site-packages/airflow/example_dags/example_latest_only_with_trigger.py
[2023-11-14T08:06:00.764-0300] {processor.py:839} INFO - DAG(s) dict_keys(['latest_only_with_trigger']) retrieved from /home/gmassoqueto/repos/apache-airflow-101/.venv/lib/python3.11/site-packages/airflow/example_dags/example_latest_only_with_trigger.py
[2023-11-14T08:06:00.779-0300] {logging_mixin.py:154} INFO - [2023-11-14T08:06:00.778-0300] {dag.py:2941} INFO - Sync 1 DAGs
[2023-11-14T08:06:00.794-0300] {logging_mixin.py:154} INFO - [2023-11-14T08:06:00.794-0300] {dag.py:3722} INFO - Setting next_dagrun for latest_only_with_trigger to 2023-11-14T07:06:00.794039+00:00, run_after=2023-11-14T11:06:00.794039+00:00
[2023-11-14T08:06:00.811-0300] {processor.py:179} INFO - Processing /home/gmassoqueto/repos/apache-airflow-101/.venv/lib/python3.11/site-packages/airflow/example_dags/example_latest_only_with_trigger.py took 0.067 seconds
[2023-11-14T08:06:48.617-0300] {processor.py:157} INFO - Started process (PID=289265) to work on /home/gmassoqueto/repos/apache-airflow-101/.venv/lib/python3.11/site-packages/airflow/example_dags/example_latest_only_with_trigger.py
[2023-11-14T08:06:48.621-0300] {processor.py:829} INFO - Processing file /home/gmassoqueto/repos/apache-airflow-101/.venv/lib/python3.11/site-packages/airflow/example_dags/example_latest_only_with_trigger.py for tasks to queue
[2023-11-14T08:06:48.623-0300] {logging_mixin.py:154} INFO - [2023-11-14T08:06:48.622-0300] {dagbag.py:536} INFO - Filling up the DagBag from /home/gmassoqueto/repos/apache-airflow-101/.venv/lib/python3.11/site-packages/airflow/example_dags/example_latest_only_with_trigger.py
[2023-11-14T08:06:48.635-0300] {processor.py:839} INFO - DAG(s) dict_keys(['latest_only_with_trigger']) retrieved from /home/gmassoqueto/repos/apache-airflow-101/.venv/lib/python3.11/site-packages/airflow/example_dags/example_latest_only_with_trigger.py
[2023-11-14T08:06:48.652-0300] {logging_mixin.py:154} INFO - [2023-11-14T08:06:48.652-0300] {dag.py:2941} INFO - Sync 1 DAGs
[2023-11-14T08:06:48.670-0300] {logging_mixin.py:154} INFO - [2023-11-14T08:06:48.669-0300] {dag.py:3722} INFO - Setting next_dagrun for latest_only_with_trigger to 2023-11-14T07:06:48.669688+00:00, run_after=2023-11-14T11:06:48.669688+00:00
[2023-11-14T08:06:48.693-0300] {processor.py:179} INFO - Processing /home/gmassoqueto/repos/apache-airflow-101/.venv/lib/python3.11/site-packages/airflow/example_dags/example_latest_only_with_trigger.py took 0.081 seconds
[2023-11-14T08:07:35.551-0300] {processor.py:157} INFO - Started process (PID=289462) to work on /home/gmassoqueto/repos/apache-airflow-101/.venv/lib/python3.11/site-packages/airflow/example_dags/example_latest_only_with_trigger.py
[2023-11-14T08:07:35.554-0300] {processor.py:829} INFO - Processing file /home/gmassoqueto/repos/apache-airflow-101/.venv/lib/python3.11/site-packages/airflow/example_dags/example_latest_only_with_trigger.py for tasks to queue
[2023-11-14T08:07:35.557-0300] {logging_mixin.py:154} INFO - [2023-11-14T08:07:35.556-0300] {dagbag.py:536} INFO - Filling up the DagBag from /home/gmassoqueto/repos/apache-airflow-101/.venv/lib/python3.11/site-packages/airflow/example_dags/example_latest_only_with_trigger.py
[2023-11-14T08:07:35.582-0300] {processor.py:839} INFO - DAG(s) dict_keys(['latest_only_with_trigger']) retrieved from /home/gmassoqueto/repos/apache-airflow-101/.venv/lib/python3.11/site-packages/airflow/example_dags/example_latest_only_with_trigger.py
[2023-11-14T08:07:35.609-0300] {logging_mixin.py:154} INFO - [2023-11-14T08:07:35.608-0300] {dag.py:2941} INFO - Sync 1 DAGs
[2023-11-14T08:07:35.630-0300] {logging_mixin.py:154} INFO - [2023-11-14T08:07:35.630-0300] {dag.py:3722} INFO - Setting next_dagrun for latest_only_with_trigger to 2023-11-14T07:07:35.629894+00:00, run_after=2023-11-14T11:07:35.629894+00:00
[2023-11-14T08:07:35.657-0300] {processor.py:179} INFO - Processing /home/gmassoqueto/repos/apache-airflow-101/.venv/lib/python3.11/site-packages/airflow/example_dags/example_latest_only_with_trigger.py took 0.113 seconds
[2023-11-14T08:08:39.874-0300] {processor.py:157} INFO - Started process (PID=289908) to work on /home/gmassoqueto/repos/apache-airflow-101/.venv/lib/python3.11/site-packages/airflow/example_dags/example_latest_only_with_trigger.py
[2023-11-14T08:08:39.879-0300] {processor.py:829} INFO - Processing file /home/gmassoqueto/repos/apache-airflow-101/.venv/lib/python3.11/site-packages/airflow/example_dags/example_latest_only_with_trigger.py for tasks to queue
[2023-11-14T08:08:39.881-0300] {logging_mixin.py:154} INFO - [2023-11-14T08:08:39.880-0300] {dagbag.py:536} INFO - Filling up the DagBag from /home/gmassoqueto/repos/apache-airflow-101/.venv/lib/python3.11/site-packages/airflow/example_dags/example_latest_only_with_trigger.py
[2023-11-14T08:08:39.897-0300] {processor.py:839} INFO - DAG(s) dict_keys(['latest_only_with_trigger']) retrieved from /home/gmassoqueto/repos/apache-airflow-101/.venv/lib/python3.11/site-packages/airflow/example_dags/example_latest_only_with_trigger.py
[2023-11-14T08:08:39.916-0300] {logging_mixin.py:154} INFO - [2023-11-14T08:08:39.915-0300] {dag.py:2941} INFO - Sync 1 DAGs
[2023-11-14T08:08:39.925-0300] {logging_mixin.py:154} INFO - [2023-11-14T08:08:39.924-0300] {dag.py:2963} INFO - Creating ORM DAG for latest_only_with_trigger
[2023-11-14T08:08:39.931-0300] {logging_mixin.py:154} INFO - [2023-11-14T08:08:39.931-0300] {dag.py:3722} INFO - Setting next_dagrun for latest_only_with_trigger to 2023-11-14T07:08:39.931374+00:00, run_after=2023-11-14T11:08:39.931374+00:00
[2023-11-14T08:08:39.949-0300] {processor.py:179} INFO - Processing /home/gmassoqueto/repos/apache-airflow-101/.venv/lib/python3.11/site-packages/airflow/example_dags/example_latest_only_with_trigger.py took 0.083 seconds
[2023-11-14T08:10:22.618-0300] {processor.py:157} INFO - Started process (PID=290696) to work on /home/gmassoqueto/repos/apache-airflow-101/.venv/lib/python3.11/site-packages/airflow/example_dags/example_latest_only_with_trigger.py
[2023-11-14T08:10:22.620-0300] {processor.py:829} INFO - Processing file /home/gmassoqueto/repos/apache-airflow-101/.venv/lib/python3.11/site-packages/airflow/example_dags/example_latest_only_with_trigger.py for tasks to queue
[2023-11-14T08:10:22.621-0300] {logging_mixin.py:154} INFO - [2023-11-14T08:10:22.621-0300] {dagbag.py:536} INFO - Filling up the DagBag from /home/gmassoqueto/repos/apache-airflow-101/.venv/lib/python3.11/site-packages/airflow/example_dags/example_latest_only_with_trigger.py
[2023-11-14T08:10:22.629-0300] {processor.py:839} INFO - DAG(s) dict_keys(['latest_only_with_trigger']) retrieved from /home/gmassoqueto/repos/apache-airflow-101/.venv/lib/python3.11/site-packages/airflow/example_dags/example_latest_only_with_trigger.py
[2023-11-14T08:10:22.646-0300] {logging_mixin.py:154} INFO - [2023-11-14T08:10:22.646-0300] {dag.py:2941} INFO - Sync 1 DAGs
[2023-11-14T08:10:22.666-0300] {logging_mixin.py:154} INFO - [2023-11-14T08:10:22.666-0300] {dag.py:3722} INFO - Setting next_dagrun for latest_only_with_trigger to 2023-11-14T07:10:22.666106+00:00, run_after=2023-11-14T11:10:22.666106+00:00
[2023-11-14T08:10:22.687-0300] {processor.py:179} INFO - Processing /home/gmassoqueto/repos/apache-airflow-101/.venv/lib/python3.11/site-packages/airflow/example_dags/example_latest_only_with_trigger.py took 0.074 seconds
[2023-11-14T08:11:16.782-0300] {processor.py:157} INFO - Started process (PID=291156) to work on /home/gmassoqueto/repos/apache-airflow-101/.venv/lib/python3.11/site-packages/airflow/example_dags/example_latest_only_with_trigger.py
[2023-11-14T08:11:16.787-0300] {processor.py:829} INFO - Processing file /home/gmassoqueto/repos/apache-airflow-101/.venv/lib/python3.11/site-packages/airflow/example_dags/example_latest_only_with_trigger.py for tasks to queue
[2023-11-14T08:11:16.789-0300] {logging_mixin.py:154} INFO - [2023-11-14T08:11:16.788-0300] {dagbag.py:536} INFO - Filling up the DagBag from /home/gmassoqueto/repos/apache-airflow-101/.venv/lib/python3.11/site-packages/airflow/example_dags/example_latest_only_with_trigger.py
[2023-11-14T08:11:16.804-0300] {processor.py:839} INFO - DAG(s) dict_keys(['latest_only_with_trigger']) retrieved from /home/gmassoqueto/repos/apache-airflow-101/.venv/lib/python3.11/site-packages/airflow/example_dags/example_latest_only_with_trigger.py
[2023-11-14T08:11:16.828-0300] {logging_mixin.py:154} INFO - [2023-11-14T08:11:16.828-0300] {dag.py:2941} INFO - Sync 1 DAGs
[2023-11-14T08:11:16.847-0300] {logging_mixin.py:154} INFO - [2023-11-14T08:11:16.847-0300] {dag.py:3722} INFO - Setting next_dagrun for latest_only_with_trigger to 2023-11-14T07:11:16.846990+00:00, run_after=2023-11-14T11:11:16.846990+00:00
[2023-11-14T08:11:16.870-0300] {processor.py:179} INFO - Processing /home/gmassoqueto/repos/apache-airflow-101/.venv/lib/python3.11/site-packages/airflow/example_dags/example_latest_only_with_trigger.py took 0.094 seconds
[2023-11-14T08:12:02.072-0300] {processor.py:157} INFO - Started process (PID=291283) to work on /home/gmassoqueto/repos/apache-airflow-101/.venv/lib/python3.11/site-packages/airflow/example_dags/example_latest_only_with_trigger.py
[2023-11-14T08:12:02.075-0300] {processor.py:829} INFO - Processing file /home/gmassoqueto/repos/apache-airflow-101/.venv/lib/python3.11/site-packages/airflow/example_dags/example_latest_only_with_trigger.py for tasks to queue
[2023-11-14T08:12:02.076-0300] {logging_mixin.py:154} INFO - [2023-11-14T08:12:02.076-0300] {dagbag.py:536} INFO - Filling up the DagBag from /home/gmassoqueto/repos/apache-airflow-101/.venv/lib/python3.11/site-packages/airflow/example_dags/example_latest_only_with_trigger.py
[2023-11-14T08:12:02.086-0300] {processor.py:839} INFO - DAG(s) dict_keys(['latest_only_with_trigger']) retrieved from /home/gmassoqueto/repos/apache-airflow-101/.venv/lib/python3.11/site-packages/airflow/example_dags/example_latest_only_with_trigger.py
[2023-11-14T08:12:02.104-0300] {logging_mixin.py:154} INFO - [2023-11-14T08:12:02.104-0300] {dag.py:2941} INFO - Sync 1 DAGs
[2023-11-14T08:12:02.129-0300] {logging_mixin.py:154} INFO - [2023-11-14T08:12:02.128-0300] {dag.py:3722} INFO - Setting next_dagrun for latest_only_with_trigger to 2023-11-14T07:12:02.128459+00:00, run_after=2023-11-14T11:12:02.128459+00:00
[2023-11-14T08:12:02.171-0300] {processor.py:179} INFO - Processing /home/gmassoqueto/repos/apache-airflow-101/.venv/lib/python3.11/site-packages/airflow/example_dags/example_latest_only_with_trigger.py took 0.102 seconds
[2023-11-14T08:12:48.433-0300] {processor.py:157} INFO - Started process (PID=291546) to work on /home/gmassoqueto/repos/apache-airflow-101/.venv/lib/python3.11/site-packages/airflow/example_dags/example_latest_only_with_trigger.py
[2023-11-14T08:12:48.437-0300] {processor.py:829} INFO - Processing file /home/gmassoqueto/repos/apache-airflow-101/.venv/lib/python3.11/site-packages/airflow/example_dags/example_latest_only_with_trigger.py for tasks to queue
[2023-11-14T08:12:48.438-0300] {logging_mixin.py:154} INFO - [2023-11-14T08:12:48.438-0300] {dagbag.py:536} INFO - Filling up the DagBag from /home/gmassoqueto/repos/apache-airflow-101/.venv/lib/python3.11/site-packages/airflow/example_dags/example_latest_only_with_trigger.py
[2023-11-14T08:12:48.445-0300] {processor.py:839} INFO - DAG(s) dict_keys(['latest_only_with_trigger']) retrieved from /home/gmassoqueto/repos/apache-airflow-101/.venv/lib/python3.11/site-packages/airflow/example_dags/example_latest_only_with_trigger.py
[2023-11-14T08:12:48.467-0300] {logging_mixin.py:154} INFO - [2023-11-14T08:12:48.467-0300] {dag.py:2941} INFO - Sync 1 DAGs
[2023-11-14T08:12:48.490-0300] {logging_mixin.py:154} INFO - [2023-11-14T08:12:48.490-0300] {dag.py:3722} INFO - Setting next_dagrun for latest_only_with_trigger to 2023-11-14T07:12:48.489891+00:00, run_after=2023-11-14T11:12:48.489891+00:00
[2023-11-14T08:12:48.514-0300] {processor.py:179} INFO - Processing /home/gmassoqueto/repos/apache-airflow-101/.venv/lib/python3.11/site-packages/airflow/example_dags/example_latest_only_with_trigger.py took 0.084 seconds
[2023-11-14T08:13:35.770-0300] {processor.py:157} INFO - Started process (PID=291640) to work on /home/gmassoqueto/repos/apache-airflow-101/.venv/lib/python3.11/site-packages/airflow/example_dags/example_latest_only_with_trigger.py
[2023-11-14T08:13:35.775-0300] {processor.py:829} INFO - Processing file /home/gmassoqueto/repos/apache-airflow-101/.venv/lib/python3.11/site-packages/airflow/example_dags/example_latest_only_with_trigger.py for tasks to queue
[2023-11-14T08:13:35.777-0300] {logging_mixin.py:154} INFO - [2023-11-14T08:13:35.776-0300] {dagbag.py:536} INFO - Filling up the DagBag from /home/gmassoqueto/repos/apache-airflow-101/.venv/lib/python3.11/site-packages/airflow/example_dags/example_latest_only_with_trigger.py
[2023-11-14T08:13:35.794-0300] {processor.py:839} INFO - DAG(s) dict_keys(['latest_only_with_trigger']) retrieved from /home/gmassoqueto/repos/apache-airflow-101/.venv/lib/python3.11/site-packages/airflow/example_dags/example_latest_only_with_trigger.py
[2023-11-14T08:13:35.812-0300] {logging_mixin.py:154} INFO - [2023-11-14T08:13:35.812-0300] {dag.py:2941} INFO - Sync 1 DAGs
[2023-11-14T08:13:35.827-0300] {logging_mixin.py:154} INFO - [2023-11-14T08:13:35.827-0300] {dag.py:3722} INFO - Setting next_dagrun for latest_only_with_trigger to 2023-11-14T07:13:35.827652+00:00, run_after=2023-11-14T11:13:35.827652+00:00
[2023-11-14T08:13:35.845-0300] {processor.py:179} INFO - Processing /home/gmassoqueto/repos/apache-airflow-101/.venv/lib/python3.11/site-packages/airflow/example_dags/example_latest_only_with_trigger.py took 0.083 seconds
[2023-11-14T08:14:24.822-0300] {processor.py:157} INFO - Started process (PID=291744) to work on /home/gmassoqueto/repos/apache-airflow-101/.venv/lib/python3.11/site-packages/airflow/example_dags/example_latest_only_with_trigger.py
[2023-11-14T08:14:24.826-0300] {processor.py:829} INFO - Processing file /home/gmassoqueto/repos/apache-airflow-101/.venv/lib/python3.11/site-packages/airflow/example_dags/example_latest_only_with_trigger.py for tasks to queue
[2023-11-14T08:14:24.826-0300] {logging_mixin.py:154} INFO - [2023-11-14T08:14:24.826-0300] {dagbag.py:536} INFO - Filling up the DagBag from /home/gmassoqueto/repos/apache-airflow-101/.venv/lib/python3.11/site-packages/airflow/example_dags/example_latest_only_with_trigger.py
[2023-11-14T08:14:24.830-0300] {processor.py:839} INFO - DAG(s) dict_keys(['latest_only_with_trigger']) retrieved from /home/gmassoqueto/repos/apache-airflow-101/.venv/lib/python3.11/site-packages/airflow/example_dags/example_latest_only_with_trigger.py
[2023-11-14T08:14:24.840-0300] {logging_mixin.py:154} INFO - [2023-11-14T08:14:24.840-0300] {dag.py:2941} INFO - Sync 1 DAGs
[2023-11-14T08:14:24.852-0300] {logging_mixin.py:154} INFO - [2023-11-14T08:14:24.852-0300] {dag.py:3722} INFO - Setting next_dagrun for latest_only_with_trigger to 2023-11-14T07:14:24.852546+00:00, run_after=2023-11-14T11:14:24.852546+00:00
[2023-11-14T08:14:24.868-0300] {processor.py:179} INFO - Processing /home/gmassoqueto/repos/apache-airflow-101/.venv/lib/python3.11/site-packages/airflow/example_dags/example_latest_only_with_trigger.py took 0.048 seconds
[2023-11-14T08:15:11.185-0300] {processor.py:157} INFO - Started process (PID=291890) to work on /home/gmassoqueto/repos/apache-airflow-101/.venv/lib/python3.11/site-packages/airflow/example_dags/example_latest_only_with_trigger.py
[2023-11-14T08:15:11.188-0300] {processor.py:829} INFO - Processing file /home/gmassoqueto/repos/apache-airflow-101/.venv/lib/python3.11/site-packages/airflow/example_dags/example_latest_only_with_trigger.py for tasks to queue
[2023-11-14T08:15:11.189-0300] {logging_mixin.py:154} INFO - [2023-11-14T08:15:11.189-0300] {dagbag.py:536} INFO - Filling up the DagBag from /home/gmassoqueto/repos/apache-airflow-101/.venv/lib/python3.11/site-packages/airflow/example_dags/example_latest_only_with_trigger.py
[2023-11-14T08:15:11.196-0300] {processor.py:839} INFO - DAG(s) dict_keys(['latest_only_with_trigger']) retrieved from /home/gmassoqueto/repos/apache-airflow-101/.venv/lib/python3.11/site-packages/airflow/example_dags/example_latest_only_with_trigger.py
[2023-11-14T08:15:11.213-0300] {logging_mixin.py:154} INFO - [2023-11-14T08:15:11.212-0300] {dag.py:2941} INFO - Sync 1 DAGs
[2023-11-14T08:15:11.229-0300] {logging_mixin.py:154} INFO - [2023-11-14T08:15:11.229-0300] {dag.py:3722} INFO - Setting next_dagrun for latest_only_with_trigger to 2023-11-14T07:15:11.229236+00:00, run_after=2023-11-14T11:15:11.229236+00:00
[2023-11-14T08:15:11.256-0300] {processor.py:179} INFO - Processing /home/gmassoqueto/repos/apache-airflow-101/.venv/lib/python3.11/site-packages/airflow/example_dags/example_latest_only_with_trigger.py took 0.074 seconds
[2023-11-14T08:15:58.587-0300] {processor.py:157} INFO - Started process (PID=291975) to work on /home/gmassoqueto/repos/apache-airflow-101/.venv/lib/python3.11/site-packages/airflow/example_dags/example_latest_only_with_trigger.py
[2023-11-14T08:15:58.591-0300] {processor.py:829} INFO - Processing file /home/gmassoqueto/repos/apache-airflow-101/.venv/lib/python3.11/site-packages/airflow/example_dags/example_latest_only_with_trigger.py for tasks to queue
[2023-11-14T08:15:58.591-0300] {logging_mixin.py:154} INFO - [2023-11-14T08:15:58.591-0300] {dagbag.py:536} INFO - Filling up the DagBag from /home/gmassoqueto/repos/apache-airflow-101/.venv/lib/python3.11/site-packages/airflow/example_dags/example_latest_only_with_trigger.py
[2023-11-14T08:15:58.597-0300] {processor.py:839} INFO - DAG(s) dict_keys(['latest_only_with_trigger']) retrieved from /home/gmassoqueto/repos/apache-airflow-101/.venv/lib/python3.11/site-packages/airflow/example_dags/example_latest_only_with_trigger.py
[2023-11-14T08:15:58.611-0300] {logging_mixin.py:154} INFO - [2023-11-14T08:15:58.610-0300] {dag.py:2941} INFO - Sync 1 DAGs
[2023-11-14T08:15:58.626-0300] {logging_mixin.py:154} INFO - [2023-11-14T08:15:58.626-0300] {dag.py:3722} INFO - Setting next_dagrun for latest_only_with_trigger to 2023-11-14T07:15:58.625832+00:00, run_after=2023-11-14T11:15:58.625832+00:00
[2023-11-14T08:15:58.651-0300] {processor.py:179} INFO - Processing /home/gmassoqueto/repos/apache-airflow-101/.venv/lib/python3.11/site-packages/airflow/example_dags/example_latest_only_with_trigger.py took 0.066 seconds
[2023-11-14T08:16:47.696-0300] {processor.py:157} INFO - Started process (PID=292059) to work on /home/gmassoqueto/repos/apache-airflow-101/.venv/lib/python3.11/site-packages/airflow/example_dags/example_latest_only_with_trigger.py
[2023-11-14T08:16:47.700-0300] {processor.py:829} INFO - Processing file /home/gmassoqueto/repos/apache-airflow-101/.venv/lib/python3.11/site-packages/airflow/example_dags/example_latest_only_with_trigger.py for tasks to queue
[2023-11-14T08:16:47.701-0300] {logging_mixin.py:154} INFO - [2023-11-14T08:16:47.700-0300] {dagbag.py:536} INFO - Filling up the DagBag from /home/gmassoqueto/repos/apache-airflow-101/.venv/lib/python3.11/site-packages/airflow/example_dags/example_latest_only_with_trigger.py
[2023-11-14T08:16:47.707-0300] {processor.py:839} INFO - DAG(s) dict_keys(['latest_only_with_trigger']) retrieved from /home/gmassoqueto/repos/apache-airflow-101/.venv/lib/python3.11/site-packages/airflow/example_dags/example_latest_only_with_trigger.py
[2023-11-14T08:16:47.725-0300] {logging_mixin.py:154} INFO - [2023-11-14T08:16:47.724-0300] {dag.py:2941} INFO - Sync 1 DAGs
[2023-11-14T08:16:47.744-0300] {logging_mixin.py:154} INFO - [2023-11-14T08:16:47.743-0300] {dag.py:3722} INFO - Setting next_dagrun for latest_only_with_trigger to 2023-11-14T07:16:47.743686+00:00, run_after=2023-11-14T11:16:47.743686+00:00
[2023-11-14T08:16:47.760-0300] {processor.py:179} INFO - Processing /home/gmassoqueto/repos/apache-airflow-101/.venv/lib/python3.11/site-packages/airflow/example_dags/example_latest_only_with_trigger.py took 0.066 seconds
[2023-11-14T08:17:39.456-0300] {processor.py:157} INFO - Started process (PID=292158) to work on /home/gmassoqueto/repos/apache-airflow-101/.venv/lib/python3.11/site-packages/airflow/example_dags/example_latest_only_with_trigger.py
[2023-11-14T08:17:39.460-0300] {processor.py:829} INFO - Processing file /home/gmassoqueto/repos/apache-airflow-101/.venv/lib/python3.11/site-packages/airflow/example_dags/example_latest_only_with_trigger.py for tasks to queue
[2023-11-14T08:17:39.462-0300] {logging_mixin.py:154} INFO - [2023-11-14T08:17:39.461-0300] {dagbag.py:536} INFO - Filling up the DagBag from /home/gmassoqueto/repos/apache-airflow-101/.venv/lib/python3.11/site-packages/airflow/example_dags/example_latest_only_with_trigger.py
[2023-11-14T08:17:39.475-0300] {processor.py:839} INFO - DAG(s) dict_keys(['latest_only_with_trigger']) retrieved from /home/gmassoqueto/repos/apache-airflow-101/.venv/lib/python3.11/site-packages/airflow/example_dags/example_latest_only_with_trigger.py
[2023-11-14T08:17:39.500-0300] {logging_mixin.py:154} INFO - [2023-11-14T08:17:39.500-0300] {dag.py:2941} INFO - Sync 1 DAGs
[2023-11-14T08:17:39.518-0300] {logging_mixin.py:154} INFO - [2023-11-14T08:17:39.518-0300] {dag.py:3722} INFO - Setting next_dagrun for latest_only_with_trigger to 2023-11-14T07:17:39.518335+00:00, run_after=2023-11-14T11:17:39.518335+00:00
[2023-11-14T08:17:39.544-0300] {processor.py:179} INFO - Processing /home/gmassoqueto/repos/apache-airflow-101/.venv/lib/python3.11/site-packages/airflow/example_dags/example_latest_only_with_trigger.py took 0.091 seconds
