[2023-11-14T07:03:46.278-0300] {processor.py:157} INFO - Started process (PID=284795) to work on /home/gmassoqueto/repos/apache-airflow-101/.venv/lib/python3.11/site-packages/airflow/example_dags/example_params_trigger_ui.py
[2023-11-14T07:03:46.278-0300] {processor.py:829} INFO - Processing file /home/gmassoqueto/repos/apache-airflow-101/.venv/lib/python3.11/site-packages/airflow/example_dags/example_params_trigger_ui.py for tasks to queue
[2023-11-14T07:03:46.279-0300] {logging_mixin.py:154} INFO - [2023-11-14T07:03:46.279-0300] {dagbag.py:536} INFO - Filling up the DagBag from /home/gmassoqueto/repos/apache-airflow-101/.venv/lib/python3.11/site-packages/airflow/example_dags/example_params_trigger_ui.py
[2023-11-14T07:03:46.293-0300] {processor.py:839} INFO - DAG(s) dict_keys(['example_params_trigger_ui']) retrieved from /home/gmassoqueto/repos/apache-airflow-101/.venv/lib/python3.11/site-packages/airflow/example_dags/example_params_trigger_ui.py
[2023-11-14T07:03:46.324-0300] {logging_mixin.py:154} INFO - [2023-11-14T07:03:46.323-0300] {dag.py:2941} INFO - Sync 1 DAGs
[2023-11-14T07:03:46.331-0300] {logging_mixin.py:154} INFO - [2023-11-14T07:03:46.331-0300] {dag.py:3722} INFO - Setting next_dagrun for example_params_trigger_ui to None, run_after=None
[2023-11-14T07:03:46.380-0300] {processor.py:179} INFO - Processing /home/gmassoqueto/repos/apache-airflow-101/.venv/lib/python3.11/site-packages/airflow/example_dags/example_params_trigger_ui.py took 0.104 seconds
[2023-11-14T07:57:40.817-0300] {processor.py:157} INFO - Started process (PID=287260) to work on /home/gmassoqueto/repos/apache-airflow-101/.venv/lib/python3.11/site-packages/airflow/example_dags/example_params_trigger_ui.py
[2023-11-14T07:57:40.821-0300] {processor.py:829} INFO - Processing file /home/gmassoqueto/repos/apache-airflow-101/.venv/lib/python3.11/site-packages/airflow/example_dags/example_params_trigger_ui.py for tasks to queue
[2023-11-14T07:57:40.823-0300] {logging_mixin.py:154} INFO - [2023-11-14T07:57:40.822-0300] {dagbag.py:536} INFO - Filling up the DagBag from /home/gmassoqueto/repos/apache-airflow-101/.venv/lib/python3.11/site-packages/airflow/example_dags/example_params_trigger_ui.py
[2023-11-14T07:57:40.859-0300] {processor.py:839} INFO - DAG(s) dict_keys(['example_params_trigger_ui']) retrieved from /home/gmassoqueto/repos/apache-airflow-101/.venv/lib/python3.11/site-packages/airflow/example_dags/example_params_trigger_ui.py
[2023-11-14T07:57:40.891-0300] {logging_mixin.py:154} INFO - [2023-11-14T07:57:40.891-0300] {dag.py:2941} INFO - Sync 1 DAGs
[2023-11-14T07:57:40.899-0300] {logging_mixin.py:154} INFO - [2023-11-14T07:57:40.898-0300] {dag.py:3722} INFO - Setting next_dagrun for example_params_trigger_ui to None, run_after=None
[2023-11-14T07:57:40.916-0300] {processor.py:179} INFO - Processing /home/gmassoqueto/repos/apache-airflow-101/.venv/lib/python3.11/site-packages/airflow/example_dags/example_params_trigger_ui.py took 0.102 seconds
[2023-11-14T07:58:27.168-0300] {processor.py:157} INFO - Started process (PID=287446) to work on /home/gmassoqueto/repos/apache-airflow-101/.venv/lib/python3.11/site-packages/airflow/example_dags/example_params_trigger_ui.py
[2023-11-14T07:58:27.172-0300] {processor.py:829} INFO - Processing file /home/gmassoqueto/repos/apache-airflow-101/.venv/lib/python3.11/site-packages/airflow/example_dags/example_params_trigger_ui.py for tasks to queue
[2023-11-14T07:58:27.173-0300] {logging_mixin.py:154} INFO - [2023-11-14T07:58:27.172-0300] {dagbag.py:536} INFO - Filling up the DagBag from /home/gmassoqueto/repos/apache-airflow-101/.venv/lib/python3.11/site-packages/airflow/example_dags/example_params_trigger_ui.py
[2023-11-14T07:58:27.194-0300] {processor.py:839} INFO - DAG(s) dict_keys(['example_params_trigger_ui']) retrieved from /home/gmassoqueto/repos/apache-airflow-101/.venv/lib/python3.11/site-packages/airflow/example_dags/example_params_trigger_ui.py
[2023-11-14T07:58:27.227-0300] {logging_mixin.py:154} INFO - [2023-11-14T07:58:27.227-0300] {dag.py:2941} INFO - Sync 1 DAGs
[2023-11-14T07:58:27.236-0300] {logging_mixin.py:154} INFO - [2023-11-14T07:58:27.236-0300] {dag.py:3722} INFO - Setting next_dagrun for example_params_trigger_ui to None, run_after=None
[2023-11-14T07:58:27.252-0300] {processor.py:179} INFO - Processing /home/gmassoqueto/repos/apache-airflow-101/.venv/lib/python3.11/site-packages/airflow/example_dags/example_params_trigger_ui.py took 0.089 seconds
[2023-11-14T07:59:12.745-0300] {processor.py:157} INFO - Started process (PID=287581) to work on /home/gmassoqueto/repos/apache-airflow-101/.venv/lib/python3.11/site-packages/airflow/example_dags/example_params_trigger_ui.py
[2023-11-14T07:59:12.748-0300] {processor.py:829} INFO - Processing file /home/gmassoqueto/repos/apache-airflow-101/.venv/lib/python3.11/site-packages/airflow/example_dags/example_params_trigger_ui.py for tasks to queue
[2023-11-14T07:59:12.749-0300] {logging_mixin.py:154} INFO - [2023-11-14T07:59:12.749-0300] {dagbag.py:536} INFO - Filling up the DagBag from /home/gmassoqueto/repos/apache-airflow-101/.venv/lib/python3.11/site-packages/airflow/example_dags/example_params_trigger_ui.py
[2023-11-14T07:59:12.769-0300] {processor.py:839} INFO - DAG(s) dict_keys(['example_params_trigger_ui']) retrieved from /home/gmassoqueto/repos/apache-airflow-101/.venv/lib/python3.11/site-packages/airflow/example_dags/example_params_trigger_ui.py
[2023-11-14T07:59:12.806-0300] {logging_mixin.py:154} INFO - [2023-11-14T07:59:12.806-0300] {dag.py:2941} INFO - Sync 1 DAGs
[2023-11-14T07:59:12.813-0300] {logging_mixin.py:154} INFO - [2023-11-14T07:59:12.813-0300] {dag.py:3722} INFO - Setting next_dagrun for example_params_trigger_ui to None, run_after=None
[2023-11-14T07:59:12.841-0300] {processor.py:179} INFO - Processing /home/gmassoqueto/repos/apache-airflow-101/.venv/lib/python3.11/site-packages/airflow/example_dags/example_params_trigger_ui.py took 0.099 seconds
[2023-11-14T08:00:05.445-0300] {processor.py:157} INFO - Started process (PID=287695) to work on /home/gmassoqueto/repos/apache-airflow-101/.venv/lib/python3.11/site-packages/airflow/example_dags/example_params_trigger_ui.py
[2023-11-14T08:00:05.450-0300] {processor.py:829} INFO - Processing file /home/gmassoqueto/repos/apache-airflow-101/.venv/lib/python3.11/site-packages/airflow/example_dags/example_params_trigger_ui.py for tasks to queue
[2023-11-14T08:00:05.452-0300] {logging_mixin.py:154} INFO - [2023-11-14T08:00:05.451-0300] {dagbag.py:536} INFO - Filling up the DagBag from /home/gmassoqueto/repos/apache-airflow-101/.venv/lib/python3.11/site-packages/airflow/example_dags/example_params_trigger_ui.py
[2023-11-14T08:00:05.487-0300] {processor.py:839} INFO - DAG(s) dict_keys(['example_params_trigger_ui']) retrieved from /home/gmassoqueto/repos/apache-airflow-101/.venv/lib/python3.11/site-packages/airflow/example_dags/example_params_trigger_ui.py
[2023-11-14T08:00:05.524-0300] {logging_mixin.py:154} INFO - [2023-11-14T08:00:05.524-0300] {dag.py:2941} INFO - Sync 1 DAGs
[2023-11-14T08:00:05.532-0300] {logging_mixin.py:154} INFO - [2023-11-14T08:00:05.532-0300] {dag.py:3722} INFO - Setting next_dagrun for example_params_trigger_ui to None, run_after=None
[2023-11-14T08:00:05.560-0300] {processor.py:179} INFO - Processing /home/gmassoqueto/repos/apache-airflow-101/.venv/lib/python3.11/site-packages/airflow/example_dags/example_params_trigger_ui.py took 0.123 seconds
[2023-11-14T08:00:57.076-0300] {processor.py:157} INFO - Started process (PID=287853) to work on /home/gmassoqueto/repos/apache-airflow-101/.venv/lib/python3.11/site-packages/airflow/example_dags/example_params_trigger_ui.py
[2023-11-14T08:00:57.077-0300] {processor.py:829} INFO - Processing file /home/gmassoqueto/repos/apache-airflow-101/.venv/lib/python3.11/site-packages/airflow/example_dags/example_params_trigger_ui.py for tasks to queue
[2023-11-14T08:00:57.077-0300] {logging_mixin.py:154} INFO - [2023-11-14T08:00:57.077-0300] {dagbag.py:536} INFO - Filling up the DagBag from /home/gmassoqueto/repos/apache-airflow-101/.venv/lib/python3.11/site-packages/airflow/example_dags/example_params_trigger_ui.py
[2023-11-14T08:00:57.093-0300] {processor.py:839} INFO - DAG(s) dict_keys(['example_params_trigger_ui']) retrieved from /home/gmassoqueto/repos/apache-airflow-101/.venv/lib/python3.11/site-packages/airflow/example_dags/example_params_trigger_ui.py
[2023-11-14T08:00:57.142-0300] {logging_mixin.py:154} INFO - [2023-11-14T08:00:57.142-0300] {dag.py:2941} INFO - Sync 1 DAGs
[2023-11-14T08:00:57.155-0300] {logging_mixin.py:154} INFO - [2023-11-14T08:00:57.155-0300] {dag.py:3722} INFO - Setting next_dagrun for example_params_trigger_ui to None, run_after=None
[2023-11-14T08:00:57.201-0300] {processor.py:179} INFO - Processing /home/gmassoqueto/repos/apache-airflow-101/.venv/lib/python3.11/site-packages/airflow/example_dags/example_params_trigger_ui.py took 0.127 seconds
[2023-11-14T08:01:43.678-0300] {processor.py:157} INFO - Started process (PID=288059) to work on /home/gmassoqueto/repos/apache-airflow-101/.venv/lib/python3.11/site-packages/airflow/example_dags/example_params_trigger_ui.py
[2023-11-14T08:01:43.680-0300] {processor.py:829} INFO - Processing file /home/gmassoqueto/repos/apache-airflow-101/.venv/lib/python3.11/site-packages/airflow/example_dags/example_params_trigger_ui.py for tasks to queue
[2023-11-14T08:01:43.681-0300] {logging_mixin.py:154} INFO - [2023-11-14T08:01:43.681-0300] {dagbag.py:536} INFO - Filling up the DagBag from /home/gmassoqueto/repos/apache-airflow-101/.venv/lib/python3.11/site-packages/airflow/example_dags/example_params_trigger_ui.py
[2023-11-14T08:01:43.702-0300] {processor.py:839} INFO - DAG(s) dict_keys(['example_params_trigger_ui']) retrieved from /home/gmassoqueto/repos/apache-airflow-101/.venv/lib/python3.11/site-packages/airflow/example_dags/example_params_trigger_ui.py
[2023-11-14T08:01:43.753-0300] {logging_mixin.py:154} INFO - [2023-11-14T08:01:43.753-0300] {dag.py:2941} INFO - Sync 1 DAGs
[2023-11-14T08:01:43.765-0300] {logging_mixin.py:154} INFO - [2023-11-14T08:01:43.765-0300] {dag.py:3722} INFO - Setting next_dagrun for example_params_trigger_ui to None, run_after=None
[2023-11-14T08:01:43.785-0300] {processor.py:179} INFO - Processing /home/gmassoqueto/repos/apache-airflow-101/.venv/lib/python3.11/site-packages/airflow/example_dags/example_params_trigger_ui.py took 0.115 seconds
[2023-11-14T08:02:32.584-0300] {processor.py:157} INFO - Started process (PID=288172) to work on /home/gmassoqueto/repos/apache-airflow-101/.venv/lib/python3.11/site-packages/airflow/example_dags/example_params_trigger_ui.py
[2023-11-14T08:02:32.588-0300] {processor.py:829} INFO - Processing file /home/gmassoqueto/repos/apache-airflow-101/.venv/lib/python3.11/site-packages/airflow/example_dags/example_params_trigger_ui.py for tasks to queue
[2023-11-14T08:02:32.589-0300] {logging_mixin.py:154} INFO - [2023-11-14T08:02:32.588-0300] {dagbag.py:536} INFO - Filling up the DagBag from /home/gmassoqueto/repos/apache-airflow-101/.venv/lib/python3.11/site-packages/airflow/example_dags/example_params_trigger_ui.py
[2023-11-14T08:02:32.609-0300] {processor.py:839} INFO - DAG(s) dict_keys(['example_params_trigger_ui']) retrieved from /home/gmassoqueto/repos/apache-airflow-101/.venv/lib/python3.11/site-packages/airflow/example_dags/example_params_trigger_ui.py
[2023-11-14T08:02:32.642-0300] {logging_mixin.py:154} INFO - [2023-11-14T08:02:32.642-0300] {dag.py:2941} INFO - Sync 1 DAGs
[2023-11-14T08:02:32.649-0300] {logging_mixin.py:154} INFO - [2023-11-14T08:02:32.649-0300] {dag.py:3722} INFO - Setting next_dagrun for example_params_trigger_ui to None, run_after=None
[2023-11-14T08:02:32.666-0300] {processor.py:179} INFO - Processing /home/gmassoqueto/repos/apache-airflow-101/.venv/lib/python3.11/site-packages/airflow/example_dags/example_params_trigger_ui.py took 0.084 seconds
[2023-11-14T08:03:21.507-0300] {processor.py:157} INFO - Started process (PID=288386) to work on /home/gmassoqueto/repos/apache-airflow-101/.venv/lib/python3.11/site-packages/airflow/example_dags/example_params_trigger_ui.py
[2023-11-14T08:03:21.511-0300] {processor.py:829} INFO - Processing file /home/gmassoqueto/repos/apache-airflow-101/.venv/lib/python3.11/site-packages/airflow/example_dags/example_params_trigger_ui.py for tasks to queue
[2023-11-14T08:03:21.512-0300] {logging_mixin.py:154} INFO - [2023-11-14T08:03:21.512-0300] {dagbag.py:536} INFO - Filling up the DagBag from /home/gmassoqueto/repos/apache-airflow-101/.venv/lib/python3.11/site-packages/airflow/example_dags/example_params_trigger_ui.py
[2023-11-14T08:03:21.526-0300] {processor.py:839} INFO - DAG(s) dict_keys(['example_params_trigger_ui']) retrieved from /home/gmassoqueto/repos/apache-airflow-101/.venv/lib/python3.11/site-packages/airflow/example_dags/example_params_trigger_ui.py
[2023-11-14T08:03:21.554-0300] {logging_mixin.py:154} INFO - [2023-11-14T08:03:21.554-0300] {dag.py:2941} INFO - Sync 1 DAGs
[2023-11-14T08:03:21.561-0300] {logging_mixin.py:154} INFO - [2023-11-14T08:03:21.561-0300] {dag.py:3722} INFO - Setting next_dagrun for example_params_trigger_ui to None, run_after=None
[2023-11-14T08:03:21.584-0300] {processor.py:179} INFO - Processing /home/gmassoqueto/repos/apache-airflow-101/.venv/lib/python3.11/site-packages/airflow/example_dags/example_params_trigger_ui.py took 0.079 seconds
[2023-11-14T08:04:10.545-0300] {processor.py:157} INFO - Started process (PID=288830) to work on /home/gmassoqueto/repos/apache-airflow-101/.venv/lib/python3.11/site-packages/airflow/example_dags/example_params_trigger_ui.py
[2023-11-14T08:04:10.549-0300] {processor.py:829} INFO - Processing file /home/gmassoqueto/repos/apache-airflow-101/.venv/lib/python3.11/site-packages/airflow/example_dags/example_params_trigger_ui.py for tasks to queue
[2023-11-14T08:04:10.549-0300] {logging_mixin.py:154} INFO - [2023-11-14T08:04:10.549-0300] {dagbag.py:536} INFO - Filling up the DagBag from /home/gmassoqueto/repos/apache-airflow-101/.venv/lib/python3.11/site-packages/airflow/example_dags/example_params_trigger_ui.py
[2023-11-14T08:04:10.567-0300] {processor.py:839} INFO - DAG(s) dict_keys(['example_params_trigger_ui']) retrieved from /home/gmassoqueto/repos/apache-airflow-101/.venv/lib/python3.11/site-packages/airflow/example_dags/example_params_trigger_ui.py
[2023-11-14T08:04:10.601-0300] {logging_mixin.py:154} INFO - [2023-11-14T08:04:10.601-0300] {dag.py:2941} INFO - Sync 1 DAGs
[2023-11-14T08:04:10.609-0300] {logging_mixin.py:154} INFO - [2023-11-14T08:04:10.609-0300] {dag.py:3722} INFO - Setting next_dagrun for example_params_trigger_ui to None, run_after=None
[2023-11-14T08:04:10.635-0300] {processor.py:179} INFO - Processing /home/gmassoqueto/repos/apache-airflow-101/.venv/lib/python3.11/site-packages/airflow/example_dags/example_params_trigger_ui.py took 0.093 seconds
[2023-11-14T08:05:02.572-0300] {processor.py:157} INFO - Started process (PID=288994) to work on /home/gmassoqueto/repos/apache-airflow-101/.venv/lib/python3.11/site-packages/airflow/example_dags/example_params_trigger_ui.py
[2023-11-14T08:05:02.577-0300] {processor.py:829} INFO - Processing file /home/gmassoqueto/repos/apache-airflow-101/.venv/lib/python3.11/site-packages/airflow/example_dags/example_params_trigger_ui.py for tasks to queue
[2023-11-14T08:05:02.580-0300] {logging_mixin.py:154} INFO - [2023-11-14T08:05:02.579-0300] {dagbag.py:536} INFO - Filling up the DagBag from /home/gmassoqueto/repos/apache-airflow-101/.venv/lib/python3.11/site-packages/airflow/example_dags/example_params_trigger_ui.py
[2023-11-14T08:05:02.612-0300] {processor.py:839} INFO - DAG(s) dict_keys(['example_params_trigger_ui']) retrieved from /home/gmassoqueto/repos/apache-airflow-101/.venv/lib/python3.11/site-packages/airflow/example_dags/example_params_trigger_ui.py
[2023-11-14T08:05:02.643-0300] {logging_mixin.py:154} INFO - [2023-11-14T08:05:02.643-0300] {dag.py:2941} INFO - Sync 1 DAGs
[2023-11-14T08:05:02.651-0300] {logging_mixin.py:154} INFO - [2023-11-14T08:05:02.651-0300] {dag.py:3722} INFO - Setting next_dagrun for example_params_trigger_ui to None, run_after=None
[2023-11-14T08:05:02.666-0300] {processor.py:179} INFO - Processing /home/gmassoqueto/repos/apache-airflow-101/.venv/lib/python3.11/site-packages/airflow/example_dags/example_params_trigger_ui.py took 0.097 seconds
[2023-11-14T08:05:50.051-0300] {processor.py:157} INFO - Started process (PID=289090) to work on /home/gmassoqueto/repos/apache-airflow-101/.venv/lib/python3.11/site-packages/airflow/example_dags/example_params_trigger_ui.py
[2023-11-14T08:05:50.055-0300] {processor.py:829} INFO - Processing file /home/gmassoqueto/repos/apache-airflow-101/.venv/lib/python3.11/site-packages/airflow/example_dags/example_params_trigger_ui.py for tasks to queue
[2023-11-14T08:05:50.055-0300] {logging_mixin.py:154} INFO - [2023-11-14T08:05:50.055-0300] {dagbag.py:536} INFO - Filling up the DagBag from /home/gmassoqueto/repos/apache-airflow-101/.venv/lib/python3.11/site-packages/airflow/example_dags/example_params_trigger_ui.py
[2023-11-14T08:05:50.065-0300] {processor.py:839} INFO - DAG(s) dict_keys(['example_params_trigger_ui']) retrieved from /home/gmassoqueto/repos/apache-airflow-101/.venv/lib/python3.11/site-packages/airflow/example_dags/example_params_trigger_ui.py
[2023-11-14T08:05:50.091-0300] {logging_mixin.py:154} INFO - [2023-11-14T08:05:50.091-0300] {dag.py:2941} INFO - Sync 1 DAGs
[2023-11-14T08:05:50.098-0300] {logging_mixin.py:154} INFO - [2023-11-14T08:05:50.098-0300] {dag.py:3722} INFO - Setting next_dagrun for example_params_trigger_ui to None, run_after=None
[2023-11-14T08:05:50.115-0300] {processor.py:179} INFO - Processing /home/gmassoqueto/repos/apache-airflow-101/.venv/lib/python3.11/site-packages/airflow/example_dags/example_params_trigger_ui.py took 0.065 seconds
[2023-11-14T08:06:38.029-0300] {processor.py:157} INFO - Started process (PID=289229) to work on /home/gmassoqueto/repos/apache-airflow-101/.venv/lib/python3.11/site-packages/airflow/example_dags/example_params_trigger_ui.py
[2023-11-14T08:06:38.033-0300] {processor.py:829} INFO - Processing file /home/gmassoqueto/repos/apache-airflow-101/.venv/lib/python3.11/site-packages/airflow/example_dags/example_params_trigger_ui.py for tasks to queue
[2023-11-14T08:06:38.035-0300] {logging_mixin.py:154} INFO - [2023-11-14T08:06:38.034-0300] {dagbag.py:536} INFO - Filling up the DagBag from /home/gmassoqueto/repos/apache-airflow-101/.venv/lib/python3.11/site-packages/airflow/example_dags/example_params_trigger_ui.py
[2023-11-14T08:06:38.070-0300] {processor.py:839} INFO - DAG(s) dict_keys(['example_params_trigger_ui']) retrieved from /home/gmassoqueto/repos/apache-airflow-101/.venv/lib/python3.11/site-packages/airflow/example_dags/example_params_trigger_ui.py
[2023-11-14T08:06:38.103-0300] {logging_mixin.py:154} INFO - [2023-11-14T08:06:38.103-0300] {dag.py:2941} INFO - Sync 1 DAGs
[2023-11-14T08:06:38.110-0300] {logging_mixin.py:154} INFO - [2023-11-14T08:06:38.110-0300] {dag.py:3722} INFO - Setting next_dagrun for example_params_trigger_ui to None, run_after=None
[2023-11-14T08:06:38.126-0300] {processor.py:179} INFO - Processing /home/gmassoqueto/repos/apache-airflow-101/.venv/lib/python3.11/site-packages/airflow/example_dags/example_params_trigger_ui.py took 0.099 seconds
[2023-11-14T08:07:26.439-0300] {processor.py:157} INFO - Started process (PID=289404) to work on /home/gmassoqueto/repos/apache-airflow-101/.venv/lib/python3.11/site-packages/airflow/example_dags/example_params_trigger_ui.py
[2023-11-14T08:07:26.443-0300] {processor.py:829} INFO - Processing file /home/gmassoqueto/repos/apache-airflow-101/.venv/lib/python3.11/site-packages/airflow/example_dags/example_params_trigger_ui.py for tasks to queue
[2023-11-14T08:07:26.445-0300] {logging_mixin.py:154} INFO - [2023-11-14T08:07:26.444-0300] {dagbag.py:536} INFO - Filling up the DagBag from /home/gmassoqueto/repos/apache-airflow-101/.venv/lib/python3.11/site-packages/airflow/example_dags/example_params_trigger_ui.py
[2023-11-14T08:07:26.469-0300] {processor.py:839} INFO - DAG(s) dict_keys(['example_params_trigger_ui']) retrieved from /home/gmassoqueto/repos/apache-airflow-101/.venv/lib/python3.11/site-packages/airflow/example_dags/example_params_trigger_ui.py
[2023-11-14T08:07:26.517-0300] {logging_mixin.py:154} INFO - [2023-11-14T08:07:26.517-0300] {dag.py:2941} INFO - Sync 1 DAGs
[2023-11-14T08:07:26.530-0300] {logging_mixin.py:154} INFO - [2023-11-14T08:07:26.530-0300] {dag.py:3722} INFO - Setting next_dagrun for example_params_trigger_ui to None, run_after=None
[2023-11-14T08:07:26.553-0300] {processor.py:179} INFO - Processing /home/gmassoqueto/repos/apache-airflow-101/.venv/lib/python3.11/site-packages/airflow/example_dags/example_params_trigger_ui.py took 0.118 seconds
[2023-11-14T08:08:34.593-0300] {processor.py:157} INFO - Started process (PID=289851) to work on /home/gmassoqueto/repos/apache-airflow-101/.venv/lib/python3.11/site-packages/airflow/example_dags/example_params_trigger_ui.py
[2023-11-14T08:08:34.599-0300] {processor.py:829} INFO - Processing file /home/gmassoqueto/repos/apache-airflow-101/.venv/lib/python3.11/site-packages/airflow/example_dags/example_params_trigger_ui.py for tasks to queue
[2023-11-14T08:08:34.601-0300] {logging_mixin.py:154} INFO - [2023-11-14T08:08:34.600-0300] {dagbag.py:536} INFO - Filling up the DagBag from /home/gmassoqueto/repos/apache-airflow-101/.venv/lib/python3.11/site-packages/airflow/example_dags/example_params_trigger_ui.py
[2023-11-14T08:08:34.629-0300] {processor.py:839} INFO - DAG(s) dict_keys(['example_params_trigger_ui']) retrieved from /home/gmassoqueto/repos/apache-airflow-101/.venv/lib/python3.11/site-packages/airflow/example_dags/example_params_trigger_ui.py
[2023-11-14T08:08:34.666-0300] {logging_mixin.py:154} INFO - [2023-11-14T08:08:34.666-0300] {dag.py:2941} INFO - Sync 1 DAGs
[2023-11-14T08:08:34.676-0300] {logging_mixin.py:154} INFO - [2023-11-14T08:08:34.676-0300] {dag.py:2963} INFO - Creating ORM DAG for example_params_trigger_ui
[2023-11-14T08:08:34.677-0300] {logging_mixin.py:154} INFO - [2023-11-14T08:08:34.677-0300] {dag.py:3722} INFO - Setting next_dagrun for example_params_trigger_ui to None, run_after=None
[2023-11-14T08:08:34.695-0300] {processor.py:179} INFO - Processing /home/gmassoqueto/repos/apache-airflow-101/.venv/lib/python3.11/site-packages/airflow/example_dags/example_params_trigger_ui.py took 0.111 seconds
[2023-11-14T08:10:17.471-0300] {processor.py:157} INFO - Started process (PID=290683) to work on /home/gmassoqueto/repos/apache-airflow-101/.venv/lib/python3.11/site-packages/airflow/example_dags/example_params_trigger_ui.py
[2023-11-14T08:10:17.476-0300] {processor.py:829} INFO - Processing file /home/gmassoqueto/repos/apache-airflow-101/.venv/lib/python3.11/site-packages/airflow/example_dags/example_params_trigger_ui.py for tasks to queue
[2023-11-14T08:10:17.477-0300] {logging_mixin.py:154} INFO - [2023-11-14T08:10:17.476-0300] {dagbag.py:536} INFO - Filling up the DagBag from /home/gmassoqueto/repos/apache-airflow-101/.venv/lib/python3.11/site-packages/airflow/example_dags/example_params_trigger_ui.py
[2023-11-14T08:10:17.496-0300] {processor.py:839} INFO - DAG(s) dict_keys(['example_params_trigger_ui']) retrieved from /home/gmassoqueto/repos/apache-airflow-101/.venv/lib/python3.11/site-packages/airflow/example_dags/example_params_trigger_ui.py
[2023-11-14T08:10:17.528-0300] {logging_mixin.py:154} INFO - [2023-11-14T08:10:17.528-0300] {dag.py:2941} INFO - Sync 1 DAGs
[2023-11-14T08:10:17.535-0300] {logging_mixin.py:154} INFO - [2023-11-14T08:10:17.535-0300] {dag.py:3722} INFO - Setting next_dagrun for example_params_trigger_ui to None, run_after=None
[2023-11-14T08:10:17.552-0300] {processor.py:179} INFO - Processing /home/gmassoqueto/repos/apache-airflow-101/.venv/lib/python3.11/site-packages/airflow/example_dags/example_params_trigger_ui.py took 0.088 seconds
[2023-11-14T08:11:05.138-0300] {processor.py:157} INFO - Started process (PID=291134) to work on /home/gmassoqueto/repos/apache-airflow-101/.venv/lib/python3.11/site-packages/airflow/example_dags/example_params_trigger_ui.py
[2023-11-14T08:11:05.142-0300] {processor.py:829} INFO - Processing file /home/gmassoqueto/repos/apache-airflow-101/.venv/lib/python3.11/site-packages/airflow/example_dags/example_params_trigger_ui.py for tasks to queue
[2023-11-14T08:11:05.144-0300] {logging_mixin.py:154} INFO - [2023-11-14T08:11:05.143-0300] {dagbag.py:536} INFO - Filling up the DagBag from /home/gmassoqueto/repos/apache-airflow-101/.venv/lib/python3.11/site-packages/airflow/example_dags/example_params_trigger_ui.py
[2023-11-14T08:11:05.174-0300] {processor.py:839} INFO - DAG(s) dict_keys(['example_params_trigger_ui']) retrieved from /home/gmassoqueto/repos/apache-airflow-101/.venv/lib/python3.11/site-packages/airflow/example_dags/example_params_trigger_ui.py
[2023-11-14T08:11:05.207-0300] {logging_mixin.py:154} INFO - [2023-11-14T08:11:05.207-0300] {dag.py:2941} INFO - Sync 1 DAGs
[2023-11-14T08:11:05.214-0300] {logging_mixin.py:154} INFO - [2023-11-14T08:11:05.214-0300] {dag.py:3722} INFO - Setting next_dagrun for example_params_trigger_ui to None, run_after=None
[2023-11-14T08:11:05.239-0300] {processor.py:179} INFO - Processing /home/gmassoqueto/repos/apache-airflow-101/.venv/lib/python3.11/site-packages/airflow/example_dags/example_params_trigger_ui.py took 0.103 seconds
[2023-11-14T08:11:53.192-0300] {processor.py:157} INFO - Started process (PID=291265) to work on /home/gmassoqueto/repos/apache-airflow-101/.venv/lib/python3.11/site-packages/airflow/example_dags/example_params_trigger_ui.py
[2023-11-14T08:11:53.193-0300] {processor.py:829} INFO - Processing file /home/gmassoqueto/repos/apache-airflow-101/.venv/lib/python3.11/site-packages/airflow/example_dags/example_params_trigger_ui.py for tasks to queue
[2023-11-14T08:11:53.194-0300] {logging_mixin.py:154} INFO - [2023-11-14T08:11:53.194-0300] {dagbag.py:536} INFO - Filling up the DagBag from /home/gmassoqueto/repos/apache-airflow-101/.venv/lib/python3.11/site-packages/airflow/example_dags/example_params_trigger_ui.py
[2023-11-14T08:11:53.210-0300] {processor.py:839} INFO - DAG(s) dict_keys(['example_params_trigger_ui']) retrieved from /home/gmassoqueto/repos/apache-airflow-101/.venv/lib/python3.11/site-packages/airflow/example_dags/example_params_trigger_ui.py
[2023-11-14T08:11:53.242-0300] {logging_mixin.py:154} INFO - [2023-11-14T08:11:53.242-0300] {dag.py:2941} INFO - Sync 1 DAGs
[2023-11-14T08:11:53.249-0300] {logging_mixin.py:154} INFO - [2023-11-14T08:11:53.249-0300] {dag.py:3722} INFO - Setting next_dagrun for example_params_trigger_ui to None, run_after=None
[2023-11-14T08:11:53.265-0300] {processor.py:179} INFO - Processing /home/gmassoqueto/repos/apache-airflow-101/.venv/lib/python3.11/site-packages/airflow/example_dags/example_params_trigger_ui.py took 0.075 seconds
[2023-11-14T08:12:40.449-0300] {processor.py:157} INFO - Started process (PID=291490) to work on /home/gmassoqueto/repos/apache-airflow-101/.venv/lib/python3.11/site-packages/airflow/example_dags/example_params_trigger_ui.py
[2023-11-14T08:12:40.450-0300] {processor.py:829} INFO - Processing file /home/gmassoqueto/repos/apache-airflow-101/.venv/lib/python3.11/site-packages/airflow/example_dags/example_params_trigger_ui.py for tasks to queue
[2023-11-14T08:12:40.451-0300] {logging_mixin.py:154} INFO - [2023-11-14T08:12:40.451-0300] {dagbag.py:536} INFO - Filling up the DagBag from /home/gmassoqueto/repos/apache-airflow-101/.venv/lib/python3.11/site-packages/airflow/example_dags/example_params_trigger_ui.py
[2023-11-14T08:12:40.467-0300] {processor.py:839} INFO - DAG(s) dict_keys(['example_params_trigger_ui']) retrieved from /home/gmassoqueto/repos/apache-airflow-101/.venv/lib/python3.11/site-packages/airflow/example_dags/example_params_trigger_ui.py
[2023-11-14T08:12:40.499-0300] {logging_mixin.py:154} INFO - [2023-11-14T08:12:40.499-0300] {dag.py:2941} INFO - Sync 1 DAGs
[2023-11-14T08:12:40.506-0300] {logging_mixin.py:154} INFO - [2023-11-14T08:12:40.506-0300] {dag.py:3722} INFO - Setting next_dagrun for example_params_trigger_ui to None, run_after=None
[2023-11-14T08:12:40.532-0300] {processor.py:179} INFO - Processing /home/gmassoqueto/repos/apache-airflow-101/.venv/lib/python3.11/site-packages/airflow/example_dags/example_params_trigger_ui.py took 0.086 seconds
[2023-11-14T08:13:26.740-0300] {processor.py:157} INFO - Started process (PID=291620) to work on /home/gmassoqueto/repos/apache-airflow-101/.venv/lib/python3.11/site-packages/airflow/example_dags/example_params_trigger_ui.py
[2023-11-14T08:13:26.744-0300] {processor.py:829} INFO - Processing file /home/gmassoqueto/repos/apache-airflow-101/.venv/lib/python3.11/site-packages/airflow/example_dags/example_params_trigger_ui.py for tasks to queue
[2023-11-14T08:13:26.746-0300] {logging_mixin.py:154} INFO - [2023-11-14T08:13:26.745-0300] {dagbag.py:536} INFO - Filling up the DagBag from /home/gmassoqueto/repos/apache-airflow-101/.venv/lib/python3.11/site-packages/airflow/example_dags/example_params_trigger_ui.py
[2023-11-14T08:13:26.781-0300] {processor.py:839} INFO - DAG(s) dict_keys(['example_params_trigger_ui']) retrieved from /home/gmassoqueto/repos/apache-airflow-101/.venv/lib/python3.11/site-packages/airflow/example_dags/example_params_trigger_ui.py
[2023-11-14T08:13:26.813-0300] {logging_mixin.py:154} INFO - [2023-11-14T08:13:26.813-0300] {dag.py:2941} INFO - Sync 1 DAGs
[2023-11-14T08:13:26.820-0300] {logging_mixin.py:154} INFO - [2023-11-14T08:13:26.820-0300] {dag.py:3722} INFO - Setting next_dagrun for example_params_trigger_ui to None, run_after=None
[2023-11-14T08:13:26.836-0300] {processor.py:179} INFO - Processing /home/gmassoqueto/repos/apache-airflow-101/.venv/lib/python3.11/site-packages/airflow/example_dags/example_params_trigger_ui.py took 0.098 seconds
[2023-11-14T08:14:12.159-0300] {processor.py:157} INFO - Started process (PID=291708) to work on /home/gmassoqueto/repos/apache-airflow-101/.venv/lib/python3.11/site-packages/airflow/example_dags/example_params_trigger_ui.py
[2023-11-14T08:14:12.162-0300] {processor.py:829} INFO - Processing file /home/gmassoqueto/repos/apache-airflow-101/.venv/lib/python3.11/site-packages/airflow/example_dags/example_params_trigger_ui.py for tasks to queue
[2023-11-14T08:14:12.163-0300] {logging_mixin.py:154} INFO - [2023-11-14T08:14:12.163-0300] {dagbag.py:536} INFO - Filling up the DagBag from /home/gmassoqueto/repos/apache-airflow-101/.venv/lib/python3.11/site-packages/airflow/example_dags/example_params_trigger_ui.py
[2023-11-14T08:14:12.182-0300] {processor.py:839} INFO - DAG(s) dict_keys(['example_params_trigger_ui']) retrieved from /home/gmassoqueto/repos/apache-airflow-101/.venv/lib/python3.11/site-packages/airflow/example_dags/example_params_trigger_ui.py
[2023-11-14T08:14:12.216-0300] {logging_mixin.py:154} INFO - [2023-11-14T08:14:12.215-0300] {dag.py:2941} INFO - Sync 1 DAGs
[2023-11-14T08:14:12.223-0300] {logging_mixin.py:154} INFO - [2023-11-14T08:14:12.223-0300] {dag.py:3722} INFO - Setting next_dagrun for example_params_trigger_ui to None, run_after=None
[2023-11-14T08:14:12.239-0300] {processor.py:179} INFO - Processing /home/gmassoqueto/repos/apache-airflow-101/.venv/lib/python3.11/site-packages/airflow/example_dags/example_params_trigger_ui.py took 0.084 seconds
[2023-11-14T08:15:00.908-0300] {processor.py:157} INFO - Started process (PID=291873) to work on /home/gmassoqueto/repos/apache-airflow-101/.venv/lib/python3.11/site-packages/airflow/example_dags/example_params_trigger_ui.py
[2023-11-14T08:15:00.912-0300] {processor.py:829} INFO - Processing file /home/gmassoqueto/repos/apache-airflow-101/.venv/lib/python3.11/site-packages/airflow/example_dags/example_params_trigger_ui.py for tasks to queue
[2023-11-14T08:15:00.913-0300] {logging_mixin.py:154} INFO - [2023-11-14T08:15:00.912-0300] {dagbag.py:536} INFO - Filling up the DagBag from /home/gmassoqueto/repos/apache-airflow-101/.venv/lib/python3.11/site-packages/airflow/example_dags/example_params_trigger_ui.py
[2023-11-14T08:15:00.929-0300] {processor.py:839} INFO - DAG(s) dict_keys(['example_params_trigger_ui']) retrieved from /home/gmassoqueto/repos/apache-airflow-101/.venv/lib/python3.11/site-packages/airflow/example_dags/example_params_trigger_ui.py
[2023-11-14T08:15:00.960-0300] {logging_mixin.py:154} INFO - [2023-11-14T08:15:00.960-0300] {dag.py:2941} INFO - Sync 1 DAGs
[2023-11-14T08:15:00.967-0300] {logging_mixin.py:154} INFO - [2023-11-14T08:15:00.967-0300] {dag.py:3722} INFO - Setting next_dagrun for example_params_trigger_ui to None, run_after=None
[2023-11-14T08:15:00.984-0300] {processor.py:179} INFO - Processing /home/gmassoqueto/repos/apache-airflow-101/.venv/lib/python3.11/site-packages/airflow/example_dags/example_params_trigger_ui.py took 0.078 seconds
[2023-11-14T08:15:48.289-0300] {processor.py:157} INFO - Started process (PID=291959) to work on /home/gmassoqueto/repos/apache-airflow-101/.venv/lib/python3.11/site-packages/airflow/example_dags/example_params_trigger_ui.py
[2023-11-14T08:15:48.294-0300] {processor.py:829} INFO - Processing file /home/gmassoqueto/repos/apache-airflow-101/.venv/lib/python3.11/site-packages/airflow/example_dags/example_params_trigger_ui.py for tasks to queue
[2023-11-14T08:15:48.296-0300] {logging_mixin.py:154} INFO - [2023-11-14T08:15:48.295-0300] {dagbag.py:536} INFO - Filling up the DagBag from /home/gmassoqueto/repos/apache-airflow-101/.venv/lib/python3.11/site-packages/airflow/example_dags/example_params_trigger_ui.py
[2023-11-14T08:15:48.329-0300] {processor.py:839} INFO - DAG(s) dict_keys(['example_params_trigger_ui']) retrieved from /home/gmassoqueto/repos/apache-airflow-101/.venv/lib/python3.11/site-packages/airflow/example_dags/example_params_trigger_ui.py
[2023-11-14T08:15:48.361-0300] {logging_mixin.py:154} INFO - [2023-11-14T08:15:48.361-0300] {dag.py:2941} INFO - Sync 1 DAGs
[2023-11-14T08:15:48.369-0300] {logging_mixin.py:154} INFO - [2023-11-14T08:15:48.369-0300] {dag.py:3722} INFO - Setting next_dagrun for example_params_trigger_ui to None, run_after=None
[2023-11-14T08:15:48.385-0300] {processor.py:179} INFO - Processing /home/gmassoqueto/repos/apache-airflow-101/.venv/lib/python3.11/site-packages/airflow/example_dags/example_params_trigger_ui.py took 0.098 seconds
[2023-11-14T08:16:37.435-0300] {processor.py:157} INFO - Started process (PID=292040) to work on /home/gmassoqueto/repos/apache-airflow-101/.venv/lib/python3.11/site-packages/airflow/example_dags/example_params_trigger_ui.py
[2023-11-14T08:16:37.440-0300] {processor.py:829} INFO - Processing file /home/gmassoqueto/repos/apache-airflow-101/.venv/lib/python3.11/site-packages/airflow/example_dags/example_params_trigger_ui.py for tasks to queue
[2023-11-14T08:16:37.441-0300] {logging_mixin.py:154} INFO - [2023-11-14T08:16:37.440-0300] {dagbag.py:536} INFO - Filling up the DagBag from /home/gmassoqueto/repos/apache-airflow-101/.venv/lib/python3.11/site-packages/airflow/example_dags/example_params_trigger_ui.py
[2023-11-14T08:16:37.476-0300] {processor.py:839} INFO - DAG(s) dict_keys(['example_params_trigger_ui']) retrieved from /home/gmassoqueto/repos/apache-airflow-101/.venv/lib/python3.11/site-packages/airflow/example_dags/example_params_trigger_ui.py
[2023-11-14T08:16:37.511-0300] {logging_mixin.py:154} INFO - [2023-11-14T08:16:37.510-0300] {dag.py:2941} INFO - Sync 1 DAGs
[2023-11-14T08:16:37.518-0300] {logging_mixin.py:154} INFO - [2023-11-14T08:16:37.518-0300] {dag.py:3722} INFO - Setting next_dagrun for example_params_trigger_ui to None, run_after=None
[2023-11-14T08:16:37.535-0300] {processor.py:179} INFO - Processing /home/gmassoqueto/repos/apache-airflow-101/.venv/lib/python3.11/site-packages/airflow/example_dags/example_params_trigger_ui.py took 0.102 seconds
[2023-11-14T08:17:28.166-0300] {processor.py:157} INFO - Started process (PID=292134) to work on /home/gmassoqueto/repos/apache-airflow-101/.venv/lib/python3.11/site-packages/airflow/example_dags/example_params_trigger_ui.py
[2023-11-14T08:17:28.170-0300] {processor.py:829} INFO - Processing file /home/gmassoqueto/repos/apache-airflow-101/.venv/lib/python3.11/site-packages/airflow/example_dags/example_params_trigger_ui.py for tasks to queue
[2023-11-14T08:17:28.170-0300] {logging_mixin.py:154} INFO - [2023-11-14T08:17:28.170-0300] {dagbag.py:536} INFO - Filling up the DagBag from /home/gmassoqueto/repos/apache-airflow-101/.venv/lib/python3.11/site-packages/airflow/example_dags/example_params_trigger_ui.py
[2023-11-14T08:17:28.184-0300] {processor.py:839} INFO - DAG(s) dict_keys(['example_params_trigger_ui']) retrieved from /home/gmassoqueto/repos/apache-airflow-101/.venv/lib/python3.11/site-packages/airflow/example_dags/example_params_trigger_ui.py
[2023-11-14T08:17:28.213-0300] {logging_mixin.py:154} INFO - [2023-11-14T08:17:28.213-0300] {dag.py:2941} INFO - Sync 1 DAGs
[2023-11-14T08:17:28.220-0300] {logging_mixin.py:154} INFO - [2023-11-14T08:17:28.220-0300] {dag.py:3722} INFO - Setting next_dagrun for example_params_trigger_ui to None, run_after=None
[2023-11-14T08:17:28.236-0300] {processor.py:179} INFO - Processing /home/gmassoqueto/repos/apache-airflow-101/.venv/lib/python3.11/site-packages/airflow/example_dags/example_params_trigger_ui.py took 0.073 seconds
