[2023-11-14T07:03:48.020-0300] {processor.py:157} INFO - Started process (PID=284800) to work on /home/gmassoqueto/repos/apache-airflow-101/.venv/lib/python3.11/site-packages/airflow/example_dags/example_dynamic_task_mapping.py
[2023-11-14T07:03:48.021-0300] {processor.py:829} INFO - Processing file /home/gmassoqueto/repos/apache-airflow-101/.venv/lib/python3.11/site-packages/airflow/example_dags/example_dynamic_task_mapping.py for tasks to queue
[2023-11-14T07:03:48.023-0300] {logging_mixin.py:154} INFO - [2023-11-14T07:03:48.022-0300] {dagbag.py:536} INFO - Filling up the DagBag from /home/gmassoqueto/repos/apache-airflow-101/.venv/lib/python3.11/site-packages/airflow/example_dags/example_dynamic_task_mapping.py
[2023-11-14T07:03:48.038-0300] {processor.py:839} INFO - DAG(s) dict_keys(['example_dynamic_task_mapping']) retrieved from /home/gmassoqueto/repos/apache-airflow-101/.venv/lib/python3.11/site-packages/airflow/example_dags/example_dynamic_task_mapping.py
[2023-11-14T07:03:48.058-0300] {logging_mixin.py:154} INFO - [2023-11-14T07:03:48.058-0300] {dag.py:2941} INFO - Sync 1 DAGs
[2023-11-14T07:03:48.073-0300] {logging_mixin.py:154} INFO - [2023-11-14T07:03:48.073-0300] {dag.py:3722} INFO - Setting next_dagrun for example_dynamic_task_mapping to 2022-03-04T00:00:00+00:00, run_after=2022-03-05T00:00:00+00:00
[2023-11-14T07:03:48.092-0300] {processor.py:179} INFO - Processing /home/gmassoqueto/repos/apache-airflow-101/.venv/lib/python3.11/site-packages/airflow/example_dags/example_dynamic_task_mapping.py took 0.078 seconds
[2023-11-14T07:57:43.378-0300] {processor.py:157} INFO - Started process (PID=287262) to work on /home/gmassoqueto/repos/apache-airflow-101/.venv/lib/python3.11/site-packages/airflow/example_dags/example_dynamic_task_mapping.py
[2023-11-14T07:57:43.381-0300] {processor.py:829} INFO - Processing file /home/gmassoqueto/repos/apache-airflow-101/.venv/lib/python3.11/site-packages/airflow/example_dags/example_dynamic_task_mapping.py for tasks to queue
[2023-11-14T07:57:43.383-0300] {logging_mixin.py:154} INFO - [2023-11-14T07:57:43.382-0300] {dagbag.py:536} INFO - Filling up the DagBag from /home/gmassoqueto/repos/apache-airflow-101/.venv/lib/python3.11/site-packages/airflow/example_dags/example_dynamic_task_mapping.py
[2023-11-14T07:57:43.402-0300] {processor.py:839} INFO - DAG(s) dict_keys(['example_dynamic_task_mapping']) retrieved from /home/gmassoqueto/repos/apache-airflow-101/.venv/lib/python3.11/site-packages/airflow/example_dags/example_dynamic_task_mapping.py
[2023-11-14T07:57:43.420-0300] {logging_mixin.py:154} INFO - [2023-11-14T07:57:43.419-0300] {dag.py:2941} INFO - Sync 1 DAGs
[2023-11-14T07:57:43.438-0300] {logging_mixin.py:154} INFO - [2023-11-14T07:57:43.437-0300] {dag.py:3722} INFO - Setting next_dagrun for example_dynamic_task_mapping to 2022-03-04T00:00:00+00:00, run_after=2022-03-05T00:00:00+00:00
[2023-11-14T07:57:43.454-0300] {processor.py:179} INFO - Processing /home/gmassoqueto/repos/apache-airflow-101/.venv/lib/python3.11/site-packages/airflow/example_dags/example_dynamic_task_mapping.py took 0.083 seconds
[2023-11-14T07:58:32.160-0300] {processor.py:157} INFO - Started process (PID=287452) to work on /home/gmassoqueto/repos/apache-airflow-101/.venv/lib/python3.11/site-packages/airflow/example_dags/example_dynamic_task_mapping.py
[2023-11-14T07:58:32.165-0300] {processor.py:829} INFO - Processing file /home/gmassoqueto/repos/apache-airflow-101/.venv/lib/python3.11/site-packages/airflow/example_dags/example_dynamic_task_mapping.py for tasks to queue
[2023-11-14T07:58:32.167-0300] {logging_mixin.py:154} INFO - [2023-11-14T07:58:32.166-0300] {dagbag.py:536} INFO - Filling up the DagBag from /home/gmassoqueto/repos/apache-airflow-101/.venv/lib/python3.11/site-packages/airflow/example_dags/example_dynamic_task_mapping.py
[2023-11-14T07:58:32.179-0300] {processor.py:839} INFO - DAG(s) dict_keys(['example_dynamic_task_mapping']) retrieved from /home/gmassoqueto/repos/apache-airflow-101/.venv/lib/python3.11/site-packages/airflow/example_dags/example_dynamic_task_mapping.py
[2023-11-14T07:58:32.198-0300] {logging_mixin.py:154} INFO - [2023-11-14T07:58:32.198-0300] {dag.py:2941} INFO - Sync 1 DAGs
[2023-11-14T07:58:32.222-0300] {logging_mixin.py:154} INFO - [2023-11-14T07:58:32.222-0300] {dag.py:3722} INFO - Setting next_dagrun for example_dynamic_task_mapping to 2022-03-04T00:00:00+00:00, run_after=2022-03-05T00:00:00+00:00
[2023-11-14T07:58:32.248-0300] {processor.py:179} INFO - Processing /home/gmassoqueto/repos/apache-airflow-101/.venv/lib/python3.11/site-packages/airflow/example_dags/example_dynamic_task_mapping.py took 0.093 seconds
[2023-11-14T07:59:19.146-0300] {processor.py:157} INFO - Started process (PID=287592) to work on /home/gmassoqueto/repos/apache-airflow-101/.venv/lib/python3.11/site-packages/airflow/example_dags/example_dynamic_task_mapping.py
[2023-11-14T07:59:19.148-0300] {processor.py:829} INFO - Processing file /home/gmassoqueto/repos/apache-airflow-101/.venv/lib/python3.11/site-packages/airflow/example_dags/example_dynamic_task_mapping.py for tasks to queue
[2023-11-14T07:59:19.149-0300] {logging_mixin.py:154} INFO - [2023-11-14T07:59:19.149-0300] {dagbag.py:536} INFO - Filling up the DagBag from /home/gmassoqueto/repos/apache-airflow-101/.venv/lib/python3.11/site-packages/airflow/example_dags/example_dynamic_task_mapping.py
[2023-11-14T07:59:19.161-0300] {processor.py:839} INFO - DAG(s) dict_keys(['example_dynamic_task_mapping']) retrieved from /home/gmassoqueto/repos/apache-airflow-101/.venv/lib/python3.11/site-packages/airflow/example_dags/example_dynamic_task_mapping.py
[2023-11-14T07:59:19.179-0300] {logging_mixin.py:154} INFO - [2023-11-14T07:59:19.179-0300] {dag.py:2941} INFO - Sync 1 DAGs
[2023-11-14T07:59:19.198-0300] {logging_mixin.py:154} INFO - [2023-11-14T07:59:19.198-0300] {dag.py:3722} INFO - Setting next_dagrun for example_dynamic_task_mapping to 2022-03-04T00:00:00+00:00, run_after=2022-03-05T00:00:00+00:00
[2023-11-14T07:59:19.221-0300] {processor.py:179} INFO - Processing /home/gmassoqueto/repos/apache-airflow-101/.venv/lib/python3.11/site-packages/airflow/example_dags/example_dynamic_task_mapping.py took 0.079 seconds
[2023-11-14T08:00:07.861-0300] {processor.py:157} INFO - Started process (PID=287699) to work on /home/gmassoqueto/repos/apache-airflow-101/.venv/lib/python3.11/site-packages/airflow/example_dags/example_dynamic_task_mapping.py
[2023-11-14T08:00:07.866-0300] {processor.py:829} INFO - Processing file /home/gmassoqueto/repos/apache-airflow-101/.venv/lib/python3.11/site-packages/airflow/example_dags/example_dynamic_task_mapping.py for tasks to queue
[2023-11-14T08:00:07.867-0300] {logging_mixin.py:154} INFO - [2023-11-14T08:00:07.866-0300] {dagbag.py:536} INFO - Filling up the DagBag from /home/gmassoqueto/repos/apache-airflow-101/.venv/lib/python3.11/site-packages/airflow/example_dags/example_dynamic_task_mapping.py
[2023-11-14T08:00:07.876-0300] {processor.py:839} INFO - DAG(s) dict_keys(['example_dynamic_task_mapping']) retrieved from /home/gmassoqueto/repos/apache-airflow-101/.venv/lib/python3.11/site-packages/airflow/example_dags/example_dynamic_task_mapping.py
[2023-11-14T08:00:07.894-0300] {logging_mixin.py:154} INFO - [2023-11-14T08:00:07.893-0300] {dag.py:2941} INFO - Sync 1 DAGs
[2023-11-14T08:00:07.913-0300] {logging_mixin.py:154} INFO - [2023-11-14T08:00:07.912-0300] {dag.py:3722} INFO - Setting next_dagrun for example_dynamic_task_mapping to 2022-03-04T00:00:00+00:00, run_after=2022-03-05T00:00:00+00:00
[2023-11-14T08:00:07.931-0300] {processor.py:179} INFO - Processing /home/gmassoqueto/repos/apache-airflow-101/.venv/lib/python3.11/site-packages/airflow/example_dags/example_dynamic_task_mapping.py took 0.074 seconds
[2023-11-14T08:00:59.068-0300] {processor.py:157} INFO - Started process (PID=287880) to work on /home/gmassoqueto/repos/apache-airflow-101/.venv/lib/python3.11/site-packages/airflow/example_dags/example_dynamic_task_mapping.py
[2023-11-14T08:00:59.073-0300] {processor.py:829} INFO - Processing file /home/gmassoqueto/repos/apache-airflow-101/.venv/lib/python3.11/site-packages/airflow/example_dags/example_dynamic_task_mapping.py for tasks to queue
[2023-11-14T08:00:59.074-0300] {logging_mixin.py:154} INFO - [2023-11-14T08:00:59.073-0300] {dagbag.py:536} INFO - Filling up the DagBag from /home/gmassoqueto/repos/apache-airflow-101/.venv/lib/python3.11/site-packages/airflow/example_dags/example_dynamic_task_mapping.py
[2023-11-14T08:00:59.084-0300] {processor.py:839} INFO - DAG(s) dict_keys(['example_dynamic_task_mapping']) retrieved from /home/gmassoqueto/repos/apache-airflow-101/.venv/lib/python3.11/site-packages/airflow/example_dags/example_dynamic_task_mapping.py
[2023-11-14T08:00:59.097-0300] {logging_mixin.py:154} INFO - [2023-11-14T08:00:59.097-0300] {dag.py:2941} INFO - Sync 1 DAGs
[2023-11-14T08:00:59.110-0300] {logging_mixin.py:154} INFO - [2023-11-14T08:00:59.110-0300] {dag.py:3722} INFO - Setting next_dagrun for example_dynamic_task_mapping to 2022-03-04T00:00:00+00:00, run_after=2022-03-05T00:00:00+00:00
[2023-11-14T08:00:59.125-0300] {processor.py:179} INFO - Processing /home/gmassoqueto/repos/apache-airflow-101/.venv/lib/python3.11/site-packages/airflow/example_dags/example_dynamic_task_mapping.py took 0.062 seconds
[2023-11-14T08:01:46.070-0300] {processor.py:157} INFO - Started process (PID=288061) to work on /home/gmassoqueto/repos/apache-airflow-101/.venv/lib/python3.11/site-packages/airflow/example_dags/example_dynamic_task_mapping.py
[2023-11-14T08:01:46.074-0300] {processor.py:829} INFO - Processing file /home/gmassoqueto/repos/apache-airflow-101/.venv/lib/python3.11/site-packages/airflow/example_dags/example_dynamic_task_mapping.py for tasks to queue
[2023-11-14T08:01:46.075-0300] {logging_mixin.py:154} INFO - [2023-11-14T08:01:46.075-0300] {dagbag.py:536} INFO - Filling up the DagBag from /home/gmassoqueto/repos/apache-airflow-101/.venv/lib/python3.11/site-packages/airflow/example_dags/example_dynamic_task_mapping.py
[2023-11-14T08:01:46.085-0300] {processor.py:839} INFO - DAG(s) dict_keys(['example_dynamic_task_mapping']) retrieved from /home/gmassoqueto/repos/apache-airflow-101/.venv/lib/python3.11/site-packages/airflow/example_dags/example_dynamic_task_mapping.py
[2023-11-14T08:01:46.104-0300] {logging_mixin.py:154} INFO - [2023-11-14T08:01:46.104-0300] {dag.py:2941} INFO - Sync 1 DAGs
[2023-11-14T08:01:46.125-0300] {logging_mixin.py:154} INFO - [2023-11-14T08:01:46.125-0300] {dag.py:3722} INFO - Setting next_dagrun for example_dynamic_task_mapping to 2022-03-04T00:00:00+00:00, run_after=2022-03-05T00:00:00+00:00
[2023-11-14T08:01:46.150-0300] {processor.py:179} INFO - Processing /home/gmassoqueto/repos/apache-airflow-101/.venv/lib/python3.11/site-packages/airflow/example_dags/example_dynamic_task_mapping.py took 0.083 seconds
[2023-11-14T08:02:34.645-0300] {processor.py:157} INFO - Started process (PID=288174) to work on /home/gmassoqueto/repos/apache-airflow-101/.venv/lib/python3.11/site-packages/airflow/example_dags/example_dynamic_task_mapping.py
[2023-11-14T08:02:34.649-0300] {processor.py:829} INFO - Processing file /home/gmassoqueto/repos/apache-airflow-101/.venv/lib/python3.11/site-packages/airflow/example_dags/example_dynamic_task_mapping.py for tasks to queue
[2023-11-14T08:02:34.650-0300] {logging_mixin.py:154} INFO - [2023-11-14T08:02:34.650-0300] {dagbag.py:536} INFO - Filling up the DagBag from /home/gmassoqueto/repos/apache-airflow-101/.venv/lib/python3.11/site-packages/airflow/example_dags/example_dynamic_task_mapping.py
[2023-11-14T08:02:34.660-0300] {processor.py:839} INFO - DAG(s) dict_keys(['example_dynamic_task_mapping']) retrieved from /home/gmassoqueto/repos/apache-airflow-101/.venv/lib/python3.11/site-packages/airflow/example_dags/example_dynamic_task_mapping.py
[2023-11-14T08:02:34.680-0300] {logging_mixin.py:154} INFO - [2023-11-14T08:02:34.680-0300] {dag.py:2941} INFO - Sync 1 DAGs
[2023-11-14T08:02:34.699-0300] {logging_mixin.py:154} INFO - [2023-11-14T08:02:34.699-0300] {dag.py:3722} INFO - Setting next_dagrun for example_dynamic_task_mapping to 2022-03-04T00:00:00+00:00, run_after=2022-03-05T00:00:00+00:00
[2023-11-14T08:02:34.729-0300] {processor.py:179} INFO - Processing /home/gmassoqueto/repos/apache-airflow-101/.venv/lib/python3.11/site-packages/airflow/example_dags/example_dynamic_task_mapping.py took 0.086 seconds
[2023-11-14T08:03:23.236-0300] {processor.py:157} INFO - Started process (PID=288389) to work on /home/gmassoqueto/repos/apache-airflow-101/.venv/lib/python3.11/site-packages/airflow/example_dags/example_dynamic_task_mapping.py
[2023-11-14T08:03:23.237-0300] {processor.py:829} INFO - Processing file /home/gmassoqueto/repos/apache-airflow-101/.venv/lib/python3.11/site-packages/airflow/example_dags/example_dynamic_task_mapping.py for tasks to queue
[2023-11-14T08:03:23.238-0300] {logging_mixin.py:154} INFO - [2023-11-14T08:03:23.237-0300] {dagbag.py:536} INFO - Filling up the DagBag from /home/gmassoqueto/repos/apache-airflow-101/.venv/lib/python3.11/site-packages/airflow/example_dags/example_dynamic_task_mapping.py
[2023-11-14T08:03:23.244-0300] {processor.py:839} INFO - DAG(s) dict_keys(['example_dynamic_task_mapping']) retrieved from /home/gmassoqueto/repos/apache-airflow-101/.venv/lib/python3.11/site-packages/airflow/example_dags/example_dynamic_task_mapping.py
[2023-11-14T08:03:23.258-0300] {logging_mixin.py:154} INFO - [2023-11-14T08:03:23.258-0300] {dag.py:2941} INFO - Sync 1 DAGs
[2023-11-14T08:03:23.274-0300] {logging_mixin.py:154} INFO - [2023-11-14T08:03:23.274-0300] {dag.py:3722} INFO - Setting next_dagrun for example_dynamic_task_mapping to 2022-03-04T00:00:00+00:00, run_after=2022-03-05T00:00:00+00:00
[2023-11-14T08:03:23.298-0300] {processor.py:179} INFO - Processing /home/gmassoqueto/repos/apache-airflow-101/.venv/lib/python3.11/site-packages/airflow/example_dags/example_dynamic_task_mapping.py took 0.063 seconds
[2023-11-14T08:04:12.991-0300] {processor.py:157} INFO - Started process (PID=288840) to work on /home/gmassoqueto/repos/apache-airflow-101/.venv/lib/python3.11/site-packages/airflow/example_dags/example_dynamic_task_mapping.py
[2023-11-14T08:04:12.995-0300] {processor.py:829} INFO - Processing file /home/gmassoqueto/repos/apache-airflow-101/.venv/lib/python3.11/site-packages/airflow/example_dags/example_dynamic_task_mapping.py for tasks to queue
[2023-11-14T08:04:12.997-0300] {logging_mixin.py:154} INFO - [2023-11-14T08:04:12.996-0300] {dagbag.py:536} INFO - Filling up the DagBag from /home/gmassoqueto/repos/apache-airflow-101/.venv/lib/python3.11/site-packages/airflow/example_dags/example_dynamic_task_mapping.py
[2023-11-14T08:04:13.011-0300] {processor.py:839} INFO - DAG(s) dict_keys(['example_dynamic_task_mapping']) retrieved from /home/gmassoqueto/repos/apache-airflow-101/.venv/lib/python3.11/site-packages/airflow/example_dags/example_dynamic_task_mapping.py
[2023-11-14T08:04:13.028-0300] {logging_mixin.py:154} INFO - [2023-11-14T08:04:13.028-0300] {dag.py:2941} INFO - Sync 1 DAGs
[2023-11-14T08:04:13.046-0300] {logging_mixin.py:154} INFO - [2023-11-14T08:04:13.046-0300] {dag.py:3722} INFO - Setting next_dagrun for example_dynamic_task_mapping to 2022-03-04T00:00:00+00:00, run_after=2022-03-05T00:00:00+00:00
[2023-11-14T08:04:13.064-0300] {processor.py:179} INFO - Processing /home/gmassoqueto/repos/apache-airflow-101/.venv/lib/python3.11/site-packages/airflow/example_dags/example_dynamic_task_mapping.py took 0.078 seconds
[2023-11-14T08:05:05.096-0300] {processor.py:157} INFO - Started process (PID=288996) to work on /home/gmassoqueto/repos/apache-airflow-101/.venv/lib/python3.11/site-packages/airflow/example_dags/example_dynamic_task_mapping.py
[2023-11-14T08:05:05.100-0300] {processor.py:829} INFO - Processing file /home/gmassoqueto/repos/apache-airflow-101/.venv/lib/python3.11/site-packages/airflow/example_dags/example_dynamic_task_mapping.py for tasks to queue
[2023-11-14T08:05:05.101-0300] {logging_mixin.py:154} INFO - [2023-11-14T08:05:05.100-0300] {dagbag.py:536} INFO - Filling up the DagBag from /home/gmassoqueto/repos/apache-airflow-101/.venv/lib/python3.11/site-packages/airflow/example_dags/example_dynamic_task_mapping.py
[2023-11-14T08:05:05.109-0300] {processor.py:839} INFO - DAG(s) dict_keys(['example_dynamic_task_mapping']) retrieved from /home/gmassoqueto/repos/apache-airflow-101/.venv/lib/python3.11/site-packages/airflow/example_dags/example_dynamic_task_mapping.py
[2023-11-14T08:05:05.126-0300] {logging_mixin.py:154} INFO - [2023-11-14T08:05:05.125-0300] {dag.py:2941} INFO - Sync 1 DAGs
[2023-11-14T08:05:05.142-0300] {logging_mixin.py:154} INFO - [2023-11-14T08:05:05.142-0300] {dag.py:3722} INFO - Setting next_dagrun for example_dynamic_task_mapping to 2022-03-04T00:00:00+00:00, run_after=2022-03-05T00:00:00+00:00
[2023-11-14T08:05:05.160-0300] {processor.py:179} INFO - Processing /home/gmassoqueto/repos/apache-airflow-101/.venv/lib/python3.11/site-packages/airflow/example_dags/example_dynamic_task_mapping.py took 0.067 seconds
[2023-11-14T08:05:51.896-0300] {processor.py:157} INFO - Started process (PID=289107) to work on /home/gmassoqueto/repos/apache-airflow-101/.venv/lib/python3.11/site-packages/airflow/example_dags/example_dynamic_task_mapping.py
[2023-11-14T08:05:51.900-0300] {processor.py:829} INFO - Processing file /home/gmassoqueto/repos/apache-airflow-101/.venv/lib/python3.11/site-packages/airflow/example_dags/example_dynamic_task_mapping.py for tasks to queue
[2023-11-14T08:05:51.902-0300] {logging_mixin.py:154} INFO - [2023-11-14T08:05:51.901-0300] {dagbag.py:536} INFO - Filling up the DagBag from /home/gmassoqueto/repos/apache-airflow-101/.venv/lib/python3.11/site-packages/airflow/example_dags/example_dynamic_task_mapping.py
[2023-11-14T08:05:51.923-0300] {processor.py:839} INFO - DAG(s) dict_keys(['example_dynamic_task_mapping']) retrieved from /home/gmassoqueto/repos/apache-airflow-101/.venv/lib/python3.11/site-packages/airflow/example_dags/example_dynamic_task_mapping.py
[2023-11-14T08:05:51.944-0300] {logging_mixin.py:154} INFO - [2023-11-14T08:05:51.944-0300] {dag.py:2941} INFO - Sync 1 DAGs
[2023-11-14T08:05:51.960-0300] {logging_mixin.py:154} INFO - [2023-11-14T08:05:51.960-0300] {dag.py:3722} INFO - Setting next_dagrun for example_dynamic_task_mapping to 2022-03-04T00:00:00+00:00, run_after=2022-03-05T00:00:00+00:00
[2023-11-14T08:05:51.978-0300] {processor.py:179} INFO - Processing /home/gmassoqueto/repos/apache-airflow-101/.venv/lib/python3.11/site-packages/airflow/example_dags/example_dynamic_task_mapping.py took 0.086 seconds
[2023-11-14T08:06:39.613-0300] {processor.py:157} INFO - Started process (PID=289234) to work on /home/gmassoqueto/repos/apache-airflow-101/.venv/lib/python3.11/site-packages/airflow/example_dags/example_dynamic_task_mapping.py
[2023-11-14T08:06:39.618-0300] {processor.py:829} INFO - Processing file /home/gmassoqueto/repos/apache-airflow-101/.venv/lib/python3.11/site-packages/airflow/example_dags/example_dynamic_task_mapping.py for tasks to queue
[2023-11-14T08:06:39.619-0300] {logging_mixin.py:154} INFO - [2023-11-14T08:06:39.619-0300] {dagbag.py:536} INFO - Filling up the DagBag from /home/gmassoqueto/repos/apache-airflow-101/.venv/lib/python3.11/site-packages/airflow/example_dags/example_dynamic_task_mapping.py
[2023-11-14T08:06:39.638-0300] {processor.py:839} INFO - DAG(s) dict_keys(['example_dynamic_task_mapping']) retrieved from /home/gmassoqueto/repos/apache-airflow-101/.venv/lib/python3.11/site-packages/airflow/example_dags/example_dynamic_task_mapping.py
[2023-11-14T08:06:39.659-0300] {logging_mixin.py:154} INFO - [2023-11-14T08:06:39.659-0300] {dag.py:2941} INFO - Sync 1 DAGs
[2023-11-14T08:06:39.675-0300] {logging_mixin.py:154} INFO - [2023-11-14T08:06:39.675-0300] {dag.py:3722} INFO - Setting next_dagrun for example_dynamic_task_mapping to 2022-03-04T00:00:00+00:00, run_after=2022-03-05T00:00:00+00:00
[2023-11-14T08:06:39.692-0300] {processor.py:179} INFO - Processing /home/gmassoqueto/repos/apache-airflow-101/.venv/lib/python3.11/site-packages/airflow/example_dags/example_dynamic_task_mapping.py took 0.081 seconds
[2023-11-14T08:07:28.818-0300] {processor.py:157} INFO - Started process (PID=289418) to work on /home/gmassoqueto/repos/apache-airflow-101/.venv/lib/python3.11/site-packages/airflow/example_dags/example_dynamic_task_mapping.py
[2023-11-14T08:07:28.822-0300] {processor.py:829} INFO - Processing file /home/gmassoqueto/repos/apache-airflow-101/.venv/lib/python3.11/site-packages/airflow/example_dags/example_dynamic_task_mapping.py for tasks to queue
[2023-11-14T08:07:28.823-0300] {logging_mixin.py:154} INFO - [2023-11-14T08:07:28.822-0300] {dagbag.py:536} INFO - Filling up the DagBag from /home/gmassoqueto/repos/apache-airflow-101/.venv/lib/python3.11/site-packages/airflow/example_dags/example_dynamic_task_mapping.py
[2023-11-14T08:07:28.831-0300] {processor.py:839} INFO - DAG(s) dict_keys(['example_dynamic_task_mapping']) retrieved from /home/gmassoqueto/repos/apache-airflow-101/.venv/lib/python3.11/site-packages/airflow/example_dags/example_dynamic_task_mapping.py
[2023-11-14T08:07:28.850-0300] {logging_mixin.py:154} INFO - [2023-11-14T08:07:28.850-0300] {dag.py:2941} INFO - Sync 1 DAGs
[2023-11-14T08:07:28.870-0300] {logging_mixin.py:154} INFO - [2023-11-14T08:07:28.870-0300] {dag.py:3722} INFO - Setting next_dagrun for example_dynamic_task_mapping to 2022-03-04T00:00:00+00:00, run_after=2022-03-05T00:00:00+00:00
[2023-11-14T08:07:28.889-0300] {processor.py:179} INFO - Processing /home/gmassoqueto/repos/apache-airflow-101/.venv/lib/python3.11/site-packages/airflow/example_dags/example_dynamic_task_mapping.py took 0.073 seconds
[2023-11-14T08:08:36.983-0300] {processor.py:157} INFO - Started process (PID=289902) to work on /home/gmassoqueto/repos/apache-airflow-101/.venv/lib/python3.11/site-packages/airflow/example_dags/example_dynamic_task_mapping.py
[2023-11-14T08:08:36.987-0300] {processor.py:829} INFO - Processing file /home/gmassoqueto/repos/apache-airflow-101/.venv/lib/python3.11/site-packages/airflow/example_dags/example_dynamic_task_mapping.py for tasks to queue
[2023-11-14T08:08:36.988-0300] {logging_mixin.py:154} INFO - [2023-11-14T08:08:36.988-0300] {dagbag.py:536} INFO - Filling up the DagBag from /home/gmassoqueto/repos/apache-airflow-101/.venv/lib/python3.11/site-packages/airflow/example_dags/example_dynamic_task_mapping.py
[2023-11-14T08:08:36.997-0300] {processor.py:839} INFO - DAG(s) dict_keys(['example_dynamic_task_mapping']) retrieved from /home/gmassoqueto/repos/apache-airflow-101/.venv/lib/python3.11/site-packages/airflow/example_dags/example_dynamic_task_mapping.py
[2023-11-14T08:08:37.013-0300] {logging_mixin.py:154} INFO - [2023-11-14T08:08:37.013-0300] {dag.py:2941} INFO - Sync 1 DAGs
[2023-11-14T08:08:37.023-0300] {logging_mixin.py:154} INFO - [2023-11-14T08:08:37.023-0300] {dag.py:2963} INFO - Creating ORM DAG for example_dynamic_task_mapping
[2023-11-14T08:08:37.031-0300] {logging_mixin.py:154} INFO - [2023-11-14T08:08:37.031-0300] {dag.py:3722} INFO - Setting next_dagrun for example_dynamic_task_mapping to 2022-03-04T00:00:00+00:00, run_after=2022-03-05T00:00:00+00:00
[2023-11-14T08:08:37.052-0300] {processor.py:179} INFO - Processing /home/gmassoqueto/repos/apache-airflow-101/.venv/lib/python3.11/site-packages/airflow/example_dags/example_dynamic_task_mapping.py took 0.073 seconds
[2023-11-14T08:10:19.733-0300] {processor.py:157} INFO - Started process (PID=290687) to work on /home/gmassoqueto/repos/apache-airflow-101/.venv/lib/python3.11/site-packages/airflow/example_dags/example_dynamic_task_mapping.py
[2023-11-14T08:10:19.738-0300] {processor.py:829} INFO - Processing file /home/gmassoqueto/repos/apache-airflow-101/.venv/lib/python3.11/site-packages/airflow/example_dags/example_dynamic_task_mapping.py for tasks to queue
[2023-11-14T08:10:19.740-0300] {logging_mixin.py:154} INFO - [2023-11-14T08:10:19.739-0300] {dagbag.py:536} INFO - Filling up the DagBag from /home/gmassoqueto/repos/apache-airflow-101/.venv/lib/python3.11/site-packages/airflow/example_dags/example_dynamic_task_mapping.py
[2023-11-14T08:10:19.762-0300] {processor.py:839} INFO - DAG(s) dict_keys(['example_dynamic_task_mapping']) retrieved from /home/gmassoqueto/repos/apache-airflow-101/.venv/lib/python3.11/site-packages/airflow/example_dags/example_dynamic_task_mapping.py
[2023-11-14T08:10:19.784-0300] {logging_mixin.py:154} INFO - [2023-11-14T08:10:19.784-0300] {dag.py:2941} INFO - Sync 1 DAGs
[2023-11-14T08:10:19.801-0300] {logging_mixin.py:154} INFO - [2023-11-14T08:10:19.801-0300] {dag.py:3722} INFO - Setting next_dagrun for example_dynamic_task_mapping to 2022-03-04T00:00:00+00:00, run_after=2022-03-05T00:00:00+00:00
[2023-11-14T08:10:19.818-0300] {processor.py:179} INFO - Processing /home/gmassoqueto/repos/apache-airflow-101/.venv/lib/python3.11/site-packages/airflow/example_dags/example_dynamic_task_mapping.py took 0.087 seconds
[2023-11-14T08:11:07.516-0300] {processor.py:157} INFO - Started process (PID=291140) to work on /home/gmassoqueto/repos/apache-airflow-101/.venv/lib/python3.11/site-packages/airflow/example_dags/example_dynamic_task_mapping.py
[2023-11-14T08:11:07.520-0300] {processor.py:829} INFO - Processing file /home/gmassoqueto/repos/apache-airflow-101/.venv/lib/python3.11/site-packages/airflow/example_dags/example_dynamic_task_mapping.py for tasks to queue
[2023-11-14T08:11:07.522-0300] {logging_mixin.py:154} INFO - [2023-11-14T08:11:07.521-0300] {dagbag.py:536} INFO - Filling up the DagBag from /home/gmassoqueto/repos/apache-airflow-101/.venv/lib/python3.11/site-packages/airflow/example_dags/example_dynamic_task_mapping.py
[2023-11-14T08:11:07.538-0300] {processor.py:839} INFO - DAG(s) dict_keys(['example_dynamic_task_mapping']) retrieved from /home/gmassoqueto/repos/apache-airflow-101/.venv/lib/python3.11/site-packages/airflow/example_dags/example_dynamic_task_mapping.py
[2023-11-14T08:11:07.561-0300] {logging_mixin.py:154} INFO - [2023-11-14T08:11:07.561-0300] {dag.py:2941} INFO - Sync 1 DAGs
[2023-11-14T08:11:07.578-0300] {logging_mixin.py:154} INFO - [2023-11-14T08:11:07.578-0300] {dag.py:3722} INFO - Setting next_dagrun for example_dynamic_task_mapping to 2022-03-04T00:00:00+00:00, run_after=2022-03-05T00:00:00+00:00
[2023-11-14T08:11:07.697-0300] {processor.py:179} INFO - Processing /home/gmassoqueto/repos/apache-airflow-101/.venv/lib/python3.11/site-packages/airflow/example_dags/example_dynamic_task_mapping.py took 0.184 seconds
[2023-11-14T08:11:55.600-0300] {processor.py:157} INFO - Started process (PID=291267) to work on /home/gmassoqueto/repos/apache-airflow-101/.venv/lib/python3.11/site-packages/airflow/example_dags/example_dynamic_task_mapping.py
[2023-11-14T08:11:55.605-0300] {processor.py:829} INFO - Processing file /home/gmassoqueto/repos/apache-airflow-101/.venv/lib/python3.11/site-packages/airflow/example_dags/example_dynamic_task_mapping.py for tasks to queue
[2023-11-14T08:11:55.606-0300] {logging_mixin.py:154} INFO - [2023-11-14T08:11:55.606-0300] {dagbag.py:536} INFO - Filling up the DagBag from /home/gmassoqueto/repos/apache-airflow-101/.venv/lib/python3.11/site-packages/airflow/example_dags/example_dynamic_task_mapping.py
[2023-11-14T08:11:55.618-0300] {processor.py:839} INFO - DAG(s) dict_keys(['example_dynamic_task_mapping']) retrieved from /home/gmassoqueto/repos/apache-airflow-101/.venv/lib/python3.11/site-packages/airflow/example_dags/example_dynamic_task_mapping.py
[2023-11-14T08:11:55.635-0300] {logging_mixin.py:154} INFO - [2023-11-14T08:11:55.635-0300] {dag.py:2941} INFO - Sync 1 DAGs
[2023-11-14T08:11:55.656-0300] {logging_mixin.py:154} INFO - [2023-11-14T08:11:55.655-0300] {dag.py:3722} INFO - Setting next_dagrun for example_dynamic_task_mapping to 2022-03-04T00:00:00+00:00, run_after=2022-03-05T00:00:00+00:00
[2023-11-14T08:11:55.677-0300] {processor.py:179} INFO - Processing /home/gmassoqueto/repos/apache-airflow-101/.venv/lib/python3.11/site-packages/airflow/example_dags/example_dynamic_task_mapping.py took 0.081 seconds
[2023-11-14T08:12:41.559-0300] {processor.py:157} INFO - Started process (PID=291494) to work on /home/gmassoqueto/repos/apache-airflow-101/.venv/lib/python3.11/site-packages/airflow/example_dags/example_dynamic_task_mapping.py
[2023-11-14T08:12:41.564-0300] {processor.py:829} INFO - Processing file /home/gmassoqueto/repos/apache-airflow-101/.venv/lib/python3.11/site-packages/airflow/example_dags/example_dynamic_task_mapping.py for tasks to queue
[2023-11-14T08:12:41.564-0300] {logging_mixin.py:154} INFO - [2023-11-14T08:12:41.564-0300] {dagbag.py:536} INFO - Filling up the DagBag from /home/gmassoqueto/repos/apache-airflow-101/.venv/lib/python3.11/site-packages/airflow/example_dags/example_dynamic_task_mapping.py
[2023-11-14T08:12:41.569-0300] {processor.py:839} INFO - DAG(s) dict_keys(['example_dynamic_task_mapping']) retrieved from /home/gmassoqueto/repos/apache-airflow-101/.venv/lib/python3.11/site-packages/airflow/example_dags/example_dynamic_task_mapping.py
[2023-11-14T08:12:41.579-0300] {logging_mixin.py:154} INFO - [2023-11-14T08:12:41.579-0300] {dag.py:2941} INFO - Sync 1 DAGs
[2023-11-14T08:12:41.594-0300] {logging_mixin.py:154} INFO - [2023-11-14T08:12:41.594-0300] {dag.py:3722} INFO - Setting next_dagrun for example_dynamic_task_mapping to 2022-03-04T00:00:00+00:00, run_after=2022-03-05T00:00:00+00:00
[2023-11-14T08:12:41.612-0300] {processor.py:179} INFO - Processing /home/gmassoqueto/repos/apache-airflow-101/.venv/lib/python3.11/site-packages/airflow/example_dags/example_dynamic_task_mapping.py took 0.054 seconds
[2023-11-14T08:13:28.460-0300] {processor.py:157} INFO - Started process (PID=291626) to work on /home/gmassoqueto/repos/apache-airflow-101/.venv/lib/python3.11/site-packages/airflow/example_dags/example_dynamic_task_mapping.py
[2023-11-14T08:13:28.461-0300] {processor.py:829} INFO - Processing file /home/gmassoqueto/repos/apache-airflow-101/.venv/lib/python3.11/site-packages/airflow/example_dags/example_dynamic_task_mapping.py for tasks to queue
[2023-11-14T08:13:28.461-0300] {logging_mixin.py:154} INFO - [2023-11-14T08:13:28.461-0300] {dagbag.py:536} INFO - Filling up the DagBag from /home/gmassoqueto/repos/apache-airflow-101/.venv/lib/python3.11/site-packages/airflow/example_dags/example_dynamic_task_mapping.py
[2023-11-14T08:13:28.470-0300] {processor.py:839} INFO - DAG(s) dict_keys(['example_dynamic_task_mapping']) retrieved from /home/gmassoqueto/repos/apache-airflow-101/.venv/lib/python3.11/site-packages/airflow/example_dags/example_dynamic_task_mapping.py
[2023-11-14T08:13:28.484-0300] {logging_mixin.py:154} INFO - [2023-11-14T08:13:28.484-0300] {dag.py:2941} INFO - Sync 1 DAGs
[2023-11-14T08:13:28.499-0300] {logging_mixin.py:154} INFO - [2023-11-14T08:13:28.499-0300] {dag.py:3722} INFO - Setting next_dagrun for example_dynamic_task_mapping to 2022-03-04T00:00:00+00:00, run_after=2022-03-05T00:00:00+00:00
[2023-11-14T08:13:28.516-0300] {processor.py:179} INFO - Processing /home/gmassoqueto/repos/apache-airflow-101/.venv/lib/python3.11/site-packages/airflow/example_dags/example_dynamic_task_mapping.py took 0.059 seconds
[2023-11-14T08:14:14.203-0300] {processor.py:157} INFO - Started process (PID=291713) to work on /home/gmassoqueto/repos/apache-airflow-101/.venv/lib/python3.11/site-packages/airflow/example_dags/example_dynamic_task_mapping.py
[2023-11-14T08:14:14.207-0300] {processor.py:829} INFO - Processing file /home/gmassoqueto/repos/apache-airflow-101/.venv/lib/python3.11/site-packages/airflow/example_dags/example_dynamic_task_mapping.py for tasks to queue
[2023-11-14T08:14:14.208-0300] {logging_mixin.py:154} INFO - [2023-11-14T08:14:14.207-0300] {dagbag.py:536} INFO - Filling up the DagBag from /home/gmassoqueto/repos/apache-airflow-101/.venv/lib/python3.11/site-packages/airflow/example_dags/example_dynamic_task_mapping.py
[2023-11-14T08:14:14.215-0300] {processor.py:839} INFO - DAG(s) dict_keys(['example_dynamic_task_mapping']) retrieved from /home/gmassoqueto/repos/apache-airflow-101/.venv/lib/python3.11/site-packages/airflow/example_dags/example_dynamic_task_mapping.py
[2023-11-14T08:14:14.229-0300] {logging_mixin.py:154} INFO - [2023-11-14T08:14:14.229-0300] {dag.py:2941} INFO - Sync 1 DAGs
[2023-11-14T08:14:14.248-0300] {logging_mixin.py:154} INFO - [2023-11-14T08:14:14.248-0300] {dag.py:3722} INFO - Setting next_dagrun for example_dynamic_task_mapping to 2022-03-04T00:00:00+00:00, run_after=2022-03-05T00:00:00+00:00
[2023-11-14T08:14:14.268-0300] {processor.py:179} INFO - Processing /home/gmassoqueto/repos/apache-airflow-101/.venv/lib/python3.11/site-packages/airflow/example_dags/example_dynamic_task_mapping.py took 0.068 seconds
[2023-11-14T08:15:03.176-0300] {processor.py:157} INFO - Started process (PID=291875) to work on /home/gmassoqueto/repos/apache-airflow-101/.venv/lib/python3.11/site-packages/airflow/example_dags/example_dynamic_task_mapping.py
[2023-11-14T08:15:03.180-0300] {processor.py:829} INFO - Processing file /home/gmassoqueto/repos/apache-airflow-101/.venv/lib/python3.11/site-packages/airflow/example_dags/example_dynamic_task_mapping.py for tasks to queue
[2023-11-14T08:15:03.181-0300] {logging_mixin.py:154} INFO - [2023-11-14T08:15:03.181-0300] {dagbag.py:536} INFO - Filling up the DagBag from /home/gmassoqueto/repos/apache-airflow-101/.venv/lib/python3.11/site-packages/airflow/example_dags/example_dynamic_task_mapping.py
[2023-11-14T08:15:03.198-0300] {processor.py:839} INFO - DAG(s) dict_keys(['example_dynamic_task_mapping']) retrieved from /home/gmassoqueto/repos/apache-airflow-101/.venv/lib/python3.11/site-packages/airflow/example_dags/example_dynamic_task_mapping.py
[2023-11-14T08:15:03.221-0300] {logging_mixin.py:154} INFO - [2023-11-14T08:15:03.221-0300] {dag.py:2941} INFO - Sync 1 DAGs
[2023-11-14T08:15:03.238-0300] {logging_mixin.py:154} INFO - [2023-11-14T08:15:03.238-0300] {dag.py:3722} INFO - Setting next_dagrun for example_dynamic_task_mapping to 2022-03-04T00:00:00+00:00, run_after=2022-03-05T00:00:00+00:00
[2023-11-14T08:15:03.254-0300] {processor.py:179} INFO - Processing /home/gmassoqueto/repos/apache-airflow-101/.venv/lib/python3.11/site-packages/airflow/example_dags/example_dynamic_task_mapping.py took 0.081 seconds
[2023-11-14T08:15:50.695-0300] {processor.py:157} INFO - Started process (PID=291964) to work on /home/gmassoqueto/repos/apache-airflow-101/.venv/lib/python3.11/site-packages/airflow/example_dags/example_dynamic_task_mapping.py
[2023-11-14T08:15:50.699-0300] {processor.py:829} INFO - Processing file /home/gmassoqueto/repos/apache-airflow-101/.venv/lib/python3.11/site-packages/airflow/example_dags/example_dynamic_task_mapping.py for tasks to queue
[2023-11-14T08:15:50.700-0300] {logging_mixin.py:154} INFO - [2023-11-14T08:15:50.699-0300] {dagbag.py:536} INFO - Filling up the DagBag from /home/gmassoqueto/repos/apache-airflow-101/.venv/lib/python3.11/site-packages/airflow/example_dags/example_dynamic_task_mapping.py
[2023-11-14T08:15:50.706-0300] {processor.py:839} INFO - DAG(s) dict_keys(['example_dynamic_task_mapping']) retrieved from /home/gmassoqueto/repos/apache-airflow-101/.venv/lib/python3.11/site-packages/airflow/example_dags/example_dynamic_task_mapping.py
[2023-11-14T08:15:50.721-0300] {logging_mixin.py:154} INFO - [2023-11-14T08:15:50.720-0300] {dag.py:2941} INFO - Sync 1 DAGs
[2023-11-14T08:15:50.737-0300] {logging_mixin.py:154} INFO - [2023-11-14T08:15:50.737-0300] {dag.py:3722} INFO - Setting next_dagrun for example_dynamic_task_mapping to 2022-03-04T00:00:00+00:00, run_after=2022-03-05T00:00:00+00:00
[2023-11-14T08:15:50.754-0300] {processor.py:179} INFO - Processing /home/gmassoqueto/repos/apache-airflow-101/.venv/lib/python3.11/site-packages/airflow/example_dags/example_dynamic_task_mapping.py took 0.061 seconds
[2023-11-14T08:16:39.659-0300] {processor.py:157} INFO - Started process (PID=292042) to work on /home/gmassoqueto/repos/apache-airflow-101/.venv/lib/python3.11/site-packages/airflow/example_dags/example_dynamic_task_mapping.py
[2023-11-14T08:16:39.661-0300] {processor.py:829} INFO - Processing file /home/gmassoqueto/repos/apache-airflow-101/.venv/lib/python3.11/site-packages/airflow/example_dags/example_dynamic_task_mapping.py for tasks to queue
[2023-11-14T08:16:39.661-0300] {logging_mixin.py:154} INFO - [2023-11-14T08:16:39.661-0300] {dagbag.py:536} INFO - Filling up the DagBag from /home/gmassoqueto/repos/apache-airflow-101/.venv/lib/python3.11/site-packages/airflow/example_dags/example_dynamic_task_mapping.py
[2023-11-14T08:16:39.668-0300] {processor.py:839} INFO - DAG(s) dict_keys(['example_dynamic_task_mapping']) retrieved from /home/gmassoqueto/repos/apache-airflow-101/.venv/lib/python3.11/site-packages/airflow/example_dags/example_dynamic_task_mapping.py
[2023-11-14T08:16:39.680-0300] {logging_mixin.py:154} INFO - [2023-11-14T08:16:39.680-0300] {dag.py:2941} INFO - Sync 1 DAGs
[2023-11-14T08:16:39.696-0300] {logging_mixin.py:154} INFO - [2023-11-14T08:16:39.696-0300] {dag.py:3722} INFO - Setting next_dagrun for example_dynamic_task_mapping to 2022-03-04T00:00:00+00:00, run_after=2022-03-05T00:00:00+00:00
[2023-11-14T08:16:39.712-0300] {processor.py:179} INFO - Processing /home/gmassoqueto/repos/apache-airflow-101/.venv/lib/python3.11/site-packages/airflow/example_dags/example_dynamic_task_mapping.py took 0.055 seconds
[2023-11-14T08:17:29.899-0300] {processor.py:157} INFO - Started process (PID=292137) to work on /home/gmassoqueto/repos/apache-airflow-101/.venv/lib/python3.11/site-packages/airflow/example_dags/example_dynamic_task_mapping.py
[2023-11-14T08:17:29.903-0300] {processor.py:829} INFO - Processing file /home/gmassoqueto/repos/apache-airflow-101/.venv/lib/python3.11/site-packages/airflow/example_dags/example_dynamic_task_mapping.py for tasks to queue
[2023-11-14T08:17:29.903-0300] {logging_mixin.py:154} INFO - [2023-11-14T08:17:29.903-0300] {dagbag.py:536} INFO - Filling up the DagBag from /home/gmassoqueto/repos/apache-airflow-101/.venv/lib/python3.11/site-packages/airflow/example_dags/example_dynamic_task_mapping.py
[2023-11-14T08:17:29.912-0300] {processor.py:839} INFO - DAG(s) dict_keys(['example_dynamic_task_mapping']) retrieved from /home/gmassoqueto/repos/apache-airflow-101/.venv/lib/python3.11/site-packages/airflow/example_dags/example_dynamic_task_mapping.py
[2023-11-14T08:17:29.929-0300] {logging_mixin.py:154} INFO - [2023-11-14T08:17:29.928-0300] {dag.py:2941} INFO - Sync 1 DAGs
[2023-11-14T08:17:29.947-0300] {logging_mixin.py:154} INFO - [2023-11-14T08:17:29.946-0300] {dag.py:3722} INFO - Setting next_dagrun for example_dynamic_task_mapping to 2022-03-04T00:00:00+00:00, run_after=2022-03-05T00:00:00+00:00
[2023-11-14T08:17:29.972-0300] {processor.py:179} INFO - Processing /home/gmassoqueto/repos/apache-airflow-101/.venv/lib/python3.11/site-packages/airflow/example_dags/example_dynamic_task_mapping.py took 0.076 seconds
