[2023-11-14T07:03:30.859-0300] {processor.py:157} INFO - Started process (PID=284768) to work on /home/gmassoqueto/repos/apache-airflow-101/.venv/lib/python3.11/site-packages/airflow/example_dags/example_trigger_target_dag.py
[2023-11-14T07:03:30.860-0300] {processor.py:829} INFO - Processing file /home/gmassoqueto/repos/apache-airflow-101/.venv/lib/python3.11/site-packages/airflow/example_dags/example_trigger_target_dag.py for tasks to queue
[2023-11-14T07:03:30.861-0300] {logging_mixin.py:154} INFO - [2023-11-14T07:03:30.860-0300] {dagbag.py:536} INFO - Filling up the DagBag from /home/gmassoqueto/repos/apache-airflow-101/.venv/lib/python3.11/site-packages/airflow/example_dags/example_trigger_target_dag.py
[2023-11-14T07:03:30.865-0300] {processor.py:839} INFO - DAG(s) dict_keys(['example_trigger_target_dag']) retrieved from /home/gmassoqueto/repos/apache-airflow-101/.venv/lib/python3.11/site-packages/airflow/example_dags/example_trigger_target_dag.py
[2023-11-14T07:03:30.871-0300] {logging_mixin.py:154} INFO - [2023-11-14T07:03:30.871-0300] {dag.py:2941} INFO - Sync 1 DAGs
[2023-11-14T07:03:30.882-0300] {logging_mixin.py:154} INFO - [2023-11-14T07:03:30.882-0300] {dag.py:3722} INFO - Setting next_dagrun for example_trigger_target_dag to None, run_after=None
[2023-11-14T07:03:30.915-0300] {processor.py:179} INFO - Processing /home/gmassoqueto/repos/apache-airflow-101/.venv/lib/python3.11/site-packages/airflow/example_dags/example_trigger_target_dag.py took 0.059 seconds
[2023-11-14T07:04:16.165-0300] {processor.py:157} INFO - Started process (PID=284851) to work on /home/gmassoqueto/repos/apache-airflow-101/.venv/lib/python3.11/site-packages/airflow/example_dags/example_trigger_target_dag.py
[2023-11-14T07:04:16.169-0300] {processor.py:829} INFO - Processing file /home/gmassoqueto/repos/apache-airflow-101/.venv/lib/python3.11/site-packages/airflow/example_dags/example_trigger_target_dag.py for tasks to queue
[2023-11-14T07:04:16.170-0300] {logging_mixin.py:154} INFO - [2023-11-14T07:04:16.169-0300] {dagbag.py:536} INFO - Filling up the DagBag from /home/gmassoqueto/repos/apache-airflow-101/.venv/lib/python3.11/site-packages/airflow/example_dags/example_trigger_target_dag.py
[2023-11-14T07:04:16.176-0300] {processor.py:839} INFO - DAG(s) dict_keys(['example_trigger_target_dag']) retrieved from /home/gmassoqueto/repos/apache-airflow-101/.venv/lib/python3.11/site-packages/airflow/example_dags/example_trigger_target_dag.py
[2023-11-14T07:04:16.193-0300] {logging_mixin.py:154} INFO - [2023-11-14T07:04:16.193-0300] {dag.py:2941} INFO - Sync 1 DAGs
[2023-11-14T07:04:16.204-0300] {logging_mixin.py:154} INFO - [2023-11-14T07:04:16.204-0300] {dag.py:3722} INFO - Setting next_dagrun for example_trigger_target_dag to None, run_after=None
[2023-11-14T07:04:16.222-0300] {processor.py:179} INFO - Processing /home/gmassoqueto/repos/apache-airflow-101/.venv/lib/python3.11/site-packages/airflow/example_dags/example_trigger_target_dag.py took 0.060 seconds
[2023-11-14T07:57:25.079-0300] {processor.py:157} INFO - Started process (PID=287206) to work on /home/gmassoqueto/repos/apache-airflow-101/.venv/lib/python3.11/site-packages/airflow/example_dags/example_trigger_target_dag.py
[2023-11-14T07:57:25.084-0300] {processor.py:829} INFO - Processing file /home/gmassoqueto/repos/apache-airflow-101/.venv/lib/python3.11/site-packages/airflow/example_dags/example_trigger_target_dag.py for tasks to queue
[2023-11-14T07:57:25.087-0300] {logging_mixin.py:154} INFO - [2023-11-14T07:57:25.086-0300] {dagbag.py:536} INFO - Filling up the DagBag from /home/gmassoqueto/repos/apache-airflow-101/.venv/lib/python3.11/site-packages/airflow/example_dags/example_trigger_target_dag.py
[2023-11-14T07:57:25.098-0300] {processor.py:839} INFO - DAG(s) dict_keys(['example_trigger_target_dag']) retrieved from /home/gmassoqueto/repos/apache-airflow-101/.venv/lib/python3.11/site-packages/airflow/example_dags/example_trigger_target_dag.py
[2023-11-14T07:57:25.106-0300] {logging_mixin.py:154} INFO - [2023-11-14T07:57:25.106-0300] {dag.py:2941} INFO - Sync 1 DAGs
[2023-11-14T07:57:25.120-0300] {logging_mixin.py:154} INFO - [2023-11-14T07:57:25.120-0300] {dag.py:3722} INFO - Setting next_dagrun for example_trigger_target_dag to None, run_after=None
[2023-11-14T07:57:25.141-0300] {processor.py:179} INFO - Processing /home/gmassoqueto/repos/apache-airflow-101/.venv/lib/python3.11/site-packages/airflow/example_dags/example_trigger_target_dag.py took 0.070 seconds
[2023-11-14T07:58:10.687-0300] {processor.py:157} INFO - Started process (PID=287401) to work on /home/gmassoqueto/repos/apache-airflow-101/.venv/lib/python3.11/site-packages/airflow/example_dags/example_trigger_target_dag.py
[2023-11-14T07:58:10.688-0300] {processor.py:829} INFO - Processing file /home/gmassoqueto/repos/apache-airflow-101/.venv/lib/python3.11/site-packages/airflow/example_dags/example_trigger_target_dag.py for tasks to queue
[2023-11-14T07:58:10.688-0300] {logging_mixin.py:154} INFO - [2023-11-14T07:58:10.688-0300] {dagbag.py:536} INFO - Filling up the DagBag from /home/gmassoqueto/repos/apache-airflow-101/.venv/lib/python3.11/site-packages/airflow/example_dags/example_trigger_target_dag.py
[2023-11-14T07:58:10.693-0300] {processor.py:839} INFO - DAG(s) dict_keys(['example_trigger_target_dag']) retrieved from /home/gmassoqueto/repos/apache-airflow-101/.venv/lib/python3.11/site-packages/airflow/example_dags/example_trigger_target_dag.py
[2023-11-14T07:58:10.706-0300] {logging_mixin.py:154} INFO - [2023-11-14T07:58:10.706-0300] {dag.py:2941} INFO - Sync 1 DAGs
[2023-11-14T07:58:10.716-0300] {logging_mixin.py:154} INFO - [2023-11-14T07:58:10.716-0300] {dag.py:3722} INFO - Setting next_dagrun for example_trigger_target_dag to None, run_after=None
[2023-11-14T07:58:10.733-0300] {processor.py:179} INFO - Processing /home/gmassoqueto/repos/apache-airflow-101/.venv/lib/python3.11/site-packages/airflow/example_dags/example_trigger_target_dag.py took 0.048 seconds
[2023-11-14T07:58:56.095-0300] {processor.py:157} INFO - Started process (PID=287548) to work on /home/gmassoqueto/repos/apache-airflow-101/.venv/lib/python3.11/site-packages/airflow/example_dags/example_trigger_target_dag.py
[2023-11-14T07:58:56.099-0300] {processor.py:829} INFO - Processing file /home/gmassoqueto/repos/apache-airflow-101/.venv/lib/python3.11/site-packages/airflow/example_dags/example_trigger_target_dag.py for tasks to queue
[2023-11-14T07:58:56.101-0300] {logging_mixin.py:154} INFO - [2023-11-14T07:58:56.100-0300] {dagbag.py:536} INFO - Filling up the DagBag from /home/gmassoqueto/repos/apache-airflow-101/.venv/lib/python3.11/site-packages/airflow/example_dags/example_trigger_target_dag.py
[2023-11-14T07:58:56.111-0300] {processor.py:839} INFO - DAG(s) dict_keys(['example_trigger_target_dag']) retrieved from /home/gmassoqueto/repos/apache-airflow-101/.venv/lib/python3.11/site-packages/airflow/example_dags/example_trigger_target_dag.py
[2023-11-14T07:58:56.128-0300] {logging_mixin.py:154} INFO - [2023-11-14T07:58:56.128-0300] {dag.py:2941} INFO - Sync 1 DAGs
[2023-11-14T07:58:56.140-0300] {logging_mixin.py:154} INFO - [2023-11-14T07:58:56.140-0300] {dag.py:3722} INFO - Setting next_dagrun for example_trigger_target_dag to None, run_after=None
[2023-11-14T07:58:56.161-0300] {processor.py:179} INFO - Processing /home/gmassoqueto/repos/apache-airflow-101/.venv/lib/python3.11/site-packages/airflow/example_dags/example_trigger_target_dag.py took 0.069 seconds
[2023-11-14T07:59:44.227-0300] {processor.py:157} INFO - Started process (PID=287645) to work on /home/gmassoqueto/repos/apache-airflow-101/.venv/lib/python3.11/site-packages/airflow/example_dags/example_trigger_target_dag.py
[2023-11-14T07:59:44.232-0300] {processor.py:829} INFO - Processing file /home/gmassoqueto/repos/apache-airflow-101/.venv/lib/python3.11/site-packages/airflow/example_dags/example_trigger_target_dag.py for tasks to queue
[2023-11-14T07:59:44.234-0300] {logging_mixin.py:154} INFO - [2023-11-14T07:59:44.233-0300] {dagbag.py:536} INFO - Filling up the DagBag from /home/gmassoqueto/repos/apache-airflow-101/.venv/lib/python3.11/site-packages/airflow/example_dags/example_trigger_target_dag.py
[2023-11-14T07:59:44.246-0300] {processor.py:839} INFO - DAG(s) dict_keys(['example_trigger_target_dag']) retrieved from /home/gmassoqueto/repos/apache-airflow-101/.venv/lib/python3.11/site-packages/airflow/example_dags/example_trigger_target_dag.py
[2023-11-14T07:59:44.262-0300] {logging_mixin.py:154} INFO - [2023-11-14T07:59:44.262-0300] {dag.py:2941} INFO - Sync 1 DAGs
[2023-11-14T07:59:44.273-0300] {logging_mixin.py:154} INFO - [2023-11-14T07:59:44.273-0300] {dag.py:3722} INFO - Setting next_dagrun for example_trigger_target_dag to None, run_after=None
[2023-11-14T07:59:44.302-0300] {processor.py:179} INFO - Processing /home/gmassoqueto/repos/apache-airflow-101/.venv/lib/python3.11/site-packages/airflow/example_dags/example_trigger_target_dag.py took 0.083 seconds
[2023-11-14T08:00:35.039-0300] {processor.py:157} INFO - Started process (PID=287789) to work on /home/gmassoqueto/repos/apache-airflow-101/.venv/lib/python3.11/site-packages/airflow/example_dags/example_trigger_target_dag.py
[2023-11-14T08:00:35.042-0300] {processor.py:829} INFO - Processing file /home/gmassoqueto/repos/apache-airflow-101/.venv/lib/python3.11/site-packages/airflow/example_dags/example_trigger_target_dag.py for tasks to queue
[2023-11-14T08:00:35.043-0300] {logging_mixin.py:154} INFO - [2023-11-14T08:00:35.043-0300] {dagbag.py:536} INFO - Filling up the DagBag from /home/gmassoqueto/repos/apache-airflow-101/.venv/lib/python3.11/site-packages/airflow/example_dags/example_trigger_target_dag.py
[2023-11-14T08:00:35.048-0300] {processor.py:839} INFO - DAG(s) dict_keys(['example_trigger_target_dag']) retrieved from /home/gmassoqueto/repos/apache-airflow-101/.venv/lib/python3.11/site-packages/airflow/example_dags/example_trigger_target_dag.py
[2023-11-14T08:00:35.064-0300] {logging_mixin.py:154} INFO - [2023-11-14T08:00:35.064-0300] {dag.py:2941} INFO - Sync 1 DAGs
[2023-11-14T08:00:35.075-0300] {logging_mixin.py:154} INFO - [2023-11-14T08:00:35.075-0300] {dag.py:3722} INFO - Setting next_dagrun for example_trigger_target_dag to None, run_after=None
[2023-11-14T08:00:35.100-0300] {processor.py:179} INFO - Processing /home/gmassoqueto/repos/apache-airflow-101/.venv/lib/python3.11/site-packages/airflow/example_dags/example_trigger_target_dag.py took 0.064 seconds
[2023-11-14T08:01:21.598-0300] {processor.py:157} INFO - Started process (PID=288025) to work on /home/gmassoqueto/repos/apache-airflow-101/.venv/lib/python3.11/site-packages/airflow/example_dags/example_trigger_target_dag.py
[2023-11-14T08:01:21.603-0300] {processor.py:829} INFO - Processing file /home/gmassoqueto/repos/apache-airflow-101/.venv/lib/python3.11/site-packages/airflow/example_dags/example_trigger_target_dag.py for tasks to queue
[2023-11-14T08:01:21.605-0300] {logging_mixin.py:154} INFO - [2023-11-14T08:01:21.604-0300] {dagbag.py:536} INFO - Filling up the DagBag from /home/gmassoqueto/repos/apache-airflow-101/.venv/lib/python3.11/site-packages/airflow/example_dags/example_trigger_target_dag.py
[2023-11-14T08:01:21.617-0300] {processor.py:839} INFO - DAG(s) dict_keys(['example_trigger_target_dag']) retrieved from /home/gmassoqueto/repos/apache-airflow-101/.venv/lib/python3.11/site-packages/airflow/example_dags/example_trigger_target_dag.py
[2023-11-14T08:01:21.634-0300] {logging_mixin.py:154} INFO - [2023-11-14T08:01:21.634-0300] {dag.py:2941} INFO - Sync 1 DAGs
[2023-11-14T08:01:21.643-0300] {logging_mixin.py:154} INFO - [2023-11-14T08:01:21.643-0300] {dag.py:3722} INFO - Setting next_dagrun for example_trigger_target_dag to None, run_after=None
[2023-11-14T08:01:21.670-0300] {processor.py:179} INFO - Processing /home/gmassoqueto/repos/apache-airflow-101/.venv/lib/python3.11/site-packages/airflow/example_dags/example_trigger_target_dag.py took 0.080 seconds
[2023-11-14T08:02:10.387-0300] {processor.py:157} INFO - Started process (PID=288110) to work on /home/gmassoqueto/repos/apache-airflow-101/.venv/lib/python3.11/site-packages/airflow/example_dags/example_trigger_target_dag.py
[2023-11-14T08:02:10.391-0300] {processor.py:829} INFO - Processing file /home/gmassoqueto/repos/apache-airflow-101/.venv/lib/python3.11/site-packages/airflow/example_dags/example_trigger_target_dag.py for tasks to queue
[2023-11-14T08:02:10.393-0300] {logging_mixin.py:154} INFO - [2023-11-14T08:02:10.392-0300] {dagbag.py:536} INFO - Filling up the DagBag from /home/gmassoqueto/repos/apache-airflow-101/.venv/lib/python3.11/site-packages/airflow/example_dags/example_trigger_target_dag.py
[2023-11-14T08:02:10.403-0300] {processor.py:839} INFO - DAG(s) dict_keys(['example_trigger_target_dag']) retrieved from /home/gmassoqueto/repos/apache-airflow-101/.venv/lib/python3.11/site-packages/airflow/example_dags/example_trigger_target_dag.py
[2023-11-14T08:02:10.424-0300] {logging_mixin.py:154} INFO - [2023-11-14T08:02:10.424-0300] {dag.py:2941} INFO - Sync 1 DAGs
[2023-11-14T08:02:10.434-0300] {logging_mixin.py:154} INFO - [2023-11-14T08:02:10.433-0300] {dag.py:3722} INFO - Setting next_dagrun for example_trigger_target_dag to None, run_after=None
[2023-11-14T08:02:10.464-0300] {processor.py:179} INFO - Processing /home/gmassoqueto/repos/apache-airflow-101/.venv/lib/python3.11/site-packages/airflow/example_dags/example_trigger_target_dag.py took 0.082 seconds
[2023-11-14T08:03:00.156-0300] {processor.py:157} INFO - Started process (PID=288299) to work on /home/gmassoqueto/repos/apache-airflow-101/.venv/lib/python3.11/site-packages/airflow/example_dags/example_trigger_target_dag.py
[2023-11-14T08:03:00.160-0300] {processor.py:829} INFO - Processing file /home/gmassoqueto/repos/apache-airflow-101/.venv/lib/python3.11/site-packages/airflow/example_dags/example_trigger_target_dag.py for tasks to queue
[2023-11-14T08:03:00.161-0300] {logging_mixin.py:154} INFO - [2023-11-14T08:03:00.161-0300] {dagbag.py:536} INFO - Filling up the DagBag from /home/gmassoqueto/repos/apache-airflow-101/.venv/lib/python3.11/site-packages/airflow/example_dags/example_trigger_target_dag.py
[2023-11-14T08:03:00.171-0300] {processor.py:839} INFO - DAG(s) dict_keys(['example_trigger_target_dag']) retrieved from /home/gmassoqueto/repos/apache-airflow-101/.venv/lib/python3.11/site-packages/airflow/example_dags/example_trigger_target_dag.py
[2023-11-14T08:03:00.186-0300] {logging_mixin.py:154} INFO - [2023-11-14T08:03:00.186-0300] {dag.py:2941} INFO - Sync 1 DAGs
[2023-11-14T08:03:00.196-0300] {logging_mixin.py:154} INFO - [2023-11-14T08:03:00.196-0300] {dag.py:3722} INFO - Setting next_dagrun for example_trigger_target_dag to None, run_after=None
[2023-11-14T08:03:00.214-0300] {processor.py:179} INFO - Processing /home/gmassoqueto/repos/apache-airflow-101/.venv/lib/python3.11/site-packages/airflow/example_dags/example_trigger_target_dag.py took 0.062 seconds
[2023-11-14T08:03:46.823-0300] {processor.py:157} INFO - Started process (PID=288697) to work on /home/gmassoqueto/repos/apache-airflow-101/.venv/lib/python3.11/site-packages/airflow/example_dags/example_trigger_target_dag.py
[2023-11-14T08:03:46.828-0300] {processor.py:829} INFO - Processing file /home/gmassoqueto/repos/apache-airflow-101/.venv/lib/python3.11/site-packages/airflow/example_dags/example_trigger_target_dag.py for tasks to queue
[2023-11-14T08:03:46.829-0300] {logging_mixin.py:154} INFO - [2023-11-14T08:03:46.828-0300] {dagbag.py:536} INFO - Filling up the DagBag from /home/gmassoqueto/repos/apache-airflow-101/.venv/lib/python3.11/site-packages/airflow/example_dags/example_trigger_target_dag.py
[2023-11-14T08:03:46.835-0300] {processor.py:839} INFO - DAG(s) dict_keys(['example_trigger_target_dag']) retrieved from /home/gmassoqueto/repos/apache-airflow-101/.venv/lib/python3.11/site-packages/airflow/example_dags/example_trigger_target_dag.py
[2023-11-14T08:03:46.851-0300] {logging_mixin.py:154} INFO - [2023-11-14T08:03:46.851-0300] {dag.py:2941} INFO - Sync 1 DAGs
[2023-11-14T08:03:46.862-0300] {logging_mixin.py:154} INFO - [2023-11-14T08:03:46.861-0300] {dag.py:3722} INFO - Setting next_dagrun for example_trigger_target_dag to None, run_after=None
[2023-11-14T08:03:46.880-0300] {processor.py:179} INFO - Processing /home/gmassoqueto/repos/apache-airflow-101/.venv/lib/python3.11/site-packages/airflow/example_dags/example_trigger_target_dag.py took 0.060 seconds
[2023-11-14T08:04:38.659-0300] {processor.py:157} INFO - Started process (PID=288953) to work on /home/gmassoqueto/repos/apache-airflow-101/.venv/lib/python3.11/site-packages/airflow/example_dags/example_trigger_target_dag.py
[2023-11-14T08:04:38.664-0300] {processor.py:829} INFO - Processing file /home/gmassoqueto/repos/apache-airflow-101/.venv/lib/python3.11/site-packages/airflow/example_dags/example_trigger_target_dag.py for tasks to queue
[2023-11-14T08:04:38.666-0300] {logging_mixin.py:154} INFO - [2023-11-14T08:04:38.665-0300] {dagbag.py:536} INFO - Filling up the DagBag from /home/gmassoqueto/repos/apache-airflow-101/.venv/lib/python3.11/site-packages/airflow/example_dags/example_trigger_target_dag.py
[2023-11-14T08:04:38.682-0300] {processor.py:839} INFO - DAG(s) dict_keys(['example_trigger_target_dag']) retrieved from /home/gmassoqueto/repos/apache-airflow-101/.venv/lib/python3.11/site-packages/airflow/example_dags/example_trigger_target_dag.py
[2023-11-14T08:04:38.713-0300] {logging_mixin.py:154} INFO - [2023-11-14T08:04:38.713-0300] {dag.py:2941} INFO - Sync 1 DAGs
[2023-11-14T08:04:38.727-0300] {logging_mixin.py:154} INFO - [2023-11-14T08:04:38.727-0300] {dag.py:3722} INFO - Setting next_dagrun for example_trigger_target_dag to None, run_after=None
[2023-11-14T08:04:38.747-0300] {processor.py:179} INFO - Processing /home/gmassoqueto/repos/apache-airflow-101/.venv/lib/python3.11/site-packages/airflow/example_dags/example_trigger_target_dag.py took 0.096 seconds
[2023-11-14T08:05:27.113-0300] {processor.py:157} INFO - Started process (PID=289044) to work on /home/gmassoqueto/repos/apache-airflow-101/.venv/lib/python3.11/site-packages/airflow/example_dags/example_trigger_target_dag.py
[2023-11-14T08:05:27.117-0300] {processor.py:829} INFO - Processing file /home/gmassoqueto/repos/apache-airflow-101/.venv/lib/python3.11/site-packages/airflow/example_dags/example_trigger_target_dag.py for tasks to queue
[2023-11-14T08:05:27.118-0300] {logging_mixin.py:154} INFO - [2023-11-14T08:05:27.117-0300] {dagbag.py:536} INFO - Filling up the DagBag from /home/gmassoqueto/repos/apache-airflow-101/.venv/lib/python3.11/site-packages/airflow/example_dags/example_trigger_target_dag.py
[2023-11-14T08:05:27.125-0300] {processor.py:839} INFO - DAG(s) dict_keys(['example_trigger_target_dag']) retrieved from /home/gmassoqueto/repos/apache-airflow-101/.venv/lib/python3.11/site-packages/airflow/example_dags/example_trigger_target_dag.py
[2023-11-14T08:05:27.142-0300] {logging_mixin.py:154} INFO - [2023-11-14T08:05:27.142-0300] {dag.py:2941} INFO - Sync 1 DAGs
[2023-11-14T08:05:27.152-0300] {logging_mixin.py:154} INFO - [2023-11-14T08:05:27.152-0300] {dag.py:3722} INFO - Setting next_dagrun for example_trigger_target_dag to None, run_after=None
[2023-11-14T08:05:27.172-0300] {processor.py:179} INFO - Processing /home/gmassoqueto/repos/apache-airflow-101/.venv/lib/python3.11/site-packages/airflow/example_dags/example_trigger_target_dag.py took 0.062 seconds
[2023-11-14T08:06:15.907-0300] {processor.py:157} INFO - Started process (PID=289189) to work on /home/gmassoqueto/repos/apache-airflow-101/.venv/lib/python3.11/site-packages/airflow/example_dags/example_trigger_target_dag.py
[2023-11-14T08:06:15.911-0300] {processor.py:829} INFO - Processing file /home/gmassoqueto/repos/apache-airflow-101/.venv/lib/python3.11/site-packages/airflow/example_dags/example_trigger_target_dag.py for tasks to queue
[2023-11-14T08:06:15.913-0300] {logging_mixin.py:154} INFO - [2023-11-14T08:06:15.912-0300] {dagbag.py:536} INFO - Filling up the DagBag from /home/gmassoqueto/repos/apache-airflow-101/.venv/lib/python3.11/site-packages/airflow/example_dags/example_trigger_target_dag.py
[2023-11-14T08:06:15.924-0300] {processor.py:839} INFO - DAG(s) dict_keys(['example_trigger_target_dag']) retrieved from /home/gmassoqueto/repos/apache-airflow-101/.venv/lib/python3.11/site-packages/airflow/example_dags/example_trigger_target_dag.py
[2023-11-14T08:06:15.942-0300] {logging_mixin.py:154} INFO - [2023-11-14T08:06:15.942-0300] {dag.py:2941} INFO - Sync 1 DAGs
[2023-11-14T08:06:15.956-0300] {logging_mixin.py:154} INFO - [2023-11-14T08:06:15.956-0300] {dag.py:3722} INFO - Setting next_dagrun for example_trigger_target_dag to None, run_after=None
[2023-11-14T08:06:15.978-0300] {processor.py:179} INFO - Processing /home/gmassoqueto/repos/apache-airflow-101/.venv/lib/python3.11/site-packages/airflow/example_dags/example_trigger_target_dag.py took 0.082 seconds
[2023-11-14T08:07:04.520-0300] {processor.py:157} INFO - Started process (PID=289305) to work on /home/gmassoqueto/repos/apache-airflow-101/.venv/lib/python3.11/site-packages/airflow/example_dags/example_trigger_target_dag.py
[2023-11-14T08:07:04.524-0300] {processor.py:829} INFO - Processing file /home/gmassoqueto/repos/apache-airflow-101/.venv/lib/python3.11/site-packages/airflow/example_dags/example_trigger_target_dag.py for tasks to queue
[2023-11-14T08:07:04.527-0300] {logging_mixin.py:154} INFO - [2023-11-14T08:07:04.526-0300] {dagbag.py:536} INFO - Filling up the DagBag from /home/gmassoqueto/repos/apache-airflow-101/.venv/lib/python3.11/site-packages/airflow/example_dags/example_trigger_target_dag.py
[2023-11-14T08:07:04.546-0300] {processor.py:839} INFO - DAG(s) dict_keys(['example_trigger_target_dag']) retrieved from /home/gmassoqueto/repos/apache-airflow-101/.venv/lib/python3.11/site-packages/airflow/example_dags/example_trigger_target_dag.py
[2023-11-14T08:07:04.567-0300] {logging_mixin.py:154} INFO - [2023-11-14T08:07:04.567-0300] {dag.py:2941} INFO - Sync 1 DAGs
[2023-11-14T08:07:04.577-0300] {logging_mixin.py:154} INFO - [2023-11-14T08:07:04.577-0300] {dag.py:3722} INFO - Setting next_dagrun for example_trigger_target_dag to None, run_after=None
[2023-11-14T08:07:04.607-0300] {processor.py:179} INFO - Processing /home/gmassoqueto/repos/apache-airflow-101/.venv/lib/python3.11/site-packages/airflow/example_dags/example_trigger_target_dag.py took 0.090 seconds
[2023-11-14T08:07:52.290-0300] {processor.py:157} INFO - Started process (PID=289518) to work on /home/gmassoqueto/repos/apache-airflow-101/.venv/lib/python3.11/site-packages/airflow/example_dags/example_trigger_target_dag.py
[2023-11-14T08:07:52.294-0300] {processor.py:829} INFO - Processing file /home/gmassoqueto/repos/apache-airflow-101/.venv/lib/python3.11/site-packages/airflow/example_dags/example_trigger_target_dag.py for tasks to queue
[2023-11-14T08:07:52.295-0300] {logging_mixin.py:154} INFO - [2023-11-14T08:07:52.294-0300] {dagbag.py:536} INFO - Filling up the DagBag from /home/gmassoqueto/repos/apache-airflow-101/.venv/lib/python3.11/site-packages/airflow/example_dags/example_trigger_target_dag.py
[2023-11-14T08:07:52.301-0300] {processor.py:839} INFO - DAG(s) dict_keys(['example_trigger_target_dag']) retrieved from /home/gmassoqueto/repos/apache-airflow-101/.venv/lib/python3.11/site-packages/airflow/example_dags/example_trigger_target_dag.py
[2023-11-14T08:07:52.318-0300] {logging_mixin.py:154} INFO - [2023-11-14T08:07:52.318-0300] {dag.py:2941} INFO - Sync 1 DAGs
[2023-11-14T08:07:52.332-0300] {logging_mixin.py:154} INFO - [2023-11-14T08:07:52.331-0300] {dag.py:3722} INFO - Setting next_dagrun for example_trigger_target_dag to None, run_after=None
[2023-11-14T08:07:52.355-0300] {processor.py:179} INFO - Processing /home/gmassoqueto/repos/apache-airflow-101/.venv/lib/python3.11/site-packages/airflow/example_dags/example_trigger_target_dag.py took 0.067 seconds
[2023-11-14T08:08:18.789-0300] {processor.py:157} INFO - Started process (PID=289718) to work on /home/gmassoqueto/repos/apache-airflow-101/.venv/lib/python3.11/site-packages/airflow/example_dags/example_trigger_target_dag.py
[2023-11-14T08:08:18.792-0300] {processor.py:829} INFO - Processing file /home/gmassoqueto/repos/apache-airflow-101/.venv/lib/python3.11/site-packages/airflow/example_dags/example_trigger_target_dag.py for tasks to queue
[2023-11-14T08:08:18.793-0300] {logging_mixin.py:154} INFO - [2023-11-14T08:08:18.793-0300] {dagbag.py:536} INFO - Filling up the DagBag from /home/gmassoqueto/repos/apache-airflow-101/.venv/lib/python3.11/site-packages/airflow/example_dags/example_trigger_target_dag.py
[2023-11-14T08:08:18.800-0300] {processor.py:839} INFO - DAG(s) dict_keys(['example_trigger_target_dag']) retrieved from /home/gmassoqueto/repos/apache-airflow-101/.venv/lib/python3.11/site-packages/airflow/example_dags/example_trigger_target_dag.py
[2023-11-14T08:08:18.806-0300] {logging_mixin.py:154} INFO - [2023-11-14T08:08:18.806-0300] {dag.py:2941} INFO - Sync 1 DAGs
[2023-11-14T08:08:18.816-0300] {logging_mixin.py:154} INFO - [2023-11-14T08:08:18.816-0300] {dag.py:2963} INFO - Creating ORM DAG for example_trigger_target_dag
[2023-11-14T08:08:18.817-0300] {logging_mixin.py:154} INFO - [2023-11-14T08:08:18.817-0300] {dag.py:3722} INFO - Setting next_dagrun for example_trigger_target_dag to None, run_after=None
[2023-11-14T08:08:18.834-0300] {processor.py:179} INFO - Processing /home/gmassoqueto/repos/apache-airflow-101/.venv/lib/python3.11/site-packages/airflow/example_dags/example_trigger_target_dag.py took 0.051 seconds
[2023-11-14T08:09:59.090-0300] {processor.py:157} INFO - Started process (PID=290491) to work on /home/gmassoqueto/repos/apache-airflow-101/.venv/lib/python3.11/site-packages/airflow/example_dags/example_trigger_target_dag.py
[2023-11-14T08:09:59.094-0300] {processor.py:829} INFO - Processing file /home/gmassoqueto/repos/apache-airflow-101/.venv/lib/python3.11/site-packages/airflow/example_dags/example_trigger_target_dag.py for tasks to queue
[2023-11-14T08:09:59.095-0300] {logging_mixin.py:154} INFO - [2023-11-14T08:09:59.094-0300] {dagbag.py:536} INFO - Filling up the DagBag from /home/gmassoqueto/repos/apache-airflow-101/.venv/lib/python3.11/site-packages/airflow/example_dags/example_trigger_target_dag.py
[2023-11-14T08:09:59.102-0300] {processor.py:839} INFO - DAG(s) dict_keys(['example_trigger_target_dag']) retrieved from /home/gmassoqueto/repos/apache-airflow-101/.venv/lib/python3.11/site-packages/airflow/example_dags/example_trigger_target_dag.py
[2023-11-14T08:09:59.108-0300] {logging_mixin.py:154} INFO - [2023-11-14T08:09:59.108-0300] {dag.py:2941} INFO - Sync 1 DAGs
[2023-11-14T08:09:59.118-0300] {logging_mixin.py:154} INFO - [2023-11-14T08:09:59.118-0300] {dag.py:3722} INFO - Setting next_dagrun for example_trigger_target_dag to None, run_after=None
[2023-11-14T08:09:59.147-0300] {processor.py:179} INFO - Processing /home/gmassoqueto/repos/apache-airflow-101/.venv/lib/python3.11/site-packages/airflow/example_dags/example_trigger_target_dag.py took 0.062 seconds
[2023-11-14T08:10:47.900-0300] {processor.py:157} INFO - Started process (PID=291090) to work on /home/gmassoqueto/repos/apache-airflow-101/.venv/lib/python3.11/site-packages/airflow/example_dags/example_trigger_target_dag.py
[2023-11-14T08:10:47.902-0300] {processor.py:829} INFO - Processing file /home/gmassoqueto/repos/apache-airflow-101/.venv/lib/python3.11/site-packages/airflow/example_dags/example_trigger_target_dag.py for tasks to queue
[2023-11-14T08:10:47.902-0300] {logging_mixin.py:154} INFO - [2023-11-14T08:10:47.902-0300] {dagbag.py:536} INFO - Filling up the DagBag from /home/gmassoqueto/repos/apache-airflow-101/.venv/lib/python3.11/site-packages/airflow/example_dags/example_trigger_target_dag.py
[2023-11-14T08:10:47.909-0300] {processor.py:839} INFO - DAG(s) dict_keys(['example_trigger_target_dag']) retrieved from /home/gmassoqueto/repos/apache-airflow-101/.venv/lib/python3.11/site-packages/airflow/example_dags/example_trigger_target_dag.py
[2023-11-14T08:10:47.922-0300] {logging_mixin.py:154} INFO - [2023-11-14T08:10:47.922-0300] {dag.py:2941} INFO - Sync 1 DAGs
[2023-11-14T08:10:47.931-0300] {logging_mixin.py:154} INFO - [2023-11-14T08:10:47.931-0300] {dag.py:3722} INFO - Setting next_dagrun for example_trigger_target_dag to None, run_after=None
[2023-11-14T08:10:47.949-0300] {processor.py:179} INFO - Processing /home/gmassoqueto/repos/apache-airflow-101/.venv/lib/python3.11/site-packages/airflow/example_dags/example_trigger_target_dag.py took 0.051 seconds
[2023-11-14T08:11:34.037-0300] {processor.py:157} INFO - Started process (PID=291196) to work on /home/gmassoqueto/repos/apache-airflow-101/.venv/lib/python3.11/site-packages/airflow/example_dags/example_trigger_target_dag.py
[2023-11-14T08:11:34.040-0300] {processor.py:829} INFO - Processing file /home/gmassoqueto/repos/apache-airflow-101/.venv/lib/python3.11/site-packages/airflow/example_dags/example_trigger_target_dag.py for tasks to queue
[2023-11-14T08:11:34.041-0300] {logging_mixin.py:154} INFO - [2023-11-14T08:11:34.041-0300] {dagbag.py:536} INFO - Filling up the DagBag from /home/gmassoqueto/repos/apache-airflow-101/.venv/lib/python3.11/site-packages/airflow/example_dags/example_trigger_target_dag.py
[2023-11-14T08:11:34.046-0300] {processor.py:839} INFO - DAG(s) dict_keys(['example_trigger_target_dag']) retrieved from /home/gmassoqueto/repos/apache-airflow-101/.venv/lib/python3.11/site-packages/airflow/example_dags/example_trigger_target_dag.py
[2023-11-14T08:11:34.060-0300] {logging_mixin.py:154} INFO - [2023-11-14T08:11:34.060-0300] {dag.py:2941} INFO - Sync 1 DAGs
[2023-11-14T08:11:34.070-0300] {logging_mixin.py:154} INFO - [2023-11-14T08:11:34.070-0300] {dag.py:3722} INFO - Setting next_dagrun for example_trigger_target_dag to None, run_after=None
[2023-11-14T08:11:34.089-0300] {processor.py:179} INFO - Processing /home/gmassoqueto/repos/apache-airflow-101/.venv/lib/python3.11/site-packages/airflow/example_dags/example_trigger_target_dag.py took 0.054 seconds
[2023-11-14T08:12:19.776-0300] {processor.py:157} INFO - Started process (PID=291369) to work on /home/gmassoqueto/repos/apache-airflow-101/.venv/lib/python3.11/site-packages/airflow/example_dags/example_trigger_target_dag.py
[2023-11-14T08:12:19.779-0300] {processor.py:829} INFO - Processing file /home/gmassoqueto/repos/apache-airflow-101/.venv/lib/python3.11/site-packages/airflow/example_dags/example_trigger_target_dag.py for tasks to queue
[2023-11-14T08:12:19.780-0300] {logging_mixin.py:154} INFO - [2023-11-14T08:12:19.779-0300] {dagbag.py:536} INFO - Filling up the DagBag from /home/gmassoqueto/repos/apache-airflow-101/.venv/lib/python3.11/site-packages/airflow/example_dags/example_trigger_target_dag.py
[2023-11-14T08:12:19.784-0300] {processor.py:839} INFO - DAG(s) dict_keys(['example_trigger_target_dag']) retrieved from /home/gmassoqueto/repos/apache-airflow-101/.venv/lib/python3.11/site-packages/airflow/example_dags/example_trigger_target_dag.py
[2023-11-14T08:12:19.789-0300] {logging_mixin.py:154} INFO - [2023-11-14T08:12:19.789-0300] {dag.py:2941} INFO - Sync 1 DAGs
[2023-11-14T08:12:19.798-0300] {logging_mixin.py:154} INFO - [2023-11-14T08:12:19.798-0300] {dag.py:3722} INFO - Setting next_dagrun for example_trigger_target_dag to None, run_after=None
[2023-11-14T08:12:19.823-0300] {processor.py:179} INFO - Processing /home/gmassoqueto/repos/apache-airflow-101/.venv/lib/python3.11/site-packages/airflow/example_dags/example_trigger_target_dag.py took 0.049 seconds
[2023-11-14T08:13:06.489-0300] {processor.py:157} INFO - Started process (PID=291587) to work on /home/gmassoqueto/repos/apache-airflow-101/.venv/lib/python3.11/site-packages/airflow/example_dags/example_trigger_target_dag.py
[2023-11-14T08:13:06.493-0300] {processor.py:829} INFO - Processing file /home/gmassoqueto/repos/apache-airflow-101/.venv/lib/python3.11/site-packages/airflow/example_dags/example_trigger_target_dag.py for tasks to queue
[2023-11-14T08:13:06.495-0300] {logging_mixin.py:154} INFO - [2023-11-14T08:13:06.494-0300] {dagbag.py:536} INFO - Filling up the DagBag from /home/gmassoqueto/repos/apache-airflow-101/.venv/lib/python3.11/site-packages/airflow/example_dags/example_trigger_target_dag.py
[2023-11-14T08:13:06.510-0300] {processor.py:839} INFO - DAG(s) dict_keys(['example_trigger_target_dag']) retrieved from /home/gmassoqueto/repos/apache-airflow-101/.venv/lib/python3.11/site-packages/airflow/example_dags/example_trigger_target_dag.py
[2023-11-14T08:13:06.533-0300] {logging_mixin.py:154} INFO - [2023-11-14T08:13:06.533-0300] {dag.py:2941} INFO - Sync 1 DAGs
[2023-11-14T08:13:06.544-0300] {logging_mixin.py:154} INFO - [2023-11-14T08:13:06.543-0300] {dag.py:3722} INFO - Setting next_dagrun for example_trigger_target_dag to None, run_after=None
[2023-11-14T08:13:06.570-0300] {processor.py:179} INFO - Processing /home/gmassoqueto/repos/apache-airflow-101/.venv/lib/python3.11/site-packages/airflow/example_dags/example_trigger_target_dag.py took 0.083 seconds
[2023-11-14T08:13:52.799-0300] {processor.py:157} INFO - Started process (PID=291677) to work on /home/gmassoqueto/repos/apache-airflow-101/.venv/lib/python3.11/site-packages/airflow/example_dags/example_trigger_target_dag.py
[2023-11-14T08:13:52.804-0300] {processor.py:829} INFO - Processing file /home/gmassoqueto/repos/apache-airflow-101/.venv/lib/python3.11/site-packages/airflow/example_dags/example_trigger_target_dag.py for tasks to queue
[2023-11-14T08:13:52.807-0300] {logging_mixin.py:154} INFO - [2023-11-14T08:13:52.805-0300] {dagbag.py:536} INFO - Filling up the DagBag from /home/gmassoqueto/repos/apache-airflow-101/.venv/lib/python3.11/site-packages/airflow/example_dags/example_trigger_target_dag.py
[2023-11-14T08:13:52.824-0300] {processor.py:839} INFO - DAG(s) dict_keys(['example_trigger_target_dag']) retrieved from /home/gmassoqueto/repos/apache-airflow-101/.venv/lib/python3.11/site-packages/airflow/example_dags/example_trigger_target_dag.py
[2023-11-14T08:13:52.853-0300] {logging_mixin.py:154} INFO - [2023-11-14T08:13:52.852-0300] {dag.py:2941} INFO - Sync 1 DAGs
[2023-11-14T08:13:52.864-0300] {logging_mixin.py:154} INFO - [2023-11-14T08:13:52.864-0300] {dag.py:3722} INFO - Setting next_dagrun for example_trigger_target_dag to None, run_after=None
[2023-11-14T08:13:52.883-0300] {processor.py:179} INFO - Processing /home/gmassoqueto/repos/apache-airflow-101/.venv/lib/python3.11/site-packages/airflow/example_dags/example_trigger_target_dag.py took 0.092 seconds
[2023-11-14T08:14:41.223-0300] {processor.py:157} INFO - Started process (PID=291787) to work on /home/gmassoqueto/repos/apache-airflow-101/.venv/lib/python3.11/site-packages/airflow/example_dags/example_trigger_target_dag.py
[2023-11-14T08:14:41.226-0300] {processor.py:829} INFO - Processing file /home/gmassoqueto/repos/apache-airflow-101/.venv/lib/python3.11/site-packages/airflow/example_dags/example_trigger_target_dag.py for tasks to queue
[2023-11-14T08:14:41.227-0300] {logging_mixin.py:154} INFO - [2023-11-14T08:14:41.227-0300] {dagbag.py:536} INFO - Filling up the DagBag from /home/gmassoqueto/repos/apache-airflow-101/.venv/lib/python3.11/site-packages/airflow/example_dags/example_trigger_target_dag.py
[2023-11-14T08:14:41.231-0300] {processor.py:839} INFO - DAG(s) dict_keys(['example_trigger_target_dag']) retrieved from /home/gmassoqueto/repos/apache-airflow-101/.venv/lib/python3.11/site-packages/airflow/example_dags/example_trigger_target_dag.py
[2023-11-14T08:14:41.243-0300] {logging_mixin.py:154} INFO - [2023-11-14T08:14:41.243-0300] {dag.py:2941} INFO - Sync 1 DAGs
[2023-11-14T08:14:41.252-0300] {logging_mixin.py:154} INFO - [2023-11-14T08:14:41.252-0300] {dag.py:3722} INFO - Setting next_dagrun for example_trigger_target_dag to None, run_after=None
[2023-11-14T08:14:41.282-0300] {processor.py:179} INFO - Processing /home/gmassoqueto/repos/apache-airflow-101/.venv/lib/python3.11/site-packages/airflow/example_dags/example_trigger_target_dag.py took 0.061 seconds
[2023-11-14T08:15:27.670-0300] {processor.py:157} INFO - Started process (PID=291917) to work on /home/gmassoqueto/repos/apache-airflow-101/.venv/lib/python3.11/site-packages/airflow/example_dags/example_trigger_target_dag.py
[2023-11-14T08:15:27.674-0300] {processor.py:829} INFO - Processing file /home/gmassoqueto/repos/apache-airflow-101/.venv/lib/python3.11/site-packages/airflow/example_dags/example_trigger_target_dag.py for tasks to queue
[2023-11-14T08:15:27.675-0300] {logging_mixin.py:154} INFO - [2023-11-14T08:15:27.675-0300] {dagbag.py:536} INFO - Filling up the DagBag from /home/gmassoqueto/repos/apache-airflow-101/.venv/lib/python3.11/site-packages/airflow/example_dags/example_trigger_target_dag.py
[2023-11-14T08:15:27.689-0300] {processor.py:839} INFO - DAG(s) dict_keys(['example_trigger_target_dag']) retrieved from /home/gmassoqueto/repos/apache-airflow-101/.venv/lib/python3.11/site-packages/airflow/example_dags/example_trigger_target_dag.py
[2023-11-14T08:15:27.713-0300] {logging_mixin.py:154} INFO - [2023-11-14T08:15:27.713-0300] {dag.py:2941} INFO - Sync 1 DAGs
[2023-11-14T08:15:27.723-0300] {logging_mixin.py:154} INFO - [2023-11-14T08:15:27.723-0300] {dag.py:3722} INFO - Setting next_dagrun for example_trigger_target_dag to None, run_after=None
[2023-11-14T08:15:27.742-0300] {processor.py:179} INFO - Processing /home/gmassoqueto/repos/apache-airflow-101/.venv/lib/python3.11/site-packages/airflow/example_dags/example_trigger_target_dag.py took 0.074 seconds
[2023-11-14T08:16:15.361-0300] {processor.py:157} INFO - Started process (PID=292006) to work on /home/gmassoqueto/repos/apache-airflow-101/.venv/lib/python3.11/site-packages/airflow/example_dags/example_trigger_target_dag.py
[2023-11-14T08:16:15.365-0300] {processor.py:829} INFO - Processing file /home/gmassoqueto/repos/apache-airflow-101/.venv/lib/python3.11/site-packages/airflow/example_dags/example_trigger_target_dag.py for tasks to queue
[2023-11-14T08:16:15.367-0300] {logging_mixin.py:154} INFO - [2023-11-14T08:16:15.366-0300] {dagbag.py:536} INFO - Filling up the DagBag from /home/gmassoqueto/repos/apache-airflow-101/.venv/lib/python3.11/site-packages/airflow/example_dags/example_trigger_target_dag.py
[2023-11-14T08:16:15.380-0300] {processor.py:839} INFO - DAG(s) dict_keys(['example_trigger_target_dag']) retrieved from /home/gmassoqueto/repos/apache-airflow-101/.venv/lib/python3.11/site-packages/airflow/example_dags/example_trigger_target_dag.py
[2023-11-14T08:16:15.405-0300] {logging_mixin.py:154} INFO - [2023-11-14T08:16:15.405-0300] {dag.py:2941} INFO - Sync 1 DAGs
[2023-11-14T08:16:15.416-0300] {logging_mixin.py:154} INFO - [2023-11-14T08:16:15.416-0300] {dag.py:3722} INFO - Setting next_dagrun for example_trigger_target_dag to None, run_after=None
[2023-11-14T08:16:15.434-0300] {processor.py:179} INFO - Processing /home/gmassoqueto/repos/apache-airflow-101/.venv/lib/python3.11/site-packages/airflow/example_dags/example_trigger_target_dag.py took 0.075 seconds
[2023-11-14T08:17:06.427-0300] {processor.py:157} INFO - Started process (PID=292093) to work on /home/gmassoqueto/repos/apache-airflow-101/.venv/lib/python3.11/site-packages/airflow/example_dags/example_trigger_target_dag.py
[2023-11-14T08:17:06.431-0300] {processor.py:829} INFO - Processing file /home/gmassoqueto/repos/apache-airflow-101/.venv/lib/python3.11/site-packages/airflow/example_dags/example_trigger_target_dag.py for tasks to queue
[2023-11-14T08:17:06.431-0300] {logging_mixin.py:154} INFO - [2023-11-14T08:17:06.431-0300] {dagbag.py:536} INFO - Filling up the DagBag from /home/gmassoqueto/repos/apache-airflow-101/.venv/lib/python3.11/site-packages/airflow/example_dags/example_trigger_target_dag.py
[2023-11-14T08:17:06.437-0300] {processor.py:839} INFO - DAG(s) dict_keys(['example_trigger_target_dag']) retrieved from /home/gmassoqueto/repos/apache-airflow-101/.venv/lib/python3.11/site-packages/airflow/example_dags/example_trigger_target_dag.py
[2023-11-14T08:17:06.452-0300] {logging_mixin.py:154} INFO - [2023-11-14T08:17:06.452-0300] {dag.py:2941} INFO - Sync 1 DAGs
[2023-11-14T08:17:06.463-0300] {logging_mixin.py:154} INFO - [2023-11-14T08:17:06.463-0300] {dag.py:3722} INFO - Setting next_dagrun for example_trigger_target_dag to None, run_after=None
[2023-11-14T08:17:06.492-0300] {processor.py:179} INFO - Processing /home/gmassoqueto/repos/apache-airflow-101/.venv/lib/python3.11/site-packages/airflow/example_dags/example_trigger_target_dag.py took 0.067 seconds
[2023-11-14T08:17:55.032-0300] {processor.py:157} INFO - Started process (PID=292195) to work on /home/gmassoqueto/repos/apache-airflow-101/.venv/lib/python3.11/site-packages/airflow/example_dags/example_trigger_target_dag.py
[2023-11-14T08:17:55.037-0300] {processor.py:829} INFO - Processing file /home/gmassoqueto/repos/apache-airflow-101/.venv/lib/python3.11/site-packages/airflow/example_dags/example_trigger_target_dag.py for tasks to queue
[2023-11-14T08:17:55.039-0300] {logging_mixin.py:154} INFO - [2023-11-14T08:17:55.038-0300] {dagbag.py:536} INFO - Filling up the DagBag from /home/gmassoqueto/repos/apache-airflow-101/.venv/lib/python3.11/site-packages/airflow/example_dags/example_trigger_target_dag.py
[2023-11-14T08:17:55.054-0300] {processor.py:839} INFO - DAG(s) dict_keys(['example_trigger_target_dag']) retrieved from /home/gmassoqueto/repos/apache-airflow-101/.venv/lib/python3.11/site-packages/airflow/example_dags/example_trigger_target_dag.py
[2023-11-14T08:17:55.072-0300] {logging_mixin.py:154} INFO - [2023-11-14T08:17:55.072-0300] {dag.py:2941} INFO - Sync 1 DAGs
[2023-11-14T08:17:55.081-0300] {logging_mixin.py:154} INFO - [2023-11-14T08:17:55.081-0300] {dag.py:3722} INFO - Setting next_dagrun for example_trigger_target_dag to None, run_after=None
[2023-11-14T08:17:55.097-0300] {processor.py:179} INFO - Processing /home/gmassoqueto/repos/apache-airflow-101/.venv/lib/python3.11/site-packages/airflow/example_dags/example_trigger_target_dag.py took 0.072 seconds
