[2023-11-14T07:03:52.033-0300] {processor.py:157} INFO - Started process (PID=284808) to work on /home/gmassoqueto/repos/apache-airflow-101/.venv/lib/python3.11/site-packages/airflow/example_dags/example_params_ui_tutorial.py
[2023-11-14T07:03:52.035-0300] {processor.py:829} INFO - Processing file /home/gmassoqueto/repos/apache-airflow-101/.venv/lib/python3.11/site-packages/airflow/example_dags/example_params_ui_tutorial.py for tasks to queue
[2023-11-14T07:03:52.037-0300] {logging_mixin.py:154} INFO - [2023-11-14T07:03:52.036-0300] {dagbag.py:536} INFO - Filling up the DagBag from /home/gmassoqueto/repos/apache-airflow-101/.venv/lib/python3.11/site-packages/airflow/example_dags/example_params_ui_tutorial.py
[2023-11-14T07:03:52.078-0300] {processor.py:839} INFO - DAG(s) dict_keys(['example_params_ui_tutorial']) retrieved from /home/gmassoqueto/repos/apache-airflow-101/.venv/lib/python3.11/site-packages/airflow/example_dags/example_params_ui_tutorial.py
[2023-11-14T07:03:52.108-0300] {logging_mixin.py:154} INFO - [2023-11-14T07:03:52.108-0300] {dag.py:2941} INFO - Sync 1 DAGs
[2023-11-14T07:03:52.115-0300] {logging_mixin.py:154} INFO - [2023-11-14T07:03:52.115-0300] {dag.py:3722} INFO - Setting next_dagrun for example_params_ui_tutorial to None, run_after=None
[2023-11-14T07:03:52.139-0300] {processor.py:179} INFO - Processing /home/gmassoqueto/repos/apache-airflow-101/.venv/lib/python3.11/site-packages/airflow/example_dags/example_params_ui_tutorial.py took 0.113 seconds
[2023-11-14T07:57:47.250-0300] {processor.py:157} INFO - Started process (PID=287281) to work on /home/gmassoqueto/repos/apache-airflow-101/.venv/lib/python3.11/site-packages/airflow/example_dags/example_params_ui_tutorial.py
[2023-11-14T07:57:47.254-0300] {processor.py:829} INFO - Processing file /home/gmassoqueto/repos/apache-airflow-101/.venv/lib/python3.11/site-packages/airflow/example_dags/example_params_ui_tutorial.py for tasks to queue
[2023-11-14T07:57:47.255-0300] {logging_mixin.py:154} INFO - [2023-11-14T07:57:47.254-0300] {dagbag.py:536} INFO - Filling up the DagBag from /home/gmassoqueto/repos/apache-airflow-101/.venv/lib/python3.11/site-packages/airflow/example_dags/example_params_ui_tutorial.py
[2023-11-14T07:57:47.291-0300] {processor.py:839} INFO - DAG(s) dict_keys(['example_params_ui_tutorial']) retrieved from /home/gmassoqueto/repos/apache-airflow-101/.venv/lib/python3.11/site-packages/airflow/example_dags/example_params_ui_tutorial.py
[2023-11-14T07:57:47.328-0300] {logging_mixin.py:154} INFO - [2023-11-14T07:57:47.328-0300] {dag.py:2941} INFO - Sync 1 DAGs
[2023-11-14T07:57:47.335-0300] {logging_mixin.py:154} INFO - [2023-11-14T07:57:47.335-0300] {dag.py:3722} INFO - Setting next_dagrun for example_params_ui_tutorial to None, run_after=None
[2023-11-14T07:57:47.351-0300] {processor.py:179} INFO - Processing /home/gmassoqueto/repos/apache-airflow-101/.venv/lib/python3.11/site-packages/airflow/example_dags/example_params_ui_tutorial.py took 0.104 seconds
[2023-11-14T07:58:35.919-0300] {processor.py:157} INFO - Started process (PID=287456) to work on /home/gmassoqueto/repos/apache-airflow-101/.venv/lib/python3.11/site-packages/airflow/example_dags/example_params_ui_tutorial.py
[2023-11-14T07:58:35.923-0300] {processor.py:829} INFO - Processing file /home/gmassoqueto/repos/apache-airflow-101/.venv/lib/python3.11/site-packages/airflow/example_dags/example_params_ui_tutorial.py for tasks to queue
[2023-11-14T07:58:35.925-0300] {logging_mixin.py:154} INFO - [2023-11-14T07:58:35.924-0300] {dagbag.py:536} INFO - Filling up the DagBag from /home/gmassoqueto/repos/apache-airflow-101/.venv/lib/python3.11/site-packages/airflow/example_dags/example_params_ui_tutorial.py
[2023-11-14T07:58:35.955-0300] {processor.py:839} INFO - DAG(s) dict_keys(['example_params_ui_tutorial']) retrieved from /home/gmassoqueto/repos/apache-airflow-101/.venv/lib/python3.11/site-packages/airflow/example_dags/example_params_ui_tutorial.py
[2023-11-14T07:58:35.988-0300] {logging_mixin.py:154} INFO - [2023-11-14T07:58:35.988-0300] {dag.py:2941} INFO - Sync 1 DAGs
[2023-11-14T07:58:35.996-0300] {logging_mixin.py:154} INFO - [2023-11-14T07:58:35.996-0300] {dag.py:3722} INFO - Setting next_dagrun for example_params_ui_tutorial to None, run_after=None
[2023-11-14T07:58:36.023-0300] {processor.py:179} INFO - Processing /home/gmassoqueto/repos/apache-airflow-101/.venv/lib/python3.11/site-packages/airflow/example_dags/example_params_ui_tutorial.py took 0.108 seconds
[2023-11-14T07:59:22.910-0300] {processor.py:157} INFO - Started process (PID=287605) to work on /home/gmassoqueto/repos/apache-airflow-101/.venv/lib/python3.11/site-packages/airflow/example_dags/example_params_ui_tutorial.py
[2023-11-14T07:59:22.915-0300] {processor.py:829} INFO - Processing file /home/gmassoqueto/repos/apache-airflow-101/.venv/lib/python3.11/site-packages/airflow/example_dags/example_params_ui_tutorial.py for tasks to queue
[2023-11-14T07:59:22.918-0300] {logging_mixin.py:154} INFO - [2023-11-14T07:59:22.917-0300] {dagbag.py:536} INFO - Filling up the DagBag from /home/gmassoqueto/repos/apache-airflow-101/.venv/lib/python3.11/site-packages/airflow/example_dags/example_params_ui_tutorial.py
[2023-11-14T07:59:22.958-0300] {processor.py:839} INFO - DAG(s) dict_keys(['example_params_ui_tutorial']) retrieved from /home/gmassoqueto/repos/apache-airflow-101/.venv/lib/python3.11/site-packages/airflow/example_dags/example_params_ui_tutorial.py
[2023-11-14T07:59:22.988-0300] {logging_mixin.py:154} INFO - [2023-11-14T07:59:22.988-0300] {dag.py:2941} INFO - Sync 1 DAGs
[2023-11-14T07:59:22.996-0300] {logging_mixin.py:154} INFO - [2023-11-14T07:59:22.996-0300] {dag.py:3722} INFO - Setting next_dagrun for example_params_ui_tutorial to None, run_after=None
[2023-11-14T07:59:23.013-0300] {processor.py:179} INFO - Processing /home/gmassoqueto/repos/apache-airflow-101/.venv/lib/python3.11/site-packages/airflow/example_dags/example_params_ui_tutorial.py took 0.110 seconds
[2023-11-14T08:00:19.526-0300] {processor.py:157} INFO - Started process (PID=287734) to work on /home/gmassoqueto/repos/apache-airflow-101/.venv/lib/python3.11/site-packages/airflow/example_dags/example_params_ui_tutorial.py
[2023-11-14T08:00:19.527-0300] {processor.py:829} INFO - Processing file /home/gmassoqueto/repos/apache-airflow-101/.venv/lib/python3.11/site-packages/airflow/example_dags/example_params_ui_tutorial.py for tasks to queue
[2023-11-14T08:00:19.529-0300] {logging_mixin.py:154} INFO - [2023-11-14T08:00:19.528-0300] {dagbag.py:536} INFO - Filling up the DagBag from /home/gmassoqueto/repos/apache-airflow-101/.venv/lib/python3.11/site-packages/airflow/example_dags/example_params_ui_tutorial.py
[2023-11-14T08:00:19.561-0300] {processor.py:839} INFO - DAG(s) dict_keys(['example_params_ui_tutorial']) retrieved from /home/gmassoqueto/repos/apache-airflow-101/.venv/lib/python3.11/site-packages/airflow/example_dags/example_params_ui_tutorial.py
[2023-11-14T08:00:19.594-0300] {logging_mixin.py:154} INFO - [2023-11-14T08:00:19.594-0300] {dag.py:2941} INFO - Sync 1 DAGs
[2023-11-14T08:00:19.601-0300] {logging_mixin.py:154} INFO - [2023-11-14T08:00:19.601-0300] {dag.py:3722} INFO - Setting next_dagrun for example_params_ui_tutorial to None, run_after=None
[2023-11-14T08:00:19.628-0300] {processor.py:179} INFO - Processing /home/gmassoqueto/repos/apache-airflow-101/.venv/lib/python3.11/site-packages/airflow/example_dags/example_params_ui_tutorial.py took 0.106 seconds
[2023-11-14T08:01:08.700-0300] {processor.py:157} INFO - Started process (PID=287925) to work on /home/gmassoqueto/repos/apache-airflow-101/.venv/lib/python3.11/site-packages/airflow/example_dags/example_params_ui_tutorial.py
[2023-11-14T08:01:08.704-0300] {processor.py:829} INFO - Processing file /home/gmassoqueto/repos/apache-airflow-101/.venv/lib/python3.11/site-packages/airflow/example_dags/example_params_ui_tutorial.py for tasks to queue
[2023-11-14T08:01:08.706-0300] {logging_mixin.py:154} INFO - [2023-11-14T08:01:08.706-0300] {dagbag.py:536} INFO - Filling up the DagBag from /home/gmassoqueto/repos/apache-airflow-101/.venv/lib/python3.11/site-packages/airflow/example_dags/example_params_ui_tutorial.py
[2023-11-14T08:01:08.749-0300] {processor.py:839} INFO - DAG(s) dict_keys(['example_params_ui_tutorial']) retrieved from /home/gmassoqueto/repos/apache-airflow-101/.venv/lib/python3.11/site-packages/airflow/example_dags/example_params_ui_tutorial.py
[2023-11-14T08:01:08.779-0300] {logging_mixin.py:154} INFO - [2023-11-14T08:01:08.779-0300] {dag.py:2941} INFO - Sync 1 DAGs
[2023-11-14T08:01:08.786-0300] {logging_mixin.py:154} INFO - [2023-11-14T08:01:08.786-0300] {dag.py:3722} INFO - Setting next_dagrun for example_params_ui_tutorial to None, run_after=None
[2023-11-14T08:01:08.804-0300] {processor.py:179} INFO - Processing /home/gmassoqueto/repos/apache-airflow-101/.venv/lib/python3.11/site-packages/airflow/example_dags/example_params_ui_tutorial.py took 0.111 seconds
[2023-11-14T08:01:57.602-0300] {processor.py:157} INFO - Started process (PID=288073) to work on /home/gmassoqueto/repos/apache-airflow-101/.venv/lib/python3.11/site-packages/airflow/example_dags/example_params_ui_tutorial.py
[2023-11-14T08:01:57.605-0300] {processor.py:829} INFO - Processing file /home/gmassoqueto/repos/apache-airflow-101/.venv/lib/python3.11/site-packages/airflow/example_dags/example_params_ui_tutorial.py for tasks to queue
[2023-11-14T08:01:57.606-0300] {logging_mixin.py:154} INFO - [2023-11-14T08:01:57.606-0300] {dagbag.py:536} INFO - Filling up the DagBag from /home/gmassoqueto/repos/apache-airflow-101/.venv/lib/python3.11/site-packages/airflow/example_dags/example_params_ui_tutorial.py
[2023-11-14T08:01:57.636-0300] {processor.py:839} INFO - DAG(s) dict_keys(['example_params_ui_tutorial']) retrieved from /home/gmassoqueto/repos/apache-airflow-101/.venv/lib/python3.11/site-packages/airflow/example_dags/example_params_ui_tutorial.py
[2023-11-14T08:01:57.666-0300] {logging_mixin.py:154} INFO - [2023-11-14T08:01:57.665-0300] {dag.py:2941} INFO - Sync 1 DAGs
[2023-11-14T08:01:57.673-0300] {logging_mixin.py:154} INFO - [2023-11-14T08:01:57.673-0300] {dag.py:3722} INFO - Setting next_dagrun for example_params_ui_tutorial to None, run_after=None
[2023-11-14T08:01:57.690-0300] {processor.py:179} INFO - Processing /home/gmassoqueto/repos/apache-airflow-101/.venv/lib/python3.11/site-packages/airflow/example_dags/example_params_ui_tutorial.py took 0.091 seconds
[2023-11-14T08:02:43.859-0300] {processor.py:157} INFO - Started process (PID=288251) to work on /home/gmassoqueto/repos/apache-airflow-101/.venv/lib/python3.11/site-packages/airflow/example_dags/example_params_ui_tutorial.py
[2023-11-14T08:02:43.863-0300] {processor.py:829} INFO - Processing file /home/gmassoqueto/repos/apache-airflow-101/.venv/lib/python3.11/site-packages/airflow/example_dags/example_params_ui_tutorial.py for tasks to queue
[2023-11-14T08:02:43.864-0300] {logging_mixin.py:154} INFO - [2023-11-14T08:02:43.863-0300] {dagbag.py:536} INFO - Filling up the DagBag from /home/gmassoqueto/repos/apache-airflow-101/.venv/lib/python3.11/site-packages/airflow/example_dags/example_params_ui_tutorial.py
[2023-11-14T08:02:43.893-0300] {processor.py:839} INFO - DAG(s) dict_keys(['example_params_ui_tutorial']) retrieved from /home/gmassoqueto/repos/apache-airflow-101/.venv/lib/python3.11/site-packages/airflow/example_dags/example_params_ui_tutorial.py
[2023-11-14T08:02:43.923-0300] {logging_mixin.py:154} INFO - [2023-11-14T08:02:43.923-0300] {dag.py:2941} INFO - Sync 1 DAGs
[2023-11-14T08:02:43.930-0300] {logging_mixin.py:154} INFO - [2023-11-14T08:02:43.930-0300] {dag.py:3722} INFO - Setting next_dagrun for example_params_ui_tutorial to None, run_after=None
[2023-11-14T08:02:43.948-0300] {processor.py:179} INFO - Processing /home/gmassoqueto/repos/apache-airflow-101/.venv/lib/python3.11/site-packages/airflow/example_dags/example_params_ui_tutorial.py took 0.092 seconds
[2023-11-14T08:03:31.524-0300] {processor.py:157} INFO - Started process (PID=288398) to work on /home/gmassoqueto/repos/apache-airflow-101/.venv/lib/python3.11/site-packages/airflow/example_dags/example_params_ui_tutorial.py
[2023-11-14T08:03:31.528-0300] {processor.py:829} INFO - Processing file /home/gmassoqueto/repos/apache-airflow-101/.venv/lib/python3.11/site-packages/airflow/example_dags/example_params_ui_tutorial.py for tasks to queue
[2023-11-14T08:03:31.528-0300] {logging_mixin.py:154} INFO - [2023-11-14T08:03:31.528-0300] {dagbag.py:536} INFO - Filling up the DagBag from /home/gmassoqueto/repos/apache-airflow-101/.venv/lib/python3.11/site-packages/airflow/example_dags/example_params_ui_tutorial.py
[2023-11-14T08:03:31.561-0300] {processor.py:839} INFO - DAG(s) dict_keys(['example_params_ui_tutorial']) retrieved from /home/gmassoqueto/repos/apache-airflow-101/.venv/lib/python3.11/site-packages/airflow/example_dags/example_params_ui_tutorial.py
[2023-11-14T08:03:31.591-0300] {logging_mixin.py:154} INFO - [2023-11-14T08:03:31.591-0300] {dag.py:2941} INFO - Sync 1 DAGs
[2023-11-14T08:03:31.599-0300] {logging_mixin.py:154} INFO - [2023-11-14T08:03:31.599-0300] {dag.py:3722} INFO - Setting next_dagrun for example_params_ui_tutorial to None, run_after=None
[2023-11-14T08:03:31.616-0300] {processor.py:179} INFO - Processing /home/gmassoqueto/repos/apache-airflow-101/.venv/lib/python3.11/site-packages/airflow/example_dags/example_params_ui_tutorial.py took 0.095 seconds
[2023-11-14T08:04:22.341-0300] {processor.py:157} INFO - Started process (PID=288853) to work on /home/gmassoqueto/repos/apache-airflow-101/.venv/lib/python3.11/site-packages/airflow/example_dags/example_params_ui_tutorial.py
[2023-11-14T08:04:22.345-0300] {processor.py:829} INFO - Processing file /home/gmassoqueto/repos/apache-airflow-101/.venv/lib/python3.11/site-packages/airflow/example_dags/example_params_ui_tutorial.py for tasks to queue
[2023-11-14T08:04:22.346-0300] {logging_mixin.py:154} INFO - [2023-11-14T08:04:22.346-0300] {dagbag.py:536} INFO - Filling up the DagBag from /home/gmassoqueto/repos/apache-airflow-101/.venv/lib/python3.11/site-packages/airflow/example_dags/example_params_ui_tutorial.py
[2023-11-14T08:04:22.380-0300] {processor.py:839} INFO - DAG(s) dict_keys(['example_params_ui_tutorial']) retrieved from /home/gmassoqueto/repos/apache-airflow-101/.venv/lib/python3.11/site-packages/airflow/example_dags/example_params_ui_tutorial.py
[2023-11-14T08:04:22.420-0300] {logging_mixin.py:154} INFO - [2023-11-14T08:04:22.419-0300] {dag.py:2941} INFO - Sync 1 DAGs
[2023-11-14T08:04:22.430-0300] {logging_mixin.py:154} INFO - [2023-11-14T08:04:22.430-0300] {dag.py:3722} INFO - Setting next_dagrun for example_params_ui_tutorial to None, run_after=None
[2023-11-14T08:04:22.454-0300] {processor.py:179} INFO - Processing /home/gmassoqueto/repos/apache-airflow-101/.venv/lib/python3.11/site-packages/airflow/example_dags/example_params_ui_tutorial.py took 0.118 seconds
[2023-11-14T08:05:12.993-0300] {processor.py:157} INFO - Started process (PID=289018) to work on /home/gmassoqueto/repos/apache-airflow-101/.venv/lib/python3.11/site-packages/airflow/example_dags/example_params_ui_tutorial.py
[2023-11-14T08:05:12.997-0300] {processor.py:829} INFO - Processing file /home/gmassoqueto/repos/apache-airflow-101/.venv/lib/python3.11/site-packages/airflow/example_dags/example_params_ui_tutorial.py for tasks to queue
[2023-11-14T08:05:12.997-0300] {logging_mixin.py:154} INFO - [2023-11-14T08:05:12.997-0300] {dagbag.py:536} INFO - Filling up the DagBag from /home/gmassoqueto/repos/apache-airflow-101/.venv/lib/python3.11/site-packages/airflow/example_dags/example_params_ui_tutorial.py
[2023-11-14T08:05:13.024-0300] {processor.py:839} INFO - DAG(s) dict_keys(['example_params_ui_tutorial']) retrieved from /home/gmassoqueto/repos/apache-airflow-101/.venv/lib/python3.11/site-packages/airflow/example_dags/example_params_ui_tutorial.py
[2023-11-14T08:05:13.055-0300] {logging_mixin.py:154} INFO - [2023-11-14T08:05:13.055-0300] {dag.py:2941} INFO - Sync 1 DAGs
[2023-11-14T08:05:13.063-0300] {logging_mixin.py:154} INFO - [2023-11-14T08:05:13.063-0300] {dag.py:3722} INFO - Setting next_dagrun for example_params_ui_tutorial to None, run_after=None
[2023-11-14T08:05:13.080-0300] {processor.py:179} INFO - Processing /home/gmassoqueto/repos/apache-airflow-101/.venv/lib/python3.11/site-packages/airflow/example_dags/example_params_ui_tutorial.py took 0.090 seconds
[2023-11-14T08:06:01.881-0300] {processor.py:157} INFO - Started process (PID=289136) to work on /home/gmassoqueto/repos/apache-airflow-101/.venv/lib/python3.11/site-packages/airflow/example_dags/example_params_ui_tutorial.py
[2023-11-14T08:06:01.885-0300] {processor.py:829} INFO - Processing file /home/gmassoqueto/repos/apache-airflow-101/.venv/lib/python3.11/site-packages/airflow/example_dags/example_params_ui_tutorial.py for tasks to queue
[2023-11-14T08:06:01.888-0300] {logging_mixin.py:154} INFO - [2023-11-14T08:06:01.886-0300] {dagbag.py:536} INFO - Filling up the DagBag from /home/gmassoqueto/repos/apache-airflow-101/.venv/lib/python3.11/site-packages/airflow/example_dags/example_params_ui_tutorial.py
[2023-11-14T08:06:01.934-0300] {processor.py:839} INFO - DAG(s) dict_keys(['example_params_ui_tutorial']) retrieved from /home/gmassoqueto/repos/apache-airflow-101/.venv/lib/python3.11/site-packages/airflow/example_dags/example_params_ui_tutorial.py
[2023-11-14T08:06:01.964-0300] {logging_mixin.py:154} INFO - [2023-11-14T08:06:01.964-0300] {dag.py:2941} INFO - Sync 1 DAGs
[2023-11-14T08:06:01.972-0300] {logging_mixin.py:154} INFO - [2023-11-14T08:06:01.972-0300] {dag.py:3722} INFO - Setting next_dagrun for example_params_ui_tutorial to None, run_after=None
[2023-11-14T08:06:01.989-0300] {processor.py:179} INFO - Processing /home/gmassoqueto/repos/apache-airflow-101/.venv/lib/python3.11/site-packages/airflow/example_dags/example_params_ui_tutorial.py took 0.110 seconds
[2023-11-14T08:06:48.818-0300] {processor.py:157} INFO - Started process (PID=289266) to work on /home/gmassoqueto/repos/apache-airflow-101/.venv/lib/python3.11/site-packages/airflow/example_dags/example_params_ui_tutorial.py
[2023-11-14T08:06:48.821-0300] {processor.py:829} INFO - Processing file /home/gmassoqueto/repos/apache-airflow-101/.venv/lib/python3.11/site-packages/airflow/example_dags/example_params_ui_tutorial.py for tasks to queue
[2023-11-14T08:06:48.823-0300] {logging_mixin.py:154} INFO - [2023-11-14T08:06:48.822-0300] {dagbag.py:536} INFO - Filling up the DagBag from /home/gmassoqueto/repos/apache-airflow-101/.venv/lib/python3.11/site-packages/airflow/example_dags/example_params_ui_tutorial.py
[2023-11-14T08:06:48.867-0300] {processor.py:839} INFO - DAG(s) dict_keys(['example_params_ui_tutorial']) retrieved from /home/gmassoqueto/repos/apache-airflow-101/.venv/lib/python3.11/site-packages/airflow/example_dags/example_params_ui_tutorial.py
[2023-11-14T08:06:48.899-0300] {logging_mixin.py:154} INFO - [2023-11-14T08:06:48.899-0300] {dag.py:2941} INFO - Sync 1 DAGs
[2023-11-14T08:06:48.906-0300] {logging_mixin.py:154} INFO - [2023-11-14T08:06:48.906-0300] {dag.py:3722} INFO - Setting next_dagrun for example_params_ui_tutorial to None, run_after=None
[2023-11-14T08:06:48.923-0300] {processor.py:179} INFO - Processing /home/gmassoqueto/repos/apache-airflow-101/.venv/lib/python3.11/site-packages/airflow/example_dags/example_params_ui_tutorial.py took 0.112 seconds
[2023-11-14T08:07:36.843-0300] {processor.py:157} INFO - Started process (PID=289463) to work on /home/gmassoqueto/repos/apache-airflow-101/.venv/lib/python3.11/site-packages/airflow/example_dags/example_params_ui_tutorial.py
[2023-11-14T08:07:36.848-0300] {processor.py:829} INFO - Processing file /home/gmassoqueto/repos/apache-airflow-101/.venv/lib/python3.11/site-packages/airflow/example_dags/example_params_ui_tutorial.py for tasks to queue
[2023-11-14T08:07:36.850-0300] {logging_mixin.py:154} INFO - [2023-11-14T08:07:36.849-0300] {dagbag.py:536} INFO - Filling up the DagBag from /home/gmassoqueto/repos/apache-airflow-101/.venv/lib/python3.11/site-packages/airflow/example_dags/example_params_ui_tutorial.py
[2023-11-14T08:07:36.897-0300] {processor.py:839} INFO - DAG(s) dict_keys(['example_params_ui_tutorial']) retrieved from /home/gmassoqueto/repos/apache-airflow-101/.venv/lib/python3.11/site-packages/airflow/example_dags/example_params_ui_tutorial.py
[2023-11-14T08:07:36.927-0300] {logging_mixin.py:154} INFO - [2023-11-14T08:07:36.927-0300] {dag.py:2941} INFO - Sync 1 DAGs
[2023-11-14T08:07:36.934-0300] {logging_mixin.py:154} INFO - [2023-11-14T08:07:36.934-0300] {dag.py:3722} INFO - Setting next_dagrun for example_params_ui_tutorial to None, run_after=None
[2023-11-14T08:07:36.950-0300] {processor.py:179} INFO - Processing /home/gmassoqueto/repos/apache-airflow-101/.venv/lib/python3.11/site-packages/airflow/example_dags/example_params_ui_tutorial.py took 0.110 seconds
[2023-11-14T08:08:41.023-0300] {processor.py:157} INFO - Started process (PID=289909) to work on /home/gmassoqueto/repos/apache-airflow-101/.venv/lib/python3.11/site-packages/airflow/example_dags/example_params_ui_tutorial.py
[2023-11-14T08:08:41.028-0300] {processor.py:829} INFO - Processing file /home/gmassoqueto/repos/apache-airflow-101/.venv/lib/python3.11/site-packages/airflow/example_dags/example_params_ui_tutorial.py for tasks to queue
[2023-11-14T08:08:41.029-0300] {logging_mixin.py:154} INFO - [2023-11-14T08:08:41.029-0300] {dagbag.py:536} INFO - Filling up the DagBag from /home/gmassoqueto/repos/apache-airflow-101/.venv/lib/python3.11/site-packages/airflow/example_dags/example_params_ui_tutorial.py
[2023-11-14T08:08:41.063-0300] {processor.py:839} INFO - DAG(s) dict_keys(['example_params_ui_tutorial']) retrieved from /home/gmassoqueto/repos/apache-airflow-101/.venv/lib/python3.11/site-packages/airflow/example_dags/example_params_ui_tutorial.py
[2023-11-14T08:08:41.093-0300] {logging_mixin.py:154} INFO - [2023-11-14T08:08:41.093-0300] {dag.py:2941} INFO - Sync 1 DAGs
[2023-11-14T08:08:41.100-0300] {logging_mixin.py:154} INFO - [2023-11-14T08:08:41.100-0300] {dag.py:2963} INFO - Creating ORM DAG for example_params_ui_tutorial
[2023-11-14T08:08:41.101-0300] {logging_mixin.py:154} INFO - [2023-11-14T08:08:41.101-0300] {dag.py:3722} INFO - Setting next_dagrun for example_params_ui_tutorial to None, run_after=None
[2023-11-14T08:08:41.117-0300] {processor.py:179} INFO - Processing /home/gmassoqueto/repos/apache-airflow-101/.venv/lib/python3.11/site-packages/airflow/example_dags/example_params_ui_tutorial.py took 0.098 seconds
[2023-11-14T08:10:23.771-0300] {processor.py:157} INFO - Started process (PID=290697) to work on /home/gmassoqueto/repos/apache-airflow-101/.venv/lib/python3.11/site-packages/airflow/example_dags/example_params_ui_tutorial.py
[2023-11-14T08:10:23.775-0300] {processor.py:829} INFO - Processing file /home/gmassoqueto/repos/apache-airflow-101/.venv/lib/python3.11/site-packages/airflow/example_dags/example_params_ui_tutorial.py for tasks to queue
[2023-11-14T08:10:23.776-0300] {logging_mixin.py:154} INFO - [2023-11-14T08:10:23.776-0300] {dagbag.py:536} INFO - Filling up the DagBag from /home/gmassoqueto/repos/apache-airflow-101/.venv/lib/python3.11/site-packages/airflow/example_dags/example_params_ui_tutorial.py
[2023-11-14T08:10:23.821-0300] {processor.py:839} INFO - DAG(s) dict_keys(['example_params_ui_tutorial']) retrieved from /home/gmassoqueto/repos/apache-airflow-101/.venv/lib/python3.11/site-packages/airflow/example_dags/example_params_ui_tutorial.py
[2023-11-14T08:10:23.851-0300] {logging_mixin.py:154} INFO - [2023-11-14T08:10:23.851-0300] {dag.py:2941} INFO - Sync 1 DAGs
[2023-11-14T08:10:23.858-0300] {logging_mixin.py:154} INFO - [2023-11-14T08:10:23.858-0300] {dag.py:3722} INFO - Setting next_dagrun for example_params_ui_tutorial to None, run_after=None
[2023-11-14T08:10:23.986-0300] {processor.py:179} INFO - Processing /home/gmassoqueto/repos/apache-airflow-101/.venv/lib/python3.11/site-packages/airflow/example_dags/example_params_ui_tutorial.py took 0.219 seconds
[2023-11-14T08:11:17.915-0300] {processor.py:157} INFO - Started process (PID=291157) to work on /home/gmassoqueto/repos/apache-airflow-101/.venv/lib/python3.11/site-packages/airflow/example_dags/example_params_ui_tutorial.py
[2023-11-14T08:11:17.919-0300] {processor.py:829} INFO - Processing file /home/gmassoqueto/repos/apache-airflow-101/.venv/lib/python3.11/site-packages/airflow/example_dags/example_params_ui_tutorial.py for tasks to queue
[2023-11-14T08:11:17.921-0300] {logging_mixin.py:154} INFO - [2023-11-14T08:11:17.920-0300] {dagbag.py:536} INFO - Filling up the DagBag from /home/gmassoqueto/repos/apache-airflow-101/.venv/lib/python3.11/site-packages/airflow/example_dags/example_params_ui_tutorial.py
[2023-11-14T08:11:17.968-0300] {processor.py:839} INFO - DAG(s) dict_keys(['example_params_ui_tutorial']) retrieved from /home/gmassoqueto/repos/apache-airflow-101/.venv/lib/python3.11/site-packages/airflow/example_dags/example_params_ui_tutorial.py
[2023-11-14T08:11:17.998-0300] {logging_mixin.py:154} INFO - [2023-11-14T08:11:17.998-0300] {dag.py:2941} INFO - Sync 1 DAGs
[2023-11-14T08:11:18.005-0300] {logging_mixin.py:154} INFO - [2023-11-14T08:11:18.005-0300] {dag.py:3722} INFO - Setting next_dagrun for example_params_ui_tutorial to None, run_after=None
[2023-11-14T08:11:18.030-0300] {processor.py:179} INFO - Processing /home/gmassoqueto/repos/apache-airflow-101/.venv/lib/python3.11/site-packages/airflow/example_dags/example_params_ui_tutorial.py took 0.118 seconds
[2023-11-14T08:12:03.353-0300] {processor.py:157} INFO - Started process (PID=291287) to work on /home/gmassoqueto/repos/apache-airflow-101/.venv/lib/python3.11/site-packages/airflow/example_dags/example_params_ui_tutorial.py
[2023-11-14T08:12:03.357-0300] {processor.py:829} INFO - Processing file /home/gmassoqueto/repos/apache-airflow-101/.venv/lib/python3.11/site-packages/airflow/example_dags/example_params_ui_tutorial.py for tasks to queue
[2023-11-14T08:12:03.358-0300] {logging_mixin.py:154} INFO - [2023-11-14T08:12:03.357-0300] {dagbag.py:536} INFO - Filling up the DagBag from /home/gmassoqueto/repos/apache-airflow-101/.venv/lib/python3.11/site-packages/airflow/example_dags/example_params_ui_tutorial.py
[2023-11-14T08:12:03.386-0300] {processor.py:839} INFO - DAG(s) dict_keys(['example_params_ui_tutorial']) retrieved from /home/gmassoqueto/repos/apache-airflow-101/.venv/lib/python3.11/site-packages/airflow/example_dags/example_params_ui_tutorial.py
[2023-11-14T08:12:03.417-0300] {logging_mixin.py:154} INFO - [2023-11-14T08:12:03.417-0300] {dag.py:2941} INFO - Sync 1 DAGs
[2023-11-14T08:12:03.425-0300] {logging_mixin.py:154} INFO - [2023-11-14T08:12:03.424-0300] {dag.py:3722} INFO - Setting next_dagrun for example_params_ui_tutorial to None, run_after=None
[2023-11-14T08:12:03.441-0300] {processor.py:179} INFO - Processing /home/gmassoqueto/repos/apache-airflow-101/.venv/lib/python3.11/site-packages/airflow/example_dags/example_params_ui_tutorial.py took 0.091 seconds
[2023-11-14T08:12:49.593-0300] {processor.py:157} INFO - Started process (PID=291547) to work on /home/gmassoqueto/repos/apache-airflow-101/.venv/lib/python3.11/site-packages/airflow/example_dags/example_params_ui_tutorial.py
[2023-11-14T08:12:49.598-0300] {processor.py:829} INFO - Processing file /home/gmassoqueto/repos/apache-airflow-101/.venv/lib/python3.11/site-packages/airflow/example_dags/example_params_ui_tutorial.py for tasks to queue
[2023-11-14T08:12:49.601-0300] {logging_mixin.py:154} INFO - [2023-11-14T08:12:49.600-0300] {dagbag.py:536} INFO - Filling up the DagBag from /home/gmassoqueto/repos/apache-airflow-101/.venv/lib/python3.11/site-packages/airflow/example_dags/example_params_ui_tutorial.py
[2023-11-14T08:12:49.644-0300] {processor.py:839} INFO - DAG(s) dict_keys(['example_params_ui_tutorial']) retrieved from /home/gmassoqueto/repos/apache-airflow-101/.venv/lib/python3.11/site-packages/airflow/example_dags/example_params_ui_tutorial.py
[2023-11-14T08:12:49.675-0300] {logging_mixin.py:154} INFO - [2023-11-14T08:12:49.675-0300] {dag.py:2941} INFO - Sync 1 DAGs
[2023-11-14T08:12:49.683-0300] {logging_mixin.py:154} INFO - [2023-11-14T08:12:49.682-0300] {dag.py:3722} INFO - Setting next_dagrun for example_params_ui_tutorial to None, run_after=None
[2023-11-14T08:12:49.709-0300] {processor.py:179} INFO - Processing /home/gmassoqueto/repos/apache-airflow-101/.venv/lib/python3.11/site-packages/airflow/example_dags/example_params_ui_tutorial.py took 0.123 seconds
[2023-11-14T08:13:36.890-0300] {processor.py:157} INFO - Started process (PID=291641) to work on /home/gmassoqueto/repos/apache-airflow-101/.venv/lib/python3.11/site-packages/airflow/example_dags/example_params_ui_tutorial.py
[2023-11-14T08:13:36.895-0300] {processor.py:829} INFO - Processing file /home/gmassoqueto/repos/apache-airflow-101/.venv/lib/python3.11/site-packages/airflow/example_dags/example_params_ui_tutorial.py for tasks to queue
[2023-11-14T08:13:36.897-0300] {logging_mixin.py:154} INFO - [2023-11-14T08:13:36.896-0300] {dagbag.py:536} INFO - Filling up the DagBag from /home/gmassoqueto/repos/apache-airflow-101/.venv/lib/python3.11/site-packages/airflow/example_dags/example_params_ui_tutorial.py
[2023-11-14T08:13:36.936-0300] {processor.py:839} INFO - DAG(s) dict_keys(['example_params_ui_tutorial']) retrieved from /home/gmassoqueto/repos/apache-airflow-101/.venv/lib/python3.11/site-packages/airflow/example_dags/example_params_ui_tutorial.py
[2023-11-14T08:13:36.965-0300] {logging_mixin.py:154} INFO - [2023-11-14T08:13:36.965-0300] {dag.py:2941} INFO - Sync 1 DAGs
[2023-11-14T08:13:36.972-0300] {logging_mixin.py:154} INFO - [2023-11-14T08:13:36.972-0300] {dag.py:3722} INFO - Setting next_dagrun for example_params_ui_tutorial to None, run_after=None
[2023-11-14T08:13:36.988-0300] {processor.py:179} INFO - Processing /home/gmassoqueto/repos/apache-airflow-101/.venv/lib/python3.11/site-packages/airflow/example_dags/example_params_ui_tutorial.py took 0.100 seconds
[2023-11-14T08:14:25.180-0300] {processor.py:157} INFO - Started process (PID=291745) to work on /home/gmassoqueto/repos/apache-airflow-101/.venv/lib/python3.11/site-packages/airflow/example_dags/example_params_ui_tutorial.py
[2023-11-14T08:14:25.183-0300] {processor.py:829} INFO - Processing file /home/gmassoqueto/repos/apache-airflow-101/.venv/lib/python3.11/site-packages/airflow/example_dags/example_params_ui_tutorial.py for tasks to queue
[2023-11-14T08:14:25.184-0300] {logging_mixin.py:154} INFO - [2023-11-14T08:14:25.184-0300] {dagbag.py:536} INFO - Filling up the DagBag from /home/gmassoqueto/repos/apache-airflow-101/.venv/lib/python3.11/site-packages/airflow/example_dags/example_params_ui_tutorial.py
[2023-11-14T08:14:25.211-0300] {processor.py:839} INFO - DAG(s) dict_keys(['example_params_ui_tutorial']) retrieved from /home/gmassoqueto/repos/apache-airflow-101/.venv/lib/python3.11/site-packages/airflow/example_dags/example_params_ui_tutorial.py
[2023-11-14T08:14:25.259-0300] {logging_mixin.py:154} INFO - [2023-11-14T08:14:25.258-0300] {dag.py:2941} INFO - Sync 1 DAGs
[2023-11-14T08:14:25.277-0300] {logging_mixin.py:154} INFO - [2023-11-14T08:14:25.277-0300] {dag.py:3722} INFO - Setting next_dagrun for example_params_ui_tutorial to None, run_after=None
[2023-11-14T08:14:25.306-0300] {processor.py:179} INFO - Processing /home/gmassoqueto/repos/apache-airflow-101/.venv/lib/python3.11/site-packages/airflow/example_dags/example_params_ui_tutorial.py took 0.128 seconds
[2023-11-14T08:15:12.322-0300] {processor.py:157} INFO - Started process (PID=291891) to work on /home/gmassoqueto/repos/apache-airflow-101/.venv/lib/python3.11/site-packages/airflow/example_dags/example_params_ui_tutorial.py
[2023-11-14T08:15:12.326-0300] {processor.py:829} INFO - Processing file /home/gmassoqueto/repos/apache-airflow-101/.venv/lib/python3.11/site-packages/airflow/example_dags/example_params_ui_tutorial.py for tasks to queue
[2023-11-14T08:15:12.327-0300] {logging_mixin.py:154} INFO - [2023-11-14T08:15:12.326-0300] {dagbag.py:536} INFO - Filling up the DagBag from /home/gmassoqueto/repos/apache-airflow-101/.venv/lib/python3.11/site-packages/airflow/example_dags/example_params_ui_tutorial.py
[2023-11-14T08:15:12.356-0300] {processor.py:839} INFO - DAG(s) dict_keys(['example_params_ui_tutorial']) retrieved from /home/gmassoqueto/repos/apache-airflow-101/.venv/lib/python3.11/site-packages/airflow/example_dags/example_params_ui_tutorial.py
[2023-11-14T08:15:12.385-0300] {logging_mixin.py:154} INFO - [2023-11-14T08:15:12.385-0300] {dag.py:2941} INFO - Sync 1 DAGs
[2023-11-14T08:15:12.392-0300] {logging_mixin.py:154} INFO - [2023-11-14T08:15:12.392-0300] {dag.py:3722} INFO - Setting next_dagrun for example_params_ui_tutorial to None, run_after=None
[2023-11-14T08:15:12.409-0300] {processor.py:179} INFO - Processing /home/gmassoqueto/repos/apache-airflow-101/.venv/lib/python3.11/site-packages/airflow/example_dags/example_params_ui_tutorial.py took 0.090 seconds
[2023-11-14T08:15:59.734-0300] {processor.py:157} INFO - Started process (PID=291979) to work on /home/gmassoqueto/repos/apache-airflow-101/.venv/lib/python3.11/site-packages/airflow/example_dags/example_params_ui_tutorial.py
[2023-11-14T08:15:59.738-0300] {processor.py:829} INFO - Processing file /home/gmassoqueto/repos/apache-airflow-101/.venv/lib/python3.11/site-packages/airflow/example_dags/example_params_ui_tutorial.py for tasks to queue
[2023-11-14T08:15:59.739-0300] {logging_mixin.py:154} INFO - [2023-11-14T08:15:59.739-0300] {dagbag.py:536} INFO - Filling up the DagBag from /home/gmassoqueto/repos/apache-airflow-101/.venv/lib/python3.11/site-packages/airflow/example_dags/example_params_ui_tutorial.py
[2023-11-14T08:15:59.782-0300] {processor.py:839} INFO - DAG(s) dict_keys(['example_params_ui_tutorial']) retrieved from /home/gmassoqueto/repos/apache-airflow-101/.venv/lib/python3.11/site-packages/airflow/example_dags/example_params_ui_tutorial.py
[2023-11-14T08:15:59.811-0300] {logging_mixin.py:154} INFO - [2023-11-14T08:15:59.811-0300] {dag.py:2941} INFO - Sync 1 DAGs
[2023-11-14T08:15:59.818-0300] {logging_mixin.py:154} INFO - [2023-11-14T08:15:59.818-0300] {dag.py:3722} INFO - Setting next_dagrun for example_params_ui_tutorial to None, run_after=None
[2023-11-14T08:15:59.842-0300] {processor.py:179} INFO - Processing /home/gmassoqueto/repos/apache-airflow-101/.venv/lib/python3.11/site-packages/airflow/example_dags/example_params_ui_tutorial.py took 0.110 seconds
[2023-11-14T08:16:48.809-0300] {processor.py:157} INFO - Started process (PID=292060) to work on /home/gmassoqueto/repos/apache-airflow-101/.venv/lib/python3.11/site-packages/airflow/example_dags/example_params_ui_tutorial.py
[2023-11-14T08:16:48.813-0300] {processor.py:829} INFO - Processing file /home/gmassoqueto/repos/apache-airflow-101/.venv/lib/python3.11/site-packages/airflow/example_dags/example_params_ui_tutorial.py for tasks to queue
[2023-11-14T08:16:48.818-0300] {logging_mixin.py:154} INFO - [2023-11-14T08:16:48.816-0300] {dagbag.py:536} INFO - Filling up the DagBag from /home/gmassoqueto/repos/apache-airflow-101/.venv/lib/python3.11/site-packages/airflow/example_dags/example_params_ui_tutorial.py
[2023-11-14T08:16:48.843-0300] {processor.py:839} INFO - DAG(s) dict_keys(['example_params_ui_tutorial']) retrieved from /home/gmassoqueto/repos/apache-airflow-101/.venv/lib/python3.11/site-packages/airflow/example_dags/example_params_ui_tutorial.py
[2023-11-14T08:16:48.872-0300] {logging_mixin.py:154} INFO - [2023-11-14T08:16:48.872-0300] {dag.py:2941} INFO - Sync 1 DAGs
[2023-11-14T08:16:48.880-0300] {logging_mixin.py:154} INFO - [2023-11-14T08:16:48.880-0300] {dag.py:3722} INFO - Setting next_dagrun for example_params_ui_tutorial to None, run_after=None
[2023-11-14T08:16:48.895-0300] {processor.py:179} INFO - Processing /home/gmassoqueto/repos/apache-airflow-101/.venv/lib/python3.11/site-packages/airflow/example_dags/example_params_ui_tutorial.py took 0.089 seconds
[2023-11-14T08:17:40.182-0300] {processor.py:157} INFO - Started process (PID=292159) to work on /home/gmassoqueto/repos/apache-airflow-101/.venv/lib/python3.11/site-packages/airflow/example_dags/example_params_ui_tutorial.py
[2023-11-14T08:17:40.186-0300] {processor.py:829} INFO - Processing file /home/gmassoqueto/repos/apache-airflow-101/.venv/lib/python3.11/site-packages/airflow/example_dags/example_params_ui_tutorial.py for tasks to queue
[2023-11-14T08:17:40.187-0300] {logging_mixin.py:154} INFO - [2023-11-14T08:17:40.186-0300] {dagbag.py:536} INFO - Filling up the DagBag from /home/gmassoqueto/repos/apache-airflow-101/.venv/lib/python3.11/site-packages/airflow/example_dags/example_params_ui_tutorial.py
[2023-11-14T08:17:40.216-0300] {processor.py:839} INFO - DAG(s) dict_keys(['example_params_ui_tutorial']) retrieved from /home/gmassoqueto/repos/apache-airflow-101/.venv/lib/python3.11/site-packages/airflow/example_dags/example_params_ui_tutorial.py
[2023-11-14T08:17:40.245-0300] {logging_mixin.py:154} INFO - [2023-11-14T08:17:40.245-0300] {dag.py:2941} INFO - Sync 1 DAGs
[2023-11-14T08:17:40.252-0300] {logging_mixin.py:154} INFO - [2023-11-14T08:17:40.252-0300] {dag.py:3722} INFO - Setting next_dagrun for example_params_ui_tutorial to None, run_after=None
[2023-11-14T08:17:40.269-0300] {processor.py:179} INFO - Processing /home/gmassoqueto/repos/apache-airflow-101/.venv/lib/python3.11/site-packages/airflow/example_dags/example_params_ui_tutorial.py took 0.089 seconds
