[2023-11-14T07:03:21.187-0300] {processor.py:157} INFO - Started process (PID=284704) to work on /home/gmassoqueto/repos/apache-airflow-101/.venv/lib/python3.11/site-packages/airflow/example_dags/example_xcom.py
[2023-11-14T07:03:21.189-0300] {processor.py:829} INFO - Processing file /home/gmassoqueto/repos/apache-airflow-101/.venv/lib/python3.11/site-packages/airflow/example_dags/example_xcom.py for tasks to queue
[2023-11-14T07:03:21.191-0300] {logging_mixin.py:154} INFO - [2023-11-14T07:03:21.190-0300] {dagbag.py:536} INFO - Filling up the DagBag from /home/gmassoqueto/repos/apache-airflow-101/.venv/lib/python3.11/site-packages/airflow/example_dags/example_xcom.py
[2023-11-14T07:03:21.214-0300] {processor.py:839} INFO - DAG(s) dict_keys(['example_xcom']) retrieved from /home/gmassoqueto/repos/apache-airflow-101/.venv/lib/python3.11/site-packages/airflow/example_dags/example_xcom.py
[2023-11-14T07:03:21.223-0300] {logging_mixin.py:154} INFO - [2023-11-14T07:03:21.223-0300] {dag.py:2941} INFO - Sync 1 DAGs
[2023-11-14T07:03:21.241-0300] {logging_mixin.py:154} INFO - [2023-11-14T07:03:21.241-0300] {dag.py:3722} INFO - Setting next_dagrun for example_xcom to 2021-01-01T00:00:00+00:00, run_after=2021-01-01T00:00:00+00:00
[2023-11-14T07:03:21.270-0300] {processor.py:179} INFO - Processing /home/gmassoqueto/repos/apache-airflow-101/.venv/lib/python3.11/site-packages/airflow/example_dags/example_xcom.py took 0.089 seconds
[2023-11-14T07:04:05.917-0300] {processor.py:157} INFO - Started process (PID=284831) to work on /home/gmassoqueto/repos/apache-airflow-101/.venv/lib/python3.11/site-packages/airflow/example_dags/example_xcom.py
[2023-11-14T07:04:05.922-0300] {processor.py:829} INFO - Processing file /home/gmassoqueto/repos/apache-airflow-101/.venv/lib/python3.11/site-packages/airflow/example_dags/example_xcom.py for tasks to queue
[2023-11-14T07:04:05.922-0300] {logging_mixin.py:154} INFO - [2023-11-14T07:04:05.922-0300] {dagbag.py:536} INFO - Filling up the DagBag from /home/gmassoqueto/repos/apache-airflow-101/.venv/lib/python3.11/site-packages/airflow/example_dags/example_xcom.py
[2023-11-14T07:04:05.932-0300] {processor.py:839} INFO - DAG(s) dict_keys(['example_xcom']) retrieved from /home/gmassoqueto/repos/apache-airflow-101/.venv/lib/python3.11/site-packages/airflow/example_dags/example_xcom.py
[2023-11-14T07:04:05.952-0300] {logging_mixin.py:154} INFO - [2023-11-14T07:04:05.952-0300] {dag.py:2941} INFO - Sync 1 DAGs
[2023-11-14T07:04:05.969-0300] {logging_mixin.py:154} INFO - [2023-11-14T07:04:05.969-0300] {dag.py:3722} INFO - Setting next_dagrun for example_xcom to 2021-01-01T00:00:00+00:00, run_after=2021-01-01T00:00:00+00:00
[2023-11-14T07:04:05.985-0300] {processor.py:179} INFO - Processing /home/gmassoqueto/repos/apache-airflow-101/.venv/lib/python3.11/site-packages/airflow/example_dags/example_xcom.py took 0.070 seconds
[2023-11-14T07:55:37.663-0300] {processor.py:157} INFO - Started process (PID=286726) to work on /home/gmassoqueto/repos/apache-airflow-101/.venv/lib/python3.11/site-packages/airflow/example_dags/example_xcom.py
[2023-11-14T07:55:37.667-0300] {processor.py:829} INFO - Processing file /home/gmassoqueto/repos/apache-airflow-101/.venv/lib/python3.11/site-packages/airflow/example_dags/example_xcom.py for tasks to queue
[2023-11-14T07:55:37.668-0300] {logging_mixin.py:154} INFO - [2023-11-14T07:55:37.668-0300] {dagbag.py:536} INFO - Filling up the DagBag from /home/gmassoqueto/repos/apache-airflow-101/.venv/lib/python3.11/site-packages/airflow/example_dags/example_xcom.py
[2023-11-14T07:55:37.680-0300] {processor.py:839} INFO - DAG(s) dict_keys(['example_xcom']) retrieved from /home/gmassoqueto/repos/apache-airflow-101/.venv/lib/python3.11/site-packages/airflow/example_dags/example_xcom.py
[2023-11-14T07:55:37.687-0300] {logging_mixin.py:154} INFO - [2023-11-14T07:55:37.687-0300] {dag.py:2941} INFO - Sync 1 DAGs
[2023-11-14T07:55:37.705-0300] {logging_mixin.py:154} INFO - [2023-11-14T07:55:37.704-0300] {dag.py:3722} INFO - Setting next_dagrun for example_xcom to 2021-01-01T00:00:00+00:00, run_after=2021-01-01T00:00:00+00:00
[2023-11-14T07:55:37.722-0300] {processor.py:179} INFO - Processing /home/gmassoqueto/repos/apache-airflow-101/.venv/lib/python3.11/site-packages/airflow/example_dags/example_xcom.py took 0.062 seconds
[2023-11-14T07:57:16.233-0300] {processor.py:157} INFO - Started process (PID=287167) to work on /home/gmassoqueto/repos/apache-airflow-101/.venv/lib/python3.11/site-packages/airflow/example_dags/example_xcom.py
[2023-11-14T07:57:16.237-0300] {processor.py:829} INFO - Processing file /home/gmassoqueto/repos/apache-airflow-101/.venv/lib/python3.11/site-packages/airflow/example_dags/example_xcom.py for tasks to queue
[2023-11-14T07:57:16.237-0300] {logging_mixin.py:154} INFO - [2023-11-14T07:57:16.237-0300] {dagbag.py:536} INFO - Filling up the DagBag from /home/gmassoqueto/repos/apache-airflow-101/.venv/lib/python3.11/site-packages/airflow/example_dags/example_xcom.py
[2023-11-14T07:57:16.248-0300] {processor.py:839} INFO - DAG(s) dict_keys(['example_xcom']) retrieved from /home/gmassoqueto/repos/apache-airflow-101/.venv/lib/python3.11/site-packages/airflow/example_dags/example_xcom.py
[2023-11-14T07:57:16.255-0300] {logging_mixin.py:154} INFO - [2023-11-14T07:57:16.255-0300] {dag.py:2941} INFO - Sync 1 DAGs
[2023-11-14T07:57:16.275-0300] {logging_mixin.py:154} INFO - [2023-11-14T07:57:16.275-0300] {dag.py:3722} INFO - Setting next_dagrun for example_xcom to 2021-01-01T00:00:00+00:00, run_after=2021-01-01T00:00:00+00:00
[2023-11-14T07:57:16.295-0300] {processor.py:179} INFO - Processing /home/gmassoqueto/repos/apache-airflow-101/.venv/lib/python3.11/site-packages/airflow/example_dags/example_xcom.py took 0.065 seconds
[2023-11-14T07:58:01.560-0300] {processor.py:157} INFO - Started process (PID=287344) to work on /home/gmassoqueto/repos/apache-airflow-101/.venv/lib/python3.11/site-packages/airflow/example_dags/example_xcom.py
[2023-11-14T07:58:01.565-0300] {processor.py:829} INFO - Processing file /home/gmassoqueto/repos/apache-airflow-101/.venv/lib/python3.11/site-packages/airflow/example_dags/example_xcom.py for tasks to queue
[2023-11-14T07:58:01.565-0300] {logging_mixin.py:154} INFO - [2023-11-14T07:58:01.565-0300] {dagbag.py:536} INFO - Filling up the DagBag from /home/gmassoqueto/repos/apache-airflow-101/.venv/lib/python3.11/site-packages/airflow/example_dags/example_xcom.py
[2023-11-14T07:58:01.573-0300] {processor.py:839} INFO - DAG(s) dict_keys(['example_xcom']) retrieved from /home/gmassoqueto/repos/apache-airflow-101/.venv/lib/python3.11/site-packages/airflow/example_dags/example_xcom.py
[2023-11-14T07:58:01.589-0300] {logging_mixin.py:154} INFO - [2023-11-14T07:58:01.589-0300] {dag.py:2941} INFO - Sync 1 DAGs
[2023-11-14T07:58:01.605-0300] {logging_mixin.py:154} INFO - [2023-11-14T07:58:01.605-0300] {dag.py:3722} INFO - Setting next_dagrun for example_xcom to 2021-01-01T00:00:00+00:00, run_after=2021-01-01T00:00:00+00:00
[2023-11-14T07:58:01.623-0300] {processor.py:179} INFO - Processing /home/gmassoqueto/repos/apache-airflow-101/.venv/lib/python3.11/site-packages/airflow/example_dags/example_xcom.py took 0.065 seconds
[2023-11-14T07:58:46.286-0300] {processor.py:157} INFO - Started process (PID=287526) to work on /home/gmassoqueto/repos/apache-airflow-101/.venv/lib/python3.11/site-packages/airflow/example_dags/example_xcom.py
[2023-11-14T07:58:46.291-0300] {processor.py:829} INFO - Processing file /home/gmassoqueto/repos/apache-airflow-101/.venv/lib/python3.11/site-packages/airflow/example_dags/example_xcom.py for tasks to queue
[2023-11-14T07:58:46.293-0300] {logging_mixin.py:154} INFO - [2023-11-14T07:58:46.292-0300] {dagbag.py:536} INFO - Filling up the DagBag from /home/gmassoqueto/repos/apache-airflow-101/.venv/lib/python3.11/site-packages/airflow/example_dags/example_xcom.py
[2023-11-14T07:58:46.310-0300] {processor.py:839} INFO - DAG(s) dict_keys(['example_xcom']) retrieved from /home/gmassoqueto/repos/apache-airflow-101/.venv/lib/python3.11/site-packages/airflow/example_dags/example_xcom.py
[2023-11-14T07:58:46.328-0300] {logging_mixin.py:154} INFO - [2023-11-14T07:58:46.327-0300] {dag.py:2941} INFO - Sync 1 DAGs
[2023-11-14T07:58:46.342-0300] {logging_mixin.py:154} INFO - [2023-11-14T07:58:46.342-0300] {dag.py:3722} INFO - Setting next_dagrun for example_xcom to 2021-01-01T00:00:00+00:00, run_after=2021-01-01T00:00:00+00:00
[2023-11-14T07:58:46.362-0300] {processor.py:179} INFO - Processing /home/gmassoqueto/repos/apache-airflow-101/.venv/lib/python3.11/site-packages/airflow/example_dags/example_xcom.py took 0.084 seconds
[2023-11-14T07:59:34.109-0300] {processor.py:157} INFO - Started process (PID=287625) to work on /home/gmassoqueto/repos/apache-airflow-101/.venv/lib/python3.11/site-packages/airflow/example_dags/example_xcom.py
[2023-11-14T07:59:34.115-0300] {processor.py:829} INFO - Processing file /home/gmassoqueto/repos/apache-airflow-101/.venv/lib/python3.11/site-packages/airflow/example_dags/example_xcom.py for tasks to queue
[2023-11-14T07:59:34.117-0300] {logging_mixin.py:154} INFO - [2023-11-14T07:59:34.116-0300] {dagbag.py:536} INFO - Filling up the DagBag from /home/gmassoqueto/repos/apache-airflow-101/.venv/lib/python3.11/site-packages/airflow/example_dags/example_xcom.py
[2023-11-14T07:59:34.139-0300] {processor.py:839} INFO - DAG(s) dict_keys(['example_xcom']) retrieved from /home/gmassoqueto/repos/apache-airflow-101/.venv/lib/python3.11/site-packages/airflow/example_dags/example_xcom.py
[2023-11-14T07:59:34.163-0300] {logging_mixin.py:154} INFO - [2023-11-14T07:59:34.163-0300] {dag.py:2941} INFO - Sync 1 DAGs
[2023-11-14T07:59:34.179-0300] {logging_mixin.py:154} INFO - [2023-11-14T07:59:34.179-0300] {dag.py:3722} INFO - Setting next_dagrun for example_xcom to 2021-01-01T00:00:00+00:00, run_after=2021-01-01T00:00:00+00:00
[2023-11-14T07:59:34.198-0300] {processor.py:179} INFO - Processing /home/gmassoqueto/repos/apache-airflow-101/.venv/lib/python3.11/site-packages/airflow/example_dags/example_xcom.py took 0.097 seconds
[2023-11-14T08:00:10.704-0300] {processor.py:157} INFO - Started process (PID=287704) to work on /home/gmassoqueto/repos/apache-airflow-101/.venv/lib/python3.11/site-packages/airflow/example_dags/example_xcom.py
[2023-11-14T08:00:10.708-0300] {processor.py:829} INFO - Processing file /home/gmassoqueto/repos/apache-airflow-101/.venv/lib/python3.11/site-packages/airflow/example_dags/example_xcom.py for tasks to queue
[2023-11-14T08:00:10.710-0300] {logging_mixin.py:154} INFO - [2023-11-14T08:00:10.710-0300] {dagbag.py:536} INFO - Filling up the DagBag from /home/gmassoqueto/repos/apache-airflow-101/.venv/lib/python3.11/site-packages/airflow/example_dags/example_xcom.py
[2023-11-14T08:00:10.733-0300] {processor.py:839} INFO - DAG(s) dict_keys(['example_xcom']) retrieved from /home/gmassoqueto/repos/apache-airflow-101/.venv/lib/python3.11/site-packages/airflow/example_dags/example_xcom.py
[2023-11-14T08:00:10.757-0300] {logging_mixin.py:154} INFO - [2023-11-14T08:00:10.757-0300] {dag.py:2941} INFO - Sync 1 DAGs
[2023-11-14T08:00:10.773-0300] {logging_mixin.py:154} INFO - [2023-11-14T08:00:10.772-0300] {dag.py:3722} INFO - Setting next_dagrun for example_xcom to 2021-01-01T00:00:00+00:00, run_after=2021-01-01T00:00:00+00:00
[2023-11-14T08:00:10.800-0300] {processor.py:179} INFO - Processing /home/gmassoqueto/repos/apache-airflow-101/.venv/lib/python3.11/site-packages/airflow/example_dags/example_xcom.py took 0.099 seconds
[2023-11-14T08:00:46.421-0300] {processor.py:157} INFO - Started process (PID=287816) to work on /home/gmassoqueto/repos/apache-airflow-101/.venv/lib/python3.11/site-packages/airflow/example_dags/example_xcom.py
[2023-11-14T08:00:46.425-0300] {processor.py:829} INFO - Processing file /home/gmassoqueto/repos/apache-airflow-101/.venv/lib/python3.11/site-packages/airflow/example_dags/example_xcom.py for tasks to queue
[2023-11-14T08:00:46.426-0300] {logging_mixin.py:154} INFO - [2023-11-14T08:00:46.425-0300] {dagbag.py:536} INFO - Filling up the DagBag from /home/gmassoqueto/repos/apache-airflow-101/.venv/lib/python3.11/site-packages/airflow/example_dags/example_xcom.py
[2023-11-14T08:00:46.434-0300] {processor.py:839} INFO - DAG(s) dict_keys(['example_xcom']) retrieved from /home/gmassoqueto/repos/apache-airflow-101/.venv/lib/python3.11/site-packages/airflow/example_dags/example_xcom.py
[2023-11-14T08:00:46.450-0300] {logging_mixin.py:154} INFO - [2023-11-14T08:00:46.450-0300] {dag.py:2941} INFO - Sync 1 DAGs
[2023-11-14T08:00:46.467-0300] {logging_mixin.py:154} INFO - [2023-11-14T08:00:46.466-0300] {dag.py:3722} INFO - Setting next_dagrun for example_xcom to 2021-01-01T00:00:00+00:00, run_after=2021-01-01T00:00:00+00:00
[2023-11-14T08:00:46.485-0300] {processor.py:179} INFO - Processing /home/gmassoqueto/repos/apache-airflow-101/.venv/lib/python3.11/site-packages/airflow/example_dags/example_xcom.py took 0.069 seconds
[2023-11-14T08:01:33.047-0300] {processor.py:157} INFO - Started process (PID=288047) to work on /home/gmassoqueto/repos/apache-airflow-101/.venv/lib/python3.11/site-packages/airflow/example_dags/example_xcom.py
[2023-11-14T08:01:33.053-0300] {processor.py:829} INFO - Processing file /home/gmassoqueto/repos/apache-airflow-101/.venv/lib/python3.11/site-packages/airflow/example_dags/example_xcom.py for tasks to queue
[2023-11-14T08:01:33.055-0300] {logging_mixin.py:154} INFO - [2023-11-14T08:01:33.054-0300] {dagbag.py:536} INFO - Filling up the DagBag from /home/gmassoqueto/repos/apache-airflow-101/.venv/lib/python3.11/site-packages/airflow/example_dags/example_xcom.py
[2023-11-14T08:01:33.075-0300] {processor.py:839} INFO - DAG(s) dict_keys(['example_xcom']) retrieved from /home/gmassoqueto/repos/apache-airflow-101/.venv/lib/python3.11/site-packages/airflow/example_dags/example_xcom.py
[2023-11-14T08:01:33.094-0300] {logging_mixin.py:154} INFO - [2023-11-14T08:01:33.094-0300] {dag.py:2941} INFO - Sync 1 DAGs
[2023-11-14T08:01:33.109-0300] {logging_mixin.py:154} INFO - [2023-11-14T08:01:33.109-0300] {dag.py:3722} INFO - Setting next_dagrun for example_xcom to 2021-01-01T00:00:00+00:00, run_after=2021-01-01T00:00:00+00:00
[2023-11-14T08:01:33.127-0300] {processor.py:179} INFO - Processing /home/gmassoqueto/repos/apache-airflow-101/.venv/lib/python3.11/site-packages/airflow/example_dags/example_xcom.py took 0.088 seconds
[2023-11-14T08:02:06.895-0300] {processor.py:157} INFO - Started process (PID=288102) to work on /home/gmassoqueto/repos/apache-airflow-101/.venv/lib/python3.11/site-packages/airflow/example_dags/example_xcom.py
[2023-11-14T08:02:06.901-0300] {processor.py:829} INFO - Processing file /home/gmassoqueto/repos/apache-airflow-101/.venv/lib/python3.11/site-packages/airflow/example_dags/example_xcom.py for tasks to queue
[2023-11-14T08:02:06.903-0300] {logging_mixin.py:154} INFO - [2023-11-14T08:02:06.902-0300] {dagbag.py:536} INFO - Filling up the DagBag from /home/gmassoqueto/repos/apache-airflow-101/.venv/lib/python3.11/site-packages/airflow/example_dags/example_xcom.py
[2023-11-14T08:02:06.934-0300] {processor.py:839} INFO - DAG(s) dict_keys(['example_xcom']) retrieved from /home/gmassoqueto/repos/apache-airflow-101/.venv/lib/python3.11/site-packages/airflow/example_dags/example_xcom.py
[2023-11-14T08:02:06.982-0300] {logging_mixin.py:154} INFO - [2023-11-14T08:02:06.982-0300] {dag.py:2941} INFO - Sync 1 DAGs
[2023-11-14T08:02:07.007-0300] {logging_mixin.py:154} INFO - [2023-11-14T08:02:07.006-0300] {dag.py:3722} INFO - Setting next_dagrun for example_xcom to 2021-01-01T00:00:00+00:00, run_after=2021-01-01T00:00:00+00:00
[2023-11-14T08:02:07.034-0300] {processor.py:179} INFO - Processing /home/gmassoqueto/repos/apache-airflow-101/.venv/lib/python3.11/site-packages/airflow/example_dags/example_xcom.py took 0.147 seconds
[2023-11-14T08:02:55.055-0300] {processor.py:157} INFO - Started process (PID=288294) to work on /home/gmassoqueto/repos/apache-airflow-101/.venv/lib/python3.11/site-packages/airflow/example_dags/example_xcom.py
[2023-11-14T08:02:55.059-0300] {processor.py:829} INFO - Processing file /home/gmassoqueto/repos/apache-airflow-101/.venv/lib/python3.11/site-packages/airflow/example_dags/example_xcom.py for tasks to queue
[2023-11-14T08:02:55.060-0300] {logging_mixin.py:154} INFO - [2023-11-14T08:02:55.059-0300] {dagbag.py:536} INFO - Filling up the DagBag from /home/gmassoqueto/repos/apache-airflow-101/.venv/lib/python3.11/site-packages/airflow/example_dags/example_xcom.py
[2023-11-14T08:02:55.068-0300] {processor.py:839} INFO - DAG(s) dict_keys(['example_xcom']) retrieved from /home/gmassoqueto/repos/apache-airflow-101/.venv/lib/python3.11/site-packages/airflow/example_dags/example_xcom.py
[2023-11-14T08:02:55.085-0300] {logging_mixin.py:154} INFO - [2023-11-14T08:02:55.085-0300] {dag.py:2941} INFO - Sync 1 DAGs
[2023-11-14T08:02:55.102-0300] {logging_mixin.py:154} INFO - [2023-11-14T08:02:55.102-0300] {dag.py:3722} INFO - Setting next_dagrun for example_xcom to 2021-01-01T00:00:00+00:00, run_after=2021-01-01T00:00:00+00:00
[2023-11-14T08:02:55.125-0300] {processor.py:179} INFO - Processing /home/gmassoqueto/repos/apache-airflow-101/.venv/lib/python3.11/site-packages/airflow/example_dags/example_xcom.py took 0.074 seconds
[2023-11-14T08:03:42.416-0300] {processor.py:157} INFO - Started process (PID=288419) to work on /home/gmassoqueto/repos/apache-airflow-101/.venv/lib/python3.11/site-packages/airflow/example_dags/example_xcom.py
[2023-11-14T08:03:42.421-0300] {processor.py:829} INFO - Processing file /home/gmassoqueto/repos/apache-airflow-101/.venv/lib/python3.11/site-packages/airflow/example_dags/example_xcom.py for tasks to queue
[2023-11-14T08:03:42.423-0300] {logging_mixin.py:154} INFO - [2023-11-14T08:03:42.422-0300] {dagbag.py:536} INFO - Filling up the DagBag from /home/gmassoqueto/repos/apache-airflow-101/.venv/lib/python3.11/site-packages/airflow/example_dags/example_xcom.py
[2023-11-14T08:03:42.445-0300] {processor.py:839} INFO - DAG(s) dict_keys(['example_xcom']) retrieved from /home/gmassoqueto/repos/apache-airflow-101/.venv/lib/python3.11/site-packages/airflow/example_dags/example_xcom.py
[2023-11-14T08:03:42.465-0300] {logging_mixin.py:154} INFO - [2023-11-14T08:03:42.464-0300] {dag.py:2941} INFO - Sync 1 DAGs
[2023-11-14T08:03:42.481-0300] {logging_mixin.py:154} INFO - [2023-11-14T08:03:42.481-0300] {dag.py:3722} INFO - Setting next_dagrun for example_xcom to 2021-01-01T00:00:00+00:00, run_after=2021-01-01T00:00:00+00:00
[2023-11-14T08:03:42.499-0300] {processor.py:179} INFO - Processing /home/gmassoqueto/repos/apache-airflow-101/.venv/lib/python3.11/site-packages/airflow/example_dags/example_xcom.py took 0.092 seconds
[2023-11-14T08:04:15.979-0300] {processor.py:157} INFO - Started process (PID=288844) to work on /home/gmassoqueto/repos/apache-airflow-101/.venv/lib/python3.11/site-packages/airflow/example_dags/example_xcom.py
[2023-11-14T08:04:15.983-0300] {processor.py:829} INFO - Processing file /home/gmassoqueto/repos/apache-airflow-101/.venv/lib/python3.11/site-packages/airflow/example_dags/example_xcom.py for tasks to queue
[2023-11-14T08:04:15.984-0300] {logging_mixin.py:154} INFO - [2023-11-14T08:04:15.983-0300] {dagbag.py:536} INFO - Filling up the DagBag from /home/gmassoqueto/repos/apache-airflow-101/.venv/lib/python3.11/site-packages/airflow/example_dags/example_xcom.py
[2023-11-14T08:04:15.990-0300] {processor.py:839} INFO - DAG(s) dict_keys(['example_xcom']) retrieved from /home/gmassoqueto/repos/apache-airflow-101/.venv/lib/python3.11/site-packages/airflow/example_dags/example_xcom.py
[2023-11-14T08:04:16.004-0300] {logging_mixin.py:154} INFO - [2023-11-14T08:04:16.003-0300] {dag.py:2941} INFO - Sync 1 DAGs
[2023-11-14T08:04:16.018-0300] {logging_mixin.py:154} INFO - [2023-11-14T08:04:16.018-0300] {dag.py:3722} INFO - Setting next_dagrun for example_xcom to 2021-01-01T00:00:00+00:00, run_after=2021-01-01T00:00:00+00:00
[2023-11-14T08:04:16.047-0300] {processor.py:179} INFO - Processing /home/gmassoqueto/repos/apache-airflow-101/.venv/lib/python3.11/site-packages/airflow/example_dags/example_xcom.py took 0.071 seconds
[2023-11-14T08:04:49.785-0300] {processor.py:157} INFO - Started process (PID=288969) to work on /home/gmassoqueto/repos/apache-airflow-101/.venv/lib/python3.11/site-packages/airflow/example_dags/example_xcom.py
[2023-11-14T08:04:49.786-0300] {processor.py:829} INFO - Processing file /home/gmassoqueto/repos/apache-airflow-101/.venv/lib/python3.11/site-packages/airflow/example_dags/example_xcom.py for tasks to queue
[2023-11-14T08:04:49.787-0300] {logging_mixin.py:154} INFO - [2023-11-14T08:04:49.786-0300] {dagbag.py:536} INFO - Filling up the DagBag from /home/gmassoqueto/repos/apache-airflow-101/.venv/lib/python3.11/site-packages/airflow/example_dags/example_xcom.py
[2023-11-14T08:04:49.793-0300] {processor.py:839} INFO - DAG(s) dict_keys(['example_xcom']) retrieved from /home/gmassoqueto/repos/apache-airflow-101/.venv/lib/python3.11/site-packages/airflow/example_dags/example_xcom.py
[2023-11-14T08:04:49.808-0300] {logging_mixin.py:154} INFO - [2023-11-14T08:04:49.808-0300] {dag.py:2941} INFO - Sync 1 DAGs
[2023-11-14T08:04:49.823-0300] {logging_mixin.py:154} INFO - [2023-11-14T08:04:49.823-0300] {dag.py:3722} INFO - Setting next_dagrun for example_xcom to 2021-01-01T00:00:00+00:00, run_after=2021-01-01T00:00:00+00:00
[2023-11-14T08:04:49.838-0300] {processor.py:179} INFO - Processing /home/gmassoqueto/repos/apache-airflow-101/.venv/lib/python3.11/site-packages/airflow/example_dags/example_xcom.py took 0.054 seconds
[2023-11-14T08:05:23.097-0300] {processor.py:157} INFO - Started process (PID=289037) to work on /home/gmassoqueto/repos/apache-airflow-101/.venv/lib/python3.11/site-packages/airflow/example_dags/example_xcom.py
[2023-11-14T08:05:23.099-0300] {processor.py:829} INFO - Processing file /home/gmassoqueto/repos/apache-airflow-101/.venv/lib/python3.11/site-packages/airflow/example_dags/example_xcom.py for tasks to queue
[2023-11-14T08:05:23.100-0300] {logging_mixin.py:154} INFO - [2023-11-14T08:05:23.100-0300] {dagbag.py:536} INFO - Filling up the DagBag from /home/gmassoqueto/repos/apache-airflow-101/.venv/lib/python3.11/site-packages/airflow/example_dags/example_xcom.py
[2023-11-14T08:05:23.115-0300] {processor.py:839} INFO - DAG(s) dict_keys(['example_xcom']) retrieved from /home/gmassoqueto/repos/apache-airflow-101/.venv/lib/python3.11/site-packages/airflow/example_dags/example_xcom.py
[2023-11-14T08:05:23.132-0300] {logging_mixin.py:154} INFO - [2023-11-14T08:05:23.132-0300] {dag.py:2941} INFO - Sync 1 DAGs
[2023-11-14T08:05:23.148-0300] {logging_mixin.py:154} INFO - [2023-11-14T08:05:23.148-0300] {dag.py:3722} INFO - Setting next_dagrun for example_xcom to 2021-01-01T00:00:00+00:00, run_after=2021-01-01T00:00:00+00:00
[2023-11-14T08:05:23.164-0300] {processor.py:179} INFO - Processing /home/gmassoqueto/repos/apache-airflow-101/.venv/lib/python3.11/site-packages/airflow/example_dags/example_xcom.py took 0.073 seconds
[2023-11-14T08:06:10.325-0300] {processor.py:157} INFO - Started process (PID=289168) to work on /home/gmassoqueto/repos/apache-airflow-101/.venv/lib/python3.11/site-packages/airflow/example_dags/example_xcom.py
[2023-11-14T08:06:10.330-0300] {processor.py:829} INFO - Processing file /home/gmassoqueto/repos/apache-airflow-101/.venv/lib/python3.11/site-packages/airflow/example_dags/example_xcom.py for tasks to queue
[2023-11-14T08:06:10.332-0300] {logging_mixin.py:154} INFO - [2023-11-14T08:06:10.331-0300] {dagbag.py:536} INFO - Filling up the DagBag from /home/gmassoqueto/repos/apache-airflow-101/.venv/lib/python3.11/site-packages/airflow/example_dags/example_xcom.py
[2023-11-14T08:06:10.351-0300] {processor.py:839} INFO - DAG(s) dict_keys(['example_xcom']) retrieved from /home/gmassoqueto/repos/apache-airflow-101/.venv/lib/python3.11/site-packages/airflow/example_dags/example_xcom.py
[2023-11-14T08:06:10.369-0300] {logging_mixin.py:154} INFO - [2023-11-14T08:06:10.369-0300] {dag.py:2941} INFO - Sync 1 DAGs
[2023-11-14T08:06:10.385-0300] {logging_mixin.py:154} INFO - [2023-11-14T08:06:10.385-0300] {dag.py:3722} INFO - Setting next_dagrun for example_xcom to 2021-01-01T00:00:00+00:00, run_after=2021-01-01T00:00:00+00:00
[2023-11-14T08:06:10.403-0300] {processor.py:179} INFO - Processing /home/gmassoqueto/repos/apache-airflow-101/.venv/lib/python3.11/site-packages/airflow/example_dags/example_xcom.py took 0.086 seconds
[2023-11-14T08:06:44.791-0300] {processor.py:157} INFO - Started process (PID=289255) to work on /home/gmassoqueto/repos/apache-airflow-101/.venv/lib/python3.11/site-packages/airflow/example_dags/example_xcom.py
[2023-11-14T08:06:44.794-0300] {processor.py:829} INFO - Processing file /home/gmassoqueto/repos/apache-airflow-101/.venv/lib/python3.11/site-packages/airflow/example_dags/example_xcom.py for tasks to queue
[2023-11-14T08:06:44.795-0300] {logging_mixin.py:154} INFO - [2023-11-14T08:06:44.795-0300] {dagbag.py:536} INFO - Filling up the DagBag from /home/gmassoqueto/repos/apache-airflow-101/.venv/lib/python3.11/site-packages/airflow/example_dags/example_xcom.py
[2023-11-14T08:06:44.802-0300] {processor.py:839} INFO - DAG(s) dict_keys(['example_xcom']) retrieved from /home/gmassoqueto/repos/apache-airflow-101/.venv/lib/python3.11/site-packages/airflow/example_dags/example_xcom.py
[2023-11-14T08:06:44.816-0300] {logging_mixin.py:154} INFO - [2023-11-14T08:06:44.816-0300] {dag.py:2941} INFO - Sync 1 DAGs
[2023-11-14T08:06:44.832-0300] {logging_mixin.py:154} INFO - [2023-11-14T08:06:44.832-0300] {dag.py:3722} INFO - Setting next_dagrun for example_xcom to 2021-01-01T00:00:00+00:00, run_after=2021-01-01T00:00:00+00:00
[2023-11-14T08:06:44.849-0300] {processor.py:179} INFO - Processing /home/gmassoqueto/repos/apache-airflow-101/.venv/lib/python3.11/site-packages/airflow/example_dags/example_xcom.py took 0.060 seconds
[2023-11-14T08:07:31.778-0300] {processor.py:157} INFO - Started process (PID=289443) to work on /home/gmassoqueto/repos/apache-airflow-101/.venv/lib/python3.11/site-packages/airflow/example_dags/example_xcom.py
[2023-11-14T08:07:31.783-0300] {processor.py:829} INFO - Processing file /home/gmassoqueto/repos/apache-airflow-101/.venv/lib/python3.11/site-packages/airflow/example_dags/example_xcom.py for tasks to queue
[2023-11-14T08:07:31.785-0300] {logging_mixin.py:154} INFO - [2023-11-14T08:07:31.784-0300] {dagbag.py:536} INFO - Filling up the DagBag from /home/gmassoqueto/repos/apache-airflow-101/.venv/lib/python3.11/site-packages/airflow/example_dags/example_xcom.py
[2023-11-14T08:07:31.805-0300] {processor.py:839} INFO - DAG(s) dict_keys(['example_xcom']) retrieved from /home/gmassoqueto/repos/apache-airflow-101/.venv/lib/python3.11/site-packages/airflow/example_dags/example_xcom.py
[2023-11-14T08:07:31.824-0300] {logging_mixin.py:154} INFO - [2023-11-14T08:07:31.824-0300] {dag.py:2941} INFO - Sync 1 DAGs
[2023-11-14T08:07:31.840-0300] {logging_mixin.py:154} INFO - [2023-11-14T08:07:31.840-0300] {dag.py:3722} INFO - Setting next_dagrun for example_xcom to 2021-01-01T00:00:00+00:00, run_after=2021-01-01T00:00:00+00:00
[2023-11-14T08:07:31.859-0300] {processor.py:179} INFO - Processing /home/gmassoqueto/repos/apache-airflow-101/.venv/lib/python3.11/site-packages/airflow/example_dags/example_xcom.py took 0.089 seconds
[2023-11-14T08:08:09.976-0300] {processor.py:157} INFO - Started process (PID=289654) to work on /home/gmassoqueto/repos/apache-airflow-101/.venv/lib/python3.11/site-packages/airflow/example_dags/example_xcom.py
[2023-11-14T08:08:09.980-0300] {processor.py:829} INFO - Processing file /home/gmassoqueto/repos/apache-airflow-101/.venv/lib/python3.11/site-packages/airflow/example_dags/example_xcom.py for tasks to queue
[2023-11-14T08:08:09.981-0300] {logging_mixin.py:154} INFO - [2023-11-14T08:08:09.980-0300] {dagbag.py:536} INFO - Filling up the DagBag from /home/gmassoqueto/repos/apache-airflow-101/.venv/lib/python3.11/site-packages/airflow/example_dags/example_xcom.py
[2023-11-14T08:08:09.992-0300] {processor.py:839} INFO - DAG(s) dict_keys(['example_xcom']) retrieved from /home/gmassoqueto/repos/apache-airflow-101/.venv/lib/python3.11/site-packages/airflow/example_dags/example_xcom.py
[2023-11-14T08:08:10.000-0300] {logging_mixin.py:154} INFO - [2023-11-14T08:08:10.000-0300] {dag.py:2941} INFO - Sync 1 DAGs
[2023-11-14T08:08:10.013-0300] {logging_mixin.py:154} INFO - [2023-11-14T08:08:10.013-0300] {dag.py:2963} INFO - Creating ORM DAG for example_xcom
[2023-11-14T08:08:10.021-0300] {logging_mixin.py:154} INFO - [2023-11-14T08:08:10.021-0300] {dag.py:3722} INFO - Setting next_dagrun for example_xcom to 2021-01-01T00:00:00+00:00, run_after=2021-01-01T00:00:00+00:00
[2023-11-14T08:08:10.050-0300] {processor.py:179} INFO - Processing /home/gmassoqueto/repos/apache-airflow-101/.venv/lib/python3.11/site-packages/airflow/example_dags/example_xcom.py took 0.076 seconds
[2023-11-14T08:08:55.331-0300] {processor.py:157} INFO - Started process (PID=289939) to work on /home/gmassoqueto/repos/apache-airflow-101/.venv/lib/python3.11/site-packages/airflow/example_dags/example_xcom.py
[2023-11-14T08:08:55.335-0300] {processor.py:829} INFO - Processing file /home/gmassoqueto/repos/apache-airflow-101/.venv/lib/python3.11/site-packages/airflow/example_dags/example_xcom.py for tasks to queue
[2023-11-14T08:08:55.336-0300] {logging_mixin.py:154} INFO - [2023-11-14T08:08:55.335-0300] {dagbag.py:536} INFO - Filling up the DagBag from /home/gmassoqueto/repos/apache-airflow-101/.venv/lib/python3.11/site-packages/airflow/example_dags/example_xcom.py
[2023-11-14T08:08:55.342-0300] {processor.py:839} INFO - DAG(s) dict_keys(['example_xcom']) retrieved from /home/gmassoqueto/repos/apache-airflow-101/.venv/lib/python3.11/site-packages/airflow/example_dags/example_xcom.py
[2023-11-14T08:08:55.355-0300] {logging_mixin.py:154} INFO - [2023-11-14T08:08:55.355-0300] {dag.py:2941} INFO - Sync 1 DAGs
[2023-11-14T08:08:55.371-0300] {logging_mixin.py:154} INFO - [2023-11-14T08:08:55.371-0300] {dag.py:3722} INFO - Setting next_dagrun for example_xcom to 2021-01-01T00:00:00+00:00, run_after=2021-01-01T00:00:00+00:00
[2023-11-14T08:08:55.387-0300] {processor.py:179} INFO - Processing /home/gmassoqueto/repos/apache-airflow-101/.venv/lib/python3.11/site-packages/airflow/example_dags/example_xcom.py took 0.058 seconds
[2023-11-14T08:09:48.665-0300] {processor.py:157} INFO - Started process (PID=290240) to work on /home/gmassoqueto/repos/apache-airflow-101/.venv/lib/python3.11/site-packages/airflow/example_dags/example_xcom.py
[2023-11-14T08:09:48.666-0300] {processor.py:829} INFO - Processing file /home/gmassoqueto/repos/apache-airflow-101/.venv/lib/python3.11/site-packages/airflow/example_dags/example_xcom.py for tasks to queue
[2023-11-14T08:09:48.667-0300] {logging_mixin.py:154} INFO - [2023-11-14T08:09:48.666-0300] {dagbag.py:536} INFO - Filling up the DagBag from /home/gmassoqueto/repos/apache-airflow-101/.venv/lib/python3.11/site-packages/airflow/example_dags/example_xcom.py
[2023-11-14T08:09:48.678-0300] {processor.py:839} INFO - DAG(s) dict_keys(['example_xcom']) retrieved from /home/gmassoqueto/repos/apache-airflow-101/.venv/lib/python3.11/site-packages/airflow/example_dags/example_xcom.py
[2023-11-14T08:09:48.689-0300] {logging_mixin.py:154} INFO - [2023-11-14T08:09:48.689-0300] {dag.py:2941} INFO - Sync 1 DAGs
[2023-11-14T08:09:48.856-0300] {logging_mixin.py:154} INFO - [2023-11-14T08:09:48.855-0300] {dag.py:3722} INFO - Setting next_dagrun for example_xcom to 2021-01-01T00:00:00+00:00, run_after=2021-01-01T00:00:00+00:00
[2023-11-14T08:09:48.952-0300] {processor.py:179} INFO - Processing /home/gmassoqueto/repos/apache-airflow-101/.venv/lib/python3.11/site-packages/airflow/example_dags/example_xcom.py took 0.290 seconds
[2023-11-14T08:10:38.070-0300] {processor.py:157} INFO - Started process (PID=291025) to work on /home/gmassoqueto/repos/apache-airflow-101/.venv/lib/python3.11/site-packages/airflow/example_dags/example_xcom.py
[2023-11-14T08:10:38.074-0300] {processor.py:829} INFO - Processing file /home/gmassoqueto/repos/apache-airflow-101/.venv/lib/python3.11/site-packages/airflow/example_dags/example_xcom.py for tasks to queue
[2023-11-14T08:10:38.075-0300] {logging_mixin.py:154} INFO - [2023-11-14T08:10:38.075-0300] {dagbag.py:536} INFO - Filling up the DagBag from /home/gmassoqueto/repos/apache-airflow-101/.venv/lib/python3.11/site-packages/airflow/example_dags/example_xcom.py
[2023-11-14T08:10:38.086-0300] {processor.py:839} INFO - DAG(s) dict_keys(['example_xcom']) retrieved from /home/gmassoqueto/repos/apache-airflow-101/.venv/lib/python3.11/site-packages/airflow/example_dags/example_xcom.py
[2023-11-14T08:10:38.109-0300] {logging_mixin.py:154} INFO - [2023-11-14T08:10:38.108-0300] {dag.py:2941} INFO - Sync 1 DAGs
[2023-11-14T08:10:38.125-0300] {logging_mixin.py:154} INFO - [2023-11-14T08:10:38.125-0300] {dag.py:3722} INFO - Setting next_dagrun for example_xcom to 2021-01-01T00:00:00+00:00, run_after=2021-01-01T00:00:00+00:00
[2023-11-14T08:10:38.142-0300] {processor.py:179} INFO - Processing /home/gmassoqueto/repos/apache-airflow-101/.venv/lib/python3.11/site-packages/airflow/example_dags/example_xcom.py took 0.074 seconds
[2023-11-14T08:11:13.592-0300] {processor.py:157} INFO - Started process (PID=291150) to work on /home/gmassoqueto/repos/apache-airflow-101/.venv/lib/python3.11/site-packages/airflow/example_dags/example_xcom.py
[2023-11-14T08:11:13.595-0300] {processor.py:829} INFO - Processing file /home/gmassoqueto/repos/apache-airflow-101/.venv/lib/python3.11/site-packages/airflow/example_dags/example_xcom.py for tasks to queue
[2023-11-14T08:11:13.596-0300] {logging_mixin.py:154} INFO - [2023-11-14T08:11:13.596-0300] {dagbag.py:536} INFO - Filling up the DagBag from /home/gmassoqueto/repos/apache-airflow-101/.venv/lib/python3.11/site-packages/airflow/example_dags/example_xcom.py
[2023-11-14T08:11:13.604-0300] {processor.py:839} INFO - DAG(s) dict_keys(['example_xcom']) retrieved from /home/gmassoqueto/repos/apache-airflow-101/.venv/lib/python3.11/site-packages/airflow/example_dags/example_xcom.py
[2023-11-14T08:11:13.622-0300] {logging_mixin.py:154} INFO - [2023-11-14T08:11:13.622-0300] {dag.py:2941} INFO - Sync 1 DAGs
[2023-11-14T08:11:13.638-0300] {logging_mixin.py:154} INFO - [2023-11-14T08:11:13.638-0300] {dag.py:3722} INFO - Setting next_dagrun for example_xcom to 2021-01-01T00:00:00+00:00, run_after=2021-01-01T00:00:00+00:00
[2023-11-14T08:11:13.663-0300] {processor.py:179} INFO - Processing /home/gmassoqueto/repos/apache-airflow-101/.venv/lib/python3.11/site-packages/airflow/example_dags/example_xcom.py took 0.074 seconds
[2023-11-14T08:11:58.822-0300] {processor.py:157} INFO - Started process (PID=291279) to work on /home/gmassoqueto/repos/apache-airflow-101/.venv/lib/python3.11/site-packages/airflow/example_dags/example_xcom.py
[2023-11-14T08:11:58.826-0300] {processor.py:829} INFO - Processing file /home/gmassoqueto/repos/apache-airflow-101/.venv/lib/python3.11/site-packages/airflow/example_dags/example_xcom.py for tasks to queue
[2023-11-14T08:11:58.826-0300] {logging_mixin.py:154} INFO - [2023-11-14T08:11:58.826-0300] {dagbag.py:536} INFO - Filling up the DagBag from /home/gmassoqueto/repos/apache-airflow-101/.venv/lib/python3.11/site-packages/airflow/example_dags/example_xcom.py
[2023-11-14T08:11:58.839-0300] {processor.py:839} INFO - DAG(s) dict_keys(['example_xcom']) retrieved from /home/gmassoqueto/repos/apache-airflow-101/.venv/lib/python3.11/site-packages/airflow/example_dags/example_xcom.py
[2023-11-14T08:11:58.862-0300] {logging_mixin.py:154} INFO - [2023-11-14T08:11:58.862-0300] {dag.py:2941} INFO - Sync 1 DAGs
[2023-11-14T08:11:58.889-0300] {logging_mixin.py:154} INFO - [2023-11-14T08:11:58.889-0300] {dag.py:3722} INFO - Setting next_dagrun for example_xcom to 2021-01-01T00:00:00+00:00, run_after=2021-01-01T00:00:00+00:00
[2023-11-14T08:11:58.916-0300] {processor.py:179} INFO - Processing /home/gmassoqueto/repos/apache-airflow-101/.venv/lib/python3.11/site-packages/airflow/example_dags/example_xcom.py took 0.100 seconds
[2023-11-14T08:12:43.920-0300] {processor.py:157} INFO - Started process (PID=291523) to work on /home/gmassoqueto/repos/apache-airflow-101/.venv/lib/python3.11/site-packages/airflow/example_dags/example_xcom.py
[2023-11-14T08:12:43.924-0300] {processor.py:829} INFO - Processing file /home/gmassoqueto/repos/apache-airflow-101/.venv/lib/python3.11/site-packages/airflow/example_dags/example_xcom.py for tasks to queue
[2023-11-14T08:12:43.925-0300] {logging_mixin.py:154} INFO - [2023-11-14T08:12:43.925-0300] {dagbag.py:536} INFO - Filling up the DagBag from /home/gmassoqueto/repos/apache-airflow-101/.venv/lib/python3.11/site-packages/airflow/example_dags/example_xcom.py
[2023-11-14T08:12:43.935-0300] {processor.py:839} INFO - DAG(s) dict_keys(['example_xcom']) retrieved from /home/gmassoqueto/repos/apache-airflow-101/.venv/lib/python3.11/site-packages/airflow/example_dags/example_xcom.py
[2023-11-14T08:12:43.957-0300] {logging_mixin.py:154} INFO - [2023-11-14T08:12:43.957-0300] {dag.py:2941} INFO - Sync 1 DAGs
[2023-11-14T08:12:43.975-0300] {logging_mixin.py:154} INFO - [2023-11-14T08:12:43.975-0300] {dag.py:3722} INFO - Setting next_dagrun for example_xcom to 2021-01-01T00:00:00+00:00, run_after=2021-01-01T00:00:00+00:00
[2023-11-14T08:12:43.992-0300] {processor.py:179} INFO - Processing /home/gmassoqueto/repos/apache-airflow-101/.venv/lib/python3.11/site-packages/airflow/example_dags/example_xcom.py took 0.074 seconds
[2023-11-14T08:13:30.940-0300] {processor.py:157} INFO - Started process (PID=291629) to work on /home/gmassoqueto/repos/apache-airflow-101/.venv/lib/python3.11/site-packages/airflow/example_dags/example_xcom.py
[2023-11-14T08:13:30.945-0300] {processor.py:829} INFO - Processing file /home/gmassoqueto/repos/apache-airflow-101/.venv/lib/python3.11/site-packages/airflow/example_dags/example_xcom.py for tasks to queue
[2023-11-14T08:13:30.947-0300] {logging_mixin.py:154} INFO - [2023-11-14T08:13:30.946-0300] {dagbag.py:536} INFO - Filling up the DagBag from /home/gmassoqueto/repos/apache-airflow-101/.venv/lib/python3.11/site-packages/airflow/example_dags/example_xcom.py
[2023-11-14T08:13:30.963-0300] {processor.py:839} INFO - DAG(s) dict_keys(['example_xcom']) retrieved from /home/gmassoqueto/repos/apache-airflow-101/.venv/lib/python3.11/site-packages/airflow/example_dags/example_xcom.py
[2023-11-14T08:13:30.981-0300] {logging_mixin.py:154} INFO - [2023-11-14T08:13:30.981-0300] {dag.py:2941} INFO - Sync 1 DAGs
[2023-11-14T08:13:30.996-0300] {logging_mixin.py:154} INFO - [2023-11-14T08:13:30.996-0300] {dag.py:3722} INFO - Setting next_dagrun for example_xcom to 2021-01-01T00:00:00+00:00, run_after=2021-01-01T00:00:00+00:00
[2023-11-14T08:13:31.024-0300] {processor.py:179} INFO - Processing /home/gmassoqueto/repos/apache-airflow-101/.venv/lib/python3.11/site-packages/airflow/example_dags/example_xcom.py took 0.091 seconds
[2023-11-14T08:14:17.633-0300] {processor.py:157} INFO - Started process (PID=291720) to work on /home/gmassoqueto/repos/apache-airflow-101/.venv/lib/python3.11/site-packages/airflow/example_dags/example_xcom.py
[2023-11-14T08:14:17.638-0300] {processor.py:829} INFO - Processing file /home/gmassoqueto/repos/apache-airflow-101/.venv/lib/python3.11/site-packages/airflow/example_dags/example_xcom.py for tasks to queue
[2023-11-14T08:14:17.641-0300] {logging_mixin.py:154} INFO - [2023-11-14T08:14:17.640-0300] {dagbag.py:536} INFO - Filling up the DagBag from /home/gmassoqueto/repos/apache-airflow-101/.venv/lib/python3.11/site-packages/airflow/example_dags/example_xcom.py
[2023-11-14T08:14:17.658-0300] {processor.py:839} INFO - DAG(s) dict_keys(['example_xcom']) retrieved from /home/gmassoqueto/repos/apache-airflow-101/.venv/lib/python3.11/site-packages/airflow/example_dags/example_xcom.py
[2023-11-14T08:14:17.681-0300] {logging_mixin.py:154} INFO - [2023-11-14T08:14:17.681-0300] {dag.py:2941} INFO - Sync 1 DAGs
[2023-11-14T08:14:17.700-0300] {logging_mixin.py:154} INFO - [2023-11-14T08:14:17.700-0300] {dag.py:3722} INFO - Setting next_dagrun for example_xcom to 2021-01-01T00:00:00+00:00, run_after=2021-01-01T00:00:00+00:00
[2023-11-14T08:14:17.719-0300] {processor.py:179} INFO - Processing /home/gmassoqueto/repos/apache-airflow-101/.venv/lib/python3.11/site-packages/airflow/example_dags/example_xcom.py took 0.094 seconds
[2023-11-14T08:14:50.885-0300] {processor.py:157} INFO - Started process (PID=291852) to work on /home/gmassoqueto/repos/apache-airflow-101/.venv/lib/python3.11/site-packages/airflow/example_dags/example_xcom.py
[2023-11-14T08:14:50.889-0300] {processor.py:829} INFO - Processing file /home/gmassoqueto/repos/apache-airflow-101/.venv/lib/python3.11/site-packages/airflow/example_dags/example_xcom.py for tasks to queue
[2023-11-14T08:14:50.889-0300] {logging_mixin.py:154} INFO - [2023-11-14T08:14:50.889-0300] {dagbag.py:536} INFO - Filling up the DagBag from /home/gmassoqueto/repos/apache-airflow-101/.venv/lib/python3.11/site-packages/airflow/example_dags/example_xcom.py
[2023-11-14T08:14:50.897-0300] {processor.py:839} INFO - DAG(s) dict_keys(['example_xcom']) retrieved from /home/gmassoqueto/repos/apache-airflow-101/.venv/lib/python3.11/site-packages/airflow/example_dags/example_xcom.py
[2023-11-14T08:14:50.913-0300] {logging_mixin.py:154} INFO - [2023-11-14T08:14:50.913-0300] {dag.py:2941} INFO - Sync 1 DAGs
[2023-11-14T08:14:50.928-0300] {logging_mixin.py:154} INFO - [2023-11-14T08:14:50.928-0300] {dag.py:3722} INFO - Setting next_dagrun for example_xcom to 2021-01-01T00:00:00+00:00, run_after=2021-01-01T00:00:00+00:00
[2023-11-14T08:14:50.955-0300] {processor.py:179} INFO - Processing /home/gmassoqueto/repos/apache-airflow-101/.venv/lib/python3.11/site-packages/airflow/example_dags/example_xcom.py took 0.073 seconds
[2023-11-14T08:15:39.145-0300] {processor.py:157} INFO - Started process (PID=291937) to work on /home/gmassoqueto/repos/apache-airflow-101/.venv/lib/python3.11/site-packages/airflow/example_dags/example_xcom.py
[2023-11-14T08:15:39.149-0300] {processor.py:829} INFO - Processing file /home/gmassoqueto/repos/apache-airflow-101/.venv/lib/python3.11/site-packages/airflow/example_dags/example_xcom.py for tasks to queue
[2023-11-14T08:15:39.150-0300] {logging_mixin.py:154} INFO - [2023-11-14T08:15:39.149-0300] {dagbag.py:536} INFO - Filling up the DagBag from /home/gmassoqueto/repos/apache-airflow-101/.venv/lib/python3.11/site-packages/airflow/example_dags/example_xcom.py
[2023-11-14T08:15:39.159-0300] {processor.py:839} INFO - DAG(s) dict_keys(['example_xcom']) retrieved from /home/gmassoqueto/repos/apache-airflow-101/.venv/lib/python3.11/site-packages/airflow/example_dags/example_xcom.py
[2023-11-14T08:15:39.177-0300] {logging_mixin.py:154} INFO - [2023-11-14T08:15:39.177-0300] {dag.py:2941} INFO - Sync 1 DAGs
[2023-11-14T08:15:39.192-0300] {logging_mixin.py:154} INFO - [2023-11-14T08:15:39.192-0300] {dag.py:3722} INFO - Setting next_dagrun for example_xcom to 2021-01-01T00:00:00+00:00, run_after=2021-01-01T00:00:00+00:00
[2023-11-14T08:15:39.210-0300] {processor.py:179} INFO - Processing /home/gmassoqueto/repos/apache-airflow-101/.venv/lib/python3.11/site-packages/airflow/example_dags/example_xcom.py took 0.068 seconds
[2023-11-14T08:16:26.509-0300] {processor.py:157} INFO - Started process (PID=292023) to work on /home/gmassoqueto/repos/apache-airflow-101/.venv/lib/python3.11/site-packages/airflow/example_dags/example_xcom.py
[2023-11-14T08:16:26.512-0300] {processor.py:829} INFO - Processing file /home/gmassoqueto/repos/apache-airflow-101/.venv/lib/python3.11/site-packages/airflow/example_dags/example_xcom.py for tasks to queue
[2023-11-14T08:16:26.513-0300] {logging_mixin.py:154} INFO - [2023-11-14T08:16:26.513-0300] {dagbag.py:536} INFO - Filling up the DagBag from /home/gmassoqueto/repos/apache-airflow-101/.venv/lib/python3.11/site-packages/airflow/example_dags/example_xcom.py
[2023-11-14T08:16:26.521-0300] {processor.py:839} INFO - DAG(s) dict_keys(['example_xcom']) retrieved from /home/gmassoqueto/repos/apache-airflow-101/.venv/lib/python3.11/site-packages/airflow/example_dags/example_xcom.py
[2023-11-14T08:16:26.540-0300] {logging_mixin.py:154} INFO - [2023-11-14T08:16:26.539-0300] {dag.py:2941} INFO - Sync 1 DAGs
[2023-11-14T08:16:26.556-0300] {logging_mixin.py:154} INFO - [2023-11-14T08:16:26.556-0300] {dag.py:3722} INFO - Setting next_dagrun for example_xcom to 2021-01-01T00:00:00+00:00, run_after=2021-01-01T00:00:00+00:00
[2023-11-14T08:16:26.581-0300] {processor.py:179} INFO - Processing /home/gmassoqueto/repos/apache-airflow-101/.venv/lib/python3.11/site-packages/airflow/example_dags/example_xcom.py took 0.075 seconds
[2023-11-14T08:17:00.136-0300] {processor.py:157} INFO - Started process (PID=292080) to work on /home/gmassoqueto/repos/apache-airflow-101/.venv/lib/python3.11/site-packages/airflow/example_dags/example_xcom.py
[2023-11-14T08:17:00.140-0300] {processor.py:829} INFO - Processing file /home/gmassoqueto/repos/apache-airflow-101/.venv/lib/python3.11/site-packages/airflow/example_dags/example_xcom.py for tasks to queue
[2023-11-14T08:17:00.141-0300] {logging_mixin.py:154} INFO - [2023-11-14T08:17:00.140-0300] {dagbag.py:536} INFO - Filling up the DagBag from /home/gmassoqueto/repos/apache-airflow-101/.venv/lib/python3.11/site-packages/airflow/example_dags/example_xcom.py
[2023-11-14T08:17:00.147-0300] {processor.py:839} INFO - DAG(s) dict_keys(['example_xcom']) retrieved from /home/gmassoqueto/repos/apache-airflow-101/.venv/lib/python3.11/site-packages/airflow/example_dags/example_xcom.py
[2023-11-14T08:17:00.161-0300] {logging_mixin.py:154} INFO - [2023-11-14T08:17:00.161-0300] {dag.py:2941} INFO - Sync 1 DAGs
[2023-11-14T08:17:00.176-0300] {logging_mixin.py:154} INFO - [2023-11-14T08:17:00.175-0300] {dag.py:3722} INFO - Setting next_dagrun for example_xcom to 2021-01-01T00:00:00+00:00, run_after=2021-01-01T00:00:00+00:00
[2023-11-14T08:17:00.192-0300] {processor.py:179} INFO - Processing /home/gmassoqueto/repos/apache-airflow-101/.venv/lib/python3.11/site-packages/airflow/example_dags/example_xcom.py took 0.058 seconds
[2023-11-14T08:17:34.490-0300] {processor.py:157} INFO - Started process (PID=292150) to work on /home/gmassoqueto/repos/apache-airflow-101/.venv/lib/python3.11/site-packages/airflow/example_dags/example_xcom.py
[2023-11-14T08:17:34.491-0300] {processor.py:829} INFO - Processing file /home/gmassoqueto/repos/apache-airflow-101/.venv/lib/python3.11/site-packages/airflow/example_dags/example_xcom.py for tasks to queue
[2023-11-14T08:17:34.492-0300] {logging_mixin.py:154} INFO - [2023-11-14T08:17:34.491-0300] {dagbag.py:536} INFO - Filling up the DagBag from /home/gmassoqueto/repos/apache-airflow-101/.venv/lib/python3.11/site-packages/airflow/example_dags/example_xcom.py
[2023-11-14T08:17:34.499-0300] {processor.py:839} INFO - DAG(s) dict_keys(['example_xcom']) retrieved from /home/gmassoqueto/repos/apache-airflow-101/.venv/lib/python3.11/site-packages/airflow/example_dags/example_xcom.py
[2023-11-14T08:17:34.514-0300] {logging_mixin.py:154} INFO - [2023-11-14T08:17:34.514-0300] {dag.py:2941} INFO - Sync 1 DAGs
[2023-11-14T08:17:34.530-0300] {logging_mixin.py:154} INFO - [2023-11-14T08:17:34.530-0300] {dag.py:3722} INFO - Setting next_dagrun for example_xcom to 2021-01-01T00:00:00+00:00, run_after=2021-01-01T00:00:00+00:00
[2023-11-14T08:17:34.547-0300] {processor.py:179} INFO - Processing /home/gmassoqueto/repos/apache-airflow-101/.venv/lib/python3.11/site-packages/airflow/example_dags/example_xcom.py took 0.060 seconds
