[2023-11-14T07:03:56.553-0300] {processor.py:157} INFO - Started process (PID=284816) to work on /home/gmassoqueto/repos/apache-airflow-101/.venv/lib/python3.11/site-packages/airflow/example_dags/example_branch_operator.py
[2023-11-14T07:03:56.554-0300] {processor.py:829} INFO - Processing file /home/gmassoqueto/repos/apache-airflow-101/.venv/lib/python3.11/site-packages/airflow/example_dags/example_branch_operator.py for tasks to queue
[2023-11-14T07:03:56.557-0300] {logging_mixin.py:154} INFO - [2023-11-14T07:03:56.556-0300] {dagbag.py:536} INFO - Filling up the DagBag from /home/gmassoqueto/repos/apache-airflow-101/.venv/lib/python3.11/site-packages/airflow/example_dags/example_branch_operator.py
[2023-11-14T07:03:56.575-0300] {processor.py:839} INFO - DAG(s) dict_keys(['example_branch_operator']) retrieved from /home/gmassoqueto/repos/apache-airflow-101/.venv/lib/python3.11/site-packages/airflow/example_dags/example_branch_operator.py
[2023-11-14T07:03:56.592-0300] {logging_mixin.py:154} INFO - [2023-11-14T07:03:56.592-0300] {dag.py:2941} INFO - Sync 1 DAGs
[2023-11-14T07:03:56.609-0300] {logging_mixin.py:154} INFO - [2023-11-14T07:03:56.609-0300] {dag.py:3722} INFO - Setting next_dagrun for example_branch_operator to 2023-11-13T00:00:00+00:00, run_after=2023-11-14T00:00:00+00:00
[2023-11-14T07:03:56.630-0300] {processor.py:179} INFO - Processing /home/gmassoqueto/repos/apache-airflow-101/.venv/lib/python3.11/site-packages/airflow/example_dags/example_branch_operator.py took 0.085 seconds
[2023-11-14T07:57:51.247-0300] {processor.py:157} INFO - Started process (PID=287304) to work on /home/gmassoqueto/repos/apache-airflow-101/.venv/lib/python3.11/site-packages/airflow/example_dags/example_branch_operator.py
[2023-11-14T07:57:51.251-0300] {processor.py:829} INFO - Processing file /home/gmassoqueto/repos/apache-airflow-101/.venv/lib/python3.11/site-packages/airflow/example_dags/example_branch_operator.py for tasks to queue
[2023-11-14T07:57:51.252-0300] {logging_mixin.py:154} INFO - [2023-11-14T07:57:51.252-0300] {dagbag.py:536} INFO - Filling up the DagBag from /home/gmassoqueto/repos/apache-airflow-101/.venv/lib/python3.11/site-packages/airflow/example_dags/example_branch_operator.py
[2023-11-14T07:57:51.264-0300] {processor.py:839} INFO - DAG(s) dict_keys(['example_branch_operator']) retrieved from /home/gmassoqueto/repos/apache-airflow-101/.venv/lib/python3.11/site-packages/airflow/example_dags/example_branch_operator.py
[2023-11-14T07:57:51.287-0300] {logging_mixin.py:154} INFO - [2023-11-14T07:57:51.287-0300] {dag.py:2941} INFO - Sync 1 DAGs
[2023-11-14T07:57:51.304-0300] {logging_mixin.py:154} INFO - [2023-11-14T07:57:51.304-0300] {dag.py:3722} INFO - Setting next_dagrun for example_branch_operator to 2023-11-13T00:00:00+00:00, run_after=2023-11-14T00:00:00+00:00
[2023-11-14T07:57:51.321-0300] {processor.py:179} INFO - Processing /home/gmassoqueto/repos/apache-airflow-101/.venv/lib/python3.11/site-packages/airflow/example_dags/example_branch_operator.py took 0.077 seconds
[2023-11-14T07:58:40.033-0300] {processor.py:157} INFO - Started process (PID=287467) to work on /home/gmassoqueto/repos/apache-airflow-101/.venv/lib/python3.11/site-packages/airflow/example_dags/example_branch_operator.py
[2023-11-14T07:58:40.038-0300] {processor.py:829} INFO - Processing file /home/gmassoqueto/repos/apache-airflow-101/.venv/lib/python3.11/site-packages/airflow/example_dags/example_branch_operator.py for tasks to queue
[2023-11-14T07:58:40.040-0300] {logging_mixin.py:154} INFO - [2023-11-14T07:58:40.040-0300] {dagbag.py:536} INFO - Filling up the DagBag from /home/gmassoqueto/repos/apache-airflow-101/.venv/lib/python3.11/site-packages/airflow/example_dags/example_branch_operator.py
[2023-11-14T07:58:40.060-0300] {processor.py:839} INFO - DAG(s) dict_keys(['example_branch_operator']) retrieved from /home/gmassoqueto/repos/apache-airflow-101/.venv/lib/python3.11/site-packages/airflow/example_dags/example_branch_operator.py
[2023-11-14T07:58:40.078-0300] {logging_mixin.py:154} INFO - [2023-11-14T07:58:40.078-0300] {dag.py:2941} INFO - Sync 1 DAGs
[2023-11-14T07:58:40.095-0300] {logging_mixin.py:154} INFO - [2023-11-14T07:58:40.095-0300] {dag.py:3722} INFO - Setting next_dagrun for example_branch_operator to 2023-11-13T00:00:00+00:00, run_after=2023-11-14T00:00:00+00:00
[2023-11-14T07:58:40.112-0300] {processor.py:179} INFO - Processing /home/gmassoqueto/repos/apache-airflow-101/.venv/lib/python3.11/site-packages/airflow/example_dags/example_branch_operator.py took 0.087 seconds
[2023-11-14T07:59:27.817-0300] {processor.py:157} INFO - Started process (PID=287613) to work on /home/gmassoqueto/repos/apache-airflow-101/.venv/lib/python3.11/site-packages/airflow/example_dags/example_branch_operator.py
[2023-11-14T07:59:27.822-0300] {processor.py:829} INFO - Processing file /home/gmassoqueto/repos/apache-airflow-101/.venv/lib/python3.11/site-packages/airflow/example_dags/example_branch_operator.py for tasks to queue
[2023-11-14T07:59:27.824-0300] {logging_mixin.py:154} INFO - [2023-11-14T07:59:27.823-0300] {dagbag.py:536} INFO - Filling up the DagBag from /home/gmassoqueto/repos/apache-airflow-101/.venv/lib/python3.11/site-packages/airflow/example_dags/example_branch_operator.py
[2023-11-14T07:59:27.842-0300] {processor.py:839} INFO - DAG(s) dict_keys(['example_branch_operator']) retrieved from /home/gmassoqueto/repos/apache-airflow-101/.venv/lib/python3.11/site-packages/airflow/example_dags/example_branch_operator.py
[2023-11-14T07:59:27.861-0300] {logging_mixin.py:154} INFO - [2023-11-14T07:59:27.861-0300] {dag.py:2941} INFO - Sync 1 DAGs
[2023-11-14T07:59:27.878-0300] {logging_mixin.py:154} INFO - [2023-11-14T07:59:27.877-0300] {dag.py:3722} INFO - Setting next_dagrun for example_branch_operator to 2023-11-13T00:00:00+00:00, run_after=2023-11-14T00:00:00+00:00
[2023-11-14T07:59:27.896-0300] {processor.py:179} INFO - Processing /home/gmassoqueto/repos/apache-airflow-101/.venv/lib/python3.11/site-packages/airflow/example_dags/example_branch_operator.py took 0.084 seconds
[2023-11-14T08:00:22.496-0300] {processor.py:157} INFO - Started process (PID=287740) to work on /home/gmassoqueto/repos/apache-airflow-101/.venv/lib/python3.11/site-packages/airflow/example_dags/example_branch_operator.py
[2023-11-14T08:00:22.501-0300] {processor.py:829} INFO - Processing file /home/gmassoqueto/repos/apache-airflow-101/.venv/lib/python3.11/site-packages/airflow/example_dags/example_branch_operator.py for tasks to queue
[2023-11-14T08:00:22.503-0300] {logging_mixin.py:154} INFO - [2023-11-14T08:00:22.502-0300] {dagbag.py:536} INFO - Filling up the DagBag from /home/gmassoqueto/repos/apache-airflow-101/.venv/lib/python3.11/site-packages/airflow/example_dags/example_branch_operator.py
[2023-11-14T08:00:22.523-0300] {processor.py:839} INFO - DAG(s) dict_keys(['example_branch_operator']) retrieved from /home/gmassoqueto/repos/apache-airflow-101/.venv/lib/python3.11/site-packages/airflow/example_dags/example_branch_operator.py
[2023-11-14T08:00:22.541-0300] {logging_mixin.py:154} INFO - [2023-11-14T08:00:22.541-0300] {dag.py:2941} INFO - Sync 1 DAGs
[2023-11-14T08:00:22.558-0300] {logging_mixin.py:154} INFO - [2023-11-14T08:00:22.558-0300] {dag.py:3722} INFO - Setting next_dagrun for example_branch_operator to 2023-11-13T00:00:00+00:00, run_after=2023-11-14T00:00:00+00:00
[2023-11-14T08:00:22.587-0300] {processor.py:179} INFO - Processing /home/gmassoqueto/repos/apache-airflow-101/.venv/lib/python3.11/site-packages/airflow/example_dags/example_branch_operator.py took 0.099 seconds
[2023-11-14T08:01:12.529-0300] {processor.py:157} INFO - Started process (PID=287933) to work on /home/gmassoqueto/repos/apache-airflow-101/.venv/lib/python3.11/site-packages/airflow/example_dags/example_branch_operator.py
[2023-11-14T08:01:12.533-0300] {processor.py:829} INFO - Processing file /home/gmassoqueto/repos/apache-airflow-101/.venv/lib/python3.11/site-packages/airflow/example_dags/example_branch_operator.py for tasks to queue
[2023-11-14T08:01:12.535-0300] {logging_mixin.py:154} INFO - [2023-11-14T08:01:12.534-0300] {dagbag.py:536} INFO - Filling up the DagBag from /home/gmassoqueto/repos/apache-airflow-101/.venv/lib/python3.11/site-packages/airflow/example_dags/example_branch_operator.py
[2023-11-14T08:01:12.558-0300] {processor.py:839} INFO - DAG(s) dict_keys(['example_branch_operator']) retrieved from /home/gmassoqueto/repos/apache-airflow-101/.venv/lib/python3.11/site-packages/airflow/example_dags/example_branch_operator.py
[2023-11-14T08:01:12.579-0300] {logging_mixin.py:154} INFO - [2023-11-14T08:01:12.579-0300] {dag.py:2941} INFO - Sync 1 DAGs
[2023-11-14T08:01:12.594-0300] {logging_mixin.py:154} INFO - [2023-11-14T08:01:12.594-0300] {dag.py:3722} INFO - Setting next_dagrun for example_branch_operator to 2023-11-13T00:00:00+00:00, run_after=2023-11-14T00:00:00+00:00
[2023-11-14T08:01:12.619-0300] {processor.py:179} INFO - Processing /home/gmassoqueto/repos/apache-airflow-101/.venv/lib/python3.11/site-packages/airflow/example_dags/example_branch_operator.py took 0.092 seconds
[2023-11-14T08:02:01.636-0300] {processor.py:157} INFO - Started process (PID=288084) to work on /home/gmassoqueto/repos/apache-airflow-101/.venv/lib/python3.11/site-packages/airflow/example_dags/example_branch_operator.py
[2023-11-14T08:02:01.641-0300] {processor.py:829} INFO - Processing file /home/gmassoqueto/repos/apache-airflow-101/.venv/lib/python3.11/site-packages/airflow/example_dags/example_branch_operator.py for tasks to queue
[2023-11-14T08:02:01.643-0300] {logging_mixin.py:154} INFO - [2023-11-14T08:02:01.642-0300] {dagbag.py:536} INFO - Filling up the DagBag from /home/gmassoqueto/repos/apache-airflow-101/.venv/lib/python3.11/site-packages/airflow/example_dags/example_branch_operator.py
[2023-11-14T08:02:01.670-0300] {processor.py:839} INFO - DAG(s) dict_keys(['example_branch_operator']) retrieved from /home/gmassoqueto/repos/apache-airflow-101/.venv/lib/python3.11/site-packages/airflow/example_dags/example_branch_operator.py
[2023-11-14T08:02:01.692-0300] {logging_mixin.py:154} INFO - [2023-11-14T08:02:01.692-0300] {dag.py:2941} INFO - Sync 1 DAGs
[2023-11-14T08:02:01.708-0300] {logging_mixin.py:154} INFO - [2023-11-14T08:02:01.708-0300] {dag.py:3722} INFO - Setting next_dagrun for example_branch_operator to 2023-11-13T00:00:00+00:00, run_after=2023-11-14T00:00:00+00:00
[2023-11-14T08:02:01.724-0300] {processor.py:179} INFO - Processing /home/gmassoqueto/repos/apache-airflow-101/.venv/lib/python3.11/site-packages/airflow/example_dags/example_branch_operator.py took 0.091 seconds
[2023-11-14T08:02:48.187-0300] {processor.py:157} INFO - Started process (PID=288271) to work on /home/gmassoqueto/repos/apache-airflow-101/.venv/lib/python3.11/site-packages/airflow/example_dags/example_branch_operator.py
[2023-11-14T08:02:48.191-0300] {processor.py:829} INFO - Processing file /home/gmassoqueto/repos/apache-airflow-101/.venv/lib/python3.11/site-packages/airflow/example_dags/example_branch_operator.py for tasks to queue
[2023-11-14T08:02:48.193-0300] {logging_mixin.py:154} INFO - [2023-11-14T08:02:48.192-0300] {dagbag.py:536} INFO - Filling up the DagBag from /home/gmassoqueto/repos/apache-airflow-101/.venv/lib/python3.11/site-packages/airflow/example_dags/example_branch_operator.py
[2023-11-14T08:02:48.212-0300] {processor.py:839} INFO - DAG(s) dict_keys(['example_branch_operator']) retrieved from /home/gmassoqueto/repos/apache-airflow-101/.venv/lib/python3.11/site-packages/airflow/example_dags/example_branch_operator.py
[2023-11-14T08:02:48.230-0300] {logging_mixin.py:154} INFO - [2023-11-14T08:02:48.229-0300] {dag.py:2941} INFO - Sync 1 DAGs
[2023-11-14T08:02:48.249-0300] {logging_mixin.py:154} INFO - [2023-11-14T08:02:48.249-0300] {dag.py:3722} INFO - Setting next_dagrun for example_branch_operator to 2023-11-13T00:00:00+00:00, run_after=2023-11-14T00:00:00+00:00
[2023-11-14T08:02:48.267-0300] {processor.py:179} INFO - Processing /home/gmassoqueto/repos/apache-airflow-101/.venv/lib/python3.11/site-packages/airflow/example_dags/example_branch_operator.py took 0.085 seconds
[2023-11-14T08:03:35.548-0300] {processor.py:157} INFO - Started process (PID=288403) to work on /home/gmassoqueto/repos/apache-airflow-101/.venv/lib/python3.11/site-packages/airflow/example_dags/example_branch_operator.py
[2023-11-14T08:03:35.553-0300] {processor.py:829} INFO - Processing file /home/gmassoqueto/repos/apache-airflow-101/.venv/lib/python3.11/site-packages/airflow/example_dags/example_branch_operator.py for tasks to queue
[2023-11-14T08:03:35.555-0300] {logging_mixin.py:154} INFO - [2023-11-14T08:03:35.554-0300] {dagbag.py:536} INFO - Filling up the DagBag from /home/gmassoqueto/repos/apache-airflow-101/.venv/lib/python3.11/site-packages/airflow/example_dags/example_branch_operator.py
[2023-11-14T08:03:35.572-0300] {processor.py:839} INFO - DAG(s) dict_keys(['example_branch_operator']) retrieved from /home/gmassoqueto/repos/apache-airflow-101/.venv/lib/python3.11/site-packages/airflow/example_dags/example_branch_operator.py
[2023-11-14T08:03:35.592-0300] {logging_mixin.py:154} INFO - [2023-11-14T08:03:35.592-0300] {dag.py:2941} INFO - Sync 1 DAGs
[2023-11-14T08:03:35.611-0300] {logging_mixin.py:154} INFO - [2023-11-14T08:03:35.611-0300] {dag.py:3722} INFO - Setting next_dagrun for example_branch_operator to 2023-11-13T00:00:00+00:00, run_after=2023-11-14T00:00:00+00:00
[2023-11-14T08:03:35.631-0300] {processor.py:179} INFO - Processing /home/gmassoqueto/repos/apache-airflow-101/.venv/lib/python3.11/site-packages/airflow/example_dags/example_branch_operator.py took 0.088 seconds
[2023-11-14T08:04:26.206-0300] {processor.py:157} INFO - Started process (PID=288871) to work on /home/gmassoqueto/repos/apache-airflow-101/.venv/lib/python3.11/site-packages/airflow/example_dags/example_branch_operator.py
[2023-11-14T08:04:26.210-0300] {processor.py:829} INFO - Processing file /home/gmassoqueto/repos/apache-airflow-101/.venv/lib/python3.11/site-packages/airflow/example_dags/example_branch_operator.py for tasks to queue
[2023-11-14T08:04:26.210-0300] {logging_mixin.py:154} INFO - [2023-11-14T08:04:26.210-0300] {dagbag.py:536} INFO - Filling up the DagBag from /home/gmassoqueto/repos/apache-airflow-101/.venv/lib/python3.11/site-packages/airflow/example_dags/example_branch_operator.py
[2023-11-14T08:04:26.217-0300] {processor.py:839} INFO - DAG(s) dict_keys(['example_branch_operator']) retrieved from /home/gmassoqueto/repos/apache-airflow-101/.venv/lib/python3.11/site-packages/airflow/example_dags/example_branch_operator.py
[2023-11-14T08:04:26.229-0300] {logging_mixin.py:154} INFO - [2023-11-14T08:04:26.229-0300] {dag.py:2941} INFO - Sync 1 DAGs
[2023-11-14T08:04:26.244-0300] {logging_mixin.py:154} INFO - [2023-11-14T08:04:26.244-0300] {dag.py:3722} INFO - Setting next_dagrun for example_branch_operator to 2023-11-13T00:00:00+00:00, run_after=2023-11-14T00:00:00+00:00
[2023-11-14T08:04:26.260-0300] {processor.py:179} INFO - Processing /home/gmassoqueto/repos/apache-airflow-101/.venv/lib/python3.11/site-packages/airflow/example_dags/example_branch_operator.py took 0.055 seconds
[2023-11-14T08:05:16.804-0300] {processor.py:157} INFO - Started process (PID=289023) to work on /home/gmassoqueto/repos/apache-airflow-101/.venv/lib/python3.11/site-packages/airflow/example_dags/example_branch_operator.py
[2023-11-14T08:05:16.809-0300] {processor.py:829} INFO - Processing file /home/gmassoqueto/repos/apache-airflow-101/.venv/lib/python3.11/site-packages/airflow/example_dags/example_branch_operator.py for tasks to queue
[2023-11-14T08:05:16.812-0300] {logging_mixin.py:154} INFO - [2023-11-14T08:05:16.811-0300] {dagbag.py:536} INFO - Filling up the DagBag from /home/gmassoqueto/repos/apache-airflow-101/.venv/lib/python3.11/site-packages/airflow/example_dags/example_branch_operator.py
[2023-11-14T08:05:16.833-0300] {processor.py:839} INFO - DAG(s) dict_keys(['example_branch_operator']) retrieved from /home/gmassoqueto/repos/apache-airflow-101/.venv/lib/python3.11/site-packages/airflow/example_dags/example_branch_operator.py
[2023-11-14T08:05:16.852-0300] {logging_mixin.py:154} INFO - [2023-11-14T08:05:16.852-0300] {dag.py:2941} INFO - Sync 1 DAGs
[2023-11-14T08:05:16.869-0300] {logging_mixin.py:154} INFO - [2023-11-14T08:05:16.869-0300] {dag.py:3722} INFO - Setting next_dagrun for example_branch_operator to 2023-11-13T00:00:00+00:00, run_after=2023-11-14T00:00:00+00:00
[2023-11-14T08:05:16.897-0300] {processor.py:179} INFO - Processing /home/gmassoqueto/repos/apache-airflow-101/.venv/lib/python3.11/site-packages/airflow/example_dags/example_branch_operator.py took 0.100 seconds
[2023-11-14T08:06:05.775-0300] {processor.py:157} INFO - Started process (PID=289143) to work on /home/gmassoqueto/repos/apache-airflow-101/.venv/lib/python3.11/site-packages/airflow/example_dags/example_branch_operator.py
[2023-11-14T08:06:05.780-0300] {processor.py:829} INFO - Processing file /home/gmassoqueto/repos/apache-airflow-101/.venv/lib/python3.11/site-packages/airflow/example_dags/example_branch_operator.py for tasks to queue
[2023-11-14T08:06:05.782-0300] {logging_mixin.py:154} INFO - [2023-11-14T08:06:05.781-0300] {dagbag.py:536} INFO - Filling up the DagBag from /home/gmassoqueto/repos/apache-airflow-101/.venv/lib/python3.11/site-packages/airflow/example_dags/example_branch_operator.py
[2023-11-14T08:06:05.806-0300] {processor.py:839} INFO - DAG(s) dict_keys(['example_branch_operator']) retrieved from /home/gmassoqueto/repos/apache-airflow-101/.venv/lib/python3.11/site-packages/airflow/example_dags/example_branch_operator.py
[2023-11-14T08:06:05.826-0300] {logging_mixin.py:154} INFO - [2023-11-14T08:06:05.826-0300] {dag.py:2941} INFO - Sync 1 DAGs
[2023-11-14T08:06:05.842-0300] {logging_mixin.py:154} INFO - [2023-11-14T08:06:05.841-0300] {dag.py:3722} INFO - Setting next_dagrun for example_branch_operator to 2023-11-13T00:00:00+00:00, run_after=2023-11-14T00:00:00+00:00
[2023-11-14T08:06:05.859-0300] {processor.py:179} INFO - Processing /home/gmassoqueto/repos/apache-airflow-101/.venv/lib/python3.11/site-packages/airflow/example_dags/example_branch_operator.py took 0.091 seconds
[2023-11-14T08:06:53.649-0300] {processor.py:157} INFO - Started process (PID=289279) to work on /home/gmassoqueto/repos/apache-airflow-101/.venv/lib/python3.11/site-packages/airflow/example_dags/example_branch_operator.py
[2023-11-14T08:06:53.653-0300] {processor.py:829} INFO - Processing file /home/gmassoqueto/repos/apache-airflow-101/.venv/lib/python3.11/site-packages/airflow/example_dags/example_branch_operator.py for tasks to queue
[2023-11-14T08:06:53.654-0300] {logging_mixin.py:154} INFO - [2023-11-14T08:06:53.653-0300] {dagbag.py:536} INFO - Filling up the DagBag from /home/gmassoqueto/repos/apache-airflow-101/.venv/lib/python3.11/site-packages/airflow/example_dags/example_branch_operator.py
[2023-11-14T08:06:53.664-0300] {processor.py:839} INFO - DAG(s) dict_keys(['example_branch_operator']) retrieved from /home/gmassoqueto/repos/apache-airflow-101/.venv/lib/python3.11/site-packages/airflow/example_dags/example_branch_operator.py
[2023-11-14T08:06:53.682-0300] {logging_mixin.py:154} INFO - [2023-11-14T08:06:53.682-0300] {dag.py:2941} INFO - Sync 1 DAGs
[2023-11-14T08:06:53.703-0300] {logging_mixin.py:154} INFO - [2023-11-14T08:06:53.703-0300] {dag.py:3722} INFO - Setting next_dagrun for example_branch_operator to 2023-11-13T00:00:00+00:00, run_after=2023-11-14T00:00:00+00:00
[2023-11-14T08:06:53.732-0300] {processor.py:179} INFO - Processing /home/gmassoqueto/repos/apache-airflow-101/.venv/lib/python3.11/site-packages/airflow/example_dags/example_branch_operator.py took 0.086 seconds
[2023-11-14T08:07:40.846-0300] {processor.py:157} INFO - Started process (PID=289470) to work on /home/gmassoqueto/repos/apache-airflow-101/.venv/lib/python3.11/site-packages/airflow/example_dags/example_branch_operator.py
[2023-11-14T08:07:40.851-0300] {processor.py:829} INFO - Processing file /home/gmassoqueto/repos/apache-airflow-101/.venv/lib/python3.11/site-packages/airflow/example_dags/example_branch_operator.py for tasks to queue
[2023-11-14T08:07:40.853-0300] {logging_mixin.py:154} INFO - [2023-11-14T08:07:40.852-0300] {dagbag.py:536} INFO - Filling up the DagBag from /home/gmassoqueto/repos/apache-airflow-101/.venv/lib/python3.11/site-packages/airflow/example_dags/example_branch_operator.py
[2023-11-14T08:07:40.871-0300] {processor.py:839} INFO - DAG(s) dict_keys(['example_branch_operator']) retrieved from /home/gmassoqueto/repos/apache-airflow-101/.venv/lib/python3.11/site-packages/airflow/example_dags/example_branch_operator.py
[2023-11-14T08:07:40.889-0300] {logging_mixin.py:154} INFO - [2023-11-14T08:07:40.889-0300] {dag.py:2941} INFO - Sync 1 DAGs
[2023-11-14T08:07:40.907-0300] {logging_mixin.py:154} INFO - [2023-11-14T08:07:40.907-0300] {dag.py:3722} INFO - Setting next_dagrun for example_branch_operator to 2023-11-13T00:00:00+00:00, run_after=2023-11-14T00:00:00+00:00
[2023-11-14T08:07:40.927-0300] {processor.py:179} INFO - Processing /home/gmassoqueto/repos/apache-airflow-101/.venv/lib/python3.11/site-packages/airflow/example_dags/example_branch_operator.py took 0.089 seconds
[2023-11-14T08:08:45.016-0300] {processor.py:157} INFO - Started process (PID=289917) to work on /home/gmassoqueto/repos/apache-airflow-101/.venv/lib/python3.11/site-packages/airflow/example_dags/example_branch_operator.py
[2023-11-14T08:08:45.020-0300] {processor.py:829} INFO - Processing file /home/gmassoqueto/repos/apache-airflow-101/.venv/lib/python3.11/site-packages/airflow/example_dags/example_branch_operator.py for tasks to queue
[2023-11-14T08:08:45.021-0300] {logging_mixin.py:154} INFO - [2023-11-14T08:08:45.021-0300] {dagbag.py:536} INFO - Filling up the DagBag from /home/gmassoqueto/repos/apache-airflow-101/.venv/lib/python3.11/site-packages/airflow/example_dags/example_branch_operator.py
[2023-11-14T08:08:45.035-0300] {processor.py:839} INFO - DAG(s) dict_keys(['example_branch_operator']) retrieved from /home/gmassoqueto/repos/apache-airflow-101/.venv/lib/python3.11/site-packages/airflow/example_dags/example_branch_operator.py
[2023-11-14T08:08:45.056-0300] {logging_mixin.py:154} INFO - [2023-11-14T08:08:45.056-0300] {dag.py:2941} INFO - Sync 1 DAGs
[2023-11-14T08:08:45.072-0300] {logging_mixin.py:154} INFO - [2023-11-14T08:08:45.072-0300] {dag.py:2963} INFO - Creating ORM DAG for example_branch_operator
[2023-11-14T08:08:45.086-0300] {logging_mixin.py:154} INFO - [2023-11-14T08:08:45.086-0300] {dag.py:3722} INFO - Setting next_dagrun for example_branch_operator to 2023-11-13T00:00:00+00:00, run_after=2023-11-14T00:00:00+00:00
[2023-11-14T08:08:45.109-0300] {processor.py:179} INFO - Processing /home/gmassoqueto/repos/apache-airflow-101/.venv/lib/python3.11/site-packages/airflow/example_dags/example_branch_operator.py took 0.096 seconds
[2023-11-14T08:10:27.771-0300] {processor.py:157} INFO - Started process (PID=290982) to work on /home/gmassoqueto/repos/apache-airflow-101/.venv/lib/python3.11/site-packages/airflow/example_dags/example_branch_operator.py
[2023-11-14T08:10:27.775-0300] {processor.py:829} INFO - Processing file /home/gmassoqueto/repos/apache-airflow-101/.venv/lib/python3.11/site-packages/airflow/example_dags/example_branch_operator.py for tasks to queue
[2023-11-14T08:10:27.776-0300] {logging_mixin.py:154} INFO - [2023-11-14T08:10:27.776-0300] {dagbag.py:536} INFO - Filling up the DagBag from /home/gmassoqueto/repos/apache-airflow-101/.venv/lib/python3.11/site-packages/airflow/example_dags/example_branch_operator.py
[2023-11-14T08:10:27.786-0300] {processor.py:839} INFO - DAG(s) dict_keys(['example_branch_operator']) retrieved from /home/gmassoqueto/repos/apache-airflow-101/.venv/lib/python3.11/site-packages/airflow/example_dags/example_branch_operator.py
[2023-11-14T08:10:27.804-0300] {logging_mixin.py:154} INFO - [2023-11-14T08:10:27.803-0300] {dag.py:2941} INFO - Sync 1 DAGs
[2023-11-14T08:10:27.821-0300] {logging_mixin.py:154} INFO - [2023-11-14T08:10:27.821-0300] {dag.py:3722} INFO - Setting next_dagrun for example_branch_operator to 2023-11-13T00:00:00+00:00, run_after=2023-11-14T00:00:00+00:00
[2023-11-14T08:10:27.850-0300] {processor.py:179} INFO - Processing /home/gmassoqueto/repos/apache-airflow-101/.venv/lib/python3.11/site-packages/airflow/example_dags/example_branch_operator.py took 0.082 seconds
[2023-11-14T08:11:21.817-0300] {processor.py:157} INFO - Started process (PID=291164) to work on /home/gmassoqueto/repos/apache-airflow-101/.venv/lib/python3.11/site-packages/airflow/example_dags/example_branch_operator.py
[2023-11-14T08:11:21.823-0300] {processor.py:829} INFO - Processing file /home/gmassoqueto/repos/apache-airflow-101/.venv/lib/python3.11/site-packages/airflow/example_dags/example_branch_operator.py for tasks to queue
[2023-11-14T08:11:21.825-0300] {logging_mixin.py:154} INFO - [2023-11-14T08:11:21.824-0300] {dagbag.py:536} INFO - Filling up the DagBag from /home/gmassoqueto/repos/apache-airflow-101/.venv/lib/python3.11/site-packages/airflow/example_dags/example_branch_operator.py
[2023-11-14T08:11:21.840-0300] {processor.py:839} INFO - DAG(s) dict_keys(['example_branch_operator']) retrieved from /home/gmassoqueto/repos/apache-airflow-101/.venv/lib/python3.11/site-packages/airflow/example_dags/example_branch_operator.py
[2023-11-14T08:11:21.858-0300] {logging_mixin.py:154} INFO - [2023-11-14T08:11:21.858-0300] {dag.py:2941} INFO - Sync 1 DAGs
[2023-11-14T08:11:21.877-0300] {logging_mixin.py:154} INFO - [2023-11-14T08:11:21.877-0300] {dag.py:3722} INFO - Setting next_dagrun for example_branch_operator to 2023-11-13T00:00:00+00:00, run_after=2023-11-14T00:00:00+00:00
[2023-11-14T08:11:21.998-0300] {processor.py:179} INFO - Processing /home/gmassoqueto/repos/apache-airflow-101/.venv/lib/python3.11/site-packages/airflow/example_dags/example_branch_operator.py took 0.187 seconds
[2023-11-14T08:12:07.422-0300] {processor.py:157} INFO - Started process (PID=291308) to work on /home/gmassoqueto/repos/apache-airflow-101/.venv/lib/python3.11/site-packages/airflow/example_dags/example_branch_operator.py
[2023-11-14T08:12:07.423-0300] {processor.py:829} INFO - Processing file /home/gmassoqueto/repos/apache-airflow-101/.venv/lib/python3.11/site-packages/airflow/example_dags/example_branch_operator.py for tasks to queue
[2023-11-14T08:12:07.424-0300] {logging_mixin.py:154} INFO - [2023-11-14T08:12:07.423-0300] {dagbag.py:536} INFO - Filling up the DagBag from /home/gmassoqueto/repos/apache-airflow-101/.venv/lib/python3.11/site-packages/airflow/example_dags/example_branch_operator.py
[2023-11-14T08:12:07.436-0300] {processor.py:839} INFO - DAG(s) dict_keys(['example_branch_operator']) retrieved from /home/gmassoqueto/repos/apache-airflow-101/.venv/lib/python3.11/site-packages/airflow/example_dags/example_branch_operator.py
[2023-11-14T08:12:07.447-0300] {logging_mixin.py:154} INFO - [2023-11-14T08:12:07.446-0300] {dag.py:2941} INFO - Sync 1 DAGs
[2023-11-14T08:12:07.475-0300] {logging_mixin.py:154} INFO - [2023-11-14T08:12:07.475-0300] {dag.py:3722} INFO - Setting next_dagrun for example_branch_operator to 2023-11-13T00:00:00+00:00, run_after=2023-11-14T00:00:00+00:00
[2023-11-14T08:12:07.503-0300] {processor.py:179} INFO - Processing /home/gmassoqueto/repos/apache-airflow-101/.venv/lib/python3.11/site-packages/airflow/example_dags/example_branch_operator.py took 0.084 seconds
[2023-11-14T08:12:53.579-0300] {processor.py:157} INFO - Started process (PID=291567) to work on /home/gmassoqueto/repos/apache-airflow-101/.venv/lib/python3.11/site-packages/airflow/example_dags/example_branch_operator.py
[2023-11-14T08:12:53.583-0300] {processor.py:829} INFO - Processing file /home/gmassoqueto/repos/apache-airflow-101/.venv/lib/python3.11/site-packages/airflow/example_dags/example_branch_operator.py for tasks to queue
[2023-11-14T08:12:53.584-0300] {logging_mixin.py:154} INFO - [2023-11-14T08:12:53.583-0300] {dagbag.py:536} INFO - Filling up the DagBag from /home/gmassoqueto/repos/apache-airflow-101/.venv/lib/python3.11/site-packages/airflow/example_dags/example_branch_operator.py
[2023-11-14T08:12:53.592-0300] {processor.py:839} INFO - DAG(s) dict_keys(['example_branch_operator']) retrieved from /home/gmassoqueto/repos/apache-airflow-101/.venv/lib/python3.11/site-packages/airflow/example_dags/example_branch_operator.py
[2023-11-14T08:12:53.609-0300] {logging_mixin.py:154} INFO - [2023-11-14T08:12:53.609-0300] {dag.py:2941} INFO - Sync 1 DAGs
[2023-11-14T08:12:53.627-0300] {logging_mixin.py:154} INFO - [2023-11-14T08:12:53.627-0300] {dag.py:3722} INFO - Setting next_dagrun for example_branch_operator to 2023-11-13T00:00:00+00:00, run_after=2023-11-14T00:00:00+00:00
[2023-11-14T08:12:53.644-0300] {processor.py:179} INFO - Processing /home/gmassoqueto/repos/apache-airflow-101/.venv/lib/python3.11/site-packages/airflow/example_dags/example_branch_operator.py took 0.067 seconds
[2023-11-14T08:13:41.194-0300] {processor.py:157} INFO - Started process (PID=291650) to work on /home/gmassoqueto/repos/apache-airflow-101/.venv/lib/python3.11/site-packages/airflow/example_dags/example_branch_operator.py
[2023-11-14T08:13:41.198-0300] {processor.py:829} INFO - Processing file /home/gmassoqueto/repos/apache-airflow-101/.venv/lib/python3.11/site-packages/airflow/example_dags/example_branch_operator.py for tasks to queue
[2023-11-14T08:13:41.199-0300] {logging_mixin.py:154} INFO - [2023-11-14T08:13:41.199-0300] {dagbag.py:536} INFO - Filling up the DagBag from /home/gmassoqueto/repos/apache-airflow-101/.venv/lib/python3.11/site-packages/airflow/example_dags/example_branch_operator.py
[2023-11-14T08:13:41.211-0300] {processor.py:839} INFO - DAG(s) dict_keys(['example_branch_operator']) retrieved from /home/gmassoqueto/repos/apache-airflow-101/.venv/lib/python3.11/site-packages/airflow/example_dags/example_branch_operator.py
[2023-11-14T08:13:41.229-0300] {logging_mixin.py:154} INFO - [2023-11-14T08:13:41.229-0300] {dag.py:2941} INFO - Sync 1 DAGs
[2023-11-14T08:13:41.249-0300] {logging_mixin.py:154} INFO - [2023-11-14T08:13:41.249-0300] {dag.py:3722} INFO - Setting next_dagrun for example_branch_operator to 2023-11-13T00:00:00+00:00, run_after=2023-11-14T00:00:00+00:00
[2023-11-14T08:13:41.267-0300] {processor.py:179} INFO - Processing /home/gmassoqueto/repos/apache-airflow-101/.venv/lib/python3.11/site-packages/airflow/example_dags/example_branch_operator.py took 0.076 seconds
[2023-11-14T08:14:28.890-0300] {processor.py:157} INFO - Started process (PID=291759) to work on /home/gmassoqueto/repos/apache-airflow-101/.venv/lib/python3.11/site-packages/airflow/example_dags/example_branch_operator.py
[2023-11-14T08:14:28.894-0300] {processor.py:829} INFO - Processing file /home/gmassoqueto/repos/apache-airflow-101/.venv/lib/python3.11/site-packages/airflow/example_dags/example_branch_operator.py for tasks to queue
[2023-11-14T08:14:28.895-0300] {logging_mixin.py:154} INFO - [2023-11-14T08:14:28.894-0300] {dagbag.py:536} INFO - Filling up the DagBag from /home/gmassoqueto/repos/apache-airflow-101/.venv/lib/python3.11/site-packages/airflow/example_dags/example_branch_operator.py
[2023-11-14T08:14:28.905-0300] {processor.py:839} INFO - DAG(s) dict_keys(['example_branch_operator']) retrieved from /home/gmassoqueto/repos/apache-airflow-101/.venv/lib/python3.11/site-packages/airflow/example_dags/example_branch_operator.py
[2023-11-14T08:14:28.924-0300] {logging_mixin.py:154} INFO - [2023-11-14T08:14:28.923-0300] {dag.py:2941} INFO - Sync 1 DAGs
[2023-11-14T08:14:28.940-0300] {logging_mixin.py:154} INFO - [2023-11-14T08:14:28.940-0300] {dag.py:3722} INFO - Setting next_dagrun for example_branch_operator to 2023-11-13T00:00:00+00:00, run_after=2023-11-14T00:00:00+00:00
[2023-11-14T08:14:28.956-0300] {processor.py:179} INFO - Processing /home/gmassoqueto/repos/apache-airflow-101/.venv/lib/python3.11/site-packages/airflow/example_dags/example_branch_operator.py took 0.068 seconds
[2023-11-14T08:15:16.044-0300] {processor.py:157} INFO - Started process (PID=291898) to work on /home/gmassoqueto/repos/apache-airflow-101/.venv/lib/python3.11/site-packages/airflow/example_dags/example_branch_operator.py
[2023-11-14T08:15:16.048-0300] {processor.py:829} INFO - Processing file /home/gmassoqueto/repos/apache-airflow-101/.venv/lib/python3.11/site-packages/airflow/example_dags/example_branch_operator.py for tasks to queue
[2023-11-14T08:15:16.050-0300] {logging_mixin.py:154} INFO - [2023-11-14T08:15:16.049-0300] {dagbag.py:536} INFO - Filling up the DagBag from /home/gmassoqueto/repos/apache-airflow-101/.venv/lib/python3.11/site-packages/airflow/example_dags/example_branch_operator.py
[2023-11-14T08:15:16.075-0300] {processor.py:839} INFO - DAG(s) dict_keys(['example_branch_operator']) retrieved from /home/gmassoqueto/repos/apache-airflow-101/.venv/lib/python3.11/site-packages/airflow/example_dags/example_branch_operator.py
[2023-11-14T08:15:16.098-0300] {logging_mixin.py:154} INFO - [2023-11-14T08:15:16.098-0300] {dag.py:2941} INFO - Sync 1 DAGs
[2023-11-14T08:15:16.114-0300] {logging_mixin.py:154} INFO - [2023-11-14T08:15:16.114-0300] {dag.py:3722} INFO - Setting next_dagrun for example_branch_operator to 2023-11-13T00:00:00+00:00, run_after=2023-11-14T00:00:00+00:00
[2023-11-14T08:15:16.131-0300] {processor.py:179} INFO - Processing /home/gmassoqueto/repos/apache-airflow-101/.venv/lib/python3.11/site-packages/airflow/example_dags/example_branch_operator.py took 0.090 seconds
[2023-11-14T08:16:03.629-0300] {processor.py:157} INFO - Started process (PID=291983) to work on /home/gmassoqueto/repos/apache-airflow-101/.venv/lib/python3.11/site-packages/airflow/example_dags/example_branch_operator.py
[2023-11-14T08:16:03.633-0300] {processor.py:829} INFO - Processing file /home/gmassoqueto/repos/apache-airflow-101/.venv/lib/python3.11/site-packages/airflow/example_dags/example_branch_operator.py for tasks to queue
[2023-11-14T08:16:03.633-0300] {logging_mixin.py:154} INFO - [2023-11-14T08:16:03.633-0300] {dagbag.py:536} INFO - Filling up the DagBag from /home/gmassoqueto/repos/apache-airflow-101/.venv/lib/python3.11/site-packages/airflow/example_dags/example_branch_operator.py
[2023-11-14T08:16:03.643-0300] {processor.py:839} INFO - DAG(s) dict_keys(['example_branch_operator']) retrieved from /home/gmassoqueto/repos/apache-airflow-101/.venv/lib/python3.11/site-packages/airflow/example_dags/example_branch_operator.py
[2023-11-14T08:16:03.658-0300] {logging_mixin.py:154} INFO - [2023-11-14T08:16:03.658-0300] {dag.py:2941} INFO - Sync 1 DAGs
[2023-11-14T08:16:03.674-0300] {logging_mixin.py:154} INFO - [2023-11-14T08:16:03.674-0300] {dag.py:3722} INFO - Setting next_dagrun for example_branch_operator to 2023-11-13T00:00:00+00:00, run_after=2023-11-14T00:00:00+00:00
[2023-11-14T08:16:03.690-0300] {processor.py:179} INFO - Processing /home/gmassoqueto/repos/apache-airflow-101/.venv/lib/python3.11/site-packages/airflow/example_dags/example_branch_operator.py took 0.064 seconds
[2023-11-14T08:16:53.349-0300] {processor.py:157} INFO - Started process (PID=292067) to work on /home/gmassoqueto/repos/apache-airflow-101/.venv/lib/python3.11/site-packages/airflow/example_dags/example_branch_operator.py
[2023-11-14T08:16:53.353-0300] {processor.py:829} INFO - Processing file /home/gmassoqueto/repos/apache-airflow-101/.venv/lib/python3.11/site-packages/airflow/example_dags/example_branch_operator.py for tasks to queue
[2023-11-14T08:16:53.354-0300] {logging_mixin.py:154} INFO - [2023-11-14T08:16:53.353-0300] {dagbag.py:536} INFO - Filling up the DagBag from /home/gmassoqueto/repos/apache-airflow-101/.venv/lib/python3.11/site-packages/airflow/example_dags/example_branch_operator.py
[2023-11-14T08:16:53.362-0300] {processor.py:839} INFO - DAG(s) dict_keys(['example_branch_operator']) retrieved from /home/gmassoqueto/repos/apache-airflow-101/.venv/lib/python3.11/site-packages/airflow/example_dags/example_branch_operator.py
[2023-11-14T08:16:53.376-0300] {logging_mixin.py:154} INFO - [2023-11-14T08:16:53.376-0300] {dag.py:2941} INFO - Sync 1 DAGs
[2023-11-14T08:16:53.391-0300] {logging_mixin.py:154} INFO - [2023-11-14T08:16:53.391-0300] {dag.py:3722} INFO - Setting next_dagrun for example_branch_operator to 2023-11-13T00:00:00+00:00, run_after=2023-11-14T00:00:00+00:00
[2023-11-14T08:16:53.408-0300] {processor.py:179} INFO - Processing /home/gmassoqueto/repos/apache-airflow-101/.venv/lib/python3.11/site-packages/airflow/example_dags/example_branch_operator.py took 0.061 seconds
[2023-11-14T08:17:42.286-0300] {processor.py:157} INFO - Started process (PID=292166) to work on /home/gmassoqueto/repos/apache-airflow-101/.venv/lib/python3.11/site-packages/airflow/example_dags/example_branch_operator.py
[2023-11-14T08:17:42.290-0300] {processor.py:829} INFO - Processing file /home/gmassoqueto/repos/apache-airflow-101/.venv/lib/python3.11/site-packages/airflow/example_dags/example_branch_operator.py for tasks to queue
[2023-11-14T08:17:42.291-0300] {logging_mixin.py:154} INFO - [2023-11-14T08:17:42.291-0300] {dagbag.py:536} INFO - Filling up the DagBag from /home/gmassoqueto/repos/apache-airflow-101/.venv/lib/python3.11/site-packages/airflow/example_dags/example_branch_operator.py
[2023-11-14T08:17:42.298-0300] {processor.py:839} INFO - DAG(s) dict_keys(['example_branch_operator']) retrieved from /home/gmassoqueto/repos/apache-airflow-101/.venv/lib/python3.11/site-packages/airflow/example_dags/example_branch_operator.py
[2023-11-14T08:17:42.310-0300] {logging_mixin.py:154} INFO - [2023-11-14T08:17:42.310-0300] {dag.py:2941} INFO - Sync 1 DAGs
[2023-11-14T08:17:42.323-0300] {logging_mixin.py:154} INFO - [2023-11-14T08:17:42.323-0300] {dag.py:3722} INFO - Setting next_dagrun for example_branch_operator to 2023-11-13T00:00:00+00:00, run_after=2023-11-14T00:00:00+00:00
[2023-11-14T08:17:42.350-0300] {processor.py:179} INFO - Processing /home/gmassoqueto/repos/apache-airflow-101/.venv/lib/python3.11/site-packages/airflow/example_dags/example_branch_operator.py took 0.066 seconds
