[2023-11-14T07:03:45.137-0300] {processor.py:157} INFO - Started process (PID=284793) to work on /home/gmassoqueto/repos/apache-airflow-101/.venv/lib/python3.11/site-packages/airflow/example_dags/example_kubernetes_executor.py
[2023-11-14T07:03:45.137-0300] {processor.py:829} INFO - Processing file /home/gmassoqueto/repos/apache-airflow-101/.venv/lib/python3.11/site-packages/airflow/example_dags/example_kubernetes_executor.py for tasks to queue
[2023-11-14T07:03:45.138-0300] {logging_mixin.py:154} INFO - [2023-11-14T07:03:45.137-0300] {dagbag.py:536} INFO - Filling up the DagBag from /home/gmassoqueto/repos/apache-airflow-101/.venv/lib/python3.11/site-packages/airflow/example_dags/example_kubernetes_executor.py
[2023-11-14T07:03:45.140-0300] {logging_mixin.py:154} INFO - [2023-11-14T07:03:45.139-0300] {example_kubernetes_executor.py:38} WARNING - The example_kubernetes_executor example DAG requires the kubernetes provider. Please install it with: pip install apache-airflow[cncf.kubernetes]
[2023-11-14T07:03:45.140-0300] {processor.py:841} WARNING - No viable dags retrieved from /home/gmassoqueto/repos/apache-airflow-101/.venv/lib/python3.11/site-packages/airflow/example_dags/example_kubernetes_executor.py
[2023-11-14T07:03:45.147-0300] {processor.py:179} INFO - Processing /home/gmassoqueto/repos/apache-airflow-101/.venv/lib/python3.11/site-packages/airflow/example_dags/example_kubernetes_executor.py took 0.013 seconds
[2023-11-14T07:57:40.231-0300] {processor.py:157} INFO - Started process (PID=287259) to work on /home/gmassoqueto/repos/apache-airflow-101/.venv/lib/python3.11/site-packages/airflow/example_dags/example_kubernetes_executor.py
[2023-11-14T07:57:40.233-0300] {processor.py:829} INFO - Processing file /home/gmassoqueto/repos/apache-airflow-101/.venv/lib/python3.11/site-packages/airflow/example_dags/example_kubernetes_executor.py for tasks to queue
[2023-11-14T07:57:40.235-0300] {logging_mixin.py:154} INFO - [2023-11-14T07:57:40.234-0300] {dagbag.py:536} INFO - Filling up the DagBag from /home/gmassoqueto/repos/apache-airflow-101/.venv/lib/python3.11/site-packages/airflow/example_dags/example_kubernetes_executor.py
[2023-11-14T07:57:40.242-0300] {logging_mixin.py:154} INFO - [2023-11-14T07:57:40.242-0300] {example_kubernetes_executor.py:38} WARNING - The example_kubernetes_executor example DAG requires the kubernetes provider. Please install it with: pip install apache-airflow[cncf.kubernetes]
[2023-11-14T07:57:40.243-0300] {processor.py:841} WARNING - No viable dags retrieved from /home/gmassoqueto/repos/apache-airflow-101/.venv/lib/python3.11/site-packages/airflow/example_dags/example_kubernetes_executor.py
[2023-11-14T07:57:40.260-0300] {processor.py:179} INFO - Processing /home/gmassoqueto/repos/apache-airflow-101/.venv/lib/python3.11/site-packages/airflow/example_dags/example_kubernetes_executor.py took 0.036 seconds
[2023-11-14T07:58:26.840-0300] {processor.py:157} INFO - Started process (PID=287445) to work on /home/gmassoqueto/repos/apache-airflow-101/.venv/lib/python3.11/site-packages/airflow/example_dags/example_kubernetes_executor.py
[2023-11-14T07:58:26.841-0300] {processor.py:829} INFO - Processing file /home/gmassoqueto/repos/apache-airflow-101/.venv/lib/python3.11/site-packages/airflow/example_dags/example_kubernetes_executor.py for tasks to queue
[2023-11-14T07:58:26.842-0300] {logging_mixin.py:154} INFO - [2023-11-14T07:58:26.842-0300] {dagbag.py:536} INFO - Filling up the DagBag from /home/gmassoqueto/repos/apache-airflow-101/.venv/lib/python3.11/site-packages/airflow/example_dags/example_kubernetes_executor.py
[2023-11-14T07:58:26.845-0300] {logging_mixin.py:154} INFO - [2023-11-14T07:58:26.845-0300] {example_kubernetes_executor.py:38} WARNING - The example_kubernetes_executor example DAG requires the kubernetes provider. Please install it with: pip install apache-airflow[cncf.kubernetes]
[2023-11-14T07:58:26.846-0300] {processor.py:841} WARNING - No viable dags retrieved from /home/gmassoqueto/repos/apache-airflow-101/.venv/lib/python3.11/site-packages/airflow/example_dags/example_kubernetes_executor.py
[2023-11-14T07:58:26.859-0300] {processor.py:179} INFO - Processing /home/gmassoqueto/repos/apache-airflow-101/.venv/lib/python3.11/site-packages/airflow/example_dags/example_kubernetes_executor.py took 0.021 seconds
[2023-11-14T07:59:11.610-0300] {processor.py:157} INFO - Started process (PID=287577) to work on /home/gmassoqueto/repos/apache-airflow-101/.venv/lib/python3.11/site-packages/airflow/example_dags/example_kubernetes_executor.py
[2023-11-14T07:59:11.615-0300] {processor.py:829} INFO - Processing file /home/gmassoqueto/repos/apache-airflow-101/.venv/lib/python3.11/site-packages/airflow/example_dags/example_kubernetes_executor.py for tasks to queue
[2023-11-14T07:59:11.616-0300] {logging_mixin.py:154} INFO - [2023-11-14T07:59:11.616-0300] {dagbag.py:536} INFO - Filling up the DagBag from /home/gmassoqueto/repos/apache-airflow-101/.venv/lib/python3.11/site-packages/airflow/example_dags/example_kubernetes_executor.py
[2023-11-14T07:59:11.622-0300] {logging_mixin.py:154} INFO - [2023-11-14T07:59:11.622-0300] {example_kubernetes_executor.py:38} WARNING - The example_kubernetes_executor example DAG requires the kubernetes provider. Please install it with: pip install apache-airflow[cncf.kubernetes]
[2023-11-14T07:59:11.622-0300] {processor.py:841} WARNING - No viable dags retrieved from /home/gmassoqueto/repos/apache-airflow-101/.venv/lib/python3.11/site-packages/airflow/example_dags/example_kubernetes_executor.py
[2023-11-14T07:59:11.639-0300] {processor.py:179} INFO - Processing /home/gmassoqueto/repos/apache-airflow-101/.venv/lib/python3.11/site-packages/airflow/example_dags/example_kubernetes_executor.py took 0.034 seconds
[2023-11-14T08:00:04.539-0300] {processor.py:157} INFO - Started process (PID=287694) to work on /home/gmassoqueto/repos/apache-airflow-101/.venv/lib/python3.11/site-packages/airflow/example_dags/example_kubernetes_executor.py
[2023-11-14T08:00:04.543-0300] {processor.py:829} INFO - Processing file /home/gmassoqueto/repos/apache-airflow-101/.venv/lib/python3.11/site-packages/airflow/example_dags/example_kubernetes_executor.py for tasks to queue
[2023-11-14T08:00:04.544-0300] {logging_mixin.py:154} INFO - [2023-11-14T08:00:04.544-0300] {dagbag.py:536} INFO - Filling up the DagBag from /home/gmassoqueto/repos/apache-airflow-101/.venv/lib/python3.11/site-packages/airflow/example_dags/example_kubernetes_executor.py
[2023-11-14T08:00:04.548-0300] {logging_mixin.py:154} INFO - [2023-11-14T08:00:04.548-0300] {example_kubernetes_executor.py:38} WARNING - The example_kubernetes_executor example DAG requires the kubernetes provider. Please install it with: pip install apache-airflow[cncf.kubernetes]
[2023-11-14T08:00:04.549-0300] {processor.py:841} WARNING - No viable dags retrieved from /home/gmassoqueto/repos/apache-airflow-101/.venv/lib/python3.11/site-packages/airflow/example_dags/example_kubernetes_executor.py
[2023-11-14T08:00:04.560-0300] {processor.py:179} INFO - Processing /home/gmassoqueto/repos/apache-airflow-101/.venv/lib/python3.11/site-packages/airflow/example_dags/example_kubernetes_executor.py took 0.024 seconds
[2023-11-14T08:00:56.583-0300] {processor.py:157} INFO - Started process (PID=287852) to work on /home/gmassoqueto/repos/apache-airflow-101/.venv/lib/python3.11/site-packages/airflow/example_dags/example_kubernetes_executor.py
[2023-11-14T08:00:56.587-0300] {processor.py:829} INFO - Processing file /home/gmassoqueto/repos/apache-airflow-101/.venv/lib/python3.11/site-packages/airflow/example_dags/example_kubernetes_executor.py for tasks to queue
[2023-11-14T08:00:56.588-0300] {logging_mixin.py:154} INFO - [2023-11-14T08:00:56.587-0300] {dagbag.py:536} INFO - Filling up the DagBag from /home/gmassoqueto/repos/apache-airflow-101/.venv/lib/python3.11/site-packages/airflow/example_dags/example_kubernetes_executor.py
[2023-11-14T08:00:56.590-0300] {logging_mixin.py:154} INFO - [2023-11-14T08:00:56.590-0300] {example_kubernetes_executor.py:38} WARNING - The example_kubernetes_executor example DAG requires the kubernetes provider. Please install it with: pip install apache-airflow[cncf.kubernetes]
[2023-11-14T08:00:56.591-0300] {processor.py:841} WARNING - No viable dags retrieved from /home/gmassoqueto/repos/apache-airflow-101/.venv/lib/python3.11/site-packages/airflow/example_dags/example_kubernetes_executor.py
[2023-11-14T08:00:56.601-0300] {processor.py:179} INFO - Processing /home/gmassoqueto/repos/apache-airflow-101/.venv/lib/python3.11/site-packages/airflow/example_dags/example_kubernetes_executor.py took 0.021 seconds
[2023-11-14T08:01:43.189-0300] {processor.py:157} INFO - Started process (PID=288058) to work on /home/gmassoqueto/repos/apache-airflow-101/.venv/lib/python3.11/site-packages/airflow/example_dags/example_kubernetes_executor.py
[2023-11-14T08:01:43.193-0300] {processor.py:829} INFO - Processing file /home/gmassoqueto/repos/apache-airflow-101/.venv/lib/python3.11/site-packages/airflow/example_dags/example_kubernetes_executor.py for tasks to queue
[2023-11-14T08:01:43.193-0300] {logging_mixin.py:154} INFO - [2023-11-14T08:01:43.193-0300] {dagbag.py:536} INFO - Filling up the DagBag from /home/gmassoqueto/repos/apache-airflow-101/.venv/lib/python3.11/site-packages/airflow/example_dags/example_kubernetes_executor.py
[2023-11-14T08:01:43.196-0300] {logging_mixin.py:154} INFO - [2023-11-14T08:01:43.196-0300] {example_kubernetes_executor.py:38} WARNING - The example_kubernetes_executor example DAG requires the kubernetes provider. Please install it with: pip install apache-airflow[cncf.kubernetes]
[2023-11-14T08:01:43.196-0300] {processor.py:841} WARNING - No viable dags retrieved from /home/gmassoqueto/repos/apache-airflow-101/.venv/lib/python3.11/site-packages/airflow/example_dags/example_kubernetes_executor.py
[2023-11-14T08:01:43.204-0300] {processor.py:179} INFO - Processing /home/gmassoqueto/repos/apache-airflow-101/.venv/lib/python3.11/site-packages/airflow/example_dags/example_kubernetes_executor.py took 0.017 seconds
[2023-11-14T08:02:31.451-0300] {processor.py:157} INFO - Started process (PID=288171) to work on /home/gmassoqueto/repos/apache-airflow-101/.venv/lib/python3.11/site-packages/airflow/example_dags/example_kubernetes_executor.py
[2023-11-14T08:02:31.456-0300] {processor.py:829} INFO - Processing file /home/gmassoqueto/repos/apache-airflow-101/.venv/lib/python3.11/site-packages/airflow/example_dags/example_kubernetes_executor.py for tasks to queue
[2023-11-14T08:02:31.458-0300] {logging_mixin.py:154} INFO - [2023-11-14T08:02:31.457-0300] {dagbag.py:536} INFO - Filling up the DagBag from /home/gmassoqueto/repos/apache-airflow-101/.venv/lib/python3.11/site-packages/airflow/example_dags/example_kubernetes_executor.py
[2023-11-14T08:02:31.466-0300] {logging_mixin.py:154} INFO - [2023-11-14T08:02:31.466-0300] {example_kubernetes_executor.py:38} WARNING - The example_kubernetes_executor example DAG requires the kubernetes provider. Please install it with: pip install apache-airflow[cncf.kubernetes]
[2023-11-14T08:02:31.467-0300] {processor.py:841} WARNING - No viable dags retrieved from /home/gmassoqueto/repos/apache-airflow-101/.venv/lib/python3.11/site-packages/airflow/example_dags/example_kubernetes_executor.py
[2023-11-14T08:02:31.485-0300] {processor.py:179} INFO - Processing /home/gmassoqueto/repos/apache-airflow-101/.venv/lib/python3.11/site-packages/airflow/example_dags/example_kubernetes_executor.py took 0.042 seconds
[2023-11-14T08:03:20.358-0300] {processor.py:157} INFO - Started process (PID=288385) to work on /home/gmassoqueto/repos/apache-airflow-101/.venv/lib/python3.11/site-packages/airflow/example_dags/example_kubernetes_executor.py
[2023-11-14T08:03:20.361-0300] {processor.py:829} INFO - Processing file /home/gmassoqueto/repos/apache-airflow-101/.venv/lib/python3.11/site-packages/airflow/example_dags/example_kubernetes_executor.py for tasks to queue
[2023-11-14T08:03:20.362-0300] {logging_mixin.py:154} INFO - [2023-11-14T08:03:20.362-0300] {dagbag.py:536} INFO - Filling up the DagBag from /home/gmassoqueto/repos/apache-airflow-101/.venv/lib/python3.11/site-packages/airflow/example_dags/example_kubernetes_executor.py
[2023-11-14T08:03:20.365-0300] {logging_mixin.py:154} INFO - [2023-11-14T08:03:20.365-0300] {example_kubernetes_executor.py:38} WARNING - The example_kubernetes_executor example DAG requires the kubernetes provider. Please install it with: pip install apache-airflow[cncf.kubernetes]
[2023-11-14T08:03:20.366-0300] {processor.py:841} WARNING - No viable dags retrieved from /home/gmassoqueto/repos/apache-airflow-101/.venv/lib/python3.11/site-packages/airflow/example_dags/example_kubernetes_executor.py
[2023-11-14T08:03:20.377-0300] {processor.py:179} INFO - Processing /home/gmassoqueto/repos/apache-airflow-101/.venv/lib/python3.11/site-packages/airflow/example_dags/example_kubernetes_executor.py took 0.022 seconds
[2023-11-14T08:04:09.663-0300] {processor.py:157} INFO - Started process (PID=288829) to work on /home/gmassoqueto/repos/apache-airflow-101/.venv/lib/python3.11/site-packages/airflow/example_dags/example_kubernetes_executor.py
[2023-11-14T08:04:09.667-0300] {processor.py:829} INFO - Processing file /home/gmassoqueto/repos/apache-airflow-101/.venv/lib/python3.11/site-packages/airflow/example_dags/example_kubernetes_executor.py for tasks to queue
[2023-11-14T08:04:09.669-0300] {logging_mixin.py:154} INFO - [2023-11-14T08:04:09.668-0300] {dagbag.py:536} INFO - Filling up the DagBag from /home/gmassoqueto/repos/apache-airflow-101/.venv/lib/python3.11/site-packages/airflow/example_dags/example_kubernetes_executor.py
[2023-11-14T08:04:09.678-0300] {logging_mixin.py:154} INFO - [2023-11-14T08:04:09.678-0300] {example_kubernetes_executor.py:38} WARNING - The example_kubernetes_executor example DAG requires the kubernetes provider. Please install it with: pip install apache-airflow[cncf.kubernetes]
[2023-11-14T08:04:09.679-0300] {processor.py:841} WARNING - No viable dags retrieved from /home/gmassoqueto/repos/apache-airflow-101/.venv/lib/python3.11/site-packages/airflow/example_dags/example_kubernetes_executor.py
[2023-11-14T08:04:09.694-0300] {processor.py:179} INFO - Processing /home/gmassoqueto/repos/apache-airflow-101/.venv/lib/python3.11/site-packages/airflow/example_dags/example_kubernetes_executor.py took 0.034 seconds
[2023-11-14T08:05:01.392-0300] {processor.py:157} INFO - Started process (PID=288990) to work on /home/gmassoqueto/repos/apache-airflow-101/.venv/lib/python3.11/site-packages/airflow/example_dags/example_kubernetes_executor.py
[2023-11-14T08:05:01.397-0300] {processor.py:829} INFO - Processing file /home/gmassoqueto/repos/apache-airflow-101/.venv/lib/python3.11/site-packages/airflow/example_dags/example_kubernetes_executor.py for tasks to queue
[2023-11-14T08:05:01.398-0300] {logging_mixin.py:154} INFO - [2023-11-14T08:05:01.397-0300] {dagbag.py:536} INFO - Filling up the DagBag from /home/gmassoqueto/repos/apache-airflow-101/.venv/lib/python3.11/site-packages/airflow/example_dags/example_kubernetes_executor.py
[2023-11-14T08:05:01.404-0300] {logging_mixin.py:154} INFO - [2023-11-14T08:05:01.403-0300] {example_kubernetes_executor.py:38} WARNING - The example_kubernetes_executor example DAG requires the kubernetes provider. Please install it with: pip install apache-airflow[cncf.kubernetes]
[2023-11-14T08:05:01.404-0300] {processor.py:841} WARNING - No viable dags retrieved from /home/gmassoqueto/repos/apache-airflow-101/.venv/lib/python3.11/site-packages/airflow/example_dags/example_kubernetes_executor.py
[2023-11-14T08:05:01.419-0300] {processor.py:179} INFO - Processing /home/gmassoqueto/repos/apache-airflow-101/.venv/lib/python3.11/site-packages/airflow/example_dags/example_kubernetes_executor.py took 0.032 seconds
[2023-11-14T08:05:48.904-0300] {processor.py:157} INFO - Started process (PID=289087) to work on /home/gmassoqueto/repos/apache-airflow-101/.venv/lib/python3.11/site-packages/airflow/example_dags/example_kubernetes_executor.py
[2023-11-14T08:05:48.906-0300] {processor.py:829} INFO - Processing file /home/gmassoqueto/repos/apache-airflow-101/.venv/lib/python3.11/site-packages/airflow/example_dags/example_kubernetes_executor.py for tasks to queue
[2023-11-14T08:05:48.909-0300] {logging_mixin.py:154} INFO - [2023-11-14T08:05:48.908-0300] {dagbag.py:536} INFO - Filling up the DagBag from /home/gmassoqueto/repos/apache-airflow-101/.venv/lib/python3.11/site-packages/airflow/example_dags/example_kubernetes_executor.py
[2023-11-14T08:05:48.917-0300] {logging_mixin.py:154} INFO - [2023-11-14T08:05:48.916-0300] {example_kubernetes_executor.py:38} WARNING - The example_kubernetes_executor example DAG requires the kubernetes provider. Please install it with: pip install apache-airflow[cncf.kubernetes]
[2023-11-14T08:05:48.918-0300] {processor.py:841} WARNING - No viable dags retrieved from /home/gmassoqueto/repos/apache-airflow-101/.venv/lib/python3.11/site-packages/airflow/example_dags/example_kubernetes_executor.py
[2023-11-14T08:05:48.932-0300] {processor.py:179} INFO - Processing /home/gmassoqueto/repos/apache-airflow-101/.venv/lib/python3.11/site-packages/airflow/example_dags/example_kubernetes_executor.py took 0.035 seconds
[2023-11-14T08:06:36.887-0300] {processor.py:157} INFO - Started process (PID=289228) to work on /home/gmassoqueto/repos/apache-airflow-101/.venv/lib/python3.11/site-packages/airflow/example_dags/example_kubernetes_executor.py
[2023-11-14T08:06:36.890-0300] {processor.py:829} INFO - Processing file /home/gmassoqueto/repos/apache-airflow-101/.venv/lib/python3.11/site-packages/airflow/example_dags/example_kubernetes_executor.py for tasks to queue
[2023-11-14T08:06:36.891-0300] {logging_mixin.py:154} INFO - [2023-11-14T08:06:36.891-0300] {dagbag.py:536} INFO - Filling up the DagBag from /home/gmassoqueto/repos/apache-airflow-101/.venv/lib/python3.11/site-packages/airflow/example_dags/example_kubernetes_executor.py
[2023-11-14T08:06:36.894-0300] {logging_mixin.py:154} INFO - [2023-11-14T08:06:36.894-0300] {example_kubernetes_executor.py:38} WARNING - The example_kubernetes_executor example DAG requires the kubernetes provider. Please install it with: pip install apache-airflow[cncf.kubernetes]
[2023-11-14T08:06:36.895-0300] {processor.py:841} WARNING - No viable dags retrieved from /home/gmassoqueto/repos/apache-airflow-101/.venv/lib/python3.11/site-packages/airflow/example_dags/example_kubernetes_executor.py
[2023-11-14T08:06:36.906-0300] {processor.py:179} INFO - Processing /home/gmassoqueto/repos/apache-airflow-101/.venv/lib/python3.11/site-packages/airflow/example_dags/example_kubernetes_executor.py took 0.022 seconds
[2023-11-14T08:07:25.254-0300] {processor.py:157} INFO - Started process (PID=289403) to work on /home/gmassoqueto/repos/apache-airflow-101/.venv/lib/python3.11/site-packages/airflow/example_dags/example_kubernetes_executor.py
[2023-11-14T08:07:25.256-0300] {processor.py:829} INFO - Processing file /home/gmassoqueto/repos/apache-airflow-101/.venv/lib/python3.11/site-packages/airflow/example_dags/example_kubernetes_executor.py for tasks to queue
[2023-11-14T08:07:25.258-0300] {logging_mixin.py:154} INFO - [2023-11-14T08:07:25.257-0300] {dagbag.py:536} INFO - Filling up the DagBag from /home/gmassoqueto/repos/apache-airflow-101/.venv/lib/python3.11/site-packages/airflow/example_dags/example_kubernetes_executor.py
[2023-11-14T08:07:25.266-0300] {logging_mixin.py:154} INFO - [2023-11-14T08:07:25.266-0300] {example_kubernetes_executor.py:38} WARNING - The example_kubernetes_executor example DAG requires the kubernetes provider. Please install it with: pip install apache-airflow[cncf.kubernetes]
[2023-11-14T08:07:25.266-0300] {processor.py:841} WARNING - No viable dags retrieved from /home/gmassoqueto/repos/apache-airflow-101/.venv/lib/python3.11/site-packages/airflow/example_dags/example_kubernetes_executor.py
[2023-11-14T08:07:25.288-0300] {processor.py:179} INFO - Processing /home/gmassoqueto/repos/apache-airflow-101/.venv/lib/python3.11/site-packages/airflow/example_dags/example_kubernetes_executor.py took 0.038 seconds
[2023-11-14T08:08:33.952-0300] {processor.py:157} INFO - Started process (PID=289850) to work on /home/gmassoqueto/repos/apache-airflow-101/.venv/lib/python3.11/site-packages/airflow/example_dags/example_kubernetes_executor.py
[2023-11-14T08:08:33.956-0300] {processor.py:829} INFO - Processing file /home/gmassoqueto/repos/apache-airflow-101/.venv/lib/python3.11/site-packages/airflow/example_dags/example_kubernetes_executor.py for tasks to queue
[2023-11-14T08:08:33.957-0300] {logging_mixin.py:154} INFO - [2023-11-14T08:08:33.957-0300] {dagbag.py:536} INFO - Filling up the DagBag from /home/gmassoqueto/repos/apache-airflow-101/.venv/lib/python3.11/site-packages/airflow/example_dags/example_kubernetes_executor.py
[2023-11-14T08:08:33.961-0300] {logging_mixin.py:154} INFO - [2023-11-14T08:08:33.961-0300] {example_kubernetes_executor.py:38} WARNING - The example_kubernetes_executor example DAG requires the kubernetes provider. Please install it with: pip install apache-airflow[cncf.kubernetes]
[2023-11-14T08:08:33.962-0300] {processor.py:841} WARNING - No viable dags retrieved from /home/gmassoqueto/repos/apache-airflow-101/.venv/lib/python3.11/site-packages/airflow/example_dags/example_kubernetes_executor.py
[2023-11-14T08:08:33.970-0300] {processor.py:179} INFO - Processing /home/gmassoqueto/repos/apache-airflow-101/.venv/lib/python3.11/site-packages/airflow/example_dags/example_kubernetes_executor.py took 0.020 seconds
[2023-11-14T08:10:17.011-0300] {processor.py:157} INFO - Started process (PID=290682) to work on /home/gmassoqueto/repos/apache-airflow-101/.venv/lib/python3.11/site-packages/airflow/example_dags/example_kubernetes_executor.py
[2023-11-14T08:10:17.015-0300] {processor.py:829} INFO - Processing file /home/gmassoqueto/repos/apache-airflow-101/.venv/lib/python3.11/site-packages/airflow/example_dags/example_kubernetes_executor.py for tasks to queue
[2023-11-14T08:10:17.016-0300] {logging_mixin.py:154} INFO - [2023-11-14T08:10:17.016-0300] {dagbag.py:536} INFO - Filling up the DagBag from /home/gmassoqueto/repos/apache-airflow-101/.venv/lib/python3.11/site-packages/airflow/example_dags/example_kubernetes_executor.py
[2023-11-14T08:10:17.020-0300] {logging_mixin.py:154} INFO - [2023-11-14T08:10:17.020-0300] {example_kubernetes_executor.py:38} WARNING - The example_kubernetes_executor example DAG requires the kubernetes provider. Please install it with: pip install apache-airflow[cncf.kubernetes]
[2023-11-14T08:10:17.020-0300] {processor.py:841} WARNING - No viable dags retrieved from /home/gmassoqueto/repos/apache-airflow-101/.venv/lib/python3.11/site-packages/airflow/example_dags/example_kubernetes_executor.py
[2023-11-14T08:10:17.030-0300] {processor.py:179} INFO - Processing /home/gmassoqueto/repos/apache-airflow-101/.venv/lib/python3.11/site-packages/airflow/example_dags/example_kubernetes_executor.py took 0.022 seconds
[2023-11-14T08:11:03.966-0300] {processor.py:157} INFO - Started process (PID=291133) to work on /home/gmassoqueto/repos/apache-airflow-101/.venv/lib/python3.11/site-packages/airflow/example_dags/example_kubernetes_executor.py
[2023-11-14T08:11:03.970-0300] {processor.py:829} INFO - Processing file /home/gmassoqueto/repos/apache-airflow-101/.venv/lib/python3.11/site-packages/airflow/example_dags/example_kubernetes_executor.py for tasks to queue
[2023-11-14T08:11:03.971-0300] {logging_mixin.py:154} INFO - [2023-11-14T08:11:03.971-0300] {dagbag.py:536} INFO - Filling up the DagBag from /home/gmassoqueto/repos/apache-airflow-101/.venv/lib/python3.11/site-packages/airflow/example_dags/example_kubernetes_executor.py
[2023-11-14T08:11:03.977-0300] {logging_mixin.py:154} INFO - [2023-11-14T08:11:03.977-0300] {example_kubernetes_executor.py:38} WARNING - The example_kubernetes_executor example DAG requires the kubernetes provider. Please install it with: pip install apache-airflow[cncf.kubernetes]
[2023-11-14T08:11:03.977-0300] {processor.py:841} WARNING - No viable dags retrieved from /home/gmassoqueto/repos/apache-airflow-101/.venv/lib/python3.11/site-packages/airflow/example_dags/example_kubernetes_executor.py
[2023-11-14T08:11:03.996-0300] {processor.py:179} INFO - Processing /home/gmassoqueto/repos/apache-airflow-101/.venv/lib/python3.11/site-packages/airflow/example_dags/example_kubernetes_executor.py took 0.032 seconds
[2023-11-14T08:11:53.024-0300] {processor.py:157} INFO - Started process (PID=291264) to work on /home/gmassoqueto/repos/apache-airflow-101/.venv/lib/python3.11/site-packages/airflow/example_dags/example_kubernetes_executor.py
[2023-11-14T08:11:53.026-0300] {processor.py:829} INFO - Processing file /home/gmassoqueto/repos/apache-airflow-101/.venv/lib/python3.11/site-packages/airflow/example_dags/example_kubernetes_executor.py for tasks to queue
[2023-11-14T08:11:53.027-0300] {logging_mixin.py:154} INFO - [2023-11-14T08:11:53.027-0300] {dagbag.py:536} INFO - Filling up the DagBag from /home/gmassoqueto/repos/apache-airflow-101/.venv/lib/python3.11/site-packages/airflow/example_dags/example_kubernetes_executor.py
[2023-11-14T08:11:53.031-0300] {logging_mixin.py:154} INFO - [2023-11-14T08:11:53.031-0300] {example_kubernetes_executor.py:38} WARNING - The example_kubernetes_executor example DAG requires the kubernetes provider. Please install it with: pip install apache-airflow[cncf.kubernetes]
[2023-11-14T08:11:53.031-0300] {processor.py:841} WARNING - No viable dags retrieved from /home/gmassoqueto/repos/apache-airflow-101/.venv/lib/python3.11/site-packages/airflow/example_dags/example_kubernetes_executor.py
[2023-11-14T08:11:53.042-0300] {processor.py:179} INFO - Processing /home/gmassoqueto/repos/apache-airflow-101/.venv/lib/python3.11/site-packages/airflow/example_dags/example_kubernetes_executor.py took 0.023 seconds
[2023-11-14T08:12:39.296-0300] {processor.py:157} INFO - Started process (PID=291489) to work on /home/gmassoqueto/repos/apache-airflow-101/.venv/lib/python3.11/site-packages/airflow/example_dags/example_kubernetes_executor.py
[2023-11-14T08:12:39.299-0300] {processor.py:829} INFO - Processing file /home/gmassoqueto/repos/apache-airflow-101/.venv/lib/python3.11/site-packages/airflow/example_dags/example_kubernetes_executor.py for tasks to queue
[2023-11-14T08:12:39.300-0300] {logging_mixin.py:154} INFO - [2023-11-14T08:12:39.300-0300] {dagbag.py:536} INFO - Filling up the DagBag from /home/gmassoqueto/repos/apache-airflow-101/.venv/lib/python3.11/site-packages/airflow/example_dags/example_kubernetes_executor.py
[2023-11-14T08:12:39.304-0300] {logging_mixin.py:154} INFO - [2023-11-14T08:12:39.304-0300] {example_kubernetes_executor.py:38} WARNING - The example_kubernetes_executor example DAG requires the kubernetes provider. Please install it with: pip install apache-airflow[cncf.kubernetes]
[2023-11-14T08:12:39.305-0300] {processor.py:841} WARNING - No viable dags retrieved from /home/gmassoqueto/repos/apache-airflow-101/.venv/lib/python3.11/site-packages/airflow/example_dags/example_kubernetes_executor.py
[2023-11-14T08:12:39.314-0300] {processor.py:179} INFO - Processing /home/gmassoqueto/repos/apache-airflow-101/.venv/lib/python3.11/site-packages/airflow/example_dags/example_kubernetes_executor.py took 0.021 seconds
[2023-11-14T08:13:25.618-0300] {processor.py:157} INFO - Started process (PID=291619) to work on /home/gmassoqueto/repos/apache-airflow-101/.venv/lib/python3.11/site-packages/airflow/example_dags/example_kubernetes_executor.py
[2023-11-14T08:13:25.622-0300] {processor.py:829} INFO - Processing file /home/gmassoqueto/repos/apache-airflow-101/.venv/lib/python3.11/site-packages/airflow/example_dags/example_kubernetes_executor.py for tasks to queue
[2023-11-14T08:13:25.624-0300] {logging_mixin.py:154} INFO - [2023-11-14T08:13:25.623-0300] {dagbag.py:536} INFO - Filling up the DagBag from /home/gmassoqueto/repos/apache-airflow-101/.venv/lib/python3.11/site-packages/airflow/example_dags/example_kubernetes_executor.py
[2023-11-14T08:13:25.631-0300] {logging_mixin.py:154} INFO - [2023-11-14T08:13:25.631-0300] {example_kubernetes_executor.py:38} WARNING - The example_kubernetes_executor example DAG requires the kubernetes provider. Please install it with: pip install apache-airflow[cncf.kubernetes]
[2023-11-14T08:13:25.632-0300] {processor.py:841} WARNING - No viable dags retrieved from /home/gmassoqueto/repos/apache-airflow-101/.venv/lib/python3.11/site-packages/airflow/example_dags/example_kubernetes_executor.py
[2023-11-14T08:13:25.647-0300] {processor.py:179} INFO - Processing /home/gmassoqueto/repos/apache-airflow-101/.venv/lib/python3.11/site-packages/airflow/example_dags/example_kubernetes_executor.py took 0.037 seconds
[2023-11-14T08:14:11.018-0300] {processor.py:157} INFO - Started process (PID=291707) to work on /home/gmassoqueto/repos/apache-airflow-101/.venv/lib/python3.11/site-packages/airflow/example_dags/example_kubernetes_executor.py
[2023-11-14T08:14:11.023-0300] {processor.py:829} INFO - Processing file /home/gmassoqueto/repos/apache-airflow-101/.venv/lib/python3.11/site-packages/airflow/example_dags/example_kubernetes_executor.py for tasks to queue
[2023-11-14T08:14:11.025-0300] {logging_mixin.py:154} INFO - [2023-11-14T08:14:11.024-0300] {dagbag.py:536} INFO - Filling up the DagBag from /home/gmassoqueto/repos/apache-airflow-101/.venv/lib/python3.11/site-packages/airflow/example_dags/example_kubernetes_executor.py
[2023-11-14T08:14:11.033-0300] {logging_mixin.py:154} INFO - [2023-11-14T08:14:11.033-0300] {example_kubernetes_executor.py:38} WARNING - The example_kubernetes_executor example DAG requires the kubernetes provider. Please install it with: pip install apache-airflow[cncf.kubernetes]
[2023-11-14T08:14:11.034-0300] {processor.py:841} WARNING - No viable dags retrieved from /home/gmassoqueto/repos/apache-airflow-101/.venv/lib/python3.11/site-packages/airflow/example_dags/example_kubernetes_executor.py
[2023-11-14T08:14:11.051-0300] {processor.py:179} INFO - Processing /home/gmassoqueto/repos/apache-airflow-101/.venv/lib/python3.11/site-packages/airflow/example_dags/example_kubernetes_executor.py took 0.041 seconds
[2023-11-14T08:14:59.741-0300] {processor.py:157} INFO - Started process (PID=291872) to work on /home/gmassoqueto/repos/apache-airflow-101/.venv/lib/python3.11/site-packages/airflow/example_dags/example_kubernetes_executor.py
[2023-11-14T08:14:59.746-0300] {processor.py:829} INFO - Processing file /home/gmassoqueto/repos/apache-airflow-101/.venv/lib/python3.11/site-packages/airflow/example_dags/example_kubernetes_executor.py for tasks to queue
[2023-11-14T08:14:59.748-0300] {logging_mixin.py:154} INFO - [2023-11-14T08:14:59.747-0300] {dagbag.py:536} INFO - Filling up the DagBag from /home/gmassoqueto/repos/apache-airflow-101/.venv/lib/python3.11/site-packages/airflow/example_dags/example_kubernetes_executor.py
[2023-11-14T08:14:59.755-0300] {logging_mixin.py:154} INFO - [2023-11-14T08:14:59.754-0300] {example_kubernetes_executor.py:38} WARNING - The example_kubernetes_executor example DAG requires the kubernetes provider. Please install it with: pip install apache-airflow[cncf.kubernetes]
[2023-11-14T08:14:59.755-0300] {processor.py:841} WARNING - No viable dags retrieved from /home/gmassoqueto/repos/apache-airflow-101/.venv/lib/python3.11/site-packages/airflow/example_dags/example_kubernetes_executor.py
[2023-11-14T08:14:59.777-0300] {processor.py:179} INFO - Processing /home/gmassoqueto/repos/apache-airflow-101/.venv/lib/python3.11/site-packages/airflow/example_dags/example_kubernetes_executor.py took 0.038 seconds
[2023-11-14T08:15:47.146-0300] {processor.py:157} INFO - Started process (PID=291958) to work on /home/gmassoqueto/repos/apache-airflow-101/.venv/lib/python3.11/site-packages/airflow/example_dags/example_kubernetes_executor.py
[2023-11-14T08:15:47.150-0300] {processor.py:829} INFO - Processing file /home/gmassoqueto/repos/apache-airflow-101/.venv/lib/python3.11/site-packages/airflow/example_dags/example_kubernetes_executor.py for tasks to queue
[2023-11-14T08:15:47.151-0300] {logging_mixin.py:154} INFO - [2023-11-14T08:15:47.151-0300] {dagbag.py:536} INFO - Filling up the DagBag from /home/gmassoqueto/repos/apache-airflow-101/.venv/lib/python3.11/site-packages/airflow/example_dags/example_kubernetes_executor.py
[2023-11-14T08:15:47.156-0300] {logging_mixin.py:154} INFO - [2023-11-14T08:15:47.156-0300] {example_kubernetes_executor.py:38} WARNING - The example_kubernetes_executor example DAG requires the kubernetes provider. Please install it with: pip install apache-airflow[cncf.kubernetes]
[2023-11-14T08:15:47.156-0300] {processor.py:841} WARNING - No viable dags retrieved from /home/gmassoqueto/repos/apache-airflow-101/.venv/lib/python3.11/site-packages/airflow/example_dags/example_kubernetes_executor.py
[2023-11-14T08:15:47.164-0300] {processor.py:179} INFO - Processing /home/gmassoqueto/repos/apache-airflow-101/.venv/lib/python3.11/site-packages/airflow/example_dags/example_kubernetes_executor.py took 0.020 seconds
[2023-11-14T08:16:36.898-0300] {processor.py:157} INFO - Started process (PID=292039) to work on /home/gmassoqueto/repos/apache-airflow-101/.venv/lib/python3.11/site-packages/airflow/example_dags/example_kubernetes_executor.py
[2023-11-14T08:16:36.903-0300] {processor.py:829} INFO - Processing file /home/gmassoqueto/repos/apache-airflow-101/.venv/lib/python3.11/site-packages/airflow/example_dags/example_kubernetes_executor.py for tasks to queue
[2023-11-14T08:16:36.905-0300] {logging_mixin.py:154} INFO - [2023-11-14T08:16:36.904-0300] {dagbag.py:536} INFO - Filling up the DagBag from /home/gmassoqueto/repos/apache-airflow-101/.venv/lib/python3.11/site-packages/airflow/example_dags/example_kubernetes_executor.py
[2023-11-14T08:16:36.911-0300] {logging_mixin.py:154} INFO - [2023-11-14T08:16:36.911-0300] {example_kubernetes_executor.py:38} WARNING - The example_kubernetes_executor example DAG requires the kubernetes provider. Please install it with: pip install apache-airflow[cncf.kubernetes]
[2023-11-14T08:16:36.912-0300] {processor.py:841} WARNING - No viable dags retrieved from /home/gmassoqueto/repos/apache-airflow-101/.venv/lib/python3.11/site-packages/airflow/example_dags/example_kubernetes_executor.py
[2023-11-14T08:16:36.930-0300] {processor.py:179} INFO - Processing /home/gmassoqueto/repos/apache-airflow-101/.venv/lib/python3.11/site-packages/airflow/example_dags/example_kubernetes_executor.py took 0.038 seconds
[2023-11-14T08:17:27.027-0300] {processor.py:157} INFO - Started process (PID=292129) to work on /home/gmassoqueto/repos/apache-airflow-101/.venv/lib/python3.11/site-packages/airflow/example_dags/example_kubernetes_executor.py
[2023-11-14T08:17:27.031-0300] {processor.py:829} INFO - Processing file /home/gmassoqueto/repos/apache-airflow-101/.venv/lib/python3.11/site-packages/airflow/example_dags/example_kubernetes_executor.py for tasks to queue
[2023-11-14T08:17:27.032-0300] {logging_mixin.py:154} INFO - [2023-11-14T08:17:27.032-0300] {dagbag.py:536} INFO - Filling up the DagBag from /home/gmassoqueto/repos/apache-airflow-101/.venv/lib/python3.11/site-packages/airflow/example_dags/example_kubernetes_executor.py
[2023-11-14T08:17:27.038-0300] {logging_mixin.py:154} INFO - [2023-11-14T08:17:27.038-0300] {example_kubernetes_executor.py:38} WARNING - The example_kubernetes_executor example DAG requires the kubernetes provider. Please install it with: pip install apache-airflow[cncf.kubernetes]
[2023-11-14T08:17:27.039-0300] {processor.py:841} WARNING - No viable dags retrieved from /home/gmassoqueto/repos/apache-airflow-101/.venv/lib/python3.11/site-packages/airflow/example_dags/example_kubernetes_executor.py
[2023-11-14T08:17:27.057-0300] {processor.py:179} INFO - Processing /home/gmassoqueto/repos/apache-airflow-101/.venv/lib/python3.11/site-packages/airflow/example_dags/example_kubernetes_executor.py took 0.033 seconds
