[2023-11-14T07:03:22.317-0300] {processor.py:157} INFO - Started process (PID=284705) to work on /home/gmassoqueto/repos/apache-airflow-101/.venv/lib/python3.11/site-packages/airflow/example_dags/example_short_circuit_decorator.py
[2023-11-14T07:03:22.318-0300] {processor.py:829} INFO - Processing file /home/gmassoqueto/repos/apache-airflow-101/.venv/lib/python3.11/site-packages/airflow/example_dags/example_short_circuit_decorator.py for tasks to queue
[2023-11-14T07:03:22.319-0300] {logging_mixin.py:154} INFO - [2023-11-14T07:03:22.318-0300] {dagbag.py:536} INFO - Filling up the DagBag from /home/gmassoqueto/repos/apache-airflow-101/.venv/lib/python3.11/site-packages/airflow/example_dags/example_short_circuit_decorator.py
[2023-11-14T07:03:22.330-0300] {processor.py:839} INFO - DAG(s) dict_keys(['example_short_circuit_decorator']) retrieved from /home/gmassoqueto/repos/apache-airflow-101/.venv/lib/python3.11/site-packages/airflow/example_dags/example_short_circuit_decorator.py
[2023-11-14T07:03:22.336-0300] {logging_mixin.py:154} INFO - [2023-11-14T07:03:22.336-0300] {dag.py:2941} INFO - Sync 1 DAGs
[2023-11-14T07:03:22.353-0300] {logging_mixin.py:154} INFO - [2023-11-14T07:03:22.353-0300] {dag.py:3722} INFO - Setting next_dagrun for example_short_circuit_decorator to 2023-11-13T10:03:22.352919+00:00, run_after=2023-11-14T10:03:22.352919+00:00
[2023-11-14T07:03:22.374-0300] {processor.py:179} INFO - Processing /home/gmassoqueto/repos/apache-airflow-101/.venv/lib/python3.11/site-packages/airflow/example_dags/example_short_circuit_decorator.py took 0.060 seconds
[2023-11-14T07:04:06.680-0300] {processor.py:157} INFO - Started process (PID=284832) to work on /home/gmassoqueto/repos/apache-airflow-101/.venv/lib/python3.11/site-packages/airflow/example_dags/example_short_circuit_decorator.py
[2023-11-14T07:04:06.684-0300] {processor.py:829} INFO - Processing file /home/gmassoqueto/repos/apache-airflow-101/.venv/lib/python3.11/site-packages/airflow/example_dags/example_short_circuit_decorator.py for tasks to queue
[2023-11-14T07:04:06.685-0300] {logging_mixin.py:154} INFO - [2023-11-14T07:04:06.685-0300] {dagbag.py:536} INFO - Filling up the DagBag from /home/gmassoqueto/repos/apache-airflow-101/.venv/lib/python3.11/site-packages/airflow/example_dags/example_short_circuit_decorator.py
[2023-11-14T07:04:06.696-0300] {processor.py:839} INFO - DAG(s) dict_keys(['example_short_circuit_decorator']) retrieved from /home/gmassoqueto/repos/apache-airflow-101/.venv/lib/python3.11/site-packages/airflow/example_dags/example_short_circuit_decorator.py
[2023-11-14T07:04:06.715-0300] {logging_mixin.py:154} INFO - [2023-11-14T07:04:06.714-0300] {dag.py:2941} INFO - Sync 1 DAGs
[2023-11-14T07:04:06.729-0300] {logging_mixin.py:154} INFO - [2023-11-14T07:04:06.729-0300] {dag.py:3722} INFO - Setting next_dagrun for example_short_circuit_decorator to 2023-11-13T10:04:06.729354+00:00, run_after=2023-11-14T10:04:06.729354+00:00
[2023-11-14T07:04:06.746-0300] {processor.py:179} INFO - Processing /home/gmassoqueto/repos/apache-airflow-101/.venv/lib/python3.11/site-packages/airflow/example_dags/example_short_circuit_decorator.py took 0.069 seconds
[2023-11-14T07:55:38.845-0300] {processor.py:157} INFO - Started process (PID=286727) to work on /home/gmassoqueto/repos/apache-airflow-101/.venv/lib/python3.11/site-packages/airflow/example_dags/example_short_circuit_decorator.py
[2023-11-14T07:55:38.850-0300] {processor.py:829} INFO - Processing file /home/gmassoqueto/repos/apache-airflow-101/.venv/lib/python3.11/site-packages/airflow/example_dags/example_short_circuit_decorator.py for tasks to queue
[2023-11-14T07:55:38.853-0300] {logging_mixin.py:154} INFO - [2023-11-14T07:55:38.851-0300] {dagbag.py:536} INFO - Filling up the DagBag from /home/gmassoqueto/repos/apache-airflow-101/.venv/lib/python3.11/site-packages/airflow/example_dags/example_short_circuit_decorator.py
[2023-11-14T07:55:38.879-0300] {processor.py:839} INFO - DAG(s) dict_keys(['example_short_circuit_decorator']) retrieved from /home/gmassoqueto/repos/apache-airflow-101/.venv/lib/python3.11/site-packages/airflow/example_dags/example_short_circuit_decorator.py
[2023-11-14T07:55:38.887-0300] {logging_mixin.py:154} INFO - [2023-11-14T07:55:38.887-0300] {dag.py:2941} INFO - Sync 1 DAGs
[2023-11-14T07:55:38.906-0300] {logging_mixin.py:154} INFO - [2023-11-14T07:55:38.906-0300] {dag.py:3722} INFO - Setting next_dagrun for example_short_circuit_decorator to 2023-11-13T10:55:38.906202+00:00, run_after=2023-11-14T10:55:38.906202+00:00
[2023-11-14T07:55:38.926-0300] {processor.py:179} INFO - Processing /home/gmassoqueto/repos/apache-airflow-101/.venv/lib/python3.11/site-packages/airflow/example_dags/example_short_circuit_decorator.py took 0.089 seconds
[2023-11-14T07:57:17.367-0300] {processor.py:157} INFO - Started process (PID=287168) to work on /home/gmassoqueto/repos/apache-airflow-101/.venv/lib/python3.11/site-packages/airflow/example_dags/example_short_circuit_decorator.py
[2023-11-14T07:57:17.371-0300] {processor.py:829} INFO - Processing file /home/gmassoqueto/repos/apache-airflow-101/.venv/lib/python3.11/site-packages/airflow/example_dags/example_short_circuit_decorator.py for tasks to queue
[2023-11-14T07:57:17.372-0300] {logging_mixin.py:154} INFO - [2023-11-14T07:57:17.371-0300] {dagbag.py:536} INFO - Filling up the DagBag from /home/gmassoqueto/repos/apache-airflow-101/.venv/lib/python3.11/site-packages/airflow/example_dags/example_short_circuit_decorator.py
[2023-11-14T07:57:17.387-0300] {processor.py:839} INFO - DAG(s) dict_keys(['example_short_circuit_decorator']) retrieved from /home/gmassoqueto/repos/apache-airflow-101/.venv/lib/python3.11/site-packages/airflow/example_dags/example_short_circuit_decorator.py
[2023-11-14T07:57:17.396-0300] {logging_mixin.py:154} INFO - [2023-11-14T07:57:17.395-0300] {dag.py:2941} INFO - Sync 1 DAGs
[2023-11-14T07:57:17.417-0300] {logging_mixin.py:154} INFO - [2023-11-14T07:57:17.417-0300] {dag.py:3722} INFO - Setting next_dagrun for example_short_circuit_decorator to 2023-11-13T10:57:17.417116+00:00, run_after=2023-11-14T10:57:17.417116+00:00
[2023-11-14T07:57:17.442-0300] {processor.py:179} INFO - Processing /home/gmassoqueto/repos/apache-airflow-101/.venv/lib/python3.11/site-packages/airflow/example_dags/example_short_circuit_decorator.py took 0.078 seconds
[2023-11-14T07:58:02.720-0300] {processor.py:157} INFO - Started process (PID=287345) to work on /home/gmassoqueto/repos/apache-airflow-101/.venv/lib/python3.11/site-packages/airflow/example_dags/example_short_circuit_decorator.py
[2023-11-14T07:58:02.724-0300] {processor.py:829} INFO - Processing file /home/gmassoqueto/repos/apache-airflow-101/.venv/lib/python3.11/site-packages/airflow/example_dags/example_short_circuit_decorator.py for tasks to queue
[2023-11-14T07:58:02.725-0300] {logging_mixin.py:154} INFO - [2023-11-14T07:58:02.725-0300] {dagbag.py:536} INFO - Filling up the DagBag from /home/gmassoqueto/repos/apache-airflow-101/.venv/lib/python3.11/site-packages/airflow/example_dags/example_short_circuit_decorator.py
[2023-11-14T07:58:02.736-0300] {processor.py:839} INFO - DAG(s) dict_keys(['example_short_circuit_decorator']) retrieved from /home/gmassoqueto/repos/apache-airflow-101/.venv/lib/python3.11/site-packages/airflow/example_dags/example_short_circuit_decorator.py
[2023-11-14T07:58:02.754-0300] {logging_mixin.py:154} INFO - [2023-11-14T07:58:02.754-0300] {dag.py:2941} INFO - Sync 1 DAGs
[2023-11-14T07:58:02.769-0300] {logging_mixin.py:154} INFO - [2023-11-14T07:58:02.769-0300] {dag.py:3722} INFO - Setting next_dagrun for example_short_circuit_decorator to 2023-11-13T10:58:02.769471+00:00, run_after=2023-11-14T10:58:02.769471+00:00
[2023-11-14T07:58:02.786-0300] {processor.py:179} INFO - Processing /home/gmassoqueto/repos/apache-airflow-101/.venv/lib/python3.11/site-packages/airflow/example_dags/example_short_circuit_decorator.py took 0.068 seconds
[2023-11-14T07:58:47.451-0300] {processor.py:157} INFO - Started process (PID=287530) to work on /home/gmassoqueto/repos/apache-airflow-101/.venv/lib/python3.11/site-packages/airflow/example_dags/example_short_circuit_decorator.py
[2023-11-14T07:58:47.456-0300] {processor.py:829} INFO - Processing file /home/gmassoqueto/repos/apache-airflow-101/.venv/lib/python3.11/site-packages/airflow/example_dags/example_short_circuit_decorator.py for tasks to queue
[2023-11-14T07:58:47.458-0300] {logging_mixin.py:154} INFO - [2023-11-14T07:58:47.457-0300] {dagbag.py:536} INFO - Filling up the DagBag from /home/gmassoqueto/repos/apache-airflow-101/.venv/lib/python3.11/site-packages/airflow/example_dags/example_short_circuit_decorator.py
[2023-11-14T07:58:47.483-0300] {processor.py:839} INFO - DAG(s) dict_keys(['example_short_circuit_decorator']) retrieved from /home/gmassoqueto/repos/apache-airflow-101/.venv/lib/python3.11/site-packages/airflow/example_dags/example_short_circuit_decorator.py
[2023-11-14T07:58:47.501-0300] {logging_mixin.py:154} INFO - [2023-11-14T07:58:47.501-0300] {dag.py:2941} INFO - Sync 1 DAGs
[2023-11-14T07:58:47.516-0300] {logging_mixin.py:154} INFO - [2023-11-14T07:58:47.516-0300] {dag.py:3722} INFO - Setting next_dagrun for example_short_circuit_decorator to 2023-11-13T10:58:47.516385+00:00, run_after=2023-11-14T10:58:47.516385+00:00
[2023-11-14T07:58:47.532-0300] {processor.py:179} INFO - Processing /home/gmassoqueto/repos/apache-airflow-101/.venv/lib/python3.11/site-packages/airflow/example_dags/example_short_circuit_decorator.py took 0.090 seconds
[2023-11-14T07:59:34.479-0300] {processor.py:157} INFO - Started process (PID=287626) to work on /home/gmassoqueto/repos/apache-airflow-101/.venv/lib/python3.11/site-packages/airflow/example_dags/example_short_circuit_decorator.py
[2023-11-14T07:59:34.483-0300] {processor.py:829} INFO - Processing file /home/gmassoqueto/repos/apache-airflow-101/.venv/lib/python3.11/site-packages/airflow/example_dags/example_short_circuit_decorator.py for tasks to queue
[2023-11-14T07:59:34.484-0300] {logging_mixin.py:154} INFO - [2023-11-14T07:59:34.483-0300] {dagbag.py:536} INFO - Filling up the DagBag from /home/gmassoqueto/repos/apache-airflow-101/.venv/lib/python3.11/site-packages/airflow/example_dags/example_short_circuit_decorator.py
[2023-11-14T07:59:34.500-0300] {processor.py:839} INFO - DAG(s) dict_keys(['example_short_circuit_decorator']) retrieved from /home/gmassoqueto/repos/apache-airflow-101/.venv/lib/python3.11/site-packages/airflow/example_dags/example_short_circuit_decorator.py
[2023-11-14T07:59:34.518-0300] {logging_mixin.py:154} INFO - [2023-11-14T07:59:34.518-0300] {dag.py:2941} INFO - Sync 1 DAGs
[2023-11-14T07:59:34.532-0300] {logging_mixin.py:154} INFO - [2023-11-14T07:59:34.532-0300] {dag.py:3722} INFO - Setting next_dagrun for example_short_circuit_decorator to 2023-11-13T10:59:34.532559+00:00, run_after=2023-11-14T10:59:34.532559+00:00
[2023-11-14T07:59:34.550-0300] {processor.py:179} INFO - Processing /home/gmassoqueto/repos/apache-airflow-101/.venv/lib/python3.11/site-packages/airflow/example_dags/example_short_circuit_decorator.py took 0.075 seconds
[2023-11-14T08:00:11.978-0300] {processor.py:157} INFO - Started process (PID=287706) to work on /home/gmassoqueto/repos/apache-airflow-101/.venv/lib/python3.11/site-packages/airflow/example_dags/example_short_circuit_decorator.py
[2023-11-14T08:00:11.982-0300] {processor.py:829} INFO - Processing file /home/gmassoqueto/repos/apache-airflow-101/.venv/lib/python3.11/site-packages/airflow/example_dags/example_short_circuit_decorator.py for tasks to queue
[2023-11-14T08:00:11.983-0300] {logging_mixin.py:154} INFO - [2023-11-14T08:00:11.982-0300] {dagbag.py:536} INFO - Filling up the DagBag from /home/gmassoqueto/repos/apache-airflow-101/.venv/lib/python3.11/site-packages/airflow/example_dags/example_short_circuit_decorator.py
[2023-11-14T08:00:11.998-0300] {processor.py:839} INFO - DAG(s) dict_keys(['example_short_circuit_decorator']) retrieved from /home/gmassoqueto/repos/apache-airflow-101/.venv/lib/python3.11/site-packages/airflow/example_dags/example_short_circuit_decorator.py
[2023-11-14T08:00:12.018-0300] {logging_mixin.py:154} INFO - [2023-11-14T08:00:12.018-0300] {dag.py:2941} INFO - Sync 1 DAGs
[2023-11-14T08:00:12.032-0300] {logging_mixin.py:154} INFO - [2023-11-14T08:00:12.032-0300] {dag.py:3722} INFO - Setting next_dagrun for example_short_circuit_decorator to 2023-11-13T11:00:12.032295+00:00, run_after=2023-11-14T11:00:12.032295+00:00
[2023-11-14T08:00:12.049-0300] {processor.py:179} INFO - Processing /home/gmassoqueto/repos/apache-airflow-101/.venv/lib/python3.11/site-packages/airflow/example_dags/example_short_circuit_decorator.py took 0.075 seconds
[2023-11-14T08:00:46.800-0300] {processor.py:157} INFO - Started process (PID=287818) to work on /home/gmassoqueto/repos/apache-airflow-101/.venv/lib/python3.11/site-packages/airflow/example_dags/example_short_circuit_decorator.py
[2023-11-14T08:00:46.805-0300] {processor.py:829} INFO - Processing file /home/gmassoqueto/repos/apache-airflow-101/.venv/lib/python3.11/site-packages/airflow/example_dags/example_short_circuit_decorator.py for tasks to queue
[2023-11-14T08:00:46.806-0300] {logging_mixin.py:154} INFO - [2023-11-14T08:00:46.805-0300] {dagbag.py:536} INFO - Filling up the DagBag from /home/gmassoqueto/repos/apache-airflow-101/.venv/lib/python3.11/site-packages/airflow/example_dags/example_short_circuit_decorator.py
[2023-11-14T08:00:46.822-0300] {processor.py:839} INFO - DAG(s) dict_keys(['example_short_circuit_decorator']) retrieved from /home/gmassoqueto/repos/apache-airflow-101/.venv/lib/python3.11/site-packages/airflow/example_dags/example_short_circuit_decorator.py
[2023-11-14T08:00:46.839-0300] {logging_mixin.py:154} INFO - [2023-11-14T08:00:46.839-0300] {dag.py:2941} INFO - Sync 1 DAGs
[2023-11-14T08:00:46.853-0300] {logging_mixin.py:154} INFO - [2023-11-14T08:00:46.852-0300] {dag.py:3722} INFO - Setting next_dagrun for example_short_circuit_decorator to 2023-11-13T11:00:46.852813+00:00, run_after=2023-11-14T11:00:46.852813+00:00
[2023-11-14T08:00:46.868-0300] {processor.py:179} INFO - Processing /home/gmassoqueto/repos/apache-airflow-101/.venv/lib/python3.11/site-packages/airflow/example_dags/example_short_circuit_decorator.py took 0.072 seconds
[2023-11-14T08:01:33.522-0300] {processor.py:157} INFO - Started process (PID=288048) to work on /home/gmassoqueto/repos/apache-airflow-101/.venv/lib/python3.11/site-packages/airflow/example_dags/example_short_circuit_decorator.py
[2023-11-14T08:01:33.527-0300] {processor.py:829} INFO - Processing file /home/gmassoqueto/repos/apache-airflow-101/.venv/lib/python3.11/site-packages/airflow/example_dags/example_short_circuit_decorator.py for tasks to queue
[2023-11-14T08:01:33.529-0300] {logging_mixin.py:154} INFO - [2023-11-14T08:01:33.528-0300] {dagbag.py:536} INFO - Filling up the DagBag from /home/gmassoqueto/repos/apache-airflow-101/.venv/lib/python3.11/site-packages/airflow/example_dags/example_short_circuit_decorator.py
[2023-11-14T08:01:33.552-0300] {processor.py:839} INFO - DAG(s) dict_keys(['example_short_circuit_decorator']) retrieved from /home/gmassoqueto/repos/apache-airflow-101/.venv/lib/python3.11/site-packages/airflow/example_dags/example_short_circuit_decorator.py
[2023-11-14T08:01:33.570-0300] {logging_mixin.py:154} INFO - [2023-11-14T08:01:33.570-0300] {dag.py:2941} INFO - Sync 1 DAGs
[2023-11-14T08:01:33.585-0300] {logging_mixin.py:154} INFO - [2023-11-14T08:01:33.585-0300] {dag.py:3722} INFO - Setting next_dagrun for example_short_circuit_decorator to 2023-11-13T11:01:33.584952+00:00, run_after=2023-11-14T11:01:33.584952+00:00
[2023-11-14T08:01:33.601-0300] {processor.py:179} INFO - Processing /home/gmassoqueto/repos/apache-airflow-101/.venv/lib/python3.11/site-packages/airflow/example_dags/example_short_circuit_decorator.py took 0.087 seconds
[2023-11-14T08:02:08.142-0300] {processor.py:157} INFO - Started process (PID=288103) to work on /home/gmassoqueto/repos/apache-airflow-101/.venv/lib/python3.11/site-packages/airflow/example_dags/example_short_circuit_decorator.py
[2023-11-14T08:02:08.147-0300] {processor.py:829} INFO - Processing file /home/gmassoqueto/repos/apache-airflow-101/.venv/lib/python3.11/site-packages/airflow/example_dags/example_short_circuit_decorator.py for tasks to queue
[2023-11-14T08:02:08.149-0300] {logging_mixin.py:154} INFO - [2023-11-14T08:02:08.148-0300] {dagbag.py:536} INFO - Filling up the DagBag from /home/gmassoqueto/repos/apache-airflow-101/.venv/lib/python3.11/site-packages/airflow/example_dags/example_short_circuit_decorator.py
[2023-11-14T08:02:08.173-0300] {processor.py:839} INFO - DAG(s) dict_keys(['example_short_circuit_decorator']) retrieved from /home/gmassoqueto/repos/apache-airflow-101/.venv/lib/python3.11/site-packages/airflow/example_dags/example_short_circuit_decorator.py
[2023-11-14T08:02:08.191-0300] {logging_mixin.py:154} INFO - [2023-11-14T08:02:08.191-0300] {dag.py:2941} INFO - Sync 1 DAGs
[2023-11-14T08:02:08.208-0300] {logging_mixin.py:154} INFO - [2023-11-14T08:02:08.207-0300] {dag.py:3722} INFO - Setting next_dagrun for example_short_circuit_decorator to 2023-11-13T11:02:08.207748+00:00, run_after=2023-11-14T11:02:08.207748+00:00
[2023-11-14T08:02:08.227-0300] {processor.py:179} INFO - Processing /home/gmassoqueto/repos/apache-airflow-101/.venv/lib/python3.11/site-packages/airflow/example_dags/example_short_circuit_decorator.py took 0.092 seconds
[2023-11-14T08:02:56.210-0300] {processor.py:157} INFO - Started process (PID=288295) to work on /home/gmassoqueto/repos/apache-airflow-101/.venv/lib/python3.11/site-packages/airflow/example_dags/example_short_circuit_decorator.py
[2023-11-14T08:02:56.212-0300] {processor.py:829} INFO - Processing file /home/gmassoqueto/repos/apache-airflow-101/.venv/lib/python3.11/site-packages/airflow/example_dags/example_short_circuit_decorator.py for tasks to queue
[2023-11-14T08:02:56.215-0300] {logging_mixin.py:154} INFO - [2023-11-14T08:02:56.214-0300] {dagbag.py:536} INFO - Filling up the DagBag from /home/gmassoqueto/repos/apache-airflow-101/.venv/lib/python3.11/site-packages/airflow/example_dags/example_short_circuit_decorator.py
[2023-11-14T08:02:56.242-0300] {processor.py:839} INFO - DAG(s) dict_keys(['example_short_circuit_decorator']) retrieved from /home/gmassoqueto/repos/apache-airflow-101/.venv/lib/python3.11/site-packages/airflow/example_dags/example_short_circuit_decorator.py
[2023-11-14T08:02:56.259-0300] {logging_mixin.py:154} INFO - [2023-11-14T08:02:56.259-0300] {dag.py:2941} INFO - Sync 1 DAGs
[2023-11-14T08:02:56.278-0300] {logging_mixin.py:154} INFO - [2023-11-14T08:02:56.278-0300] {dag.py:3722} INFO - Setting next_dagrun for example_short_circuit_decorator to 2023-11-13T11:02:56.278083+00:00, run_after=2023-11-14T11:02:56.278083+00:00
[2023-11-14T08:02:56.296-0300] {processor.py:179} INFO - Processing /home/gmassoqueto/repos/apache-airflow-101/.venv/lib/python3.11/site-packages/airflow/example_dags/example_short_circuit_decorator.py took 0.096 seconds
[2023-11-14T08:03:42.845-0300] {processor.py:157} INFO - Started process (PID=288420) to work on /home/gmassoqueto/repos/apache-airflow-101/.venv/lib/python3.11/site-packages/airflow/example_dags/example_short_circuit_decorator.py
[2023-11-14T08:03:42.847-0300] {processor.py:829} INFO - Processing file /home/gmassoqueto/repos/apache-airflow-101/.venv/lib/python3.11/site-packages/airflow/example_dags/example_short_circuit_decorator.py for tasks to queue
[2023-11-14T08:03:42.849-0300] {logging_mixin.py:154} INFO - [2023-11-14T08:03:42.848-0300] {dagbag.py:536} INFO - Filling up the DagBag from /home/gmassoqueto/repos/apache-airflow-101/.venv/lib/python3.11/site-packages/airflow/example_dags/example_short_circuit_decorator.py
[2023-11-14T08:03:42.873-0300] {processor.py:839} INFO - DAG(s) dict_keys(['example_short_circuit_decorator']) retrieved from /home/gmassoqueto/repos/apache-airflow-101/.venv/lib/python3.11/site-packages/airflow/example_dags/example_short_circuit_decorator.py
[2023-11-14T08:03:42.892-0300] {logging_mixin.py:154} INFO - [2023-11-14T08:03:42.891-0300] {dag.py:2941} INFO - Sync 1 DAGs
[2023-11-14T08:03:42.906-0300] {logging_mixin.py:154} INFO - [2023-11-14T08:03:42.906-0300] {dag.py:3722} INFO - Setting next_dagrun for example_short_circuit_decorator to 2023-11-13T11:03:42.906333+00:00, run_after=2023-11-14T11:03:42.906333+00:00
[2023-11-14T08:03:42.922-0300] {processor.py:179} INFO - Processing /home/gmassoqueto/repos/apache-airflow-101/.venv/lib/python3.11/site-packages/airflow/example_dags/example_short_circuit_decorator.py took 0.085 seconds
[2023-11-14T08:04:16.110-0300] {processor.py:157} INFO - Started process (PID=288845) to work on /home/gmassoqueto/repos/apache-airflow-101/.venv/lib/python3.11/site-packages/airflow/example_dags/example_short_circuit_decorator.py
[2023-11-14T08:04:16.111-0300] {processor.py:829} INFO - Processing file /home/gmassoqueto/repos/apache-airflow-101/.venv/lib/python3.11/site-packages/airflow/example_dags/example_short_circuit_decorator.py for tasks to queue
[2023-11-14T08:04:16.111-0300] {logging_mixin.py:154} INFO - [2023-11-14T08:04:16.111-0300] {dagbag.py:536} INFO - Filling up the DagBag from /home/gmassoqueto/repos/apache-airflow-101/.venv/lib/python3.11/site-packages/airflow/example_dags/example_short_circuit_decorator.py
[2023-11-14T08:04:16.121-0300] {processor.py:839} INFO - DAG(s) dict_keys(['example_short_circuit_decorator']) retrieved from /home/gmassoqueto/repos/apache-airflow-101/.venv/lib/python3.11/site-packages/airflow/example_dags/example_short_circuit_decorator.py
[2023-11-14T08:04:16.137-0300] {logging_mixin.py:154} INFO - [2023-11-14T08:04:16.137-0300] {dag.py:2941} INFO - Sync 1 DAGs
[2023-11-14T08:04:16.152-0300] {logging_mixin.py:154} INFO - [2023-11-14T08:04:16.152-0300] {dag.py:3722} INFO - Setting next_dagrun for example_short_circuit_decorator to 2023-11-13T11:04:16.152539+00:00, run_after=2023-11-14T11:04:16.152539+00:00
[2023-11-14T08:04:16.168-0300] {processor.py:179} INFO - Processing /home/gmassoqueto/repos/apache-airflow-101/.venv/lib/python3.11/site-packages/airflow/example_dags/example_short_circuit_decorator.py took 0.061 seconds
[2023-11-14T08:04:50.949-0300] {processor.py:157} INFO - Started process (PID=288970) to work on /home/gmassoqueto/repos/apache-airflow-101/.venv/lib/python3.11/site-packages/airflow/example_dags/example_short_circuit_decorator.py
[2023-11-14T08:04:50.954-0300] {processor.py:829} INFO - Processing file /home/gmassoqueto/repos/apache-airflow-101/.venv/lib/python3.11/site-packages/airflow/example_dags/example_short_circuit_decorator.py for tasks to queue
[2023-11-14T08:04:50.955-0300] {logging_mixin.py:154} INFO - [2023-11-14T08:04:50.955-0300] {dagbag.py:536} INFO - Filling up the DagBag from /home/gmassoqueto/repos/apache-airflow-101/.venv/lib/python3.11/site-packages/airflow/example_dags/example_short_circuit_decorator.py
[2023-11-14T08:04:50.978-0300] {processor.py:839} INFO - DAG(s) dict_keys(['example_short_circuit_decorator']) retrieved from /home/gmassoqueto/repos/apache-airflow-101/.venv/lib/python3.11/site-packages/airflow/example_dags/example_short_circuit_decorator.py
[2023-11-14T08:04:50.997-0300] {logging_mixin.py:154} INFO - [2023-11-14T08:04:50.997-0300] {dag.py:2941} INFO - Sync 1 DAGs
[2023-11-14T08:04:51.011-0300] {logging_mixin.py:154} INFO - [2023-11-14T08:04:51.011-0300] {dag.py:3722} INFO - Setting next_dagrun for example_short_circuit_decorator to 2023-11-13T11:04:51.011092+00:00, run_after=2023-11-14T11:04:51.011092+00:00
[2023-11-14T08:04:51.035-0300] {processor.py:179} INFO - Processing /home/gmassoqueto/repos/apache-airflow-101/.venv/lib/python3.11/site-packages/airflow/example_dags/example_short_circuit_decorator.py took 0.093 seconds
[2023-11-14T08:05:37.475-0300] {processor.py:157} INFO - Started process (PID=289067) to work on /home/gmassoqueto/repos/apache-airflow-101/.venv/lib/python3.11/site-packages/airflow/example_dags/example_short_circuit_decorator.py
[2023-11-14T08:05:37.479-0300] {processor.py:829} INFO - Processing file /home/gmassoqueto/repos/apache-airflow-101/.venv/lib/python3.11/site-packages/airflow/example_dags/example_short_circuit_decorator.py for tasks to queue
[2023-11-14T08:05:37.479-0300] {logging_mixin.py:154} INFO - [2023-11-14T08:05:37.479-0300] {dagbag.py:536} INFO - Filling up the DagBag from /home/gmassoqueto/repos/apache-airflow-101/.venv/lib/python3.11/site-packages/airflow/example_dags/example_short_circuit_decorator.py
[2023-11-14T08:05:37.490-0300] {processor.py:839} INFO - DAG(s) dict_keys(['example_short_circuit_decorator']) retrieved from /home/gmassoqueto/repos/apache-airflow-101/.venv/lib/python3.11/site-packages/airflow/example_dags/example_short_circuit_decorator.py
[2023-11-14T08:05:37.506-0300] {logging_mixin.py:154} INFO - [2023-11-14T08:05:37.506-0300] {dag.py:2941} INFO - Sync 1 DAGs
[2023-11-14T08:05:37.521-0300] {logging_mixin.py:154} INFO - [2023-11-14T08:05:37.521-0300] {dag.py:3722} INFO - Setting next_dagrun for example_short_circuit_decorator to 2023-11-13T11:05:37.521652+00:00, run_after=2023-11-14T11:05:37.521652+00:00
[2023-11-14T08:05:37.539-0300] {processor.py:179} INFO - Processing /home/gmassoqueto/repos/apache-airflow-101/.venv/lib/python3.11/site-packages/airflow/example_dags/example_short_circuit_decorator.py took 0.066 seconds
[2023-11-14T08:06:10.851-0300] {processor.py:157} INFO - Started process (PID=289169) to work on /home/gmassoqueto/repos/apache-airflow-101/.venv/lib/python3.11/site-packages/airflow/example_dags/example_short_circuit_decorator.py
[2023-11-14T08:06:10.856-0300] {processor.py:829} INFO - Processing file /home/gmassoqueto/repos/apache-airflow-101/.venv/lib/python3.11/site-packages/airflow/example_dags/example_short_circuit_decorator.py for tasks to queue
[2023-11-14T08:06:10.859-0300] {logging_mixin.py:154} INFO - [2023-11-14T08:06:10.858-0300] {dagbag.py:536} INFO - Filling up the DagBag from /home/gmassoqueto/repos/apache-airflow-101/.venv/lib/python3.11/site-packages/airflow/example_dags/example_short_circuit_decorator.py
[2023-11-14T08:06:10.883-0300] {processor.py:839} INFO - DAG(s) dict_keys(['example_short_circuit_decorator']) retrieved from /home/gmassoqueto/repos/apache-airflow-101/.venv/lib/python3.11/site-packages/airflow/example_dags/example_short_circuit_decorator.py
[2023-11-14T08:06:10.901-0300] {logging_mixin.py:154} INFO - [2023-11-14T08:06:10.900-0300] {dag.py:2941} INFO - Sync 1 DAGs
[2023-11-14T08:06:10.916-0300] {logging_mixin.py:154} INFO - [2023-11-14T08:06:10.916-0300] {dag.py:3722} INFO - Setting next_dagrun for example_short_circuit_decorator to 2023-11-13T11:06:10.916007+00:00, run_after=2023-11-14T11:06:10.916007+00:00
[2023-11-14T08:06:10.933-0300] {processor.py:179} INFO - Processing /home/gmassoqueto/repos/apache-airflow-101/.venv/lib/python3.11/site-packages/airflow/example_dags/example_short_circuit_decorator.py took 0.089 seconds
[2023-11-14T08:06:59.385-0300] {processor.py:157} INFO - Started process (PID=289292) to work on /home/gmassoqueto/repos/apache-airflow-101/.venv/lib/python3.11/site-packages/airflow/example_dags/example_short_circuit_decorator.py
[2023-11-14T08:06:59.390-0300] {processor.py:829} INFO - Processing file /home/gmassoqueto/repos/apache-airflow-101/.venv/lib/python3.11/site-packages/airflow/example_dags/example_short_circuit_decorator.py for tasks to queue
[2023-11-14T08:06:59.392-0300] {logging_mixin.py:154} INFO - [2023-11-14T08:06:59.391-0300] {dagbag.py:536} INFO - Filling up the DagBag from /home/gmassoqueto/repos/apache-airflow-101/.venv/lib/python3.11/site-packages/airflow/example_dags/example_short_circuit_decorator.py
[2023-11-14T08:06:59.414-0300] {processor.py:839} INFO - DAG(s) dict_keys(['example_short_circuit_decorator']) retrieved from /home/gmassoqueto/repos/apache-airflow-101/.venv/lib/python3.11/site-packages/airflow/example_dags/example_short_circuit_decorator.py
[2023-11-14T08:06:59.431-0300] {logging_mixin.py:154} INFO - [2023-11-14T08:06:59.431-0300] {dag.py:2941} INFO - Sync 1 DAGs
[2023-11-14T08:06:59.447-0300] {logging_mixin.py:154} INFO - [2023-11-14T08:06:59.446-0300] {dag.py:3722} INFO - Setting next_dagrun for example_short_circuit_decorator to 2023-11-13T11:06:59.446693+00:00, run_after=2023-11-14T11:06:59.446693+00:00
[2023-11-14T08:06:59.465-0300] {processor.py:179} INFO - Processing /home/gmassoqueto/repos/apache-airflow-101/.venv/lib/python3.11/site-packages/airflow/example_dags/example_short_circuit_decorator.py took 0.088 seconds
[2023-11-14T08:07:48.073-0300] {processor.py:157} INFO - Started process (PID=289506) to work on /home/gmassoqueto/repos/apache-airflow-101/.venv/lib/python3.11/site-packages/airflow/example_dags/example_short_circuit_decorator.py
[2023-11-14T08:07:48.077-0300] {processor.py:829} INFO - Processing file /home/gmassoqueto/repos/apache-airflow-101/.venv/lib/python3.11/site-packages/airflow/example_dags/example_short_circuit_decorator.py for tasks to queue
[2023-11-14T08:07:48.078-0300] {logging_mixin.py:154} INFO - [2023-11-14T08:07:48.077-0300] {dagbag.py:536} INFO - Filling up the DagBag from /home/gmassoqueto/repos/apache-airflow-101/.venv/lib/python3.11/site-packages/airflow/example_dags/example_short_circuit_decorator.py
[2023-11-14T08:07:48.093-0300] {processor.py:839} INFO - DAG(s) dict_keys(['example_short_circuit_decorator']) retrieved from /home/gmassoqueto/repos/apache-airflow-101/.venv/lib/python3.11/site-packages/airflow/example_dags/example_short_circuit_decorator.py
[2023-11-14T08:07:48.119-0300] {logging_mixin.py:154} INFO - [2023-11-14T08:07:48.118-0300] {dag.py:2941} INFO - Sync 1 DAGs
[2023-11-14T08:07:48.137-0300] {logging_mixin.py:154} INFO - [2023-11-14T08:07:48.136-0300] {dag.py:3722} INFO - Setting next_dagrun for example_short_circuit_decorator to 2023-11-13T11:07:48.136691+00:00, run_after=2023-11-14T11:07:48.136691+00:00
[2023-11-14T08:07:48.157-0300] {processor.py:179} INFO - Processing /home/gmassoqueto/repos/apache-airflow-101/.venv/lib/python3.11/site-packages/airflow/example_dags/example_short_circuit_decorator.py took 0.087 seconds
[2023-11-14T08:08:11.114-0300] {processor.py:157} INFO - Started process (PID=289655) to work on /home/gmassoqueto/repos/apache-airflow-101/.venv/lib/python3.11/site-packages/airflow/example_dags/example_short_circuit_decorator.py
[2023-11-14T08:08:11.118-0300] {processor.py:829} INFO - Processing file /home/gmassoqueto/repos/apache-airflow-101/.venv/lib/python3.11/site-packages/airflow/example_dags/example_short_circuit_decorator.py for tasks to queue
[2023-11-14T08:08:11.119-0300] {logging_mixin.py:154} INFO - [2023-11-14T08:08:11.119-0300] {dagbag.py:536} INFO - Filling up the DagBag from /home/gmassoqueto/repos/apache-airflow-101/.venv/lib/python3.11/site-packages/airflow/example_dags/example_short_circuit_decorator.py
[2023-11-14T08:08:11.134-0300] {processor.py:839} INFO - DAG(s) dict_keys(['example_short_circuit_decorator']) retrieved from /home/gmassoqueto/repos/apache-airflow-101/.venv/lib/python3.11/site-packages/airflow/example_dags/example_short_circuit_decorator.py
[2023-11-14T08:08:11.142-0300] {logging_mixin.py:154} INFO - [2023-11-14T08:08:11.141-0300] {dag.py:2941} INFO - Sync 1 DAGs
[2023-11-14T08:08:11.153-0300] {logging_mixin.py:154} INFO - [2023-11-14T08:08:11.153-0300] {dag.py:2963} INFO - Creating ORM DAG for example_short_circuit_decorator
[2023-11-14T08:08:11.164-0300] {logging_mixin.py:154} INFO - [2023-11-14T08:08:11.164-0300] {dag.py:3722} INFO - Setting next_dagrun for example_short_circuit_decorator to 2023-11-13T11:08:11.163913+00:00, run_after=2023-11-14T11:08:11.163913+00:00
[2023-11-14T08:08:11.184-0300] {processor.py:179} INFO - Processing /home/gmassoqueto/repos/apache-airflow-101/.venv/lib/python3.11/site-packages/airflow/example_dags/example_short_circuit_decorator.py took 0.072 seconds
[2023-11-14T08:09:50.204-0300] {processor.py:157} INFO - Started process (PID=290260) to work on /home/gmassoqueto/repos/apache-airflow-101/.venv/lib/python3.11/site-packages/airflow/example_dags/example_short_circuit_decorator.py
[2023-11-14T08:09:50.205-0300] {processor.py:829} INFO - Processing file /home/gmassoqueto/repos/apache-airflow-101/.venv/lib/python3.11/site-packages/airflow/example_dags/example_short_circuit_decorator.py for tasks to queue
[2023-11-14T08:09:50.207-0300] {logging_mixin.py:154} INFO - [2023-11-14T08:09:50.206-0300] {dagbag.py:536} INFO - Filling up the DagBag from /home/gmassoqueto/repos/apache-airflow-101/.venv/lib/python3.11/site-packages/airflow/example_dags/example_short_circuit_decorator.py
[2023-11-14T08:09:50.236-0300] {processor.py:839} INFO - DAG(s) dict_keys(['example_short_circuit_decorator']) retrieved from /home/gmassoqueto/repos/apache-airflow-101/.venv/lib/python3.11/site-packages/airflow/example_dags/example_short_circuit_decorator.py
[2023-11-14T08:09:50.248-0300] {logging_mixin.py:154} INFO - [2023-11-14T08:09:50.248-0300] {dag.py:2941} INFO - Sync 1 DAGs
[2023-11-14T08:09:50.272-0300] {logging_mixin.py:154} INFO - [2023-11-14T08:09:50.272-0300] {dag.py:3722} INFO - Setting next_dagrun for example_short_circuit_decorator to 2023-11-13T11:09:50.272364+00:00, run_after=2023-11-14T11:09:50.272364+00:00
[2023-11-14T08:09:50.300-0300] {processor.py:179} INFO - Processing /home/gmassoqueto/repos/apache-airflow-101/.venv/lib/python3.11/site-packages/airflow/example_dags/example_short_circuit_decorator.py took 0.101 seconds
[2023-11-14T08:10:39.214-0300] {processor.py:157} INFO - Started process (PID=291035) to work on /home/gmassoqueto/repos/apache-airflow-101/.venv/lib/python3.11/site-packages/airflow/example_dags/example_short_circuit_decorator.py
[2023-11-14T08:10:39.218-0300] {processor.py:829} INFO - Processing file /home/gmassoqueto/repos/apache-airflow-101/.venv/lib/python3.11/site-packages/airflow/example_dags/example_short_circuit_decorator.py for tasks to queue
[2023-11-14T08:10:39.219-0300] {logging_mixin.py:154} INFO - [2023-11-14T08:10:39.218-0300] {dagbag.py:536} INFO - Filling up the DagBag from /home/gmassoqueto/repos/apache-airflow-101/.venv/lib/python3.11/site-packages/airflow/example_dags/example_short_circuit_decorator.py
[2023-11-14T08:10:39.227-0300] {processor.py:839} INFO - DAG(s) dict_keys(['example_short_circuit_decorator']) retrieved from /home/gmassoqueto/repos/apache-airflow-101/.venv/lib/python3.11/site-packages/airflow/example_dags/example_short_circuit_decorator.py
[2023-11-14T08:10:39.242-0300] {logging_mixin.py:154} INFO - [2023-11-14T08:10:39.242-0300] {dag.py:2941} INFO - Sync 1 DAGs
[2023-11-14T08:10:39.259-0300] {logging_mixin.py:154} INFO - [2023-11-14T08:10:39.259-0300] {dag.py:3722} INFO - Setting next_dagrun for example_short_circuit_decorator to 2023-11-13T11:10:39.259091+00:00, run_after=2023-11-14T11:10:39.259091+00:00
[2023-11-14T08:10:39.280-0300] {processor.py:179} INFO - Processing /home/gmassoqueto/repos/apache-airflow-101/.venv/lib/python3.11/site-packages/airflow/example_dags/example_short_circuit_decorator.py took 0.068 seconds
[2023-11-14T08:11:25.809-0300] {processor.py:157} INFO - Started process (PID=291168) to work on /home/gmassoqueto/repos/apache-airflow-101/.venv/lib/python3.11/site-packages/airflow/example_dags/example_short_circuit_decorator.py
[2023-11-14T08:11:25.812-0300] {processor.py:829} INFO - Processing file /home/gmassoqueto/repos/apache-airflow-101/.venv/lib/python3.11/site-packages/airflow/example_dags/example_short_circuit_decorator.py for tasks to queue
[2023-11-14T08:11:25.813-0300] {logging_mixin.py:154} INFO - [2023-11-14T08:11:25.813-0300] {dagbag.py:536} INFO - Filling up the DagBag from /home/gmassoqueto/repos/apache-airflow-101/.venv/lib/python3.11/site-packages/airflow/example_dags/example_short_circuit_decorator.py
[2023-11-14T08:11:25.823-0300] {processor.py:839} INFO - DAG(s) dict_keys(['example_short_circuit_decorator']) retrieved from /home/gmassoqueto/repos/apache-airflow-101/.venv/lib/python3.11/site-packages/airflow/example_dags/example_short_circuit_decorator.py
[2023-11-14T08:11:25.839-0300] {logging_mixin.py:154} INFO - [2023-11-14T08:11:25.839-0300] {dag.py:2941} INFO - Sync 1 DAGs
[2023-11-14T08:11:25.854-0300] {logging_mixin.py:154} INFO - [2023-11-14T08:11:25.854-0300] {dag.py:3722} INFO - Setting next_dagrun for example_short_circuit_decorator to 2023-11-13T11:11:25.854324+00:00, run_after=2023-11-14T11:11:25.854324+00:00
[2023-11-14T08:11:25.873-0300] {processor.py:179} INFO - Processing /home/gmassoqueto/repos/apache-airflow-101/.venv/lib/python3.11/site-packages/airflow/example_dags/example_short_circuit_decorator.py took 0.066 seconds
[2023-11-14T08:12:11.210-0300] {processor.py:157} INFO - Started process (PID=291316) to work on /home/gmassoqueto/repos/apache-airflow-101/.venv/lib/python3.11/site-packages/airflow/example_dags/example_short_circuit_decorator.py
[2023-11-14T08:12:11.214-0300] {processor.py:829} INFO - Processing file /home/gmassoqueto/repos/apache-airflow-101/.venv/lib/python3.11/site-packages/airflow/example_dags/example_short_circuit_decorator.py for tasks to queue
[2023-11-14T08:12:11.217-0300] {logging_mixin.py:154} INFO - [2023-11-14T08:12:11.216-0300] {dagbag.py:536} INFO - Filling up the DagBag from /home/gmassoqueto/repos/apache-airflow-101/.venv/lib/python3.11/site-packages/airflow/example_dags/example_short_circuit_decorator.py
[2023-11-14T08:12:11.247-0300] {processor.py:839} INFO - DAG(s) dict_keys(['example_short_circuit_decorator']) retrieved from /home/gmassoqueto/repos/apache-airflow-101/.venv/lib/python3.11/site-packages/airflow/example_dags/example_short_circuit_decorator.py
[2023-11-14T08:12:11.256-0300] {logging_mixin.py:154} INFO - [2023-11-14T08:12:11.256-0300] {dag.py:2941} INFO - Sync 1 DAGs
[2023-11-14T08:12:11.273-0300] {logging_mixin.py:154} INFO - [2023-11-14T08:12:11.273-0300] {dag.py:3722} INFO - Setting next_dagrun for example_short_circuit_decorator to 2023-11-13T11:12:11.273384+00:00, run_after=2023-11-14T11:12:11.273384+00:00
[2023-11-14T08:12:11.290-0300] {processor.py:179} INFO - Processing /home/gmassoqueto/repos/apache-airflow-101/.venv/lib/python3.11/site-packages/airflow/example_dags/example_short_circuit_decorator.py took 0.087 seconds
[2023-11-14T08:12:45.059-0300] {processor.py:157} INFO - Started process (PID=291524) to work on /home/gmassoqueto/repos/apache-airflow-101/.venv/lib/python3.11/site-packages/airflow/example_dags/example_short_circuit_decorator.py
[2023-11-14T08:12:45.064-0300] {processor.py:829} INFO - Processing file /home/gmassoqueto/repos/apache-airflow-101/.venv/lib/python3.11/site-packages/airflow/example_dags/example_short_circuit_decorator.py for tasks to queue
[2023-11-14T08:12:45.065-0300] {logging_mixin.py:154} INFO - [2023-11-14T08:12:45.065-0300] {dagbag.py:536} INFO - Filling up the DagBag from /home/gmassoqueto/repos/apache-airflow-101/.venv/lib/python3.11/site-packages/airflow/example_dags/example_short_circuit_decorator.py
[2023-11-14T08:12:45.090-0300] {processor.py:839} INFO - DAG(s) dict_keys(['example_short_circuit_decorator']) retrieved from /home/gmassoqueto/repos/apache-airflow-101/.venv/lib/python3.11/site-packages/airflow/example_dags/example_short_circuit_decorator.py
[2023-11-14T08:12:45.113-0300] {logging_mixin.py:154} INFO - [2023-11-14T08:12:45.113-0300] {dag.py:2941} INFO - Sync 1 DAGs
[2023-11-14T08:12:45.128-0300] {logging_mixin.py:154} INFO - [2023-11-14T08:12:45.128-0300] {dag.py:3722} INFO - Setting next_dagrun for example_short_circuit_decorator to 2023-11-13T11:12:45.128304+00:00, run_after=2023-11-14T11:12:45.128304+00:00
[2023-11-14T08:12:45.144-0300] {processor.py:179} INFO - Processing /home/gmassoqueto/repos/apache-airflow-101/.venv/lib/python3.11/site-packages/airflow/example_dags/example_short_circuit_decorator.py took 0.088 seconds
[2023-11-14T08:13:32.085-0300] {processor.py:157} INFO - Started process (PID=291630) to work on /home/gmassoqueto/repos/apache-airflow-101/.venv/lib/python3.11/site-packages/airflow/example_dags/example_short_circuit_decorator.py
[2023-11-14T08:13:32.089-0300] {processor.py:829} INFO - Processing file /home/gmassoqueto/repos/apache-airflow-101/.venv/lib/python3.11/site-packages/airflow/example_dags/example_short_circuit_decorator.py for tasks to queue
[2023-11-14T08:13:32.090-0300] {logging_mixin.py:154} INFO - [2023-11-14T08:13:32.089-0300] {dagbag.py:536} INFO - Filling up the DagBag from /home/gmassoqueto/repos/apache-airflow-101/.venv/lib/python3.11/site-packages/airflow/example_dags/example_short_circuit_decorator.py
[2023-11-14T08:13:32.101-0300] {processor.py:839} INFO - DAG(s) dict_keys(['example_short_circuit_decorator']) retrieved from /home/gmassoqueto/repos/apache-airflow-101/.venv/lib/python3.11/site-packages/airflow/example_dags/example_short_circuit_decorator.py
[2023-11-14T08:13:32.119-0300] {logging_mixin.py:154} INFO - [2023-11-14T08:13:32.119-0300] {dag.py:2941} INFO - Sync 1 DAGs
[2023-11-14T08:13:32.136-0300] {logging_mixin.py:154} INFO - [2023-11-14T08:13:32.135-0300] {dag.py:3722} INFO - Setting next_dagrun for example_short_circuit_decorator to 2023-11-13T11:13:32.135790+00:00, run_after=2023-11-14T11:13:32.135790+00:00
[2023-11-14T08:13:32.164-0300] {processor.py:179} INFO - Processing /home/gmassoqueto/repos/apache-airflow-101/.venv/lib/python3.11/site-packages/airflow/example_dags/example_short_circuit_decorator.py took 0.082 seconds
[2023-11-14T08:14:18.902-0300] {processor.py:157} INFO - Started process (PID=291725) to work on /home/gmassoqueto/repos/apache-airflow-101/.venv/lib/python3.11/site-packages/airflow/example_dags/example_short_circuit_decorator.py
[2023-11-14T08:14:18.906-0300] {processor.py:829} INFO - Processing file /home/gmassoqueto/repos/apache-airflow-101/.venv/lib/python3.11/site-packages/airflow/example_dags/example_short_circuit_decorator.py for tasks to queue
[2023-11-14T08:14:18.908-0300] {logging_mixin.py:154} INFO - [2023-11-14T08:14:18.907-0300] {dagbag.py:536} INFO - Filling up the DagBag from /home/gmassoqueto/repos/apache-airflow-101/.venv/lib/python3.11/site-packages/airflow/example_dags/example_short_circuit_decorator.py
[2023-11-14T08:14:18.927-0300] {processor.py:839} INFO - DAG(s) dict_keys(['example_short_circuit_decorator']) retrieved from /home/gmassoqueto/repos/apache-airflow-101/.venv/lib/python3.11/site-packages/airflow/example_dags/example_short_circuit_decorator.py
[2023-11-14T08:14:18.946-0300] {logging_mixin.py:154} INFO - [2023-11-14T08:14:18.945-0300] {dag.py:2941} INFO - Sync 1 DAGs
[2023-11-14T08:14:18.961-0300] {logging_mixin.py:154} INFO - [2023-11-14T08:14:18.961-0300] {dag.py:3722} INFO - Setting next_dagrun for example_short_circuit_decorator to 2023-11-13T11:14:18.961091+00:00, run_after=2023-11-14T11:14:18.961091+00:00
[2023-11-14T08:14:18.978-0300] {processor.py:179} INFO - Processing /home/gmassoqueto/repos/apache-airflow-101/.venv/lib/python3.11/site-packages/airflow/example_dags/example_short_circuit_decorator.py took 0.082 seconds
[2023-11-14T08:15:06.046-0300] {processor.py:157} INFO - Started process (PID=291882) to work on /home/gmassoqueto/repos/apache-airflow-101/.venv/lib/python3.11/site-packages/airflow/example_dags/example_short_circuit_decorator.py
[2023-11-14T08:15:06.050-0300] {processor.py:829} INFO - Processing file /home/gmassoqueto/repos/apache-airflow-101/.venv/lib/python3.11/site-packages/airflow/example_dags/example_short_circuit_decorator.py for tasks to queue
[2023-11-14T08:15:06.050-0300] {logging_mixin.py:154} INFO - [2023-11-14T08:15:06.050-0300] {dagbag.py:536} INFO - Filling up the DagBag from /home/gmassoqueto/repos/apache-airflow-101/.venv/lib/python3.11/site-packages/airflow/example_dags/example_short_circuit_decorator.py
[2023-11-14T08:15:06.060-0300] {processor.py:839} INFO - DAG(s) dict_keys(['example_short_circuit_decorator']) retrieved from /home/gmassoqueto/repos/apache-airflow-101/.venv/lib/python3.11/site-packages/airflow/example_dags/example_short_circuit_decorator.py
[2023-11-14T08:15:06.077-0300] {logging_mixin.py:154} INFO - [2023-11-14T08:15:06.077-0300] {dag.py:2941} INFO - Sync 1 DAGs
[2023-11-14T08:15:06.091-0300] {logging_mixin.py:154} INFO - [2023-11-14T08:15:06.091-0300] {dag.py:3722} INFO - Setting next_dagrun for example_short_circuit_decorator to 2023-11-13T11:15:06.091244+00:00, run_after=2023-11-14T11:15:06.091244+00:00
[2023-11-14T08:15:06.114-0300] {processor.py:179} INFO - Processing /home/gmassoqueto/repos/apache-airflow-101/.venv/lib/python3.11/site-packages/airflow/example_dags/example_short_circuit_decorator.py took 0.070 seconds
[2023-11-14T08:15:40.298-0300] {processor.py:157} INFO - Started process (PID=291938) to work on /home/gmassoqueto/repos/apache-airflow-101/.venv/lib/python3.11/site-packages/airflow/example_dags/example_short_circuit_decorator.py
[2023-11-14T08:15:40.302-0300] {processor.py:829} INFO - Processing file /home/gmassoqueto/repos/apache-airflow-101/.venv/lib/python3.11/site-packages/airflow/example_dags/example_short_circuit_decorator.py for tasks to queue
[2023-11-14T08:15:40.303-0300] {logging_mixin.py:154} INFO - [2023-11-14T08:15:40.302-0300] {dagbag.py:536} INFO - Filling up the DagBag from /home/gmassoqueto/repos/apache-airflow-101/.venv/lib/python3.11/site-packages/airflow/example_dags/example_short_circuit_decorator.py
[2023-11-14T08:15:40.315-0300] {processor.py:839} INFO - DAG(s) dict_keys(['example_short_circuit_decorator']) retrieved from /home/gmassoqueto/repos/apache-airflow-101/.venv/lib/python3.11/site-packages/airflow/example_dags/example_short_circuit_decorator.py
[2023-11-14T08:15:40.337-0300] {logging_mixin.py:154} INFO - [2023-11-14T08:15:40.337-0300] {dag.py:2941} INFO - Sync 1 DAGs
[2023-11-14T08:15:40.353-0300] {logging_mixin.py:154} INFO - [2023-11-14T08:15:40.352-0300] {dag.py:3722} INFO - Setting next_dagrun for example_short_circuit_decorator to 2023-11-13T11:15:40.352761+00:00, run_after=2023-11-14T11:15:40.352761+00:00
[2023-11-14T08:15:40.377-0300] {processor.py:179} INFO - Processing /home/gmassoqueto/repos/apache-airflow-101/.venv/lib/python3.11/site-packages/airflow/example_dags/example_short_circuit_decorator.py took 0.082 seconds
[2023-11-14T08:16:27.297-0300] {processor.py:157} INFO - Started process (PID=292024) to work on /home/gmassoqueto/repos/apache-airflow-101/.venv/lib/python3.11/site-packages/airflow/example_dags/example_short_circuit_decorator.py
[2023-11-14T08:16:27.300-0300] {processor.py:829} INFO - Processing file /home/gmassoqueto/repos/apache-airflow-101/.venv/lib/python3.11/site-packages/airflow/example_dags/example_short_circuit_decorator.py for tasks to queue
[2023-11-14T08:16:27.301-0300] {logging_mixin.py:154} INFO - [2023-11-14T08:16:27.301-0300] {dagbag.py:536} INFO - Filling up the DagBag from /home/gmassoqueto/repos/apache-airflow-101/.venv/lib/python3.11/site-packages/airflow/example_dags/example_short_circuit_decorator.py
[2023-11-14T08:16:27.310-0300] {processor.py:839} INFO - DAG(s) dict_keys(['example_short_circuit_decorator']) retrieved from /home/gmassoqueto/repos/apache-airflow-101/.venv/lib/python3.11/site-packages/airflow/example_dags/example_short_circuit_decorator.py
[2023-11-14T08:16:27.324-0300] {logging_mixin.py:154} INFO - [2023-11-14T08:16:27.324-0300] {dag.py:2941} INFO - Sync 1 DAGs
[2023-11-14T08:16:27.338-0300] {logging_mixin.py:154} INFO - [2023-11-14T08:16:27.337-0300] {dag.py:3722} INFO - Setting next_dagrun for example_short_circuit_decorator to 2023-11-13T11:16:27.337834+00:00, run_after=2023-11-14T11:16:27.337834+00:00
[2023-11-14T08:16:27.363-0300] {processor.py:179} INFO - Processing /home/gmassoqueto/repos/apache-airflow-101/.venv/lib/python3.11/site-packages/airflow/example_dags/example_short_circuit_decorator.py took 0.068 seconds
[2023-11-14T08:17:16.037-0300] {processor.py:157} INFO - Started process (PID=292110) to work on /home/gmassoqueto/repos/apache-airflow-101/.venv/lib/python3.11/site-packages/airflow/example_dags/example_short_circuit_decorator.py
[2023-11-14T08:17:16.041-0300] {processor.py:829} INFO - Processing file /home/gmassoqueto/repos/apache-airflow-101/.venv/lib/python3.11/site-packages/airflow/example_dags/example_short_circuit_decorator.py for tasks to queue
[2023-11-14T08:17:16.042-0300] {logging_mixin.py:154} INFO - [2023-11-14T08:17:16.042-0300] {dagbag.py:536} INFO - Filling up the DagBag from /home/gmassoqueto/repos/apache-airflow-101/.venv/lib/python3.11/site-packages/airflow/example_dags/example_short_circuit_decorator.py
[2023-11-14T08:17:16.052-0300] {processor.py:839} INFO - DAG(s) dict_keys(['example_short_circuit_decorator']) retrieved from /home/gmassoqueto/repos/apache-airflow-101/.venv/lib/python3.11/site-packages/airflow/example_dags/example_short_circuit_decorator.py
[2023-11-14T08:17:16.071-0300] {logging_mixin.py:154} INFO - [2023-11-14T08:17:16.071-0300] {dag.py:2941} INFO - Sync 1 DAGs
[2023-11-14T08:17:16.086-0300] {logging_mixin.py:154} INFO - [2023-11-14T08:17:16.086-0300] {dag.py:3722} INFO - Setting next_dagrun for example_short_circuit_decorator to 2023-11-13T11:17:16.086129+00:00, run_after=2023-11-14T11:17:16.086129+00:00
[2023-11-14T08:17:16.102-0300] {processor.py:179} INFO - Processing /home/gmassoqueto/repos/apache-airflow-101/.venv/lib/python3.11/site-packages/airflow/example_dags/example_short_circuit_decorator.py took 0.067 seconds
[2023-11-14T08:17:49.596-0300] {processor.py:157} INFO - Started process (PID=292177) to work on /home/gmassoqueto/repos/apache-airflow-101/.venv/lib/python3.11/site-packages/airflow/example_dags/example_short_circuit_decorator.py
[2023-11-14T08:17:49.600-0300] {processor.py:829} INFO - Processing file /home/gmassoqueto/repos/apache-airflow-101/.venv/lib/python3.11/site-packages/airflow/example_dags/example_short_circuit_decorator.py for tasks to queue
[2023-11-14T08:17:49.601-0300] {logging_mixin.py:154} INFO - [2023-11-14T08:17:49.601-0300] {dagbag.py:536} INFO - Filling up the DagBag from /home/gmassoqueto/repos/apache-airflow-101/.venv/lib/python3.11/site-packages/airflow/example_dags/example_short_circuit_decorator.py
[2023-11-14T08:17:49.624-0300] {processor.py:839} INFO - DAG(s) dict_keys(['example_short_circuit_decorator']) retrieved from /home/gmassoqueto/repos/apache-airflow-101/.venv/lib/python3.11/site-packages/airflow/example_dags/example_short_circuit_decorator.py
[2023-11-14T08:17:49.645-0300] {logging_mixin.py:154} INFO - [2023-11-14T08:17:49.645-0300] {dag.py:2941} INFO - Sync 1 DAGs
[2023-11-14T08:17:49.659-0300] {logging_mixin.py:154} INFO - [2023-11-14T08:17:49.659-0300] {dag.py:3722} INFO - Setting next_dagrun for example_short_circuit_decorator to 2023-11-13T11:17:49.659247+00:00, run_after=2023-11-14T11:17:49.659247+00:00
[2023-11-14T08:17:49.675-0300] {processor.py:179} INFO - Processing /home/gmassoqueto/repos/apache-airflow-101/.venv/lib/python3.11/site-packages/airflow/example_dags/example_short_circuit_decorator.py took 0.082 seconds
