[2023-11-14T07:03:55.719-0300] {processor.py:157} INFO - Started process (PID=284815) to work on /home/gmassoqueto/repos/apache-airflow-101/.venv/lib/python3.11/site-packages/airflow/example_dags/example_branch_labels.py
[2023-11-14T07:03:55.721-0300] {processor.py:829} INFO - Processing file /home/gmassoqueto/repos/apache-airflow-101/.venv/lib/python3.11/site-packages/airflow/example_dags/example_branch_labels.py for tasks to queue
[2023-11-14T07:03:55.723-0300] {logging_mixin.py:154} INFO - [2023-11-14T07:03:55.722-0300] {dagbag.py:536} INFO - Filling up the DagBag from /home/gmassoqueto/repos/apache-airflow-101/.venv/lib/python3.11/site-packages/airflow/example_dags/example_branch_labels.py
[2023-11-14T07:03:55.740-0300] {processor.py:839} INFO - DAG(s) dict_keys(['example_branch_labels']) retrieved from /home/gmassoqueto/repos/apache-airflow-101/.venv/lib/python3.11/site-packages/airflow/example_dags/example_branch_labels.py
[2023-11-14T07:03:55.757-0300] {logging_mixin.py:154} INFO - [2023-11-14T07:03:55.756-0300] {dag.py:2941} INFO - Sync 1 DAGs
[2023-11-14T07:03:55.773-0300] {logging_mixin.py:154} INFO - [2023-11-14T07:03:55.773-0300] {dag.py:3722} INFO - Setting next_dagrun for example_branch_labels to 2023-11-13T00:00:00+00:00, run_after=2023-11-14T00:00:00+00:00
[2023-11-14T07:03:55.800-0300] {processor.py:179} INFO - Processing /home/gmassoqueto/repos/apache-airflow-101/.venv/lib/python3.11/site-packages/airflow/example_dags/example_branch_labels.py took 0.088 seconds
[2023-11-14T07:57:50.392-0300] {processor.py:157} INFO - Started process (PID=287300) to work on /home/gmassoqueto/repos/apache-airflow-101/.venv/lib/python3.11/site-packages/airflow/example_dags/example_branch_labels.py
[2023-11-14T07:57:50.396-0300] {processor.py:829} INFO - Processing file /home/gmassoqueto/repos/apache-airflow-101/.venv/lib/python3.11/site-packages/airflow/example_dags/example_branch_labels.py for tasks to queue
[2023-11-14T07:57:50.399-0300] {logging_mixin.py:154} INFO - [2023-11-14T07:57:50.398-0300] {dagbag.py:536} INFO - Filling up the DagBag from /home/gmassoqueto/repos/apache-airflow-101/.venv/lib/python3.11/site-packages/airflow/example_dags/example_branch_labels.py
[2023-11-14T07:57:50.422-0300] {processor.py:839} INFO - DAG(s) dict_keys(['example_branch_labels']) retrieved from /home/gmassoqueto/repos/apache-airflow-101/.venv/lib/python3.11/site-packages/airflow/example_dags/example_branch_labels.py
[2023-11-14T07:57:50.445-0300] {logging_mixin.py:154} INFO - [2023-11-14T07:57:50.444-0300] {dag.py:2941} INFO - Sync 1 DAGs
[2023-11-14T07:57:50.461-0300] {logging_mixin.py:154} INFO - [2023-11-14T07:57:50.461-0300] {dag.py:3722} INFO - Setting next_dagrun for example_branch_labels to 2023-11-13T00:00:00+00:00, run_after=2023-11-14T00:00:00+00:00
[2023-11-14T07:57:50.477-0300] {processor.py:179} INFO - Processing /home/gmassoqueto/repos/apache-airflow-101/.venv/lib/python3.11/site-packages/airflow/example_dags/example_branch_labels.py took 0.088 seconds
[2023-11-14T07:58:38.778-0300] {processor.py:157} INFO - Started process (PID=287466) to work on /home/gmassoqueto/repos/apache-airflow-101/.venv/lib/python3.11/site-packages/airflow/example_dags/example_branch_labels.py
[2023-11-14T07:58:38.781-0300] {processor.py:829} INFO - Processing file /home/gmassoqueto/repos/apache-airflow-101/.venv/lib/python3.11/site-packages/airflow/example_dags/example_branch_labels.py for tasks to queue
[2023-11-14T07:58:38.785-0300] {logging_mixin.py:154} INFO - [2023-11-14T07:58:38.784-0300] {dagbag.py:536} INFO - Filling up the DagBag from /home/gmassoqueto/repos/apache-airflow-101/.venv/lib/python3.11/site-packages/airflow/example_dags/example_branch_labels.py
[2023-11-14T07:58:38.820-0300] {processor.py:839} INFO - DAG(s) dict_keys(['example_branch_labels']) retrieved from /home/gmassoqueto/repos/apache-airflow-101/.venv/lib/python3.11/site-packages/airflow/example_dags/example_branch_labels.py
[2023-11-14T07:58:38.856-0300] {logging_mixin.py:154} INFO - [2023-11-14T07:58:38.856-0300] {dag.py:2941} INFO - Sync 1 DAGs
[2023-11-14T07:58:38.886-0300] {logging_mixin.py:154} INFO - [2023-11-14T07:58:38.886-0300] {dag.py:3722} INFO - Setting next_dagrun for example_branch_labels to 2023-11-13T00:00:00+00:00, run_after=2023-11-14T00:00:00+00:00
[2023-11-14T07:58:38.911-0300] {processor.py:179} INFO - Processing /home/gmassoqueto/repos/apache-airflow-101/.venv/lib/python3.11/site-packages/airflow/example_dags/example_branch_labels.py took 0.142 seconds
[2023-11-14T07:59:26.533-0300] {processor.py:157} INFO - Started process (PID=287608) to work on /home/gmassoqueto/repos/apache-airflow-101/.venv/lib/python3.11/site-packages/airflow/example_dags/example_branch_labels.py
[2023-11-14T07:59:26.537-0300] {processor.py:829} INFO - Processing file /home/gmassoqueto/repos/apache-airflow-101/.venv/lib/python3.11/site-packages/airflow/example_dags/example_branch_labels.py for tasks to queue
[2023-11-14T07:59:26.539-0300] {logging_mixin.py:154} INFO - [2023-11-14T07:59:26.538-0300] {dagbag.py:536} INFO - Filling up the DagBag from /home/gmassoqueto/repos/apache-airflow-101/.venv/lib/python3.11/site-packages/airflow/example_dags/example_branch_labels.py
[2023-11-14T07:59:26.565-0300] {processor.py:839} INFO - DAG(s) dict_keys(['example_branch_labels']) retrieved from /home/gmassoqueto/repos/apache-airflow-101/.venv/lib/python3.11/site-packages/airflow/example_dags/example_branch_labels.py
[2023-11-14T07:59:26.589-0300] {logging_mixin.py:154} INFO - [2023-11-14T07:59:26.588-0300] {dag.py:2941} INFO - Sync 1 DAGs
[2023-11-14T07:59:26.610-0300] {logging_mixin.py:154} INFO - [2023-11-14T07:59:26.610-0300] {dag.py:3722} INFO - Setting next_dagrun for example_branch_labels to 2023-11-13T00:00:00+00:00, run_after=2023-11-14T00:00:00+00:00
[2023-11-14T07:59:26.629-0300] {processor.py:179} INFO - Processing /home/gmassoqueto/repos/apache-airflow-101/.venv/lib/python3.11/site-packages/airflow/example_dags/example_branch_labels.py took 0.099 seconds
[2023-11-14T08:00:22.251-0300] {processor.py:157} INFO - Started process (PID=287739) to work on /home/gmassoqueto/repos/apache-airflow-101/.venv/lib/python3.11/site-packages/airflow/example_dags/example_branch_labels.py
[2023-11-14T08:00:22.254-0300] {processor.py:829} INFO - Processing file /home/gmassoqueto/repos/apache-airflow-101/.venv/lib/python3.11/site-packages/airflow/example_dags/example_branch_labels.py for tasks to queue
[2023-11-14T08:00:22.255-0300] {logging_mixin.py:154} INFO - [2023-11-14T08:00:22.255-0300] {dagbag.py:536} INFO - Filling up the DagBag from /home/gmassoqueto/repos/apache-airflow-101/.venv/lib/python3.11/site-packages/airflow/example_dags/example_branch_labels.py
[2023-11-14T08:00:22.263-0300] {processor.py:839} INFO - DAG(s) dict_keys(['example_branch_labels']) retrieved from /home/gmassoqueto/repos/apache-airflow-101/.venv/lib/python3.11/site-packages/airflow/example_dags/example_branch_labels.py
[2023-11-14T08:00:22.281-0300] {logging_mixin.py:154} INFO - [2023-11-14T08:00:22.281-0300] {dag.py:2941} INFO - Sync 1 DAGs
[2023-11-14T08:00:22.298-0300] {logging_mixin.py:154} INFO - [2023-11-14T08:00:22.298-0300] {dag.py:3722} INFO - Setting next_dagrun for example_branch_labels to 2023-11-13T00:00:00+00:00, run_after=2023-11-14T00:00:00+00:00
[2023-11-14T08:00:22.314-0300] {processor.py:179} INFO - Processing /home/gmassoqueto/repos/apache-airflow-101/.venv/lib/python3.11/site-packages/airflow/example_dags/example_branch_labels.py took 0.066 seconds
[2023-11-14T08:01:11.389-0300] {processor.py:157} INFO - Started process (PID=287932) to work on /home/gmassoqueto/repos/apache-airflow-101/.venv/lib/python3.11/site-packages/airflow/example_dags/example_branch_labels.py
[2023-11-14T08:01:11.391-0300] {processor.py:829} INFO - Processing file /home/gmassoqueto/repos/apache-airflow-101/.venv/lib/python3.11/site-packages/airflow/example_dags/example_branch_labels.py for tasks to queue
[2023-11-14T08:01:11.393-0300] {logging_mixin.py:154} INFO - [2023-11-14T08:01:11.392-0300] {dagbag.py:536} INFO - Filling up the DagBag from /home/gmassoqueto/repos/apache-airflow-101/.venv/lib/python3.11/site-packages/airflow/example_dags/example_branch_labels.py
[2023-11-14T08:01:11.411-0300] {processor.py:839} INFO - DAG(s) dict_keys(['example_branch_labels']) retrieved from /home/gmassoqueto/repos/apache-airflow-101/.venv/lib/python3.11/site-packages/airflow/example_dags/example_branch_labels.py
[2023-11-14T08:01:11.429-0300] {logging_mixin.py:154} INFO - [2023-11-14T08:01:11.428-0300] {dag.py:2941} INFO - Sync 1 DAGs
[2023-11-14T08:01:11.445-0300] {logging_mixin.py:154} INFO - [2023-11-14T08:01:11.445-0300] {dag.py:3722} INFO - Setting next_dagrun for example_branch_labels to 2023-11-13T00:00:00+00:00, run_after=2023-11-14T00:00:00+00:00
[2023-11-14T08:01:11.461-0300] {processor.py:179} INFO - Processing /home/gmassoqueto/repos/apache-airflow-101/.venv/lib/python3.11/site-packages/airflow/example_dags/example_branch_labels.py took 0.080 seconds
[2023-11-14T08:02:00.499-0300] {processor.py:157} INFO - Started process (PID=288083) to work on /home/gmassoqueto/repos/apache-airflow-101/.venv/lib/python3.11/site-packages/airflow/example_dags/example_branch_labels.py
[2023-11-14T08:02:00.503-0300] {processor.py:829} INFO - Processing file /home/gmassoqueto/repos/apache-airflow-101/.venv/lib/python3.11/site-packages/airflow/example_dags/example_branch_labels.py for tasks to queue
[2023-11-14T08:02:00.503-0300] {logging_mixin.py:154} INFO - [2023-11-14T08:02:00.503-0300] {dagbag.py:536} INFO - Filling up the DagBag from /home/gmassoqueto/repos/apache-airflow-101/.venv/lib/python3.11/site-packages/airflow/example_dags/example_branch_labels.py
[2023-11-14T08:02:00.511-0300] {processor.py:839} INFO - DAG(s) dict_keys(['example_branch_labels']) retrieved from /home/gmassoqueto/repos/apache-airflow-101/.venv/lib/python3.11/site-packages/airflow/example_dags/example_branch_labels.py
[2023-11-14T08:02:00.532-0300] {logging_mixin.py:154} INFO - [2023-11-14T08:02:00.532-0300] {dag.py:2941} INFO - Sync 1 DAGs
[2023-11-14T08:02:00.554-0300] {logging_mixin.py:154} INFO - [2023-11-14T08:02:00.554-0300] {dag.py:3722} INFO - Setting next_dagrun for example_branch_labels to 2023-11-13T00:00:00+00:00, run_after=2023-11-14T00:00:00+00:00
[2023-11-14T08:02:00.575-0300] {processor.py:179} INFO - Processing /home/gmassoqueto/repos/apache-airflow-101/.venv/lib/python3.11/site-packages/airflow/example_dags/example_branch_labels.py took 0.081 seconds
[2023-11-14T08:02:47.042-0300] {processor.py:157} INFO - Started process (PID=288255) to work on /home/gmassoqueto/repos/apache-airflow-101/.venv/lib/python3.11/site-packages/airflow/example_dags/example_branch_labels.py
[2023-11-14T08:02:47.044-0300] {processor.py:829} INFO - Processing file /home/gmassoqueto/repos/apache-airflow-101/.venv/lib/python3.11/site-packages/airflow/example_dags/example_branch_labels.py for tasks to queue
[2023-11-14T08:02:47.046-0300] {logging_mixin.py:154} INFO - [2023-11-14T08:02:47.045-0300] {dagbag.py:536} INFO - Filling up the DagBag from /home/gmassoqueto/repos/apache-airflow-101/.venv/lib/python3.11/site-packages/airflow/example_dags/example_branch_labels.py
[2023-11-14T08:02:47.064-0300] {processor.py:839} INFO - DAG(s) dict_keys(['example_branch_labels']) retrieved from /home/gmassoqueto/repos/apache-airflow-101/.venv/lib/python3.11/site-packages/airflow/example_dags/example_branch_labels.py
[2023-11-14T08:02:47.082-0300] {logging_mixin.py:154} INFO - [2023-11-14T08:02:47.082-0300] {dag.py:2941} INFO - Sync 1 DAGs
[2023-11-14T08:02:47.098-0300] {logging_mixin.py:154} INFO - [2023-11-14T08:02:47.098-0300] {dag.py:3722} INFO - Setting next_dagrun for example_branch_labels to 2023-11-13T00:00:00+00:00, run_after=2023-11-14T00:00:00+00:00
[2023-11-14T08:02:47.113-0300] {processor.py:179} INFO - Processing /home/gmassoqueto/repos/apache-airflow-101/.venv/lib/python3.11/site-packages/airflow/example_dags/example_branch_labels.py took 0.079 seconds
[2023-11-14T08:03:34.794-0300] {processor.py:157} INFO - Started process (PID=288402) to work on /home/gmassoqueto/repos/apache-airflow-101/.venv/lib/python3.11/site-packages/airflow/example_dags/example_branch_labels.py
[2023-11-14T08:03:34.799-0300] {processor.py:829} INFO - Processing file /home/gmassoqueto/repos/apache-airflow-101/.venv/lib/python3.11/site-packages/airflow/example_dags/example_branch_labels.py for tasks to queue
[2023-11-14T08:03:34.801-0300] {logging_mixin.py:154} INFO - [2023-11-14T08:03:34.800-0300] {dagbag.py:536} INFO - Filling up the DagBag from /home/gmassoqueto/repos/apache-airflow-101/.venv/lib/python3.11/site-packages/airflow/example_dags/example_branch_labels.py
[2023-11-14T08:03:34.821-0300] {processor.py:839} INFO - DAG(s) dict_keys(['example_branch_labels']) retrieved from /home/gmassoqueto/repos/apache-airflow-101/.venv/lib/python3.11/site-packages/airflow/example_dags/example_branch_labels.py
[2023-11-14T08:03:34.845-0300] {logging_mixin.py:154} INFO - [2023-11-14T08:03:34.845-0300] {dag.py:2941} INFO - Sync 1 DAGs
[2023-11-14T08:03:34.862-0300] {logging_mixin.py:154} INFO - [2023-11-14T08:03:34.862-0300] {dag.py:3722} INFO - Setting next_dagrun for example_branch_labels to 2023-11-13T00:00:00+00:00, run_after=2023-11-14T00:00:00+00:00
[2023-11-14T08:03:34.878-0300] {processor.py:179} INFO - Processing /home/gmassoqueto/repos/apache-airflow-101/.venv/lib/python3.11/site-packages/airflow/example_dags/example_branch_labels.py took 0.086 seconds
[2023-11-14T08:04:25.079-0300] {processor.py:157} INFO - Started process (PID=288859) to work on /home/gmassoqueto/repos/apache-airflow-101/.venv/lib/python3.11/site-packages/airflow/example_dags/example_branch_labels.py
[2023-11-14T08:04:25.083-0300] {processor.py:829} INFO - Processing file /home/gmassoqueto/repos/apache-airflow-101/.venv/lib/python3.11/site-packages/airflow/example_dags/example_branch_labels.py for tasks to queue
[2023-11-14T08:04:25.084-0300] {logging_mixin.py:154} INFO - [2023-11-14T08:04:25.083-0300] {dagbag.py:536} INFO - Filling up the DagBag from /home/gmassoqueto/repos/apache-airflow-101/.venv/lib/python3.11/site-packages/airflow/example_dags/example_branch_labels.py
[2023-11-14T08:04:25.092-0300] {processor.py:839} INFO - DAG(s) dict_keys(['example_branch_labels']) retrieved from /home/gmassoqueto/repos/apache-airflow-101/.venv/lib/python3.11/site-packages/airflow/example_dags/example_branch_labels.py
[2023-11-14T08:04:25.109-0300] {logging_mixin.py:154} INFO - [2023-11-14T08:04:25.109-0300] {dag.py:2941} INFO - Sync 1 DAGs
[2023-11-14T08:04:25.127-0300] {logging_mixin.py:154} INFO - [2023-11-14T08:04:25.126-0300] {dag.py:3722} INFO - Setting next_dagrun for example_branch_labels to 2023-11-13T00:00:00+00:00, run_after=2023-11-14T00:00:00+00:00
[2023-11-14T08:04:25.143-0300] {processor.py:179} INFO - Processing /home/gmassoqueto/repos/apache-airflow-101/.venv/lib/python3.11/site-packages/airflow/example_dags/example_branch_labels.py took 0.066 seconds
[2023-11-14T08:05:15.640-0300] {processor.py:157} INFO - Started process (PID=289022) to work on /home/gmassoqueto/repos/apache-airflow-101/.venv/lib/python3.11/site-packages/airflow/example_dags/example_branch_labels.py
[2023-11-14T08:05:15.641-0300] {processor.py:829} INFO - Processing file /home/gmassoqueto/repos/apache-airflow-101/.venv/lib/python3.11/site-packages/airflow/example_dags/example_branch_labels.py for tasks to queue
[2023-11-14T08:05:15.641-0300] {logging_mixin.py:154} INFO - [2023-11-14T08:05:15.641-0300] {dagbag.py:536} INFO - Filling up the DagBag from /home/gmassoqueto/repos/apache-airflow-101/.venv/lib/python3.11/site-packages/airflow/example_dags/example_branch_labels.py
[2023-11-14T08:05:15.650-0300] {processor.py:839} INFO - DAG(s) dict_keys(['example_branch_labels']) retrieved from /home/gmassoqueto/repos/apache-airflow-101/.venv/lib/python3.11/site-packages/airflow/example_dags/example_branch_labels.py
[2023-11-14T08:05:15.667-0300] {logging_mixin.py:154} INFO - [2023-11-14T08:05:15.667-0300] {dag.py:2941} INFO - Sync 1 DAGs
[2023-11-14T08:05:15.686-0300] {logging_mixin.py:154} INFO - [2023-11-14T08:05:15.686-0300] {dag.py:3722} INFO - Setting next_dagrun for example_branch_labels to 2023-11-13T00:00:00+00:00, run_after=2023-11-14T00:00:00+00:00
[2023-11-14T08:05:15.706-0300] {processor.py:179} INFO - Processing /home/gmassoqueto/repos/apache-airflow-101/.venv/lib/python3.11/site-packages/airflow/example_dags/example_branch_labels.py took 0.069 seconds
[2023-11-14T08:06:04.617-0300] {processor.py:157} INFO - Started process (PID=289142) to work on /home/gmassoqueto/repos/apache-airflow-101/.venv/lib/python3.11/site-packages/airflow/example_dags/example_branch_labels.py
[2023-11-14T08:06:04.621-0300] {processor.py:829} INFO - Processing file /home/gmassoqueto/repos/apache-airflow-101/.venv/lib/python3.11/site-packages/airflow/example_dags/example_branch_labels.py for tasks to queue
[2023-11-14T08:06:04.622-0300] {logging_mixin.py:154} INFO - [2023-11-14T08:06:04.622-0300] {dagbag.py:536} INFO - Filling up the DagBag from /home/gmassoqueto/repos/apache-airflow-101/.venv/lib/python3.11/site-packages/airflow/example_dags/example_branch_labels.py
[2023-11-14T08:06:04.635-0300] {processor.py:839} INFO - DAG(s) dict_keys(['example_branch_labels']) retrieved from /home/gmassoqueto/repos/apache-airflow-101/.venv/lib/python3.11/site-packages/airflow/example_dags/example_branch_labels.py
[2023-11-14T08:06:04.655-0300] {logging_mixin.py:154} INFO - [2023-11-14T08:06:04.655-0300] {dag.py:2941} INFO - Sync 1 DAGs
[2023-11-14T08:06:04.679-0300] {logging_mixin.py:154} INFO - [2023-11-14T08:06:04.679-0300] {dag.py:3722} INFO - Setting next_dagrun for example_branch_labels to 2023-11-13T00:00:00+00:00, run_after=2023-11-14T00:00:00+00:00
[2023-11-14T08:06:04.701-0300] {processor.py:179} INFO - Processing /home/gmassoqueto/repos/apache-airflow-101/.venv/lib/python3.11/site-packages/airflow/example_dags/example_branch_labels.py took 0.089 seconds
[2023-11-14T08:06:52.526-0300] {processor.py:157} INFO - Started process (PID=289275) to work on /home/gmassoqueto/repos/apache-airflow-101/.venv/lib/python3.11/site-packages/airflow/example_dags/example_branch_labels.py
[2023-11-14T08:06:52.531-0300] {processor.py:829} INFO - Processing file /home/gmassoqueto/repos/apache-airflow-101/.venv/lib/python3.11/site-packages/airflow/example_dags/example_branch_labels.py for tasks to queue
[2023-11-14T08:06:52.533-0300] {logging_mixin.py:154} INFO - [2023-11-14T08:06:52.532-0300] {dagbag.py:536} INFO - Filling up the DagBag from /home/gmassoqueto/repos/apache-airflow-101/.venv/lib/python3.11/site-packages/airflow/example_dags/example_branch_labels.py
[2023-11-14T08:06:52.550-0300] {processor.py:839} INFO - DAG(s) dict_keys(['example_branch_labels']) retrieved from /home/gmassoqueto/repos/apache-airflow-101/.venv/lib/python3.11/site-packages/airflow/example_dags/example_branch_labels.py
[2023-11-14T08:06:52.567-0300] {logging_mixin.py:154} INFO - [2023-11-14T08:06:52.567-0300] {dag.py:2941} INFO - Sync 1 DAGs
[2023-11-14T08:06:52.586-0300] {logging_mixin.py:154} INFO - [2023-11-14T08:06:52.585-0300] {dag.py:3722} INFO - Setting next_dagrun for example_branch_labels to 2023-11-13T00:00:00+00:00, run_after=2023-11-14T00:00:00+00:00
[2023-11-14T08:06:52.604-0300] {processor.py:179} INFO - Processing /home/gmassoqueto/repos/apache-airflow-101/.venv/lib/python3.11/site-packages/airflow/example_dags/example_branch_labels.py took 0.087 seconds
[2023-11-14T08:07:40.495-0300] {processor.py:157} INFO - Started process (PID=289469) to work on /home/gmassoqueto/repos/apache-airflow-101/.venv/lib/python3.11/site-packages/airflow/example_dags/example_branch_labels.py
[2023-11-14T08:07:40.500-0300] {processor.py:829} INFO - Processing file /home/gmassoqueto/repos/apache-airflow-101/.venv/lib/python3.11/site-packages/airflow/example_dags/example_branch_labels.py for tasks to queue
[2023-11-14T08:07:40.502-0300] {logging_mixin.py:154} INFO - [2023-11-14T08:07:40.501-0300] {dagbag.py:536} INFO - Filling up the DagBag from /home/gmassoqueto/repos/apache-airflow-101/.venv/lib/python3.11/site-packages/airflow/example_dags/example_branch_labels.py
[2023-11-14T08:07:40.525-0300] {processor.py:839} INFO - DAG(s) dict_keys(['example_branch_labels']) retrieved from /home/gmassoqueto/repos/apache-airflow-101/.venv/lib/python3.11/site-packages/airflow/example_dags/example_branch_labels.py
[2023-11-14T08:07:40.545-0300] {logging_mixin.py:154} INFO - [2023-11-14T08:07:40.545-0300] {dag.py:2941} INFO - Sync 1 DAGs
[2023-11-14T08:07:40.563-0300] {logging_mixin.py:154} INFO - [2023-11-14T08:07:40.563-0300] {dag.py:3722} INFO - Setting next_dagrun for example_branch_labels to 2023-11-13T00:00:00+00:00, run_after=2023-11-14T00:00:00+00:00
[2023-11-14T08:07:40.581-0300] {processor.py:179} INFO - Processing /home/gmassoqueto/repos/apache-airflow-101/.venv/lib/python3.11/site-packages/airflow/example_dags/example_branch_labels.py took 0.088 seconds
[2023-11-14T08:08:44.135-0300] {processor.py:157} INFO - Started process (PID=289916) to work on /home/gmassoqueto/repos/apache-airflow-101/.venv/lib/python3.11/site-packages/airflow/example_dags/example_branch_labels.py
[2023-11-14T08:08:44.137-0300] {processor.py:829} INFO - Processing file /home/gmassoqueto/repos/apache-airflow-101/.venv/lib/python3.11/site-packages/airflow/example_dags/example_branch_labels.py for tasks to queue
[2023-11-14T08:08:44.138-0300] {logging_mixin.py:154} INFO - [2023-11-14T08:08:44.137-0300] {dagbag.py:536} INFO - Filling up the DagBag from /home/gmassoqueto/repos/apache-airflow-101/.venv/lib/python3.11/site-packages/airflow/example_dags/example_branch_labels.py
[2023-11-14T08:08:44.149-0300] {processor.py:839} INFO - DAG(s) dict_keys(['example_branch_labels']) retrieved from /home/gmassoqueto/repos/apache-airflow-101/.venv/lib/python3.11/site-packages/airflow/example_dags/example_branch_labels.py
[2023-11-14T08:08:44.170-0300] {logging_mixin.py:154} INFO - [2023-11-14T08:08:44.170-0300] {dag.py:2941} INFO - Sync 1 DAGs
[2023-11-14T08:08:44.183-0300] {logging_mixin.py:154} INFO - [2023-11-14T08:08:44.182-0300] {dag.py:2963} INFO - Creating ORM DAG for example_branch_labels
[2023-11-14T08:08:44.195-0300] {logging_mixin.py:154} INFO - [2023-11-14T08:08:44.195-0300] {dag.py:3722} INFO - Setting next_dagrun for example_branch_labels to 2023-11-13T00:00:00+00:00, run_after=2023-11-14T00:00:00+00:00
[2023-11-14T08:08:44.218-0300] {processor.py:179} INFO - Processing /home/gmassoqueto/repos/apache-airflow-101/.venv/lib/python3.11/site-packages/airflow/example_dags/example_branch_labels.py took 0.087 seconds
[2023-11-14T08:10:26.607-0300] {processor.py:157} INFO - Started process (PID=290981) to work on /home/gmassoqueto/repos/apache-airflow-101/.venv/lib/python3.11/site-packages/airflow/example_dags/example_branch_labels.py
[2023-11-14T08:10:26.608-0300] {processor.py:829} INFO - Processing file /home/gmassoqueto/repos/apache-airflow-101/.venv/lib/python3.11/site-packages/airflow/example_dags/example_branch_labels.py for tasks to queue
[2023-11-14T08:10:26.609-0300] {logging_mixin.py:154} INFO - [2023-11-14T08:10:26.608-0300] {dagbag.py:536} INFO - Filling up the DagBag from /home/gmassoqueto/repos/apache-airflow-101/.venv/lib/python3.11/site-packages/airflow/example_dags/example_branch_labels.py
[2023-11-14T08:10:26.616-0300] {processor.py:839} INFO - DAG(s) dict_keys(['example_branch_labels']) retrieved from /home/gmassoqueto/repos/apache-airflow-101/.venv/lib/python3.11/site-packages/airflow/example_dags/example_branch_labels.py
[2023-11-14T08:10:26.632-0300] {logging_mixin.py:154} INFO - [2023-11-14T08:10:26.631-0300] {dag.py:2941} INFO - Sync 1 DAGs
[2023-11-14T08:10:26.648-0300] {logging_mixin.py:154} INFO - [2023-11-14T08:10:26.648-0300] {dag.py:3722} INFO - Setting next_dagrun for example_branch_labels to 2023-11-13T00:00:00+00:00, run_after=2023-11-14T00:00:00+00:00
[2023-11-14T08:10:26.662-0300] {processor.py:179} INFO - Processing /home/gmassoqueto/repos/apache-airflow-101/.venv/lib/python3.11/site-packages/airflow/example_dags/example_branch_labels.py took 0.057 seconds
[2023-11-14T08:11:20.665-0300] {processor.py:157} INFO - Started process (PID=291160) to work on /home/gmassoqueto/repos/apache-airflow-101/.venv/lib/python3.11/site-packages/airflow/example_dags/example_branch_labels.py
[2023-11-14T08:11:20.669-0300] {processor.py:829} INFO - Processing file /home/gmassoqueto/repos/apache-airflow-101/.venv/lib/python3.11/site-packages/airflow/example_dags/example_branch_labels.py for tasks to queue
[2023-11-14T08:11:20.669-0300] {logging_mixin.py:154} INFO - [2023-11-14T08:11:20.669-0300] {dagbag.py:536} INFO - Filling up the DagBag from /home/gmassoqueto/repos/apache-airflow-101/.venv/lib/python3.11/site-packages/airflow/example_dags/example_branch_labels.py
[2023-11-14T08:11:20.676-0300] {processor.py:839} INFO - DAG(s) dict_keys(['example_branch_labels']) retrieved from /home/gmassoqueto/repos/apache-airflow-101/.venv/lib/python3.11/site-packages/airflow/example_dags/example_branch_labels.py
[2023-11-14T08:11:20.689-0300] {logging_mixin.py:154} INFO - [2023-11-14T08:11:20.688-0300] {dag.py:2941} INFO - Sync 1 DAGs
[2023-11-14T08:11:20.704-0300] {logging_mixin.py:154} INFO - [2023-11-14T08:11:20.704-0300] {dag.py:3722} INFO - Setting next_dagrun for example_branch_labels to 2023-11-13T00:00:00+00:00, run_after=2023-11-14T00:00:00+00:00
[2023-11-14T08:11:20.720-0300] {processor.py:179} INFO - Processing /home/gmassoqueto/repos/apache-airflow-101/.venv/lib/python3.11/site-packages/airflow/example_dags/example_branch_labels.py took 0.057 seconds
[2023-11-14T08:12:06.051-0300] {processor.py:157} INFO - Started process (PID=291292) to work on /home/gmassoqueto/repos/apache-airflow-101/.venv/lib/python3.11/site-packages/airflow/example_dags/example_branch_labels.py
[2023-11-14T08:12:06.052-0300] {processor.py:829} INFO - Processing file /home/gmassoqueto/repos/apache-airflow-101/.venv/lib/python3.11/site-packages/airflow/example_dags/example_branch_labels.py for tasks to queue
[2023-11-14T08:12:06.052-0300] {logging_mixin.py:154} INFO - [2023-11-14T08:12:06.052-0300] {dagbag.py:536} INFO - Filling up the DagBag from /home/gmassoqueto/repos/apache-airflow-101/.venv/lib/python3.11/site-packages/airflow/example_dags/example_branch_labels.py
[2023-11-14T08:12:06.057-0300] {processor.py:839} INFO - DAG(s) dict_keys(['example_branch_labels']) retrieved from /home/gmassoqueto/repos/apache-airflow-101/.venv/lib/python3.11/site-packages/airflow/example_dags/example_branch_labels.py
[2023-11-14T08:12:06.068-0300] {logging_mixin.py:154} INFO - [2023-11-14T08:12:06.067-0300] {dag.py:2941} INFO - Sync 1 DAGs
[2023-11-14T08:12:06.082-0300] {logging_mixin.py:154} INFO - [2023-11-14T08:12:06.081-0300] {dag.py:3722} INFO - Setting next_dagrun for example_branch_labels to 2023-11-13T00:00:00+00:00, run_after=2023-11-14T00:00:00+00:00
[2023-11-14T08:12:06.096-0300] {processor.py:179} INFO - Processing /home/gmassoqueto/repos/apache-airflow-101/.venv/lib/python3.11/site-packages/airflow/example_dags/example_branch_labels.py took 0.047 seconds
[2023-11-14T08:12:52.441-0300] {processor.py:157} INFO - Started process (PID=291563) to work on /home/gmassoqueto/repos/apache-airflow-101/.venv/lib/python3.11/site-packages/airflow/example_dags/example_branch_labels.py
[2023-11-14T08:12:52.443-0300] {processor.py:829} INFO - Processing file /home/gmassoqueto/repos/apache-airflow-101/.venv/lib/python3.11/site-packages/airflow/example_dags/example_branch_labels.py for tasks to queue
[2023-11-14T08:12:52.444-0300] {logging_mixin.py:154} INFO - [2023-11-14T08:12:52.444-0300] {dagbag.py:536} INFO - Filling up the DagBag from /home/gmassoqueto/repos/apache-airflow-101/.venv/lib/python3.11/site-packages/airflow/example_dags/example_branch_labels.py
[2023-11-14T08:12:52.460-0300] {processor.py:839} INFO - DAG(s) dict_keys(['example_branch_labels']) retrieved from /home/gmassoqueto/repos/apache-airflow-101/.venv/lib/python3.11/site-packages/airflow/example_dags/example_branch_labels.py
[2023-11-14T08:12:52.481-0300] {logging_mixin.py:154} INFO - [2023-11-14T08:12:52.481-0300] {dag.py:2941} INFO - Sync 1 DAGs
[2023-11-14T08:12:52.498-0300] {logging_mixin.py:154} INFO - [2023-11-14T08:12:52.498-0300] {dag.py:3722} INFO - Setting next_dagrun for example_branch_labels to 2023-11-13T00:00:00+00:00, run_after=2023-11-14T00:00:00+00:00
[2023-11-14T08:12:52.512-0300] {processor.py:179} INFO - Processing /home/gmassoqueto/repos/apache-airflow-101/.venv/lib/python3.11/site-packages/airflow/example_dags/example_branch_labels.py took 0.075 seconds
[2023-11-14T08:13:40.056-0300] {processor.py:157} INFO - Started process (PID=291649) to work on /home/gmassoqueto/repos/apache-airflow-101/.venv/lib/python3.11/site-packages/airflow/example_dags/example_branch_labels.py
[2023-11-14T08:13:40.058-0300] {processor.py:829} INFO - Processing file /home/gmassoqueto/repos/apache-airflow-101/.venv/lib/python3.11/site-packages/airflow/example_dags/example_branch_labels.py for tasks to queue
[2023-11-14T08:13:40.061-0300] {logging_mixin.py:154} INFO - [2023-11-14T08:13:40.060-0300] {dagbag.py:536} INFO - Filling up the DagBag from /home/gmassoqueto/repos/apache-airflow-101/.venv/lib/python3.11/site-packages/airflow/example_dags/example_branch_labels.py
[2023-11-14T08:13:40.077-0300] {processor.py:839} INFO - DAG(s) dict_keys(['example_branch_labels']) retrieved from /home/gmassoqueto/repos/apache-airflow-101/.venv/lib/python3.11/site-packages/airflow/example_dags/example_branch_labels.py
[2023-11-14T08:13:40.094-0300] {logging_mixin.py:154} INFO - [2023-11-14T08:13:40.094-0300] {dag.py:2941} INFO - Sync 1 DAGs
[2023-11-14T08:13:40.110-0300] {logging_mixin.py:154} INFO - [2023-11-14T08:13:40.110-0300] {dag.py:3722} INFO - Setting next_dagrun for example_branch_labels to 2023-11-13T00:00:00+00:00, run_after=2023-11-14T00:00:00+00:00
[2023-11-14T08:13:40.126-0300] {processor.py:179} INFO - Processing /home/gmassoqueto/repos/apache-airflow-101/.venv/lib/python3.11/site-packages/airflow/example_dags/example_branch_labels.py took 0.078 seconds
[2023-11-14T08:14:27.758-0300] {processor.py:157} INFO - Started process (PID=291752) to work on /home/gmassoqueto/repos/apache-airflow-101/.venv/lib/python3.11/site-packages/airflow/example_dags/example_branch_labels.py
[2023-11-14T08:14:27.761-0300] {processor.py:829} INFO - Processing file /home/gmassoqueto/repos/apache-airflow-101/.venv/lib/python3.11/site-packages/airflow/example_dags/example_branch_labels.py for tasks to queue
[2023-11-14T08:14:27.762-0300] {logging_mixin.py:154} INFO - [2023-11-14T08:14:27.762-0300] {dagbag.py:536} INFO - Filling up the DagBag from /home/gmassoqueto/repos/apache-airflow-101/.venv/lib/python3.11/site-packages/airflow/example_dags/example_branch_labels.py
[2023-11-14T08:14:27.770-0300] {processor.py:839} INFO - DAG(s) dict_keys(['example_branch_labels']) retrieved from /home/gmassoqueto/repos/apache-airflow-101/.venv/lib/python3.11/site-packages/airflow/example_dags/example_branch_labels.py
[2023-11-14T08:14:27.788-0300] {logging_mixin.py:154} INFO - [2023-11-14T08:14:27.788-0300] {dag.py:2941} INFO - Sync 1 DAGs
[2023-11-14T08:14:27.806-0300] {logging_mixin.py:154} INFO - [2023-11-14T08:14:27.806-0300] {dag.py:3722} INFO - Setting next_dagrun for example_branch_labels to 2023-11-13T00:00:00+00:00, run_after=2023-11-14T00:00:00+00:00
[2023-11-14T08:14:27.822-0300] {processor.py:179} INFO - Processing /home/gmassoqueto/repos/apache-airflow-101/.venv/lib/python3.11/site-packages/airflow/example_dags/example_branch_labels.py took 0.067 seconds
[2023-11-14T08:15:14.907-0300] {processor.py:157} INFO - Started process (PID=291897) to work on /home/gmassoqueto/repos/apache-airflow-101/.venv/lib/python3.11/site-packages/airflow/example_dags/example_branch_labels.py
[2023-11-14T08:15:14.910-0300] {processor.py:829} INFO - Processing file /home/gmassoqueto/repos/apache-airflow-101/.venv/lib/python3.11/site-packages/airflow/example_dags/example_branch_labels.py for tasks to queue
[2023-11-14T08:15:14.911-0300] {logging_mixin.py:154} INFO - [2023-11-14T08:15:14.911-0300] {dagbag.py:536} INFO - Filling up the DagBag from /home/gmassoqueto/repos/apache-airflow-101/.venv/lib/python3.11/site-packages/airflow/example_dags/example_branch_labels.py
[2023-11-14T08:15:14.919-0300] {processor.py:839} INFO - DAG(s) dict_keys(['example_branch_labels']) retrieved from /home/gmassoqueto/repos/apache-airflow-101/.venv/lib/python3.11/site-packages/airflow/example_dags/example_branch_labels.py
[2023-11-14T08:15:14.935-0300] {logging_mixin.py:154} INFO - [2023-11-14T08:15:14.935-0300] {dag.py:2941} INFO - Sync 1 DAGs
[2023-11-14T08:15:14.951-0300] {logging_mixin.py:154} INFO - [2023-11-14T08:15:14.951-0300] {dag.py:3722} INFO - Setting next_dagrun for example_branch_labels to 2023-11-13T00:00:00+00:00, run_after=2023-11-14T00:00:00+00:00
[2023-11-14T08:15:14.979-0300] {processor.py:179} INFO - Processing /home/gmassoqueto/repos/apache-airflow-101/.venv/lib/python3.11/site-packages/airflow/example_dags/example_branch_labels.py took 0.074 seconds
[2023-11-14T08:16:02.481-0300] {processor.py:157} INFO - Started process (PID=291982) to work on /home/gmassoqueto/repos/apache-airflow-101/.venv/lib/python3.11/site-packages/airflow/example_dags/example_branch_labels.py
[2023-11-14T08:16:02.485-0300] {processor.py:829} INFO - Processing file /home/gmassoqueto/repos/apache-airflow-101/.venv/lib/python3.11/site-packages/airflow/example_dags/example_branch_labels.py for tasks to queue
[2023-11-14T08:16:02.486-0300] {logging_mixin.py:154} INFO - [2023-11-14T08:16:02.485-0300] {dagbag.py:536} INFO - Filling up the DagBag from /home/gmassoqueto/repos/apache-airflow-101/.venv/lib/python3.11/site-packages/airflow/example_dags/example_branch_labels.py
[2023-11-14T08:16:02.494-0300] {processor.py:839} INFO - DAG(s) dict_keys(['example_branch_labels']) retrieved from /home/gmassoqueto/repos/apache-airflow-101/.venv/lib/python3.11/site-packages/airflow/example_dags/example_branch_labels.py
[2023-11-14T08:16:02.511-0300] {logging_mixin.py:154} INFO - [2023-11-14T08:16:02.510-0300] {dag.py:2941} INFO - Sync 1 DAGs
[2023-11-14T08:16:02.529-0300] {logging_mixin.py:154} INFO - [2023-11-14T08:16:02.529-0300] {dag.py:3722} INFO - Setting next_dagrun for example_branch_labels to 2023-11-13T00:00:00+00:00, run_after=2023-11-14T00:00:00+00:00
[2023-11-14T08:16:02.545-0300] {processor.py:179} INFO - Processing /home/gmassoqueto/repos/apache-airflow-101/.venv/lib/python3.11/site-packages/airflow/example_dags/example_branch_labels.py took 0.067 seconds
[2023-11-14T08:16:52.215-0300] {processor.py:157} INFO - Started process (PID=292066) to work on /home/gmassoqueto/repos/apache-airflow-101/.venv/lib/python3.11/site-packages/airflow/example_dags/example_branch_labels.py
[2023-11-14T08:16:52.219-0300] {processor.py:829} INFO - Processing file /home/gmassoqueto/repos/apache-airflow-101/.venv/lib/python3.11/site-packages/airflow/example_dags/example_branch_labels.py for tasks to queue
[2023-11-14T08:16:52.220-0300] {logging_mixin.py:154} INFO - [2023-11-14T08:16:52.220-0300] {dagbag.py:536} INFO - Filling up the DagBag from /home/gmassoqueto/repos/apache-airflow-101/.venv/lib/python3.11/site-packages/airflow/example_dags/example_branch_labels.py
[2023-11-14T08:16:52.228-0300] {processor.py:839} INFO - DAG(s) dict_keys(['example_branch_labels']) retrieved from /home/gmassoqueto/repos/apache-airflow-101/.venv/lib/python3.11/site-packages/airflow/example_dags/example_branch_labels.py
[2023-11-14T08:16:52.248-0300] {logging_mixin.py:154} INFO - [2023-11-14T08:16:52.248-0300] {dag.py:2941} INFO - Sync 1 DAGs
[2023-11-14T08:16:52.267-0300] {logging_mixin.py:154} INFO - [2023-11-14T08:16:52.267-0300] {dag.py:3722} INFO - Setting next_dagrun for example_branch_labels to 2023-11-13T00:00:00+00:00, run_after=2023-11-14T00:00:00+00:00
[2023-11-14T08:16:52.284-0300] {processor.py:179} INFO - Processing /home/gmassoqueto/repos/apache-airflow-101/.venv/lib/python3.11/site-packages/airflow/example_dags/example_branch_labels.py took 0.071 seconds
[2023-11-14T08:17:41.930-0300] {processor.py:157} INFO - Started process (PID=292165) to work on /home/gmassoqueto/repos/apache-airflow-101/.venv/lib/python3.11/site-packages/airflow/example_dags/example_branch_labels.py
[2023-11-14T08:17:41.934-0300] {processor.py:829} INFO - Processing file /home/gmassoqueto/repos/apache-airflow-101/.venv/lib/python3.11/site-packages/airflow/example_dags/example_branch_labels.py for tasks to queue
[2023-11-14T08:17:41.935-0300] {logging_mixin.py:154} INFO - [2023-11-14T08:17:41.934-0300] {dagbag.py:536} INFO - Filling up the DagBag from /home/gmassoqueto/repos/apache-airflow-101/.venv/lib/python3.11/site-packages/airflow/example_dags/example_branch_labels.py
[2023-11-14T08:17:41.946-0300] {processor.py:839} INFO - DAG(s) dict_keys(['example_branch_labels']) retrieved from /home/gmassoqueto/repos/apache-airflow-101/.venv/lib/python3.11/site-packages/airflow/example_dags/example_branch_labels.py
[2023-11-14T08:17:41.969-0300] {logging_mixin.py:154} INFO - [2023-11-14T08:17:41.969-0300] {dag.py:2941} INFO - Sync 1 DAGs
[2023-11-14T08:17:41.988-0300] {logging_mixin.py:154} INFO - [2023-11-14T08:17:41.987-0300] {dag.py:3722} INFO - Setting next_dagrun for example_branch_labels to 2023-11-13T00:00:00+00:00, run_after=2023-11-14T00:00:00+00:00
[2023-11-14T08:17:42.003-0300] {processor.py:179} INFO - Processing /home/gmassoqueto/repos/apache-airflow-101/.venv/lib/python3.11/site-packages/airflow/example_dags/example_branch_labels.py took 0.076 seconds
