[2023-11-14T07:03:25.731-0300] {processor.py:157} INFO - Started process (PID=284732) to work on /home/gmassoqueto/repos/apache-airflow-101/.venv/lib/python3.11/site-packages/airflow/example_dags/example_trigger_controller_dag.py
[2023-11-14T07:03:25.732-0300] {processor.py:829} INFO - Processing file /home/gmassoqueto/repos/apache-airflow-101/.venv/lib/python3.11/site-packages/airflow/example_dags/example_trigger_controller_dag.py for tasks to queue
[2023-11-14T07:03:25.733-0300] {logging_mixin.py:154} INFO - [2023-11-14T07:03:25.732-0300] {dagbag.py:536} INFO - Filling up the DagBag from /home/gmassoqueto/repos/apache-airflow-101/.venv/lib/python3.11/site-packages/airflow/example_dags/example_trigger_controller_dag.py
[2023-11-14T07:03:25.738-0300] {processor.py:839} INFO - DAG(s) dict_keys(['example_trigger_controller_dag']) retrieved from /home/gmassoqueto/repos/apache-airflow-101/.venv/lib/python3.11/site-packages/airflow/example_dags/example_trigger_controller_dag.py
[2023-11-14T07:03:25.744-0300] {logging_mixin.py:154} INFO - [2023-11-14T07:03:25.744-0300] {dag.py:2941} INFO - Sync 1 DAGs
[2023-11-14T07:03:25.762-0300] {logging_mixin.py:154} INFO - [2023-11-14T07:03:25.762-0300] {dag.py:3722} INFO - Setting next_dagrun for example_trigger_controller_dag to 2021-01-01T00:00:00+00:00, run_after=2021-01-01T00:00:00+00:00
[2023-11-14T07:03:25.782-0300] {processor.py:179} INFO - Processing /home/gmassoqueto/repos/apache-airflow-101/.venv/lib/python3.11/site-packages/airflow/example_dags/example_trigger_controller_dag.py took 0.053 seconds
[2023-11-14T07:04:09.909-0300] {processor.py:157} INFO - Started process (PID=284838) to work on /home/gmassoqueto/repos/apache-airflow-101/.venv/lib/python3.11/site-packages/airflow/example_dags/example_trigger_controller_dag.py
[2023-11-14T07:04:09.914-0300] {processor.py:829} INFO - Processing file /home/gmassoqueto/repos/apache-airflow-101/.venv/lib/python3.11/site-packages/airflow/example_dags/example_trigger_controller_dag.py for tasks to queue
[2023-11-14T07:04:09.917-0300] {logging_mixin.py:154} INFO - [2023-11-14T07:04:09.916-0300] {dagbag.py:536} INFO - Filling up the DagBag from /home/gmassoqueto/repos/apache-airflow-101/.venv/lib/python3.11/site-packages/airflow/example_dags/example_trigger_controller_dag.py
[2023-11-14T07:04:09.927-0300] {processor.py:839} INFO - DAG(s) dict_keys(['example_trigger_controller_dag']) retrieved from /home/gmassoqueto/repos/apache-airflow-101/.venv/lib/python3.11/site-packages/airflow/example_dags/example_trigger_controller_dag.py
[2023-11-14T07:04:09.948-0300] {logging_mixin.py:154} INFO - [2023-11-14T07:04:09.948-0300] {dag.py:2941} INFO - Sync 1 DAGs
[2023-11-14T07:04:09.965-0300] {logging_mixin.py:154} INFO - [2023-11-14T07:04:09.965-0300] {dag.py:3722} INFO - Setting next_dagrun for example_trigger_controller_dag to 2021-01-01T00:00:00+00:00, run_after=2021-01-01T00:00:00+00:00
[2023-11-14T07:04:09.994-0300] {processor.py:179} INFO - Processing /home/gmassoqueto/repos/apache-airflow-101/.venv/lib/python3.11/site-packages/airflow/example_dags/example_trigger_controller_dag.py took 0.093 seconds
[2023-11-14T07:55:41.534-0300] {processor.py:157} INFO - Started process (PID=286751) to work on /home/gmassoqueto/repos/apache-airflow-101/.venv/lib/python3.11/site-packages/airflow/example_dags/example_trigger_controller_dag.py
[2023-11-14T07:55:41.538-0300] {processor.py:829} INFO - Processing file /home/gmassoqueto/repos/apache-airflow-101/.venv/lib/python3.11/site-packages/airflow/example_dags/example_trigger_controller_dag.py for tasks to queue
[2023-11-14T07:55:41.539-0300] {logging_mixin.py:154} INFO - [2023-11-14T07:55:41.539-0300] {dagbag.py:536} INFO - Filling up the DagBag from /home/gmassoqueto/repos/apache-airflow-101/.venv/lib/python3.11/site-packages/airflow/example_dags/example_trigger_controller_dag.py
[2023-11-14T07:55:41.548-0300] {processor.py:839} INFO - DAG(s) dict_keys(['example_trigger_controller_dag']) retrieved from /home/gmassoqueto/repos/apache-airflow-101/.venv/lib/python3.11/site-packages/airflow/example_dags/example_trigger_controller_dag.py
[2023-11-14T07:55:41.558-0300] {logging_mixin.py:154} INFO - [2023-11-14T07:55:41.557-0300] {dag.py:2941} INFO - Sync 1 DAGs
[2023-11-14T07:55:41.581-0300] {logging_mixin.py:154} INFO - [2023-11-14T07:55:41.581-0300] {dag.py:3722} INFO - Setting next_dagrun for example_trigger_controller_dag to 2021-01-01T00:00:00+00:00, run_after=2021-01-01T00:00:00+00:00
[2023-11-14T07:55:41.598-0300] {processor.py:179} INFO - Processing /home/gmassoqueto/repos/apache-airflow-101/.venv/lib/python3.11/site-packages/airflow/example_dags/example_trigger_controller_dag.py took 0.067 seconds
[2023-11-14T07:57:20.080-0300] {processor.py:157} INFO - Started process (PID=287183) to work on /home/gmassoqueto/repos/apache-airflow-101/.venv/lib/python3.11/site-packages/airflow/example_dags/example_trigger_controller_dag.py
[2023-11-14T07:57:20.084-0300] {processor.py:829} INFO - Processing file /home/gmassoqueto/repos/apache-airflow-101/.venv/lib/python3.11/site-packages/airflow/example_dags/example_trigger_controller_dag.py for tasks to queue
[2023-11-14T07:57:20.086-0300] {logging_mixin.py:154} INFO - [2023-11-14T07:57:20.085-0300] {dagbag.py:536} INFO - Filling up the DagBag from /home/gmassoqueto/repos/apache-airflow-101/.venv/lib/python3.11/site-packages/airflow/example_dags/example_trigger_controller_dag.py
[2023-11-14T07:57:20.104-0300] {processor.py:839} INFO - DAG(s) dict_keys(['example_trigger_controller_dag']) retrieved from /home/gmassoqueto/repos/apache-airflow-101/.venv/lib/python3.11/site-packages/airflow/example_dags/example_trigger_controller_dag.py
[2023-11-14T07:57:20.115-0300] {logging_mixin.py:154} INFO - [2023-11-14T07:57:20.114-0300] {dag.py:2941} INFO - Sync 1 DAGs
[2023-11-14T07:57:20.135-0300] {logging_mixin.py:154} INFO - [2023-11-14T07:57:20.135-0300] {dag.py:3722} INFO - Setting next_dagrun for example_trigger_controller_dag to 2021-01-01T00:00:00+00:00, run_after=2021-01-01T00:00:00+00:00
[2023-11-14T07:57:20.153-0300] {processor.py:179} INFO - Processing /home/gmassoqueto/repos/apache-airflow-101/.venv/lib/python3.11/site-packages/airflow/example_dags/example_trigger_controller_dag.py took 0.077 seconds
[2023-11-14T07:58:06.113-0300] {processor.py:157} INFO - Started process (PID=287380) to work on /home/gmassoqueto/repos/apache-airflow-101/.venv/lib/python3.11/site-packages/airflow/example_dags/example_trigger_controller_dag.py
[2023-11-14T07:58:06.117-0300] {processor.py:829} INFO - Processing file /home/gmassoqueto/repos/apache-airflow-101/.venv/lib/python3.11/site-packages/airflow/example_dags/example_trigger_controller_dag.py for tasks to queue
[2023-11-14T07:58:06.120-0300] {logging_mixin.py:154} INFO - [2023-11-14T07:58:06.119-0300] {dagbag.py:536} INFO - Filling up the DagBag from /home/gmassoqueto/repos/apache-airflow-101/.venv/lib/python3.11/site-packages/airflow/example_dags/example_trigger_controller_dag.py
[2023-11-14T07:58:06.131-0300] {processor.py:839} INFO - DAG(s) dict_keys(['example_trigger_controller_dag']) retrieved from /home/gmassoqueto/repos/apache-airflow-101/.venv/lib/python3.11/site-packages/airflow/example_dags/example_trigger_controller_dag.py
[2023-11-14T07:58:06.160-0300] {logging_mixin.py:154} INFO - [2023-11-14T07:58:06.159-0300] {dag.py:2941} INFO - Sync 1 DAGs
[2023-11-14T07:58:06.177-0300] {logging_mixin.py:154} INFO - [2023-11-14T07:58:06.177-0300] {dag.py:3722} INFO - Setting next_dagrun for example_trigger_controller_dag to 2021-01-01T00:00:00+00:00, run_after=2021-01-01T00:00:00+00:00
[2023-11-14T07:58:06.194-0300] {processor.py:179} INFO - Processing /home/gmassoqueto/repos/apache-airflow-101/.venv/lib/python3.11/site-packages/airflow/example_dags/example_trigger_controller_dag.py took 0.084 seconds
[2023-11-14T07:58:50.226-0300] {processor.py:157} INFO - Started process (PID=287534) to work on /home/gmassoqueto/repos/apache-airflow-101/.venv/lib/python3.11/site-packages/airflow/example_dags/example_trigger_controller_dag.py
[2023-11-14T07:58:50.230-0300] {processor.py:829} INFO - Processing file /home/gmassoqueto/repos/apache-airflow-101/.venv/lib/python3.11/site-packages/airflow/example_dags/example_trigger_controller_dag.py for tasks to queue
[2023-11-14T07:58:50.231-0300] {logging_mixin.py:154} INFO - [2023-11-14T07:58:50.230-0300] {dagbag.py:536} INFO - Filling up the DagBag from /home/gmassoqueto/repos/apache-airflow-101/.venv/lib/python3.11/site-packages/airflow/example_dags/example_trigger_controller_dag.py
[2023-11-14T07:58:50.237-0300] {processor.py:839} INFO - DAG(s) dict_keys(['example_trigger_controller_dag']) retrieved from /home/gmassoqueto/repos/apache-airflow-101/.venv/lib/python3.11/site-packages/airflow/example_dags/example_trigger_controller_dag.py
[2023-11-14T07:58:50.262-0300] {logging_mixin.py:154} INFO - [2023-11-14T07:58:50.262-0300] {dag.py:2941} INFO - Sync 1 DAGs
[2023-11-14T07:58:50.283-0300] {logging_mixin.py:154} INFO - [2023-11-14T07:58:50.283-0300] {dag.py:3722} INFO - Setting next_dagrun for example_trigger_controller_dag to 2021-01-01T00:00:00+00:00, run_after=2021-01-01T00:00:00+00:00
[2023-11-14T07:58:50.302-0300] {processor.py:179} INFO - Processing /home/gmassoqueto/repos/apache-airflow-101/.venv/lib/python3.11/site-packages/airflow/example_dags/example_trigger_controller_dag.py took 0.079 seconds
[2023-11-14T07:59:38.077-0300] {processor.py:157} INFO - Started process (PID=287633) to work on /home/gmassoqueto/repos/apache-airflow-101/.venv/lib/python3.11/site-packages/airflow/example_dags/example_trigger_controller_dag.py
[2023-11-14T07:59:38.082-0300] {processor.py:829} INFO - Processing file /home/gmassoqueto/repos/apache-airflow-101/.venv/lib/python3.11/site-packages/airflow/example_dags/example_trigger_controller_dag.py for tasks to queue
[2023-11-14T07:59:38.085-0300] {logging_mixin.py:154} INFO - [2023-11-14T07:59:38.084-0300] {dagbag.py:536} INFO - Filling up the DagBag from /home/gmassoqueto/repos/apache-airflow-101/.venv/lib/python3.11/site-packages/airflow/example_dags/example_trigger_controller_dag.py
[2023-11-14T07:59:38.101-0300] {processor.py:839} INFO - DAG(s) dict_keys(['example_trigger_controller_dag']) retrieved from /home/gmassoqueto/repos/apache-airflow-101/.venv/lib/python3.11/site-packages/airflow/example_dags/example_trigger_controller_dag.py
[2023-11-14T07:59:38.123-0300] {logging_mixin.py:154} INFO - [2023-11-14T07:59:38.123-0300] {dag.py:2941} INFO - Sync 1 DAGs
[2023-11-14T07:59:38.141-0300] {logging_mixin.py:154} INFO - [2023-11-14T07:59:38.141-0300] {dag.py:3722} INFO - Setting next_dagrun for example_trigger_controller_dag to 2021-01-01T00:00:00+00:00, run_after=2021-01-01T00:00:00+00:00
[2023-11-14T07:59:38.161-0300] {processor.py:179} INFO - Processing /home/gmassoqueto/repos/apache-airflow-101/.venv/lib/python3.11/site-packages/airflow/example_dags/example_trigger_controller_dag.py took 0.093 seconds
[2023-11-14T08:00:14.650-0300] {processor.py:157} INFO - Started process (PID=287719) to work on /home/gmassoqueto/repos/apache-airflow-101/.venv/lib/python3.11/site-packages/airflow/example_dags/example_trigger_controller_dag.py
[2023-11-14T08:00:14.654-0300] {processor.py:829} INFO - Processing file /home/gmassoqueto/repos/apache-airflow-101/.venv/lib/python3.11/site-packages/airflow/example_dags/example_trigger_controller_dag.py for tasks to queue
[2023-11-14T08:00:14.655-0300] {logging_mixin.py:154} INFO - [2023-11-14T08:00:14.655-0300] {dagbag.py:536} INFO - Filling up the DagBag from /home/gmassoqueto/repos/apache-airflow-101/.venv/lib/python3.11/site-packages/airflow/example_dags/example_trigger_controller_dag.py
[2023-11-14T08:00:14.660-0300] {processor.py:839} INFO - DAG(s) dict_keys(['example_trigger_controller_dag']) retrieved from /home/gmassoqueto/repos/apache-airflow-101/.venv/lib/python3.11/site-packages/airflow/example_dags/example_trigger_controller_dag.py
[2023-11-14T08:00:14.678-0300] {logging_mixin.py:154} INFO - [2023-11-14T08:00:14.678-0300] {dag.py:2941} INFO - Sync 1 DAGs
[2023-11-14T08:00:14.694-0300] {logging_mixin.py:154} INFO - [2023-11-14T08:00:14.694-0300] {dag.py:3722} INFO - Setting next_dagrun for example_trigger_controller_dag to 2021-01-01T00:00:00+00:00, run_after=2021-01-01T00:00:00+00:00
[2023-11-14T08:00:14.711-0300] {processor.py:179} INFO - Processing /home/gmassoqueto/repos/apache-airflow-101/.venv/lib/python3.11/site-packages/airflow/example_dags/example_trigger_controller_dag.py took 0.065 seconds
[2023-11-14T08:01:04.372-0300] {processor.py:157} INFO - Started process (PID=287921) to work on /home/gmassoqueto/repos/apache-airflow-101/.venv/lib/python3.11/site-packages/airflow/example_dags/example_trigger_controller_dag.py
[2023-11-14T08:01:04.376-0300] {processor.py:829} INFO - Processing file /home/gmassoqueto/repos/apache-airflow-101/.venv/lib/python3.11/site-packages/airflow/example_dags/example_trigger_controller_dag.py for tasks to queue
[2023-11-14T08:01:04.378-0300] {logging_mixin.py:154} INFO - [2023-11-14T08:01:04.377-0300] {dagbag.py:536} INFO - Filling up the DagBag from /home/gmassoqueto/repos/apache-airflow-101/.venv/lib/python3.11/site-packages/airflow/example_dags/example_trigger_controller_dag.py
[2023-11-14T08:01:04.385-0300] {processor.py:839} INFO - DAG(s) dict_keys(['example_trigger_controller_dag']) retrieved from /home/gmassoqueto/repos/apache-airflow-101/.venv/lib/python3.11/site-packages/airflow/example_dags/example_trigger_controller_dag.py
[2023-11-14T08:01:04.406-0300] {logging_mixin.py:154} INFO - [2023-11-14T08:01:04.405-0300] {dag.py:2941} INFO - Sync 1 DAGs
[2023-11-14T08:01:04.424-0300] {logging_mixin.py:154} INFO - [2023-11-14T08:01:04.424-0300] {dag.py:3722} INFO - Setting next_dagrun for example_trigger_controller_dag to 2021-01-01T00:00:00+00:00, run_after=2021-01-01T00:00:00+00:00
[2023-11-14T08:01:04.445-0300] {processor.py:179} INFO - Processing /home/gmassoqueto/repos/apache-airflow-101/.venv/lib/python3.11/site-packages/airflow/example_dags/example_trigger_controller_dag.py took 0.077 seconds
[2023-11-14T08:01:51.270-0300] {processor.py:157} INFO - Started process (PID=288066) to work on /home/gmassoqueto/repos/apache-airflow-101/.venv/lib/python3.11/site-packages/airflow/example_dags/example_trigger_controller_dag.py
[2023-11-14T08:01:51.274-0300] {processor.py:829} INFO - Processing file /home/gmassoqueto/repos/apache-airflow-101/.venv/lib/python3.11/site-packages/airflow/example_dags/example_trigger_controller_dag.py for tasks to queue
[2023-11-14T08:01:51.276-0300] {logging_mixin.py:154} INFO - [2023-11-14T08:01:51.275-0300] {dagbag.py:536} INFO - Filling up the DagBag from /home/gmassoqueto/repos/apache-airflow-101/.venv/lib/python3.11/site-packages/airflow/example_dags/example_trigger_controller_dag.py
[2023-11-14T08:01:51.288-0300] {processor.py:839} INFO - DAG(s) dict_keys(['example_trigger_controller_dag']) retrieved from /home/gmassoqueto/repos/apache-airflow-101/.venv/lib/python3.11/site-packages/airflow/example_dags/example_trigger_controller_dag.py
[2023-11-14T08:01:51.318-0300] {logging_mixin.py:154} INFO - [2023-11-14T08:01:51.317-0300] {dag.py:2941} INFO - Sync 1 DAGs
[2023-11-14T08:01:51.334-0300] {logging_mixin.py:154} INFO - [2023-11-14T08:01:51.334-0300] {dag.py:3722} INFO - Setting next_dagrun for example_trigger_controller_dag to 2021-01-01T00:00:00+00:00, run_after=2021-01-01T00:00:00+00:00
[2023-11-14T08:01:51.352-0300] {processor.py:179} INFO - Processing /home/gmassoqueto/repos/apache-airflow-101/.venv/lib/python3.11/site-packages/airflow/example_dags/example_trigger_controller_dag.py took 0.085 seconds
[2023-11-14T08:02:37.776-0300] {processor.py:157} INFO - Started process (PID=288197) to work on /home/gmassoqueto/repos/apache-airflow-101/.venv/lib/python3.11/site-packages/airflow/example_dags/example_trigger_controller_dag.py
[2023-11-14T08:02:37.780-0300] {processor.py:829} INFO - Processing file /home/gmassoqueto/repos/apache-airflow-101/.venv/lib/python3.11/site-packages/airflow/example_dags/example_trigger_controller_dag.py for tasks to queue
[2023-11-14T08:02:37.781-0300] {logging_mixin.py:154} INFO - [2023-11-14T08:02:37.780-0300] {dagbag.py:536} INFO - Filling up the DagBag from /home/gmassoqueto/repos/apache-airflow-101/.venv/lib/python3.11/site-packages/airflow/example_dags/example_trigger_controller_dag.py
[2023-11-14T08:02:37.786-0300] {processor.py:839} INFO - DAG(s) dict_keys(['example_trigger_controller_dag']) retrieved from /home/gmassoqueto/repos/apache-airflow-101/.venv/lib/python3.11/site-packages/airflow/example_dags/example_trigger_controller_dag.py
[2023-11-14T08:02:37.820-0300] {logging_mixin.py:154} INFO - [2023-11-14T08:02:37.820-0300] {dag.py:2941} INFO - Sync 1 DAGs
[2023-11-14T08:02:37.858-0300] {logging_mixin.py:154} INFO - [2023-11-14T08:02:37.858-0300] {dag.py:3722} INFO - Setting next_dagrun for example_trigger_controller_dag to 2021-01-01T00:00:00+00:00, run_after=2021-01-01T00:00:00+00:00
[2023-11-14T08:02:37.894-0300] {processor.py:179} INFO - Processing /home/gmassoqueto/repos/apache-airflow-101/.venv/lib/python3.11/site-packages/airflow/example_dags/example_trigger_controller_dag.py took 0.121 seconds
[2023-11-14T08:03:12.947-0300] {processor.py:157} INFO - Started process (PID=288378) to work on /home/gmassoqueto/repos/apache-airflow-101/.venv/lib/python3.11/site-packages/airflow/example_dags/example_trigger_controller_dag.py
[2023-11-14T08:03:12.951-0300] {processor.py:829} INFO - Processing file /home/gmassoqueto/repos/apache-airflow-101/.venv/lib/python3.11/site-packages/airflow/example_dags/example_trigger_controller_dag.py for tasks to queue
[2023-11-14T08:03:12.953-0300] {logging_mixin.py:154} INFO - [2023-11-14T08:03:12.952-0300] {dagbag.py:536} INFO - Filling up the DagBag from /home/gmassoqueto/repos/apache-airflow-101/.venv/lib/python3.11/site-packages/airflow/example_dags/example_trigger_controller_dag.py
[2023-11-14T08:03:12.962-0300] {processor.py:839} INFO - DAG(s) dict_keys(['example_trigger_controller_dag']) retrieved from /home/gmassoqueto/repos/apache-airflow-101/.venv/lib/python3.11/site-packages/airflow/example_dags/example_trigger_controller_dag.py
[2023-11-14T08:03:12.988-0300] {logging_mixin.py:154} INFO - [2023-11-14T08:03:12.988-0300] {dag.py:2941} INFO - Sync 1 DAGs
[2023-11-14T08:03:13.005-0300] {logging_mixin.py:154} INFO - [2023-11-14T08:03:13.005-0300] {dag.py:3722} INFO - Setting next_dagrun for example_trigger_controller_dag to 2021-01-01T00:00:00+00:00, run_after=2021-01-01T00:00:00+00:00
[2023-11-14T08:03:13.022-0300] {processor.py:179} INFO - Processing /home/gmassoqueto/repos/apache-airflow-101/.venv/lib/python3.11/site-packages/airflow/example_dags/example_trigger_controller_dag.py took 0.078 seconds
[2023-11-14T08:04:02.108-0300] {processor.py:157} INFO - Started process (PID=288791) to work on /home/gmassoqueto/repos/apache-airflow-101/.venv/lib/python3.11/site-packages/airflow/example_dags/example_trigger_controller_dag.py
[2023-11-14T08:04:02.113-0300] {processor.py:829} INFO - Processing file /home/gmassoqueto/repos/apache-airflow-101/.venv/lib/python3.11/site-packages/airflow/example_dags/example_trigger_controller_dag.py for tasks to queue
[2023-11-14T08:04:02.116-0300] {logging_mixin.py:154} INFO - [2023-11-14T08:04:02.115-0300] {dagbag.py:536} INFO - Filling up the DagBag from /home/gmassoqueto/repos/apache-airflow-101/.venv/lib/python3.11/site-packages/airflow/example_dags/example_trigger_controller_dag.py
[2023-11-14T08:04:02.127-0300] {processor.py:839} INFO - DAG(s) dict_keys(['example_trigger_controller_dag']) retrieved from /home/gmassoqueto/repos/apache-airflow-101/.venv/lib/python3.11/site-packages/airflow/example_dags/example_trigger_controller_dag.py
[2023-11-14T08:04:02.148-0300] {logging_mixin.py:154} INFO - [2023-11-14T08:04:02.148-0300] {dag.py:2941} INFO - Sync 1 DAGs
[2023-11-14T08:04:02.164-0300] {logging_mixin.py:154} INFO - [2023-11-14T08:04:02.164-0300] {dag.py:3722} INFO - Setting next_dagrun for example_trigger_controller_dag to 2021-01-01T00:00:00+00:00, run_after=2021-01-01T00:00:00+00:00
[2023-11-14T08:04:02.193-0300] {processor.py:179} INFO - Processing /home/gmassoqueto/repos/apache-airflow-101/.venv/lib/python3.11/site-packages/airflow/example_dags/example_trigger_controller_dag.py took 0.093 seconds
[2023-11-14T08:04:53.243-0300] {processor.py:157} INFO - Started process (PID=288972) to work on /home/gmassoqueto/repos/apache-airflow-101/.venv/lib/python3.11/site-packages/airflow/example_dags/example_trigger_controller_dag.py
[2023-11-14T08:04:53.248-0300] {processor.py:829} INFO - Processing file /home/gmassoqueto/repos/apache-airflow-101/.venv/lib/python3.11/site-packages/airflow/example_dags/example_trigger_controller_dag.py for tasks to queue
[2023-11-14T08:04:53.249-0300] {logging_mixin.py:154} INFO - [2023-11-14T08:04:53.248-0300] {dagbag.py:536} INFO - Filling up the DagBag from /home/gmassoqueto/repos/apache-airflow-101/.venv/lib/python3.11/site-packages/airflow/example_dags/example_trigger_controller_dag.py
[2023-11-14T08:04:53.257-0300] {processor.py:839} INFO - DAG(s) dict_keys(['example_trigger_controller_dag']) retrieved from /home/gmassoqueto/repos/apache-airflow-101/.venv/lib/python3.11/site-packages/airflow/example_dags/example_trigger_controller_dag.py
[2023-11-14T08:04:53.279-0300] {logging_mixin.py:154} INFO - [2023-11-14T08:04:53.279-0300] {dag.py:2941} INFO - Sync 1 DAGs
[2023-11-14T08:04:53.295-0300] {logging_mixin.py:154} INFO - [2023-11-14T08:04:53.295-0300] {dag.py:3722} INFO - Setting next_dagrun for example_trigger_controller_dag to 2021-01-01T00:00:00+00:00, run_after=2021-01-01T00:00:00+00:00
[2023-11-14T08:04:53.313-0300] {processor.py:179} INFO - Processing /home/gmassoqueto/repos/apache-airflow-101/.venv/lib/python3.11/site-packages/airflow/example_dags/example_trigger_controller_dag.py took 0.075 seconds
[2023-11-14T08:05:39.775-0300] {processor.py:157} INFO - Started process (PID=289071) to work on /home/gmassoqueto/repos/apache-airflow-101/.venv/lib/python3.11/site-packages/airflow/example_dags/example_trigger_controller_dag.py
[2023-11-14T08:05:39.781-0300] {processor.py:829} INFO - Processing file /home/gmassoqueto/repos/apache-airflow-101/.venv/lib/python3.11/site-packages/airflow/example_dags/example_trigger_controller_dag.py for tasks to queue
[2023-11-14T08:05:39.784-0300] {logging_mixin.py:154} INFO - [2023-11-14T08:05:39.783-0300] {dagbag.py:536} INFO - Filling up the DagBag from /home/gmassoqueto/repos/apache-airflow-101/.venv/lib/python3.11/site-packages/airflow/example_dags/example_trigger_controller_dag.py
[2023-11-14T08:05:39.797-0300] {processor.py:839} INFO - DAG(s) dict_keys(['example_trigger_controller_dag']) retrieved from /home/gmassoqueto/repos/apache-airflow-101/.venv/lib/python3.11/site-packages/airflow/example_dags/example_trigger_controller_dag.py
[2023-11-14T08:05:39.819-0300] {logging_mixin.py:154} INFO - [2023-11-14T08:05:39.819-0300] {dag.py:2941} INFO - Sync 1 DAGs
[2023-11-14T08:05:39.836-0300] {logging_mixin.py:154} INFO - [2023-11-14T08:05:39.836-0300] {dag.py:3722} INFO - Setting next_dagrun for example_trigger_controller_dag to 2021-01-01T00:00:00+00:00, run_after=2021-01-01T00:00:00+00:00
[2023-11-14T08:05:39.855-0300] {processor.py:179} INFO - Processing /home/gmassoqueto/repos/apache-airflow-101/.venv/lib/python3.11/site-packages/airflow/example_dags/example_trigger_controller_dag.py took 0.089 seconds
[2023-11-14T08:06:27.666-0300] {processor.py:157} INFO - Started process (PID=289209) to work on /home/gmassoqueto/repos/apache-airflow-101/.venv/lib/python3.11/site-packages/airflow/example_dags/example_trigger_controller_dag.py
[2023-11-14T08:06:27.670-0300] {processor.py:829} INFO - Processing file /home/gmassoqueto/repos/apache-airflow-101/.venv/lib/python3.11/site-packages/airflow/example_dags/example_trigger_controller_dag.py for tasks to queue
[2023-11-14T08:06:27.672-0300] {logging_mixin.py:154} INFO - [2023-11-14T08:06:27.671-0300] {dagbag.py:536} INFO - Filling up the DagBag from /home/gmassoqueto/repos/apache-airflow-101/.venv/lib/python3.11/site-packages/airflow/example_dags/example_trigger_controller_dag.py
[2023-11-14T08:06:27.679-0300] {processor.py:839} INFO - DAG(s) dict_keys(['example_trigger_controller_dag']) retrieved from /home/gmassoqueto/repos/apache-airflow-101/.venv/lib/python3.11/site-packages/airflow/example_dags/example_trigger_controller_dag.py
[2023-11-14T08:06:27.696-0300] {logging_mixin.py:154} INFO - [2023-11-14T08:06:27.696-0300] {dag.py:2941} INFO - Sync 1 DAGs
[2023-11-14T08:06:27.712-0300] {logging_mixin.py:154} INFO - [2023-11-14T08:06:27.712-0300] {dag.py:3722} INFO - Setting next_dagrun for example_trigger_controller_dag to 2021-01-01T00:00:00+00:00, run_after=2021-01-01T00:00:00+00:00
[2023-11-14T08:06:27.730-0300] {processor.py:179} INFO - Processing /home/gmassoqueto/repos/apache-airflow-101/.venv/lib/python3.11/site-packages/airflow/example_dags/example_trigger_controller_dag.py took 0.072 seconds
[2023-11-14T08:07:16.154-0300] {processor.py:157} INFO - Started process (PID=289364) to work on /home/gmassoqueto/repos/apache-airflow-101/.venv/lib/python3.11/site-packages/airflow/example_dags/example_trigger_controller_dag.py
[2023-11-14T08:07:16.159-0300] {processor.py:829} INFO - Processing file /home/gmassoqueto/repos/apache-airflow-101/.venv/lib/python3.11/site-packages/airflow/example_dags/example_trigger_controller_dag.py for tasks to queue
[2023-11-14T08:07:16.160-0300] {logging_mixin.py:154} INFO - [2023-11-14T08:07:16.160-0300] {dagbag.py:536} INFO - Filling up the DagBag from /home/gmassoqueto/repos/apache-airflow-101/.venv/lib/python3.11/site-packages/airflow/example_dags/example_trigger_controller_dag.py
[2023-11-14T08:07:16.168-0300] {processor.py:839} INFO - DAG(s) dict_keys(['example_trigger_controller_dag']) retrieved from /home/gmassoqueto/repos/apache-airflow-101/.venv/lib/python3.11/site-packages/airflow/example_dags/example_trigger_controller_dag.py
[2023-11-14T08:07:16.192-0300] {logging_mixin.py:154} INFO - [2023-11-14T08:07:16.192-0300] {dag.py:2941} INFO - Sync 1 DAGs
[2023-11-14T08:07:16.208-0300] {logging_mixin.py:154} INFO - [2023-11-14T08:07:16.208-0300] {dag.py:3722} INFO - Setting next_dagrun for example_trigger_controller_dag to 2021-01-01T00:00:00+00:00, run_after=2021-01-01T00:00:00+00:00
[2023-11-14T08:07:16.223-0300] {processor.py:179} INFO - Processing /home/gmassoqueto/repos/apache-airflow-101/.venv/lib/python3.11/site-packages/airflow/example_dags/example_trigger_controller_dag.py took 0.073 seconds
[2023-11-14T08:08:13.799-0300] {processor.py:157} INFO - Started process (PID=289709) to work on /home/gmassoqueto/repos/apache-airflow-101/.venv/lib/python3.11/site-packages/airflow/example_dags/example_trigger_controller_dag.py
[2023-11-14T08:08:13.803-0300] {processor.py:829} INFO - Processing file /home/gmassoqueto/repos/apache-airflow-101/.venv/lib/python3.11/site-packages/airflow/example_dags/example_trigger_controller_dag.py for tasks to queue
[2023-11-14T08:08:13.805-0300] {logging_mixin.py:154} INFO - [2023-11-14T08:08:13.804-0300] {dagbag.py:536} INFO - Filling up the DagBag from /home/gmassoqueto/repos/apache-airflow-101/.venv/lib/python3.11/site-packages/airflow/example_dags/example_trigger_controller_dag.py
[2023-11-14T08:08:13.815-0300] {processor.py:839} INFO - DAG(s) dict_keys(['example_trigger_controller_dag']) retrieved from /home/gmassoqueto/repos/apache-airflow-101/.venv/lib/python3.11/site-packages/airflow/example_dags/example_trigger_controller_dag.py
[2023-11-14T08:08:13.828-0300] {logging_mixin.py:154} INFO - [2023-11-14T08:08:13.828-0300] {dag.py:2941} INFO - Sync 1 DAGs
[2023-11-14T08:08:13.843-0300] {logging_mixin.py:154} INFO - [2023-11-14T08:08:13.842-0300] {dag.py:2963} INFO - Creating ORM DAG for example_trigger_controller_dag
[2023-11-14T08:08:13.851-0300] {logging_mixin.py:154} INFO - [2023-11-14T08:08:13.851-0300] {dag.py:3722} INFO - Setting next_dagrun for example_trigger_controller_dag to 2021-01-01T00:00:00+00:00, run_after=2021-01-01T00:00:00+00:00
[2023-11-14T08:08:13.868-0300] {processor.py:179} INFO - Processing /home/gmassoqueto/repos/apache-airflow-101/.venv/lib/python3.11/site-packages/airflow/example_dags/example_trigger_controller_dag.py took 0.074 seconds
[2023-11-14T08:09:53.611-0300] {processor.py:157} INFO - Started process (PID=290291) to work on /home/gmassoqueto/repos/apache-airflow-101/.venv/lib/python3.11/site-packages/airflow/example_dags/example_trigger_controller_dag.py
[2023-11-14T08:09:53.614-0300] {processor.py:829} INFO - Processing file /home/gmassoqueto/repos/apache-airflow-101/.venv/lib/python3.11/site-packages/airflow/example_dags/example_trigger_controller_dag.py for tasks to queue
[2023-11-14T08:09:53.615-0300] {logging_mixin.py:154} INFO - [2023-11-14T08:09:53.615-0300] {dagbag.py:536} INFO - Filling up the DagBag from /home/gmassoqueto/repos/apache-airflow-101/.venv/lib/python3.11/site-packages/airflow/example_dags/example_trigger_controller_dag.py
[2023-11-14T08:09:53.621-0300] {processor.py:839} INFO - DAG(s) dict_keys(['example_trigger_controller_dag']) retrieved from /home/gmassoqueto/repos/apache-airflow-101/.venv/lib/python3.11/site-packages/airflow/example_dags/example_trigger_controller_dag.py
[2023-11-14T08:09:53.628-0300] {logging_mixin.py:154} INFO - [2023-11-14T08:09:53.628-0300] {dag.py:2941} INFO - Sync 1 DAGs
[2023-11-14T08:09:53.646-0300] {logging_mixin.py:154} INFO - [2023-11-14T08:09:53.646-0300] {dag.py:3722} INFO - Setting next_dagrun for example_trigger_controller_dag to 2021-01-01T00:00:00+00:00, run_after=2021-01-01T00:00:00+00:00
[2023-11-14T08:09:53.662-0300] {processor.py:179} INFO - Processing /home/gmassoqueto/repos/apache-airflow-101/.venv/lib/python3.11/site-packages/airflow/example_dags/example_trigger_controller_dag.py took 0.056 seconds
[2023-11-14T08:10:41.748-0300] {processor.py:157} INFO - Started process (PID=291058) to work on /home/gmassoqueto/repos/apache-airflow-101/.venv/lib/python3.11/site-packages/airflow/example_dags/example_trigger_controller_dag.py
[2023-11-14T08:10:41.751-0300] {processor.py:829} INFO - Processing file /home/gmassoqueto/repos/apache-airflow-101/.venv/lib/python3.11/site-packages/airflow/example_dags/example_trigger_controller_dag.py for tasks to queue
[2023-11-14T08:10:41.752-0300] {logging_mixin.py:154} INFO - [2023-11-14T08:10:41.751-0300] {dagbag.py:536} INFO - Filling up the DagBag from /home/gmassoqueto/repos/apache-airflow-101/.venv/lib/python3.11/site-packages/airflow/example_dags/example_trigger_controller_dag.py
[2023-11-14T08:10:41.754-0300] {processor.py:839} INFO - DAG(s) dict_keys(['example_trigger_controller_dag']) retrieved from /home/gmassoqueto/repos/apache-airflow-101/.venv/lib/python3.11/site-packages/airflow/example_dags/example_trigger_controller_dag.py
[2023-11-14T08:10:41.764-0300] {logging_mixin.py:154} INFO - [2023-11-14T08:10:41.764-0300] {dag.py:2941} INFO - Sync 1 DAGs
[2023-11-14T08:10:41.776-0300] {logging_mixin.py:154} INFO - [2023-11-14T08:10:41.776-0300] {dag.py:3722} INFO - Setting next_dagrun for example_trigger_controller_dag to 2021-01-01T00:00:00+00:00, run_after=2021-01-01T00:00:00+00:00
[2023-11-14T08:10:41.792-0300] {processor.py:179} INFO - Processing /home/gmassoqueto/repos/apache-airflow-101/.venv/lib/python3.11/site-packages/airflow/example_dags/example_trigger_controller_dag.py took 0.046 seconds
[2023-11-14T08:11:28.345-0300] {processor.py:157} INFO - Started process (PID=291174) to work on /home/gmassoqueto/repos/apache-airflow-101/.venv/lib/python3.11/site-packages/airflow/example_dags/example_trigger_controller_dag.py
[2023-11-14T08:11:28.349-0300] {processor.py:829} INFO - Processing file /home/gmassoqueto/repos/apache-airflow-101/.venv/lib/python3.11/site-packages/airflow/example_dags/example_trigger_controller_dag.py for tasks to queue
[2023-11-14T08:11:28.350-0300] {logging_mixin.py:154} INFO - [2023-11-14T08:11:28.350-0300] {dagbag.py:536} INFO - Filling up the DagBag from /home/gmassoqueto/repos/apache-airflow-101/.venv/lib/python3.11/site-packages/airflow/example_dags/example_trigger_controller_dag.py
[2023-11-14T08:11:28.355-0300] {processor.py:839} INFO - DAG(s) dict_keys(['example_trigger_controller_dag']) retrieved from /home/gmassoqueto/repos/apache-airflow-101/.venv/lib/python3.11/site-packages/airflow/example_dags/example_trigger_controller_dag.py
[2023-11-14T08:11:28.374-0300] {logging_mixin.py:154} INFO - [2023-11-14T08:11:28.374-0300] {dag.py:2941} INFO - Sync 1 DAGs
[2023-11-14T08:11:28.393-0300] {logging_mixin.py:154} INFO - [2023-11-14T08:11:28.393-0300] {dag.py:3722} INFO - Setting next_dagrun for example_trigger_controller_dag to 2021-01-01T00:00:00+00:00, run_after=2021-01-01T00:00:00+00:00
[2023-11-14T08:11:28.410-0300] {processor.py:179} INFO - Processing /home/gmassoqueto/repos/apache-airflow-101/.venv/lib/python3.11/site-packages/airflow/example_dags/example_trigger_controller_dag.py took 0.067 seconds
[2023-11-14T08:12:13.486-0300] {processor.py:157} INFO - Started process (PID=291334) to work on /home/gmassoqueto/repos/apache-airflow-101/.venv/lib/python3.11/site-packages/airflow/example_dags/example_trigger_controller_dag.py
[2023-11-14T08:12:13.490-0300] {processor.py:829} INFO - Processing file /home/gmassoqueto/repos/apache-airflow-101/.venv/lib/python3.11/site-packages/airflow/example_dags/example_trigger_controller_dag.py for tasks to queue
[2023-11-14T08:12:13.491-0300] {logging_mixin.py:154} INFO - [2023-11-14T08:12:13.491-0300] {dagbag.py:536} INFO - Filling up the DagBag from /home/gmassoqueto/repos/apache-airflow-101/.venv/lib/python3.11/site-packages/airflow/example_dags/example_trigger_controller_dag.py
[2023-11-14T08:12:13.503-0300] {processor.py:839} INFO - DAG(s) dict_keys(['example_trigger_controller_dag']) retrieved from /home/gmassoqueto/repos/apache-airflow-101/.venv/lib/python3.11/site-packages/airflow/example_dags/example_trigger_controller_dag.py
[2023-11-14T08:12:13.519-0300] {logging_mixin.py:154} INFO - [2023-11-14T08:12:13.519-0300] {dag.py:2941} INFO - Sync 1 DAGs
[2023-11-14T08:12:13.543-0300] {logging_mixin.py:154} INFO - [2023-11-14T08:12:13.543-0300] {dag.py:3722} INFO - Setting next_dagrun for example_trigger_controller_dag to 2021-01-01T00:00:00+00:00, run_after=2021-01-01T00:00:00+00:00
[2023-11-14T08:12:13.561-0300] {processor.py:179} INFO - Processing /home/gmassoqueto/repos/apache-airflow-101/.venv/lib/python3.11/site-packages/airflow/example_dags/example_trigger_controller_dag.py took 0.079 seconds
[2023-11-14T08:13:00.575-0300] {processor.py:157} INFO - Started process (PID=291577) to work on /home/gmassoqueto/repos/apache-airflow-101/.venv/lib/python3.11/site-packages/airflow/example_dags/example_trigger_controller_dag.py
[2023-11-14T08:13:00.580-0300] {processor.py:829} INFO - Processing file /home/gmassoqueto/repos/apache-airflow-101/.venv/lib/python3.11/site-packages/airflow/example_dags/example_trigger_controller_dag.py for tasks to queue
[2023-11-14T08:13:00.582-0300] {logging_mixin.py:154} INFO - [2023-11-14T08:13:00.581-0300] {dagbag.py:536} INFO - Filling up the DagBag from /home/gmassoqueto/repos/apache-airflow-101/.venv/lib/python3.11/site-packages/airflow/example_dags/example_trigger_controller_dag.py
[2023-11-14T08:13:00.594-0300] {processor.py:839} INFO - DAG(s) dict_keys(['example_trigger_controller_dag']) retrieved from /home/gmassoqueto/repos/apache-airflow-101/.venv/lib/python3.11/site-packages/airflow/example_dags/example_trigger_controller_dag.py
[2023-11-14T08:13:00.621-0300] {logging_mixin.py:154} INFO - [2023-11-14T08:13:00.621-0300] {dag.py:2941} INFO - Sync 1 DAGs
[2023-11-14T08:13:00.640-0300] {logging_mixin.py:154} INFO - [2023-11-14T08:13:00.639-0300] {dag.py:3722} INFO - Setting next_dagrun for example_trigger_controller_dag to 2021-01-01T00:00:00+00:00, run_after=2021-01-01T00:00:00+00:00
[2023-11-14T08:13:00.658-0300] {processor.py:179} INFO - Processing /home/gmassoqueto/repos/apache-airflow-101/.venv/lib/python3.11/site-packages/airflow/example_dags/example_trigger_controller_dag.py took 0.086 seconds
[2023-11-14T08:13:45.901-0300] {processor.py:157} INFO - Started process (PID=291662) to work on /home/gmassoqueto/repos/apache-airflow-101/.venv/lib/python3.11/site-packages/airflow/example_dags/example_trigger_controller_dag.py
[2023-11-14T08:13:45.902-0300] {processor.py:829} INFO - Processing file /home/gmassoqueto/repos/apache-airflow-101/.venv/lib/python3.11/site-packages/airflow/example_dags/example_trigger_controller_dag.py for tasks to queue
[2023-11-14T08:13:45.903-0300] {logging_mixin.py:154} INFO - [2023-11-14T08:13:45.902-0300] {dagbag.py:536} INFO - Filling up the DagBag from /home/gmassoqueto/repos/apache-airflow-101/.venv/lib/python3.11/site-packages/airflow/example_dags/example_trigger_controller_dag.py
[2023-11-14T08:13:45.907-0300] {processor.py:839} INFO - DAG(s) dict_keys(['example_trigger_controller_dag']) retrieved from /home/gmassoqueto/repos/apache-airflow-101/.venv/lib/python3.11/site-packages/airflow/example_dags/example_trigger_controller_dag.py
[2023-11-14T08:13:45.921-0300] {logging_mixin.py:154} INFO - [2023-11-14T08:13:45.921-0300] {dag.py:2941} INFO - Sync 1 DAGs
[2023-11-14T08:13:45.936-0300] {logging_mixin.py:154} INFO - [2023-11-14T08:13:45.936-0300] {dag.py:3722} INFO - Setting next_dagrun for example_trigger_controller_dag to 2021-01-01T00:00:00+00:00, run_after=2021-01-01T00:00:00+00:00
[2023-11-14T08:13:45.951-0300] {processor.py:179} INFO - Processing /home/gmassoqueto/repos/apache-airflow-101/.venv/lib/python3.11/site-packages/airflow/example_dags/example_trigger_controller_dag.py took 0.052 seconds
[2023-11-14T08:14:35.589-0300] {processor.py:157} INFO - Started process (PID=291778) to work on /home/gmassoqueto/repos/apache-airflow-101/.venv/lib/python3.11/site-packages/airflow/example_dags/example_trigger_controller_dag.py
[2023-11-14T08:14:35.589-0300] {processor.py:829} INFO - Processing file /home/gmassoqueto/repos/apache-airflow-101/.venv/lib/python3.11/site-packages/airflow/example_dags/example_trigger_controller_dag.py for tasks to queue
[2023-11-14T08:14:35.590-0300] {logging_mixin.py:154} INFO - [2023-11-14T08:14:35.590-0300] {dagbag.py:536} INFO - Filling up the DagBag from /home/gmassoqueto/repos/apache-airflow-101/.venv/lib/python3.11/site-packages/airflow/example_dags/example_trigger_controller_dag.py
[2023-11-14T08:14:35.594-0300] {processor.py:839} INFO - DAG(s) dict_keys(['example_trigger_controller_dag']) retrieved from /home/gmassoqueto/repos/apache-airflow-101/.venv/lib/python3.11/site-packages/airflow/example_dags/example_trigger_controller_dag.py
[2023-11-14T08:14:35.610-0300] {logging_mixin.py:154} INFO - [2023-11-14T08:14:35.609-0300] {dag.py:2941} INFO - Sync 1 DAGs
[2023-11-14T08:14:35.628-0300] {logging_mixin.py:154} INFO - [2023-11-14T08:14:35.628-0300] {dag.py:3722} INFO - Setting next_dagrun for example_trigger_controller_dag to 2021-01-01T00:00:00+00:00, run_after=2021-01-01T00:00:00+00:00
[2023-11-14T08:14:35.644-0300] {processor.py:179} INFO - Processing /home/gmassoqueto/repos/apache-airflow-101/.venv/lib/python3.11/site-packages/airflow/example_dags/example_trigger_controller_dag.py took 0.058 seconds
[2023-11-14T08:15:22.510-0300] {processor.py:157} INFO - Started process (PID=291908) to work on /home/gmassoqueto/repos/apache-airflow-101/.venv/lib/python3.11/site-packages/airflow/example_dags/example_trigger_controller_dag.py
[2023-11-14T08:15:22.514-0300] {processor.py:829} INFO - Processing file /home/gmassoqueto/repos/apache-airflow-101/.venv/lib/python3.11/site-packages/airflow/example_dags/example_trigger_controller_dag.py for tasks to queue
[2023-11-14T08:15:22.515-0300] {logging_mixin.py:154} INFO - [2023-11-14T08:15:22.515-0300] {dagbag.py:536} INFO - Filling up the DagBag from /home/gmassoqueto/repos/apache-airflow-101/.venv/lib/python3.11/site-packages/airflow/example_dags/example_trigger_controller_dag.py
[2023-11-14T08:15:22.519-0300] {processor.py:839} INFO - DAG(s) dict_keys(['example_trigger_controller_dag']) retrieved from /home/gmassoqueto/repos/apache-airflow-101/.venv/lib/python3.11/site-packages/airflow/example_dags/example_trigger_controller_dag.py
[2023-11-14T08:15:22.534-0300] {logging_mixin.py:154} INFO - [2023-11-14T08:15:22.534-0300] {dag.py:2941} INFO - Sync 1 DAGs
[2023-11-14T08:15:22.550-0300] {logging_mixin.py:154} INFO - [2023-11-14T08:15:22.550-0300] {dag.py:3722} INFO - Setting next_dagrun for example_trigger_controller_dag to 2021-01-01T00:00:00+00:00, run_after=2021-01-01T00:00:00+00:00
[2023-11-14T08:15:22.568-0300] {processor.py:179} INFO - Processing /home/gmassoqueto/repos/apache-airflow-101/.venv/lib/python3.11/site-packages/airflow/example_dags/example_trigger_controller_dag.py took 0.060 seconds
[2023-11-14T08:16:09.949-0300] {processor.py:157} INFO - Started process (PID=291997) to work on /home/gmassoqueto/repos/apache-airflow-101/.venv/lib/python3.11/site-packages/airflow/example_dags/example_trigger_controller_dag.py
[2023-11-14T08:16:09.953-0300] {processor.py:829} INFO - Processing file /home/gmassoqueto/repos/apache-airflow-101/.venv/lib/python3.11/site-packages/airflow/example_dags/example_trigger_controller_dag.py for tasks to queue
[2023-11-14T08:16:09.953-0300] {logging_mixin.py:154} INFO - [2023-11-14T08:16:09.953-0300] {dagbag.py:536} INFO - Filling up the DagBag from /home/gmassoqueto/repos/apache-airflow-101/.venv/lib/python3.11/site-packages/airflow/example_dags/example_trigger_controller_dag.py
[2023-11-14T08:16:09.957-0300] {processor.py:839} INFO - DAG(s) dict_keys(['example_trigger_controller_dag']) retrieved from /home/gmassoqueto/repos/apache-airflow-101/.venv/lib/python3.11/site-packages/airflow/example_dags/example_trigger_controller_dag.py
[2023-11-14T08:16:09.972-0300] {logging_mixin.py:154} INFO - [2023-11-14T08:16:09.972-0300] {dag.py:2941} INFO - Sync 1 DAGs
[2023-11-14T08:16:09.989-0300] {logging_mixin.py:154} INFO - [2023-11-14T08:16:09.989-0300] {dag.py:3722} INFO - Setting next_dagrun for example_trigger_controller_dag to 2021-01-01T00:00:00+00:00, run_after=2021-01-01T00:00:00+00:00
[2023-11-14T08:16:10.006-0300] {processor.py:179} INFO - Processing /home/gmassoqueto/repos/apache-airflow-101/.venv/lib/python3.11/site-packages/airflow/example_dags/example_trigger_controller_dag.py took 0.059 seconds
[2023-11-14T08:16:44.805-0300] {processor.py:157} INFO - Started process (PID=292053) to work on /home/gmassoqueto/repos/apache-airflow-101/.venv/lib/python3.11/site-packages/airflow/example_dags/example_trigger_controller_dag.py
[2023-11-14T08:16:44.806-0300] {processor.py:829} INFO - Processing file /home/gmassoqueto/repos/apache-airflow-101/.venv/lib/python3.11/site-packages/airflow/example_dags/example_trigger_controller_dag.py for tasks to queue
[2023-11-14T08:16:44.807-0300] {logging_mixin.py:154} INFO - [2023-11-14T08:16:44.807-0300] {dagbag.py:536} INFO - Filling up the DagBag from /home/gmassoqueto/repos/apache-airflow-101/.venv/lib/python3.11/site-packages/airflow/example_dags/example_trigger_controller_dag.py
[2023-11-14T08:16:44.810-0300] {processor.py:839} INFO - DAG(s) dict_keys(['example_trigger_controller_dag']) retrieved from /home/gmassoqueto/repos/apache-airflow-101/.venv/lib/python3.11/site-packages/airflow/example_dags/example_trigger_controller_dag.py
[2023-11-14T08:16:44.822-0300] {logging_mixin.py:154} INFO - [2023-11-14T08:16:44.822-0300] {dag.py:2941} INFO - Sync 1 DAGs
[2023-11-14T08:16:44.836-0300] {logging_mixin.py:154} INFO - [2023-11-14T08:16:44.836-0300] {dag.py:3722} INFO - Setting next_dagrun for example_trigger_controller_dag to 2021-01-01T00:00:00+00:00, run_after=2021-01-01T00:00:00+00:00
[2023-11-14T08:16:44.860-0300] {processor.py:179} INFO - Processing /home/gmassoqueto/repos/apache-airflow-101/.venv/lib/python3.11/site-packages/airflow/example_dags/example_trigger_controller_dag.py took 0.057 seconds
[2023-11-14T08:17:35.039-0300] {processor.py:157} INFO - Started process (PID=292151) to work on /home/gmassoqueto/repos/apache-airflow-101/.venv/lib/python3.11/site-packages/airflow/example_dags/example_trigger_controller_dag.py
[2023-11-14T08:17:35.043-0300] {processor.py:829} INFO - Processing file /home/gmassoqueto/repos/apache-airflow-101/.venv/lib/python3.11/site-packages/airflow/example_dags/example_trigger_controller_dag.py for tasks to queue
[2023-11-14T08:17:35.045-0300] {logging_mixin.py:154} INFO - [2023-11-14T08:17:35.044-0300] {dagbag.py:536} INFO - Filling up the DagBag from /home/gmassoqueto/repos/apache-airflow-101/.venv/lib/python3.11/site-packages/airflow/example_dags/example_trigger_controller_dag.py
[2023-11-14T08:17:35.055-0300] {processor.py:839} INFO - DAG(s) dict_keys(['example_trigger_controller_dag']) retrieved from /home/gmassoqueto/repos/apache-airflow-101/.venv/lib/python3.11/site-packages/airflow/example_dags/example_trigger_controller_dag.py
[2023-11-14T08:17:35.081-0300] {logging_mixin.py:154} INFO - [2023-11-14T08:17:35.081-0300] {dag.py:2941} INFO - Sync 1 DAGs
[2023-11-14T08:17:35.099-0300] {logging_mixin.py:154} INFO - [2023-11-14T08:17:35.098-0300] {dag.py:3722} INFO - Setting next_dagrun for example_trigger_controller_dag to 2021-01-01T00:00:00+00:00, run_after=2021-01-01T00:00:00+00:00
[2023-11-14T08:17:35.115-0300] {processor.py:179} INFO - Processing /home/gmassoqueto/repos/apache-airflow-101/.venv/lib/python3.11/site-packages/airflow/example_dags/example_trigger_controller_dag.py took 0.079 seconds
