[2023-11-14T07:03:31.170-0300] {processor.py:157} INFO - Started process (PID=284769) to work on /home/gmassoqueto/repos/apache-airflow-101/.venv/lib/python3.11/site-packages/airflow/example_dags/example_xcomargs.py
[2023-11-14T07:03:31.171-0300] {processor.py:829} INFO - Processing file /home/gmassoqueto/repos/apache-airflow-101/.venv/lib/python3.11/site-packages/airflow/example_dags/example_xcomargs.py for tasks to queue
[2023-11-14T07:03:31.171-0300] {logging_mixin.py:154} INFO - [2023-11-14T07:03:31.171-0300] {dagbag.py:536} INFO - Filling up the DagBag from /home/gmassoqueto/repos/apache-airflow-101/.venv/lib/python3.11/site-packages/airflow/example_dags/example_xcomargs.py
[2023-11-14T07:03:31.178-0300] {processor.py:839} INFO - DAG(s) dict_keys(['example_xcom_args', 'example_xcom_args_with_operators']) retrieved from /home/gmassoqueto/repos/apache-airflow-101/.venv/lib/python3.11/site-packages/airflow/example_dags/example_xcomargs.py
[2023-11-14T07:03:31.184-0300] {logging_mixin.py:154} INFO - [2023-11-14T07:03:31.184-0300] {dag.py:2941} INFO - Sync 2 DAGs
[2023-11-14T07:03:31.196-0300] {logging_mixin.py:154} INFO - [2023-11-14T07:03:31.195-0300] {dag.py:3722} INFO - Setting next_dagrun for example_xcom_args to None, run_after=None
[2023-11-14T07:03:31.198-0300] {logging_mixin.py:154} INFO - [2023-11-14T07:03:31.198-0300] {dag.py:3722} INFO - Setting next_dagrun for example_xcom_args_with_operators to None, run_after=None
[2023-11-14T07:03:31.217-0300] {processor.py:179} INFO - Processing /home/gmassoqueto/repos/apache-airflow-101/.venv/lib/python3.11/site-packages/airflow/example_dags/example_xcomargs.py took 0.049 seconds
[2023-11-14T07:57:25.363-0300] {processor.py:157} INFO - Started process (PID=287207) to work on /home/gmassoqueto/repos/apache-airflow-101/.venv/lib/python3.11/site-packages/airflow/example_dags/example_xcomargs.py
[2023-11-14T07:57:25.367-0300] {processor.py:829} INFO - Processing file /home/gmassoqueto/repos/apache-airflow-101/.venv/lib/python3.11/site-packages/airflow/example_dags/example_xcomargs.py for tasks to queue
[2023-11-14T07:57:25.367-0300] {logging_mixin.py:154} INFO - [2023-11-14T07:57:25.367-0300] {dagbag.py:536} INFO - Filling up the DagBag from /home/gmassoqueto/repos/apache-airflow-101/.venv/lib/python3.11/site-packages/airflow/example_dags/example_xcomargs.py
[2023-11-14T07:57:25.372-0300] {processor.py:839} INFO - DAG(s) dict_keys(['example_xcom_args_with_operators', 'example_xcom_args']) retrieved from /home/gmassoqueto/repos/apache-airflow-101/.venv/lib/python3.11/site-packages/airflow/example_dags/example_xcomargs.py
[2023-11-14T07:57:25.377-0300] {logging_mixin.py:154} INFO - [2023-11-14T07:57:25.377-0300] {dag.py:2941} INFO - Sync 2 DAGs
[2023-11-14T07:57:25.386-0300] {logging_mixin.py:154} INFO - [2023-11-14T07:57:25.386-0300] {dag.py:3722} INFO - Setting next_dagrun for example_xcom_args to None, run_after=None
[2023-11-14T07:57:25.388-0300] {logging_mixin.py:154} INFO - [2023-11-14T07:57:25.388-0300] {dag.py:3722} INFO - Setting next_dagrun for example_xcom_args_with_operators to None, run_after=None
[2023-11-14T07:57:25.403-0300] {processor.py:179} INFO - Processing /home/gmassoqueto/repos/apache-airflow-101/.venv/lib/python3.11/site-packages/airflow/example_dags/example_xcomargs.py took 0.041 seconds
[2023-11-14T07:58:11.834-0300] {processor.py:157} INFO - Started process (PID=287405) to work on /home/gmassoqueto/repos/apache-airflow-101/.venv/lib/python3.11/site-packages/airflow/example_dags/example_xcomargs.py
[2023-11-14T07:58:11.837-0300] {processor.py:829} INFO - Processing file /home/gmassoqueto/repos/apache-airflow-101/.venv/lib/python3.11/site-packages/airflow/example_dags/example_xcomargs.py for tasks to queue
[2023-11-14T07:58:11.838-0300] {logging_mixin.py:154} INFO - [2023-11-14T07:58:11.838-0300] {dagbag.py:536} INFO - Filling up the DagBag from /home/gmassoqueto/repos/apache-airflow-101/.venv/lib/python3.11/site-packages/airflow/example_dags/example_xcomargs.py
[2023-11-14T07:58:11.848-0300] {processor.py:839} INFO - DAG(s) dict_keys(['example_xcom_args_with_operators', 'example_xcom_args']) retrieved from /home/gmassoqueto/repos/apache-airflow-101/.venv/lib/python3.11/site-packages/airflow/example_dags/example_xcomargs.py
[2023-11-14T07:58:11.868-0300] {logging_mixin.py:154} INFO - [2023-11-14T07:58:11.868-0300] {dag.py:2941} INFO - Sync 2 DAGs
[2023-11-14T07:58:11.878-0300] {logging_mixin.py:154} INFO - [2023-11-14T07:58:11.878-0300] {dag.py:3722} INFO - Setting next_dagrun for example_xcom_args to None, run_after=None
[2023-11-14T07:58:11.880-0300] {logging_mixin.py:154} INFO - [2023-11-14T07:58:11.880-0300] {dag.py:3722} INFO - Setting next_dagrun for example_xcom_args_with_operators to None, run_after=None
[2023-11-14T07:58:11.905-0300] {processor.py:179} INFO - Processing /home/gmassoqueto/repos/apache-airflow-101/.venv/lib/python3.11/site-packages/airflow/example_dags/example_xcomargs.py took 0.074 seconds
[2023-11-14T07:58:57.260-0300] {processor.py:157} INFO - Started process (PID=287552) to work on /home/gmassoqueto/repos/apache-airflow-101/.venv/lib/python3.11/site-packages/airflow/example_dags/example_xcomargs.py
[2023-11-14T07:58:57.265-0300] {processor.py:829} INFO - Processing file /home/gmassoqueto/repos/apache-airflow-101/.venv/lib/python3.11/site-packages/airflow/example_dags/example_xcomargs.py for tasks to queue
[2023-11-14T07:58:57.268-0300] {logging_mixin.py:154} INFO - [2023-11-14T07:58:57.267-0300] {dagbag.py:536} INFO - Filling up the DagBag from /home/gmassoqueto/repos/apache-airflow-101/.venv/lib/python3.11/site-packages/airflow/example_dags/example_xcomargs.py
[2023-11-14T07:58:57.288-0300] {processor.py:839} INFO - DAG(s) dict_keys(['example_xcom_args_with_operators', 'example_xcom_args']) retrieved from /home/gmassoqueto/repos/apache-airflow-101/.venv/lib/python3.11/site-packages/airflow/example_dags/example_xcomargs.py
[2023-11-14T07:58:57.306-0300] {logging_mixin.py:154} INFO - [2023-11-14T07:58:57.306-0300] {dag.py:2941} INFO - Sync 2 DAGs
[2023-11-14T07:58:57.315-0300] {logging_mixin.py:154} INFO - [2023-11-14T07:58:57.315-0300] {dag.py:3722} INFO - Setting next_dagrun for example_xcom_args to None, run_after=None
[2023-11-14T07:58:57.317-0300] {logging_mixin.py:154} INFO - [2023-11-14T07:58:57.317-0300] {dag.py:3722} INFO - Setting next_dagrun for example_xcom_args_with_operators to None, run_after=None
[2023-11-14T07:58:57.332-0300] {processor.py:179} INFO - Processing /home/gmassoqueto/repos/apache-airflow-101/.venv/lib/python3.11/site-packages/airflow/example_dags/example_xcomargs.py took 0.081 seconds
[2023-11-14T07:59:44.792-0300] {processor.py:157} INFO - Started process (PID=287646) to work on /home/gmassoqueto/repos/apache-airflow-101/.venv/lib/python3.11/site-packages/airflow/example_dags/example_xcomargs.py
[2023-11-14T07:59:44.793-0300] {processor.py:829} INFO - Processing file /home/gmassoqueto/repos/apache-airflow-101/.venv/lib/python3.11/site-packages/airflow/example_dags/example_xcomargs.py for tasks to queue
[2023-11-14T07:59:44.794-0300] {logging_mixin.py:154} INFO - [2023-11-14T07:59:44.793-0300] {dagbag.py:536} INFO - Filling up the DagBag from /home/gmassoqueto/repos/apache-airflow-101/.venv/lib/python3.11/site-packages/airflow/example_dags/example_xcomargs.py
[2023-11-14T07:59:44.805-0300] {processor.py:839} INFO - DAG(s) dict_keys(['example_xcom_args_with_operators', 'example_xcom_args']) retrieved from /home/gmassoqueto/repos/apache-airflow-101/.venv/lib/python3.11/site-packages/airflow/example_dags/example_xcomargs.py
[2023-11-14T07:59:44.824-0300] {logging_mixin.py:154} INFO - [2023-11-14T07:59:44.824-0300] {dag.py:2941} INFO - Sync 2 DAGs
[2023-11-14T07:59:44.836-0300] {logging_mixin.py:154} INFO - [2023-11-14T07:59:44.836-0300] {dag.py:3722} INFO - Setting next_dagrun for example_xcom_args to None, run_after=None
[2023-11-14T07:59:44.839-0300] {logging_mixin.py:154} INFO - [2023-11-14T07:59:44.839-0300] {dag.py:3722} INFO - Setting next_dagrun for example_xcom_args_with_operators to None, run_after=None
[2023-11-14T07:59:44.868-0300] {processor.py:179} INFO - Processing /home/gmassoqueto/repos/apache-airflow-101/.venv/lib/python3.11/site-packages/airflow/example_dags/example_xcomargs.py took 0.080 seconds
[2023-11-14T08:00:36.174-0300] {processor.py:157} INFO - Started process (PID=287790) to work on /home/gmassoqueto/repos/apache-airflow-101/.venv/lib/python3.11/site-packages/airflow/example_dags/example_xcomargs.py
[2023-11-14T08:00:36.177-0300] {processor.py:829} INFO - Processing file /home/gmassoqueto/repos/apache-airflow-101/.venv/lib/python3.11/site-packages/airflow/example_dags/example_xcomargs.py for tasks to queue
[2023-11-14T08:00:36.178-0300] {logging_mixin.py:154} INFO - [2023-11-14T08:00:36.178-0300] {dagbag.py:536} INFO - Filling up the DagBag from /home/gmassoqueto/repos/apache-airflow-101/.venv/lib/python3.11/site-packages/airflow/example_dags/example_xcomargs.py
[2023-11-14T08:00:36.187-0300] {processor.py:839} INFO - DAG(s) dict_keys(['example_xcom_args_with_operators', 'example_xcom_args']) retrieved from /home/gmassoqueto/repos/apache-airflow-101/.venv/lib/python3.11/site-packages/airflow/example_dags/example_xcomargs.py
[2023-11-14T08:00:36.207-0300] {logging_mixin.py:154} INFO - [2023-11-14T08:00:36.207-0300] {dag.py:2941} INFO - Sync 2 DAGs
[2023-11-14T08:00:36.218-0300] {logging_mixin.py:154} INFO - [2023-11-14T08:00:36.218-0300] {dag.py:3722} INFO - Setting next_dagrun for example_xcom_args to None, run_after=None
[2023-11-14T08:00:36.221-0300] {logging_mixin.py:154} INFO - [2023-11-14T08:00:36.221-0300] {dag.py:3722} INFO - Setting next_dagrun for example_xcom_args_with_operators to None, run_after=None
[2023-11-14T08:00:36.247-0300] {processor.py:179} INFO - Processing /home/gmassoqueto/repos/apache-airflow-101/.venv/lib/python3.11/site-packages/airflow/example_dags/example_xcomargs.py took 0.077 seconds
[2023-11-14T08:01:22.720-0300] {processor.py:157} INFO - Started process (PID=288036) to work on /home/gmassoqueto/repos/apache-airflow-101/.venv/lib/python3.11/site-packages/airflow/example_dags/example_xcomargs.py
[2023-11-14T08:01:22.720-0300] {processor.py:829} INFO - Processing file /home/gmassoqueto/repos/apache-airflow-101/.venv/lib/python3.11/site-packages/airflow/example_dags/example_xcomargs.py for tasks to queue
[2023-11-14T08:01:22.721-0300] {logging_mixin.py:154} INFO - [2023-11-14T08:01:22.721-0300] {dagbag.py:536} INFO - Filling up the DagBag from /home/gmassoqueto/repos/apache-airflow-101/.venv/lib/python3.11/site-packages/airflow/example_dags/example_xcomargs.py
[2023-11-14T08:01:22.728-0300] {processor.py:839} INFO - DAG(s) dict_keys(['example_xcom_args', 'example_xcom_args_with_operators']) retrieved from /home/gmassoqueto/repos/apache-airflow-101/.venv/lib/python3.11/site-packages/airflow/example_dags/example_xcomargs.py
[2023-11-14T08:01:22.744-0300] {logging_mixin.py:154} INFO - [2023-11-14T08:01:22.744-0300] {dag.py:2941} INFO - Sync 2 DAGs
[2023-11-14T08:01:22.754-0300] {logging_mixin.py:154} INFO - [2023-11-14T08:01:22.754-0300] {dag.py:3722} INFO - Setting next_dagrun for example_xcom_args to None, run_after=None
[2023-11-14T08:01:22.757-0300] {logging_mixin.py:154} INFO - [2023-11-14T08:01:22.757-0300] {dag.py:3722} INFO - Setting next_dagrun for example_xcom_args_with_operators to None, run_after=None
[2023-11-14T08:01:22.773-0300] {processor.py:179} INFO - Processing /home/gmassoqueto/repos/apache-airflow-101/.venv/lib/python3.11/site-packages/airflow/example_dags/example_xcomargs.py took 0.056 seconds
[2023-11-14T08:02:11.522-0300] {processor.py:157} INFO - Started process (PID=288126) to work on /home/gmassoqueto/repos/apache-airflow-101/.venv/lib/python3.11/site-packages/airflow/example_dags/example_xcomargs.py
[2023-11-14T08:02:11.527-0300] {processor.py:829} INFO - Processing file /home/gmassoqueto/repos/apache-airflow-101/.venv/lib/python3.11/site-packages/airflow/example_dags/example_xcomargs.py for tasks to queue
[2023-11-14T08:02:11.529-0300] {logging_mixin.py:154} INFO - [2023-11-14T08:02:11.528-0300] {dagbag.py:536} INFO - Filling up the DagBag from /home/gmassoqueto/repos/apache-airflow-101/.venv/lib/python3.11/site-packages/airflow/example_dags/example_xcomargs.py
[2023-11-14T08:02:11.554-0300] {processor.py:839} INFO - DAG(s) dict_keys(['example_xcom_args', 'example_xcom_args_with_operators']) retrieved from /home/gmassoqueto/repos/apache-airflow-101/.venv/lib/python3.11/site-packages/airflow/example_dags/example_xcomargs.py
[2023-11-14T08:02:11.577-0300] {logging_mixin.py:154} INFO - [2023-11-14T08:02:11.576-0300] {dag.py:2941} INFO - Sync 2 DAGs
[2023-11-14T08:02:11.586-0300] {logging_mixin.py:154} INFO - [2023-11-14T08:02:11.586-0300] {dag.py:3722} INFO - Setting next_dagrun for example_xcom_args to None, run_after=None
[2023-11-14T08:02:11.588-0300] {logging_mixin.py:154} INFO - [2023-11-14T08:02:11.588-0300] {dag.py:3722} INFO - Setting next_dagrun for example_xcom_args_with_operators to None, run_after=None
[2023-11-14T08:02:11.604-0300] {processor.py:179} INFO - Processing /home/gmassoqueto/repos/apache-airflow-101/.venv/lib/python3.11/site-packages/airflow/example_dags/example_xcomargs.py took 0.085 seconds
[2023-11-14T08:03:01.316-0300] {processor.py:157} INFO - Started process (PID=288303) to work on /home/gmassoqueto/repos/apache-airflow-101/.venv/lib/python3.11/site-packages/airflow/example_dags/example_xcomargs.py
[2023-11-14T08:03:01.318-0300] {processor.py:829} INFO - Processing file /home/gmassoqueto/repos/apache-airflow-101/.venv/lib/python3.11/site-packages/airflow/example_dags/example_xcomargs.py for tasks to queue
[2023-11-14T08:03:01.320-0300] {logging_mixin.py:154} INFO - [2023-11-14T08:03:01.319-0300] {dagbag.py:536} INFO - Filling up the DagBag from /home/gmassoqueto/repos/apache-airflow-101/.venv/lib/python3.11/site-packages/airflow/example_dags/example_xcomargs.py
[2023-11-14T08:03:01.336-0300] {processor.py:839} INFO - DAG(s) dict_keys(['example_xcom_args', 'example_xcom_args_with_operators']) retrieved from /home/gmassoqueto/repos/apache-airflow-101/.venv/lib/python3.11/site-packages/airflow/example_dags/example_xcomargs.py
[2023-11-14T08:03:01.356-0300] {logging_mixin.py:154} INFO - [2023-11-14T08:03:01.356-0300] {dag.py:2941} INFO - Sync 2 DAGs
[2023-11-14T08:03:01.368-0300] {logging_mixin.py:154} INFO - [2023-11-14T08:03:01.368-0300] {dag.py:3722} INFO - Setting next_dagrun for example_xcom_args to None, run_after=None
[2023-11-14T08:03:01.371-0300] {logging_mixin.py:154} INFO - [2023-11-14T08:03:01.370-0300] {dag.py:3722} INFO - Setting next_dagrun for example_xcom_args_with_operators to None, run_after=None
[2023-11-14T08:03:01.388-0300] {processor.py:179} INFO - Processing /home/gmassoqueto/repos/apache-airflow-101/.venv/lib/python3.11/site-packages/airflow/example_dags/example_xcomargs.py took 0.081 seconds
[2023-11-14T08:03:47.989-0300] {processor.py:157} INFO - Started process (PID=288707) to work on /home/gmassoqueto/repos/apache-airflow-101/.venv/lib/python3.11/site-packages/airflow/example_dags/example_xcomargs.py
[2023-11-14T08:03:47.994-0300] {processor.py:829} INFO - Processing file /home/gmassoqueto/repos/apache-airflow-101/.venv/lib/python3.11/site-packages/airflow/example_dags/example_xcomargs.py for tasks to queue
[2023-11-14T08:03:47.996-0300] {logging_mixin.py:154} INFO - [2023-11-14T08:03:47.995-0300] {dagbag.py:536} INFO - Filling up the DagBag from /home/gmassoqueto/repos/apache-airflow-101/.venv/lib/python3.11/site-packages/airflow/example_dags/example_xcomargs.py
[2023-11-14T08:03:48.020-0300] {processor.py:839} INFO - DAG(s) dict_keys(['example_xcom_args_with_operators', 'example_xcom_args']) retrieved from /home/gmassoqueto/repos/apache-airflow-101/.venv/lib/python3.11/site-packages/airflow/example_dags/example_xcomargs.py
[2023-11-14T08:03:48.042-0300] {logging_mixin.py:154} INFO - [2023-11-14T08:03:48.042-0300] {dag.py:2941} INFO - Sync 2 DAGs
[2023-11-14T08:03:48.052-0300] {logging_mixin.py:154} INFO - [2023-11-14T08:03:48.052-0300] {dag.py:3722} INFO - Setting next_dagrun for example_xcom_args to None, run_after=None
[2023-11-14T08:03:48.055-0300] {logging_mixin.py:154} INFO - [2023-11-14T08:03:48.055-0300] {dag.py:3722} INFO - Setting next_dagrun for example_xcom_args_with_operators to None, run_after=None
[2023-11-14T08:03:48.081-0300] {processor.py:179} INFO - Processing /home/gmassoqueto/repos/apache-airflow-101/.venv/lib/python3.11/site-packages/airflow/example_dags/example_xcomargs.py took 0.094 seconds
[2023-11-14T08:04:39.499-0300] {processor.py:157} INFO - Started process (PID=288955) to work on /home/gmassoqueto/repos/apache-airflow-101/.venv/lib/python3.11/site-packages/airflow/example_dags/example_xcomargs.py
[2023-11-14T08:04:39.503-0300] {processor.py:829} INFO - Processing file /home/gmassoqueto/repos/apache-airflow-101/.venv/lib/python3.11/site-packages/airflow/example_dags/example_xcomargs.py for tasks to queue
[2023-11-14T08:04:39.504-0300] {logging_mixin.py:154} INFO - [2023-11-14T08:04:39.504-0300] {dagbag.py:536} INFO - Filling up the DagBag from /home/gmassoqueto/repos/apache-airflow-101/.venv/lib/python3.11/site-packages/airflow/example_dags/example_xcomargs.py
[2023-11-14T08:04:39.516-0300] {processor.py:839} INFO - DAG(s) dict_keys(['example_xcom_args', 'example_xcom_args_with_operators']) retrieved from /home/gmassoqueto/repos/apache-airflow-101/.venv/lib/python3.11/site-packages/airflow/example_dags/example_xcomargs.py
[2023-11-14T08:04:39.534-0300] {logging_mixin.py:154} INFO - [2023-11-14T08:04:39.534-0300] {dag.py:2941} INFO - Sync 2 DAGs
[2023-11-14T08:04:39.544-0300] {logging_mixin.py:154} INFO - [2023-11-14T08:04:39.544-0300] {dag.py:3722} INFO - Setting next_dagrun for example_xcom_args to None, run_after=None
[2023-11-14T08:04:39.546-0300] {logging_mixin.py:154} INFO - [2023-11-14T08:04:39.546-0300] {dag.py:3722} INFO - Setting next_dagrun for example_xcom_args_with_operators to None, run_after=None
[2023-11-14T08:04:39.561-0300] {processor.py:179} INFO - Processing /home/gmassoqueto/repos/apache-airflow-101/.venv/lib/python3.11/site-packages/airflow/example_dags/example_xcomargs.py took 0.066 seconds
[2023-11-14T08:05:27.372-0300] {processor.py:157} INFO - Started process (PID=289048) to work on /home/gmassoqueto/repos/apache-airflow-101/.venv/lib/python3.11/site-packages/airflow/example_dags/example_xcomargs.py
[2023-11-14T08:05:27.376-0300] {processor.py:829} INFO - Processing file /home/gmassoqueto/repos/apache-airflow-101/.venv/lib/python3.11/site-packages/airflow/example_dags/example_xcomargs.py for tasks to queue
[2023-11-14T08:05:27.377-0300] {logging_mixin.py:154} INFO - [2023-11-14T08:05:27.376-0300] {dagbag.py:536} INFO - Filling up the DagBag from /home/gmassoqueto/repos/apache-airflow-101/.venv/lib/python3.11/site-packages/airflow/example_dags/example_xcomargs.py
[2023-11-14T08:05:27.385-0300] {processor.py:839} INFO - DAG(s) dict_keys(['example_xcom_args', 'example_xcom_args_with_operators']) retrieved from /home/gmassoqueto/repos/apache-airflow-101/.venv/lib/python3.11/site-packages/airflow/example_dags/example_xcomargs.py
[2023-11-14T08:05:27.404-0300] {logging_mixin.py:154} INFO - [2023-11-14T08:05:27.403-0300] {dag.py:2941} INFO - Sync 2 DAGs
[2023-11-14T08:05:27.413-0300] {logging_mixin.py:154} INFO - [2023-11-14T08:05:27.413-0300] {dag.py:3722} INFO - Setting next_dagrun for example_xcom_args to None, run_after=None
[2023-11-14T08:05:27.416-0300] {logging_mixin.py:154} INFO - [2023-11-14T08:05:27.416-0300] {dag.py:3722} INFO - Setting next_dagrun for example_xcom_args_with_operators to None, run_after=None
[2023-11-14T08:05:27.432-0300] {processor.py:179} INFO - Processing /home/gmassoqueto/repos/apache-airflow-101/.venv/lib/python3.11/site-packages/airflow/example_dags/example_xcomargs.py took 0.063 seconds
[2023-11-14T08:06:17.046-0300] {processor.py:157} INFO - Started process (PID=289190) to work on /home/gmassoqueto/repos/apache-airflow-101/.venv/lib/python3.11/site-packages/airflow/example_dags/example_xcomargs.py
[2023-11-14T08:06:17.050-0300] {processor.py:829} INFO - Processing file /home/gmassoqueto/repos/apache-airflow-101/.venv/lib/python3.11/site-packages/airflow/example_dags/example_xcomargs.py for tasks to queue
[2023-11-14T08:06:17.051-0300] {logging_mixin.py:154} INFO - [2023-11-14T08:06:17.050-0300] {dagbag.py:536} INFO - Filling up the DagBag from /home/gmassoqueto/repos/apache-airflow-101/.venv/lib/python3.11/site-packages/airflow/example_dags/example_xcomargs.py
[2023-11-14T08:06:17.061-0300] {processor.py:839} INFO - DAG(s) dict_keys(['example_xcom_args_with_operators', 'example_xcom_args']) retrieved from /home/gmassoqueto/repos/apache-airflow-101/.venv/lib/python3.11/site-packages/airflow/example_dags/example_xcomargs.py
[2023-11-14T08:06:17.079-0300] {logging_mixin.py:154} INFO - [2023-11-14T08:06:17.079-0300] {dag.py:2941} INFO - Sync 2 DAGs
[2023-11-14T08:06:17.089-0300] {logging_mixin.py:154} INFO - [2023-11-14T08:06:17.089-0300] {dag.py:3722} INFO - Setting next_dagrun for example_xcom_args to None, run_after=None
[2023-11-14T08:06:17.092-0300] {logging_mixin.py:154} INFO - [2023-11-14T08:06:17.092-0300] {dag.py:3722} INFO - Setting next_dagrun for example_xcom_args_with_operators to None, run_after=None
[2023-11-14T08:06:17.107-0300] {processor.py:179} INFO - Processing /home/gmassoqueto/repos/apache-airflow-101/.venv/lib/python3.11/site-packages/airflow/example_dags/example_xcomargs.py took 0.065 seconds
[2023-11-14T08:07:05.662-0300] {processor.py:157} INFO - Started process (PID=289306) to work on /home/gmassoqueto/repos/apache-airflow-101/.venv/lib/python3.11/site-packages/airflow/example_dags/example_xcomargs.py
[2023-11-14T08:07:05.666-0300] {processor.py:829} INFO - Processing file /home/gmassoqueto/repos/apache-airflow-101/.venv/lib/python3.11/site-packages/airflow/example_dags/example_xcomargs.py for tasks to queue
[2023-11-14T08:07:05.667-0300] {logging_mixin.py:154} INFO - [2023-11-14T08:07:05.667-0300] {dagbag.py:536} INFO - Filling up the DagBag from /home/gmassoqueto/repos/apache-airflow-101/.venv/lib/python3.11/site-packages/airflow/example_dags/example_xcomargs.py
[2023-11-14T08:07:05.680-0300] {processor.py:839} INFO - DAG(s) dict_keys(['example_xcom_args_with_operators', 'example_xcom_args']) retrieved from /home/gmassoqueto/repos/apache-airflow-101/.venv/lib/python3.11/site-packages/airflow/example_dags/example_xcomargs.py
[2023-11-14T08:07:05.705-0300] {logging_mixin.py:154} INFO - [2023-11-14T08:07:05.705-0300] {dag.py:2941} INFO - Sync 2 DAGs
[2023-11-14T08:07:05.715-0300] {logging_mixin.py:154} INFO - [2023-11-14T08:07:05.715-0300] {dag.py:3722} INFO - Setting next_dagrun for example_xcom_args to None, run_after=None
[2023-11-14T08:07:05.718-0300] {logging_mixin.py:154} INFO - [2023-11-14T08:07:05.718-0300] {dag.py:3722} INFO - Setting next_dagrun for example_xcom_args_with_operators to None, run_after=None
[2023-11-14T08:07:05.748-0300] {processor.py:179} INFO - Processing /home/gmassoqueto/repos/apache-airflow-101/.venv/lib/python3.11/site-packages/airflow/example_dags/example_xcomargs.py took 0.089 seconds
[2023-11-14T08:07:53.418-0300] {processor.py:157} INFO - Started process (PID=289523) to work on /home/gmassoqueto/repos/apache-airflow-101/.venv/lib/python3.11/site-packages/airflow/example_dags/example_xcomargs.py
[2023-11-14T08:07:53.418-0300] {processor.py:829} INFO - Processing file /home/gmassoqueto/repos/apache-airflow-101/.venv/lib/python3.11/site-packages/airflow/example_dags/example_xcomargs.py for tasks to queue
[2023-11-14T08:07:53.419-0300] {logging_mixin.py:154} INFO - [2023-11-14T08:07:53.419-0300] {dagbag.py:536} INFO - Filling up the DagBag from /home/gmassoqueto/repos/apache-airflow-101/.venv/lib/python3.11/site-packages/airflow/example_dags/example_xcomargs.py
[2023-11-14T08:07:53.424-0300] {processor.py:839} INFO - DAG(s) dict_keys(['example_xcom_args', 'example_xcom_args_with_operators']) retrieved from /home/gmassoqueto/repos/apache-airflow-101/.venv/lib/python3.11/site-packages/airflow/example_dags/example_xcomargs.py
[2023-11-14T08:07:53.436-0300] {logging_mixin.py:154} INFO - [2023-11-14T08:07:53.436-0300] {dag.py:2941} INFO - Sync 2 DAGs
[2023-11-14T08:07:53.443-0300] {logging_mixin.py:154} INFO - [2023-11-14T08:07:53.443-0300] {dag.py:3722} INFO - Setting next_dagrun for example_xcom_args to None, run_after=None
[2023-11-14T08:07:53.446-0300] {logging_mixin.py:154} INFO - [2023-11-14T08:07:53.445-0300] {dag.py:3722} INFO - Setting next_dagrun for example_xcom_args_with_operators to None, run_after=None
[2023-11-14T08:07:53.459-0300] {processor.py:179} INFO - Processing /home/gmassoqueto/repos/apache-airflow-101/.venv/lib/python3.11/site-packages/airflow/example_dags/example_xcomargs.py took 0.042 seconds
[2023-11-14T08:08:19.139-0300] {processor.py:157} INFO - Started process (PID=289719) to work on /home/gmassoqueto/repos/apache-airflow-101/.venv/lib/python3.11/site-packages/airflow/example_dags/example_xcomargs.py
[2023-11-14T08:08:19.143-0300] {processor.py:829} INFO - Processing file /home/gmassoqueto/repos/apache-airflow-101/.venv/lib/python3.11/site-packages/airflow/example_dags/example_xcomargs.py for tasks to queue
[2023-11-14T08:08:19.144-0300] {logging_mixin.py:154} INFO - [2023-11-14T08:08:19.143-0300] {dagbag.py:536} INFO - Filling up the DagBag from /home/gmassoqueto/repos/apache-airflow-101/.venv/lib/python3.11/site-packages/airflow/example_dags/example_xcomargs.py
[2023-11-14T08:08:19.156-0300] {processor.py:839} INFO - DAG(s) dict_keys(['example_xcom_args', 'example_xcom_args_with_operators']) retrieved from /home/gmassoqueto/repos/apache-airflow-101/.venv/lib/python3.11/site-packages/airflow/example_dags/example_xcomargs.py
[2023-11-14T08:08:19.165-0300] {logging_mixin.py:154} INFO - [2023-11-14T08:08:19.165-0300] {dag.py:2941} INFO - Sync 2 DAGs
[2023-11-14T08:08:19.177-0300] {logging_mixin.py:154} INFO - [2023-11-14T08:08:19.177-0300] {dag.py:2963} INFO - Creating ORM DAG for example_xcom_args
[2023-11-14T08:08:19.177-0300] {logging_mixin.py:154} INFO - [2023-11-14T08:08:19.177-0300] {dag.py:2963} INFO - Creating ORM DAG for example_xcom_args_with_operators
[2023-11-14T08:08:19.178-0300] {logging_mixin.py:154} INFO - [2023-11-14T08:08:19.178-0300] {dag.py:3722} INFO - Setting next_dagrun for example_xcom_args to None, run_after=None
[2023-11-14T08:08:19.178-0300] {logging_mixin.py:154} INFO - [2023-11-14T08:08:19.178-0300] {dag.py:3722} INFO - Setting next_dagrun for example_xcom_args_with_operators to None, run_after=None
[2023-11-14T08:08:19.205-0300] {processor.py:179} INFO - Processing /home/gmassoqueto/repos/apache-airflow-101/.venv/lib/python3.11/site-packages/airflow/example_dags/example_xcomargs.py took 0.069 seconds
[2023-11-14T08:10:00.234-0300] {processor.py:157} INFO - Started process (PID=290520) to work on /home/gmassoqueto/repos/apache-airflow-101/.venv/lib/python3.11/site-packages/airflow/example_dags/example_xcomargs.py
[2023-11-14T08:10:00.238-0300] {processor.py:829} INFO - Processing file /home/gmassoqueto/repos/apache-airflow-101/.venv/lib/python3.11/site-packages/airflow/example_dags/example_xcomargs.py for tasks to queue
[2023-11-14T08:10:00.239-0300] {logging_mixin.py:154} INFO - [2023-11-14T08:10:00.239-0300] {dagbag.py:536} INFO - Filling up the DagBag from /home/gmassoqueto/repos/apache-airflow-101/.venv/lib/python3.11/site-packages/airflow/example_dags/example_xcomargs.py
[2023-11-14T08:10:00.252-0300] {processor.py:839} INFO - DAG(s) dict_keys(['example_xcom_args_with_operators', 'example_xcom_args']) retrieved from /home/gmassoqueto/repos/apache-airflow-101/.venv/lib/python3.11/site-packages/airflow/example_dags/example_xcomargs.py
[2023-11-14T08:10:00.259-0300] {logging_mixin.py:154} INFO - [2023-11-14T08:10:00.259-0300] {dag.py:2941} INFO - Sync 2 DAGs
[2023-11-14T08:10:00.273-0300] {logging_mixin.py:154} INFO - [2023-11-14T08:10:00.273-0300] {dag.py:3722} INFO - Setting next_dagrun for example_xcom_args to None, run_after=None
[2023-11-14T08:10:00.276-0300] {logging_mixin.py:154} INFO - [2023-11-14T08:10:00.276-0300] {dag.py:3722} INFO - Setting next_dagrun for example_xcom_args_with_operators to None, run_after=None
[2023-11-14T08:10:00.294-0300] {processor.py:179} INFO - Processing /home/gmassoqueto/repos/apache-airflow-101/.venv/lib/python3.11/site-packages/airflow/example_dags/example_xcomargs.py took 0.065 seconds
[2023-11-14T08:10:48.488-0300] {processor.py:157} INFO - Started process (PID=291091) to work on /home/gmassoqueto/repos/apache-airflow-101/.venv/lib/python3.11/site-packages/airflow/example_dags/example_xcomargs.py
[2023-11-14T08:10:48.492-0300] {processor.py:829} INFO - Processing file /home/gmassoqueto/repos/apache-airflow-101/.venv/lib/python3.11/site-packages/airflow/example_dags/example_xcomargs.py for tasks to queue
[2023-11-14T08:10:48.493-0300] {logging_mixin.py:154} INFO - [2023-11-14T08:10:48.492-0300] {dagbag.py:536} INFO - Filling up the DagBag from /home/gmassoqueto/repos/apache-airflow-101/.venv/lib/python3.11/site-packages/airflow/example_dags/example_xcomargs.py
[2023-11-14T08:10:48.501-0300] {processor.py:839} INFO - DAG(s) dict_keys(['example_xcom_args', 'example_xcom_args_with_operators']) retrieved from /home/gmassoqueto/repos/apache-airflow-101/.venv/lib/python3.11/site-packages/airflow/example_dags/example_xcomargs.py
[2023-11-14T08:10:48.515-0300] {logging_mixin.py:154} INFO - [2023-11-14T08:10:48.515-0300] {dag.py:2941} INFO - Sync 2 DAGs
[2023-11-14T08:10:48.523-0300] {logging_mixin.py:154} INFO - [2023-11-14T08:10:48.523-0300] {dag.py:3722} INFO - Setting next_dagrun for example_xcom_args to None, run_after=None
[2023-11-14T08:10:48.525-0300] {logging_mixin.py:154} INFO - [2023-11-14T08:10:48.525-0300] {dag.py:3722} INFO - Setting next_dagrun for example_xcom_args_with_operators to None, run_after=None
[2023-11-14T08:10:48.540-0300] {processor.py:179} INFO - Processing /home/gmassoqueto/repos/apache-airflow-101/.venv/lib/python3.11/site-packages/airflow/example_dags/example_xcomargs.py took 0.054 seconds
[2023-11-14T08:11:34.949-0300] {processor.py:157} INFO - Started process (PID=291211) to work on /home/gmassoqueto/repos/apache-airflow-101/.venv/lib/python3.11/site-packages/airflow/example_dags/example_xcomargs.py
[2023-11-14T08:11:34.952-0300] {processor.py:829} INFO - Processing file /home/gmassoqueto/repos/apache-airflow-101/.venv/lib/python3.11/site-packages/airflow/example_dags/example_xcomargs.py for tasks to queue
[2023-11-14T08:11:34.953-0300] {logging_mixin.py:154} INFO - [2023-11-14T08:11:34.953-0300] {dagbag.py:536} INFO - Filling up the DagBag from /home/gmassoqueto/repos/apache-airflow-101/.venv/lib/python3.11/site-packages/airflow/example_dags/example_xcomargs.py
[2023-11-14T08:11:34.960-0300] {processor.py:839} INFO - DAG(s) dict_keys(['example_xcom_args_with_operators', 'example_xcom_args']) retrieved from /home/gmassoqueto/repos/apache-airflow-101/.venv/lib/python3.11/site-packages/airflow/example_dags/example_xcomargs.py
[2023-11-14T08:11:34.975-0300] {logging_mixin.py:154} INFO - [2023-11-14T08:11:34.974-0300] {dag.py:2941} INFO - Sync 2 DAGs
[2023-11-14T08:11:34.983-0300] {logging_mixin.py:154} INFO - [2023-11-14T08:11:34.983-0300] {dag.py:3722} INFO - Setting next_dagrun for example_xcom_args to None, run_after=None
[2023-11-14T08:11:34.985-0300] {logging_mixin.py:154} INFO - [2023-11-14T08:11:34.985-0300] {dag.py:3722} INFO - Setting next_dagrun for example_xcom_args_with_operators to None, run_after=None
[2023-11-14T08:11:35.001-0300] {processor.py:179} INFO - Processing /home/gmassoqueto/repos/apache-airflow-101/.venv/lib/python3.11/site-packages/airflow/example_dags/example_xcomargs.py took 0.055 seconds
[2023-11-14T08:12:20.924-0300] {processor.py:157} INFO - Started process (PID=291397) to work on /home/gmassoqueto/repos/apache-airflow-101/.venv/lib/python3.11/site-packages/airflow/example_dags/example_xcomargs.py
[2023-11-14T08:12:20.928-0300] {processor.py:829} INFO - Processing file /home/gmassoqueto/repos/apache-airflow-101/.venv/lib/python3.11/site-packages/airflow/example_dags/example_xcomargs.py for tasks to queue
[2023-11-14T08:12:20.928-0300] {logging_mixin.py:154} INFO - [2023-11-14T08:12:20.928-0300] {dagbag.py:536} INFO - Filling up the DagBag from /home/gmassoqueto/repos/apache-airflow-101/.venv/lib/python3.11/site-packages/airflow/example_dags/example_xcomargs.py
[2023-11-14T08:12:20.942-0300] {processor.py:839} INFO - DAG(s) dict_keys(['example_xcom_args_with_operators', 'example_xcom_args']) retrieved from /home/gmassoqueto/repos/apache-airflow-101/.venv/lib/python3.11/site-packages/airflow/example_dags/example_xcomargs.py
[2023-11-14T08:12:20.954-0300] {logging_mixin.py:154} INFO - [2023-11-14T08:12:20.954-0300] {dag.py:2941} INFO - Sync 2 DAGs
[2023-11-14T08:12:20.968-0300] {logging_mixin.py:154} INFO - [2023-11-14T08:12:20.968-0300] {dag.py:3722} INFO - Setting next_dagrun for example_xcom_args to None, run_after=None
[2023-11-14T08:12:20.971-0300] {logging_mixin.py:154} INFO - [2023-11-14T08:12:20.970-0300] {dag.py:3722} INFO - Setting next_dagrun for example_xcom_args_with_operators to None, run_after=None
[2023-11-14T08:12:20.989-0300] {processor.py:179} INFO - Processing /home/gmassoqueto/repos/apache-airflow-101/.venv/lib/python3.11/site-packages/airflow/example_dags/example_xcomargs.py took 0.068 seconds
[2023-11-14T08:13:07.636-0300] {processor.py:157} INFO - Started process (PID=291591) to work on /home/gmassoqueto/repos/apache-airflow-101/.venv/lib/python3.11/site-packages/airflow/example_dags/example_xcomargs.py
[2023-11-14T08:13:07.640-0300] {processor.py:829} INFO - Processing file /home/gmassoqueto/repos/apache-airflow-101/.venv/lib/python3.11/site-packages/airflow/example_dags/example_xcomargs.py for tasks to queue
[2023-11-14T08:13:07.640-0300] {logging_mixin.py:154} INFO - [2023-11-14T08:13:07.640-0300] {dagbag.py:536} INFO - Filling up the DagBag from /home/gmassoqueto/repos/apache-airflow-101/.venv/lib/python3.11/site-packages/airflow/example_dags/example_xcomargs.py
[2023-11-14T08:13:07.650-0300] {processor.py:839} INFO - DAG(s) dict_keys(['example_xcom_args_with_operators', 'example_xcom_args']) retrieved from /home/gmassoqueto/repos/apache-airflow-101/.venv/lib/python3.11/site-packages/airflow/example_dags/example_xcomargs.py
[2023-11-14T08:13:07.667-0300] {logging_mixin.py:154} INFO - [2023-11-14T08:13:07.667-0300] {dag.py:2941} INFO - Sync 2 DAGs
[2023-11-14T08:13:07.677-0300] {logging_mixin.py:154} INFO - [2023-11-14T08:13:07.677-0300] {dag.py:3722} INFO - Setting next_dagrun for example_xcom_args to None, run_after=None
[2023-11-14T08:13:07.679-0300] {logging_mixin.py:154} INFO - [2023-11-14T08:13:07.679-0300] {dag.py:3722} INFO - Setting next_dagrun for example_xcom_args_with_operators to None, run_after=None
[2023-11-14T08:13:07.705-0300] {processor.py:179} INFO - Processing /home/gmassoqueto/repos/apache-airflow-101/.venv/lib/python3.11/site-packages/airflow/example_dags/example_xcomargs.py took 0.072 seconds
[2023-11-14T08:13:53.928-0300] {processor.py:157} INFO - Started process (PID=291678) to work on /home/gmassoqueto/repos/apache-airflow-101/.venv/lib/python3.11/site-packages/airflow/example_dags/example_xcomargs.py
[2023-11-14T08:13:53.932-0300] {processor.py:829} INFO - Processing file /home/gmassoqueto/repos/apache-airflow-101/.venv/lib/python3.11/site-packages/airflow/example_dags/example_xcomargs.py for tasks to queue
[2023-11-14T08:13:53.933-0300] {logging_mixin.py:154} INFO - [2023-11-14T08:13:53.932-0300] {dagbag.py:536} INFO - Filling up the DagBag from /home/gmassoqueto/repos/apache-airflow-101/.venv/lib/python3.11/site-packages/airflow/example_dags/example_xcomargs.py
[2023-11-14T08:13:53.944-0300] {processor.py:839} INFO - DAG(s) dict_keys(['example_xcom_args_with_operators', 'example_xcom_args']) retrieved from /home/gmassoqueto/repos/apache-airflow-101/.venv/lib/python3.11/site-packages/airflow/example_dags/example_xcomargs.py
[2023-11-14T08:13:53.970-0300] {logging_mixin.py:154} INFO - [2023-11-14T08:13:53.970-0300] {dag.py:2941} INFO - Sync 2 DAGs
[2023-11-14T08:13:53.981-0300] {logging_mixin.py:154} INFO - [2023-11-14T08:13:53.981-0300] {dag.py:3722} INFO - Setting next_dagrun for example_xcom_args to None, run_after=None
[2023-11-14T08:13:53.983-0300] {logging_mixin.py:154} INFO - [2023-11-14T08:13:53.983-0300] {dag.py:3722} INFO - Setting next_dagrun for example_xcom_args_with_operators to None, run_after=None
[2023-11-14T08:13:54.010-0300] {processor.py:179} INFO - Processing /home/gmassoqueto/repos/apache-airflow-101/.venv/lib/python3.11/site-packages/airflow/example_dags/example_xcomargs.py took 0.085 seconds
[2023-11-14T08:14:41.509-0300] {processor.py:157} INFO - Started process (PID=291788) to work on /home/gmassoqueto/repos/apache-airflow-101/.venv/lib/python3.11/site-packages/airflow/example_dags/example_xcomargs.py
[2023-11-14T08:14:41.513-0300] {processor.py:829} INFO - Processing file /home/gmassoqueto/repos/apache-airflow-101/.venv/lib/python3.11/site-packages/airflow/example_dags/example_xcomargs.py for tasks to queue
[2023-11-14T08:14:41.515-0300] {logging_mixin.py:154} INFO - [2023-11-14T08:14:41.514-0300] {dagbag.py:536} INFO - Filling up the DagBag from /home/gmassoqueto/repos/apache-airflow-101/.venv/lib/python3.11/site-packages/airflow/example_dags/example_xcomargs.py
[2023-11-14T08:14:41.535-0300] {processor.py:839} INFO - DAG(s) dict_keys(['example_xcom_args', 'example_xcom_args_with_operators']) retrieved from /home/gmassoqueto/repos/apache-airflow-101/.venv/lib/python3.11/site-packages/airflow/example_dags/example_xcomargs.py
[2023-11-14T08:14:41.557-0300] {logging_mixin.py:154} INFO - [2023-11-14T08:14:41.557-0300] {dag.py:2941} INFO - Sync 2 DAGs
[2023-11-14T08:14:41.566-0300] {logging_mixin.py:154} INFO - [2023-11-14T08:14:41.566-0300] {dag.py:3722} INFO - Setting next_dagrun for example_xcom_args to None, run_after=None
[2023-11-14T08:14:41.568-0300] {logging_mixin.py:154} INFO - [2023-11-14T08:14:41.568-0300] {dag.py:3722} INFO - Setting next_dagrun for example_xcom_args_with_operators to None, run_after=None
[2023-11-14T08:14:41.582-0300] {processor.py:179} INFO - Processing /home/gmassoqueto/repos/apache-airflow-101/.venv/lib/python3.11/site-packages/airflow/example_dags/example_xcomargs.py took 0.076 seconds
[2023-11-14T08:15:28.798-0300] {processor.py:157} INFO - Started process (PID=291918) to work on /home/gmassoqueto/repos/apache-airflow-101/.venv/lib/python3.11/site-packages/airflow/example_dags/example_xcomargs.py
[2023-11-14T08:15:28.802-0300] {processor.py:829} INFO - Processing file /home/gmassoqueto/repos/apache-airflow-101/.venv/lib/python3.11/site-packages/airflow/example_dags/example_xcomargs.py for tasks to queue
[2023-11-14T08:15:28.803-0300] {logging_mixin.py:154} INFO - [2023-11-14T08:15:28.802-0300] {dagbag.py:536} INFO - Filling up the DagBag from /home/gmassoqueto/repos/apache-airflow-101/.venv/lib/python3.11/site-packages/airflow/example_dags/example_xcomargs.py
[2023-11-14T08:15:28.820-0300] {processor.py:839} INFO - DAG(s) dict_keys(['example_xcom_args_with_operators', 'example_xcom_args']) retrieved from /home/gmassoqueto/repos/apache-airflow-101/.venv/lib/python3.11/site-packages/airflow/example_dags/example_xcomargs.py
[2023-11-14T08:15:28.846-0300] {logging_mixin.py:154} INFO - [2023-11-14T08:15:28.846-0300] {dag.py:2941} INFO - Sync 2 DAGs
[2023-11-14T08:15:28.856-0300] {logging_mixin.py:154} INFO - [2023-11-14T08:15:28.856-0300] {dag.py:3722} INFO - Setting next_dagrun for example_xcom_args to None, run_after=None
[2023-11-14T08:15:28.858-0300] {logging_mixin.py:154} INFO - [2023-11-14T08:15:28.858-0300] {dag.py:3722} INFO - Setting next_dagrun for example_xcom_args_with_operators to None, run_after=None
[2023-11-14T08:15:28.882-0300] {processor.py:179} INFO - Processing /home/gmassoqueto/repos/apache-airflow-101/.venv/lib/python3.11/site-packages/airflow/example_dags/example_xcomargs.py took 0.087 seconds
[2023-11-14T08:16:16.496-0300] {processor.py:157} INFO - Started process (PID=292007) to work on /home/gmassoqueto/repos/apache-airflow-101/.venv/lib/python3.11/site-packages/airflow/example_dags/example_xcomargs.py
[2023-11-14T08:16:16.500-0300] {processor.py:829} INFO - Processing file /home/gmassoqueto/repos/apache-airflow-101/.venv/lib/python3.11/site-packages/airflow/example_dags/example_xcomargs.py for tasks to queue
[2023-11-14T08:16:16.500-0300] {logging_mixin.py:154} INFO - [2023-11-14T08:16:16.500-0300] {dagbag.py:536} INFO - Filling up the DagBag from /home/gmassoqueto/repos/apache-airflow-101/.venv/lib/python3.11/site-packages/airflow/example_dags/example_xcomargs.py
[2023-11-14T08:16:16.508-0300] {processor.py:839} INFO - DAG(s) dict_keys(['example_xcom_args_with_operators', 'example_xcom_args']) retrieved from /home/gmassoqueto/repos/apache-airflow-101/.venv/lib/python3.11/site-packages/airflow/example_dags/example_xcomargs.py
[2023-11-14T08:16:16.526-0300] {logging_mixin.py:154} INFO - [2023-11-14T08:16:16.526-0300] {dag.py:2941} INFO - Sync 2 DAGs
[2023-11-14T08:16:16.535-0300] {logging_mixin.py:154} INFO - [2023-11-14T08:16:16.535-0300] {dag.py:3722} INFO - Setting next_dagrun for example_xcom_args to None, run_after=None
[2023-11-14T08:16:16.537-0300] {logging_mixin.py:154} INFO - [2023-11-14T08:16:16.537-0300] {dag.py:3722} INFO - Setting next_dagrun for example_xcom_args_with_operators to None, run_after=None
[2023-11-14T08:16:16.553-0300] {processor.py:179} INFO - Processing /home/gmassoqueto/repos/apache-airflow-101/.venv/lib/python3.11/site-packages/airflow/example_dags/example_xcomargs.py took 0.060 seconds
[2023-11-14T08:17:07.557-0300] {processor.py:157} INFO - Started process (PID=292094) to work on /home/gmassoqueto/repos/apache-airflow-101/.venv/lib/python3.11/site-packages/airflow/example_dags/example_xcomargs.py
[2023-11-14T08:17:07.561-0300] {processor.py:829} INFO - Processing file /home/gmassoqueto/repos/apache-airflow-101/.venv/lib/python3.11/site-packages/airflow/example_dags/example_xcomargs.py for tasks to queue
[2023-11-14T08:17:07.561-0300] {logging_mixin.py:154} INFO - [2023-11-14T08:17:07.561-0300] {dagbag.py:536} INFO - Filling up the DagBag from /home/gmassoqueto/repos/apache-airflow-101/.venv/lib/python3.11/site-packages/airflow/example_dags/example_xcomargs.py
[2023-11-14T08:17:07.570-0300] {processor.py:839} INFO - DAG(s) dict_keys(['example_xcom_args', 'example_xcom_args_with_operators']) retrieved from /home/gmassoqueto/repos/apache-airflow-101/.venv/lib/python3.11/site-packages/airflow/example_dags/example_xcomargs.py
[2023-11-14T08:17:07.589-0300] {logging_mixin.py:154} INFO - [2023-11-14T08:17:07.589-0300] {dag.py:2941} INFO - Sync 2 DAGs
[2023-11-14T08:17:07.600-0300] {logging_mixin.py:154} INFO - [2023-11-14T08:17:07.600-0300] {dag.py:3722} INFO - Setting next_dagrun for example_xcom_args to None, run_after=None
[2023-11-14T08:17:07.602-0300] {logging_mixin.py:154} INFO - [2023-11-14T08:17:07.602-0300] {dag.py:3722} INFO - Setting next_dagrun for example_xcom_args_with_operators to None, run_after=None
[2023-11-14T08:17:07.628-0300] {processor.py:179} INFO - Processing /home/gmassoqueto/repos/apache-airflow-101/.venv/lib/python3.11/site-packages/airflow/example_dags/example_xcomargs.py took 0.073 seconds
[2023-11-14T08:17:55.606-0300] {processor.py:157} INFO - Started process (PID=292196) to work on /home/gmassoqueto/repos/apache-airflow-101/.venv/lib/python3.11/site-packages/airflow/example_dags/example_xcomargs.py
[2023-11-14T08:17:55.611-0300] {processor.py:829} INFO - Processing file /home/gmassoqueto/repos/apache-airflow-101/.venv/lib/python3.11/site-packages/airflow/example_dags/example_xcomargs.py for tasks to queue
[2023-11-14T08:17:55.611-0300] {logging_mixin.py:154} INFO - [2023-11-14T08:17:55.611-0300] {dagbag.py:536} INFO - Filling up the DagBag from /home/gmassoqueto/repos/apache-airflow-101/.venv/lib/python3.11/site-packages/airflow/example_dags/example_xcomargs.py
[2023-11-14T08:17:55.619-0300] {processor.py:839} INFO - DAG(s) dict_keys(['example_xcom_args_with_operators', 'example_xcom_args']) retrieved from /home/gmassoqueto/repos/apache-airflow-101/.venv/lib/python3.11/site-packages/airflow/example_dags/example_xcomargs.py
[2023-11-14T08:17:55.637-0300] {logging_mixin.py:154} INFO - [2023-11-14T08:17:55.637-0300] {dag.py:2941} INFO - Sync 2 DAGs
[2023-11-14T08:17:55.649-0300] {logging_mixin.py:154} INFO - [2023-11-14T08:17:55.649-0300] {dag.py:3722} INFO - Setting next_dagrun for example_xcom_args to None, run_after=None
[2023-11-14T08:17:55.652-0300] {logging_mixin.py:154} INFO - [2023-11-14T08:17:55.652-0300] {dag.py:3722} INFO - Setting next_dagrun for example_xcom_args_with_operators to None, run_after=None
[2023-11-14T08:17:55.671-0300] {processor.py:179} INFO - Processing /home/gmassoqueto/repos/apache-airflow-101/.venv/lib/python3.11/site-packages/airflow/example_dags/example_xcomargs.py took 0.067 seconds
