[2023-11-14T07:03:34.869-0300] {processor.py:157} INFO - Started process (PID=284776) to work on /home/gmassoqueto/repos/apache-airflow-101/.venv/lib/python3.11/site-packages/airflow/example_dags/example_sensors.py
[2023-11-14T07:03:34.870-0300] {processor.py:829} INFO - Processing file /home/gmassoqueto/repos/apache-airflow-101/.venv/lib/python3.11/site-packages/airflow/example_dags/example_sensors.py for tasks to queue
[2023-11-14T07:03:34.870-0300] {logging_mixin.py:154} INFO - [2023-11-14T07:03:34.870-0300] {dagbag.py:536} INFO - Filling up the DagBag from /home/gmassoqueto/repos/apache-airflow-101/.venv/lib/python3.11/site-packages/airflow/example_dags/example_sensors.py
[2023-11-14T07:03:34.879-0300] {processor.py:839} INFO - DAG(s) dict_keys(['example_sensors']) retrieved from /home/gmassoqueto/repos/apache-airflow-101/.venv/lib/python3.11/site-packages/airflow/example_dags/example_sensors.py
[2023-11-14T07:03:34.885-0300] {logging_mixin.py:154} INFO - [2023-11-14T07:03:34.885-0300] {dag.py:2941} INFO - Sync 1 DAGs
[2023-11-14T07:03:34.896-0300] {logging_mixin.py:154} INFO - [2023-11-14T07:03:34.896-0300] {dag.py:3722} INFO - Setting next_dagrun for example_sensors to None, run_after=None
[2023-11-14T07:03:34.925-0300] {processor.py:179} INFO - Processing /home/gmassoqueto/repos/apache-airflow-101/.venv/lib/python3.11/site-packages/airflow/example_dags/example_sensors.py took 0.058 seconds
[2023-11-14T07:57:29.934-0300] {processor.py:157} INFO - Started process (PID=287239) to work on /home/gmassoqueto/repos/apache-airflow-101/.venv/lib/python3.11/site-packages/airflow/example_dags/example_sensors.py
[2023-11-14T07:57:29.938-0300] {processor.py:829} INFO - Processing file /home/gmassoqueto/repos/apache-airflow-101/.venv/lib/python3.11/site-packages/airflow/example_dags/example_sensors.py for tasks to queue
[2023-11-14T07:57:29.939-0300] {logging_mixin.py:154} INFO - [2023-11-14T07:57:29.939-0300] {dagbag.py:536} INFO - Filling up the DagBag from /home/gmassoqueto/repos/apache-airflow-101/.venv/lib/python3.11/site-packages/airflow/example_dags/example_sensors.py
[2023-11-14T07:57:29.954-0300] {processor.py:839} INFO - DAG(s) dict_keys(['example_sensors']) retrieved from /home/gmassoqueto/repos/apache-airflow-101/.venv/lib/python3.11/site-packages/airflow/example_dags/example_sensors.py
[2023-11-14T07:57:29.964-0300] {logging_mixin.py:154} INFO - [2023-11-14T07:57:29.963-0300] {dag.py:2941} INFO - Sync 1 DAGs
[2023-11-14T07:57:29.977-0300] {logging_mixin.py:154} INFO - [2023-11-14T07:57:29.977-0300] {dag.py:3722} INFO - Setting next_dagrun for example_sensors to None, run_after=None
[2023-11-14T07:57:29.997-0300] {processor.py:179} INFO - Processing /home/gmassoqueto/repos/apache-airflow-101/.venv/lib/python3.11/site-packages/airflow/example_dags/example_sensors.py took 0.067 seconds
[2023-11-14T07:58:16.394-0300] {processor.py:157} INFO - Started process (PID=287412) to work on /home/gmassoqueto/repos/apache-airflow-101/.venv/lib/python3.11/site-packages/airflow/example_dags/example_sensors.py
[2023-11-14T07:58:16.395-0300] {processor.py:829} INFO - Processing file /home/gmassoqueto/repos/apache-airflow-101/.venv/lib/python3.11/site-packages/airflow/example_dags/example_sensors.py for tasks to queue
[2023-11-14T07:58:16.395-0300] {logging_mixin.py:154} INFO - [2023-11-14T07:58:16.395-0300] {dagbag.py:536} INFO - Filling up the DagBag from /home/gmassoqueto/repos/apache-airflow-101/.venv/lib/python3.11/site-packages/airflow/example_dags/example_sensors.py
[2023-11-14T07:58:16.406-0300] {processor.py:839} INFO - DAG(s) dict_keys(['example_sensors']) retrieved from /home/gmassoqueto/repos/apache-airflow-101/.venv/lib/python3.11/site-packages/airflow/example_dags/example_sensors.py
[2023-11-14T07:58:16.428-0300] {logging_mixin.py:154} INFO - [2023-11-14T07:58:16.428-0300] {dag.py:2941} INFO - Sync 1 DAGs
[2023-11-14T07:58:16.437-0300] {logging_mixin.py:154} INFO - [2023-11-14T07:58:16.437-0300] {dag.py:3722} INFO - Setting next_dagrun for example_sensors to None, run_after=None
[2023-11-14T07:58:16.452-0300] {processor.py:179} INFO - Processing /home/gmassoqueto/repos/apache-airflow-101/.venv/lib/python3.11/site-packages/airflow/example_dags/example_sensors.py took 0.061 seconds
[2023-11-14T07:59:01.455-0300] {processor.py:157} INFO - Started process (PID=287559) to work on /home/gmassoqueto/repos/apache-airflow-101/.venv/lib/python3.11/site-packages/airflow/example_dags/example_sensors.py
[2023-11-14T07:59:01.458-0300] {processor.py:829} INFO - Processing file /home/gmassoqueto/repos/apache-airflow-101/.venv/lib/python3.11/site-packages/airflow/example_dags/example_sensors.py for tasks to queue
[2023-11-14T07:59:01.459-0300] {logging_mixin.py:154} INFO - [2023-11-14T07:59:01.459-0300] {dagbag.py:536} INFO - Filling up the DagBag from /home/gmassoqueto/repos/apache-airflow-101/.venv/lib/python3.11/site-packages/airflow/example_dags/example_sensors.py
[2023-11-14T07:59:01.470-0300] {processor.py:839} INFO - DAG(s) dict_keys(['example_sensors']) retrieved from /home/gmassoqueto/repos/apache-airflow-101/.venv/lib/python3.11/site-packages/airflow/example_dags/example_sensors.py
[2023-11-14T07:59:01.490-0300] {logging_mixin.py:154} INFO - [2023-11-14T07:59:01.490-0300] {dag.py:2941} INFO - Sync 1 DAGs
[2023-11-14T07:59:01.499-0300] {logging_mixin.py:154} INFO - [2023-11-14T07:59:01.499-0300] {dag.py:3722} INFO - Setting next_dagrun for example_sensors to None, run_after=None
[2023-11-14T07:59:01.515-0300] {processor.py:179} INFO - Processing /home/gmassoqueto/repos/apache-airflow-101/.venv/lib/python3.11/site-packages/airflow/example_dags/example_sensors.py took 0.063 seconds
[2023-11-14T07:59:49.367-0300] {processor.py:157} INFO - Started process (PID=287656) to work on /home/gmassoqueto/repos/apache-airflow-101/.venv/lib/python3.11/site-packages/airflow/example_dags/example_sensors.py
[2023-11-14T07:59:49.370-0300] {processor.py:829} INFO - Processing file /home/gmassoqueto/repos/apache-airflow-101/.venv/lib/python3.11/site-packages/airflow/example_dags/example_sensors.py for tasks to queue
[2023-11-14T07:59:49.371-0300] {logging_mixin.py:154} INFO - [2023-11-14T07:59:49.371-0300] {dagbag.py:536} INFO - Filling up the DagBag from /home/gmassoqueto/repos/apache-airflow-101/.venv/lib/python3.11/site-packages/airflow/example_dags/example_sensors.py
[2023-11-14T07:59:49.383-0300] {processor.py:839} INFO - DAG(s) dict_keys(['example_sensors']) retrieved from /home/gmassoqueto/repos/apache-airflow-101/.venv/lib/python3.11/site-packages/airflow/example_dags/example_sensors.py
[2023-11-14T07:59:49.404-0300] {logging_mixin.py:154} INFO - [2023-11-14T07:59:49.404-0300] {dag.py:2941} INFO - Sync 1 DAGs
[2023-11-14T07:59:49.413-0300] {logging_mixin.py:154} INFO - [2023-11-14T07:59:49.413-0300] {dag.py:3722} INFO - Setting next_dagrun for example_sensors to None, run_after=None
[2023-11-14T07:59:49.433-0300] {processor.py:179} INFO - Processing /home/gmassoqueto/repos/apache-airflow-101/.venv/lib/python3.11/site-packages/airflow/example_dags/example_sensors.py took 0.069 seconds
[2023-11-14T08:00:40.051-0300] {processor.py:157} INFO - Started process (PID=287803) to work on /home/gmassoqueto/repos/apache-airflow-101/.venv/lib/python3.11/site-packages/airflow/example_dags/example_sensors.py
[2023-11-14T08:00:40.056-0300] {processor.py:829} INFO - Processing file /home/gmassoqueto/repos/apache-airflow-101/.venv/lib/python3.11/site-packages/airflow/example_dags/example_sensors.py for tasks to queue
[2023-11-14T08:00:40.057-0300] {logging_mixin.py:154} INFO - [2023-11-14T08:00:40.057-0300] {dagbag.py:536} INFO - Filling up the DagBag from /home/gmassoqueto/repos/apache-airflow-101/.venv/lib/python3.11/site-packages/airflow/example_dags/example_sensors.py
[2023-11-14T08:00:40.076-0300] {processor.py:839} INFO - DAG(s) dict_keys(['example_sensors']) retrieved from /home/gmassoqueto/repos/apache-airflow-101/.venv/lib/python3.11/site-packages/airflow/example_dags/example_sensors.py
[2023-11-14T08:00:40.100-0300] {logging_mixin.py:154} INFO - [2023-11-14T08:00:40.100-0300] {dag.py:2941} INFO - Sync 1 DAGs
[2023-11-14T08:00:40.111-0300] {logging_mixin.py:154} INFO - [2023-11-14T08:00:40.111-0300] {dag.py:3722} INFO - Setting next_dagrun for example_sensors to None, run_after=None
[2023-11-14T08:00:40.148-0300] {processor.py:179} INFO - Processing /home/gmassoqueto/repos/apache-airflow-101/.venv/lib/python3.11/site-packages/airflow/example_dags/example_sensors.py took 0.102 seconds
[2023-11-14T08:01:25.769-0300] {processor.py:157} INFO - Started process (PID=288040) to work on /home/gmassoqueto/repos/apache-airflow-101/.venv/lib/python3.11/site-packages/airflow/example_dags/example_sensors.py
[2023-11-14T08:01:25.772-0300] {processor.py:829} INFO - Processing file /home/gmassoqueto/repos/apache-airflow-101/.venv/lib/python3.11/site-packages/airflow/example_dags/example_sensors.py for tasks to queue
[2023-11-14T08:01:25.773-0300] {logging_mixin.py:154} INFO - [2023-11-14T08:01:25.773-0300] {dagbag.py:536} INFO - Filling up the DagBag from /home/gmassoqueto/repos/apache-airflow-101/.venv/lib/python3.11/site-packages/airflow/example_dags/example_sensors.py
[2023-11-14T08:01:25.783-0300] {processor.py:839} INFO - DAG(s) dict_keys(['example_sensors']) retrieved from /home/gmassoqueto/repos/apache-airflow-101/.venv/lib/python3.11/site-packages/airflow/example_dags/example_sensors.py
[2023-11-14T08:01:25.803-0300] {logging_mixin.py:154} INFO - [2023-11-14T08:01:25.803-0300] {dag.py:2941} INFO - Sync 1 DAGs
[2023-11-14T08:01:25.816-0300] {logging_mixin.py:154} INFO - [2023-11-14T08:01:25.816-0300] {dag.py:3722} INFO - Setting next_dagrun for example_sensors to None, run_after=None
[2023-11-14T08:01:25.840-0300] {processor.py:179} INFO - Processing /home/gmassoqueto/repos/apache-airflow-101/.venv/lib/python3.11/site-packages/airflow/example_dags/example_sensors.py took 0.074 seconds
[2023-11-14T08:02:14.839-0300] {processor.py:157} INFO - Started process (PID=288148) to work on /home/gmassoqueto/repos/apache-airflow-101/.venv/lib/python3.11/site-packages/airflow/example_dags/example_sensors.py
[2023-11-14T08:02:14.840-0300] {processor.py:829} INFO - Processing file /home/gmassoqueto/repos/apache-airflow-101/.venv/lib/python3.11/site-packages/airflow/example_dags/example_sensors.py for tasks to queue
[2023-11-14T08:02:14.842-0300] {logging_mixin.py:154} INFO - [2023-11-14T08:02:14.841-0300] {dagbag.py:536} INFO - Filling up the DagBag from /home/gmassoqueto/repos/apache-airflow-101/.venv/lib/python3.11/site-packages/airflow/example_dags/example_sensors.py
[2023-11-14T08:02:14.860-0300] {processor.py:839} INFO - DAG(s) dict_keys(['example_sensors']) retrieved from /home/gmassoqueto/repos/apache-airflow-101/.venv/lib/python3.11/site-packages/airflow/example_dags/example_sensors.py
[2023-11-14T08:02:14.881-0300] {logging_mixin.py:154} INFO - [2023-11-14T08:02:14.881-0300] {dag.py:2941} INFO - Sync 1 DAGs
[2023-11-14T08:02:14.891-0300] {logging_mixin.py:154} INFO - [2023-11-14T08:02:14.891-0300] {dag.py:3722} INFO - Setting next_dagrun for example_sensors to None, run_after=None
[2023-11-14T08:02:14.908-0300] {processor.py:179} INFO - Processing /home/gmassoqueto/repos/apache-airflow-101/.venv/lib/python3.11/site-packages/airflow/example_dags/example_sensors.py took 0.076 seconds
[2023-11-14T08:03:04.949-0300] {processor.py:157} INFO - Started process (PID=288337) to work on /home/gmassoqueto/repos/apache-airflow-101/.venv/lib/python3.11/site-packages/airflow/example_dags/example_sensors.py
[2023-11-14T08:03:04.953-0300] {processor.py:829} INFO - Processing file /home/gmassoqueto/repos/apache-airflow-101/.venv/lib/python3.11/site-packages/airflow/example_dags/example_sensors.py for tasks to queue
[2023-11-14T08:03:04.955-0300] {logging_mixin.py:154} INFO - [2023-11-14T08:03:04.954-0300] {dagbag.py:536} INFO - Filling up the DagBag from /home/gmassoqueto/repos/apache-airflow-101/.venv/lib/python3.11/site-packages/airflow/example_dags/example_sensors.py
[2023-11-14T08:03:04.973-0300] {processor.py:839} INFO - DAG(s) dict_keys(['example_sensors']) retrieved from /home/gmassoqueto/repos/apache-airflow-101/.venv/lib/python3.11/site-packages/airflow/example_dags/example_sensors.py
[2023-11-14T08:03:04.994-0300] {logging_mixin.py:154} INFO - [2023-11-14T08:03:04.994-0300] {dag.py:2941} INFO - Sync 1 DAGs
[2023-11-14T08:03:05.004-0300] {logging_mixin.py:154} INFO - [2023-11-14T08:03:05.003-0300] {dag.py:3722} INFO - Setting next_dagrun for example_sensors to None, run_after=None
[2023-11-14T08:03:05.024-0300] {processor.py:179} INFO - Processing /home/gmassoqueto/repos/apache-airflow-101/.venv/lib/python3.11/site-packages/airflow/example_dags/example_sensors.py took 0.080 seconds
[2023-11-14T08:03:52.574-0300] {processor.py:157} INFO - Started process (PID=288738) to work on /home/gmassoqueto/repos/apache-airflow-101/.venv/lib/python3.11/site-packages/airflow/example_dags/example_sensors.py
[2023-11-14T08:03:52.580-0300] {processor.py:829} INFO - Processing file /home/gmassoqueto/repos/apache-airflow-101/.venv/lib/python3.11/site-packages/airflow/example_dags/example_sensors.py for tasks to queue
[2023-11-14T08:03:52.583-0300] {logging_mixin.py:154} INFO - [2023-11-14T08:03:52.582-0300] {dagbag.py:536} INFO - Filling up the DagBag from /home/gmassoqueto/repos/apache-airflow-101/.venv/lib/python3.11/site-packages/airflow/example_dags/example_sensors.py
[2023-11-14T08:03:52.603-0300] {processor.py:839} INFO - DAG(s) dict_keys(['example_sensors']) retrieved from /home/gmassoqueto/repos/apache-airflow-101/.venv/lib/python3.11/site-packages/airflow/example_dags/example_sensors.py
[2023-11-14T08:03:52.623-0300] {logging_mixin.py:154} INFO - [2023-11-14T08:03:52.623-0300] {dag.py:2941} INFO - Sync 1 DAGs
[2023-11-14T08:03:52.632-0300] {logging_mixin.py:154} INFO - [2023-11-14T08:03:52.632-0300] {dag.py:3722} INFO - Setting next_dagrun for example_sensors to None, run_after=None
[2023-11-14T08:03:52.651-0300] {processor.py:179} INFO - Processing /home/gmassoqueto/repos/apache-airflow-101/.venv/lib/python3.11/site-packages/airflow/example_dags/example_sensors.py took 0.084 seconds
[2023-11-14T08:04:44.080-0300] {processor.py:157} INFO - Started process (PID=288959) to work on /home/gmassoqueto/repos/apache-airflow-101/.venv/lib/python3.11/site-packages/airflow/example_dags/example_sensors.py
[2023-11-14T08:04:44.083-0300] {processor.py:829} INFO - Processing file /home/gmassoqueto/repos/apache-airflow-101/.venv/lib/python3.11/site-packages/airflow/example_dags/example_sensors.py for tasks to queue
[2023-11-14T08:04:44.084-0300] {logging_mixin.py:154} INFO - [2023-11-14T08:04:44.084-0300] {dagbag.py:536} INFO - Filling up the DagBag from /home/gmassoqueto/repos/apache-airflow-101/.venv/lib/python3.11/site-packages/airflow/example_dags/example_sensors.py
[2023-11-14T08:04:44.096-0300] {processor.py:839} INFO - DAG(s) dict_keys(['example_sensors']) retrieved from /home/gmassoqueto/repos/apache-airflow-101/.venv/lib/python3.11/site-packages/airflow/example_dags/example_sensors.py
[2023-11-14T08:04:44.119-0300] {logging_mixin.py:154} INFO - [2023-11-14T08:04:44.118-0300] {dag.py:2941} INFO - Sync 1 DAGs
[2023-11-14T08:04:44.128-0300] {logging_mixin.py:154} INFO - [2023-11-14T08:04:44.128-0300] {dag.py:3722} INFO - Setting next_dagrun for example_sensors to None, run_after=None
[2023-11-14T08:04:44.145-0300] {processor.py:179} INFO - Processing /home/gmassoqueto/repos/apache-airflow-101/.venv/lib/python3.11/site-packages/airflow/example_dags/example_sensors.py took 0.068 seconds
[2023-11-14T08:05:31.123-0300] {processor.py:157} INFO - Started process (PID=289053) to work on /home/gmassoqueto/repos/apache-airflow-101/.venv/lib/python3.11/site-packages/airflow/example_dags/example_sensors.py
[2023-11-14T08:05:31.125-0300] {processor.py:829} INFO - Processing file /home/gmassoqueto/repos/apache-airflow-101/.venv/lib/python3.11/site-packages/airflow/example_dags/example_sensors.py for tasks to queue
[2023-11-14T08:05:31.127-0300] {logging_mixin.py:154} INFO - [2023-11-14T08:05:31.126-0300] {dagbag.py:536} INFO - Filling up the DagBag from /home/gmassoqueto/repos/apache-airflow-101/.venv/lib/python3.11/site-packages/airflow/example_dags/example_sensors.py
[2023-11-14T08:05:31.148-0300] {processor.py:839} INFO - DAG(s) dict_keys(['example_sensors']) retrieved from /home/gmassoqueto/repos/apache-airflow-101/.venv/lib/python3.11/site-packages/airflow/example_dags/example_sensors.py
[2023-11-14T08:05:31.168-0300] {logging_mixin.py:154} INFO - [2023-11-14T08:05:31.168-0300] {dag.py:2941} INFO - Sync 1 DAGs
[2023-11-14T08:05:31.177-0300] {logging_mixin.py:154} INFO - [2023-11-14T08:05:31.177-0300] {dag.py:3722} INFO - Setting next_dagrun for example_sensors to None, run_after=None
[2023-11-14T08:05:31.193-0300] {processor.py:179} INFO - Processing /home/gmassoqueto/repos/apache-airflow-101/.venv/lib/python3.11/site-packages/airflow/example_dags/example_sensors.py took 0.078 seconds
[2023-11-14T08:06:20.459-0300] {processor.py:157} INFO - Started process (PID=289199) to work on /home/gmassoqueto/repos/apache-airflow-101/.venv/lib/python3.11/site-packages/airflow/example_dags/example_sensors.py
[2023-11-14T08:06:20.463-0300] {processor.py:829} INFO - Processing file /home/gmassoqueto/repos/apache-airflow-101/.venv/lib/python3.11/site-packages/airflow/example_dags/example_sensors.py for tasks to queue
[2023-11-14T08:06:20.464-0300] {logging_mixin.py:154} INFO - [2023-11-14T08:06:20.463-0300] {dagbag.py:536} INFO - Filling up the DagBag from /home/gmassoqueto/repos/apache-airflow-101/.venv/lib/python3.11/site-packages/airflow/example_dags/example_sensors.py
[2023-11-14T08:06:20.476-0300] {processor.py:839} INFO - DAG(s) dict_keys(['example_sensors']) retrieved from /home/gmassoqueto/repos/apache-airflow-101/.venv/lib/python3.11/site-packages/airflow/example_dags/example_sensors.py
[2023-11-14T08:06:20.492-0300] {logging_mixin.py:154} INFO - [2023-11-14T08:06:20.492-0300] {dag.py:2941} INFO - Sync 1 DAGs
[2023-11-14T08:06:20.501-0300] {logging_mixin.py:154} INFO - [2023-11-14T08:06:20.501-0300] {dag.py:3722} INFO - Setting next_dagrun for example_sensors to None, run_after=None
[2023-11-14T08:06:20.529-0300] {processor.py:179} INFO - Processing /home/gmassoqueto/repos/apache-airflow-101/.venv/lib/python3.11/site-packages/airflow/example_dags/example_sensors.py took 0.076 seconds
[2023-11-14T08:07:09.685-0300] {processor.py:157} INFO - Started process (PID=289315) to work on /home/gmassoqueto/repos/apache-airflow-101/.venv/lib/python3.11/site-packages/airflow/example_dags/example_sensors.py
[2023-11-14T08:07:09.690-0300] {processor.py:829} INFO - Processing file /home/gmassoqueto/repos/apache-airflow-101/.venv/lib/python3.11/site-packages/airflow/example_dags/example_sensors.py for tasks to queue
[2023-11-14T08:07:09.693-0300] {logging_mixin.py:154} INFO - [2023-11-14T08:07:09.691-0300] {dagbag.py:536} INFO - Filling up the DagBag from /home/gmassoqueto/repos/apache-airflow-101/.venv/lib/python3.11/site-packages/airflow/example_dags/example_sensors.py
[2023-11-14T08:07:09.718-0300] {processor.py:839} INFO - DAG(s) dict_keys(['example_sensors']) retrieved from /home/gmassoqueto/repos/apache-airflow-101/.venv/lib/python3.11/site-packages/airflow/example_dags/example_sensors.py
[2023-11-14T08:07:09.743-0300] {logging_mixin.py:154} INFO - [2023-11-14T08:07:09.742-0300] {dag.py:2941} INFO - Sync 1 DAGs
[2023-11-14T08:07:09.753-0300] {logging_mixin.py:154} INFO - [2023-11-14T08:07:09.753-0300] {dag.py:3722} INFO - Setting next_dagrun for example_sensors to None, run_after=None
[2023-11-14T08:07:09.780-0300] {processor.py:179} INFO - Processing /home/gmassoqueto/repos/apache-airflow-101/.venv/lib/python3.11/site-packages/airflow/example_dags/example_sensors.py took 0.103 seconds
[2023-11-14T08:07:57.414-0300] {processor.py:157} INFO - Started process (PID=289552) to work on /home/gmassoqueto/repos/apache-airflow-101/.venv/lib/python3.11/site-packages/airflow/example_dags/example_sensors.py
[2023-11-14T08:07:57.414-0300] {processor.py:829} INFO - Processing file /home/gmassoqueto/repos/apache-airflow-101/.venv/lib/python3.11/site-packages/airflow/example_dags/example_sensors.py for tasks to queue
[2023-11-14T08:07:57.415-0300] {logging_mixin.py:154} INFO - [2023-11-14T08:07:57.415-0300] {dagbag.py:536} INFO - Filling up the DagBag from /home/gmassoqueto/repos/apache-airflow-101/.venv/lib/python3.11/site-packages/airflow/example_dags/example_sensors.py
[2023-11-14T08:07:57.422-0300] {processor.py:839} INFO - DAG(s) dict_keys(['example_sensors']) retrieved from /home/gmassoqueto/repos/apache-airflow-101/.venv/lib/python3.11/site-packages/airflow/example_dags/example_sensors.py
[2023-11-14T08:07:57.511-0300] {logging_mixin.py:154} INFO - [2023-11-14T08:07:57.511-0300] {manager.py:499} INFO - Created Permission View: %s
[2023-11-14T08:07:57.520-0300] {logging_mixin.py:154} INFO - [2023-11-14T08:07:57.520-0300] {manager.py:499} INFO - Created Permission View: %s
[2023-11-14T08:07:57.529-0300] {logging_mixin.py:154} INFO - [2023-11-14T08:07:57.529-0300] {manager.py:499} INFO - Created Permission View: %s
[2023-11-14T08:07:57.529-0300] {logging_mixin.py:154} INFO - [2023-11-14T08:07:57.529-0300] {dag.py:2941} INFO - Sync 1 DAGs
[2023-11-14T08:07:57.538-0300] {logging_mixin.py:154} INFO - [2023-11-14T08:07:57.538-0300] {dag.py:2963} INFO - Creating ORM DAG for example_sensors
[2023-11-14T08:07:57.538-0300] {logging_mixin.py:154} INFO - [2023-11-14T08:07:57.538-0300] {dag.py:3722} INFO - Setting next_dagrun for example_sensors to None, run_after=None
[2023-11-14T08:07:57.563-0300] {processor.py:179} INFO - Processing /home/gmassoqueto/repos/apache-airflow-101/.venv/lib/python3.11/site-packages/airflow/example_dags/example_sensors.py took 0.151 seconds
[2023-11-14T08:08:23.726-0300] {processor.py:157} INFO - Started process (PID=289727) to work on /home/gmassoqueto/repos/apache-airflow-101/.venv/lib/python3.11/site-packages/airflow/example_dags/example_sensors.py
[2023-11-14T08:08:23.728-0300] {processor.py:829} INFO - Processing file /home/gmassoqueto/repos/apache-airflow-101/.venv/lib/python3.11/site-packages/airflow/example_dags/example_sensors.py for tasks to queue
[2023-11-14T08:08:23.729-0300] {logging_mixin.py:154} INFO - [2023-11-14T08:08:23.728-0300] {dagbag.py:536} INFO - Filling up the DagBag from /home/gmassoqueto/repos/apache-airflow-101/.venv/lib/python3.11/site-packages/airflow/example_dags/example_sensors.py
[2023-11-14T08:08:23.747-0300] {processor.py:839} INFO - DAG(s) dict_keys(['example_sensors']) retrieved from /home/gmassoqueto/repos/apache-airflow-101/.venv/lib/python3.11/site-packages/airflow/example_dags/example_sensors.py
[2023-11-14T08:08:23.755-0300] {logging_mixin.py:154} INFO - [2023-11-14T08:08:23.755-0300] {dag.py:2941} INFO - Sync 1 DAGs
[2023-11-14T08:08:23.766-0300] {logging_mixin.py:154} INFO - [2023-11-14T08:08:23.766-0300] {dag.py:3722} INFO - Setting next_dagrun for example_sensors to None, run_after=None
[2023-11-14T08:08:23.782-0300] {processor.py:179} INFO - Processing /home/gmassoqueto/repos/apache-airflow-101/.venv/lib/python3.11/site-packages/airflow/example_dags/example_sensors.py took 0.061 seconds
[2023-11-14T08:10:03.989-0300] {processor.py:157} INFO - Started process (PID=290546) to work on /home/gmassoqueto/repos/apache-airflow-101/.venv/lib/python3.11/site-packages/airflow/example_dags/example_sensors.py
[2023-11-14T08:10:04.030-0300] {processor.py:829} INFO - Processing file /home/gmassoqueto/repos/apache-airflow-101/.venv/lib/python3.11/site-packages/airflow/example_dags/example_sensors.py for tasks to queue
[2023-11-14T08:10:04.031-0300] {logging_mixin.py:154} INFO - [2023-11-14T08:10:04.031-0300] {dagbag.py:536} INFO - Filling up the DagBag from /home/gmassoqueto/repos/apache-airflow-101/.venv/lib/python3.11/site-packages/airflow/example_dags/example_sensors.py
[2023-11-14T08:10:04.045-0300] {processor.py:839} INFO - DAG(s) dict_keys(['example_sensors']) retrieved from /home/gmassoqueto/repos/apache-airflow-101/.venv/lib/python3.11/site-packages/airflow/example_dags/example_sensors.py
[2023-11-14T08:10:04.054-0300] {logging_mixin.py:154} INFO - [2023-11-14T08:10:04.054-0300] {dag.py:2941} INFO - Sync 1 DAGs
[2023-11-14T08:10:04.067-0300] {logging_mixin.py:154} INFO - [2023-11-14T08:10:04.067-0300] {dag.py:3722} INFO - Setting next_dagrun for example_sensors to None, run_after=None
[2023-11-14T08:10:04.086-0300] {processor.py:179} INFO - Processing /home/gmassoqueto/repos/apache-airflow-101/.venv/lib/python3.11/site-packages/airflow/example_dags/example_sensors.py took 0.100 seconds
[2023-11-14T08:10:53.291-0300] {processor.py:157} INFO - Started process (PID=291104) to work on /home/gmassoqueto/repos/apache-airflow-101/.venv/lib/python3.11/site-packages/airflow/example_dags/example_sensors.py
[2023-11-14T08:10:53.294-0300] {processor.py:829} INFO - Processing file /home/gmassoqueto/repos/apache-airflow-101/.venv/lib/python3.11/site-packages/airflow/example_dags/example_sensors.py for tasks to queue
[2023-11-14T08:10:53.295-0300] {logging_mixin.py:154} INFO - [2023-11-14T08:10:53.295-0300] {dagbag.py:536} INFO - Filling up the DagBag from /home/gmassoqueto/repos/apache-airflow-101/.venv/lib/python3.11/site-packages/airflow/example_dags/example_sensors.py
[2023-11-14T08:10:53.306-0300] {processor.py:839} INFO - DAG(s) dict_keys(['example_sensors']) retrieved from /home/gmassoqueto/repos/apache-airflow-101/.venv/lib/python3.11/site-packages/airflow/example_dags/example_sensors.py
[2023-11-14T08:10:53.325-0300] {logging_mixin.py:154} INFO - [2023-11-14T08:10:53.325-0300] {dag.py:2941} INFO - Sync 1 DAGs
[2023-11-14T08:10:53.335-0300] {logging_mixin.py:154} INFO - [2023-11-14T08:10:53.334-0300] {dag.py:3722} INFO - Setting next_dagrun for example_sensors to None, run_after=None
[2023-11-14T08:10:53.359-0300] {processor.py:179} INFO - Processing /home/gmassoqueto/repos/apache-airflow-101/.venv/lib/python3.11/site-packages/airflow/example_dags/example_sensors.py took 0.071 seconds
[2023-11-14T08:11:39.629-0300] {processor.py:157} INFO - Started process (PID=291232) to work on /home/gmassoqueto/repos/apache-airflow-101/.venv/lib/python3.11/site-packages/airflow/example_dags/example_sensors.py
[2023-11-14T08:11:39.633-0300] {processor.py:829} INFO - Processing file /home/gmassoqueto/repos/apache-airflow-101/.venv/lib/python3.11/site-packages/airflow/example_dags/example_sensors.py for tasks to queue
[2023-11-14T08:11:39.634-0300] {logging_mixin.py:154} INFO - [2023-11-14T08:11:39.633-0300] {dagbag.py:536} INFO - Filling up the DagBag from /home/gmassoqueto/repos/apache-airflow-101/.venv/lib/python3.11/site-packages/airflow/example_dags/example_sensors.py
[2023-11-14T08:11:39.648-0300] {processor.py:839} INFO - DAG(s) dict_keys(['example_sensors']) retrieved from /home/gmassoqueto/repos/apache-airflow-101/.venv/lib/python3.11/site-packages/airflow/example_dags/example_sensors.py
[2023-11-14T08:11:39.672-0300] {logging_mixin.py:154} INFO - [2023-11-14T08:11:39.672-0300] {dag.py:2941} INFO - Sync 1 DAGs
[2023-11-14T08:11:39.681-0300] {logging_mixin.py:154} INFO - [2023-11-14T08:11:39.681-0300] {dag.py:3722} INFO - Setting next_dagrun for example_sensors to None, run_after=None
[2023-11-14T08:11:39.699-0300] {processor.py:179} INFO - Processing /home/gmassoqueto/repos/apache-airflow-101/.venv/lib/python3.11/site-packages/airflow/example_dags/example_sensors.py took 0.073 seconds
[2023-11-14T08:12:24.765-0300] {processor.py:157} INFO - Started process (PID=291428) to work on /home/gmassoqueto/repos/apache-airflow-101/.venv/lib/python3.11/site-packages/airflow/example_dags/example_sensors.py
[2023-11-14T08:12:24.769-0300] {processor.py:829} INFO - Processing file /home/gmassoqueto/repos/apache-airflow-101/.venv/lib/python3.11/site-packages/airflow/example_dags/example_sensors.py for tasks to queue
[2023-11-14T08:12:24.770-0300] {logging_mixin.py:154} INFO - [2023-11-14T08:12:24.769-0300] {dagbag.py:536} INFO - Filling up the DagBag from /home/gmassoqueto/repos/apache-airflow-101/.venv/lib/python3.11/site-packages/airflow/example_dags/example_sensors.py
[2023-11-14T08:12:24.780-0300] {processor.py:839} INFO - DAG(s) dict_keys(['example_sensors']) retrieved from /home/gmassoqueto/repos/apache-airflow-101/.venv/lib/python3.11/site-packages/airflow/example_dags/example_sensors.py
[2023-11-14T08:12:24.787-0300] {logging_mixin.py:154} INFO - [2023-11-14T08:12:24.787-0300] {dag.py:2941} INFO - Sync 1 DAGs
[2023-11-14T08:12:24.798-0300] {logging_mixin.py:154} INFO - [2023-11-14T08:12:24.798-0300] {dag.py:3722} INFO - Setting next_dagrun for example_sensors to None, run_after=None
[2023-11-14T08:12:24.816-0300] {processor.py:179} INFO - Processing /home/gmassoqueto/repos/apache-airflow-101/.venv/lib/python3.11/site-packages/airflow/example_dags/example_sensors.py took 0.053 seconds
[2023-11-14T08:13:11.321-0300] {processor.py:157} INFO - Started process (PID=291595) to work on /home/gmassoqueto/repos/apache-airflow-101/.venv/lib/python3.11/site-packages/airflow/example_dags/example_sensors.py
[2023-11-14T08:13:11.325-0300] {processor.py:829} INFO - Processing file /home/gmassoqueto/repos/apache-airflow-101/.venv/lib/python3.11/site-packages/airflow/example_dags/example_sensors.py for tasks to queue
[2023-11-14T08:13:11.327-0300] {logging_mixin.py:154} INFO - [2023-11-14T08:13:11.326-0300] {dagbag.py:536} INFO - Filling up the DagBag from /home/gmassoqueto/repos/apache-airflow-101/.venv/lib/python3.11/site-packages/airflow/example_dags/example_sensors.py
[2023-11-14T08:13:11.347-0300] {processor.py:839} INFO - DAG(s) dict_keys(['example_sensors']) retrieved from /home/gmassoqueto/repos/apache-airflow-101/.venv/lib/python3.11/site-packages/airflow/example_dags/example_sensors.py
[2023-11-14T08:13:11.367-0300] {logging_mixin.py:154} INFO - [2023-11-14T08:13:11.367-0300] {dag.py:2941} INFO - Sync 1 DAGs
[2023-11-14T08:13:11.375-0300] {logging_mixin.py:154} INFO - [2023-11-14T08:13:11.375-0300] {dag.py:3722} INFO - Setting next_dagrun for example_sensors to None, run_after=None
[2023-11-14T08:13:11.393-0300] {processor.py:179} INFO - Processing /home/gmassoqueto/repos/apache-airflow-101/.venv/lib/python3.11/site-packages/airflow/example_dags/example_sensors.py took 0.079 seconds
[2023-11-14T08:13:57.311-0300] {processor.py:157} INFO - Started process (PID=291682) to work on /home/gmassoqueto/repos/apache-airflow-101/.venv/lib/python3.11/site-packages/airflow/example_dags/example_sensors.py
[2023-11-14T08:13:57.315-0300] {processor.py:829} INFO - Processing file /home/gmassoqueto/repos/apache-airflow-101/.venv/lib/python3.11/site-packages/airflow/example_dags/example_sensors.py for tasks to queue
[2023-11-14T08:13:57.316-0300] {logging_mixin.py:154} INFO - [2023-11-14T08:13:57.315-0300] {dagbag.py:536} INFO - Filling up the DagBag from /home/gmassoqueto/repos/apache-airflow-101/.venv/lib/python3.11/site-packages/airflow/example_dags/example_sensors.py
[2023-11-14T08:13:57.330-0300] {processor.py:839} INFO - DAG(s) dict_keys(['example_sensors']) retrieved from /home/gmassoqueto/repos/apache-airflow-101/.venv/lib/python3.11/site-packages/airflow/example_dags/example_sensors.py
[2023-11-14T08:13:57.354-0300] {logging_mixin.py:154} INFO - [2023-11-14T08:13:57.354-0300] {dag.py:2941} INFO - Sync 1 DAGs
[2023-11-14T08:13:57.363-0300] {logging_mixin.py:154} INFO - [2023-11-14T08:13:57.363-0300] {dag.py:3722} INFO - Setting next_dagrun for example_sensors to None, run_after=None
[2023-11-14T08:13:57.380-0300] {processor.py:179} INFO - Processing /home/gmassoqueto/repos/apache-airflow-101/.venv/lib/python3.11/site-packages/airflow/example_dags/example_sensors.py took 0.072 seconds
[2023-11-14T08:14:44.607-0300] {processor.py:157} INFO - Started process (PID=291843) to work on /home/gmassoqueto/repos/apache-airflow-101/.venv/lib/python3.11/site-packages/airflow/example_dags/example_sensors.py
[2023-11-14T08:14:44.612-0300] {processor.py:829} INFO - Processing file /home/gmassoqueto/repos/apache-airflow-101/.venv/lib/python3.11/site-packages/airflow/example_dags/example_sensors.py for tasks to queue
[2023-11-14T08:14:44.614-0300] {logging_mixin.py:154} INFO - [2023-11-14T08:14:44.613-0300] {dagbag.py:536} INFO - Filling up the DagBag from /home/gmassoqueto/repos/apache-airflow-101/.venv/lib/python3.11/site-packages/airflow/example_dags/example_sensors.py
[2023-11-14T08:14:44.637-0300] {processor.py:839} INFO - DAG(s) dict_keys(['example_sensors']) retrieved from /home/gmassoqueto/repos/apache-airflow-101/.venv/lib/python3.11/site-packages/airflow/example_dags/example_sensors.py
[2023-11-14T08:14:44.657-0300] {logging_mixin.py:154} INFO - [2023-11-14T08:14:44.657-0300] {dag.py:2941} INFO - Sync 1 DAGs
[2023-11-14T08:14:44.665-0300] {logging_mixin.py:154} INFO - [2023-11-14T08:14:44.665-0300] {dag.py:3722} INFO - Setting next_dagrun for example_sensors to None, run_after=None
[2023-11-14T08:14:44.681-0300] {processor.py:179} INFO - Processing /home/gmassoqueto/repos/apache-airflow-101/.venv/lib/python3.11/site-packages/airflow/example_dags/example_sensors.py took 0.080 seconds
[2023-11-14T08:15:32.821-0300] {processor.py:157} INFO - Started process (PID=291925) to work on /home/gmassoqueto/repos/apache-airflow-101/.venv/lib/python3.11/site-packages/airflow/example_dags/example_sensors.py
[2023-11-14T08:15:32.824-0300] {processor.py:829} INFO - Processing file /home/gmassoqueto/repos/apache-airflow-101/.venv/lib/python3.11/site-packages/airflow/example_dags/example_sensors.py for tasks to queue
[2023-11-14T08:15:32.825-0300] {logging_mixin.py:154} INFO - [2023-11-14T08:15:32.825-0300] {dagbag.py:536} INFO - Filling up the DagBag from /home/gmassoqueto/repos/apache-airflow-101/.venv/lib/python3.11/site-packages/airflow/example_dags/example_sensors.py
[2023-11-14T08:15:32.835-0300] {processor.py:839} INFO - DAG(s) dict_keys(['example_sensors']) retrieved from /home/gmassoqueto/repos/apache-airflow-101/.venv/lib/python3.11/site-packages/airflow/example_dags/example_sensors.py
[2023-11-14T08:15:32.853-0300] {logging_mixin.py:154} INFO - [2023-11-14T08:15:32.853-0300] {dag.py:2941} INFO - Sync 1 DAGs
[2023-11-14T08:15:32.862-0300] {logging_mixin.py:154} INFO - [2023-11-14T08:15:32.862-0300] {dag.py:3722} INFO - Setting next_dagrun for example_sensors to None, run_after=None
[2023-11-14T08:15:32.878-0300] {processor.py:179} INFO - Processing /home/gmassoqueto/repos/apache-airflow-101/.venv/lib/python3.11/site-packages/airflow/example_dags/example_sensors.py took 0.060 seconds
[2023-11-14T08:16:20.201-0300] {processor.py:157} INFO - Started process (PID=292014) to work on /home/gmassoqueto/repos/apache-airflow-101/.venv/lib/python3.11/site-packages/airflow/example_dags/example_sensors.py
[2023-11-14T08:16:20.205-0300] {processor.py:829} INFO - Processing file /home/gmassoqueto/repos/apache-airflow-101/.venv/lib/python3.11/site-packages/airflow/example_dags/example_sensors.py for tasks to queue
[2023-11-14T08:16:20.206-0300] {logging_mixin.py:154} INFO - [2023-11-14T08:16:20.205-0300] {dagbag.py:536} INFO - Filling up the DagBag from /home/gmassoqueto/repos/apache-airflow-101/.venv/lib/python3.11/site-packages/airflow/example_dags/example_sensors.py
[2023-11-14T08:16:20.216-0300] {processor.py:839} INFO - DAG(s) dict_keys(['example_sensors']) retrieved from /home/gmassoqueto/repos/apache-airflow-101/.venv/lib/python3.11/site-packages/airflow/example_dags/example_sensors.py
[2023-11-14T08:16:20.236-0300] {logging_mixin.py:154} INFO - [2023-11-14T08:16:20.236-0300] {dag.py:2941} INFO - Sync 1 DAGs
[2023-11-14T08:16:20.245-0300] {logging_mixin.py:154} INFO - [2023-11-14T08:16:20.245-0300] {dag.py:3722} INFO - Setting next_dagrun for example_sensors to None, run_after=None
[2023-11-14T08:16:20.262-0300] {processor.py:179} INFO - Processing /home/gmassoqueto/repos/apache-airflow-101/.venv/lib/python3.11/site-packages/airflow/example_dags/example_sensors.py took 0.062 seconds
[2023-11-14T08:17:10.433-0300] {processor.py:157} INFO - Started process (PID=292101) to work on /home/gmassoqueto/repos/apache-airflow-101/.venv/lib/python3.11/site-packages/airflow/example_dags/example_sensors.py
[2023-11-14T08:17:10.438-0300] {processor.py:829} INFO - Processing file /home/gmassoqueto/repos/apache-airflow-101/.venv/lib/python3.11/site-packages/airflow/example_dags/example_sensors.py for tasks to queue
[2023-11-14T08:17:10.439-0300] {logging_mixin.py:154} INFO - [2023-11-14T08:17:10.439-0300] {dagbag.py:536} INFO - Filling up the DagBag from /home/gmassoqueto/repos/apache-airflow-101/.venv/lib/python3.11/site-packages/airflow/example_dags/example_sensors.py
[2023-11-14T08:17:10.453-0300] {processor.py:839} INFO - DAG(s) dict_keys(['example_sensors']) retrieved from /home/gmassoqueto/repos/apache-airflow-101/.venv/lib/python3.11/site-packages/airflow/example_dags/example_sensors.py
[2023-11-14T08:17:10.471-0300] {logging_mixin.py:154} INFO - [2023-11-14T08:17:10.471-0300] {dag.py:2941} INFO - Sync 1 DAGs
[2023-11-14T08:17:10.479-0300] {logging_mixin.py:154} INFO - [2023-11-14T08:17:10.479-0300] {dag.py:3722} INFO - Setting next_dagrun for example_sensors to None, run_after=None
[2023-11-14T08:17:10.500-0300] {processor.py:179} INFO - Processing /home/gmassoqueto/repos/apache-airflow-101/.venv/lib/python3.11/site-packages/airflow/example_dags/example_sensors.py took 0.073 seconds
[2023-11-14T08:17:59.751-0300] {processor.py:157} INFO - Started process (PID=292208) to work on /home/gmassoqueto/repos/apache-airflow-101/.venv/lib/python3.11/site-packages/airflow/example_dags/example_sensors.py
[2023-11-14T08:17:59.755-0300] {processor.py:829} INFO - Processing file /home/gmassoqueto/repos/apache-airflow-101/.venv/lib/python3.11/site-packages/airflow/example_dags/example_sensors.py for tasks to queue
[2023-11-14T08:17:59.756-0300] {logging_mixin.py:154} INFO - [2023-11-14T08:17:59.756-0300] {dagbag.py:536} INFO - Filling up the DagBag from /home/gmassoqueto/repos/apache-airflow-101/.venv/lib/python3.11/site-packages/airflow/example_dags/example_sensors.py
[2023-11-14T08:17:59.767-0300] {processor.py:839} INFO - DAG(s) dict_keys(['example_sensors']) retrieved from /home/gmassoqueto/repos/apache-airflow-101/.venv/lib/python3.11/site-packages/airflow/example_dags/example_sensors.py
[2023-11-14T08:17:59.785-0300] {logging_mixin.py:154} INFO - [2023-11-14T08:17:59.784-0300] {dag.py:2941} INFO - Sync 1 DAGs
[2023-11-14T08:17:59.794-0300] {logging_mixin.py:154} INFO - [2023-11-14T08:17:59.794-0300] {dag.py:3722} INFO - Setting next_dagrun for example_sensors to None, run_after=None
[2023-11-14T08:17:59.812-0300] {processor.py:179} INFO - Processing /home/gmassoqueto/repos/apache-airflow-101/.venv/lib/python3.11/site-packages/airflow/example_dags/example_sensors.py took 0.066 seconds
