[2023-11-14T07:03:26.314-0300] {processor.py:157} INFO - Started process (PID=284761) to work on /home/gmassoqueto/repos/apache-airflow-101/.venv/lib/python3.11/site-packages/airflow/example_dags/example_skip_dag.py
[2023-11-14T07:03:26.315-0300] {processor.py:829} INFO - Processing file /home/gmassoqueto/repos/apache-airflow-101/.venv/lib/python3.11/site-packages/airflow/example_dags/example_skip_dag.py for tasks to queue
[2023-11-14T07:03:26.316-0300] {logging_mixin.py:154} INFO - [2023-11-14T07:03:26.315-0300] {dagbag.py:536} INFO - Filling up the DagBag from /home/gmassoqueto/repos/apache-airflow-101/.venv/lib/python3.11/site-packages/airflow/example_dags/example_skip_dag.py
[2023-11-14T07:03:26.327-0300] {processor.py:839} INFO - DAG(s) dict_keys(['example_skip_dag']) retrieved from /home/gmassoqueto/repos/apache-airflow-101/.venv/lib/python3.11/site-packages/airflow/example_dags/example_skip_dag.py
[2023-11-14T07:03:26.336-0300] {logging_mixin.py:154} INFO - [2023-11-14T07:03:26.336-0300] {dag.py:2941} INFO - Sync 1 DAGs
[2023-11-14T07:03:26.358-0300] {logging_mixin.py:154} INFO - [2023-11-14T07:03:26.358-0300] {dag.py:3722} INFO - Setting next_dagrun for example_skip_dag to 2023-11-13T10:03:26.358118+00:00, run_after=2023-11-14T10:03:26.358118+00:00
[2023-11-14T07:03:26.374-0300] {processor.py:179} INFO - Processing /home/gmassoqueto/repos/apache-airflow-101/.venv/lib/python3.11/site-packages/airflow/example_dags/example_skip_dag.py took 0.062 seconds
[2023-11-14T07:04:12.177-0300] {processor.py:157} INFO - Started process (PID=284840) to work on /home/gmassoqueto/repos/apache-airflow-101/.venv/lib/python3.11/site-packages/airflow/example_dags/example_skip_dag.py
[2023-11-14T07:04:12.181-0300] {processor.py:829} INFO - Processing file /home/gmassoqueto/repos/apache-airflow-101/.venv/lib/python3.11/site-packages/airflow/example_dags/example_skip_dag.py for tasks to queue
[2023-11-14T07:04:12.182-0300] {logging_mixin.py:154} INFO - [2023-11-14T07:04:12.182-0300] {dagbag.py:536} INFO - Filling up the DagBag from /home/gmassoqueto/repos/apache-airflow-101/.venv/lib/python3.11/site-packages/airflow/example_dags/example_skip_dag.py
[2023-11-14T07:04:12.191-0300] {processor.py:839} INFO - DAG(s) dict_keys(['example_skip_dag']) retrieved from /home/gmassoqueto/repos/apache-airflow-101/.venv/lib/python3.11/site-packages/airflow/example_dags/example_skip_dag.py
[2023-11-14T07:04:12.212-0300] {logging_mixin.py:154} INFO - [2023-11-14T07:04:12.212-0300] {dag.py:2941} INFO - Sync 1 DAGs
[2023-11-14T07:04:12.229-0300] {logging_mixin.py:154} INFO - [2023-11-14T07:04:12.229-0300] {dag.py:3722} INFO - Setting next_dagrun for example_skip_dag to 2023-11-13T10:04:12.229615+00:00, run_after=2023-11-14T10:04:12.229615+00:00
[2023-11-14T07:04:12.255-0300] {processor.py:179} INFO - Processing /home/gmassoqueto/repos/apache-airflow-101/.venv/lib/python3.11/site-packages/airflow/example_dags/example_skip_dag.py took 0.080 seconds
[2023-11-14T07:57:21.393-0300] {processor.py:157} INFO - Started process (PID=287188) to work on /home/gmassoqueto/repos/apache-airflow-101/.venv/lib/python3.11/site-packages/airflow/example_dags/example_skip_dag.py
[2023-11-14T07:57:21.398-0300] {processor.py:829} INFO - Processing file /home/gmassoqueto/repos/apache-airflow-101/.venv/lib/python3.11/site-packages/airflow/example_dags/example_skip_dag.py for tasks to queue
[2023-11-14T07:57:21.401-0300] {logging_mixin.py:154} INFO - [2023-11-14T07:57:21.400-0300] {dagbag.py:536} INFO - Filling up the DagBag from /home/gmassoqueto/repos/apache-airflow-101/.venv/lib/python3.11/site-packages/airflow/example_dags/example_skip_dag.py
[2023-11-14T07:57:21.425-0300] {processor.py:839} INFO - DAG(s) dict_keys(['example_skip_dag']) retrieved from /home/gmassoqueto/repos/apache-airflow-101/.venv/lib/python3.11/site-packages/airflow/example_dags/example_skip_dag.py
[2023-11-14T07:57:21.436-0300] {logging_mixin.py:154} INFO - [2023-11-14T07:57:21.435-0300] {dag.py:2941} INFO - Sync 1 DAGs
[2023-11-14T07:57:21.457-0300] {logging_mixin.py:154} INFO - [2023-11-14T07:57:21.457-0300] {dag.py:3722} INFO - Setting next_dagrun for example_skip_dag to 2023-11-13T10:57:21.456920+00:00, run_after=2023-11-14T10:57:21.456920+00:00
[2023-11-14T07:57:21.477-0300] {processor.py:179} INFO - Processing /home/gmassoqueto/repos/apache-airflow-101/.venv/lib/python3.11/site-packages/airflow/example_dags/example_skip_dag.py took 0.091 seconds
[2023-11-14T07:58:07.964-0300] {processor.py:157} INFO - Started process (PID=287391) to work on /home/gmassoqueto/repos/apache-airflow-101/.venv/lib/python3.11/site-packages/airflow/example_dags/example_skip_dag.py
[2023-11-14T07:58:07.968-0300] {processor.py:829} INFO - Processing file /home/gmassoqueto/repos/apache-airflow-101/.venv/lib/python3.11/site-packages/airflow/example_dags/example_skip_dag.py for tasks to queue
[2023-11-14T07:58:07.969-0300] {logging_mixin.py:154} INFO - [2023-11-14T07:58:07.969-0300] {dagbag.py:536} INFO - Filling up the DagBag from /home/gmassoqueto/repos/apache-airflow-101/.venv/lib/python3.11/site-packages/airflow/example_dags/example_skip_dag.py
[2023-11-14T07:58:07.981-0300] {processor.py:839} INFO - DAG(s) dict_keys(['example_skip_dag']) retrieved from /home/gmassoqueto/repos/apache-airflow-101/.venv/lib/python3.11/site-packages/airflow/example_dags/example_skip_dag.py
[2023-11-14T07:58:07.999-0300] {logging_mixin.py:154} INFO - [2023-11-14T07:58:07.999-0300] {dag.py:2941} INFO - Sync 1 DAGs
[2023-11-14T07:58:08.018-0300] {logging_mixin.py:154} INFO - [2023-11-14T07:58:08.018-0300] {dag.py:3722} INFO - Setting next_dagrun for example_skip_dag to 2023-11-13T10:58:08.018177+00:00, run_after=2023-11-14T10:58:08.018177+00:00
[2023-11-14T07:58:08.040-0300] {processor.py:179} INFO - Processing /home/gmassoqueto/repos/apache-airflow-101/.venv/lib/python3.11/site-packages/airflow/example_dags/example_skip_dag.py took 0.080 seconds
[2023-11-14T07:58:52.433-0300] {processor.py:157} INFO - Started process (PID=287539) to work on /home/gmassoqueto/repos/apache-airflow-101/.venv/lib/python3.11/site-packages/airflow/example_dags/example_skip_dag.py
[2023-11-14T07:58:52.434-0300] {processor.py:829} INFO - Processing file /home/gmassoqueto/repos/apache-airflow-101/.venv/lib/python3.11/site-packages/airflow/example_dags/example_skip_dag.py for tasks to queue
[2023-11-14T07:58:52.434-0300] {logging_mixin.py:154} INFO - [2023-11-14T07:58:52.434-0300] {dagbag.py:536} INFO - Filling up the DagBag from /home/gmassoqueto/repos/apache-airflow-101/.venv/lib/python3.11/site-packages/airflow/example_dags/example_skip_dag.py
[2023-11-14T07:58:52.441-0300] {processor.py:839} INFO - DAG(s) dict_keys(['example_skip_dag']) retrieved from /home/gmassoqueto/repos/apache-airflow-101/.venv/lib/python3.11/site-packages/airflow/example_dags/example_skip_dag.py
[2023-11-14T07:58:52.462-0300] {logging_mixin.py:154} INFO - [2023-11-14T07:58:52.462-0300] {dag.py:2941} INFO - Sync 1 DAGs
[2023-11-14T07:58:52.481-0300] {logging_mixin.py:154} INFO - [2023-11-14T07:58:52.480-0300] {dag.py:3722} INFO - Setting next_dagrun for example_skip_dag to 2023-11-13T10:58:52.480688+00:00, run_after=2023-11-14T10:58:52.480688+00:00
[2023-11-14T07:58:52.504-0300] {processor.py:179} INFO - Processing /home/gmassoqueto/repos/apache-airflow-101/.venv/lib/python3.11/site-packages/airflow/example_dags/example_skip_dag.py took 0.073 seconds
[2023-11-14T07:59:39.641-0300] {processor.py:157} INFO - Started process (PID=287636) to work on /home/gmassoqueto/repos/apache-airflow-101/.venv/lib/python3.11/site-packages/airflow/example_dags/example_skip_dag.py
[2023-11-14T07:59:39.646-0300] {processor.py:829} INFO - Processing file /home/gmassoqueto/repos/apache-airflow-101/.venv/lib/python3.11/site-packages/airflow/example_dags/example_skip_dag.py for tasks to queue
[2023-11-14T07:59:39.649-0300] {logging_mixin.py:154} INFO - [2023-11-14T07:59:39.648-0300] {dagbag.py:536} INFO - Filling up the DagBag from /home/gmassoqueto/repos/apache-airflow-101/.venv/lib/python3.11/site-packages/airflow/example_dags/example_skip_dag.py
[2023-11-14T07:59:39.666-0300] {processor.py:839} INFO - DAG(s) dict_keys(['example_skip_dag']) retrieved from /home/gmassoqueto/repos/apache-airflow-101/.venv/lib/python3.11/site-packages/airflow/example_dags/example_skip_dag.py
[2023-11-14T07:59:39.683-0300] {logging_mixin.py:154} INFO - [2023-11-14T07:59:39.683-0300] {dag.py:2941} INFO - Sync 1 DAGs
[2023-11-14T07:59:39.701-0300] {logging_mixin.py:154} INFO - [2023-11-14T07:59:39.700-0300] {dag.py:3722} INFO - Setting next_dagrun for example_skip_dag to 2023-11-13T10:59:39.700634+00:00, run_after=2023-11-14T10:59:39.700634+00:00
[2023-11-14T07:59:39.720-0300] {processor.py:179} INFO - Processing /home/gmassoqueto/repos/apache-airflow-101/.venv/lib/python3.11/site-packages/airflow/example_dags/example_skip_dag.py took 0.086 seconds
[2023-11-14T08:00:31.347-0300] {processor.py:157} INFO - Started process (PID=287770) to work on /home/gmassoqueto/repos/apache-airflow-101/.venv/lib/python3.11/site-packages/airflow/example_dags/example_skip_dag.py
[2023-11-14T08:00:31.349-0300] {processor.py:829} INFO - Processing file /home/gmassoqueto/repos/apache-airflow-101/.venv/lib/python3.11/site-packages/airflow/example_dags/example_skip_dag.py for tasks to queue
[2023-11-14T08:00:31.350-0300] {logging_mixin.py:154} INFO - [2023-11-14T08:00:31.350-0300] {dagbag.py:536} INFO - Filling up the DagBag from /home/gmassoqueto/repos/apache-airflow-101/.venv/lib/python3.11/site-packages/airflow/example_dags/example_skip_dag.py
[2023-11-14T08:00:31.366-0300] {processor.py:839} INFO - DAG(s) dict_keys(['example_skip_dag']) retrieved from /home/gmassoqueto/repos/apache-airflow-101/.venv/lib/python3.11/site-packages/airflow/example_dags/example_skip_dag.py
[2023-11-14T08:00:31.386-0300] {logging_mixin.py:154} INFO - [2023-11-14T08:00:31.385-0300] {dag.py:2941} INFO - Sync 1 DAGs
[2023-11-14T08:00:31.401-0300] {logging_mixin.py:154} INFO - [2023-11-14T08:00:31.400-0300] {dag.py:3722} INFO - Setting next_dagrun for example_skip_dag to 2023-11-13T11:00:31.400704+00:00, run_after=2023-11-14T11:00:31.400704+00:00
[2023-11-14T08:00:31.427-0300] {processor.py:179} INFO - Processing /home/gmassoqueto/repos/apache-airflow-101/.venv/lib/python3.11/site-packages/airflow/example_dags/example_skip_dag.py took 0.086 seconds
[2023-11-14T08:01:16.901-0300] {processor.py:157} INFO - Started process (PID=287999) to work on /home/gmassoqueto/repos/apache-airflow-101/.venv/lib/python3.11/site-packages/airflow/example_dags/example_skip_dag.py
[2023-11-14T08:01:16.902-0300] {processor.py:829} INFO - Processing file /home/gmassoqueto/repos/apache-airflow-101/.venv/lib/python3.11/site-packages/airflow/example_dags/example_skip_dag.py for tasks to queue
[2023-11-14T08:01:16.903-0300] {logging_mixin.py:154} INFO - [2023-11-14T08:01:16.903-0300] {dagbag.py:536} INFO - Filling up the DagBag from /home/gmassoqueto/repos/apache-airflow-101/.venv/lib/python3.11/site-packages/airflow/example_dags/example_skip_dag.py
[2023-11-14T08:01:16.913-0300] {processor.py:839} INFO - DAG(s) dict_keys(['example_skip_dag']) retrieved from /home/gmassoqueto/repos/apache-airflow-101/.venv/lib/python3.11/site-packages/airflow/example_dags/example_skip_dag.py
[2023-11-14T08:01:16.932-0300] {logging_mixin.py:154} INFO - [2023-11-14T08:01:16.931-0300] {dag.py:2941} INFO - Sync 1 DAGs
[2023-11-14T08:01:16.948-0300] {logging_mixin.py:154} INFO - [2023-11-14T08:01:16.948-0300] {dag.py:3722} INFO - Setting next_dagrun for example_skip_dag to 2023-11-13T11:01:16.947881+00:00, run_after=2023-11-14T11:01:16.947881+00:00
[2023-11-14T08:01:16.963-0300] {processor.py:179} INFO - Processing /home/gmassoqueto/repos/apache-airflow-101/.venv/lib/python3.11/site-packages/airflow/example_dags/example_skip_dag.py took 0.065 seconds
[2023-11-14T08:01:53.572-0300] {processor.py:157} INFO - Started process (PID=288069) to work on /home/gmassoqueto/repos/apache-airflow-101/.venv/lib/python3.11/site-packages/airflow/example_dags/example_skip_dag.py
[2023-11-14T08:01:53.578-0300] {processor.py:829} INFO - Processing file /home/gmassoqueto/repos/apache-airflow-101/.venv/lib/python3.11/site-packages/airflow/example_dags/example_skip_dag.py for tasks to queue
[2023-11-14T08:01:53.580-0300] {logging_mixin.py:154} INFO - [2023-11-14T08:01:53.579-0300] {dagbag.py:536} INFO - Filling up the DagBag from /home/gmassoqueto/repos/apache-airflow-101/.venv/lib/python3.11/site-packages/airflow/example_dags/example_skip_dag.py
[2023-11-14T08:01:53.595-0300] {processor.py:839} INFO - DAG(s) dict_keys(['example_skip_dag']) retrieved from /home/gmassoqueto/repos/apache-airflow-101/.venv/lib/python3.11/site-packages/airflow/example_dags/example_skip_dag.py
[2023-11-14T08:01:53.612-0300] {logging_mixin.py:154} INFO - [2023-11-14T08:01:53.612-0300] {dag.py:2941} INFO - Sync 1 DAGs
[2023-11-14T08:01:53.629-0300] {logging_mixin.py:154} INFO - [2023-11-14T08:01:53.628-0300] {dag.py:3722} INFO - Setting next_dagrun for example_skip_dag to 2023-11-13T11:01:53.628691+00:00, run_after=2023-11-14T11:01:53.628691+00:00
[2023-11-14T08:01:53.649-0300] {processor.py:179} INFO - Processing /home/gmassoqueto/repos/apache-airflow-101/.venv/lib/python3.11/site-packages/airflow/example_dags/example_skip_dag.py took 0.084 seconds
[2023-11-14T08:02:40.291-0300] {processor.py:157} INFO - Started process (PID=288216) to work on /home/gmassoqueto/repos/apache-airflow-101/.venv/lib/python3.11/site-packages/airflow/example_dags/example_skip_dag.py
[2023-11-14T08:02:40.295-0300] {processor.py:829} INFO - Processing file /home/gmassoqueto/repos/apache-airflow-101/.venv/lib/python3.11/site-packages/airflow/example_dags/example_skip_dag.py for tasks to queue
[2023-11-14T08:02:40.296-0300] {logging_mixin.py:154} INFO - [2023-11-14T08:02:40.296-0300] {dagbag.py:536} INFO - Filling up the DagBag from /home/gmassoqueto/repos/apache-airflow-101/.venv/lib/python3.11/site-packages/airflow/example_dags/example_skip_dag.py
[2023-11-14T08:02:40.306-0300] {processor.py:839} INFO - DAG(s) dict_keys(['example_skip_dag']) retrieved from /home/gmassoqueto/repos/apache-airflow-101/.venv/lib/python3.11/site-packages/airflow/example_dags/example_skip_dag.py
[2023-11-14T08:02:40.323-0300] {logging_mixin.py:154} INFO - [2023-11-14T08:02:40.323-0300] {dag.py:2941} INFO - Sync 1 DAGs
[2023-11-14T08:02:40.341-0300] {logging_mixin.py:154} INFO - [2023-11-14T08:02:40.341-0300] {dag.py:3722} INFO - Setting next_dagrun for example_skip_dag to 2023-11-13T11:02:40.341163+00:00, run_after=2023-11-14T11:02:40.341163+00:00
[2023-11-14T08:02:40.373-0300] {processor.py:179} INFO - Processing /home/gmassoqueto/repos/apache-airflow-101/.venv/lib/python3.11/site-packages/airflow/example_dags/example_skip_dag.py took 0.084 seconds
[2023-11-14T08:03:27.235-0300] {processor.py:157} INFO - Started process (PID=288394) to work on /home/gmassoqueto/repos/apache-airflow-101/.venv/lib/python3.11/site-packages/airflow/example_dags/example_skip_dag.py
[2023-11-14T08:03:27.239-0300] {processor.py:829} INFO - Processing file /home/gmassoqueto/repos/apache-airflow-101/.venv/lib/python3.11/site-packages/airflow/example_dags/example_skip_dag.py for tasks to queue
[2023-11-14T08:03:27.241-0300] {logging_mixin.py:154} INFO - [2023-11-14T08:03:27.240-0300] {dagbag.py:536} INFO - Filling up the DagBag from /home/gmassoqueto/repos/apache-airflow-101/.venv/lib/python3.11/site-packages/airflow/example_dags/example_skip_dag.py
[2023-11-14T08:03:27.248-0300] {processor.py:839} INFO - DAG(s) dict_keys(['example_skip_dag']) retrieved from /home/gmassoqueto/repos/apache-airflow-101/.venv/lib/python3.11/site-packages/airflow/example_dags/example_skip_dag.py
[2023-11-14T08:03:27.260-0300] {logging_mixin.py:154} INFO - [2023-11-14T08:03:27.260-0300] {dag.py:2941} INFO - Sync 1 DAGs
[2023-11-14T08:03:27.274-0300] {logging_mixin.py:154} INFO - [2023-11-14T08:03:27.274-0300] {dag.py:3722} INFO - Setting next_dagrun for example_skip_dag to 2023-11-13T11:03:27.274623+00:00, run_after=2023-11-14T11:03:27.274623+00:00
[2023-11-14T08:03:27.291-0300] {processor.py:179} INFO - Processing /home/gmassoqueto/repos/apache-airflow-101/.venv/lib/python3.11/site-packages/airflow/example_dags/example_skip_dag.py took 0.058 seconds
[2023-11-14T08:04:17.274-0300] {processor.py:157} INFO - Started process (PID=288846) to work on /home/gmassoqueto/repos/apache-airflow-101/.venv/lib/python3.11/site-packages/airflow/example_dags/example_skip_dag.py
[2023-11-14T08:04:17.279-0300] {processor.py:829} INFO - Processing file /home/gmassoqueto/repos/apache-airflow-101/.venv/lib/python3.11/site-packages/airflow/example_dags/example_skip_dag.py for tasks to queue
[2023-11-14T08:04:17.281-0300] {logging_mixin.py:154} INFO - [2023-11-14T08:04:17.280-0300] {dagbag.py:536} INFO - Filling up the DagBag from /home/gmassoqueto/repos/apache-airflow-101/.venv/lib/python3.11/site-packages/airflow/example_dags/example_skip_dag.py
[2023-11-14T08:04:17.292-0300] {processor.py:839} INFO - DAG(s) dict_keys(['example_skip_dag']) retrieved from /home/gmassoqueto/repos/apache-airflow-101/.venv/lib/python3.11/site-packages/airflow/example_dags/example_skip_dag.py
[2023-11-14T08:04:17.311-0300] {logging_mixin.py:154} INFO - [2023-11-14T08:04:17.311-0300] {dag.py:2941} INFO - Sync 1 DAGs
[2023-11-14T08:04:17.337-0300] {logging_mixin.py:154} INFO - [2023-11-14T08:04:17.337-0300] {dag.py:3722} INFO - Setting next_dagrun for example_skip_dag to 2023-11-13T11:04:17.337035+00:00, run_after=2023-11-14T11:04:17.337035+00:00
[2023-11-14T08:04:17.366-0300] {processor.py:179} INFO - Processing /home/gmassoqueto/repos/apache-airflow-101/.venv/lib/python3.11/site-packages/airflow/example_dags/example_skip_dag.py took 0.099 seconds
[2023-11-14T08:04:54.952-0300] {processor.py:157} INFO - Started process (PID=288974) to work on /home/gmassoqueto/repos/apache-airflow-101/.venv/lib/python3.11/site-packages/airflow/example_dags/example_skip_dag.py
[2023-11-14T08:04:54.957-0300] {processor.py:829} INFO - Processing file /home/gmassoqueto/repos/apache-airflow-101/.venv/lib/python3.11/site-packages/airflow/example_dags/example_skip_dag.py for tasks to queue
[2023-11-14T08:04:54.959-0300] {logging_mixin.py:154} INFO - [2023-11-14T08:04:54.958-0300] {dagbag.py:536} INFO - Filling up the DagBag from /home/gmassoqueto/repos/apache-airflow-101/.venv/lib/python3.11/site-packages/airflow/example_dags/example_skip_dag.py
[2023-11-14T08:04:54.978-0300] {processor.py:839} INFO - DAG(s) dict_keys(['example_skip_dag']) retrieved from /home/gmassoqueto/repos/apache-airflow-101/.venv/lib/python3.11/site-packages/airflow/example_dags/example_skip_dag.py
[2023-11-14T08:04:54.996-0300] {logging_mixin.py:154} INFO - [2023-11-14T08:04:54.996-0300] {dag.py:2941} INFO - Sync 1 DAGs
[2023-11-14T08:04:55.011-0300] {logging_mixin.py:154} INFO - [2023-11-14T08:04:55.011-0300] {dag.py:3722} INFO - Setting next_dagrun for example_skip_dag to 2023-11-13T11:04:55.011530+00:00, run_after=2023-11-14T11:04:55.011530+00:00
[2023-11-14T08:04:55.028-0300] {processor.py:179} INFO - Processing /home/gmassoqueto/repos/apache-airflow-101/.venv/lib/python3.11/site-packages/airflow/example_dags/example_skip_dag.py took 0.083 seconds
[2023-11-14T08:05:41.502-0300] {processor.py:157} INFO - Started process (PID=289074) to work on /home/gmassoqueto/repos/apache-airflow-101/.venv/lib/python3.11/site-packages/airflow/example_dags/example_skip_dag.py
[2023-11-14T08:05:41.505-0300] {processor.py:829} INFO - Processing file /home/gmassoqueto/repos/apache-airflow-101/.venv/lib/python3.11/site-packages/airflow/example_dags/example_skip_dag.py for tasks to queue
[2023-11-14T08:05:41.507-0300] {logging_mixin.py:154} INFO - [2023-11-14T08:05:41.506-0300] {dagbag.py:536} INFO - Filling up the DagBag from /home/gmassoqueto/repos/apache-airflow-101/.venv/lib/python3.11/site-packages/airflow/example_dags/example_skip_dag.py
[2023-11-14T08:05:41.523-0300] {processor.py:839} INFO - DAG(s) dict_keys(['example_skip_dag']) retrieved from /home/gmassoqueto/repos/apache-airflow-101/.venv/lib/python3.11/site-packages/airflow/example_dags/example_skip_dag.py
[2023-11-14T08:05:41.540-0300] {logging_mixin.py:154} INFO - [2023-11-14T08:05:41.540-0300] {dag.py:2941} INFO - Sync 1 DAGs
[2023-11-14T08:05:41.556-0300] {logging_mixin.py:154} INFO - [2023-11-14T08:05:41.556-0300] {dag.py:3722} INFO - Setting next_dagrun for example_skip_dag to 2023-11-13T11:05:41.556286+00:00, run_after=2023-11-14T11:05:41.556286+00:00
[2023-11-14T08:05:41.574-0300] {processor.py:179} INFO - Processing /home/gmassoqueto/repos/apache-airflow-101/.venv/lib/python3.11/site-packages/airflow/example_dags/example_skip_dag.py took 0.080 seconds
[2023-11-14T08:06:29.467-0300] {processor.py:157} INFO - Started process (PID=289214) to work on /home/gmassoqueto/repos/apache-airflow-101/.venv/lib/python3.11/site-packages/airflow/example_dags/example_skip_dag.py
[2023-11-14T08:06:29.471-0300] {processor.py:829} INFO - Processing file /home/gmassoqueto/repos/apache-airflow-101/.venv/lib/python3.11/site-packages/airflow/example_dags/example_skip_dag.py for tasks to queue
[2023-11-14T08:06:29.473-0300] {logging_mixin.py:154} INFO - [2023-11-14T08:06:29.472-0300] {dagbag.py:536} INFO - Filling up the DagBag from /home/gmassoqueto/repos/apache-airflow-101/.venv/lib/python3.11/site-packages/airflow/example_dags/example_skip_dag.py
[2023-11-14T08:06:29.488-0300] {processor.py:839} INFO - DAG(s) dict_keys(['example_skip_dag']) retrieved from /home/gmassoqueto/repos/apache-airflow-101/.venv/lib/python3.11/site-packages/airflow/example_dags/example_skip_dag.py
[2023-11-14T08:06:29.506-0300] {logging_mixin.py:154} INFO - [2023-11-14T08:06:29.506-0300] {dag.py:2941} INFO - Sync 1 DAGs
[2023-11-14T08:06:29.523-0300] {logging_mixin.py:154} INFO - [2023-11-14T08:06:29.523-0300] {dag.py:3722} INFO - Setting next_dagrun for example_skip_dag to 2023-11-13T11:06:29.523304+00:00, run_after=2023-11-14T11:06:29.523304+00:00
[2023-11-14T08:06:29.542-0300] {processor.py:179} INFO - Processing /home/gmassoqueto/repos/apache-airflow-101/.venv/lib/python3.11/site-packages/airflow/example_dags/example_skip_dag.py took 0.080 seconds
[2023-11-14T08:07:17.755-0300] {processor.py:157} INFO - Started process (PID=289375) to work on /home/gmassoqueto/repos/apache-airflow-101/.venv/lib/python3.11/site-packages/airflow/example_dags/example_skip_dag.py
[2023-11-14T08:07:17.759-0300] {processor.py:829} INFO - Processing file /home/gmassoqueto/repos/apache-airflow-101/.venv/lib/python3.11/site-packages/airflow/example_dags/example_skip_dag.py for tasks to queue
[2023-11-14T08:07:17.761-0300] {logging_mixin.py:154} INFO - [2023-11-14T08:07:17.760-0300] {dagbag.py:536} INFO - Filling up the DagBag from /home/gmassoqueto/repos/apache-airflow-101/.venv/lib/python3.11/site-packages/airflow/example_dags/example_skip_dag.py
[2023-11-14T08:07:17.781-0300] {processor.py:839} INFO - DAG(s) dict_keys(['example_skip_dag']) retrieved from /home/gmassoqueto/repos/apache-airflow-101/.venv/lib/python3.11/site-packages/airflow/example_dags/example_skip_dag.py
[2023-11-14T08:07:17.801-0300] {logging_mixin.py:154} INFO - [2023-11-14T08:07:17.801-0300] {dag.py:2941} INFO - Sync 1 DAGs
[2023-11-14T08:07:17.817-0300] {logging_mixin.py:154} INFO - [2023-11-14T08:07:17.816-0300] {dag.py:3722} INFO - Setting next_dagrun for example_skip_dag to 2023-11-13T11:07:17.816687+00:00, run_after=2023-11-14T11:07:17.816687+00:00
[2023-11-14T08:07:17.836-0300] {processor.py:179} INFO - Processing /home/gmassoqueto/repos/apache-airflow-101/.venv/lib/python3.11/site-packages/airflow/example_dags/example_skip_dag.py took 0.085 seconds
[2023-11-14T08:08:15.140-0300] {processor.py:157} INFO - Started process (PID=289711) to work on /home/gmassoqueto/repos/apache-airflow-101/.venv/lib/python3.11/site-packages/airflow/example_dags/example_skip_dag.py
[2023-11-14T08:08:15.144-0300] {processor.py:829} INFO - Processing file /home/gmassoqueto/repos/apache-airflow-101/.venv/lib/python3.11/site-packages/airflow/example_dags/example_skip_dag.py for tasks to queue
[2023-11-14T08:08:15.145-0300] {logging_mixin.py:154} INFO - [2023-11-14T08:08:15.144-0300] {dagbag.py:536} INFO - Filling up the DagBag from /home/gmassoqueto/repos/apache-airflow-101/.venv/lib/python3.11/site-packages/airflow/example_dags/example_skip_dag.py
[2023-11-14T08:08:15.154-0300] {processor.py:839} INFO - DAG(s) dict_keys(['example_skip_dag']) retrieved from /home/gmassoqueto/repos/apache-airflow-101/.venv/lib/python3.11/site-packages/airflow/example_dags/example_skip_dag.py
[2023-11-14T08:08:15.160-0300] {logging_mixin.py:154} INFO - [2023-11-14T08:08:15.160-0300] {dag.py:2941} INFO - Sync 1 DAGs
[2023-11-14T08:08:15.171-0300] {logging_mixin.py:154} INFO - [2023-11-14T08:08:15.171-0300] {dag.py:2963} INFO - Creating ORM DAG for example_skip_dag
[2023-11-14T08:08:15.179-0300] {logging_mixin.py:154} INFO - [2023-11-14T08:08:15.179-0300] {dag.py:3722} INFO - Setting next_dagrun for example_skip_dag to 2023-11-13T11:08:15.179572+00:00, run_after=2023-11-14T11:08:15.179572+00:00
[2023-11-14T08:08:15.197-0300] {processor.py:179} INFO - Processing /home/gmassoqueto/repos/apache-airflow-101/.venv/lib/python3.11/site-packages/airflow/example_dags/example_skip_dag.py took 0.059 seconds
[2023-11-14T08:09:55.908-0300] {processor.py:157} INFO - Started process (PID=290320) to work on /home/gmassoqueto/repos/apache-airflow-101/.venv/lib/python3.11/site-packages/airflow/example_dags/example_skip_dag.py
[2023-11-14T08:09:55.913-0300] {processor.py:829} INFO - Processing file /home/gmassoqueto/repos/apache-airflow-101/.venv/lib/python3.11/site-packages/airflow/example_dags/example_skip_dag.py for tasks to queue
[2023-11-14T08:09:55.915-0300] {logging_mixin.py:154} INFO - [2023-11-14T08:09:55.914-0300] {dagbag.py:536} INFO - Filling up the DagBag from /home/gmassoqueto/repos/apache-airflow-101/.venv/lib/python3.11/site-packages/airflow/example_dags/example_skip_dag.py
[2023-11-14T08:09:55.934-0300] {processor.py:839} INFO - DAG(s) dict_keys(['example_skip_dag']) retrieved from /home/gmassoqueto/repos/apache-airflow-101/.venv/lib/python3.11/site-packages/airflow/example_dags/example_skip_dag.py
[2023-11-14T08:09:55.941-0300] {logging_mixin.py:154} INFO - [2023-11-14T08:09:55.941-0300] {dag.py:2941} INFO - Sync 1 DAGs
[2023-11-14T08:09:55.964-0300] {logging_mixin.py:154} INFO - [2023-11-14T08:09:55.964-0300] {dag.py:3722} INFO - Setting next_dagrun for example_skip_dag to 2023-11-13T11:09:55.964203+00:00, run_after=2023-11-14T11:09:55.964203+00:00
[2023-11-14T08:09:55.983-0300] {processor.py:179} INFO - Processing /home/gmassoqueto/repos/apache-airflow-101/.venv/lib/python3.11/site-packages/airflow/example_dags/example_skip_dag.py took 0.081 seconds
[2023-11-14T08:10:43.157-0300] {processor.py:157} INFO - Started process (PID=291071) to work on /home/gmassoqueto/repos/apache-airflow-101/.venv/lib/python3.11/site-packages/airflow/example_dags/example_skip_dag.py
[2023-11-14T08:10:43.240-0300] {processor.py:829} INFO - Processing file /home/gmassoqueto/repos/apache-airflow-101/.venv/lib/python3.11/site-packages/airflow/example_dags/example_skip_dag.py for tasks to queue
[2023-11-14T08:10:43.242-0300] {logging_mixin.py:154} INFO - [2023-11-14T08:10:43.241-0300] {dagbag.py:536} INFO - Filling up the DagBag from /home/gmassoqueto/repos/apache-airflow-101/.venv/lib/python3.11/site-packages/airflow/example_dags/example_skip_dag.py
[2023-11-14T08:10:43.263-0300] {processor.py:839} INFO - DAG(s) dict_keys(['example_skip_dag']) retrieved from /home/gmassoqueto/repos/apache-airflow-101/.venv/lib/python3.11/site-packages/airflow/example_dags/example_skip_dag.py
[2023-11-14T08:10:43.280-0300] {logging_mixin.py:154} INFO - [2023-11-14T08:10:43.279-0300] {dag.py:2941} INFO - Sync 1 DAGs
[2023-11-14T08:10:43.296-0300] {logging_mixin.py:154} INFO - [2023-11-14T08:10:43.296-0300] {dag.py:3722} INFO - Setting next_dagrun for example_skip_dag to 2023-11-13T11:10:43.295898+00:00, run_after=2023-11-14T11:10:43.295898+00:00
[2023-11-14T08:10:43.311-0300] {processor.py:179} INFO - Processing /home/gmassoqueto/repos/apache-airflow-101/.venv/lib/python3.11/site-packages/airflow/example_dags/example_skip_dag.py took 0.157 seconds
[2023-11-14T08:11:29.803-0300] {processor.py:157} INFO - Started process (PID=291176) to work on /home/gmassoqueto/repos/apache-airflow-101/.venv/lib/python3.11/site-packages/airflow/example_dags/example_skip_dag.py
[2023-11-14T08:11:29.807-0300] {processor.py:829} INFO - Processing file /home/gmassoqueto/repos/apache-airflow-101/.venv/lib/python3.11/site-packages/airflow/example_dags/example_skip_dag.py for tasks to queue
[2023-11-14T08:11:29.807-0300] {logging_mixin.py:154} INFO - [2023-11-14T08:11:29.807-0300] {dagbag.py:536} INFO - Filling up the DagBag from /home/gmassoqueto/repos/apache-airflow-101/.venv/lib/python3.11/site-packages/airflow/example_dags/example_skip_dag.py
[2023-11-14T08:11:29.812-0300] {processor.py:839} INFO - DAG(s) dict_keys(['example_skip_dag']) retrieved from /home/gmassoqueto/repos/apache-airflow-101/.venv/lib/python3.11/site-packages/airflow/example_dags/example_skip_dag.py
[2023-11-14T08:11:29.822-0300] {logging_mixin.py:154} INFO - [2023-11-14T08:11:29.822-0300] {dag.py:2941} INFO - Sync 1 DAGs
[2023-11-14T08:11:29.839-0300] {logging_mixin.py:154} INFO - [2023-11-14T08:11:29.839-0300] {dag.py:3722} INFO - Setting next_dagrun for example_skip_dag to 2023-11-13T11:11:29.838905+00:00, run_after=2023-11-14T11:11:29.838905+00:00
[2023-11-14T08:11:29.854-0300] {processor.py:179} INFO - Processing /home/gmassoqueto/repos/apache-airflow-101/.venv/lib/python3.11/site-packages/airflow/example_dags/example_skip_dag.py took 0.053 seconds
[2023-11-14T08:12:15.773-0300] {processor.py:157} INFO - Started process (PID=291336) to work on /home/gmassoqueto/repos/apache-airflow-101/.venv/lib/python3.11/site-packages/airflow/example_dags/example_skip_dag.py
[2023-11-14T08:12:15.777-0300] {processor.py:829} INFO - Processing file /home/gmassoqueto/repos/apache-airflow-101/.venv/lib/python3.11/site-packages/airflow/example_dags/example_skip_dag.py for tasks to queue
[2023-11-14T08:12:15.779-0300] {logging_mixin.py:154} INFO - [2023-11-14T08:12:15.778-0300] {dagbag.py:536} INFO - Filling up the DagBag from /home/gmassoqueto/repos/apache-airflow-101/.venv/lib/python3.11/site-packages/airflow/example_dags/example_skip_dag.py
[2023-11-14T08:12:15.800-0300] {processor.py:839} INFO - DAG(s) dict_keys(['example_skip_dag']) retrieved from /home/gmassoqueto/repos/apache-airflow-101/.venv/lib/python3.11/site-packages/airflow/example_dags/example_skip_dag.py
[2023-11-14T08:12:15.811-0300] {logging_mixin.py:154} INFO - [2023-11-14T08:12:15.811-0300] {dag.py:2941} INFO - Sync 1 DAGs
[2023-11-14T08:12:15.831-0300] {logging_mixin.py:154} INFO - [2023-11-14T08:12:15.831-0300] {dag.py:3722} INFO - Setting next_dagrun for example_skip_dag to 2023-11-13T11:12:15.831596+00:00, run_after=2023-11-14T11:12:15.831596+00:00
[2023-11-14T08:12:15.850-0300] {processor.py:179} INFO - Processing /home/gmassoqueto/repos/apache-airflow-101/.venv/lib/python3.11/site-packages/airflow/example_dags/example_skip_dag.py took 0.080 seconds
[2023-11-14T08:13:02.726-0300] {processor.py:157} INFO - Started process (PID=291582) to work on /home/gmassoqueto/repos/apache-airflow-101/.venv/lib/python3.11/site-packages/airflow/example_dags/example_skip_dag.py
[2023-11-14T08:13:02.730-0300] {processor.py:829} INFO - Processing file /home/gmassoqueto/repos/apache-airflow-101/.venv/lib/python3.11/site-packages/airflow/example_dags/example_skip_dag.py for tasks to queue
[2023-11-14T08:13:02.730-0300] {logging_mixin.py:154} INFO - [2023-11-14T08:13:02.730-0300] {dagbag.py:536} INFO - Filling up the DagBag from /home/gmassoqueto/repos/apache-airflow-101/.venv/lib/python3.11/site-packages/airflow/example_dags/example_skip_dag.py
[2023-11-14T08:13:02.740-0300] {processor.py:839} INFO - DAG(s) dict_keys(['example_skip_dag']) retrieved from /home/gmassoqueto/repos/apache-airflow-101/.venv/lib/python3.11/site-packages/airflow/example_dags/example_skip_dag.py
[2023-11-14T08:13:02.760-0300] {logging_mixin.py:154} INFO - [2023-11-14T08:13:02.760-0300] {dag.py:2941} INFO - Sync 1 DAGs
[2023-11-14T08:13:02.777-0300] {logging_mixin.py:154} INFO - [2023-11-14T08:13:02.777-0300] {dag.py:3722} INFO - Setting next_dagrun for example_skip_dag to 2023-11-13T11:13:02.777661+00:00, run_after=2023-11-14T11:13:02.777661+00:00
[2023-11-14T08:13:02.795-0300] {processor.py:179} INFO - Processing /home/gmassoqueto/repos/apache-airflow-101/.venv/lib/python3.11/site-packages/airflow/example_dags/example_skip_dag.py took 0.072 seconds
[2023-11-14T08:13:48.215-0300] {processor.py:157} INFO - Started process (PID=291669) to work on /home/gmassoqueto/repos/apache-airflow-101/.venv/lib/python3.11/site-packages/airflow/example_dags/example_skip_dag.py
[2023-11-14T08:13:48.221-0300] {processor.py:829} INFO - Processing file /home/gmassoqueto/repos/apache-airflow-101/.venv/lib/python3.11/site-packages/airflow/example_dags/example_skip_dag.py for tasks to queue
[2023-11-14T08:13:48.223-0300] {logging_mixin.py:154} INFO - [2023-11-14T08:13:48.222-0300] {dagbag.py:536} INFO - Filling up the DagBag from /home/gmassoqueto/repos/apache-airflow-101/.venv/lib/python3.11/site-packages/airflow/example_dags/example_skip_dag.py
[2023-11-14T08:13:48.246-0300] {processor.py:839} INFO - DAG(s) dict_keys(['example_skip_dag']) retrieved from /home/gmassoqueto/repos/apache-airflow-101/.venv/lib/python3.11/site-packages/airflow/example_dags/example_skip_dag.py
[2023-11-14T08:13:48.266-0300] {logging_mixin.py:154} INFO - [2023-11-14T08:13:48.266-0300] {dag.py:2941} INFO - Sync 1 DAGs
[2023-11-14T08:13:48.283-0300] {logging_mixin.py:154} INFO - [2023-11-14T08:13:48.283-0300] {dag.py:3722} INFO - Setting next_dagrun for example_skip_dag to 2023-11-13T11:13:48.283266+00:00, run_after=2023-11-14T11:13:48.283266+00:00
[2023-11-14T08:13:48.303-0300] {processor.py:179} INFO - Processing /home/gmassoqueto/repos/apache-airflow-101/.venv/lib/python3.11/site-packages/airflow/example_dags/example_skip_dag.py took 0.095 seconds
[2023-11-14T08:14:37.979-0300] {processor.py:157} INFO - Started process (PID=291780) to work on /home/gmassoqueto/repos/apache-airflow-101/.venv/lib/python3.11/site-packages/airflow/example_dags/example_skip_dag.py
[2023-11-14T08:14:37.983-0300] {processor.py:829} INFO - Processing file /home/gmassoqueto/repos/apache-airflow-101/.venv/lib/python3.11/site-packages/airflow/example_dags/example_skip_dag.py for tasks to queue
[2023-11-14T08:14:37.984-0300] {logging_mixin.py:154} INFO - [2023-11-14T08:14:37.984-0300] {dagbag.py:536} INFO - Filling up the DagBag from /home/gmassoqueto/repos/apache-airflow-101/.venv/lib/python3.11/site-packages/airflow/example_dags/example_skip_dag.py
[2023-11-14T08:14:38.001-0300] {processor.py:839} INFO - DAG(s) dict_keys(['example_skip_dag']) retrieved from /home/gmassoqueto/repos/apache-airflow-101/.venv/lib/python3.11/site-packages/airflow/example_dags/example_skip_dag.py
[2023-11-14T08:14:38.025-0300] {logging_mixin.py:154} INFO - [2023-11-14T08:14:38.025-0300] {dag.py:2941} INFO - Sync 1 DAGs
[2023-11-14T08:14:38.041-0300] {logging_mixin.py:154} INFO - [2023-11-14T08:14:38.041-0300] {dag.py:3722} INFO - Setting next_dagrun for example_skip_dag to 2023-11-13T11:14:38.041567+00:00, run_after=2023-11-14T11:14:38.041567+00:00
[2023-11-14T08:14:38.058-0300] {processor.py:179} INFO - Processing /home/gmassoqueto/repos/apache-airflow-101/.venv/lib/python3.11/site-packages/airflow/example_dags/example_skip_dag.py took 0.082 seconds
[2023-11-14T08:15:24.791-0300] {processor.py:157} INFO - Started process (PID=291913) to work on /home/gmassoqueto/repos/apache-airflow-101/.venv/lib/python3.11/site-packages/airflow/example_dags/example_skip_dag.py
[2023-11-14T08:15:24.795-0300] {processor.py:829} INFO - Processing file /home/gmassoqueto/repos/apache-airflow-101/.venv/lib/python3.11/site-packages/airflow/example_dags/example_skip_dag.py for tasks to queue
[2023-11-14T08:15:24.797-0300] {logging_mixin.py:154} INFO - [2023-11-14T08:15:24.796-0300] {dagbag.py:536} INFO - Filling up the DagBag from /home/gmassoqueto/repos/apache-airflow-101/.venv/lib/python3.11/site-packages/airflow/example_dags/example_skip_dag.py
[2023-11-14T08:15:24.815-0300] {processor.py:839} INFO - DAG(s) dict_keys(['example_skip_dag']) retrieved from /home/gmassoqueto/repos/apache-airflow-101/.venv/lib/python3.11/site-packages/airflow/example_dags/example_skip_dag.py
[2023-11-14T08:15:24.836-0300] {logging_mixin.py:154} INFO - [2023-11-14T08:15:24.836-0300] {dag.py:2941} INFO - Sync 1 DAGs
[2023-11-14T08:15:24.851-0300] {logging_mixin.py:154} INFO - [2023-11-14T08:15:24.851-0300] {dag.py:3722} INFO - Setting next_dagrun for example_skip_dag to 2023-11-13T11:15:24.851508+00:00, run_after=2023-11-14T11:15:24.851508+00:00
[2023-11-14T08:15:24.868-0300] {processor.py:179} INFO - Processing /home/gmassoqueto/repos/apache-airflow-101/.venv/lib/python3.11/site-packages/airflow/example_dags/example_skip_dag.py took 0.080 seconds
[2023-11-14T08:16:12.321-0300] {processor.py:157} INFO - Started process (PID=291999) to work on /home/gmassoqueto/repos/apache-airflow-101/.venv/lib/python3.11/site-packages/airflow/example_dags/example_skip_dag.py
[2023-11-14T08:16:12.322-0300] {processor.py:829} INFO - Processing file /home/gmassoqueto/repos/apache-airflow-101/.venv/lib/python3.11/site-packages/airflow/example_dags/example_skip_dag.py for tasks to queue
[2023-11-14T08:16:12.323-0300] {logging_mixin.py:154} INFO - [2023-11-14T08:16:12.323-0300] {dagbag.py:536} INFO - Filling up the DagBag from /home/gmassoqueto/repos/apache-airflow-101/.venv/lib/python3.11/site-packages/airflow/example_dags/example_skip_dag.py
[2023-11-14T08:16:12.330-0300] {processor.py:839} INFO - DAG(s) dict_keys(['example_skip_dag']) retrieved from /home/gmassoqueto/repos/apache-airflow-101/.venv/lib/python3.11/site-packages/airflow/example_dags/example_skip_dag.py
[2023-11-14T08:16:12.344-0300] {logging_mixin.py:154} INFO - [2023-11-14T08:16:12.344-0300] {dag.py:2941} INFO - Sync 1 DAGs
[2023-11-14T08:16:12.359-0300] {logging_mixin.py:154} INFO - [2023-11-14T08:16:12.359-0300] {dag.py:3722} INFO - Setting next_dagrun for example_skip_dag to 2023-11-13T11:16:12.359441+00:00, run_after=2023-11-14T11:16:12.359441+00:00
[2023-11-14T08:16:12.376-0300] {processor.py:179} INFO - Processing /home/gmassoqueto/repos/apache-airflow-101/.venv/lib/python3.11/site-packages/airflow/example_dags/example_skip_dag.py took 0.057 seconds
[2023-11-14T08:17:02.038-0300] {processor.py:157} INFO - Started process (PID=292085) to work on /home/gmassoqueto/repos/apache-airflow-101/.venv/lib/python3.11/site-packages/airflow/example_dags/example_skip_dag.py
[2023-11-14T08:17:02.041-0300] {processor.py:829} INFO - Processing file /home/gmassoqueto/repos/apache-airflow-101/.venv/lib/python3.11/site-packages/airflow/example_dags/example_skip_dag.py for tasks to queue
[2023-11-14T08:17:02.042-0300] {logging_mixin.py:154} INFO - [2023-11-14T08:17:02.042-0300] {dagbag.py:536} INFO - Filling up the DagBag from /home/gmassoqueto/repos/apache-airflow-101/.venv/lib/python3.11/site-packages/airflow/example_dags/example_skip_dag.py
[2023-11-14T08:17:02.051-0300] {processor.py:839} INFO - DAG(s) dict_keys(['example_skip_dag']) retrieved from /home/gmassoqueto/repos/apache-airflow-101/.venv/lib/python3.11/site-packages/airflow/example_dags/example_skip_dag.py
[2023-11-14T08:17:02.072-0300] {logging_mixin.py:154} INFO - [2023-11-14T08:17:02.071-0300] {dag.py:2941} INFO - Sync 1 DAGs
[2023-11-14T08:17:02.089-0300] {logging_mixin.py:154} INFO - [2023-11-14T08:17:02.089-0300] {dag.py:3722} INFO - Setting next_dagrun for example_skip_dag to 2023-11-13T11:17:02.089486+00:00, run_after=2023-11-14T11:17:02.089486+00:00
[2023-11-14T08:17:02.114-0300] {processor.py:179} INFO - Processing /home/gmassoqueto/repos/apache-airflow-101/.venv/lib/python3.11/site-packages/airflow/example_dags/example_skip_dag.py took 0.079 seconds
[2023-11-14T08:17:50.464-0300] {processor.py:157} INFO - Started process (PID=292178) to work on /home/gmassoqueto/repos/apache-airflow-101/.venv/lib/python3.11/site-packages/airflow/example_dags/example_skip_dag.py
[2023-11-14T08:17:50.467-0300] {processor.py:829} INFO - Processing file /home/gmassoqueto/repos/apache-airflow-101/.venv/lib/python3.11/site-packages/airflow/example_dags/example_skip_dag.py for tasks to queue
[2023-11-14T08:17:50.468-0300] {logging_mixin.py:154} INFO - [2023-11-14T08:17:50.468-0300] {dagbag.py:536} INFO - Filling up the DagBag from /home/gmassoqueto/repos/apache-airflow-101/.venv/lib/python3.11/site-packages/airflow/example_dags/example_skip_dag.py
[2023-11-14T08:17:50.474-0300] {processor.py:839} INFO - DAG(s) dict_keys(['example_skip_dag']) retrieved from /home/gmassoqueto/repos/apache-airflow-101/.venv/lib/python3.11/site-packages/airflow/example_dags/example_skip_dag.py
[2023-11-14T08:17:50.487-0300] {logging_mixin.py:154} INFO - [2023-11-14T08:17:50.487-0300] {dag.py:2941} INFO - Sync 1 DAGs
[2023-11-14T08:17:50.502-0300] {logging_mixin.py:154} INFO - [2023-11-14T08:17:50.502-0300] {dag.py:3722} INFO - Setting next_dagrun for example_skip_dag to 2023-11-13T11:17:50.501875+00:00, run_after=2023-11-14T11:17:50.501875+00:00
[2023-11-14T08:17:50.519-0300] {processor.py:179} INFO - Processing /home/gmassoqueto/repos/apache-airflow-101/.venv/lib/python3.11/site-packages/airflow/example_dags/example_skip_dag.py took 0.058 seconds
