[2023-11-14T07:03:42.877-0300] {processor.py:157} INFO - Started process (PID=284791) to work on /home/gmassoqueto/repos/apache-airflow-101/.venv/lib/python3.11/site-packages/airflow/example_dags/example_nested_branch_dag.py
[2023-11-14T07:03:42.878-0300] {processor.py:829} INFO - Processing file /home/gmassoqueto/repos/apache-airflow-101/.venv/lib/python3.11/site-packages/airflow/example_dags/example_nested_branch_dag.py for tasks to queue
[2023-11-14T07:03:42.878-0300] {logging_mixin.py:154} INFO - [2023-11-14T07:03:42.878-0300] {dagbag.py:536} INFO - Filling up the DagBag from /home/gmassoqueto/repos/apache-airflow-101/.venv/lib/python3.11/site-packages/airflow/example_dags/example_nested_branch_dag.py
[2023-11-14T07:03:42.887-0300] {processor.py:839} INFO - DAG(s) dict_keys(['example_nested_branch_dag']) retrieved from /home/gmassoqueto/repos/apache-airflow-101/.venv/lib/python3.11/site-packages/airflow/example_dags/example_nested_branch_dag.py
[2023-11-14T07:03:42.902-0300] {logging_mixin.py:154} INFO - [2023-11-14T07:03:42.902-0300] {dag.py:2941} INFO - Sync 1 DAGs
[2023-11-14T07:03:42.918-0300] {logging_mixin.py:154} INFO - [2023-11-14T07:03:42.917-0300] {dag.py:3722} INFO - Setting next_dagrun for example_nested_branch_dag to 2023-11-13T00:00:00+00:00, run_after=2023-11-14T00:00:00+00:00
[2023-11-14T07:03:42.937-0300] {processor.py:179} INFO - Processing /home/gmassoqueto/repos/apache-airflow-101/.venv/lib/python3.11/site-packages/airflow/example_dags/example_nested_branch_dag.py took 0.062 seconds
[2023-11-14T07:57:38.084-0300] {processor.py:157} INFO - Started process (PID=287254) to work on /home/gmassoqueto/repos/apache-airflow-101/.venv/lib/python3.11/site-packages/airflow/example_dags/example_nested_branch_dag.py
[2023-11-14T07:57:38.088-0300] {processor.py:829} INFO - Processing file /home/gmassoqueto/repos/apache-airflow-101/.venv/lib/python3.11/site-packages/airflow/example_dags/example_nested_branch_dag.py for tasks to queue
[2023-11-14T07:57:38.089-0300] {logging_mixin.py:154} INFO - [2023-11-14T07:57:38.088-0300] {dagbag.py:536} INFO - Filling up the DagBag from /home/gmassoqueto/repos/apache-airflow-101/.venv/lib/python3.11/site-packages/airflow/example_dags/example_nested_branch_dag.py
[2023-11-14T07:57:38.102-0300] {processor.py:839} INFO - DAG(s) dict_keys(['example_nested_branch_dag']) retrieved from /home/gmassoqueto/repos/apache-airflow-101/.venv/lib/python3.11/site-packages/airflow/example_dags/example_nested_branch_dag.py
[2023-11-14T07:57:38.124-0300] {logging_mixin.py:154} INFO - [2023-11-14T07:57:38.124-0300] {dag.py:2941} INFO - Sync 1 DAGs
[2023-11-14T07:57:38.140-0300] {logging_mixin.py:154} INFO - [2023-11-14T07:57:38.140-0300] {dag.py:3722} INFO - Setting next_dagrun for example_nested_branch_dag to 2023-11-13T00:00:00+00:00, run_after=2023-11-14T00:00:00+00:00
[2023-11-14T07:57:38.157-0300] {processor.py:179} INFO - Processing /home/gmassoqueto/repos/apache-airflow-101/.venv/lib/python3.11/site-packages/airflow/example_dags/example_nested_branch_dag.py took 0.076 seconds
[2023-11-14T07:58:25.467-0300] {processor.py:157} INFO - Started process (PID=287442) to work on /home/gmassoqueto/repos/apache-airflow-101/.venv/lib/python3.11/site-packages/airflow/example_dags/example_nested_branch_dag.py
[2023-11-14T07:58:25.468-0300] {processor.py:829} INFO - Processing file /home/gmassoqueto/repos/apache-airflow-101/.venv/lib/python3.11/site-packages/airflow/example_dags/example_nested_branch_dag.py for tasks to queue
[2023-11-14T07:58:25.468-0300] {logging_mixin.py:154} INFO - [2023-11-14T07:58:25.468-0300] {dagbag.py:536} INFO - Filling up the DagBag from /home/gmassoqueto/repos/apache-airflow-101/.venv/lib/python3.11/site-packages/airflow/example_dags/example_nested_branch_dag.py
[2023-11-14T07:58:25.481-0300] {processor.py:839} INFO - DAG(s) dict_keys(['example_nested_branch_dag']) retrieved from /home/gmassoqueto/repos/apache-airflow-101/.venv/lib/python3.11/site-packages/airflow/example_dags/example_nested_branch_dag.py
[2023-11-14T07:58:25.500-0300] {logging_mixin.py:154} INFO - [2023-11-14T07:58:25.499-0300] {dag.py:2941} INFO - Sync 1 DAGs
[2023-11-14T07:58:25.519-0300] {logging_mixin.py:154} INFO - [2023-11-14T07:58:25.518-0300] {dag.py:3722} INFO - Setting next_dagrun for example_nested_branch_dag to 2023-11-13T00:00:00+00:00, run_after=2023-11-14T00:00:00+00:00
[2023-11-14T07:58:25.546-0300] {processor.py:179} INFO - Processing /home/gmassoqueto/repos/apache-airflow-101/.venv/lib/python3.11/site-packages/airflow/example_dags/example_nested_branch_dag.py took 0.082 seconds
[2023-11-14T07:59:10.068-0300] {processor.py:157} INFO - Started process (PID=287575) to work on /home/gmassoqueto/repos/apache-airflow-101/.venv/lib/python3.11/site-packages/airflow/example_dags/example_nested_branch_dag.py
[2023-11-14T07:59:10.069-0300] {processor.py:829} INFO - Processing file /home/gmassoqueto/repos/apache-airflow-101/.venv/lib/python3.11/site-packages/airflow/example_dags/example_nested_branch_dag.py for tasks to queue
[2023-11-14T07:59:10.070-0300] {logging_mixin.py:154} INFO - [2023-11-14T07:59:10.069-0300] {dagbag.py:536} INFO - Filling up the DagBag from /home/gmassoqueto/repos/apache-airflow-101/.venv/lib/python3.11/site-packages/airflow/example_dags/example_nested_branch_dag.py
[2023-11-14T07:59:10.079-0300] {processor.py:839} INFO - DAG(s) dict_keys(['example_nested_branch_dag']) retrieved from /home/gmassoqueto/repos/apache-airflow-101/.venv/lib/python3.11/site-packages/airflow/example_dags/example_nested_branch_dag.py
[2023-11-14T07:59:10.095-0300] {logging_mixin.py:154} INFO - [2023-11-14T07:59:10.094-0300] {dag.py:2941} INFO - Sync 1 DAGs
[2023-11-14T07:59:10.111-0300] {logging_mixin.py:154} INFO - [2023-11-14T07:59:10.110-0300] {dag.py:3722} INFO - Setting next_dagrun for example_nested_branch_dag to 2023-11-13T00:00:00+00:00, run_after=2023-11-14T00:00:00+00:00
[2023-11-14T07:59:10.126-0300] {processor.py:179} INFO - Processing /home/gmassoqueto/repos/apache-airflow-101/.venv/lib/python3.11/site-packages/airflow/example_dags/example_nested_branch_dag.py took 0.061 seconds
[2023-11-14T08:00:02.238-0300] {processor.py:157} INFO - Started process (PID=287686) to work on /home/gmassoqueto/repos/apache-airflow-101/.venv/lib/python3.11/site-packages/airflow/example_dags/example_nested_branch_dag.py
[2023-11-14T08:00:02.241-0300] {processor.py:829} INFO - Processing file /home/gmassoqueto/repos/apache-airflow-101/.venv/lib/python3.11/site-packages/airflow/example_dags/example_nested_branch_dag.py for tasks to queue
[2023-11-14T08:00:02.242-0300] {logging_mixin.py:154} INFO - [2023-11-14T08:00:02.242-0300] {dagbag.py:536} INFO - Filling up the DagBag from /home/gmassoqueto/repos/apache-airflow-101/.venv/lib/python3.11/site-packages/airflow/example_dags/example_nested_branch_dag.py
[2023-11-14T08:00:02.255-0300] {processor.py:839} INFO - DAG(s) dict_keys(['example_nested_branch_dag']) retrieved from /home/gmassoqueto/repos/apache-airflow-101/.venv/lib/python3.11/site-packages/airflow/example_dags/example_nested_branch_dag.py
[2023-11-14T08:00:02.273-0300] {logging_mixin.py:154} INFO - [2023-11-14T08:00:02.272-0300] {dag.py:2941} INFO - Sync 1 DAGs
[2023-11-14T08:00:02.289-0300] {logging_mixin.py:154} INFO - [2023-11-14T08:00:02.289-0300] {dag.py:3722} INFO - Setting next_dagrun for example_nested_branch_dag to 2023-11-13T00:00:00+00:00, run_after=2023-11-14T00:00:00+00:00
[2023-11-14T08:00:02.306-0300] {processor.py:179} INFO - Processing /home/gmassoqueto/repos/apache-airflow-101/.venv/lib/python3.11/site-packages/airflow/example_dags/example_nested_branch_dag.py took 0.074 seconds
[2023-11-14T08:00:54.174-0300] {processor.py:157} INFO - Started process (PID=287849) to work on /home/gmassoqueto/repos/apache-airflow-101/.venv/lib/python3.11/site-packages/airflow/example_dags/example_nested_branch_dag.py
[2023-11-14T08:00:54.177-0300] {processor.py:829} INFO - Processing file /home/gmassoqueto/repos/apache-airflow-101/.venv/lib/python3.11/site-packages/airflow/example_dags/example_nested_branch_dag.py for tasks to queue
[2023-11-14T08:00:54.178-0300] {logging_mixin.py:154} INFO - [2023-11-14T08:00:54.178-0300] {dagbag.py:536} INFO - Filling up the DagBag from /home/gmassoqueto/repos/apache-airflow-101/.venv/lib/python3.11/site-packages/airflow/example_dags/example_nested_branch_dag.py
[2023-11-14T08:00:54.187-0300] {processor.py:839} INFO - DAG(s) dict_keys(['example_nested_branch_dag']) retrieved from /home/gmassoqueto/repos/apache-airflow-101/.venv/lib/python3.11/site-packages/airflow/example_dags/example_nested_branch_dag.py
[2023-11-14T08:00:54.198-0300] {logging_mixin.py:154} INFO - [2023-11-14T08:00:54.198-0300] {dag.py:2941} INFO - Sync 1 DAGs
[2023-11-14T08:00:54.212-0300] {logging_mixin.py:154} INFO - [2023-11-14T08:00:54.212-0300] {dag.py:3722} INFO - Setting next_dagrun for example_nested_branch_dag to 2023-11-13T00:00:00+00:00, run_after=2023-11-14T00:00:00+00:00
[2023-11-14T08:00:54.230-0300] {processor.py:179} INFO - Processing /home/gmassoqueto/repos/apache-airflow-101/.venv/lib/python3.11/site-packages/airflow/example_dags/example_nested_branch_dag.py took 0.058 seconds
[2023-11-14T08:01:40.973-0300] {processor.py:157} INFO - Started process (PID=288056) to work on /home/gmassoqueto/repos/apache-airflow-101/.venv/lib/python3.11/site-packages/airflow/example_dags/example_nested_branch_dag.py
[2023-11-14T08:01:40.977-0300] {processor.py:829} INFO - Processing file /home/gmassoqueto/repos/apache-airflow-101/.venv/lib/python3.11/site-packages/airflow/example_dags/example_nested_branch_dag.py for tasks to queue
[2023-11-14T08:01:40.978-0300] {logging_mixin.py:154} INFO - [2023-11-14T08:01:40.977-0300] {dagbag.py:536} INFO - Filling up the DagBag from /home/gmassoqueto/repos/apache-airflow-101/.venv/lib/python3.11/site-packages/airflow/example_dags/example_nested_branch_dag.py
[2023-11-14T08:01:40.988-0300] {processor.py:839} INFO - DAG(s) dict_keys(['example_nested_branch_dag']) retrieved from /home/gmassoqueto/repos/apache-airflow-101/.venv/lib/python3.11/site-packages/airflow/example_dags/example_nested_branch_dag.py
[2023-11-14T08:01:41.004-0300] {logging_mixin.py:154} INFO - [2023-11-14T08:01:41.004-0300] {dag.py:2941} INFO - Sync 1 DAGs
[2023-11-14T08:01:41.022-0300] {logging_mixin.py:154} INFO - [2023-11-14T08:01:41.022-0300] {dag.py:3722} INFO - Setting next_dagrun for example_nested_branch_dag to 2023-11-13T00:00:00+00:00, run_after=2023-11-14T00:00:00+00:00
[2023-11-14T08:01:41.043-0300] {processor.py:179} INFO - Processing /home/gmassoqueto/repos/apache-airflow-101/.venv/lib/python3.11/site-packages/airflow/example_dags/example_nested_branch_dag.py took 0.078 seconds
[2023-11-14T08:02:29.842-0300] {processor.py:157} INFO - Started process (PID=288169) to work on /home/gmassoqueto/repos/apache-airflow-101/.venv/lib/python3.11/site-packages/airflow/example_dags/example_nested_branch_dag.py
[2023-11-14T08:02:29.846-0300] {processor.py:829} INFO - Processing file /home/gmassoqueto/repos/apache-airflow-101/.venv/lib/python3.11/site-packages/airflow/example_dags/example_nested_branch_dag.py for tasks to queue
[2023-11-14T08:02:29.846-0300] {logging_mixin.py:154} INFO - [2023-11-14T08:02:29.846-0300] {dagbag.py:536} INFO - Filling up the DagBag from /home/gmassoqueto/repos/apache-airflow-101/.venv/lib/python3.11/site-packages/airflow/example_dags/example_nested_branch_dag.py
[2023-11-14T08:02:29.856-0300] {processor.py:839} INFO - DAG(s) dict_keys(['example_nested_branch_dag']) retrieved from /home/gmassoqueto/repos/apache-airflow-101/.venv/lib/python3.11/site-packages/airflow/example_dags/example_nested_branch_dag.py
[2023-11-14T08:02:29.873-0300] {logging_mixin.py:154} INFO - [2023-11-14T08:02:29.873-0300] {dag.py:2941} INFO - Sync 1 DAGs
[2023-11-14T08:02:29.891-0300] {logging_mixin.py:154} INFO - [2023-11-14T08:02:29.891-0300] {dag.py:3722} INFO - Setting next_dagrun for example_nested_branch_dag to 2023-11-13T00:00:00+00:00, run_after=2023-11-14T00:00:00+00:00
[2023-11-14T08:02:29.910-0300] {processor.py:179} INFO - Processing /home/gmassoqueto/repos/apache-airflow-101/.venv/lib/python3.11/site-packages/airflow/example_dags/example_nested_branch_dag.py took 0.070 seconds
[2023-11-14T08:03:18.093-0300] {processor.py:157} INFO - Started process (PID=288383) to work on /home/gmassoqueto/repos/apache-airflow-101/.venv/lib/python3.11/site-packages/airflow/example_dags/example_nested_branch_dag.py
[2023-11-14T08:03:18.097-0300] {processor.py:829} INFO - Processing file /home/gmassoqueto/repos/apache-airflow-101/.venv/lib/python3.11/site-packages/airflow/example_dags/example_nested_branch_dag.py for tasks to queue
[2023-11-14T08:03:18.098-0300] {logging_mixin.py:154} INFO - [2023-11-14T08:03:18.098-0300] {dagbag.py:536} INFO - Filling up the DagBag from /home/gmassoqueto/repos/apache-airflow-101/.venv/lib/python3.11/site-packages/airflow/example_dags/example_nested_branch_dag.py
[2023-11-14T08:03:18.120-0300] {processor.py:839} INFO - DAG(s) dict_keys(['example_nested_branch_dag']) retrieved from /home/gmassoqueto/repos/apache-airflow-101/.venv/lib/python3.11/site-packages/airflow/example_dags/example_nested_branch_dag.py
[2023-11-14T08:03:18.142-0300] {logging_mixin.py:154} INFO - [2023-11-14T08:03:18.142-0300] {dag.py:2941} INFO - Sync 1 DAGs
[2023-11-14T08:03:18.159-0300] {logging_mixin.py:154} INFO - [2023-11-14T08:03:18.158-0300] {dag.py:3722} INFO - Setting next_dagrun for example_nested_branch_dag to 2023-11-13T00:00:00+00:00, run_after=2023-11-14T00:00:00+00:00
[2023-11-14T08:03:18.175-0300] {processor.py:179} INFO - Processing /home/gmassoqueto/repos/apache-airflow-101/.venv/lib/python3.11/site-packages/airflow/example_dags/example_nested_branch_dag.py took 0.085 seconds
[2023-11-14T08:04:07.133-0300] {processor.py:157} INFO - Started process (PID=288824) to work on /home/gmassoqueto/repos/apache-airflow-101/.venv/lib/python3.11/site-packages/airflow/example_dags/example_nested_branch_dag.py
[2023-11-14T08:04:07.138-0300] {processor.py:829} INFO - Processing file /home/gmassoqueto/repos/apache-airflow-101/.venv/lib/python3.11/site-packages/airflow/example_dags/example_nested_branch_dag.py for tasks to queue
[2023-11-14T08:04:07.141-0300] {logging_mixin.py:154} INFO - [2023-11-14T08:04:07.139-0300] {dagbag.py:536} INFO - Filling up the DagBag from /home/gmassoqueto/repos/apache-airflow-101/.venv/lib/python3.11/site-packages/airflow/example_dags/example_nested_branch_dag.py
[2023-11-14T08:04:07.162-0300] {processor.py:839} INFO - DAG(s) dict_keys(['example_nested_branch_dag']) retrieved from /home/gmassoqueto/repos/apache-airflow-101/.venv/lib/python3.11/site-packages/airflow/example_dags/example_nested_branch_dag.py
[2023-11-14T08:04:07.181-0300] {logging_mixin.py:154} INFO - [2023-11-14T08:04:07.180-0300] {dag.py:2941} INFO - Sync 1 DAGs
[2023-11-14T08:04:07.202-0300] {logging_mixin.py:154} INFO - [2023-11-14T08:04:07.202-0300] {dag.py:3722} INFO - Setting next_dagrun for example_nested_branch_dag to 2023-11-13T00:00:00+00:00, run_after=2023-11-14T00:00:00+00:00
[2023-11-14T08:04:07.226-0300] {processor.py:179} INFO - Processing /home/gmassoqueto/repos/apache-airflow-101/.venv/lib/python3.11/site-packages/airflow/example_dags/example_nested_branch_dag.py took 0.101 seconds
[2023-11-14T08:05:00.108-0300] {processor.py:157} INFO - Started process (PID=288987) to work on /home/gmassoqueto/repos/apache-airflow-101/.venv/lib/python3.11/site-packages/airflow/example_dags/example_nested_branch_dag.py
[2023-11-14T08:05:00.110-0300] {processor.py:829} INFO - Processing file /home/gmassoqueto/repos/apache-airflow-101/.venv/lib/python3.11/site-packages/airflow/example_dags/example_nested_branch_dag.py for tasks to queue
[2023-11-14T08:05:00.113-0300] {logging_mixin.py:154} INFO - [2023-11-14T08:05:00.111-0300] {dagbag.py:536} INFO - Filling up the DagBag from /home/gmassoqueto/repos/apache-airflow-101/.venv/lib/python3.11/site-packages/airflow/example_dags/example_nested_branch_dag.py
[2023-11-14T08:05:00.132-0300] {processor.py:839} INFO - DAG(s) dict_keys(['example_nested_branch_dag']) retrieved from /home/gmassoqueto/repos/apache-airflow-101/.venv/lib/python3.11/site-packages/airflow/example_dags/example_nested_branch_dag.py
[2023-11-14T08:05:00.148-0300] {logging_mixin.py:154} INFO - [2023-11-14T08:05:00.148-0300] {dag.py:2941} INFO - Sync 1 DAGs
[2023-11-14T08:05:00.166-0300] {logging_mixin.py:154} INFO - [2023-11-14T08:05:00.165-0300] {dag.py:3722} INFO - Setting next_dagrun for example_nested_branch_dag to 2023-11-13T00:00:00+00:00, run_after=2023-11-14T00:00:00+00:00
[2023-11-14T08:05:00.183-0300] {processor.py:179} INFO - Processing /home/gmassoqueto/repos/apache-airflow-101/.venv/lib/python3.11/site-packages/airflow/example_dags/example_nested_branch_dag.py took 0.083 seconds
[2023-11-14T08:05:46.635-0300] {processor.py:157} INFO - Started process (PID=289082) to work on /home/gmassoqueto/repos/apache-airflow-101/.venv/lib/python3.11/site-packages/airflow/example_dags/example_nested_branch_dag.py
[2023-11-14T08:05:46.637-0300] {processor.py:829} INFO - Processing file /home/gmassoqueto/repos/apache-airflow-101/.venv/lib/python3.11/site-packages/airflow/example_dags/example_nested_branch_dag.py for tasks to queue
[2023-11-14T08:05:46.638-0300] {logging_mixin.py:154} INFO - [2023-11-14T08:05:46.637-0300] {dagbag.py:536} INFO - Filling up the DagBag from /home/gmassoqueto/repos/apache-airflow-101/.venv/lib/python3.11/site-packages/airflow/example_dags/example_nested_branch_dag.py
[2023-11-14T08:05:46.652-0300] {processor.py:839} INFO - DAG(s) dict_keys(['example_nested_branch_dag']) retrieved from /home/gmassoqueto/repos/apache-airflow-101/.venv/lib/python3.11/site-packages/airflow/example_dags/example_nested_branch_dag.py
[2023-11-14T08:05:46.674-0300] {logging_mixin.py:154} INFO - [2023-11-14T08:05:46.674-0300] {dag.py:2941} INFO - Sync 1 DAGs
[2023-11-14T08:05:46.703-0300] {logging_mixin.py:154} INFO - [2023-11-14T08:05:46.703-0300] {dag.py:3722} INFO - Setting next_dagrun for example_nested_branch_dag to 2023-11-13T00:00:00+00:00, run_after=2023-11-14T00:00:00+00:00
[2023-11-14T08:05:46.734-0300] {processor.py:179} INFO - Processing /home/gmassoqueto/repos/apache-airflow-101/.venv/lib/python3.11/site-packages/airflow/example_dags/example_nested_branch_dag.py took 0.101 seconds
[2023-11-14T08:06:34.482-0300] {processor.py:157} INFO - Started process (PID=289223) to work on /home/gmassoqueto/repos/apache-airflow-101/.venv/lib/python3.11/site-packages/airflow/example_dags/example_nested_branch_dag.py
[2023-11-14T08:06:34.487-0300] {processor.py:829} INFO - Processing file /home/gmassoqueto/repos/apache-airflow-101/.venv/lib/python3.11/site-packages/airflow/example_dags/example_nested_branch_dag.py for tasks to queue
[2023-11-14T08:06:34.490-0300] {logging_mixin.py:154} INFO - [2023-11-14T08:06:34.489-0300] {dagbag.py:536} INFO - Filling up the DagBag from /home/gmassoqueto/repos/apache-airflow-101/.venv/lib/python3.11/site-packages/airflow/example_dags/example_nested_branch_dag.py
[2023-11-14T08:06:34.511-0300] {processor.py:839} INFO - DAG(s) dict_keys(['example_nested_branch_dag']) retrieved from /home/gmassoqueto/repos/apache-airflow-101/.venv/lib/python3.11/site-packages/airflow/example_dags/example_nested_branch_dag.py
[2023-11-14T08:06:34.530-0300] {logging_mixin.py:154} INFO - [2023-11-14T08:06:34.530-0300] {dag.py:2941} INFO - Sync 1 DAGs
[2023-11-14T08:06:34.551-0300] {logging_mixin.py:154} INFO - [2023-11-14T08:06:34.551-0300] {dag.py:3722} INFO - Setting next_dagrun for example_nested_branch_dag to 2023-11-13T00:00:00+00:00, run_after=2023-11-14T00:00:00+00:00
[2023-11-14T08:06:34.570-0300] {processor.py:179} INFO - Processing /home/gmassoqueto/repos/apache-airflow-101/.venv/lib/python3.11/site-packages/airflow/example_dags/example_nested_branch_dag.py took 0.095 seconds
[2023-11-14T08:07:23.533-0300] {processor.py:157} INFO - Started process (PID=289398) to work on /home/gmassoqueto/repos/apache-airflow-101/.venv/lib/python3.11/site-packages/airflow/example_dags/example_nested_branch_dag.py
[2023-11-14T08:07:23.537-0300] {processor.py:829} INFO - Processing file /home/gmassoqueto/repos/apache-airflow-101/.venv/lib/python3.11/site-packages/airflow/example_dags/example_nested_branch_dag.py for tasks to queue
[2023-11-14T08:07:23.538-0300] {logging_mixin.py:154} INFO - [2023-11-14T08:07:23.538-0300] {dagbag.py:536} INFO - Filling up the DagBag from /home/gmassoqueto/repos/apache-airflow-101/.venv/lib/python3.11/site-packages/airflow/example_dags/example_nested_branch_dag.py
[2023-11-14T08:07:23.552-0300] {processor.py:839} INFO - DAG(s) dict_keys(['example_nested_branch_dag']) retrieved from /home/gmassoqueto/repos/apache-airflow-101/.venv/lib/python3.11/site-packages/airflow/example_dags/example_nested_branch_dag.py
[2023-11-14T08:07:23.573-0300] {logging_mixin.py:154} INFO - [2023-11-14T08:07:23.573-0300] {dag.py:2941} INFO - Sync 1 DAGs
[2023-11-14T08:07:23.603-0300] {logging_mixin.py:154} INFO - [2023-11-14T08:07:23.603-0300] {dag.py:3722} INFO - Setting next_dagrun for example_nested_branch_dag to 2023-11-13T00:00:00+00:00, run_after=2023-11-14T00:00:00+00:00
[2023-11-14T08:07:23.645-0300] {processor.py:179} INFO - Processing /home/gmassoqueto/repos/apache-airflow-101/.venv/lib/python3.11/site-packages/airflow/example_dags/example_nested_branch_dag.py took 0.115 seconds
[2023-11-14T08:08:31.743-0300] {processor.py:157} INFO - Started process (PID=289842) to work on /home/gmassoqueto/repos/apache-airflow-101/.venv/lib/python3.11/site-packages/airflow/example_dags/example_nested_branch_dag.py
[2023-11-14T08:08:31.748-0300] {processor.py:829} INFO - Processing file /home/gmassoqueto/repos/apache-airflow-101/.venv/lib/python3.11/site-packages/airflow/example_dags/example_nested_branch_dag.py for tasks to queue
[2023-11-14T08:08:31.750-0300] {logging_mixin.py:154} INFO - [2023-11-14T08:08:31.749-0300] {dagbag.py:536} INFO - Filling up the DagBag from /home/gmassoqueto/repos/apache-airflow-101/.venv/lib/python3.11/site-packages/airflow/example_dags/example_nested_branch_dag.py
[2023-11-14T08:08:31.780-0300] {processor.py:839} INFO - DAG(s) dict_keys(['example_nested_branch_dag']) retrieved from /home/gmassoqueto/repos/apache-airflow-101/.venv/lib/python3.11/site-packages/airflow/example_dags/example_nested_branch_dag.py
[2023-11-14T08:08:31.801-0300] {logging_mixin.py:154} INFO - [2023-11-14T08:08:31.801-0300] {dag.py:2941} INFO - Sync 1 DAGs
[2023-11-14T08:08:31.810-0300] {logging_mixin.py:154} INFO - [2023-11-14T08:08:31.810-0300] {dag.py:2963} INFO - Creating ORM DAG for example_nested_branch_dag
[2023-11-14T08:08:31.818-0300] {logging_mixin.py:154} INFO - [2023-11-14T08:08:31.818-0300] {dag.py:3722} INFO - Setting next_dagrun for example_nested_branch_dag to 2023-11-13T00:00:00+00:00, run_after=2023-11-14T00:00:00+00:00
[2023-11-14T08:08:31.836-0300] {processor.py:179} INFO - Processing /home/gmassoqueto/repos/apache-airflow-101/.venv/lib/python3.11/site-packages/airflow/example_dags/example_nested_branch_dag.py took 0.101 seconds
[2023-11-14T08:10:14.608-0300] {processor.py:157} INFO - Started process (PID=290680) to work on /home/gmassoqueto/repos/apache-airflow-101/.venv/lib/python3.11/site-packages/airflow/example_dags/example_nested_branch_dag.py
[2023-11-14T08:10:14.611-0300] {processor.py:829} INFO - Processing file /home/gmassoqueto/repos/apache-airflow-101/.venv/lib/python3.11/site-packages/airflow/example_dags/example_nested_branch_dag.py for tasks to queue
[2023-11-14T08:10:14.612-0300] {logging_mixin.py:154} INFO - [2023-11-14T08:10:14.611-0300] {dagbag.py:536} INFO - Filling up the DagBag from /home/gmassoqueto/repos/apache-airflow-101/.venv/lib/python3.11/site-packages/airflow/example_dags/example_nested_branch_dag.py
[2023-11-14T08:10:14.626-0300] {processor.py:839} INFO - DAG(s) dict_keys(['example_nested_branch_dag']) retrieved from /home/gmassoqueto/repos/apache-airflow-101/.venv/lib/python3.11/site-packages/airflow/example_dags/example_nested_branch_dag.py
[2023-11-14T08:10:14.648-0300] {logging_mixin.py:154} INFO - [2023-11-14T08:10:14.648-0300] {dag.py:2941} INFO - Sync 1 DAGs
[2023-11-14T08:10:14.671-0300] {logging_mixin.py:154} INFO - [2023-11-14T08:10:14.670-0300] {dag.py:3722} INFO - Setting next_dagrun for example_nested_branch_dag to 2023-11-13T00:00:00+00:00, run_after=2023-11-14T00:00:00+00:00
[2023-11-14T08:10:14.693-0300] {processor.py:179} INFO - Processing /home/gmassoqueto/repos/apache-airflow-101/.venv/lib/python3.11/site-packages/airflow/example_dags/example_nested_branch_dag.py took 0.089 seconds
[2023-11-14T08:11:02.285-0300] {processor.py:157} INFO - Started process (PID=291131) to work on /home/gmassoqueto/repos/apache-airflow-101/.venv/lib/python3.11/site-packages/airflow/example_dags/example_nested_branch_dag.py
[2023-11-14T08:11:02.289-0300] {processor.py:829} INFO - Processing file /home/gmassoqueto/repos/apache-airflow-101/.venv/lib/python3.11/site-packages/airflow/example_dags/example_nested_branch_dag.py for tasks to queue
[2023-11-14T08:11:02.290-0300] {logging_mixin.py:154} INFO - [2023-11-14T08:11:02.289-0300] {dagbag.py:536} INFO - Filling up the DagBag from /home/gmassoqueto/repos/apache-airflow-101/.venv/lib/python3.11/site-packages/airflow/example_dags/example_nested_branch_dag.py
[2023-11-14T08:11:02.299-0300] {processor.py:839} INFO - DAG(s) dict_keys(['example_nested_branch_dag']) retrieved from /home/gmassoqueto/repos/apache-airflow-101/.venv/lib/python3.11/site-packages/airflow/example_dags/example_nested_branch_dag.py
[2023-11-14T08:11:02.316-0300] {logging_mixin.py:154} INFO - [2023-11-14T08:11:02.316-0300] {dag.py:2941} INFO - Sync 1 DAGs
[2023-11-14T08:11:02.335-0300] {logging_mixin.py:154} INFO - [2023-11-14T08:11:02.335-0300] {dag.py:3722} INFO - Setting next_dagrun for example_nested_branch_dag to 2023-11-13T00:00:00+00:00, run_after=2023-11-14T00:00:00+00:00
[2023-11-14T08:11:02.353-0300] {processor.py:179} INFO - Processing /home/gmassoqueto/repos/apache-airflow-101/.venv/lib/python3.11/site-packages/airflow/example_dags/example_nested_branch_dag.py took 0.070 seconds
[2023-11-14T08:11:50.506-0300] {processor.py:157} INFO - Started process (PID=291259) to work on /home/gmassoqueto/repos/apache-airflow-101/.venv/lib/python3.11/site-packages/airflow/example_dags/example_nested_branch_dag.py
[2023-11-14T08:11:50.599-0300] {processor.py:829} INFO - Processing file /home/gmassoqueto/repos/apache-airflow-101/.venv/lib/python3.11/site-packages/airflow/example_dags/example_nested_branch_dag.py for tasks to queue
[2023-11-14T08:11:50.601-0300] {logging_mixin.py:154} INFO - [2023-11-14T08:11:50.600-0300] {dagbag.py:536} INFO - Filling up the DagBag from /home/gmassoqueto/repos/apache-airflow-101/.venv/lib/python3.11/site-packages/airflow/example_dags/example_nested_branch_dag.py
[2023-11-14T08:11:50.633-0300] {processor.py:839} INFO - DAG(s) dict_keys(['example_nested_branch_dag']) retrieved from /home/gmassoqueto/repos/apache-airflow-101/.venv/lib/python3.11/site-packages/airflow/example_dags/example_nested_branch_dag.py
[2023-11-14T08:11:50.654-0300] {logging_mixin.py:154} INFO - [2023-11-14T08:11:50.653-0300] {dag.py:2941} INFO - Sync 1 DAGs
[2023-11-14T08:11:50.672-0300] {logging_mixin.py:154} INFO - [2023-11-14T08:11:50.672-0300] {dag.py:3722} INFO - Setting next_dagrun for example_nested_branch_dag to 2023-11-13T00:00:00+00:00, run_after=2023-11-14T00:00:00+00:00
[2023-11-14T08:11:50.690-0300] {processor.py:179} INFO - Processing /home/gmassoqueto/repos/apache-airflow-101/.venv/lib/python3.11/site-packages/airflow/example_dags/example_nested_branch_dag.py took 0.190 seconds
[2023-11-14T08:12:36.957-0300] {processor.py:157} INFO - Started process (PID=291487) to work on /home/gmassoqueto/repos/apache-airflow-101/.venv/lib/python3.11/site-packages/airflow/example_dags/example_nested_branch_dag.py
[2023-11-14T08:12:36.959-0300] {processor.py:829} INFO - Processing file /home/gmassoqueto/repos/apache-airflow-101/.venv/lib/python3.11/site-packages/airflow/example_dags/example_nested_branch_dag.py for tasks to queue
[2023-11-14T08:12:36.960-0300] {logging_mixin.py:154} INFO - [2023-11-14T08:12:36.959-0300] {dagbag.py:536} INFO - Filling up the DagBag from /home/gmassoqueto/repos/apache-airflow-101/.venv/lib/python3.11/site-packages/airflow/example_dags/example_nested_branch_dag.py
[2023-11-14T08:12:36.972-0300] {processor.py:839} INFO - DAG(s) dict_keys(['example_nested_branch_dag']) retrieved from /home/gmassoqueto/repos/apache-airflow-101/.venv/lib/python3.11/site-packages/airflow/example_dags/example_nested_branch_dag.py
[2023-11-14T08:12:36.980-0300] {logging_mixin.py:154} INFO - [2023-11-14T08:12:36.980-0300] {dag.py:2941} INFO - Sync 1 DAGs
[2023-11-14T08:12:37.000-0300] {logging_mixin.py:154} INFO - [2023-11-14T08:12:37.000-0300] {dag.py:3722} INFO - Setting next_dagrun for example_nested_branch_dag to 2023-11-13T00:00:00+00:00, run_after=2023-11-14T00:00:00+00:00
[2023-11-14T08:12:37.017-0300] {processor.py:179} INFO - Processing /home/gmassoqueto/repos/apache-airflow-101/.venv/lib/python3.11/site-packages/airflow/example_dags/example_nested_branch_dag.py took 0.063 seconds
[2023-11-14T08:13:23.326-0300] {processor.py:157} INFO - Started process (PID=291617) to work on /home/gmassoqueto/repos/apache-airflow-101/.venv/lib/python3.11/site-packages/airflow/example_dags/example_nested_branch_dag.py
[2023-11-14T08:13:23.329-0300] {processor.py:829} INFO - Processing file /home/gmassoqueto/repos/apache-airflow-101/.venv/lib/python3.11/site-packages/airflow/example_dags/example_nested_branch_dag.py for tasks to queue
[2023-11-14T08:13:23.331-0300] {logging_mixin.py:154} INFO - [2023-11-14T08:13:23.330-0300] {dagbag.py:536} INFO - Filling up the DagBag from /home/gmassoqueto/repos/apache-airflow-101/.venv/lib/python3.11/site-packages/airflow/example_dags/example_nested_branch_dag.py
[2023-11-14T08:13:23.352-0300] {processor.py:839} INFO - DAG(s) dict_keys(['example_nested_branch_dag']) retrieved from /home/gmassoqueto/repos/apache-airflow-101/.venv/lib/python3.11/site-packages/airflow/example_dags/example_nested_branch_dag.py
[2023-11-14T08:13:23.375-0300] {logging_mixin.py:154} INFO - [2023-11-14T08:13:23.375-0300] {dag.py:2941} INFO - Sync 1 DAGs
[2023-11-14T08:13:23.390-0300] {logging_mixin.py:154} INFO - [2023-11-14T08:13:23.389-0300] {dag.py:3722} INFO - Setting next_dagrun for example_nested_branch_dag to 2023-11-13T00:00:00+00:00, run_after=2023-11-14T00:00:00+00:00
[2023-11-14T08:13:23.405-0300] {processor.py:179} INFO - Processing /home/gmassoqueto/repos/apache-airflow-101/.venv/lib/python3.11/site-packages/airflow/example_dags/example_nested_branch_dag.py took 0.086 seconds
[2023-11-14T08:14:08.594-0300] {processor.py:157} INFO - Started process (PID=291705) to work on /home/gmassoqueto/repos/apache-airflow-101/.venv/lib/python3.11/site-packages/airflow/example_dags/example_nested_branch_dag.py
[2023-11-14T08:14:08.599-0300] {processor.py:829} INFO - Processing file /home/gmassoqueto/repos/apache-airflow-101/.venv/lib/python3.11/site-packages/airflow/example_dags/example_nested_branch_dag.py for tasks to queue
[2023-11-14T08:14:08.601-0300] {logging_mixin.py:154} INFO - [2023-11-14T08:14:08.600-0300] {dagbag.py:536} INFO - Filling up the DagBag from /home/gmassoqueto/repos/apache-airflow-101/.venv/lib/python3.11/site-packages/airflow/example_dags/example_nested_branch_dag.py
[2023-11-14T08:14:08.625-0300] {processor.py:839} INFO - DAG(s) dict_keys(['example_nested_branch_dag']) retrieved from /home/gmassoqueto/repos/apache-airflow-101/.venv/lib/python3.11/site-packages/airflow/example_dags/example_nested_branch_dag.py
[2023-11-14T08:14:08.643-0300] {logging_mixin.py:154} INFO - [2023-11-14T08:14:08.643-0300] {dag.py:2941} INFO - Sync 1 DAGs
[2023-11-14T08:14:08.659-0300] {logging_mixin.py:154} INFO - [2023-11-14T08:14:08.659-0300] {dag.py:3722} INFO - Setting next_dagrun for example_nested_branch_dag to 2023-11-13T00:00:00+00:00, run_after=2023-11-14T00:00:00+00:00
[2023-11-14T08:14:08.675-0300] {processor.py:179} INFO - Processing /home/gmassoqueto/repos/apache-airflow-101/.venv/lib/python3.11/site-packages/airflow/example_dags/example_nested_branch_dag.py took 0.088 seconds
[2023-11-14T08:14:58.169-0300] {processor.py:157} INFO - Started process (PID=291867) to work on /home/gmassoqueto/repos/apache-airflow-101/.venv/lib/python3.11/site-packages/airflow/example_dags/example_nested_branch_dag.py
[2023-11-14T08:14:58.173-0300] {processor.py:829} INFO - Processing file /home/gmassoqueto/repos/apache-airflow-101/.venv/lib/python3.11/site-packages/airflow/example_dags/example_nested_branch_dag.py for tasks to queue
[2023-11-14T08:14:58.175-0300] {logging_mixin.py:154} INFO - [2023-11-14T08:14:58.174-0300] {dagbag.py:536} INFO - Filling up the DagBag from /home/gmassoqueto/repos/apache-airflow-101/.venv/lib/python3.11/site-packages/airflow/example_dags/example_nested_branch_dag.py
[2023-11-14T08:14:58.198-0300] {processor.py:839} INFO - DAG(s) dict_keys(['example_nested_branch_dag']) retrieved from /home/gmassoqueto/repos/apache-airflow-101/.venv/lib/python3.11/site-packages/airflow/example_dags/example_nested_branch_dag.py
[2023-11-14T08:14:58.220-0300] {logging_mixin.py:154} INFO - [2023-11-14T08:14:58.220-0300] {dag.py:2941} INFO - Sync 1 DAGs
[2023-11-14T08:14:58.236-0300] {logging_mixin.py:154} INFO - [2023-11-14T08:14:58.236-0300] {dag.py:3722} INFO - Setting next_dagrun for example_nested_branch_dag to 2023-11-13T00:00:00+00:00, run_after=2023-11-14T00:00:00+00:00
[2023-11-14T08:14:58.254-0300] {processor.py:179} INFO - Processing /home/gmassoqueto/repos/apache-airflow-101/.venv/lib/python3.11/site-packages/airflow/example_dags/example_nested_branch_dag.py took 0.087 seconds
[2023-11-14T08:15:46.213-0300] {processor.py:157} INFO - Started process (PID=291956) to work on /home/gmassoqueto/repos/apache-airflow-101/.venv/lib/python3.11/site-packages/airflow/example_dags/example_nested_branch_dag.py
[2023-11-14T08:15:46.216-0300] {processor.py:829} INFO - Processing file /home/gmassoqueto/repos/apache-airflow-101/.venv/lib/python3.11/site-packages/airflow/example_dags/example_nested_branch_dag.py for tasks to queue
[2023-11-14T08:15:46.218-0300] {logging_mixin.py:154} INFO - [2023-11-14T08:15:46.217-0300] {dagbag.py:536} INFO - Filling up the DagBag from /home/gmassoqueto/repos/apache-airflow-101/.venv/lib/python3.11/site-packages/airflow/example_dags/example_nested_branch_dag.py
[2023-11-14T08:15:46.228-0300] {processor.py:839} INFO - DAG(s) dict_keys(['example_nested_branch_dag']) retrieved from /home/gmassoqueto/repos/apache-airflow-101/.venv/lib/python3.11/site-packages/airflow/example_dags/example_nested_branch_dag.py
[2023-11-14T08:15:46.241-0300] {logging_mixin.py:154} INFO - [2023-11-14T08:15:46.241-0300] {dag.py:2941} INFO - Sync 1 DAGs
[2023-11-14T08:15:46.256-0300] {logging_mixin.py:154} INFO - [2023-11-14T08:15:46.256-0300] {dag.py:3722} INFO - Setting next_dagrun for example_nested_branch_dag to 2023-11-13T00:00:00+00:00, run_after=2023-11-14T00:00:00+00:00
[2023-11-14T08:15:46.273-0300] {processor.py:179} INFO - Processing /home/gmassoqueto/repos/apache-airflow-101/.venv/lib/python3.11/site-packages/airflow/example_dags/example_nested_branch_dag.py took 0.062 seconds
[2023-11-14T08:16:34.499-0300] {processor.py:157} INFO - Started process (PID=292034) to work on /home/gmassoqueto/repos/apache-airflow-101/.venv/lib/python3.11/site-packages/airflow/example_dags/example_nested_branch_dag.py
[2023-11-14T08:16:34.503-0300] {processor.py:829} INFO - Processing file /home/gmassoqueto/repos/apache-airflow-101/.venv/lib/python3.11/site-packages/airflow/example_dags/example_nested_branch_dag.py for tasks to queue
[2023-11-14T08:16:34.503-0300] {logging_mixin.py:154} INFO - [2023-11-14T08:16:34.503-0300] {dagbag.py:536} INFO - Filling up the DagBag from /home/gmassoqueto/repos/apache-airflow-101/.venv/lib/python3.11/site-packages/airflow/example_dags/example_nested_branch_dag.py
[2023-11-14T08:16:34.511-0300] {processor.py:839} INFO - DAG(s) dict_keys(['example_nested_branch_dag']) retrieved from /home/gmassoqueto/repos/apache-airflow-101/.venv/lib/python3.11/site-packages/airflow/example_dags/example_nested_branch_dag.py
[2023-11-14T08:16:34.526-0300] {logging_mixin.py:154} INFO - [2023-11-14T08:16:34.526-0300] {dag.py:2941} INFO - Sync 1 DAGs
[2023-11-14T08:16:34.542-0300] {logging_mixin.py:154} INFO - [2023-11-14T08:16:34.542-0300] {dag.py:3722} INFO - Setting next_dagrun for example_nested_branch_dag to 2023-11-13T00:00:00+00:00, run_after=2023-11-14T00:00:00+00:00
[2023-11-14T08:16:34.560-0300] {processor.py:179} INFO - Processing /home/gmassoqueto/repos/apache-airflow-101/.venv/lib/python3.11/site-packages/airflow/example_dags/example_nested_branch_dag.py took 0.064 seconds
[2023-11-14T08:17:24.754-0300] {processor.py:157} INFO - Started process (PID=292123) to work on /home/gmassoqueto/repos/apache-airflow-101/.venv/lib/python3.11/site-packages/airflow/example_dags/example_nested_branch_dag.py
[2023-11-14T08:17:24.758-0300] {processor.py:829} INFO - Processing file /home/gmassoqueto/repos/apache-airflow-101/.venv/lib/python3.11/site-packages/airflow/example_dags/example_nested_branch_dag.py for tasks to queue
[2023-11-14T08:17:24.760-0300] {logging_mixin.py:154} INFO - [2023-11-14T08:17:24.759-0300] {dagbag.py:536} INFO - Filling up the DagBag from /home/gmassoqueto/repos/apache-airflow-101/.venv/lib/python3.11/site-packages/airflow/example_dags/example_nested_branch_dag.py
[2023-11-14T08:17:24.785-0300] {processor.py:839} INFO - DAG(s) dict_keys(['example_nested_branch_dag']) retrieved from /home/gmassoqueto/repos/apache-airflow-101/.venv/lib/python3.11/site-packages/airflow/example_dags/example_nested_branch_dag.py
[2023-11-14T08:17:24.806-0300] {logging_mixin.py:154} INFO - [2023-11-14T08:17:24.806-0300] {dag.py:2941} INFO - Sync 1 DAGs
[2023-11-14T08:17:24.822-0300] {logging_mixin.py:154} INFO - [2023-11-14T08:17:24.822-0300] {dag.py:3722} INFO - Setting next_dagrun for example_nested_branch_dag to 2023-11-13T00:00:00+00:00, run_after=2023-11-14T00:00:00+00:00
[2023-11-14T08:17:24.847-0300] {processor.py:179} INFO - Processing /home/gmassoqueto/repos/apache-airflow-101/.venv/lib/python3.11/site-packages/airflow/example_dags/example_nested_branch_dag.py took 0.095 seconds
