[2023-11-14T07:03:36.586-0300] {processor.py:157} INFO - Started process (PID=284779) to work on /home/gmassoqueto/repos/apache-airflow-101/.venv/lib/python3.11/site-packages/airflow/example_dags/example_python_operator.py
[2023-11-14T07:03:36.586-0300] {processor.py:829} INFO - Processing file /home/gmassoqueto/repos/apache-airflow-101/.venv/lib/python3.11/site-packages/airflow/example_dags/example_python_operator.py for tasks to queue
[2023-11-14T07:03:36.587-0300] {logging_mixin.py:154} INFO - [2023-11-14T07:03:36.587-0300] {dagbag.py:536} INFO - Filling up the DagBag from /home/gmassoqueto/repos/apache-airflow-101/.venv/lib/python3.11/site-packages/airflow/example_dags/example_python_operator.py
[2023-11-14T07:03:36.598-0300] {processor.py:839} INFO - DAG(s) dict_keys(['example_python_operator']) retrieved from /home/gmassoqueto/repos/apache-airflow-101/.venv/lib/python3.11/site-packages/airflow/example_dags/example_python_operator.py
[2023-11-14T07:03:36.605-0300] {logging_mixin.py:154} INFO - [2023-11-14T07:03:36.605-0300] {dag.py:2941} INFO - Sync 1 DAGs
[2023-11-14T07:03:36.619-0300] {logging_mixin.py:154} INFO - [2023-11-14T07:03:36.619-0300] {dag.py:3722} INFO - Setting next_dagrun for example_python_operator to None, run_after=None
[2023-11-14T07:03:36.640-0300] {processor.py:179} INFO - Processing /home/gmassoqueto/repos/apache-airflow-101/.venv/lib/python3.11/site-packages/airflow/example_dags/example_python_operator.py took 0.056 seconds
[2023-11-14T07:57:31.670-0300] {processor.py:157} INFO - Started process (PID=287245) to work on /home/gmassoqueto/repos/apache-airflow-101/.venv/lib/python3.11/site-packages/airflow/example_dags/example_python_operator.py
[2023-11-14T07:57:31.675-0300] {processor.py:829} INFO - Processing file /home/gmassoqueto/repos/apache-airflow-101/.venv/lib/python3.11/site-packages/airflow/example_dags/example_python_operator.py for tasks to queue
[2023-11-14T07:57:31.677-0300] {logging_mixin.py:154} INFO - [2023-11-14T07:57:31.676-0300] {dagbag.py:536} INFO - Filling up the DagBag from /home/gmassoqueto/repos/apache-airflow-101/.venv/lib/python3.11/site-packages/airflow/example_dags/example_python_operator.py
[2023-11-14T07:57:31.705-0300] {processor.py:839} INFO - DAG(s) dict_keys(['example_python_operator']) retrieved from /home/gmassoqueto/repos/apache-airflow-101/.venv/lib/python3.11/site-packages/airflow/example_dags/example_python_operator.py
[2023-11-14T07:57:31.715-0300] {logging_mixin.py:154} INFO - [2023-11-14T07:57:31.714-0300] {dag.py:2941} INFO - Sync 1 DAGs
[2023-11-14T07:57:31.728-0300] {logging_mixin.py:154} INFO - [2023-11-14T07:57:31.728-0300] {dag.py:3722} INFO - Setting next_dagrun for example_python_operator to None, run_after=None
[2023-11-14T07:57:31.747-0300] {processor.py:179} INFO - Processing /home/gmassoqueto/repos/apache-airflow-101/.venv/lib/python3.11/site-packages/airflow/example_dags/example_python_operator.py took 0.079 seconds
[2023-11-14T07:58:19.262-0300] {processor.py:157} INFO - Started process (PID=287419) to work on /home/gmassoqueto/repos/apache-airflow-101/.venv/lib/python3.11/site-packages/airflow/example_dags/example_python_operator.py
[2023-11-14T07:58:19.266-0300] {processor.py:829} INFO - Processing file /home/gmassoqueto/repos/apache-airflow-101/.venv/lib/python3.11/site-packages/airflow/example_dags/example_python_operator.py for tasks to queue
[2023-11-14T07:58:19.267-0300] {logging_mixin.py:154} INFO - [2023-11-14T07:58:19.266-0300] {dagbag.py:536} INFO - Filling up the DagBag from /home/gmassoqueto/repos/apache-airflow-101/.venv/lib/python3.11/site-packages/airflow/example_dags/example_python_operator.py
[2023-11-14T07:58:19.278-0300] {processor.py:839} INFO - DAG(s) dict_keys(['example_python_operator']) retrieved from /home/gmassoqueto/repos/apache-airflow-101/.venv/lib/python3.11/site-packages/airflow/example_dags/example_python_operator.py
[2023-11-14T07:58:19.350-0300] {logging_mixin.py:154} INFO - [2023-11-14T07:58:19.350-0300] {dag.py:2941} INFO - Sync 1 DAGs
[2023-11-14T07:58:19.357-0300] {logging_mixin.py:154} INFO - [2023-11-14T07:58:19.357-0300] {dag.py:3722} INFO - Setting next_dagrun for example_python_operator to None, run_after=None
[2023-11-14T07:58:19.381-0300] {processor.py:179} INFO - Processing /home/gmassoqueto/repos/apache-airflow-101/.venv/lib/python3.11/site-packages/airflow/example_dags/example_python_operator.py took 0.122 seconds
[2023-11-14T07:59:04.698-0300] {processor.py:157} INFO - Started process (PID=287566) to work on /home/gmassoqueto/repos/apache-airflow-101/.venv/lib/python3.11/site-packages/airflow/example_dags/example_python_operator.py
[2023-11-14T07:59:04.699-0300] {processor.py:829} INFO - Processing file /home/gmassoqueto/repos/apache-airflow-101/.venv/lib/python3.11/site-packages/airflow/example_dags/example_python_operator.py for tasks to queue
[2023-11-14T07:59:04.700-0300] {logging_mixin.py:154} INFO - [2023-11-14T07:59:04.700-0300] {dagbag.py:536} INFO - Filling up the DagBag from /home/gmassoqueto/repos/apache-airflow-101/.venv/lib/python3.11/site-packages/airflow/example_dags/example_python_operator.py
[2023-11-14T07:59:04.712-0300] {processor.py:839} INFO - DAG(s) dict_keys(['example_python_operator']) retrieved from /home/gmassoqueto/repos/apache-airflow-101/.venv/lib/python3.11/site-packages/airflow/example_dags/example_python_operator.py
[2023-11-14T07:59:04.732-0300] {logging_mixin.py:154} INFO - [2023-11-14T07:59:04.732-0300] {dag.py:2941} INFO - Sync 1 DAGs
[2023-11-14T07:59:04.742-0300] {logging_mixin.py:154} INFO - [2023-11-14T07:59:04.741-0300] {dag.py:3722} INFO - Setting next_dagrun for example_python_operator to None, run_after=None
[2023-11-14T07:59:04.758-0300] {processor.py:179} INFO - Processing /home/gmassoqueto/repos/apache-airflow-101/.venv/lib/python3.11/site-packages/airflow/example_dags/example_python_operator.py took 0.062 seconds
[2023-11-14T07:59:56.280-0300] {processor.py:157} INFO - Started process (PID=287672) to work on /home/gmassoqueto/repos/apache-airflow-101/.venv/lib/python3.11/site-packages/airflow/example_dags/example_python_operator.py
[2023-11-14T07:59:56.282-0300] {processor.py:829} INFO - Processing file /home/gmassoqueto/repos/apache-airflow-101/.venv/lib/python3.11/site-packages/airflow/example_dags/example_python_operator.py for tasks to queue
[2023-11-14T07:59:56.284-0300] {logging_mixin.py:154} INFO - [2023-11-14T07:59:56.283-0300] {dagbag.py:536} INFO - Filling up the DagBag from /home/gmassoqueto/repos/apache-airflow-101/.venv/lib/python3.11/site-packages/airflow/example_dags/example_python_operator.py
[2023-11-14T07:59:56.304-0300] {processor.py:839} INFO - DAG(s) dict_keys(['example_python_operator']) retrieved from /home/gmassoqueto/repos/apache-airflow-101/.venv/lib/python3.11/site-packages/airflow/example_dags/example_python_operator.py
[2023-11-14T07:59:56.326-0300] {logging_mixin.py:154} INFO - [2023-11-14T07:59:56.325-0300] {dag.py:2941} INFO - Sync 1 DAGs
[2023-11-14T07:59:56.338-0300] {logging_mixin.py:154} INFO - [2023-11-14T07:59:56.338-0300] {dag.py:3722} INFO - Setting next_dagrun for example_python_operator to None, run_after=None
[2023-11-14T07:59:56.369-0300] {processor.py:179} INFO - Processing /home/gmassoqueto/repos/apache-airflow-101/.venv/lib/python3.11/site-packages/airflow/example_dags/example_python_operator.py took 0.094 seconds
[2023-11-14T08:00:42.631-0300] {processor.py:157} INFO - Started process (PID=287806) to work on /home/gmassoqueto/repos/apache-airflow-101/.venv/lib/python3.11/site-packages/airflow/example_dags/example_python_operator.py
[2023-11-14T08:00:42.635-0300] {processor.py:829} INFO - Processing file /home/gmassoqueto/repos/apache-airflow-101/.venv/lib/python3.11/site-packages/airflow/example_dags/example_python_operator.py for tasks to queue
[2023-11-14T08:00:42.638-0300] {logging_mixin.py:154} INFO - [2023-11-14T08:00:42.637-0300] {dagbag.py:536} INFO - Filling up the DagBag from /home/gmassoqueto/repos/apache-airflow-101/.venv/lib/python3.11/site-packages/airflow/example_dags/example_python_operator.py
[2023-11-14T08:00:42.664-0300] {processor.py:839} INFO - DAG(s) dict_keys(['example_python_operator']) retrieved from /home/gmassoqueto/repos/apache-airflow-101/.venv/lib/python3.11/site-packages/airflow/example_dags/example_python_operator.py
[2023-11-14T08:00:42.682-0300] {logging_mixin.py:154} INFO - [2023-11-14T08:00:42.682-0300] {dag.py:2941} INFO - Sync 1 DAGs
[2023-11-14T08:00:42.691-0300] {logging_mixin.py:154} INFO - [2023-11-14T08:00:42.691-0300] {dag.py:3722} INFO - Setting next_dagrun for example_python_operator to None, run_after=None
[2023-11-14T08:00:42.709-0300] {processor.py:179} INFO - Processing /home/gmassoqueto/repos/apache-airflow-101/.venv/lib/python3.11/site-packages/airflow/example_dags/example_python_operator.py took 0.082 seconds
[2023-11-14T08:01:28.352-0300] {processor.py:157} INFO - Started process (PID=288043) to work on /home/gmassoqueto/repos/apache-airflow-101/.venv/lib/python3.11/site-packages/airflow/example_dags/example_python_operator.py
[2023-11-14T08:01:28.355-0300] {processor.py:829} INFO - Processing file /home/gmassoqueto/repos/apache-airflow-101/.venv/lib/python3.11/site-packages/airflow/example_dags/example_python_operator.py for tasks to queue
[2023-11-14T08:01:28.356-0300] {logging_mixin.py:154} INFO - [2023-11-14T08:01:28.356-0300] {dagbag.py:536} INFO - Filling up the DagBag from /home/gmassoqueto/repos/apache-airflow-101/.venv/lib/python3.11/site-packages/airflow/example_dags/example_python_operator.py
[2023-11-14T08:01:28.366-0300] {processor.py:839} INFO - DAG(s) dict_keys(['example_python_operator']) retrieved from /home/gmassoqueto/repos/apache-airflow-101/.venv/lib/python3.11/site-packages/airflow/example_dags/example_python_operator.py
[2023-11-14T08:01:28.384-0300] {logging_mixin.py:154} INFO - [2023-11-14T08:01:28.384-0300] {dag.py:2941} INFO - Sync 1 DAGs
[2023-11-14T08:01:28.393-0300] {logging_mixin.py:154} INFO - [2023-11-14T08:01:28.393-0300] {dag.py:3722} INFO - Setting next_dagrun for example_python_operator to None, run_after=None
[2023-11-14T08:01:28.411-0300] {processor.py:179} INFO - Processing /home/gmassoqueto/repos/apache-airflow-101/.venv/lib/python3.11/site-packages/airflow/example_dags/example_python_operator.py took 0.062 seconds
[2023-11-14T08:02:18.294-0300] {processor.py:157} INFO - Started process (PID=288151) to work on /home/gmassoqueto/repos/apache-airflow-101/.venv/lib/python3.11/site-packages/airflow/example_dags/example_python_operator.py
[2023-11-14T08:02:18.298-0300] {processor.py:829} INFO - Processing file /home/gmassoqueto/repos/apache-airflow-101/.venv/lib/python3.11/site-packages/airflow/example_dags/example_python_operator.py for tasks to queue
[2023-11-14T08:02:18.298-0300] {logging_mixin.py:154} INFO - [2023-11-14T08:02:18.298-0300] {dagbag.py:536} INFO - Filling up the DagBag from /home/gmassoqueto/repos/apache-airflow-101/.venv/lib/python3.11/site-packages/airflow/example_dags/example_python_operator.py
[2023-11-14T08:02:18.308-0300] {processor.py:839} INFO - DAG(s) dict_keys(['example_python_operator']) retrieved from /home/gmassoqueto/repos/apache-airflow-101/.venv/lib/python3.11/site-packages/airflow/example_dags/example_python_operator.py
[2023-11-14T08:02:18.323-0300] {logging_mixin.py:154} INFO - [2023-11-14T08:02:18.323-0300] {dag.py:2941} INFO - Sync 1 DAGs
[2023-11-14T08:02:18.331-0300] {logging_mixin.py:154} INFO - [2023-11-14T08:02:18.331-0300] {dag.py:3722} INFO - Setting next_dagrun for example_python_operator to None, run_after=None
[2023-11-14T08:02:18.348-0300] {processor.py:179} INFO - Processing /home/gmassoqueto/repos/apache-airflow-101/.venv/lib/python3.11/site-packages/airflow/example_dags/example_python_operator.py took 0.057 seconds
[2023-11-14T08:03:06.653-0300] {processor.py:157} INFO - Started process (PID=288341) to work on /home/gmassoqueto/repos/apache-airflow-101/.venv/lib/python3.11/site-packages/airflow/example_dags/example_python_operator.py
[2023-11-14T08:03:06.655-0300] {processor.py:829} INFO - Processing file /home/gmassoqueto/repos/apache-airflow-101/.venv/lib/python3.11/site-packages/airflow/example_dags/example_python_operator.py for tasks to queue
[2023-11-14T08:03:06.655-0300] {logging_mixin.py:154} INFO - [2023-11-14T08:03:06.655-0300] {dagbag.py:536} INFO - Filling up the DagBag from /home/gmassoqueto/repos/apache-airflow-101/.venv/lib/python3.11/site-packages/airflow/example_dags/example_python_operator.py
[2023-11-14T08:03:06.668-0300] {processor.py:839} INFO - DAG(s) dict_keys(['example_python_operator']) retrieved from /home/gmassoqueto/repos/apache-airflow-101/.venv/lib/python3.11/site-packages/airflow/example_dags/example_python_operator.py
[2023-11-14T08:03:06.687-0300] {logging_mixin.py:154} INFO - [2023-11-14T08:03:06.686-0300] {dag.py:2941} INFO - Sync 1 DAGs
[2023-11-14T08:03:06.697-0300] {logging_mixin.py:154} INFO - [2023-11-14T08:03:06.697-0300] {dag.py:3722} INFO - Setting next_dagrun for example_python_operator to None, run_after=None
[2023-11-14T08:03:06.713-0300] {processor.py:179} INFO - Processing /home/gmassoqueto/repos/apache-airflow-101/.venv/lib/python3.11/site-packages/airflow/example_dags/example_python_operator.py took 0.062 seconds
[2023-11-14T08:03:55.450-0300] {processor.py:157} INFO - Started process (PID=288754) to work on /home/gmassoqueto/repos/apache-airflow-101/.venv/lib/python3.11/site-packages/airflow/example_dags/example_python_operator.py
[2023-11-14T08:03:55.455-0300] {processor.py:829} INFO - Processing file /home/gmassoqueto/repos/apache-airflow-101/.venv/lib/python3.11/site-packages/airflow/example_dags/example_python_operator.py for tasks to queue
[2023-11-14T08:03:55.457-0300] {logging_mixin.py:154} INFO - [2023-11-14T08:03:55.456-0300] {dagbag.py:536} INFO - Filling up the DagBag from /home/gmassoqueto/repos/apache-airflow-101/.venv/lib/python3.11/site-packages/airflow/example_dags/example_python_operator.py
[2023-11-14T08:03:55.483-0300] {processor.py:839} INFO - DAG(s) dict_keys(['example_python_operator']) retrieved from /home/gmassoqueto/repos/apache-airflow-101/.venv/lib/python3.11/site-packages/airflow/example_dags/example_python_operator.py
[2023-11-14T08:03:55.502-0300] {logging_mixin.py:154} INFO - [2023-11-14T08:03:55.502-0300] {dag.py:2941} INFO - Sync 1 DAGs
[2023-11-14T08:03:55.510-0300] {logging_mixin.py:154} INFO - [2023-11-14T08:03:55.510-0300] {dag.py:3722} INFO - Setting next_dagrun for example_python_operator to None, run_after=None
[2023-11-14T08:03:55.526-0300] {processor.py:179} INFO - Processing /home/gmassoqueto/repos/apache-airflow-101/.venv/lib/python3.11/site-packages/airflow/example_dags/example_python_operator.py took 0.084 seconds
[2023-11-14T08:04:46.243-0300] {processor.py:157} INFO - Started process (PID=288964) to work on /home/gmassoqueto/repos/apache-airflow-101/.venv/lib/python3.11/site-packages/airflow/example_dags/example_python_operator.py
[2023-11-14T08:04:46.247-0300] {processor.py:829} INFO - Processing file /home/gmassoqueto/repos/apache-airflow-101/.venv/lib/python3.11/site-packages/airflow/example_dags/example_python_operator.py for tasks to queue
[2023-11-14T08:04:46.248-0300] {logging_mixin.py:154} INFO - [2023-11-14T08:04:46.247-0300] {dagbag.py:536} INFO - Filling up the DagBag from /home/gmassoqueto/repos/apache-airflow-101/.venv/lib/python3.11/site-packages/airflow/example_dags/example_python_operator.py
[2023-11-14T08:04:46.260-0300] {processor.py:839} INFO - DAG(s) dict_keys(['example_python_operator']) retrieved from /home/gmassoqueto/repos/apache-airflow-101/.venv/lib/python3.11/site-packages/airflow/example_dags/example_python_operator.py
[2023-11-14T08:04:46.283-0300] {logging_mixin.py:154} INFO - [2023-11-14T08:04:46.282-0300] {dag.py:2941} INFO - Sync 1 DAGs
[2023-11-14T08:04:46.293-0300] {logging_mixin.py:154} INFO - [2023-11-14T08:04:46.292-0300] {dag.py:3722} INFO - Setting next_dagrun for example_python_operator to None, run_after=None
[2023-11-14T08:04:46.310-0300] {processor.py:179} INFO - Processing /home/gmassoqueto/repos/apache-airflow-101/.venv/lib/python3.11/site-packages/airflow/example_dags/example_python_operator.py took 0.070 seconds
[2023-11-14T08:05:34.737-0300] {processor.py:157} INFO - Started process (PID=289061) to work on /home/gmassoqueto/repos/apache-airflow-101/.venv/lib/python3.11/site-packages/airflow/example_dags/example_python_operator.py
[2023-11-14T08:05:34.741-0300] {processor.py:829} INFO - Processing file /home/gmassoqueto/repos/apache-airflow-101/.venv/lib/python3.11/site-packages/airflow/example_dags/example_python_operator.py for tasks to queue
[2023-11-14T08:05:34.742-0300] {logging_mixin.py:154} INFO - [2023-11-14T08:05:34.742-0300] {dagbag.py:536} INFO - Filling up the DagBag from /home/gmassoqueto/repos/apache-airflow-101/.venv/lib/python3.11/site-packages/airflow/example_dags/example_python_operator.py
[2023-11-14T08:05:34.754-0300] {processor.py:839} INFO - DAG(s) dict_keys(['example_python_operator']) retrieved from /home/gmassoqueto/repos/apache-airflow-101/.venv/lib/python3.11/site-packages/airflow/example_dags/example_python_operator.py
[2023-11-14T08:05:34.772-0300] {logging_mixin.py:154} INFO - [2023-11-14T08:05:34.771-0300] {dag.py:2941} INFO - Sync 1 DAGs
[2023-11-14T08:05:34.781-0300] {logging_mixin.py:154} INFO - [2023-11-14T08:05:34.781-0300] {dag.py:3722} INFO - Setting next_dagrun for example_python_operator to None, run_after=None
[2023-11-14T08:05:34.801-0300] {processor.py:179} INFO - Processing /home/gmassoqueto/repos/apache-airflow-101/.venv/lib/python3.11/site-packages/airflow/example_dags/example_python_operator.py took 0.067 seconds
[2023-11-14T08:06:23.043-0300] {processor.py:157} INFO - Started process (PID=289202) to work on /home/gmassoqueto/repos/apache-airflow-101/.venv/lib/python3.11/site-packages/airflow/example_dags/example_python_operator.py
[2023-11-14T08:06:23.046-0300] {processor.py:829} INFO - Processing file /home/gmassoqueto/repos/apache-airflow-101/.venv/lib/python3.11/site-packages/airflow/example_dags/example_python_operator.py for tasks to queue
[2023-11-14T08:06:23.047-0300] {logging_mixin.py:154} INFO - [2023-11-14T08:06:23.047-0300] {dagbag.py:536} INFO - Filling up the DagBag from /home/gmassoqueto/repos/apache-airflow-101/.venv/lib/python3.11/site-packages/airflow/example_dags/example_python_operator.py
[2023-11-14T08:06:23.058-0300] {processor.py:839} INFO - DAG(s) dict_keys(['example_python_operator']) retrieved from /home/gmassoqueto/repos/apache-airflow-101/.venv/lib/python3.11/site-packages/airflow/example_dags/example_python_operator.py
[2023-11-14T08:06:23.079-0300] {logging_mixin.py:154} INFO - [2023-11-14T08:06:23.079-0300] {dag.py:2941} INFO - Sync 1 DAGs
[2023-11-14T08:06:23.089-0300] {logging_mixin.py:154} INFO - [2023-11-14T08:06:23.089-0300] {dag.py:3722} INFO - Setting next_dagrun for example_python_operator to None, run_after=None
[2023-11-14T08:06:23.112-0300] {processor.py:179} INFO - Processing /home/gmassoqueto/repos/apache-airflow-101/.venv/lib/python3.11/site-packages/airflow/example_dags/example_python_operator.py took 0.072 seconds
[2023-11-14T08:07:10.993-0300] {processor.py:157} INFO - Started process (PID=289318) to work on /home/gmassoqueto/repos/apache-airflow-101/.venv/lib/python3.11/site-packages/airflow/example_dags/example_python_operator.py
[2023-11-14T08:07:10.995-0300] {processor.py:829} INFO - Processing file /home/gmassoqueto/repos/apache-airflow-101/.venv/lib/python3.11/site-packages/airflow/example_dags/example_python_operator.py for tasks to queue
[2023-11-14T08:07:10.996-0300] {logging_mixin.py:154} INFO - [2023-11-14T08:07:10.996-0300] {dagbag.py:536} INFO - Filling up the DagBag from /home/gmassoqueto/repos/apache-airflow-101/.venv/lib/python3.11/site-packages/airflow/example_dags/example_python_operator.py
[2023-11-14T08:07:11.009-0300] {processor.py:839} INFO - DAG(s) dict_keys(['example_python_operator']) retrieved from /home/gmassoqueto/repos/apache-airflow-101/.venv/lib/python3.11/site-packages/airflow/example_dags/example_python_operator.py
[2023-11-14T08:07:11.025-0300] {logging_mixin.py:154} INFO - [2023-11-14T08:07:11.025-0300] {dag.py:2941} INFO - Sync 1 DAGs
[2023-11-14T08:07:11.034-0300] {logging_mixin.py:154} INFO - [2023-11-14T08:07:11.034-0300] {dag.py:3722} INFO - Setting next_dagrun for example_python_operator to None, run_after=None
[2023-11-14T08:07:11.051-0300] {processor.py:179} INFO - Processing /home/gmassoqueto/repos/apache-airflow-101/.venv/lib/python3.11/site-packages/airflow/example_dags/example_python_operator.py took 0.061 seconds
[2023-11-14T08:08:01.097-0300] {processor.py:157} INFO - Started process (PID=289577) to work on /home/gmassoqueto/repos/apache-airflow-101/.venv/lib/python3.11/site-packages/airflow/example_dags/example_python_operator.py
[2023-11-14T08:08:01.097-0300] {processor.py:829} INFO - Processing file /home/gmassoqueto/repos/apache-airflow-101/.venv/lib/python3.11/site-packages/airflow/example_dags/example_python_operator.py for tasks to queue
[2023-11-14T08:08:01.098-0300] {logging_mixin.py:154} INFO - [2023-11-14T08:08:01.098-0300] {dagbag.py:536} INFO - Filling up the DagBag from /home/gmassoqueto/repos/apache-airflow-101/.venv/lib/python3.11/site-packages/airflow/example_dags/example_python_operator.py
[2023-11-14T08:08:01.104-0300] {processor.py:839} INFO - DAG(s) dict_keys(['example_python_operator']) retrieved from /home/gmassoqueto/repos/apache-airflow-101/.venv/lib/python3.11/site-packages/airflow/example_dags/example_python_operator.py
[2023-11-14T08:08:01.109-0300] {logging_mixin.py:154} INFO - [2023-11-14T08:08:01.109-0300] {dag.py:2941} INFO - Sync 1 DAGs
[2023-11-14T08:08:01.117-0300] {logging_mixin.py:154} INFO - [2023-11-14T08:08:01.117-0300] {dag.py:2963} INFO - Creating ORM DAG for example_python_operator
[2023-11-14T08:08:01.117-0300] {logging_mixin.py:154} INFO - [2023-11-14T08:08:01.117-0300] {dag.py:3722} INFO - Setting next_dagrun for example_python_operator to None, run_after=None
[2023-11-14T08:08:01.131-0300] {processor.py:179} INFO - Processing /home/gmassoqueto/repos/apache-airflow-101/.venv/lib/python3.11/site-packages/airflow/example_dags/example_python_operator.py took 0.035 seconds
[2023-11-14T08:08:25.432-0300] {processor.py:157} INFO - Started process (PID=289756) to work on /home/gmassoqueto/repos/apache-airflow-101/.venv/lib/python3.11/site-packages/airflow/example_dags/example_python_operator.py
[2023-11-14T08:08:25.433-0300] {processor.py:829} INFO - Processing file /home/gmassoqueto/repos/apache-airflow-101/.venv/lib/python3.11/site-packages/airflow/example_dags/example_python_operator.py for tasks to queue
[2023-11-14T08:08:25.435-0300] {logging_mixin.py:154} INFO - [2023-11-14T08:08:25.434-0300] {dagbag.py:536} INFO - Filling up the DagBag from /home/gmassoqueto/repos/apache-airflow-101/.venv/lib/python3.11/site-packages/airflow/example_dags/example_python_operator.py
[2023-11-14T08:08:25.453-0300] {processor.py:839} INFO - DAG(s) dict_keys(['example_python_operator']) retrieved from /home/gmassoqueto/repos/apache-airflow-101/.venv/lib/python3.11/site-packages/airflow/example_dags/example_python_operator.py
[2023-11-14T08:08:25.461-0300] {logging_mixin.py:154} INFO - [2023-11-14T08:08:25.460-0300] {dag.py:2941} INFO - Sync 1 DAGs
[2023-11-14T08:08:25.472-0300] {logging_mixin.py:154} INFO - [2023-11-14T08:08:25.472-0300] {dag.py:3722} INFO - Setting next_dagrun for example_python_operator to None, run_after=None
[2023-11-14T08:08:25.501-0300] {processor.py:179} INFO - Processing /home/gmassoqueto/repos/apache-airflow-101/.venv/lib/python3.11/site-packages/airflow/example_dags/example_python_operator.py took 0.073 seconds
[2023-11-14T08:10:08.298-0300] {processor.py:157} INFO - Started process (PID=290591) to work on /home/gmassoqueto/repos/apache-airflow-101/.venv/lib/python3.11/site-packages/airflow/example_dags/example_python_operator.py
[2023-11-14T08:10:08.301-0300] {processor.py:829} INFO - Processing file /home/gmassoqueto/repos/apache-airflow-101/.venv/lib/python3.11/site-packages/airflow/example_dags/example_python_operator.py for tasks to queue
[2023-11-14T08:10:08.302-0300] {logging_mixin.py:154} INFO - [2023-11-14T08:10:08.302-0300] {dagbag.py:536} INFO - Filling up the DagBag from /home/gmassoqueto/repos/apache-airflow-101/.venv/lib/python3.11/site-packages/airflow/example_dags/example_python_operator.py
[2023-11-14T08:10:08.313-0300] {processor.py:839} INFO - DAG(s) dict_keys(['example_python_operator']) retrieved from /home/gmassoqueto/repos/apache-airflow-101/.venv/lib/python3.11/site-packages/airflow/example_dags/example_python_operator.py
[2023-11-14T08:10:08.428-0300] {logging_mixin.py:154} INFO - [2023-11-14T08:10:08.428-0300] {dag.py:2941} INFO - Sync 1 DAGs
[2023-11-14T08:10:08.440-0300] {logging_mixin.py:154} INFO - [2023-11-14T08:10:08.440-0300] {dag.py:3722} INFO - Setting next_dagrun for example_python_operator to None, run_after=None
[2023-11-14T08:10:08.470-0300] {processor.py:179} INFO - Processing /home/gmassoqueto/repos/apache-airflow-101/.venv/lib/python3.11/site-packages/airflow/example_dags/example_python_operator.py took 0.175 seconds
[2023-11-14T08:10:55.965-0300] {processor.py:157} INFO - Started process (PID=291118) to work on /home/gmassoqueto/repos/apache-airflow-101/.venv/lib/python3.11/site-packages/airflow/example_dags/example_python_operator.py
[2023-11-14T08:10:55.967-0300] {processor.py:829} INFO - Processing file /home/gmassoqueto/repos/apache-airflow-101/.venv/lib/python3.11/site-packages/airflow/example_dags/example_python_operator.py for tasks to queue
[2023-11-14T08:10:55.969-0300] {logging_mixin.py:154} INFO - [2023-11-14T08:10:55.968-0300] {dagbag.py:536} INFO - Filling up the DagBag from /home/gmassoqueto/repos/apache-airflow-101/.venv/lib/python3.11/site-packages/airflow/example_dags/example_python_operator.py
[2023-11-14T08:10:55.988-0300] {processor.py:839} INFO - DAG(s) dict_keys(['example_python_operator']) retrieved from /home/gmassoqueto/repos/apache-airflow-101/.venv/lib/python3.11/site-packages/airflow/example_dags/example_python_operator.py
[2023-11-14T08:10:56.006-0300] {logging_mixin.py:154} INFO - [2023-11-14T08:10:56.006-0300] {dag.py:2941} INFO - Sync 1 DAGs
[2023-11-14T08:10:56.016-0300] {logging_mixin.py:154} INFO - [2023-11-14T08:10:56.015-0300] {dag.py:3722} INFO - Setting next_dagrun for example_python_operator to None, run_after=None
[2023-11-14T08:10:56.043-0300] {processor.py:179} INFO - Processing /home/gmassoqueto/repos/apache-airflow-101/.venv/lib/python3.11/site-packages/airflow/example_dags/example_python_operator.py took 0.084 seconds
[2023-11-14T08:11:44.213-0300] {processor.py:157} INFO - Started process (PID=291250) to work on /home/gmassoqueto/repos/apache-airflow-101/.venv/lib/python3.11/site-packages/airflow/example_dags/example_python_operator.py
[2023-11-14T08:11:44.218-0300] {processor.py:829} INFO - Processing file /home/gmassoqueto/repos/apache-airflow-101/.venv/lib/python3.11/site-packages/airflow/example_dags/example_python_operator.py for tasks to queue
[2023-11-14T08:11:44.219-0300] {logging_mixin.py:154} INFO - [2023-11-14T08:11:44.218-0300] {dagbag.py:536} INFO - Filling up the DagBag from /home/gmassoqueto/repos/apache-airflow-101/.venv/lib/python3.11/site-packages/airflow/example_dags/example_python_operator.py
[2023-11-14T08:11:44.233-0300] {processor.py:839} INFO - DAG(s) dict_keys(['example_python_operator']) retrieved from /home/gmassoqueto/repos/apache-airflow-101/.venv/lib/python3.11/site-packages/airflow/example_dags/example_python_operator.py
[2023-11-14T08:11:44.249-0300] {logging_mixin.py:154} INFO - [2023-11-14T08:11:44.249-0300] {dag.py:2941} INFO - Sync 1 DAGs
[2023-11-14T08:11:44.258-0300] {logging_mixin.py:154} INFO - [2023-11-14T08:11:44.257-0300] {dag.py:3722} INFO - Setting next_dagrun for example_python_operator to None, run_after=None
[2023-11-14T08:11:44.284-0300] {processor.py:179} INFO - Processing /home/gmassoqueto/repos/apache-airflow-101/.venv/lib/python3.11/site-packages/airflow/example_dags/example_python_operator.py took 0.076 seconds
[2023-11-14T08:12:31.435-0300] {processor.py:157} INFO - Started process (PID=291470) to work on /home/gmassoqueto/repos/apache-airflow-101/.venv/lib/python3.11/site-packages/airflow/example_dags/example_python_operator.py
[2023-11-14T08:12:31.439-0300] {processor.py:829} INFO - Processing file /home/gmassoqueto/repos/apache-airflow-101/.venv/lib/python3.11/site-packages/airflow/example_dags/example_python_operator.py for tasks to queue
[2023-11-14T08:12:31.441-0300] {logging_mixin.py:154} INFO - [2023-11-14T08:12:31.440-0300] {dagbag.py:536} INFO - Filling up the DagBag from /home/gmassoqueto/repos/apache-airflow-101/.venv/lib/python3.11/site-packages/airflow/example_dags/example_python_operator.py
[2023-11-14T08:12:31.454-0300] {processor.py:839} INFO - DAG(s) dict_keys(['example_python_operator']) retrieved from /home/gmassoqueto/repos/apache-airflow-101/.venv/lib/python3.11/site-packages/airflow/example_dags/example_python_operator.py
[2023-11-14T08:12:31.462-0300] {logging_mixin.py:154} INFO - [2023-11-14T08:12:31.461-0300] {dag.py:2941} INFO - Sync 1 DAGs
[2023-11-14T08:12:31.474-0300] {logging_mixin.py:154} INFO - [2023-11-14T08:12:31.473-0300] {dag.py:3722} INFO - Setting next_dagrun for example_python_operator to None, run_after=None
[2023-11-14T08:12:31.505-0300] {processor.py:179} INFO - Processing /home/gmassoqueto/repos/apache-airflow-101/.venv/lib/python3.11/site-packages/airflow/example_dags/example_python_operator.py took 0.073 seconds
[2023-11-14T08:13:17.829-0300] {processor.py:157} INFO - Started process (PID=291608) to work on /home/gmassoqueto/repos/apache-airflow-101/.venv/lib/python3.11/site-packages/airflow/example_dags/example_python_operator.py
[2023-11-14T08:13:17.833-0300] {processor.py:829} INFO - Processing file /home/gmassoqueto/repos/apache-airflow-101/.venv/lib/python3.11/site-packages/airflow/example_dags/example_python_operator.py for tasks to queue
[2023-11-14T08:13:17.835-0300] {logging_mixin.py:154} INFO - [2023-11-14T08:13:17.834-0300] {dagbag.py:536} INFO - Filling up the DagBag from /home/gmassoqueto/repos/apache-airflow-101/.venv/lib/python3.11/site-packages/airflow/example_dags/example_python_operator.py
[2023-11-14T08:13:17.862-0300] {processor.py:839} INFO - DAG(s) dict_keys(['example_python_operator']) retrieved from /home/gmassoqueto/repos/apache-airflow-101/.venv/lib/python3.11/site-packages/airflow/example_dags/example_python_operator.py
[2023-11-14T08:13:17.934-0300] {logging_mixin.py:154} INFO - [2023-11-14T08:13:17.934-0300] {dag.py:2941} INFO - Sync 1 DAGs
[2023-11-14T08:13:17.940-0300] {logging_mixin.py:154} INFO - [2023-11-14T08:13:17.940-0300] {dag.py:3722} INFO - Setting next_dagrun for example_python_operator to None, run_after=None
[2023-11-14T08:13:17.961-0300] {processor.py:179} INFO - Processing /home/gmassoqueto/repos/apache-airflow-101/.venv/lib/python3.11/site-packages/airflow/example_dags/example_python_operator.py took 0.135 seconds
[2023-11-14T08:14:03.033-0300] {processor.py:157} INFO - Started process (PID=291695) to work on /home/gmassoqueto/repos/apache-airflow-101/.venv/lib/python3.11/site-packages/airflow/example_dags/example_python_operator.py
[2023-11-14T08:14:03.037-0300] {processor.py:829} INFO - Processing file /home/gmassoqueto/repos/apache-airflow-101/.venv/lib/python3.11/site-packages/airflow/example_dags/example_python_operator.py for tasks to queue
[2023-11-14T08:14:03.038-0300] {logging_mixin.py:154} INFO - [2023-11-14T08:14:03.038-0300] {dagbag.py:536} INFO - Filling up the DagBag from /home/gmassoqueto/repos/apache-airflow-101/.venv/lib/python3.11/site-packages/airflow/example_dags/example_python_operator.py
[2023-11-14T08:14:03.050-0300] {processor.py:839} INFO - DAG(s) dict_keys(['example_python_operator']) retrieved from /home/gmassoqueto/repos/apache-airflow-101/.venv/lib/python3.11/site-packages/airflow/example_dags/example_python_operator.py
[2023-11-14T08:14:03.068-0300] {logging_mixin.py:154} INFO - [2023-11-14T08:14:03.068-0300] {dag.py:2941} INFO - Sync 1 DAGs
[2023-11-14T08:14:03.078-0300] {logging_mixin.py:154} INFO - [2023-11-14T08:14:03.078-0300] {dag.py:3722} INFO - Setting next_dagrun for example_python_operator to None, run_after=None
[2023-11-14T08:14:03.106-0300] {processor.py:179} INFO - Processing /home/gmassoqueto/repos/apache-airflow-101/.venv/lib/python3.11/site-packages/airflow/example_dags/example_python_operator.py took 0.079 seconds
[2023-11-14T08:14:52.035-0300] {processor.py:157} INFO - Started process (PID=291853) to work on /home/gmassoqueto/repos/apache-airflow-101/.venv/lib/python3.11/site-packages/airflow/example_dags/example_python_operator.py
[2023-11-14T08:14:52.039-0300] {processor.py:829} INFO - Processing file /home/gmassoqueto/repos/apache-airflow-101/.venv/lib/python3.11/site-packages/airflow/example_dags/example_python_operator.py for tasks to queue
[2023-11-14T08:14:52.039-0300] {logging_mixin.py:154} INFO - [2023-11-14T08:14:52.039-0300] {dagbag.py:536} INFO - Filling up the DagBag from /home/gmassoqueto/repos/apache-airflow-101/.venv/lib/python3.11/site-packages/airflow/example_dags/example_python_operator.py
[2023-11-14T08:14:52.048-0300] {processor.py:839} INFO - DAG(s) dict_keys(['example_python_operator']) retrieved from /home/gmassoqueto/repos/apache-airflow-101/.venv/lib/python3.11/site-packages/airflow/example_dags/example_python_operator.py
[2023-11-14T08:14:52.063-0300] {logging_mixin.py:154} INFO - [2023-11-14T08:14:52.063-0300] {dag.py:2941} INFO - Sync 1 DAGs
[2023-11-14T08:14:52.071-0300] {logging_mixin.py:154} INFO - [2023-11-14T08:14:52.071-0300] {dag.py:3722} INFO - Setting next_dagrun for example_python_operator to None, run_after=None
[2023-11-14T08:14:52.096-0300] {processor.py:179} INFO - Processing /home/gmassoqueto/repos/apache-airflow-101/.venv/lib/python3.11/site-packages/airflow/example_dags/example_python_operator.py took 0.062 seconds
[2023-11-14T08:15:41.441-0300] {processor.py:157} INFO - Started process (PID=291939) to work on /home/gmassoqueto/repos/apache-airflow-101/.venv/lib/python3.11/site-packages/airflow/example_dags/example_python_operator.py
[2023-11-14T08:15:41.445-0300] {processor.py:829} INFO - Processing file /home/gmassoqueto/repos/apache-airflow-101/.venv/lib/python3.11/site-packages/airflow/example_dags/example_python_operator.py for tasks to queue
[2023-11-14T08:15:41.445-0300] {logging_mixin.py:154} INFO - [2023-11-14T08:15:41.445-0300] {dagbag.py:536} INFO - Filling up the DagBag from /home/gmassoqueto/repos/apache-airflow-101/.venv/lib/python3.11/site-packages/airflow/example_dags/example_python_operator.py
[2023-11-14T08:15:41.455-0300] {processor.py:839} INFO - DAG(s) dict_keys(['example_python_operator']) retrieved from /home/gmassoqueto/repos/apache-airflow-101/.venv/lib/python3.11/site-packages/airflow/example_dags/example_python_operator.py
[2023-11-14T08:15:41.472-0300] {logging_mixin.py:154} INFO - [2023-11-14T08:15:41.472-0300] {dag.py:2941} INFO - Sync 1 DAGs
[2023-11-14T08:15:41.481-0300] {logging_mixin.py:154} INFO - [2023-11-14T08:15:41.481-0300] {dag.py:3722} INFO - Setting next_dagrun for example_python_operator to None, run_after=None
[2023-11-14T08:15:41.498-0300] {processor.py:179} INFO - Processing /home/gmassoqueto/repos/apache-airflow-101/.venv/lib/python3.11/site-packages/airflow/example_dags/example_python_operator.py took 0.059 seconds
[2023-11-14T08:16:28.210-0300] {processor.py:157} INFO - Started process (PID=292025) to work on /home/gmassoqueto/repos/apache-airflow-101/.venv/lib/python3.11/site-packages/airflow/example_dags/example_python_operator.py
[2023-11-14T08:16:28.211-0300] {processor.py:829} INFO - Processing file /home/gmassoqueto/repos/apache-airflow-101/.venv/lib/python3.11/site-packages/airflow/example_dags/example_python_operator.py for tasks to queue
[2023-11-14T08:16:28.211-0300] {logging_mixin.py:154} INFO - [2023-11-14T08:16:28.211-0300] {dagbag.py:536} INFO - Filling up the DagBag from /home/gmassoqueto/repos/apache-airflow-101/.venv/lib/python3.11/site-packages/airflow/example_dags/example_python_operator.py
[2023-11-14T08:16:28.223-0300] {processor.py:839} INFO - DAG(s) dict_keys(['example_python_operator']) retrieved from /home/gmassoqueto/repos/apache-airflow-101/.venv/lib/python3.11/site-packages/airflow/example_dags/example_python_operator.py
[2023-11-14T08:16:28.242-0300] {logging_mixin.py:154} INFO - [2023-11-14T08:16:28.242-0300] {dag.py:2941} INFO - Sync 1 DAGs
[2023-11-14T08:16:28.251-0300] {logging_mixin.py:154} INFO - [2023-11-14T08:16:28.251-0300] {dag.py:3722} INFO - Setting next_dagrun for example_python_operator to None, run_after=None
[2023-11-14T08:16:28.268-0300] {processor.py:179} INFO - Processing /home/gmassoqueto/repos/apache-airflow-101/.venv/lib/python3.11/site-packages/airflow/example_dags/example_python_operator.py took 0.060 seconds
[2023-11-14T08:17:19.279-0300] {processor.py:157} INFO - Started process (PID=292113) to work on /home/gmassoqueto/repos/apache-airflow-101/.venv/lib/python3.11/site-packages/airflow/example_dags/example_python_operator.py
[2023-11-14T08:17:19.283-0300] {processor.py:829} INFO - Processing file /home/gmassoqueto/repos/apache-airflow-101/.venv/lib/python3.11/site-packages/airflow/example_dags/example_python_operator.py for tasks to queue
[2023-11-14T08:17:19.283-0300] {logging_mixin.py:154} INFO - [2023-11-14T08:17:19.283-0300] {dagbag.py:536} INFO - Filling up the DagBag from /home/gmassoqueto/repos/apache-airflow-101/.venv/lib/python3.11/site-packages/airflow/example_dags/example_python_operator.py
[2023-11-14T08:17:19.293-0300] {processor.py:839} INFO - DAG(s) dict_keys(['example_python_operator']) retrieved from /home/gmassoqueto/repos/apache-airflow-101/.venv/lib/python3.11/site-packages/airflow/example_dags/example_python_operator.py
[2023-11-14T08:17:19.310-0300] {logging_mixin.py:154} INFO - [2023-11-14T08:17:19.310-0300] {dag.py:2941} INFO - Sync 1 DAGs
[2023-11-14T08:17:19.319-0300] {logging_mixin.py:154} INFO - [2023-11-14T08:17:19.319-0300] {dag.py:3722} INFO - Setting next_dagrun for example_python_operator to None, run_after=None
[2023-11-14T08:17:19.339-0300] {processor.py:179} INFO - Processing /home/gmassoqueto/repos/apache-airflow-101/.venv/lib/python3.11/site-packages/airflow/example_dags/example_python_operator.py took 0.062 seconds
[2023-11-14T08:18:07.097-0300] {processor.py:157} INFO - Started process (PID=292225) to work on /home/gmassoqueto/repos/apache-airflow-101/.venv/lib/python3.11/site-packages/airflow/example_dags/example_python_operator.py
[2023-11-14T08:18:07.099-0300] {processor.py:829} INFO - Processing file /home/gmassoqueto/repos/apache-airflow-101/.venv/lib/python3.11/site-packages/airflow/example_dags/example_python_operator.py for tasks to queue
[2023-11-14T08:18:07.100-0300] {logging_mixin.py:154} INFO - [2023-11-14T08:18:07.100-0300] {dagbag.py:536} INFO - Filling up the DagBag from /home/gmassoqueto/repos/apache-airflow-101/.venv/lib/python3.11/site-packages/airflow/example_dags/example_python_operator.py
[2023-11-14T08:18:07.115-0300] {processor.py:839} INFO - DAG(s) dict_keys(['example_python_operator']) retrieved from /home/gmassoqueto/repos/apache-airflow-101/.venv/lib/python3.11/site-packages/airflow/example_dags/example_python_operator.py
[2023-11-14T08:18:07.132-0300] {logging_mixin.py:154} INFO - [2023-11-14T08:18:07.131-0300] {dag.py:2941} INFO - Sync 1 DAGs
[2023-11-14T08:18:07.140-0300] {logging_mixin.py:154} INFO - [2023-11-14T08:18:07.140-0300] {dag.py:3722} INFO - Setting next_dagrun for example_python_operator to None, run_after=None
[2023-11-14T08:18:07.159-0300] {processor.py:179} INFO - Processing /home/gmassoqueto/repos/apache-airflow-101/.venv/lib/python3.11/site-packages/airflow/example_dags/example_python_operator.py took 0.065 seconds
