[2023-11-14T07:03:49.162-0300] {processor.py:157} INFO - Started process (PID=284801) to work on /home/gmassoqueto/repos/apache-airflow-101/.venv/lib/python3.11/site-packages/airflow/example_dags/example_dag_decorator.py
[2023-11-14T07:03:49.163-0300] {processor.py:829} INFO - Processing file /home/gmassoqueto/repos/apache-airflow-101/.venv/lib/python3.11/site-packages/airflow/example_dags/example_dag_decorator.py for tasks to queue
[2023-11-14T07:03:49.165-0300] {logging_mixin.py:154} INFO - [2023-11-14T07:03:49.164-0300] {dagbag.py:536} INFO - Filling up the DagBag from /home/gmassoqueto/repos/apache-airflow-101/.venv/lib/python3.11/site-packages/airflow/example_dags/example_dag_decorator.py
[2023-11-14T07:03:49.231-0300] {processor.py:839} INFO - DAG(s) dict_keys(['example_dag_decorator']) retrieved from /home/gmassoqueto/repos/apache-airflow-101/.venv/lib/python3.11/site-packages/airflow/example_dags/example_dag_decorator.py
[2023-11-14T07:03:49.292-0300] {logging_mixin.py:154} INFO - [2023-11-14T07:03:49.292-0300] {dag.py:2941} INFO - Sync 1 DAGs
[2023-11-14T07:03:49.298-0300] {logging_mixin.py:154} INFO - [2023-11-14T07:03:49.298-0300] {dag.py:3722} INFO - Setting next_dagrun for example_dag_decorator to None, run_after=None
[2023-11-14T07:03:49.318-0300] {processor.py:179} INFO - Processing /home/gmassoqueto/repos/apache-airflow-101/.venv/lib/python3.11/site-packages/airflow/example_dags/example_dag_decorator.py took 0.162 seconds
[2023-11-14T07:57:44.530-0300] {processor.py:157} INFO - Started process (PID=287263) to work on /home/gmassoqueto/repos/apache-airflow-101/.venv/lib/python3.11/site-packages/airflow/example_dags/example_dag_decorator.py
[2023-11-14T07:57:44.535-0300] {processor.py:829} INFO - Processing file /home/gmassoqueto/repos/apache-airflow-101/.venv/lib/python3.11/site-packages/airflow/example_dags/example_dag_decorator.py for tasks to queue
[2023-11-14T07:57:44.537-0300] {logging_mixin.py:154} INFO - [2023-11-14T07:57:44.536-0300] {dagbag.py:536} INFO - Filling up the DagBag from /home/gmassoqueto/repos/apache-airflow-101/.venv/lib/python3.11/site-packages/airflow/example_dags/example_dag_decorator.py
[2023-11-14T07:57:44.612-0300] {processor.py:839} INFO - DAG(s) dict_keys(['example_dag_decorator']) retrieved from /home/gmassoqueto/repos/apache-airflow-101/.venv/lib/python3.11/site-packages/airflow/example_dags/example_dag_decorator.py
[2023-11-14T07:57:44.676-0300] {logging_mixin.py:154} INFO - [2023-11-14T07:57:44.676-0300] {dag.py:2941} INFO - Sync 1 DAGs
[2023-11-14T07:57:44.682-0300] {logging_mixin.py:154} INFO - [2023-11-14T07:57:44.682-0300] {dag.py:3722} INFO - Setting next_dagrun for example_dag_decorator to None, run_after=None
[2023-11-14T07:57:44.700-0300] {processor.py:179} INFO - Processing /home/gmassoqueto/repos/apache-airflow-101/.venv/lib/python3.11/site-packages/airflow/example_dags/example_dag_decorator.py took 0.178 seconds
[2023-11-14T07:58:32.321-0300] {processor.py:157} INFO - Started process (PID=287453) to work on /home/gmassoqueto/repos/apache-airflow-101/.venv/lib/python3.11/site-packages/airflow/example_dags/example_dag_decorator.py
[2023-11-14T07:58:32.322-0300] {processor.py:829} INFO - Processing file /home/gmassoqueto/repos/apache-airflow-101/.venv/lib/python3.11/site-packages/airflow/example_dags/example_dag_decorator.py for tasks to queue
[2023-11-14T07:58:32.323-0300] {logging_mixin.py:154} INFO - [2023-11-14T07:58:32.322-0300] {dagbag.py:536} INFO - Filling up the DagBag from /home/gmassoqueto/repos/apache-airflow-101/.venv/lib/python3.11/site-packages/airflow/example_dags/example_dag_decorator.py
[2023-11-14T07:58:32.390-0300] {processor.py:839} INFO - DAG(s) dict_keys(['example_dag_decorator']) retrieved from /home/gmassoqueto/repos/apache-airflow-101/.venv/lib/python3.11/site-packages/airflow/example_dags/example_dag_decorator.py
[2023-11-14T07:58:32.409-0300] {logging_mixin.py:154} INFO - [2023-11-14T07:58:32.408-0300] {dag.py:2941} INFO - Sync 1 DAGs
[2023-11-14T07:58:32.419-0300] {logging_mixin.py:154} INFO - [2023-11-14T07:58:32.419-0300] {dag.py:3722} INFO - Setting next_dagrun for example_dag_decorator to None, run_after=None
[2023-11-14T07:58:32.443-0300] {processor.py:179} INFO - Processing /home/gmassoqueto/repos/apache-airflow-101/.venv/lib/python3.11/site-packages/airflow/example_dags/example_dag_decorator.py took 0.125 seconds
[2023-11-14T07:59:20.310-0300] {processor.py:157} INFO - Started process (PID=287596) to work on /home/gmassoqueto/repos/apache-airflow-101/.venv/lib/python3.11/site-packages/airflow/example_dags/example_dag_decorator.py
[2023-11-14T07:59:20.311-0300] {processor.py:829} INFO - Processing file /home/gmassoqueto/repos/apache-airflow-101/.venv/lib/python3.11/site-packages/airflow/example_dags/example_dag_decorator.py for tasks to queue
[2023-11-14T07:59:20.313-0300] {logging_mixin.py:154} INFO - [2023-11-14T07:59:20.312-0300] {dagbag.py:536} INFO - Filling up the DagBag from /home/gmassoqueto/repos/apache-airflow-101/.venv/lib/python3.11/site-packages/airflow/example_dags/example_dag_decorator.py
[2023-11-14T07:59:20.383-0300] {processor.py:839} INFO - DAG(s) dict_keys(['example_dag_decorator']) retrieved from /home/gmassoqueto/repos/apache-airflow-101/.venv/lib/python3.11/site-packages/airflow/example_dags/example_dag_decorator.py
[2023-11-14T07:59:20.395-0300] {logging_mixin.py:154} INFO - [2023-11-14T07:59:20.395-0300] {dag.py:2941} INFO - Sync 1 DAGs
[2023-11-14T07:59:20.402-0300] {logging_mixin.py:154} INFO - [2023-11-14T07:59:20.402-0300] {dag.py:3722} INFO - Setting next_dagrun for example_dag_decorator to None, run_after=None
[2023-11-14T07:59:20.428-0300] {processor.py:179} INFO - Processing /home/gmassoqueto/repos/apache-airflow-101/.venv/lib/python3.11/site-packages/airflow/example_dags/example_dag_decorator.py took 0.123 seconds
[2023-11-14T08:00:15.805-0300] {processor.py:157} INFO - Started process (PID=287724) to work on /home/gmassoqueto/repos/apache-airflow-101/.venv/lib/python3.11/site-packages/airflow/example_dags/example_dag_decorator.py
[2023-11-14T08:00:15.806-0300] {processor.py:829} INFO - Processing file /home/gmassoqueto/repos/apache-airflow-101/.venv/lib/python3.11/site-packages/airflow/example_dags/example_dag_decorator.py for tasks to queue
[2023-11-14T08:00:15.809-0300] {logging_mixin.py:154} INFO - [2023-11-14T08:00:15.808-0300] {dagbag.py:536} INFO - Filling up the DagBag from /home/gmassoqueto/repos/apache-airflow-101/.venv/lib/python3.11/site-packages/airflow/example_dags/example_dag_decorator.py
[2023-11-14T08:00:15.873-0300] {processor.py:839} INFO - DAG(s) dict_keys(['example_dag_decorator']) retrieved from /home/gmassoqueto/repos/apache-airflow-101/.venv/lib/python3.11/site-packages/airflow/example_dags/example_dag_decorator.py
[2023-11-14T08:00:15.885-0300] {logging_mixin.py:154} INFO - [2023-11-14T08:00:15.885-0300] {dag.py:2941} INFO - Sync 1 DAGs
[2023-11-14T08:00:15.893-0300] {logging_mixin.py:154} INFO - [2023-11-14T08:00:15.893-0300] {dag.py:3722} INFO - Setting next_dagrun for example_dag_decorator to None, run_after=None
[2023-11-14T08:00:15.910-0300] {processor.py:179} INFO - Processing /home/gmassoqueto/repos/apache-airflow-101/.venv/lib/python3.11/site-packages/airflow/example_dags/example_dag_decorator.py took 0.112 seconds
[2023-11-14T08:01:05.519-0300] {processor.py:157} INFO - Started process (PID=287922) to work on /home/gmassoqueto/repos/apache-airflow-101/.venv/lib/python3.11/site-packages/airflow/example_dags/example_dag_decorator.py
[2023-11-14T08:01:05.520-0300] {processor.py:829} INFO - Processing file /home/gmassoqueto/repos/apache-airflow-101/.venv/lib/python3.11/site-packages/airflow/example_dags/example_dag_decorator.py for tasks to queue
[2023-11-14T08:01:05.521-0300] {logging_mixin.py:154} INFO - [2023-11-14T08:01:05.521-0300] {dagbag.py:536} INFO - Filling up the DagBag from /home/gmassoqueto/repos/apache-airflow-101/.venv/lib/python3.11/site-packages/airflow/example_dags/example_dag_decorator.py
[2023-11-14T08:01:05.575-0300] {processor.py:839} INFO - DAG(s) dict_keys(['example_dag_decorator']) retrieved from /home/gmassoqueto/repos/apache-airflow-101/.venv/lib/python3.11/site-packages/airflow/example_dags/example_dag_decorator.py
[2023-11-14T08:01:05.587-0300] {logging_mixin.py:154} INFO - [2023-11-14T08:01:05.587-0300] {dag.py:2941} INFO - Sync 1 DAGs
[2023-11-14T08:01:05.594-0300] {logging_mixin.py:154} INFO - [2023-11-14T08:01:05.594-0300] {dag.py:3722} INFO - Setting next_dagrun for example_dag_decorator to None, run_after=None
[2023-11-14T08:01:05.608-0300] {processor.py:179} INFO - Processing /home/gmassoqueto/repos/apache-airflow-101/.venv/lib/python3.11/site-packages/airflow/example_dags/example_dag_decorator.py took 0.091 seconds
[2023-11-14T08:01:53.935-0300] {processor.py:157} INFO - Started process (PID=288070) to work on /home/gmassoqueto/repos/apache-airflow-101/.venv/lib/python3.11/site-packages/airflow/example_dags/example_dag_decorator.py
[2023-11-14T08:01:53.939-0300] {processor.py:829} INFO - Processing file /home/gmassoqueto/repos/apache-airflow-101/.venv/lib/python3.11/site-packages/airflow/example_dags/example_dag_decorator.py for tasks to queue
[2023-11-14T08:01:53.940-0300] {logging_mixin.py:154} INFO - [2023-11-14T08:01:53.939-0300] {dagbag.py:536} INFO - Filling up the DagBag from /home/gmassoqueto/repos/apache-airflow-101/.venv/lib/python3.11/site-packages/airflow/example_dags/example_dag_decorator.py
[2023-11-14T08:01:54.006-0300] {processor.py:839} INFO - DAG(s) dict_keys(['example_dag_decorator']) retrieved from /home/gmassoqueto/repos/apache-airflow-101/.venv/lib/python3.11/site-packages/airflow/example_dags/example_dag_decorator.py
[2023-11-14T08:01:54.017-0300] {logging_mixin.py:154} INFO - [2023-11-14T08:01:54.017-0300] {dag.py:2941} INFO - Sync 1 DAGs
[2023-11-14T08:01:54.026-0300] {logging_mixin.py:154} INFO - [2023-11-14T08:01:54.026-0300] {dag.py:3722} INFO - Setting next_dagrun for example_dag_decorator to None, run_after=None
[2023-11-14T08:01:54.055-0300] {processor.py:179} INFO - Processing /home/gmassoqueto/repos/apache-airflow-101/.venv/lib/python3.11/site-packages/airflow/example_dags/example_dag_decorator.py took 0.123 seconds
[2023-11-14T08:02:40.579-0300] {processor.py:157} INFO - Started process (PID=288217) to work on /home/gmassoqueto/repos/apache-airflow-101/.venv/lib/python3.11/site-packages/airflow/example_dags/example_dag_decorator.py
[2023-11-14T08:02:40.584-0300] {processor.py:829} INFO - Processing file /home/gmassoqueto/repos/apache-airflow-101/.venv/lib/python3.11/site-packages/airflow/example_dags/example_dag_decorator.py for tasks to queue
[2023-11-14T08:02:40.585-0300] {logging_mixin.py:154} INFO - [2023-11-14T08:02:40.584-0300] {dagbag.py:536} INFO - Filling up the DagBag from /home/gmassoqueto/repos/apache-airflow-101/.venv/lib/python3.11/site-packages/airflow/example_dags/example_dag_decorator.py
[2023-11-14T08:02:40.661-0300] {processor.py:839} INFO - DAG(s) dict_keys(['example_dag_decorator']) retrieved from /home/gmassoqueto/repos/apache-airflow-101/.venv/lib/python3.11/site-packages/airflow/example_dags/example_dag_decorator.py
[2023-11-14T08:02:40.678-0300] {logging_mixin.py:154} INFO - [2023-11-14T08:02:40.678-0300] {dag.py:2941} INFO - Sync 1 DAGs
[2023-11-14T08:02:40.693-0300] {logging_mixin.py:154} INFO - [2023-11-14T08:02:40.693-0300] {dag.py:3722} INFO - Setting next_dagrun for example_dag_decorator to None, run_after=None
[2023-11-14T08:02:40.719-0300] {processor.py:179} INFO - Processing /home/gmassoqueto/repos/apache-airflow-101/.venv/lib/python3.11/site-packages/airflow/example_dags/example_dag_decorator.py took 0.143 seconds
[2023-11-14T08:03:28.393-0300] {processor.py:157} INFO - Started process (PID=288395) to work on /home/gmassoqueto/repos/apache-airflow-101/.venv/lib/python3.11/site-packages/airflow/example_dags/example_dag_decorator.py
[2023-11-14T08:03:28.397-0300] {processor.py:829} INFO - Processing file /home/gmassoqueto/repos/apache-airflow-101/.venv/lib/python3.11/site-packages/airflow/example_dags/example_dag_decorator.py for tasks to queue
[2023-11-14T08:03:28.399-0300] {logging_mixin.py:154} INFO - [2023-11-14T08:03:28.398-0300] {dagbag.py:536} INFO - Filling up the DagBag from /home/gmassoqueto/repos/apache-airflow-101/.venv/lib/python3.11/site-packages/airflow/example_dags/example_dag_decorator.py
[2023-11-14T08:03:28.468-0300] {processor.py:839} INFO - DAG(s) dict_keys(['example_dag_decorator']) retrieved from /home/gmassoqueto/repos/apache-airflow-101/.venv/lib/python3.11/site-packages/airflow/example_dags/example_dag_decorator.py
[2023-11-14T08:03:28.531-0300] {logging_mixin.py:154} INFO - [2023-11-14T08:03:28.530-0300] {dag.py:2941} INFO - Sync 1 DAGs
[2023-11-14T08:03:28.537-0300] {logging_mixin.py:154} INFO - [2023-11-14T08:03:28.537-0300] {dag.py:3722} INFO - Setting next_dagrun for example_dag_decorator to None, run_after=None
[2023-11-14T08:03:28.553-0300] {processor.py:179} INFO - Processing /home/gmassoqueto/repos/apache-airflow-101/.venv/lib/python3.11/site-packages/airflow/example_dags/example_dag_decorator.py took 0.163 seconds
[2023-11-14T08:04:18.532-0300] {processor.py:157} INFO - Started process (PID=288850) to work on /home/gmassoqueto/repos/apache-airflow-101/.venv/lib/python3.11/site-packages/airflow/example_dags/example_dag_decorator.py
[2023-11-14T08:04:18.537-0300] {processor.py:829} INFO - Processing file /home/gmassoqueto/repos/apache-airflow-101/.venv/lib/python3.11/site-packages/airflow/example_dags/example_dag_decorator.py for tasks to queue
[2023-11-14T08:04:18.538-0300] {logging_mixin.py:154} INFO - [2023-11-14T08:04:18.538-0300] {dagbag.py:536} INFO - Filling up the DagBag from /home/gmassoqueto/repos/apache-airflow-101/.venv/lib/python3.11/site-packages/airflow/example_dags/example_dag_decorator.py
[2023-11-14T08:04:18.608-0300] {processor.py:839} INFO - DAG(s) dict_keys(['example_dag_decorator']) retrieved from /home/gmassoqueto/repos/apache-airflow-101/.venv/lib/python3.11/site-packages/airflow/example_dags/example_dag_decorator.py
[2023-11-14T08:04:18.700-0300] {logging_mixin.py:154} INFO - [2023-11-14T08:04:18.700-0300] {dag.py:2941} INFO - Sync 1 DAGs
[2023-11-14T08:04:18.709-0300] {logging_mixin.py:154} INFO - [2023-11-14T08:04:18.709-0300] {dag.py:3722} INFO - Setting next_dagrun for example_dag_decorator to None, run_after=None
[2023-11-14T08:04:18.732-0300] {processor.py:179} INFO - Processing /home/gmassoqueto/repos/apache-airflow-101/.venv/lib/python3.11/site-packages/airflow/example_dags/example_dag_decorator.py took 0.205 seconds
[2023-11-14T08:05:10.401-0300] {processor.py:157} INFO - Started process (PID=289010) to work on /home/gmassoqueto/repos/apache-airflow-101/.venv/lib/python3.11/site-packages/airflow/example_dags/example_dag_decorator.py
[2023-11-14T08:05:10.402-0300] {processor.py:829} INFO - Processing file /home/gmassoqueto/repos/apache-airflow-101/.venv/lib/python3.11/site-packages/airflow/example_dags/example_dag_decorator.py for tasks to queue
[2023-11-14T08:05:10.405-0300] {logging_mixin.py:154} INFO - [2023-11-14T08:05:10.404-0300] {dagbag.py:536} INFO - Filling up the DagBag from /home/gmassoqueto/repos/apache-airflow-101/.venv/lib/python3.11/site-packages/airflow/example_dags/example_dag_decorator.py
[2023-11-14T08:05:10.469-0300] {processor.py:839} INFO - DAG(s) dict_keys(['example_dag_decorator']) retrieved from /home/gmassoqueto/repos/apache-airflow-101/.venv/lib/python3.11/site-packages/airflow/example_dags/example_dag_decorator.py
[2023-11-14T08:05:10.535-0300] {logging_mixin.py:154} INFO - [2023-11-14T08:05:10.535-0300] {dag.py:2941} INFO - Sync 1 DAGs
[2023-11-14T08:05:10.541-0300] {logging_mixin.py:154} INFO - [2023-11-14T08:05:10.541-0300] {dag.py:3722} INFO - Setting next_dagrun for example_dag_decorator to None, run_after=None
[2023-11-14T08:05:10.557-0300] {processor.py:179} INFO - Processing /home/gmassoqueto/repos/apache-airflow-101/.venv/lib/python3.11/site-packages/airflow/example_dags/example_dag_decorator.py took 0.161 seconds
[2023-11-14T08:05:59.015-0300] {processor.py:157} INFO - Started process (PID=289133) to work on /home/gmassoqueto/repos/apache-airflow-101/.venv/lib/python3.11/site-packages/airflow/example_dags/example_dag_decorator.py
[2023-11-14T08:05:59.019-0300] {processor.py:829} INFO - Processing file /home/gmassoqueto/repos/apache-airflow-101/.venv/lib/python3.11/site-packages/airflow/example_dags/example_dag_decorator.py for tasks to queue
[2023-11-14T08:05:59.021-0300] {logging_mixin.py:154} INFO - [2023-11-14T08:05:59.020-0300] {dagbag.py:536} INFO - Filling up the DagBag from /home/gmassoqueto/repos/apache-airflow-101/.venv/lib/python3.11/site-packages/airflow/example_dags/example_dag_decorator.py
[2023-11-14T08:05:59.101-0300] {processor.py:839} INFO - DAG(s) dict_keys(['example_dag_decorator']) retrieved from /home/gmassoqueto/repos/apache-airflow-101/.venv/lib/python3.11/site-packages/airflow/example_dags/example_dag_decorator.py
[2023-11-14T08:05:59.113-0300] {logging_mixin.py:154} INFO - [2023-11-14T08:05:59.113-0300] {dag.py:2941} INFO - Sync 1 DAGs
[2023-11-14T08:05:59.120-0300] {logging_mixin.py:154} INFO - [2023-11-14T08:05:59.120-0300] {dag.py:3722} INFO - Setting next_dagrun for example_dag_decorator to None, run_after=None
[2023-11-14T08:05:59.137-0300] {processor.py:179} INFO - Processing /home/gmassoqueto/repos/apache-airflow-101/.venv/lib/python3.11/site-packages/airflow/example_dags/example_dag_decorator.py took 0.125 seconds
[2023-11-14T08:06:46.195-0300] {processor.py:157} INFO - Started process (PID=289260) to work on /home/gmassoqueto/repos/apache-airflow-101/.venv/lib/python3.11/site-packages/airflow/example_dags/example_dag_decorator.py
[2023-11-14T08:06:46.197-0300] {processor.py:829} INFO - Processing file /home/gmassoqueto/repos/apache-airflow-101/.venv/lib/python3.11/site-packages/airflow/example_dags/example_dag_decorator.py for tasks to queue
[2023-11-14T08:06:46.197-0300] {logging_mixin.py:154} INFO - [2023-11-14T08:06:46.197-0300] {dagbag.py:536} INFO - Filling up the DagBag from /home/gmassoqueto/repos/apache-airflow-101/.venv/lib/python3.11/site-packages/airflow/example_dags/example_dag_decorator.py
[2023-11-14T08:06:46.258-0300] {processor.py:839} INFO - DAG(s) dict_keys(['example_dag_decorator']) retrieved from /home/gmassoqueto/repos/apache-airflow-101/.venv/lib/python3.11/site-packages/airflow/example_dags/example_dag_decorator.py
[2023-11-14T08:06:46.270-0300] {logging_mixin.py:154} INFO - [2023-11-14T08:06:46.270-0300] {dag.py:2941} INFO - Sync 1 DAGs
[2023-11-14T08:06:46.278-0300] {logging_mixin.py:154} INFO - [2023-11-14T08:06:46.278-0300] {dag.py:3722} INFO - Setting next_dagrun for example_dag_decorator to None, run_after=None
[2023-11-14T08:06:46.292-0300] {processor.py:179} INFO - Processing /home/gmassoqueto/repos/apache-airflow-101/.venv/lib/python3.11/site-packages/airflow/example_dags/example_dag_decorator.py took 0.101 seconds
[2023-11-14T08:07:34.084-0300] {processor.py:157} INFO - Started process (PID=289456) to work on /home/gmassoqueto/repos/apache-airflow-101/.venv/lib/python3.11/site-packages/airflow/example_dags/example_dag_decorator.py
[2023-11-14T08:07:34.086-0300] {processor.py:829} INFO - Processing file /home/gmassoqueto/repos/apache-airflow-101/.venv/lib/python3.11/site-packages/airflow/example_dags/example_dag_decorator.py for tasks to queue
[2023-11-14T08:07:34.087-0300] {logging_mixin.py:154} INFO - [2023-11-14T08:07:34.086-0300] {dagbag.py:536} INFO - Filling up the DagBag from /home/gmassoqueto/repos/apache-airflow-101/.venv/lib/python3.11/site-packages/airflow/example_dags/example_dag_decorator.py
[2023-11-14T08:07:34.151-0300] {processor.py:839} INFO - DAG(s) dict_keys(['example_dag_decorator']) retrieved from /home/gmassoqueto/repos/apache-airflow-101/.venv/lib/python3.11/site-packages/airflow/example_dags/example_dag_decorator.py
[2023-11-14T08:07:34.162-0300] {logging_mixin.py:154} INFO - [2023-11-14T08:07:34.162-0300] {dag.py:2941} INFO - Sync 1 DAGs
[2023-11-14T08:07:34.170-0300] {logging_mixin.py:154} INFO - [2023-11-14T08:07:34.170-0300] {dag.py:3722} INFO - Setting next_dagrun for example_dag_decorator to None, run_after=None
[2023-11-14T08:07:34.184-0300] {processor.py:179} INFO - Processing /home/gmassoqueto/repos/apache-airflow-101/.venv/lib/python3.11/site-packages/airflow/example_dags/example_dag_decorator.py took 0.107 seconds
[2023-11-14T08:08:38.140-0300] {processor.py:157} INFO - Started process (PID=289903) to work on /home/gmassoqueto/repos/apache-airflow-101/.venv/lib/python3.11/site-packages/airflow/example_dags/example_dag_decorator.py
[2023-11-14T08:08:38.145-0300] {processor.py:829} INFO - Processing file /home/gmassoqueto/repos/apache-airflow-101/.venv/lib/python3.11/site-packages/airflow/example_dags/example_dag_decorator.py for tasks to queue
[2023-11-14T08:08:38.148-0300] {logging_mixin.py:154} INFO - [2023-11-14T08:08:38.147-0300] {dagbag.py:536} INFO - Filling up the DagBag from /home/gmassoqueto/repos/apache-airflow-101/.venv/lib/python3.11/site-packages/airflow/example_dags/example_dag_decorator.py
[2023-11-14T08:08:38.214-0300] {processor.py:839} INFO - DAG(s) dict_keys(['example_dag_decorator']) retrieved from /home/gmassoqueto/repos/apache-airflow-101/.venv/lib/python3.11/site-packages/airflow/example_dags/example_dag_decorator.py
[2023-11-14T08:08:38.277-0300] {logging_mixin.py:154} INFO - [2023-11-14T08:08:38.277-0300] {dag.py:2941} INFO - Sync 1 DAGs
[2023-11-14T08:08:38.283-0300] {logging_mixin.py:154} INFO - [2023-11-14T08:08:38.283-0300] {dag.py:2963} INFO - Creating ORM DAG for example_dag_decorator
[2023-11-14T08:08:38.283-0300] {logging_mixin.py:154} INFO - [2023-11-14T08:08:38.283-0300] {dag.py:3722} INFO - Setting next_dagrun for example_dag_decorator to None, run_after=None
[2023-11-14T08:08:38.301-0300] {processor.py:179} INFO - Processing /home/gmassoqueto/repos/apache-airflow-101/.venv/lib/python3.11/site-packages/airflow/example_dags/example_dag_decorator.py took 0.165 seconds
[2023-11-14T08:10:20.868-0300] {processor.py:157} INFO - Started process (PID=290691) to work on /home/gmassoqueto/repos/apache-airflow-101/.venv/lib/python3.11/site-packages/airflow/example_dags/example_dag_decorator.py
[2023-11-14T08:10:20.872-0300] {processor.py:829} INFO - Processing file /home/gmassoqueto/repos/apache-airflow-101/.venv/lib/python3.11/site-packages/airflow/example_dags/example_dag_decorator.py for tasks to queue
[2023-11-14T08:10:20.873-0300] {logging_mixin.py:154} INFO - [2023-11-14T08:10:20.873-0300] {dagbag.py:536} INFO - Filling up the DagBag from /home/gmassoqueto/repos/apache-airflow-101/.venv/lib/python3.11/site-packages/airflow/example_dags/example_dag_decorator.py
[2023-11-14T08:10:20.940-0300] {processor.py:839} INFO - DAG(s) dict_keys(['example_dag_decorator']) retrieved from /home/gmassoqueto/repos/apache-airflow-101/.venv/lib/python3.11/site-packages/airflow/example_dags/example_dag_decorator.py
[2023-11-14T08:10:21.038-0300] {logging_mixin.py:154} INFO - [2023-11-14T08:10:21.038-0300] {dag.py:2941} INFO - Sync 1 DAGs
[2023-11-14T08:10:21.047-0300] {logging_mixin.py:154} INFO - [2023-11-14T08:10:21.047-0300] {dag.py:3722} INFO - Setting next_dagrun for example_dag_decorator to None, run_after=None
[2023-11-14T08:10:21.176-0300] {processor.py:179} INFO - Processing /home/gmassoqueto/repos/apache-airflow-101/.venv/lib/python3.11/site-packages/airflow/example_dags/example_dag_decorator.py took 0.310 seconds
[2023-11-14T08:11:14.280-0300] {processor.py:157} INFO - Started process (PID=291151) to work on /home/gmassoqueto/repos/apache-airflow-101/.venv/lib/python3.11/site-packages/airflow/example_dags/example_dag_decorator.py
[2023-11-14T08:11:14.284-0300] {processor.py:829} INFO - Processing file /home/gmassoqueto/repos/apache-airflow-101/.venv/lib/python3.11/site-packages/airflow/example_dags/example_dag_decorator.py for tasks to queue
[2023-11-14T08:11:14.285-0300] {logging_mixin.py:154} INFO - [2023-11-14T08:11:14.284-0300] {dagbag.py:536} INFO - Filling up the DagBag from /home/gmassoqueto/repos/apache-airflow-101/.venv/lib/python3.11/site-packages/airflow/example_dags/example_dag_decorator.py
[2023-11-14T08:11:14.340-0300] {processor.py:839} INFO - DAG(s) dict_keys(['example_dag_decorator']) retrieved from /home/gmassoqueto/repos/apache-airflow-101/.venv/lib/python3.11/site-packages/airflow/example_dags/example_dag_decorator.py
[2023-11-14T08:11:14.402-0300] {logging_mixin.py:154} INFO - [2023-11-14T08:11:14.401-0300] {dag.py:2941} INFO - Sync 1 DAGs
[2023-11-14T08:11:14.408-0300] {logging_mixin.py:154} INFO - [2023-11-14T08:11:14.408-0300] {dag.py:3722} INFO - Setting next_dagrun for example_dag_decorator to None, run_after=None
[2023-11-14T08:11:14.425-0300] {processor.py:179} INFO - Processing /home/gmassoqueto/repos/apache-airflow-101/.venv/lib/python3.11/site-packages/airflow/example_dags/example_dag_decorator.py took 0.148 seconds
[2023-11-14T08:12:00.095-0300] {processor.py:157} INFO - Started process (PID=291280) to work on /home/gmassoqueto/repos/apache-airflow-101/.venv/lib/python3.11/site-packages/airflow/example_dags/example_dag_decorator.py
[2023-11-14T08:12:00.099-0300] {processor.py:829} INFO - Processing file /home/gmassoqueto/repos/apache-airflow-101/.venv/lib/python3.11/site-packages/airflow/example_dags/example_dag_decorator.py for tasks to queue
[2023-11-14T08:12:00.100-0300] {logging_mixin.py:154} INFO - [2023-11-14T08:12:00.100-0300] {dagbag.py:536} INFO - Filling up the DagBag from /home/gmassoqueto/repos/apache-airflow-101/.venv/lib/python3.11/site-packages/airflow/example_dags/example_dag_decorator.py
[2023-11-14T08:12:00.154-0300] {processor.py:839} INFO - DAG(s) dict_keys(['example_dag_decorator']) retrieved from /home/gmassoqueto/repos/apache-airflow-101/.venv/lib/python3.11/site-packages/airflow/example_dags/example_dag_decorator.py
[2023-11-14T08:12:00.216-0300] {logging_mixin.py:154} INFO - [2023-11-14T08:12:00.216-0300] {dag.py:2941} INFO - Sync 1 DAGs
[2023-11-14T08:12:00.222-0300] {logging_mixin.py:154} INFO - [2023-11-14T08:12:00.222-0300] {dag.py:3722} INFO - Setting next_dagrun for example_dag_decorator to None, run_after=None
[2023-11-14T08:12:00.239-0300] {processor.py:179} INFO - Processing /home/gmassoqueto/repos/apache-airflow-101/.venv/lib/python3.11/site-packages/airflow/example_dags/example_dag_decorator.py took 0.146 seconds
[2023-11-14T08:12:46.192-0300] {processor.py:157} INFO - Started process (PID=291529) to work on /home/gmassoqueto/repos/apache-airflow-101/.venv/lib/python3.11/site-packages/airflow/example_dags/example_dag_decorator.py
[2023-11-14T08:12:46.194-0300] {processor.py:829} INFO - Processing file /home/gmassoqueto/repos/apache-airflow-101/.venv/lib/python3.11/site-packages/airflow/example_dags/example_dag_decorator.py for tasks to queue
[2023-11-14T08:12:46.194-0300] {logging_mixin.py:154} INFO - [2023-11-14T08:12:46.194-0300] {dagbag.py:536} INFO - Filling up the DagBag from /home/gmassoqueto/repos/apache-airflow-101/.venv/lib/python3.11/site-packages/airflow/example_dags/example_dag_decorator.py
[2023-11-14T08:12:46.256-0300] {processor.py:839} INFO - DAG(s) dict_keys(['example_dag_decorator']) retrieved from /home/gmassoqueto/repos/apache-airflow-101/.venv/lib/python3.11/site-packages/airflow/example_dags/example_dag_decorator.py
[2023-11-14T08:12:46.318-0300] {logging_mixin.py:154} INFO - [2023-11-14T08:12:46.318-0300] {dag.py:2941} INFO - Sync 1 DAGs
[2023-11-14T08:12:46.324-0300] {logging_mixin.py:154} INFO - [2023-11-14T08:12:46.324-0300] {dag.py:3722} INFO - Setting next_dagrun for example_dag_decorator to None, run_after=None
[2023-11-14T08:12:46.348-0300] {processor.py:179} INFO - Processing /home/gmassoqueto/repos/apache-airflow-101/.venv/lib/python3.11/site-packages/airflow/example_dags/example_dag_decorator.py took 0.158 seconds
[2023-11-14T08:13:33.625-0300] {processor.py:157} INFO - Started process (PID=291638) to work on /home/gmassoqueto/repos/apache-airflow-101/.venv/lib/python3.11/site-packages/airflow/example_dags/example_dag_decorator.py
[2023-11-14T08:13:33.626-0300] {processor.py:829} INFO - Processing file /home/gmassoqueto/repos/apache-airflow-101/.venv/lib/python3.11/site-packages/airflow/example_dags/example_dag_decorator.py for tasks to queue
[2023-11-14T08:13:33.627-0300] {logging_mixin.py:154} INFO - [2023-11-14T08:13:33.627-0300] {dagbag.py:536} INFO - Filling up the DagBag from /home/gmassoqueto/repos/apache-airflow-101/.venv/lib/python3.11/site-packages/airflow/example_dags/example_dag_decorator.py
[2023-11-14T08:13:33.686-0300] {processor.py:839} INFO - DAG(s) dict_keys(['example_dag_decorator']) retrieved from /home/gmassoqueto/repos/apache-airflow-101/.venv/lib/python3.11/site-packages/airflow/example_dags/example_dag_decorator.py
[2023-11-14T08:13:33.748-0300] {logging_mixin.py:154} INFO - [2023-11-14T08:13:33.747-0300] {dag.py:2941} INFO - Sync 1 DAGs
[2023-11-14T08:13:33.753-0300] {logging_mixin.py:154} INFO - [2023-11-14T08:13:33.753-0300] {dag.py:3722} INFO - Setting next_dagrun for example_dag_decorator to None, run_after=None
[2023-11-14T08:13:33.769-0300] {processor.py:179} INFO - Processing /home/gmassoqueto/repos/apache-airflow-101/.venv/lib/python3.11/site-packages/airflow/example_dags/example_dag_decorator.py took 0.148 seconds
[2023-11-14T08:14:22.466-0300] {processor.py:157} INFO - Started process (PID=291728) to work on /home/gmassoqueto/repos/apache-airflow-101/.venv/lib/python3.11/site-packages/airflow/example_dags/example_dag_decorator.py
[2023-11-14T08:14:22.470-0300] {processor.py:829} INFO - Processing file /home/gmassoqueto/repos/apache-airflow-101/.venv/lib/python3.11/site-packages/airflow/example_dags/example_dag_decorator.py for tasks to queue
[2023-11-14T08:14:22.471-0300] {logging_mixin.py:154} INFO - [2023-11-14T08:14:22.471-0300] {dagbag.py:536} INFO - Filling up the DagBag from /home/gmassoqueto/repos/apache-airflow-101/.venv/lib/python3.11/site-packages/airflow/example_dags/example_dag_decorator.py
[2023-11-14T08:14:22.541-0300] {processor.py:839} INFO - DAG(s) dict_keys(['example_dag_decorator']) retrieved from /home/gmassoqueto/repos/apache-airflow-101/.venv/lib/python3.11/site-packages/airflow/example_dags/example_dag_decorator.py
[2023-11-14T08:14:22.607-0300] {logging_mixin.py:154} INFO - [2023-11-14T08:14:22.607-0300] {dag.py:2941} INFO - Sync 1 DAGs
[2023-11-14T08:14:22.613-0300] {logging_mixin.py:154} INFO - [2023-11-14T08:14:22.613-0300] {dag.py:3722} INFO - Setting next_dagrun for example_dag_decorator to None, run_after=None
[2023-11-14T08:14:22.642-0300] {processor.py:179} INFO - Processing /home/gmassoqueto/repos/apache-airflow-101/.venv/lib/python3.11/site-packages/airflow/example_dags/example_dag_decorator.py took 0.179 seconds
[2023-11-14T08:15:09.466-0300] {processor.py:157} INFO - Started process (PID=291888) to work on /home/gmassoqueto/repos/apache-airflow-101/.venv/lib/python3.11/site-packages/airflow/example_dags/example_dag_decorator.py
[2023-11-14T08:15:09.471-0300] {processor.py:829} INFO - Processing file /home/gmassoqueto/repos/apache-airflow-101/.venv/lib/python3.11/site-packages/airflow/example_dags/example_dag_decorator.py for tasks to queue
[2023-11-14T08:15:09.472-0300] {logging_mixin.py:154} INFO - [2023-11-14T08:15:09.472-0300] {dagbag.py:536} INFO - Filling up the DagBag from /home/gmassoqueto/repos/apache-airflow-101/.venv/lib/python3.11/site-packages/airflow/example_dags/example_dag_decorator.py
[2023-11-14T08:15:09.538-0300] {processor.py:839} INFO - DAG(s) dict_keys(['example_dag_decorator']) retrieved from /home/gmassoqueto/repos/apache-airflow-101/.venv/lib/python3.11/site-packages/airflow/example_dags/example_dag_decorator.py
[2023-11-14T08:15:09.601-0300] {logging_mixin.py:154} INFO - [2023-11-14T08:15:09.600-0300] {dag.py:2941} INFO - Sync 1 DAGs
[2023-11-14T08:15:09.606-0300] {logging_mixin.py:154} INFO - [2023-11-14T08:15:09.606-0300] {dag.py:3722} INFO - Setting next_dagrun for example_dag_decorator to None, run_after=None
[2023-11-14T08:15:09.623-0300] {processor.py:179} INFO - Processing /home/gmassoqueto/repos/apache-airflow-101/.venv/lib/python3.11/site-packages/airflow/example_dags/example_dag_decorator.py took 0.163 seconds
[2023-11-14T08:15:56.778-0300] {processor.py:157} INFO - Started process (PID=291973) to work on /home/gmassoqueto/repos/apache-airflow-101/.venv/lib/python3.11/site-packages/airflow/example_dags/example_dag_decorator.py
[2023-11-14T08:15:56.782-0300] {processor.py:829} INFO - Processing file /home/gmassoqueto/repos/apache-airflow-101/.venv/lib/python3.11/site-packages/airflow/example_dags/example_dag_decorator.py for tasks to queue
[2023-11-14T08:15:56.782-0300] {logging_mixin.py:154} INFO - [2023-11-14T08:15:56.782-0300] {dagbag.py:536} INFO - Filling up the DagBag from /home/gmassoqueto/repos/apache-airflow-101/.venv/lib/python3.11/site-packages/airflow/example_dags/example_dag_decorator.py
[2023-11-14T08:15:56.838-0300] {processor.py:839} INFO - DAG(s) dict_keys(['example_dag_decorator']) retrieved from /home/gmassoqueto/repos/apache-airflow-101/.venv/lib/python3.11/site-packages/airflow/example_dags/example_dag_decorator.py
[2023-11-14T08:15:56.902-0300] {logging_mixin.py:154} INFO - [2023-11-14T08:15:56.902-0300] {dag.py:2941} INFO - Sync 1 DAGs
[2023-11-14T08:15:56.908-0300] {logging_mixin.py:154} INFO - [2023-11-14T08:15:56.908-0300] {dag.py:3722} INFO - Setting next_dagrun for example_dag_decorator to None, run_after=None
[2023-11-14T08:15:56.925-0300] {processor.py:179} INFO - Processing /home/gmassoqueto/repos/apache-airflow-101/.venv/lib/python3.11/site-packages/airflow/example_dags/example_dag_decorator.py took 0.149 seconds
[2023-11-14T08:16:45.651-0300] {processor.py:157} INFO - Started process (PID=292057) to work on /home/gmassoqueto/repos/apache-airflow-101/.venv/lib/python3.11/site-packages/airflow/example_dags/example_dag_decorator.py
[2023-11-14T08:16:45.655-0300] {processor.py:829} INFO - Processing file /home/gmassoqueto/repos/apache-airflow-101/.venv/lib/python3.11/site-packages/airflow/example_dags/example_dag_decorator.py for tasks to queue
[2023-11-14T08:16:45.655-0300] {logging_mixin.py:154} INFO - [2023-11-14T08:16:45.655-0300] {dagbag.py:536} INFO - Filling up the DagBag from /home/gmassoqueto/repos/apache-airflow-101/.venv/lib/python3.11/site-packages/airflow/example_dags/example_dag_decorator.py
[2023-11-14T08:16:45.717-0300] {processor.py:839} INFO - DAG(s) dict_keys(['example_dag_decorator']) retrieved from /home/gmassoqueto/repos/apache-airflow-101/.venv/lib/python3.11/site-packages/airflow/example_dags/example_dag_decorator.py
[2023-11-14T08:16:45.778-0300] {logging_mixin.py:154} INFO - [2023-11-14T08:16:45.778-0300] {dag.py:2941} INFO - Sync 1 DAGs
[2023-11-14T08:16:45.784-0300] {logging_mixin.py:154} INFO - [2023-11-14T08:16:45.784-0300] {dag.py:3722} INFO - Setting next_dagrun for example_dag_decorator to None, run_after=None
[2023-11-14T08:16:45.800-0300] {processor.py:179} INFO - Processing /home/gmassoqueto/repos/apache-airflow-101/.venv/lib/python3.11/site-packages/airflow/example_dags/example_dag_decorator.py took 0.152 seconds
[2023-11-14T08:17:37.313-0300] {processor.py:157} INFO - Started process (PID=292156) to work on /home/gmassoqueto/repos/apache-airflow-101/.venv/lib/python3.11/site-packages/airflow/example_dags/example_dag_decorator.py
[2023-11-14T08:17:37.316-0300] {processor.py:829} INFO - Processing file /home/gmassoqueto/repos/apache-airflow-101/.venv/lib/python3.11/site-packages/airflow/example_dags/example_dag_decorator.py for tasks to queue
[2023-11-14T08:17:37.317-0300] {logging_mixin.py:154} INFO - [2023-11-14T08:17:37.317-0300] {dagbag.py:536} INFO - Filling up the DagBag from /home/gmassoqueto/repos/apache-airflow-101/.venv/lib/python3.11/site-packages/airflow/example_dags/example_dag_decorator.py
[2023-11-14T08:17:37.377-0300] {processor.py:839} INFO - DAG(s) dict_keys(['example_dag_decorator']) retrieved from /home/gmassoqueto/repos/apache-airflow-101/.venv/lib/python3.11/site-packages/airflow/example_dags/example_dag_decorator.py
[2023-11-14T08:17:37.440-0300] {logging_mixin.py:154} INFO - [2023-11-14T08:17:37.440-0300] {dag.py:2941} INFO - Sync 1 DAGs
[2023-11-14T08:17:37.446-0300] {logging_mixin.py:154} INFO - [2023-11-14T08:17:37.446-0300] {dag.py:3722} INFO - Setting next_dagrun for example_dag_decorator to None, run_after=None
[2023-11-14T08:17:37.463-0300] {processor.py:179} INFO - Processing /home/gmassoqueto/repos/apache-airflow-101/.venv/lib/python3.11/site-packages/airflow/example_dags/example_dag_decorator.py took 0.152 seconds
