[2023-11-14T07:03:26.164-0300] {processor.py:157} INFO - Started process (PID=284760) to work on /home/gmassoqueto/repos/apache-airflow-101/.venv/lib/python3.11/site-packages/airflow/example_dags/tutorial.py
[2023-11-14T07:03:26.165-0300] {processor.py:829} INFO - Processing file /home/gmassoqueto/repos/apache-airflow-101/.venv/lib/python3.11/site-packages/airflow/example_dags/tutorial.py for tasks to queue
[2023-11-14T07:03:26.165-0300] {logging_mixin.py:154} INFO - [2023-11-14T07:03:26.165-0300] {dagbag.py:536} INFO - Filling up the DagBag from /home/gmassoqueto/repos/apache-airflow-101/.venv/lib/python3.11/site-packages/airflow/example_dags/tutorial.py
[2023-11-14T07:03:26.174-0300] {processor.py:839} INFO - DAG(s) dict_keys(['tutorial']) retrieved from /home/gmassoqueto/repos/apache-airflow-101/.venv/lib/python3.11/site-packages/airflow/example_dags/tutorial.py
[2023-11-14T07:03:26.181-0300] {logging_mixin.py:154} INFO - [2023-11-14T07:03:26.181-0300] {dag.py:2941} INFO - Sync 1 DAGs
[2023-11-14T07:03:26.202-0300] {logging_mixin.py:154} INFO - [2023-11-14T07:03:26.201-0300] {dag.py:3722} INFO - Setting next_dagrun for tutorial to 2023-11-13T10:03:26.201707+00:00, run_after=2023-11-14T10:03:26.201707+00:00
[2023-11-14T07:03:26.221-0300] {processor.py:179} INFO - Processing /home/gmassoqueto/repos/apache-airflow-101/.venv/lib/python3.11/site-packages/airflow/example_dags/tutorial.py took 0.060 seconds
[2023-11-14T07:04:11.041-0300] {processor.py:157} INFO - Started process (PID=284839) to work on /home/gmassoqueto/repos/apache-airflow-101/.venv/lib/python3.11/site-packages/airflow/example_dags/tutorial.py
[2023-11-14T07:04:11.045-0300] {processor.py:829} INFO - Processing file /home/gmassoqueto/repos/apache-airflow-101/.venv/lib/python3.11/site-packages/airflow/example_dags/tutorial.py for tasks to queue
[2023-11-14T07:04:11.046-0300] {logging_mixin.py:154} INFO - [2023-11-14T07:04:11.045-0300] {dagbag.py:536} INFO - Filling up the DagBag from /home/gmassoqueto/repos/apache-airflow-101/.venv/lib/python3.11/site-packages/airflow/example_dags/tutorial.py
[2023-11-14T07:04:11.054-0300] {processor.py:839} INFO - DAG(s) dict_keys(['tutorial']) retrieved from /home/gmassoqueto/repos/apache-airflow-101/.venv/lib/python3.11/site-packages/airflow/example_dags/tutorial.py
[2023-11-14T07:04:11.073-0300] {logging_mixin.py:154} INFO - [2023-11-14T07:04:11.073-0300] {dag.py:2941} INFO - Sync 1 DAGs
[2023-11-14T07:04:11.095-0300] {logging_mixin.py:154} INFO - [2023-11-14T07:04:11.095-0300] {dag.py:3722} INFO - Setting next_dagrun for tutorial to 2023-11-13T10:04:11.094909+00:00, run_after=2023-11-14T10:04:11.094909+00:00
[2023-11-14T07:04:11.114-0300] {processor.py:179} INFO - Processing /home/gmassoqueto/repos/apache-airflow-101/.venv/lib/python3.11/site-packages/airflow/example_dags/tutorial.py took 0.077 seconds
[2023-11-14T07:55:42.701-0300] {processor.py:157} INFO - Started process (PID=286785) to work on /home/gmassoqueto/repos/apache-airflow-101/.venv/lib/python3.11/site-packages/airflow/example_dags/tutorial.py
[2023-11-14T07:55:42.705-0300] {processor.py:829} INFO - Processing file /home/gmassoqueto/repos/apache-airflow-101/.venv/lib/python3.11/site-packages/airflow/example_dags/tutorial.py for tasks to queue
[2023-11-14T07:55:42.707-0300] {logging_mixin.py:154} INFO - [2023-11-14T07:55:42.706-0300] {dagbag.py:536} INFO - Filling up the DagBag from /home/gmassoqueto/repos/apache-airflow-101/.venv/lib/python3.11/site-packages/airflow/example_dags/tutorial.py
[2023-11-14T07:55:42.726-0300] {processor.py:839} INFO - DAG(s) dict_keys(['tutorial']) retrieved from /home/gmassoqueto/repos/apache-airflow-101/.venv/lib/python3.11/site-packages/airflow/example_dags/tutorial.py
[2023-11-14T07:55:42.742-0300] {logging_mixin.py:154} INFO - [2023-11-14T07:55:42.742-0300] {dag.py:2941} INFO - Sync 1 DAGs
[2023-11-14T07:55:42.784-0300] {logging_mixin.py:154} INFO - [2023-11-14T07:55:42.784-0300] {dag.py:3722} INFO - Setting next_dagrun for tutorial to 2023-11-13T10:55:42.783902+00:00, run_after=2023-11-14T10:55:42.783902+00:00
[2023-11-14T07:55:42.805-0300] {processor.py:179} INFO - Processing /home/gmassoqueto/repos/apache-airflow-101/.venv/lib/python3.11/site-packages/airflow/example_dags/tutorial.py took 0.110 seconds
[2023-11-14T07:57:20.227-0300] {processor.py:157} INFO - Started process (PID=287184) to work on /home/gmassoqueto/repos/apache-airflow-101/.venv/lib/python3.11/site-packages/airflow/example_dags/tutorial.py
[2023-11-14T07:57:20.228-0300] {processor.py:829} INFO - Processing file /home/gmassoqueto/repos/apache-airflow-101/.venv/lib/python3.11/site-packages/airflow/example_dags/tutorial.py for tasks to queue
[2023-11-14T07:57:20.228-0300] {logging_mixin.py:154} INFO - [2023-11-14T07:57:20.228-0300] {dagbag.py:536} INFO - Filling up the DagBag from /home/gmassoqueto/repos/apache-airflow-101/.venv/lib/python3.11/site-packages/airflow/example_dags/tutorial.py
[2023-11-14T07:57:20.235-0300] {processor.py:839} INFO - DAG(s) dict_keys(['tutorial']) retrieved from /home/gmassoqueto/repos/apache-airflow-101/.venv/lib/python3.11/site-packages/airflow/example_dags/tutorial.py
[2023-11-14T07:57:20.241-0300] {logging_mixin.py:154} INFO - [2023-11-14T07:57:20.241-0300] {dag.py:2941} INFO - Sync 1 DAGs
[2023-11-14T07:57:20.260-0300] {logging_mixin.py:154} INFO - [2023-11-14T07:57:20.260-0300] {dag.py:3722} INFO - Setting next_dagrun for tutorial to 2023-11-13T10:57:20.260509+00:00, run_after=2023-11-14T10:57:20.260509+00:00
[2023-11-14T07:57:20.279-0300] {processor.py:179} INFO - Processing /home/gmassoqueto/repos/apache-airflow-101/.venv/lib/python3.11/site-packages/airflow/example_dags/tutorial.py took 0.054 seconds
[2023-11-14T07:58:06.703-0300] {processor.py:157} INFO - Started process (PID=287381) to work on /home/gmassoqueto/repos/apache-airflow-101/.venv/lib/python3.11/site-packages/airflow/example_dags/tutorial.py
[2023-11-14T07:58:06.707-0300] {processor.py:829} INFO - Processing file /home/gmassoqueto/repos/apache-airflow-101/.venv/lib/python3.11/site-packages/airflow/example_dags/tutorial.py for tasks to queue
[2023-11-14T07:58:06.708-0300] {logging_mixin.py:154} INFO - [2023-11-14T07:58:06.707-0300] {dagbag.py:536} INFO - Filling up the DagBag from /home/gmassoqueto/repos/apache-airflow-101/.venv/lib/python3.11/site-packages/airflow/example_dags/tutorial.py
[2023-11-14T07:58:06.714-0300] {processor.py:839} INFO - DAG(s) dict_keys(['tutorial']) retrieved from /home/gmassoqueto/repos/apache-airflow-101/.venv/lib/python3.11/site-packages/airflow/example_dags/tutorial.py
[2023-11-14T07:58:06.785-0300] {logging_mixin.py:154} INFO - [2023-11-14T07:58:06.785-0300] {dag.py:2941} INFO - Sync 1 DAGs
[2023-11-14T07:58:06.797-0300] {logging_mixin.py:154} INFO - [2023-11-14T07:58:06.797-0300] {dag.py:3722} INFO - Setting next_dagrun for tutorial to 2023-11-13T10:58:06.797294+00:00, run_after=2023-11-14T10:58:06.797294+00:00
[2023-11-14T07:58:06.821-0300] {processor.py:179} INFO - Processing /home/gmassoqueto/repos/apache-airflow-101/.venv/lib/python3.11/site-packages/airflow/example_dags/tutorial.py took 0.120 seconds
[2023-11-14T07:58:51.310-0300] {processor.py:157} INFO - Started process (PID=287535) to work on /home/gmassoqueto/repos/apache-airflow-101/.venv/lib/python3.11/site-packages/airflow/example_dags/tutorial.py
[2023-11-14T07:58:51.312-0300] {processor.py:829} INFO - Processing file /home/gmassoqueto/repos/apache-airflow-101/.venv/lib/python3.11/site-packages/airflow/example_dags/tutorial.py for tasks to queue
[2023-11-14T07:58:51.315-0300] {logging_mixin.py:154} INFO - [2023-11-14T07:58:51.314-0300] {dagbag.py:536} INFO - Filling up the DagBag from /home/gmassoqueto/repos/apache-airflow-101/.venv/lib/python3.11/site-packages/airflow/example_dags/tutorial.py
[2023-11-14T07:58:51.333-0300] {processor.py:839} INFO - DAG(s) dict_keys(['tutorial']) retrieved from /home/gmassoqueto/repos/apache-airflow-101/.venv/lib/python3.11/site-packages/airflow/example_dags/tutorial.py
[2023-11-14T07:58:51.351-0300] {logging_mixin.py:154} INFO - [2023-11-14T07:58:51.350-0300] {dag.py:2941} INFO - Sync 1 DAGs
[2023-11-14T07:58:51.366-0300] {logging_mixin.py:154} INFO - [2023-11-14T07:58:51.366-0300] {dag.py:3722} INFO - Setting next_dagrun for tutorial to 2023-11-13T10:58:51.366355+00:00, run_after=2023-11-14T10:58:51.366355+00:00
[2023-11-14T07:58:51.387-0300] {processor.py:179} INFO - Processing /home/gmassoqueto/repos/apache-airflow-101/.venv/lib/python3.11/site-packages/airflow/example_dags/tutorial.py took 0.084 seconds
[2023-11-14T07:59:39.354-0300] {processor.py:157} INFO - Started process (PID=287635) to work on /home/gmassoqueto/repos/apache-airflow-101/.venv/lib/python3.11/site-packages/airflow/example_dags/tutorial.py
[2023-11-14T07:59:39.359-0300] {processor.py:829} INFO - Processing file /home/gmassoqueto/repos/apache-airflow-101/.venv/lib/python3.11/site-packages/airflow/example_dags/tutorial.py for tasks to queue
[2023-11-14T07:59:39.362-0300] {logging_mixin.py:154} INFO - [2023-11-14T07:59:39.361-0300] {dagbag.py:536} INFO - Filling up the DagBag from /home/gmassoqueto/repos/apache-airflow-101/.venv/lib/python3.11/site-packages/airflow/example_dags/tutorial.py
[2023-11-14T07:59:39.378-0300] {processor.py:839} INFO - DAG(s) dict_keys(['tutorial']) retrieved from /home/gmassoqueto/repos/apache-airflow-101/.venv/lib/python3.11/site-packages/airflow/example_dags/tutorial.py
[2023-11-14T07:59:39.387-0300] {logging_mixin.py:154} INFO - [2023-11-14T07:59:39.387-0300] {dag.py:2941} INFO - Sync 1 DAGs
[2023-11-14T07:59:39.405-0300] {logging_mixin.py:154} INFO - [2023-11-14T07:59:39.405-0300] {dag.py:3722} INFO - Setting next_dagrun for tutorial to 2023-11-13T10:59:39.404893+00:00, run_after=2023-11-14T10:59:39.404893+00:00
[2023-11-14T07:59:39.433-0300] {processor.py:179} INFO - Processing /home/gmassoqueto/repos/apache-airflow-101/.venv/lib/python3.11/site-packages/airflow/example_dags/tutorial.py took 0.087 seconds
[2023-11-14T08:00:30.902-0300] {processor.py:157} INFO - Started process (PID=287769) to work on /home/gmassoqueto/repos/apache-airflow-101/.venv/lib/python3.11/site-packages/airflow/example_dags/tutorial.py
[2023-11-14T08:00:30.906-0300] {processor.py:829} INFO - Processing file /home/gmassoqueto/repos/apache-airflow-101/.venv/lib/python3.11/site-packages/airflow/example_dags/tutorial.py for tasks to queue
[2023-11-14T08:00:30.908-0300] {logging_mixin.py:154} INFO - [2023-11-14T08:00:30.907-0300] {dagbag.py:536} INFO - Filling up the DagBag from /home/gmassoqueto/repos/apache-airflow-101/.venv/lib/python3.11/site-packages/airflow/example_dags/tutorial.py
[2023-11-14T08:00:30.922-0300] {processor.py:839} INFO - DAG(s) dict_keys(['tutorial']) retrieved from /home/gmassoqueto/repos/apache-airflow-101/.venv/lib/python3.11/site-packages/airflow/example_dags/tutorial.py
[2023-11-14T08:00:31.002-0300] {logging_mixin.py:154} INFO - [2023-11-14T08:00:31.002-0300] {dag.py:2941} INFO - Sync 1 DAGs
[2023-11-14T08:00:31.013-0300] {logging_mixin.py:154} INFO - [2023-11-14T08:00:31.013-0300] {dag.py:3722} INFO - Setting next_dagrun for tutorial to 2023-11-13T11:00:31.013520+00:00, run_after=2023-11-14T11:00:31.013520+00:00
[2023-11-14T08:00:31.037-0300] {processor.py:179} INFO - Processing /home/gmassoqueto/repos/apache-airflow-101/.venv/lib/python3.11/site-packages/airflow/example_dags/tutorial.py took 0.138 seconds
[2023-11-14T08:01:15.645-0300] {processor.py:157} INFO - Started process (PID=287977) to work on /home/gmassoqueto/repos/apache-airflow-101/.venv/lib/python3.11/site-packages/airflow/example_dags/tutorial.py
[2023-11-14T08:01:15.646-0300] {processor.py:829} INFO - Processing file /home/gmassoqueto/repos/apache-airflow-101/.venv/lib/python3.11/site-packages/airflow/example_dags/tutorial.py for tasks to queue
[2023-11-14T08:01:15.647-0300] {logging_mixin.py:154} INFO - [2023-11-14T08:01:15.647-0300] {dagbag.py:536} INFO - Filling up the DagBag from /home/gmassoqueto/repos/apache-airflow-101/.venv/lib/python3.11/site-packages/airflow/example_dags/tutorial.py
[2023-11-14T08:01:15.659-0300] {processor.py:839} INFO - DAG(s) dict_keys(['tutorial']) retrieved from /home/gmassoqueto/repos/apache-airflow-101/.venv/lib/python3.11/site-packages/airflow/example_dags/tutorial.py
[2023-11-14T08:01:15.682-0300] {logging_mixin.py:154} INFO - [2023-11-14T08:01:15.681-0300] {dag.py:2941} INFO - Sync 1 DAGs
[2023-11-14T08:01:15.717-0300] {logging_mixin.py:154} INFO - [2023-11-14T08:01:15.717-0300] {dag.py:3722} INFO - Setting next_dagrun for tutorial to 2023-11-13T11:01:15.717270+00:00, run_after=2023-11-14T11:01:15.717270+00:00
[2023-11-14T08:01:15.741-0300] {processor.py:179} INFO - Processing /home/gmassoqueto/repos/apache-airflow-101/.venv/lib/python3.11/site-packages/airflow/example_dags/tutorial.py took 0.100 seconds
[2023-11-14T08:01:52.418-0300] {processor.py:157} INFO - Started process (PID=288068) to work on /home/gmassoqueto/repos/apache-airflow-101/.venv/lib/python3.11/site-packages/airflow/example_dags/tutorial.py
[2023-11-14T08:01:52.422-0300] {processor.py:829} INFO - Processing file /home/gmassoqueto/repos/apache-airflow-101/.venv/lib/python3.11/site-packages/airflow/example_dags/tutorial.py for tasks to queue
[2023-11-14T08:01:52.423-0300] {logging_mixin.py:154} INFO - [2023-11-14T08:01:52.423-0300] {dagbag.py:536} INFO - Filling up the DagBag from /home/gmassoqueto/repos/apache-airflow-101/.venv/lib/python3.11/site-packages/airflow/example_dags/tutorial.py
[2023-11-14T08:01:52.431-0300] {processor.py:839} INFO - DAG(s) dict_keys(['tutorial']) retrieved from /home/gmassoqueto/repos/apache-airflow-101/.venv/lib/python3.11/site-packages/airflow/example_dags/tutorial.py
[2023-11-14T08:01:52.437-0300] {logging_mixin.py:154} INFO - [2023-11-14T08:01:52.437-0300] {dag.py:2941} INFO - Sync 1 DAGs
[2023-11-14T08:01:52.454-0300] {logging_mixin.py:154} INFO - [2023-11-14T08:01:52.453-0300] {dag.py:3722} INFO - Setting next_dagrun for tutorial to 2023-11-13T11:01:52.453748+00:00, run_after=2023-11-14T11:01:52.453748+00:00
[2023-11-14T08:01:52.471-0300] {processor.py:179} INFO - Processing /home/gmassoqueto/repos/apache-airflow-101/.venv/lib/python3.11/site-packages/airflow/example_dags/tutorial.py took 0.058 seconds
[2023-11-14T08:02:39.011-0300] {processor.py:157} INFO - Started process (PID=288215) to work on /home/gmassoqueto/repos/apache-airflow-101/.venv/lib/python3.11/site-packages/airflow/example_dags/tutorial.py
[2023-11-14T08:02:39.015-0300] {processor.py:829} INFO - Processing file /home/gmassoqueto/repos/apache-airflow-101/.venv/lib/python3.11/site-packages/airflow/example_dags/tutorial.py for tasks to queue
[2023-11-14T08:02:39.015-0300] {logging_mixin.py:154} INFO - [2023-11-14T08:02:39.015-0300] {dagbag.py:536} INFO - Filling up the DagBag from /home/gmassoqueto/repos/apache-airflow-101/.venv/lib/python3.11/site-packages/airflow/example_dags/tutorial.py
[2023-11-14T08:02:39.022-0300] {processor.py:839} INFO - DAG(s) dict_keys(['tutorial']) retrieved from /home/gmassoqueto/repos/apache-airflow-101/.venv/lib/python3.11/site-packages/airflow/example_dags/tutorial.py
[2023-11-14T08:02:39.101-0300] {logging_mixin.py:154} INFO - [2023-11-14T08:02:39.101-0300] {dag.py:2941} INFO - Sync 1 DAGs
[2023-11-14T08:02:39.115-0300] {logging_mixin.py:154} INFO - [2023-11-14T08:02:39.115-0300] {dag.py:3722} INFO - Setting next_dagrun for tutorial to 2023-11-13T11:02:39.115127+00:00, run_after=2023-11-14T11:02:39.115127+00:00
[2023-11-14T08:02:39.133-0300] {processor.py:179} INFO - Processing /home/gmassoqueto/repos/apache-airflow-101/.venv/lib/python3.11/site-packages/airflow/example_dags/tutorial.py took 0.124 seconds
[2023-11-14T08:03:26.529-0300] {processor.py:157} INFO - Started process (PID=288393) to work on /home/gmassoqueto/repos/apache-airflow-101/.venv/lib/python3.11/site-packages/airflow/example_dags/tutorial.py
[2023-11-14T08:03:26.532-0300] {processor.py:829} INFO - Processing file /home/gmassoqueto/repos/apache-airflow-101/.venv/lib/python3.11/site-packages/airflow/example_dags/tutorial.py for tasks to queue
[2023-11-14T08:03:26.533-0300] {logging_mixin.py:154} INFO - [2023-11-14T08:03:26.533-0300] {dagbag.py:536} INFO - Filling up the DagBag from /home/gmassoqueto/repos/apache-airflow-101/.venv/lib/python3.11/site-packages/airflow/example_dags/tutorial.py
[2023-11-14T08:03:26.538-0300] {processor.py:839} INFO - DAG(s) dict_keys(['tutorial']) retrieved from /home/gmassoqueto/repos/apache-airflow-101/.venv/lib/python3.11/site-packages/airflow/example_dags/tutorial.py
[2023-11-14T08:03:26.550-0300] {logging_mixin.py:154} INFO - [2023-11-14T08:03:26.550-0300] {dag.py:2941} INFO - Sync 1 DAGs
[2023-11-14T08:03:26.566-0300] {logging_mixin.py:154} INFO - [2023-11-14T08:03:26.566-0300] {dag.py:3722} INFO - Setting next_dagrun for tutorial to 2023-11-13T11:03:26.566201+00:00, run_after=2023-11-14T11:03:26.566201+00:00
[2023-11-14T08:03:26.583-0300] {processor.py:179} INFO - Processing /home/gmassoqueto/repos/apache-airflow-101/.venv/lib/python3.11/site-packages/airflow/example_dags/tutorial.py took 0.056 seconds
[2023-11-14T08:04:03.248-0300] {processor.py:157} INFO - Started process (PID=288800) to work on /home/gmassoqueto/repos/apache-airflow-101/.venv/lib/python3.11/site-packages/airflow/example_dags/tutorial.py
[2023-11-14T08:04:03.252-0300] {processor.py:829} INFO - Processing file /home/gmassoqueto/repos/apache-airflow-101/.venv/lib/python3.11/site-packages/airflow/example_dags/tutorial.py for tasks to queue
[2023-11-14T08:04:03.253-0300] {logging_mixin.py:154} INFO - [2023-11-14T08:04:03.252-0300] {dagbag.py:536} INFO - Filling up the DagBag from /home/gmassoqueto/repos/apache-airflow-101/.venv/lib/python3.11/site-packages/airflow/example_dags/tutorial.py
[2023-11-14T08:04:03.258-0300] {processor.py:839} INFO - DAG(s) dict_keys(['tutorial']) retrieved from /home/gmassoqueto/repos/apache-airflow-101/.venv/lib/python3.11/site-packages/airflow/example_dags/tutorial.py
[2023-11-14T08:04:03.264-0300] {logging_mixin.py:154} INFO - [2023-11-14T08:04:03.264-0300] {dag.py:2941} INFO - Sync 1 DAGs
[2023-11-14T08:04:03.280-0300] {logging_mixin.py:154} INFO - [2023-11-14T08:04:03.280-0300] {dag.py:3722} INFO - Setting next_dagrun for tutorial to 2023-11-13T11:04:03.279937+00:00, run_after=2023-11-14T11:04:03.279937+00:00
[2023-11-14T08:04:03.309-0300] {processor.py:179} INFO - Processing /home/gmassoqueto/repos/apache-airflow-101/.venv/lib/python3.11/site-packages/airflow/example_dags/tutorial.py took 0.063 seconds
[2023-11-14T08:04:54.366-0300] {processor.py:157} INFO - Started process (PID=288973) to work on /home/gmassoqueto/repos/apache-airflow-101/.venv/lib/python3.11/site-packages/airflow/example_dags/tutorial.py
[2023-11-14T08:04:54.370-0300] {processor.py:829} INFO - Processing file /home/gmassoqueto/repos/apache-airflow-101/.venv/lib/python3.11/site-packages/airflow/example_dags/tutorial.py for tasks to queue
[2023-11-14T08:04:54.370-0300] {logging_mixin.py:154} INFO - [2023-11-14T08:04:54.370-0300] {dagbag.py:536} INFO - Filling up the DagBag from /home/gmassoqueto/repos/apache-airflow-101/.venv/lib/python3.11/site-packages/airflow/example_dags/tutorial.py
[2023-11-14T08:04:54.377-0300] {processor.py:839} INFO - DAG(s) dict_keys(['tutorial']) retrieved from /home/gmassoqueto/repos/apache-airflow-101/.venv/lib/python3.11/site-packages/airflow/example_dags/tutorial.py
[2023-11-14T08:04:54.453-0300] {logging_mixin.py:154} INFO - [2023-11-14T08:04:54.453-0300] {dag.py:2941} INFO - Sync 1 DAGs
[2023-11-14T08:04:54.466-0300] {logging_mixin.py:154} INFO - [2023-11-14T08:04:54.466-0300] {dag.py:3722} INFO - Setting next_dagrun for tutorial to 2023-11-13T11:04:54.466146+00:00, run_after=2023-11-14T11:04:54.466146+00:00
[2023-11-14T08:04:54.484-0300] {processor.py:179} INFO - Processing /home/gmassoqueto/repos/apache-airflow-101/.venv/lib/python3.11/site-packages/airflow/example_dags/tutorial.py took 0.120 seconds
[2023-11-14T08:05:40.923-0300] {processor.py:157} INFO - Started process (PID=289073) to work on /home/gmassoqueto/repos/apache-airflow-101/.venv/lib/python3.11/site-packages/airflow/example_dags/tutorial.py
[2023-11-14T08:05:40.928-0300] {processor.py:829} INFO - Processing file /home/gmassoqueto/repos/apache-airflow-101/.venv/lib/python3.11/site-packages/airflow/example_dags/tutorial.py for tasks to queue
[2023-11-14T08:05:40.930-0300] {logging_mixin.py:154} INFO - [2023-11-14T08:05:40.929-0300] {dagbag.py:536} INFO - Filling up the DagBag from /home/gmassoqueto/repos/apache-airflow-101/.venv/lib/python3.11/site-packages/airflow/example_dags/tutorial.py
[2023-11-14T08:05:40.946-0300] {processor.py:839} INFO - DAG(s) dict_keys(['tutorial']) retrieved from /home/gmassoqueto/repos/apache-airflow-101/.venv/lib/python3.11/site-packages/airflow/example_dags/tutorial.py
[2023-11-14T08:05:40.964-0300] {logging_mixin.py:154} INFO - [2023-11-14T08:05:40.963-0300] {dag.py:2941} INFO - Sync 1 DAGs
[2023-11-14T08:05:40.981-0300] {logging_mixin.py:154} INFO - [2023-11-14T08:05:40.981-0300] {dag.py:3722} INFO - Setting next_dagrun for tutorial to 2023-11-13T11:05:40.981377+00:00, run_after=2023-11-14T11:05:40.981377+00:00
[2023-11-14T08:05:41.001-0300] {processor.py:179} INFO - Processing /home/gmassoqueto/repos/apache-airflow-101/.venv/lib/python3.11/site-packages/airflow/example_dags/tutorial.py took 0.086 seconds
[2023-11-14T08:06:28.203-0300] {processor.py:157} INFO - Started process (PID=289211) to work on /home/gmassoqueto/repos/apache-airflow-101/.venv/lib/python3.11/site-packages/airflow/example_dags/tutorial.py
[2023-11-14T08:06:28.208-0300] {processor.py:829} INFO - Processing file /home/gmassoqueto/repos/apache-airflow-101/.venv/lib/python3.11/site-packages/airflow/example_dags/tutorial.py for tasks to queue
[2023-11-14T08:06:28.210-0300] {logging_mixin.py:154} INFO - [2023-11-14T08:06:28.209-0300] {dagbag.py:536} INFO - Filling up the DagBag from /home/gmassoqueto/repos/apache-airflow-101/.venv/lib/python3.11/site-packages/airflow/example_dags/tutorial.py
[2023-11-14T08:06:28.218-0300] {processor.py:839} INFO - DAG(s) dict_keys(['tutorial']) retrieved from /home/gmassoqueto/repos/apache-airflow-101/.venv/lib/python3.11/site-packages/airflow/example_dags/tutorial.py
[2023-11-14T08:06:28.321-0300] {logging_mixin.py:154} INFO - [2023-11-14T08:06:28.321-0300] {dag.py:2941} INFO - Sync 1 DAGs
[2023-11-14T08:06:28.333-0300] {logging_mixin.py:154} INFO - [2023-11-14T08:06:28.333-0300] {dag.py:3722} INFO - Setting next_dagrun for tutorial to 2023-11-13T11:06:28.332861+00:00, run_after=2023-11-14T11:06:28.332861+00:00
[2023-11-14T08:06:28.349-0300] {processor.py:179} INFO - Processing /home/gmassoqueto/repos/apache-airflow-101/.venv/lib/python3.11/site-packages/airflow/example_dags/tutorial.py took 0.151 seconds
[2023-11-14T08:07:16.617-0300] {processor.py:157} INFO - Started process (PID=289365) to work on /home/gmassoqueto/repos/apache-airflow-101/.venv/lib/python3.11/site-packages/airflow/example_dags/tutorial.py
[2023-11-14T08:07:16.620-0300] {processor.py:829} INFO - Processing file /home/gmassoqueto/repos/apache-airflow-101/.venv/lib/python3.11/site-packages/airflow/example_dags/tutorial.py for tasks to queue
[2023-11-14T08:07:16.621-0300] {logging_mixin.py:154} INFO - [2023-11-14T08:07:16.621-0300] {dagbag.py:536} INFO - Filling up the DagBag from /home/gmassoqueto/repos/apache-airflow-101/.venv/lib/python3.11/site-packages/airflow/example_dags/tutorial.py
[2023-11-14T08:07:16.628-0300] {processor.py:839} INFO - DAG(s) dict_keys(['tutorial']) retrieved from /home/gmassoqueto/repos/apache-airflow-101/.venv/lib/python3.11/site-packages/airflow/example_dags/tutorial.py
[2023-11-14T08:07:16.643-0300] {logging_mixin.py:154} INFO - [2023-11-14T08:07:16.643-0300] {dag.py:2941} INFO - Sync 1 DAGs
[2023-11-14T08:07:16.660-0300] {logging_mixin.py:154} INFO - [2023-11-14T08:07:16.660-0300] {dag.py:3722} INFO - Setting next_dagrun for tutorial to 2023-11-13T11:07:16.660586+00:00, run_after=2023-11-14T11:07:16.660586+00:00
[2023-11-14T08:07:16.687-0300] {processor.py:179} INFO - Processing /home/gmassoqueto/repos/apache-airflow-101/.venv/lib/python3.11/site-packages/airflow/example_dags/tutorial.py took 0.074 seconds
[2023-11-14T08:08:13.978-0300] {processor.py:157} INFO - Started process (PID=289710) to work on /home/gmassoqueto/repos/apache-airflow-101/.venv/lib/python3.11/site-packages/airflow/example_dags/tutorial.py
[2023-11-14T08:08:13.980-0300] {processor.py:829} INFO - Processing file /home/gmassoqueto/repos/apache-airflow-101/.venv/lib/python3.11/site-packages/airflow/example_dags/tutorial.py for tasks to queue
[2023-11-14T08:08:13.981-0300] {logging_mixin.py:154} INFO - [2023-11-14T08:08:13.980-0300] {dagbag.py:536} INFO - Filling up the DagBag from /home/gmassoqueto/repos/apache-airflow-101/.venv/lib/python3.11/site-packages/airflow/example_dags/tutorial.py
[2023-11-14T08:08:13.995-0300] {processor.py:839} INFO - DAG(s) dict_keys(['tutorial']) retrieved from /home/gmassoqueto/repos/apache-airflow-101/.venv/lib/python3.11/site-packages/airflow/example_dags/tutorial.py
[2023-11-14T08:08:14.005-0300] {logging_mixin.py:154} INFO - [2023-11-14T08:08:14.005-0300] {dag.py:2941} INFO - Sync 1 DAGs
[2023-11-14T08:08:14.026-0300] {logging_mixin.py:154} INFO - [2023-11-14T08:08:14.026-0300] {dag.py:3722} INFO - Setting next_dagrun for tutorial to 2023-11-13T11:08:14.026001+00:00, run_after=2023-11-14T11:08:14.026001+00:00
[2023-11-14T08:08:14.041-0300] {processor.py:179} INFO - Processing /home/gmassoqueto/repos/apache-airflow-101/.venv/lib/python3.11/site-packages/airflow/example_dags/tutorial.py took 0.067 seconds
[2023-11-14T08:09:54.766-0300] {processor.py:157} INFO - Started process (PID=290319) to work on /home/gmassoqueto/repos/apache-airflow-101/.venv/lib/python3.11/site-packages/airflow/example_dags/tutorial.py
[2023-11-14T08:09:54.770-0300] {processor.py:829} INFO - Processing file /home/gmassoqueto/repos/apache-airflow-101/.venv/lib/python3.11/site-packages/airflow/example_dags/tutorial.py for tasks to queue
[2023-11-14T08:09:54.772-0300] {logging_mixin.py:154} INFO - [2023-11-14T08:09:54.771-0300] {dagbag.py:536} INFO - Filling up the DagBag from /home/gmassoqueto/repos/apache-airflow-101/.venv/lib/python3.11/site-packages/airflow/example_dags/tutorial.py
[2023-11-14T08:09:54.793-0300] {processor.py:839} INFO - DAG(s) dict_keys(['tutorial']) retrieved from /home/gmassoqueto/repos/apache-airflow-101/.venv/lib/python3.11/site-packages/airflow/example_dags/tutorial.py
[2023-11-14T08:09:54.802-0300] {logging_mixin.py:154} INFO - [2023-11-14T08:09:54.801-0300] {dag.py:2941} INFO - Sync 1 DAGs
[2023-11-14T08:09:54.821-0300] {logging_mixin.py:154} INFO - [2023-11-14T08:09:54.821-0300] {dag.py:3722} INFO - Setting next_dagrun for tutorial to 2023-11-13T11:09:54.821286+00:00, run_after=2023-11-14T11:09:54.821286+00:00
[2023-11-14T08:09:54.841-0300] {processor.py:179} INFO - Processing /home/gmassoqueto/repos/apache-airflow-101/.venv/lib/python3.11/site-packages/airflow/example_dags/tutorial.py took 0.082 seconds
[2023-11-14T08:10:41.904-0300] {processor.py:157} INFO - Started process (PID=291059) to work on /home/gmassoqueto/repos/apache-airflow-101/.venv/lib/python3.11/site-packages/airflow/example_dags/tutorial.py
[2023-11-14T08:10:41.905-0300] {processor.py:829} INFO - Processing file /home/gmassoqueto/repos/apache-airflow-101/.venv/lib/python3.11/site-packages/airflow/example_dags/tutorial.py for tasks to queue
[2023-11-14T08:10:41.905-0300] {logging_mixin.py:154} INFO - [2023-11-14T08:10:41.905-0300] {dagbag.py:536} INFO - Filling up the DagBag from /home/gmassoqueto/repos/apache-airflow-101/.venv/lib/python3.11/site-packages/airflow/example_dags/tutorial.py
[2023-11-14T08:10:41.909-0300] {processor.py:839} INFO - DAG(s) dict_keys(['tutorial']) retrieved from /home/gmassoqueto/repos/apache-airflow-101/.venv/lib/python3.11/site-packages/airflow/example_dags/tutorial.py
[2023-11-14T08:10:41.976-0300] {logging_mixin.py:154} INFO - [2023-11-14T08:10:41.976-0300] {dag.py:2941} INFO - Sync 1 DAGs
[2023-11-14T08:10:41.989-0300] {logging_mixin.py:154} INFO - [2023-11-14T08:10:41.989-0300] {dag.py:3722} INFO - Setting next_dagrun for tutorial to 2023-11-13T11:10:41.989281+00:00, run_after=2023-11-14T11:10:41.989281+00:00
[2023-11-14T08:10:42.093-0300] {processor.py:179} INFO - Processing /home/gmassoqueto/repos/apache-airflow-101/.venv/lib/python3.11/site-packages/airflow/example_dags/tutorial.py took 0.191 seconds
[2023-11-14T08:11:29.488-0300] {processor.py:157} INFO - Started process (PID=291175) to work on /home/gmassoqueto/repos/apache-airflow-101/.venv/lib/python3.11/site-packages/airflow/example_dags/tutorial.py
[2023-11-14T08:11:29.492-0300] {processor.py:829} INFO - Processing file /home/gmassoqueto/repos/apache-airflow-101/.venv/lib/python3.11/site-packages/airflow/example_dags/tutorial.py for tasks to queue
[2023-11-14T08:11:29.492-0300] {logging_mixin.py:154} INFO - [2023-11-14T08:11:29.492-0300] {dagbag.py:536} INFO - Filling up the DagBag from /home/gmassoqueto/repos/apache-airflow-101/.venv/lib/python3.11/site-packages/airflow/example_dags/tutorial.py
[2023-11-14T08:11:29.499-0300] {processor.py:839} INFO - DAG(s) dict_keys(['tutorial']) retrieved from /home/gmassoqueto/repos/apache-airflow-101/.venv/lib/python3.11/site-packages/airflow/example_dags/tutorial.py
[2023-11-14T08:11:29.513-0300] {logging_mixin.py:154} INFO - [2023-11-14T08:11:29.513-0300] {dag.py:2941} INFO - Sync 1 DAGs
[2023-11-14T08:11:29.529-0300] {logging_mixin.py:154} INFO - [2023-11-14T08:11:29.529-0300] {dag.py:3722} INFO - Setting next_dagrun for tutorial to 2023-11-13T11:11:29.529518+00:00, run_after=2023-11-14T11:11:29.529518+00:00
[2023-11-14T08:11:29.546-0300] {processor.py:179} INFO - Processing /home/gmassoqueto/repos/apache-airflow-101/.venv/lib/python3.11/site-packages/airflow/example_dags/tutorial.py took 0.060 seconds
[2023-11-14T08:12:14.634-0300] {processor.py:157} INFO - Started process (PID=291335) to work on /home/gmassoqueto/repos/apache-airflow-101/.venv/lib/python3.11/site-packages/airflow/example_dags/tutorial.py
[2023-11-14T08:12:14.637-0300] {processor.py:829} INFO - Processing file /home/gmassoqueto/repos/apache-airflow-101/.venv/lib/python3.11/site-packages/airflow/example_dags/tutorial.py for tasks to queue
[2023-11-14T08:12:14.638-0300] {logging_mixin.py:154} INFO - [2023-11-14T08:12:14.638-0300] {dagbag.py:536} INFO - Filling up the DagBag from /home/gmassoqueto/repos/apache-airflow-101/.venv/lib/python3.11/site-packages/airflow/example_dags/tutorial.py
[2023-11-14T08:12:14.645-0300] {processor.py:839} INFO - DAG(s) dict_keys(['tutorial']) retrieved from /home/gmassoqueto/repos/apache-airflow-101/.venv/lib/python3.11/site-packages/airflow/example_dags/tutorial.py
[2023-11-14T08:12:14.652-0300] {logging_mixin.py:154} INFO - [2023-11-14T08:12:14.651-0300] {dag.py:2941} INFO - Sync 1 DAGs
[2023-11-14T08:12:14.670-0300] {logging_mixin.py:154} INFO - [2023-11-14T08:12:14.670-0300] {dag.py:3722} INFO - Setting next_dagrun for tutorial to 2023-11-13T11:12:14.669964+00:00, run_after=2023-11-14T11:12:14.669964+00:00
[2023-11-14T08:12:14.688-0300] {processor.py:179} INFO - Processing /home/gmassoqueto/repos/apache-airflow-101/.venv/lib/python3.11/site-packages/airflow/example_dags/tutorial.py took 0.057 seconds
[2023-11-14T08:13:01.728-0300] {processor.py:157} INFO - Started process (PID=291578) to work on /home/gmassoqueto/repos/apache-airflow-101/.venv/lib/python3.11/site-packages/airflow/example_dags/tutorial.py
[2023-11-14T08:13:01.733-0300] {processor.py:829} INFO - Processing file /home/gmassoqueto/repos/apache-airflow-101/.venv/lib/python3.11/site-packages/airflow/example_dags/tutorial.py for tasks to queue
[2023-11-14T08:13:01.735-0300] {logging_mixin.py:154} INFO - [2023-11-14T08:13:01.734-0300] {dagbag.py:536} INFO - Filling up the DagBag from /home/gmassoqueto/repos/apache-airflow-101/.venv/lib/python3.11/site-packages/airflow/example_dags/tutorial.py
[2023-11-14T08:13:01.751-0300] {processor.py:839} INFO - DAG(s) dict_keys(['tutorial']) retrieved from /home/gmassoqueto/repos/apache-airflow-101/.venv/lib/python3.11/site-packages/airflow/example_dags/tutorial.py
[2023-11-14T08:13:01.824-0300] {logging_mixin.py:154} INFO - [2023-11-14T08:13:01.823-0300] {dag.py:2941} INFO - Sync 1 DAGs
[2023-11-14T08:13:01.835-0300] {logging_mixin.py:154} INFO - [2023-11-14T08:13:01.835-0300] {dag.py:3722} INFO - Setting next_dagrun for tutorial to 2023-11-13T11:13:01.835230+00:00, run_after=2023-11-14T11:13:01.835230+00:00
[2023-11-14T08:13:01.851-0300] {processor.py:179} INFO - Processing /home/gmassoqueto/repos/apache-airflow-101/.venv/lib/python3.11/site-packages/airflow/example_dags/tutorial.py took 0.130 seconds
[2023-11-14T08:13:47.070-0300] {processor.py:157} INFO - Started process (PID=291664) to work on /home/gmassoqueto/repos/apache-airflow-101/.venv/lib/python3.11/site-packages/airflow/example_dags/tutorial.py
[2023-11-14T08:13:47.073-0300] {processor.py:829} INFO - Processing file /home/gmassoqueto/repos/apache-airflow-101/.venv/lib/python3.11/site-packages/airflow/example_dags/tutorial.py for tasks to queue
[2023-11-14T08:13:47.075-0300] {logging_mixin.py:154} INFO - [2023-11-14T08:13:47.074-0300] {dagbag.py:536} INFO - Filling up the DagBag from /home/gmassoqueto/repos/apache-airflow-101/.venv/lib/python3.11/site-packages/airflow/example_dags/tutorial.py
[2023-11-14T08:13:47.091-0300] {processor.py:839} INFO - DAG(s) dict_keys(['tutorial']) retrieved from /home/gmassoqueto/repos/apache-airflow-101/.venv/lib/python3.11/site-packages/airflow/example_dags/tutorial.py
[2023-11-14T08:13:47.109-0300] {logging_mixin.py:154} INFO - [2023-11-14T08:13:47.108-0300] {dag.py:2941} INFO - Sync 1 DAGs
[2023-11-14T08:13:47.125-0300] {logging_mixin.py:154} INFO - [2023-11-14T08:13:47.124-0300] {dag.py:3722} INFO - Setting next_dagrun for tutorial to 2023-11-13T11:13:47.124670+00:00, run_after=2023-11-14T11:13:47.124670+00:00
[2023-11-14T08:13:47.141-0300] {processor.py:179} INFO - Processing /home/gmassoqueto/repos/apache-airflow-101/.venv/lib/python3.11/site-packages/airflow/example_dags/tutorial.py took 0.078 seconds
[2023-11-14T08:14:36.743-0300] {processor.py:157} INFO - Started process (PID=291779) to work on /home/gmassoqueto/repos/apache-airflow-101/.venv/lib/python3.11/site-packages/airflow/example_dags/tutorial.py
[2023-11-14T08:14:36.747-0300] {processor.py:829} INFO - Processing file /home/gmassoqueto/repos/apache-airflow-101/.venv/lib/python3.11/site-packages/airflow/example_dags/tutorial.py for tasks to queue
[2023-11-14T08:14:36.747-0300] {logging_mixin.py:154} INFO - [2023-11-14T08:14:36.747-0300] {dagbag.py:536} INFO - Filling up the DagBag from /home/gmassoqueto/repos/apache-airflow-101/.venv/lib/python3.11/site-packages/airflow/example_dags/tutorial.py
[2023-11-14T08:14:36.754-0300] {processor.py:839} INFO - DAG(s) dict_keys(['tutorial']) retrieved from /home/gmassoqueto/repos/apache-airflow-101/.venv/lib/python3.11/site-packages/airflow/example_dags/tutorial.py
[2023-11-14T08:14:36.826-0300] {logging_mixin.py:154} INFO - [2023-11-14T08:14:36.826-0300] {dag.py:2941} INFO - Sync 1 DAGs
[2023-11-14T08:14:36.838-0300] {logging_mixin.py:154} INFO - [2023-11-14T08:14:36.838-0300] {dag.py:3722} INFO - Setting next_dagrun for tutorial to 2023-11-13T11:14:36.838587+00:00, run_after=2023-11-14T11:14:36.838587+00:00
[2023-11-14T08:14:36.856-0300] {processor.py:179} INFO - Processing /home/gmassoqueto/repos/apache-airflow-101/.venv/lib/python3.11/site-packages/airflow/example_dags/tutorial.py took 0.115 seconds
[2023-11-14T08:15:23.648-0300] {processor.py:157} INFO - Started process (PID=291909) to work on /home/gmassoqueto/repos/apache-airflow-101/.venv/lib/python3.11/site-packages/airflow/example_dags/tutorial.py
[2023-11-14T08:15:23.652-0300] {processor.py:829} INFO - Processing file /home/gmassoqueto/repos/apache-airflow-101/.venv/lib/python3.11/site-packages/airflow/example_dags/tutorial.py for tasks to queue
[2023-11-14T08:15:23.653-0300] {logging_mixin.py:154} INFO - [2023-11-14T08:15:23.652-0300] {dagbag.py:536} INFO - Filling up the DagBag from /home/gmassoqueto/repos/apache-airflow-101/.venv/lib/python3.11/site-packages/airflow/example_dags/tutorial.py
[2023-11-14T08:15:23.658-0300] {processor.py:839} INFO - DAG(s) dict_keys(['tutorial']) retrieved from /home/gmassoqueto/repos/apache-airflow-101/.venv/lib/python3.11/site-packages/airflow/example_dags/tutorial.py
[2023-11-14T08:15:23.671-0300] {logging_mixin.py:154} INFO - [2023-11-14T08:15:23.671-0300] {dag.py:2941} INFO - Sync 1 DAGs
[2023-11-14T08:15:23.686-0300] {logging_mixin.py:154} INFO - [2023-11-14T08:15:23.686-0300] {dag.py:3722} INFO - Setting next_dagrun for tutorial to 2023-11-13T11:15:23.686119+00:00, run_after=2023-11-14T11:15:23.686119+00:00
[2023-11-14T08:15:23.704-0300] {processor.py:179} INFO - Processing /home/gmassoqueto/repos/apache-airflow-101/.venv/lib/python3.11/site-packages/airflow/example_dags/tutorial.py took 0.058 seconds
[2023-11-14T08:16:11.083-0300] {processor.py:157} INFO - Started process (PID=291998) to work on /home/gmassoqueto/repos/apache-airflow-101/.venv/lib/python3.11/site-packages/airflow/example_dags/tutorial.py
[2023-11-14T08:16:11.087-0300] {processor.py:829} INFO - Processing file /home/gmassoqueto/repos/apache-airflow-101/.venv/lib/python3.11/site-packages/airflow/example_dags/tutorial.py for tasks to queue
[2023-11-14T08:16:11.088-0300] {logging_mixin.py:154} INFO - [2023-11-14T08:16:11.088-0300] {dagbag.py:536} INFO - Filling up the DagBag from /home/gmassoqueto/repos/apache-airflow-101/.venv/lib/python3.11/site-packages/airflow/example_dags/tutorial.py
[2023-11-14T08:16:11.095-0300] {processor.py:839} INFO - DAG(s) dict_keys(['tutorial']) retrieved from /home/gmassoqueto/repos/apache-airflow-101/.venv/lib/python3.11/site-packages/airflow/example_dags/tutorial.py
[2023-11-14T08:16:11.171-0300] {logging_mixin.py:154} INFO - [2023-11-14T08:16:11.171-0300] {dag.py:2941} INFO - Sync 1 DAGs
[2023-11-14T08:16:11.182-0300] {logging_mixin.py:154} INFO - [2023-11-14T08:16:11.182-0300] {dag.py:3722} INFO - Setting next_dagrun for tutorial to 2023-11-13T11:16:11.182013+00:00, run_after=2023-11-14T11:16:11.182013+00:00
[2023-11-14T08:16:11.208-0300] {processor.py:179} INFO - Processing /home/gmassoqueto/repos/apache-airflow-101/.venv/lib/python3.11/site-packages/airflow/example_dags/tutorial.py took 0.127 seconds
[2023-11-14T08:17:00.903-0300] {processor.py:157} INFO - Started process (PID=292081) to work on /home/gmassoqueto/repos/apache-airflow-101/.venv/lib/python3.11/site-packages/airflow/example_dags/tutorial.py
[2023-11-14T08:17:00.907-0300] {processor.py:829} INFO - Processing file /home/gmassoqueto/repos/apache-airflow-101/.venv/lib/python3.11/site-packages/airflow/example_dags/tutorial.py for tasks to queue
[2023-11-14T08:17:00.907-0300] {logging_mixin.py:154} INFO - [2023-11-14T08:17:00.907-0300] {dagbag.py:536} INFO - Filling up the DagBag from /home/gmassoqueto/repos/apache-airflow-101/.venv/lib/python3.11/site-packages/airflow/example_dags/tutorial.py
[2023-11-14T08:17:00.914-0300] {processor.py:839} INFO - DAG(s) dict_keys(['tutorial']) retrieved from /home/gmassoqueto/repos/apache-airflow-101/.venv/lib/python3.11/site-packages/airflow/example_dags/tutorial.py
[2023-11-14T08:17:00.927-0300] {logging_mixin.py:154} INFO - [2023-11-14T08:17:00.927-0300] {dag.py:2941} INFO - Sync 1 DAGs
[2023-11-14T08:17:00.943-0300] {logging_mixin.py:154} INFO - [2023-11-14T08:17:00.943-0300] {dag.py:3722} INFO - Setting next_dagrun for tutorial to 2023-11-13T11:17:00.943419+00:00, run_after=2023-11-14T11:17:00.943419+00:00
[2023-11-14T08:17:00.960-0300] {processor.py:179} INFO - Processing /home/gmassoqueto/repos/apache-airflow-101/.venv/lib/python3.11/site-packages/airflow/example_dags/tutorial.py took 0.059 seconds
[2023-11-14T08:17:36.179-0300] {processor.py:157} INFO - Started process (PID=292155) to work on /home/gmassoqueto/repos/apache-airflow-101/.venv/lib/python3.11/site-packages/airflow/example_dags/tutorial.py
[2023-11-14T08:17:36.183-0300] {processor.py:829} INFO - Processing file /home/gmassoqueto/repos/apache-airflow-101/.venv/lib/python3.11/site-packages/airflow/example_dags/tutorial.py for tasks to queue
[2023-11-14T08:17:36.183-0300] {logging_mixin.py:154} INFO - [2023-11-14T08:17:36.183-0300] {dagbag.py:536} INFO - Filling up the DagBag from /home/gmassoqueto/repos/apache-airflow-101/.venv/lib/python3.11/site-packages/airflow/example_dags/tutorial.py
[2023-11-14T08:17:36.189-0300] {processor.py:839} INFO - DAG(s) dict_keys(['tutorial']) retrieved from /home/gmassoqueto/repos/apache-airflow-101/.venv/lib/python3.11/site-packages/airflow/example_dags/tutorial.py
[2023-11-14T08:17:36.196-0300] {logging_mixin.py:154} INFO - [2023-11-14T08:17:36.196-0300] {dag.py:2941} INFO - Sync 1 DAGs
[2023-11-14T08:17:36.214-0300] {logging_mixin.py:154} INFO - [2023-11-14T08:17:36.213-0300] {dag.py:3722} INFO - Setting next_dagrun for tutorial to 2023-11-13T11:17:36.213769+00:00, run_after=2023-11-14T11:17:36.213769+00:00
[2023-11-14T08:17:36.231-0300] {processor.py:179} INFO - Processing /home/gmassoqueto/repos/apache-airflow-101/.venv/lib/python3.11/site-packages/airflow/example_dags/tutorial.py took 0.054 seconds
