[2023-11-14T07:03:36.005-0300] {processor.py:157} INFO - Started process (PID=284777) to work on /home/gmassoqueto/repos/apache-airflow-101/.venv/lib/python3.11/site-packages/airflow/example_dags/tutorial_taskflow_api.py
[2023-11-14T07:03:36.006-0300] {processor.py:829} INFO - Processing file /home/gmassoqueto/repos/apache-airflow-101/.venv/lib/python3.11/site-packages/airflow/example_dags/tutorial_taskflow_api.py for tasks to queue
[2023-11-14T07:03:36.007-0300] {logging_mixin.py:154} INFO - [2023-11-14T07:03:36.006-0300] {dagbag.py:536} INFO - Filling up the DagBag from /home/gmassoqueto/repos/apache-airflow-101/.venv/lib/python3.11/site-packages/airflow/example_dags/tutorial_taskflow_api.py
[2023-11-14T07:03:36.012-0300] {processor.py:839} INFO - DAG(s) dict_keys(['tutorial_taskflow_api']) retrieved from /home/gmassoqueto/repos/apache-airflow-101/.venv/lib/python3.11/site-packages/airflow/example_dags/tutorial_taskflow_api.py
[2023-11-14T07:03:36.019-0300] {logging_mixin.py:154} INFO - [2023-11-14T07:03:36.018-0300] {dag.py:2941} INFO - Sync 1 DAGs
[2023-11-14T07:03:36.030-0300] {logging_mixin.py:154} INFO - [2023-11-14T07:03:36.030-0300] {dag.py:3722} INFO - Setting next_dagrun for tutorial_taskflow_api to None, run_after=None
[2023-11-14T07:03:36.051-0300] {processor.py:179} INFO - Processing /home/gmassoqueto/repos/apache-airflow-101/.venv/lib/python3.11/site-packages/airflow/example_dags/tutorial_taskflow_api.py took 0.048 seconds
[2023-11-14T07:57:30.230-0300] {processor.py:157} INFO - Started process (PID=287240) to work on /home/gmassoqueto/repos/apache-airflow-101/.venv/lib/python3.11/site-packages/airflow/example_dags/tutorial_taskflow_api.py
[2023-11-14T07:57:30.234-0300] {processor.py:829} INFO - Processing file /home/gmassoqueto/repos/apache-airflow-101/.venv/lib/python3.11/site-packages/airflow/example_dags/tutorial_taskflow_api.py for tasks to queue
[2023-11-14T07:57:30.235-0300] {logging_mixin.py:154} INFO - [2023-11-14T07:57:30.235-0300] {dagbag.py:536} INFO - Filling up the DagBag from /home/gmassoqueto/repos/apache-airflow-101/.venv/lib/python3.11/site-packages/airflow/example_dags/tutorial_taskflow_api.py
[2023-11-14T07:57:30.242-0300] {processor.py:839} INFO - DAG(s) dict_keys(['tutorial_taskflow_api']) retrieved from /home/gmassoqueto/repos/apache-airflow-101/.venv/lib/python3.11/site-packages/airflow/example_dags/tutorial_taskflow_api.py
[2023-11-14T07:57:30.249-0300] {logging_mixin.py:154} INFO - [2023-11-14T07:57:30.249-0300] {dag.py:2941} INFO - Sync 1 DAGs
[2023-11-14T07:57:30.266-0300] {logging_mixin.py:154} INFO - [2023-11-14T07:57:30.266-0300] {dag.py:3722} INFO - Setting next_dagrun for tutorial_taskflow_api to None, run_after=None
[2023-11-14T07:57:30.287-0300] {processor.py:179} INFO - Processing /home/gmassoqueto/repos/apache-airflow-101/.venv/lib/python3.11/site-packages/airflow/example_dags/tutorial_taskflow_api.py took 0.059 seconds
[2023-11-14T07:58:16.984-0300] {processor.py:157} INFO - Started process (PID=287415) to work on /home/gmassoqueto/repos/apache-airflow-101/.venv/lib/python3.11/site-packages/airflow/example_dags/tutorial_taskflow_api.py
[2023-11-14T07:58:16.988-0300] {processor.py:829} INFO - Processing file /home/gmassoqueto/repos/apache-airflow-101/.venv/lib/python3.11/site-packages/airflow/example_dags/tutorial_taskflow_api.py for tasks to queue
[2023-11-14T07:58:16.992-0300] {logging_mixin.py:154} INFO - [2023-11-14T07:58:16.991-0300] {dagbag.py:536} INFO - Filling up the DagBag from /home/gmassoqueto/repos/apache-airflow-101/.venv/lib/python3.11/site-packages/airflow/example_dags/tutorial_taskflow_api.py
[2023-11-14T07:58:17.001-0300] {processor.py:839} INFO - DAG(s) dict_keys(['tutorial_taskflow_api']) retrieved from /home/gmassoqueto/repos/apache-airflow-101/.venv/lib/python3.11/site-packages/airflow/example_dags/tutorial_taskflow_api.py
[2023-11-14T07:58:17.017-0300] {logging_mixin.py:154} INFO - [2023-11-14T07:58:17.016-0300] {dag.py:2941} INFO - Sync 1 DAGs
[2023-11-14T07:58:17.026-0300] {logging_mixin.py:154} INFO - [2023-11-14T07:58:17.026-0300] {dag.py:3722} INFO - Setting next_dagrun for tutorial_taskflow_api to None, run_after=None
[2023-11-14T07:58:17.042-0300] {processor.py:179} INFO - Processing /home/gmassoqueto/repos/apache-airflow-101/.venv/lib/python3.11/site-packages/airflow/example_dags/tutorial_taskflow_api.py took 0.061 seconds
[2023-11-14T07:59:02.600-0300] {processor.py:157} INFO - Started process (PID=287564) to work on /home/gmassoqueto/repos/apache-airflow-101/.venv/lib/python3.11/site-packages/airflow/example_dags/tutorial_taskflow_api.py
[2023-11-14T07:59:02.604-0300] {processor.py:829} INFO - Processing file /home/gmassoqueto/repos/apache-airflow-101/.venv/lib/python3.11/site-packages/airflow/example_dags/tutorial_taskflow_api.py for tasks to queue
[2023-11-14T07:59:02.605-0300] {logging_mixin.py:154} INFO - [2023-11-14T07:59:02.604-0300] {dagbag.py:536} INFO - Filling up the DagBag from /home/gmassoqueto/repos/apache-airflow-101/.venv/lib/python3.11/site-packages/airflow/example_dags/tutorial_taskflow_api.py
[2023-11-14T07:59:02.611-0300] {processor.py:839} INFO - DAG(s) dict_keys(['tutorial_taskflow_api']) retrieved from /home/gmassoqueto/repos/apache-airflow-101/.venv/lib/python3.11/site-packages/airflow/example_dags/tutorial_taskflow_api.py
[2023-11-14T07:59:02.630-0300] {logging_mixin.py:154} INFO - [2023-11-14T07:59:02.630-0300] {dag.py:2941} INFO - Sync 1 DAGs
[2023-11-14T07:59:02.642-0300] {logging_mixin.py:154} INFO - [2023-11-14T07:59:02.642-0300] {dag.py:3722} INFO - Setting next_dagrun for tutorial_taskflow_api to None, run_after=None
[2023-11-14T07:59:02.669-0300] {processor.py:179} INFO - Processing /home/gmassoqueto/repos/apache-airflow-101/.venv/lib/python3.11/site-packages/airflow/example_dags/tutorial_taskflow_api.py took 0.073 seconds
[2023-11-14T07:59:54.440-0300] {processor.py:157} INFO - Started process (PID=287669) to work on /home/gmassoqueto/repos/apache-airflow-101/.venv/lib/python3.11/site-packages/airflow/example_dags/tutorial_taskflow_api.py
[2023-11-14T07:59:54.444-0300] {processor.py:829} INFO - Processing file /home/gmassoqueto/repos/apache-airflow-101/.venv/lib/python3.11/site-packages/airflow/example_dags/tutorial_taskflow_api.py for tasks to queue
[2023-11-14T07:59:54.448-0300] {logging_mixin.py:154} INFO - [2023-11-14T07:59:54.446-0300] {dagbag.py:536} INFO - Filling up the DagBag from /home/gmassoqueto/repos/apache-airflow-101/.venv/lib/python3.11/site-packages/airflow/example_dags/tutorial_taskflow_api.py
[2023-11-14T07:59:54.461-0300] {processor.py:839} INFO - DAG(s) dict_keys(['tutorial_taskflow_api']) retrieved from /home/gmassoqueto/repos/apache-airflow-101/.venv/lib/python3.11/site-packages/airflow/example_dags/tutorial_taskflow_api.py
[2023-11-14T07:59:54.480-0300] {logging_mixin.py:154} INFO - [2023-11-14T07:59:54.480-0300] {dag.py:2941} INFO - Sync 1 DAGs
[2023-11-14T07:59:54.491-0300] {logging_mixin.py:154} INFO - [2023-11-14T07:59:54.491-0300] {dag.py:3722} INFO - Setting next_dagrun for tutorial_taskflow_api to None, run_after=None
[2023-11-14T07:59:54.510-0300] {processor.py:179} INFO - Processing /home/gmassoqueto/repos/apache-airflow-101/.venv/lib/python3.11/site-packages/airflow/example_dags/tutorial_taskflow_api.py took 0.080 seconds
[2023-11-14T08:00:41.323-0300] {processor.py:157} INFO - Started process (PID=287804) to work on /home/gmassoqueto/repos/apache-airflow-101/.venv/lib/python3.11/site-packages/airflow/example_dags/tutorial_taskflow_api.py
[2023-11-14T08:00:41.327-0300] {processor.py:829} INFO - Processing file /home/gmassoqueto/repos/apache-airflow-101/.venv/lib/python3.11/site-packages/airflow/example_dags/tutorial_taskflow_api.py for tasks to queue
[2023-11-14T08:00:41.329-0300] {logging_mixin.py:154} INFO - [2023-11-14T08:00:41.328-0300] {dagbag.py:536} INFO - Filling up the DagBag from /home/gmassoqueto/repos/apache-airflow-101/.venv/lib/python3.11/site-packages/airflow/example_dags/tutorial_taskflow_api.py
[2023-11-14T08:00:41.337-0300] {processor.py:839} INFO - DAG(s) dict_keys(['tutorial_taskflow_api']) retrieved from /home/gmassoqueto/repos/apache-airflow-101/.venv/lib/python3.11/site-packages/airflow/example_dags/tutorial_taskflow_api.py
[2023-11-14T08:00:41.357-0300] {logging_mixin.py:154} INFO - [2023-11-14T08:00:41.357-0300] {dag.py:2941} INFO - Sync 1 DAGs
[2023-11-14T08:00:41.368-0300] {logging_mixin.py:154} INFO - [2023-11-14T08:00:41.368-0300] {dag.py:3722} INFO - Setting next_dagrun for tutorial_taskflow_api to None, run_after=None
[2023-11-14T08:00:41.387-0300] {processor.py:179} INFO - Processing /home/gmassoqueto/repos/apache-airflow-101/.venv/lib/python3.11/site-packages/airflow/example_dags/tutorial_taskflow_api.py took 0.067 seconds
[2023-11-14T08:01:26.921-0300] {processor.py:157} INFO - Started process (PID=288041) to work on /home/gmassoqueto/repos/apache-airflow-101/.venv/lib/python3.11/site-packages/airflow/example_dags/tutorial_taskflow_api.py
[2023-11-14T08:01:26.926-0300] {processor.py:829} INFO - Processing file /home/gmassoqueto/repos/apache-airflow-101/.venv/lib/python3.11/site-packages/airflow/example_dags/tutorial_taskflow_api.py for tasks to queue
[2023-11-14T08:01:26.928-0300] {logging_mixin.py:154} INFO - [2023-11-14T08:01:26.927-0300] {dagbag.py:536} INFO - Filling up the DagBag from /home/gmassoqueto/repos/apache-airflow-101/.venv/lib/python3.11/site-packages/airflow/example_dags/tutorial_taskflow_api.py
[2023-11-14T08:01:26.943-0300] {processor.py:839} INFO - DAG(s) dict_keys(['tutorial_taskflow_api']) retrieved from /home/gmassoqueto/repos/apache-airflow-101/.venv/lib/python3.11/site-packages/airflow/example_dags/tutorial_taskflow_api.py
[2023-11-14T08:01:26.964-0300] {logging_mixin.py:154} INFO - [2023-11-14T08:01:26.964-0300] {dag.py:2941} INFO - Sync 1 DAGs
[2023-11-14T08:01:26.974-0300] {logging_mixin.py:154} INFO - [2023-11-14T08:01:26.974-0300] {dag.py:3722} INFO - Setting next_dagrun for tutorial_taskflow_api to None, run_after=None
[2023-11-14T08:01:26.991-0300] {processor.py:179} INFO - Processing /home/gmassoqueto/repos/apache-airflow-101/.venv/lib/python3.11/site-packages/airflow/example_dags/tutorial_taskflow_api.py took 0.076 seconds
[2023-11-14T08:02:15.993-0300] {processor.py:157} INFO - Started process (PID=288149) to work on /home/gmassoqueto/repos/apache-airflow-101/.venv/lib/python3.11/site-packages/airflow/example_dags/tutorial_taskflow_api.py
[2023-11-14T08:02:15.998-0300] {processor.py:829} INFO - Processing file /home/gmassoqueto/repos/apache-airflow-101/.venv/lib/python3.11/site-packages/airflow/example_dags/tutorial_taskflow_api.py for tasks to queue
[2023-11-14T08:02:16.000-0300] {logging_mixin.py:154} INFO - [2023-11-14T08:02:15.999-0300] {dagbag.py:536} INFO - Filling up the DagBag from /home/gmassoqueto/repos/apache-airflow-101/.venv/lib/python3.11/site-packages/airflow/example_dags/tutorial_taskflow_api.py
[2023-11-14T08:02:16.015-0300] {processor.py:839} INFO - DAG(s) dict_keys(['tutorial_taskflow_api']) retrieved from /home/gmassoqueto/repos/apache-airflow-101/.venv/lib/python3.11/site-packages/airflow/example_dags/tutorial_taskflow_api.py
[2023-11-14T08:02:16.035-0300] {logging_mixin.py:154} INFO - [2023-11-14T08:02:16.034-0300] {dag.py:2941} INFO - Sync 1 DAGs
[2023-11-14T08:02:16.044-0300] {logging_mixin.py:154} INFO - [2023-11-14T08:02:16.044-0300] {dag.py:3722} INFO - Setting next_dagrun for tutorial_taskflow_api to None, run_after=None
[2023-11-14T08:02:16.061-0300] {processor.py:179} INFO - Processing /home/gmassoqueto/repos/apache-airflow-101/.venv/lib/python3.11/site-packages/airflow/example_dags/tutorial_taskflow_api.py took 0.075 seconds
[2023-11-14T08:03:05.191-0300] {processor.py:157} INFO - Started process (PID=288338) to work on /home/gmassoqueto/repos/apache-airflow-101/.venv/lib/python3.11/site-packages/airflow/example_dags/tutorial_taskflow_api.py
[2023-11-14T08:03:05.193-0300] {processor.py:829} INFO - Processing file /home/gmassoqueto/repos/apache-airflow-101/.venv/lib/python3.11/site-packages/airflow/example_dags/tutorial_taskflow_api.py for tasks to queue
[2023-11-14T08:03:05.195-0300] {logging_mixin.py:154} INFO - [2023-11-14T08:03:05.194-0300] {dagbag.py:536} INFO - Filling up the DagBag from /home/gmassoqueto/repos/apache-airflow-101/.venv/lib/python3.11/site-packages/airflow/example_dags/tutorial_taskflow_api.py
[2023-11-14T08:03:05.204-0300] {processor.py:839} INFO - DAG(s) dict_keys(['tutorial_taskflow_api']) retrieved from /home/gmassoqueto/repos/apache-airflow-101/.venv/lib/python3.11/site-packages/airflow/example_dags/tutorial_taskflow_api.py
[2023-11-14T08:03:05.229-0300] {logging_mixin.py:154} INFO - [2023-11-14T08:03:05.228-0300] {dag.py:2941} INFO - Sync 1 DAGs
[2023-11-14T08:03:05.241-0300] {logging_mixin.py:154} INFO - [2023-11-14T08:03:05.240-0300] {dag.py:3722} INFO - Setting next_dagrun for tutorial_taskflow_api to None, run_after=None
[2023-11-14T08:03:05.258-0300] {processor.py:179} INFO - Processing /home/gmassoqueto/repos/apache-airflow-101/.venv/lib/python3.11/site-packages/airflow/example_dags/tutorial_taskflow_api.py took 0.070 seconds
[2023-11-14T08:03:53.164-0300] {processor.py:157} INFO - Started process (PID=288739) to work on /home/gmassoqueto/repos/apache-airflow-101/.venv/lib/python3.11/site-packages/airflow/example_dags/tutorial_taskflow_api.py
[2023-11-14T08:03:53.170-0300] {processor.py:829} INFO - Processing file /home/gmassoqueto/repos/apache-airflow-101/.venv/lib/python3.11/site-packages/airflow/example_dags/tutorial_taskflow_api.py for tasks to queue
[2023-11-14T08:03:53.174-0300] {logging_mixin.py:154} INFO - [2023-11-14T08:03:53.172-0300] {dagbag.py:536} INFO - Filling up the DagBag from /home/gmassoqueto/repos/apache-airflow-101/.venv/lib/python3.11/site-packages/airflow/example_dags/tutorial_taskflow_api.py
[2023-11-14T08:03:53.191-0300] {processor.py:839} INFO - DAG(s) dict_keys(['tutorial_taskflow_api']) retrieved from /home/gmassoqueto/repos/apache-airflow-101/.venv/lib/python3.11/site-packages/airflow/example_dags/tutorial_taskflow_api.py
[2023-11-14T08:03:53.208-0300] {logging_mixin.py:154} INFO - [2023-11-14T08:03:53.208-0300] {dag.py:2941} INFO - Sync 1 DAGs
[2023-11-14T08:03:53.220-0300] {logging_mixin.py:154} INFO - [2023-11-14T08:03:53.219-0300] {dag.py:3722} INFO - Setting next_dagrun for tutorial_taskflow_api to None, run_after=None
[2023-11-14T08:03:53.239-0300] {processor.py:179} INFO - Processing /home/gmassoqueto/repos/apache-airflow-101/.venv/lib/python3.11/site-packages/airflow/example_dags/tutorial_taskflow_api.py took 0.083 seconds
[2023-11-14T08:04:44.635-0300] {processor.py:157} INFO - Started process (PID=288960) to work on /home/gmassoqueto/repos/apache-airflow-101/.venv/lib/python3.11/site-packages/airflow/example_dags/tutorial_taskflow_api.py
[2023-11-14T08:04:44.636-0300] {processor.py:829} INFO - Processing file /home/gmassoqueto/repos/apache-airflow-101/.venv/lib/python3.11/site-packages/airflow/example_dags/tutorial_taskflow_api.py for tasks to queue
[2023-11-14T08:04:44.637-0300] {logging_mixin.py:154} INFO - [2023-11-14T08:04:44.636-0300] {dagbag.py:536} INFO - Filling up the DagBag from /home/gmassoqueto/repos/apache-airflow-101/.venv/lib/python3.11/site-packages/airflow/example_dags/tutorial_taskflow_api.py
[2023-11-14T08:04:44.644-0300] {processor.py:839} INFO - DAG(s) dict_keys(['tutorial_taskflow_api']) retrieved from /home/gmassoqueto/repos/apache-airflow-101/.venv/lib/python3.11/site-packages/airflow/example_dags/tutorial_taskflow_api.py
[2023-11-14T08:04:44.666-0300] {logging_mixin.py:154} INFO - [2023-11-14T08:04:44.666-0300] {dag.py:2941} INFO - Sync 1 DAGs
[2023-11-14T08:04:44.679-0300] {logging_mixin.py:154} INFO - [2023-11-14T08:04:44.679-0300] {dag.py:3722} INFO - Setting next_dagrun for tutorial_taskflow_api to None, run_after=None
[2023-11-14T08:04:44.697-0300] {processor.py:179} INFO - Processing /home/gmassoqueto/repos/apache-airflow-101/.venv/lib/python3.11/site-packages/airflow/example_dags/tutorial_taskflow_api.py took 0.065 seconds
[2023-11-14T08:05:32.295-0300] {processor.py:157} INFO - Started process (PID=289054) to work on /home/gmassoqueto/repos/apache-airflow-101/.venv/lib/python3.11/site-packages/airflow/example_dags/tutorial_taskflow_api.py
[2023-11-14T08:05:32.296-0300] {processor.py:829} INFO - Processing file /home/gmassoqueto/repos/apache-airflow-101/.venv/lib/python3.11/site-packages/airflow/example_dags/tutorial_taskflow_api.py for tasks to queue
[2023-11-14T08:05:32.297-0300] {logging_mixin.py:154} INFO - [2023-11-14T08:05:32.297-0300] {dagbag.py:536} INFO - Filling up the DagBag from /home/gmassoqueto/repos/apache-airflow-101/.venv/lib/python3.11/site-packages/airflow/example_dags/tutorial_taskflow_api.py
[2023-11-14T08:05:32.305-0300] {processor.py:839} INFO - DAG(s) dict_keys(['tutorial_taskflow_api']) retrieved from /home/gmassoqueto/repos/apache-airflow-101/.venv/lib/python3.11/site-packages/airflow/example_dags/tutorial_taskflow_api.py
[2023-11-14T08:05:32.320-0300] {logging_mixin.py:154} INFO - [2023-11-14T08:05:32.319-0300] {dag.py:2941} INFO - Sync 1 DAGs
[2023-11-14T08:05:32.330-0300] {logging_mixin.py:154} INFO - [2023-11-14T08:05:32.330-0300] {dag.py:3722} INFO - Setting next_dagrun for tutorial_taskflow_api to None, run_after=None
[2023-11-14T08:05:32.348-0300] {processor.py:179} INFO - Processing /home/gmassoqueto/repos/apache-airflow-101/.venv/lib/python3.11/site-packages/airflow/example_dags/tutorial_taskflow_api.py took 0.056 seconds
[2023-11-14T08:06:21.582-0300] {processor.py:157} INFO - Started process (PID=289200) to work on /home/gmassoqueto/repos/apache-airflow-101/.venv/lib/python3.11/site-packages/airflow/example_dags/tutorial_taskflow_api.py
[2023-11-14T08:06:21.586-0300] {processor.py:829} INFO - Processing file /home/gmassoqueto/repos/apache-airflow-101/.venv/lib/python3.11/site-packages/airflow/example_dags/tutorial_taskflow_api.py for tasks to queue
[2023-11-14T08:06:21.587-0300] {logging_mixin.py:154} INFO - [2023-11-14T08:06:21.586-0300] {dagbag.py:536} INFO - Filling up the DagBag from /home/gmassoqueto/repos/apache-airflow-101/.venv/lib/python3.11/site-packages/airflow/example_dags/tutorial_taskflow_api.py
[2023-11-14T08:06:21.592-0300] {processor.py:839} INFO - DAG(s) dict_keys(['tutorial_taskflow_api']) retrieved from /home/gmassoqueto/repos/apache-airflow-101/.venv/lib/python3.11/site-packages/airflow/example_dags/tutorial_taskflow_api.py
[2023-11-14T08:06:21.609-0300] {logging_mixin.py:154} INFO - [2023-11-14T08:06:21.609-0300] {dag.py:2941} INFO - Sync 1 DAGs
[2023-11-14T08:06:21.621-0300] {logging_mixin.py:154} INFO - [2023-11-14T08:06:21.621-0300] {dag.py:3722} INFO - Setting next_dagrun for tutorial_taskflow_api to None, run_after=None
[2023-11-14T08:06:21.649-0300] {processor.py:179} INFO - Processing /home/gmassoqueto/repos/apache-airflow-101/.venv/lib/python3.11/site-packages/airflow/example_dags/tutorial_taskflow_api.py took 0.069 seconds
[2023-11-14T08:07:10.295-0300] {processor.py:157} INFO - Started process (PID=289316) to work on /home/gmassoqueto/repos/apache-airflow-101/.venv/lib/python3.11/site-packages/airflow/example_dags/tutorial_taskflow_api.py
[2023-11-14T08:07:10.299-0300] {processor.py:829} INFO - Processing file /home/gmassoqueto/repos/apache-airflow-101/.venv/lib/python3.11/site-packages/airflow/example_dags/tutorial_taskflow_api.py for tasks to queue
[2023-11-14T08:07:10.299-0300] {logging_mixin.py:154} INFO - [2023-11-14T08:07:10.299-0300] {dagbag.py:536} INFO - Filling up the DagBag from /home/gmassoqueto/repos/apache-airflow-101/.venv/lib/python3.11/site-packages/airflow/example_dags/tutorial_taskflow_api.py
[2023-11-14T08:07:10.303-0300] {processor.py:839} INFO - DAG(s) dict_keys(['tutorial_taskflow_api']) retrieved from /home/gmassoqueto/repos/apache-airflow-101/.venv/lib/python3.11/site-packages/airflow/example_dags/tutorial_taskflow_api.py
[2023-11-14T08:07:10.313-0300] {logging_mixin.py:154} INFO - [2023-11-14T08:07:10.312-0300] {dag.py:2941} INFO - Sync 1 DAGs
[2023-11-14T08:07:10.320-0300] {logging_mixin.py:154} INFO - [2023-11-14T08:07:10.320-0300] {dag.py:3722} INFO - Setting next_dagrun for tutorial_taskflow_api to None, run_after=None
[2023-11-14T08:07:10.338-0300] {processor.py:179} INFO - Processing /home/gmassoqueto/repos/apache-airflow-101/.venv/lib/python3.11/site-packages/airflow/example_dags/tutorial_taskflow_api.py took 0.044 seconds
[2023-11-14T08:07:58.651-0300] {processor.py:157} INFO - Started process (PID=289571) to work on /home/gmassoqueto/repos/apache-airflow-101/.venv/lib/python3.11/site-packages/airflow/example_dags/tutorial_taskflow_api.py
[2023-11-14T08:07:58.655-0300] {processor.py:829} INFO - Processing file /home/gmassoqueto/repos/apache-airflow-101/.venv/lib/python3.11/site-packages/airflow/example_dags/tutorial_taskflow_api.py for tasks to queue
[2023-11-14T08:07:58.655-0300] {logging_mixin.py:154} INFO - [2023-11-14T08:07:58.655-0300] {dagbag.py:536} INFO - Filling up the DagBag from /home/gmassoqueto/repos/apache-airflow-101/.venv/lib/python3.11/site-packages/airflow/example_dags/tutorial_taskflow_api.py
[2023-11-14T08:07:58.659-0300] {processor.py:839} INFO - DAG(s) dict_keys(['tutorial_taskflow_api']) retrieved from /home/gmassoqueto/repos/apache-airflow-101/.venv/lib/python3.11/site-packages/airflow/example_dags/tutorial_taskflow_api.py
[2023-11-14T08:07:58.727-0300] {logging_mixin.py:154} INFO - [2023-11-14T08:07:58.726-0300] {manager.py:499} INFO - Created Permission View: %s
[2023-11-14T08:07:58.735-0300] {logging_mixin.py:154} INFO - [2023-11-14T08:07:58.735-0300] {manager.py:499} INFO - Created Permission View: %s
[2023-11-14T08:07:58.742-0300] {logging_mixin.py:154} INFO - [2023-11-14T08:07:58.741-0300] {manager.py:499} INFO - Created Permission View: %s
[2023-11-14T08:07:58.742-0300] {logging_mixin.py:154} INFO - [2023-11-14T08:07:58.742-0300] {dag.py:2941} INFO - Sync 1 DAGs
[2023-11-14T08:07:58.754-0300] {logging_mixin.py:154} INFO - [2023-11-14T08:07:58.754-0300] {dag.py:2963} INFO - Creating ORM DAG for tutorial_taskflow_api
[2023-11-14T08:07:58.755-0300] {logging_mixin.py:154} INFO - [2023-11-14T08:07:58.755-0300] {dag.py:3722} INFO - Setting next_dagrun for tutorial_taskflow_api to None, run_after=None
[2023-11-14T08:07:58.770-0300] {processor.py:179} INFO - Processing /home/gmassoqueto/repos/apache-airflow-101/.venv/lib/python3.11/site-packages/airflow/example_dags/tutorial_taskflow_api.py took 0.120 seconds
[2023-11-14T08:08:23.946-0300] {processor.py:157} INFO - Started process (PID=289729) to work on /home/gmassoqueto/repos/apache-airflow-101/.venv/lib/python3.11/site-packages/airflow/example_dags/tutorial_taskflow_api.py
[2023-11-14T08:08:23.947-0300] {processor.py:829} INFO - Processing file /home/gmassoqueto/repos/apache-airflow-101/.venv/lib/python3.11/site-packages/airflow/example_dags/tutorial_taskflow_api.py for tasks to queue
[2023-11-14T08:08:23.948-0300] {logging_mixin.py:154} INFO - [2023-11-14T08:08:23.947-0300] {dagbag.py:536} INFO - Filling up the DagBag from /home/gmassoqueto/repos/apache-airflow-101/.venv/lib/python3.11/site-packages/airflow/example_dags/tutorial_taskflow_api.py
[2023-11-14T08:08:23.957-0300] {processor.py:839} INFO - DAG(s) dict_keys(['tutorial_taskflow_api']) retrieved from /home/gmassoqueto/repos/apache-airflow-101/.venv/lib/python3.11/site-packages/airflow/example_dags/tutorial_taskflow_api.py
[2023-11-14T08:08:23.966-0300] {logging_mixin.py:154} INFO - [2023-11-14T08:08:23.965-0300] {dag.py:2941} INFO - Sync 1 DAGs
[2023-11-14T08:08:23.980-0300] {logging_mixin.py:154} INFO - [2023-11-14T08:08:23.980-0300] {dag.py:3722} INFO - Setting next_dagrun for tutorial_taskflow_api to None, run_after=None
[2023-11-14T08:08:23.996-0300] {processor.py:179} INFO - Processing /home/gmassoqueto/repos/apache-airflow-101/.venv/lib/python3.11/site-packages/airflow/example_dags/tutorial_taskflow_api.py took 0.054 seconds
[2023-11-14T08:10:05.264-0300] {processor.py:157} INFO - Started process (PID=290574) to work on /home/gmassoqueto/repos/apache-airflow-101/.venv/lib/python3.11/site-packages/airflow/example_dags/tutorial_taskflow_api.py
[2023-11-14T08:10:05.268-0300] {processor.py:829} INFO - Processing file /home/gmassoqueto/repos/apache-airflow-101/.venv/lib/python3.11/site-packages/airflow/example_dags/tutorial_taskflow_api.py for tasks to queue
[2023-11-14T08:10:05.269-0300] {logging_mixin.py:154} INFO - [2023-11-14T08:10:05.269-0300] {dagbag.py:536} INFO - Filling up the DagBag from /home/gmassoqueto/repos/apache-airflow-101/.venv/lib/python3.11/site-packages/airflow/example_dags/tutorial_taskflow_api.py
[2023-11-14T08:10:05.275-0300] {processor.py:839} INFO - DAG(s) dict_keys(['tutorial_taskflow_api']) retrieved from /home/gmassoqueto/repos/apache-airflow-101/.venv/lib/python3.11/site-packages/airflow/example_dags/tutorial_taskflow_api.py
[2023-11-14T08:10:05.282-0300] {logging_mixin.py:154} INFO - [2023-11-14T08:10:05.282-0300] {dag.py:2941} INFO - Sync 1 DAGs
[2023-11-14T08:10:05.296-0300] {logging_mixin.py:154} INFO - [2023-11-14T08:10:05.296-0300] {dag.py:3722} INFO - Setting next_dagrun for tutorial_taskflow_api to None, run_after=None
[2023-11-14T08:10:05.315-0300] {processor.py:179} INFO - Processing /home/gmassoqueto/repos/apache-airflow-101/.venv/lib/python3.11/site-packages/airflow/example_dags/tutorial_taskflow_api.py took 0.054 seconds
[2023-11-14T08:10:53.636-0300] {processor.py:157} INFO - Started process (PID=291105) to work on /home/gmassoqueto/repos/apache-airflow-101/.venv/lib/python3.11/site-packages/airflow/example_dags/tutorial_taskflow_api.py
[2023-11-14T08:10:53.639-0300] {processor.py:829} INFO - Processing file /home/gmassoqueto/repos/apache-airflow-101/.venv/lib/python3.11/site-packages/airflow/example_dags/tutorial_taskflow_api.py for tasks to queue
[2023-11-14T08:10:53.640-0300] {logging_mixin.py:154} INFO - [2023-11-14T08:10:53.640-0300] {dagbag.py:536} INFO - Filling up the DagBag from /home/gmassoqueto/repos/apache-airflow-101/.venv/lib/python3.11/site-packages/airflow/example_dags/tutorial_taskflow_api.py
[2023-11-14T08:10:53.645-0300] {processor.py:839} INFO - DAG(s) dict_keys(['tutorial_taskflow_api']) retrieved from /home/gmassoqueto/repos/apache-airflow-101/.venv/lib/python3.11/site-packages/airflow/example_dags/tutorial_taskflow_api.py
[2023-11-14T08:10:53.657-0300] {logging_mixin.py:154} INFO - [2023-11-14T08:10:53.657-0300] {dag.py:2941} INFO - Sync 1 DAGs
[2023-11-14T08:10:53.665-0300] {logging_mixin.py:154} INFO - [2023-11-14T08:10:53.665-0300] {dag.py:3722} INFO - Setting next_dagrun for tutorial_taskflow_api to None, run_after=None
[2023-11-14T08:10:53.683-0300] {processor.py:179} INFO - Processing /home/gmassoqueto/repos/apache-airflow-101/.venv/lib/python3.11/site-packages/airflow/example_dags/tutorial_taskflow_api.py took 0.049 seconds
[2023-11-14T08:11:40.187-0300] {processor.py:157} INFO - Started process (PID=291233) to work on /home/gmassoqueto/repos/apache-airflow-101/.venv/lib/python3.11/site-packages/airflow/example_dags/tutorial_taskflow_api.py
[2023-11-14T08:11:40.191-0300] {processor.py:829} INFO - Processing file /home/gmassoqueto/repos/apache-airflow-101/.venv/lib/python3.11/site-packages/airflow/example_dags/tutorial_taskflow_api.py for tasks to queue
[2023-11-14T08:11:40.192-0300] {logging_mixin.py:154} INFO - [2023-11-14T08:11:40.191-0300] {dagbag.py:536} INFO - Filling up the DagBag from /home/gmassoqueto/repos/apache-airflow-101/.venv/lib/python3.11/site-packages/airflow/example_dags/tutorial_taskflow_api.py
[2023-11-14T08:11:40.198-0300] {processor.py:839} INFO - DAG(s) dict_keys(['tutorial_taskflow_api']) retrieved from /home/gmassoqueto/repos/apache-airflow-101/.venv/lib/python3.11/site-packages/airflow/example_dags/tutorial_taskflow_api.py
[2023-11-14T08:11:40.211-0300] {logging_mixin.py:154} INFO - [2023-11-14T08:11:40.211-0300] {dag.py:2941} INFO - Sync 1 DAGs
[2023-11-14T08:11:40.220-0300] {logging_mixin.py:154} INFO - [2023-11-14T08:11:40.220-0300] {dag.py:3722} INFO - Setting next_dagrun for tutorial_taskflow_api to None, run_after=None
[2023-11-14T08:11:40.247-0300] {processor.py:179} INFO - Processing /home/gmassoqueto/repos/apache-airflow-101/.venv/lib/python3.11/site-packages/airflow/example_dags/tutorial_taskflow_api.py took 0.063 seconds
[2023-11-14T08:12:25.924-0300] {processor.py:157} INFO - Started process (PID=291456) to work on /home/gmassoqueto/repos/apache-airflow-101/.venv/lib/python3.11/site-packages/airflow/example_dags/tutorial_taskflow_api.py
[2023-11-14T08:12:25.929-0300] {processor.py:829} INFO - Processing file /home/gmassoqueto/repos/apache-airflow-101/.venv/lib/python3.11/site-packages/airflow/example_dags/tutorial_taskflow_api.py for tasks to queue
[2023-11-14T08:12:25.932-0300] {logging_mixin.py:154} INFO - [2023-11-14T08:12:25.931-0300] {dagbag.py:536} INFO - Filling up the DagBag from /home/gmassoqueto/repos/apache-airflow-101/.venv/lib/python3.11/site-packages/airflow/example_dags/tutorial_taskflow_api.py
[2023-11-14T08:12:25.946-0300] {processor.py:839} INFO - DAG(s) dict_keys(['tutorial_taskflow_api']) retrieved from /home/gmassoqueto/repos/apache-airflow-101/.venv/lib/python3.11/site-packages/airflow/example_dags/tutorial_taskflow_api.py
[2023-11-14T08:12:25.956-0300] {logging_mixin.py:154} INFO - [2023-11-14T08:12:25.956-0300] {dag.py:2941} INFO - Sync 1 DAGs
[2023-11-14T08:12:25.970-0300] {logging_mixin.py:154} INFO - [2023-11-14T08:12:25.970-0300] {dag.py:3722} INFO - Setting next_dagrun for tutorial_taskflow_api to None, run_after=None
[2023-11-14T08:12:25.993-0300] {processor.py:179} INFO - Processing /home/gmassoqueto/repos/apache-airflow-101/.venv/lib/python3.11/site-packages/airflow/example_dags/tutorial_taskflow_api.py took 0.077 seconds
[2023-11-14T08:13:12.457-0300] {processor.py:157} INFO - Started process (PID=291599) to work on /home/gmassoqueto/repos/apache-airflow-101/.venv/lib/python3.11/site-packages/airflow/example_dags/tutorial_taskflow_api.py
[2023-11-14T08:13:12.462-0300] {processor.py:829} INFO - Processing file /home/gmassoqueto/repos/apache-airflow-101/.venv/lib/python3.11/site-packages/airflow/example_dags/tutorial_taskflow_api.py for tasks to queue
[2023-11-14T08:13:12.463-0300] {logging_mixin.py:154} INFO - [2023-11-14T08:13:12.462-0300] {dagbag.py:536} INFO - Filling up the DagBag from /home/gmassoqueto/repos/apache-airflow-101/.venv/lib/python3.11/site-packages/airflow/example_dags/tutorial_taskflow_api.py
[2023-11-14T08:13:12.471-0300] {processor.py:839} INFO - DAG(s) dict_keys(['tutorial_taskflow_api']) retrieved from /home/gmassoqueto/repos/apache-airflow-101/.venv/lib/python3.11/site-packages/airflow/example_dags/tutorial_taskflow_api.py
[2023-11-14T08:13:12.492-0300] {logging_mixin.py:154} INFO - [2023-11-14T08:13:12.491-0300] {dag.py:2941} INFO - Sync 1 DAGs
[2023-11-14T08:13:12.502-0300] {logging_mixin.py:154} INFO - [2023-11-14T08:13:12.502-0300] {dag.py:3722} INFO - Setting next_dagrun for tutorial_taskflow_api to None, run_after=None
[2023-11-14T08:13:12.522-0300] {processor.py:179} INFO - Processing /home/gmassoqueto/repos/apache-airflow-101/.venv/lib/python3.11/site-packages/airflow/example_dags/tutorial_taskflow_api.py took 0.068 seconds
[2023-11-14T08:13:58.448-0300] {processor.py:157} INFO - Started process (PID=291687) to work on /home/gmassoqueto/repos/apache-airflow-101/.venv/lib/python3.11/site-packages/airflow/example_dags/tutorial_taskflow_api.py
[2023-11-14T08:13:58.452-0300] {processor.py:829} INFO - Processing file /home/gmassoqueto/repos/apache-airflow-101/.venv/lib/python3.11/site-packages/airflow/example_dags/tutorial_taskflow_api.py for tasks to queue
[2023-11-14T08:13:58.453-0300] {logging_mixin.py:154} INFO - [2023-11-14T08:13:58.452-0300] {dagbag.py:536} INFO - Filling up the DagBag from /home/gmassoqueto/repos/apache-airflow-101/.venv/lib/python3.11/site-packages/airflow/example_dags/tutorial_taskflow_api.py
[2023-11-14T08:13:58.459-0300] {processor.py:839} INFO - DAG(s) dict_keys(['tutorial_taskflow_api']) retrieved from /home/gmassoqueto/repos/apache-airflow-101/.venv/lib/python3.11/site-packages/airflow/example_dags/tutorial_taskflow_api.py
[2023-11-14T08:13:58.477-0300] {logging_mixin.py:154} INFO - [2023-11-14T08:13:58.477-0300] {dag.py:2941} INFO - Sync 1 DAGs
[2023-11-14T08:13:58.488-0300] {logging_mixin.py:154} INFO - [2023-11-14T08:13:58.488-0300] {dag.py:3722} INFO - Setting next_dagrun for tutorial_taskflow_api to None, run_after=None
[2023-11-14T08:13:58.507-0300] {processor.py:179} INFO - Processing /home/gmassoqueto/repos/apache-airflow-101/.venv/lib/python3.11/site-packages/airflow/example_dags/tutorial_taskflow_api.py took 0.062 seconds
[2023-11-14T08:14:45.747-0300] {processor.py:157} INFO - Started process (PID=291844) to work on /home/gmassoqueto/repos/apache-airflow-101/.venv/lib/python3.11/site-packages/airflow/example_dags/tutorial_taskflow_api.py
[2023-11-14T08:14:45.751-0300] {processor.py:829} INFO - Processing file /home/gmassoqueto/repos/apache-airflow-101/.venv/lib/python3.11/site-packages/airflow/example_dags/tutorial_taskflow_api.py for tasks to queue
[2023-11-14T08:14:45.753-0300] {logging_mixin.py:154} INFO - [2023-11-14T08:14:45.752-0300] {dagbag.py:536} INFO - Filling up the DagBag from /home/gmassoqueto/repos/apache-airflow-101/.venv/lib/python3.11/site-packages/airflow/example_dags/tutorial_taskflow_api.py
[2023-11-14T08:14:45.767-0300] {processor.py:839} INFO - DAG(s) dict_keys(['tutorial_taskflow_api']) retrieved from /home/gmassoqueto/repos/apache-airflow-101/.venv/lib/python3.11/site-packages/airflow/example_dags/tutorial_taskflow_api.py
[2023-11-14T08:14:45.788-0300] {logging_mixin.py:154} INFO - [2023-11-14T08:14:45.788-0300] {dag.py:2941} INFO - Sync 1 DAGs
[2023-11-14T08:14:45.798-0300] {logging_mixin.py:154} INFO - [2023-11-14T08:14:45.798-0300] {dag.py:3722} INFO - Setting next_dagrun for tutorial_taskflow_api to None, run_after=None
[2023-11-14T08:14:45.816-0300] {processor.py:179} INFO - Processing /home/gmassoqueto/repos/apache-airflow-101/.venv/lib/python3.11/site-packages/airflow/example_dags/tutorial_taskflow_api.py took 0.075 seconds
[2023-11-14T08:15:33.954-0300] {processor.py:157} INFO - Started process (PID=291926) to work on /home/gmassoqueto/repos/apache-airflow-101/.venv/lib/python3.11/site-packages/airflow/example_dags/tutorial_taskflow_api.py
[2023-11-14T08:15:33.958-0300] {processor.py:829} INFO - Processing file /home/gmassoqueto/repos/apache-airflow-101/.venv/lib/python3.11/site-packages/airflow/example_dags/tutorial_taskflow_api.py for tasks to queue
[2023-11-14T08:15:33.958-0300] {logging_mixin.py:154} INFO - [2023-11-14T08:15:33.958-0300] {dagbag.py:536} INFO - Filling up the DagBag from /home/gmassoqueto/repos/apache-airflow-101/.venv/lib/python3.11/site-packages/airflow/example_dags/tutorial_taskflow_api.py
[2023-11-14T08:15:33.964-0300] {processor.py:839} INFO - DAG(s) dict_keys(['tutorial_taskflow_api']) retrieved from /home/gmassoqueto/repos/apache-airflow-101/.venv/lib/python3.11/site-packages/airflow/example_dags/tutorial_taskflow_api.py
[2023-11-14T08:15:33.981-0300] {logging_mixin.py:154} INFO - [2023-11-14T08:15:33.981-0300] {dag.py:2941} INFO - Sync 1 DAGs
[2023-11-14T08:15:33.992-0300] {logging_mixin.py:154} INFO - [2023-11-14T08:15:33.992-0300] {dag.py:3722} INFO - Setting next_dagrun for tutorial_taskflow_api to None, run_after=None
[2023-11-14T08:15:34.010-0300] {processor.py:179} INFO - Processing /home/gmassoqueto/repos/apache-airflow-101/.venv/lib/python3.11/site-packages/airflow/example_dags/tutorial_taskflow_api.py took 0.059 seconds
[2023-11-14T08:16:21.337-0300] {processor.py:157} INFO - Started process (PID=292015) to work on /home/gmassoqueto/repos/apache-airflow-101/.venv/lib/python3.11/site-packages/airflow/example_dags/tutorial_taskflow_api.py
[2023-11-14T08:16:21.341-0300] {processor.py:829} INFO - Processing file /home/gmassoqueto/repos/apache-airflow-101/.venv/lib/python3.11/site-packages/airflow/example_dags/tutorial_taskflow_api.py for tasks to queue
[2023-11-14T08:16:21.342-0300] {logging_mixin.py:154} INFO - [2023-11-14T08:16:21.342-0300] {dagbag.py:536} INFO - Filling up the DagBag from /home/gmassoqueto/repos/apache-airflow-101/.venv/lib/python3.11/site-packages/airflow/example_dags/tutorial_taskflow_api.py
[2023-11-14T08:16:21.356-0300] {processor.py:839} INFO - DAG(s) dict_keys(['tutorial_taskflow_api']) retrieved from /home/gmassoqueto/repos/apache-airflow-101/.venv/lib/python3.11/site-packages/airflow/example_dags/tutorial_taskflow_api.py
[2023-11-14T08:16:21.381-0300] {logging_mixin.py:154} INFO - [2023-11-14T08:16:21.381-0300] {dag.py:2941} INFO - Sync 1 DAGs
[2023-11-14T08:16:21.392-0300] {logging_mixin.py:154} INFO - [2023-11-14T08:16:21.392-0300] {dag.py:3722} INFO - Setting next_dagrun for tutorial_taskflow_api to None, run_after=None
[2023-11-14T08:16:21.410-0300] {processor.py:179} INFO - Processing /home/gmassoqueto/repos/apache-airflow-101/.venv/lib/python3.11/site-packages/airflow/example_dags/tutorial_taskflow_api.py took 0.075 seconds
[2023-11-14T08:17:11.584-0300] {processor.py:157} INFO - Started process (PID=292102) to work on /home/gmassoqueto/repos/apache-airflow-101/.venv/lib/python3.11/site-packages/airflow/example_dags/tutorial_taskflow_api.py
[2023-11-14T08:17:11.587-0300] {processor.py:829} INFO - Processing file /home/gmassoqueto/repos/apache-airflow-101/.venv/lib/python3.11/site-packages/airflow/example_dags/tutorial_taskflow_api.py for tasks to queue
[2023-11-14T08:17:11.588-0300] {logging_mixin.py:154} INFO - [2023-11-14T08:17:11.588-0300] {dagbag.py:536} INFO - Filling up the DagBag from /home/gmassoqueto/repos/apache-airflow-101/.venv/lib/python3.11/site-packages/airflow/example_dags/tutorial_taskflow_api.py
[2023-11-14T08:17:11.593-0300] {processor.py:839} INFO - DAG(s) dict_keys(['tutorial_taskflow_api']) retrieved from /home/gmassoqueto/repos/apache-airflow-101/.venv/lib/python3.11/site-packages/airflow/example_dags/tutorial_taskflow_api.py
[2023-11-14T08:17:11.607-0300] {logging_mixin.py:154} INFO - [2023-11-14T08:17:11.607-0300] {dag.py:2941} INFO - Sync 1 DAGs
[2023-11-14T08:17:11.617-0300] {logging_mixin.py:154} INFO - [2023-11-14T08:17:11.617-0300] {dag.py:3722} INFO - Setting next_dagrun for tutorial_taskflow_api to None, run_after=None
[2023-11-14T08:17:11.641-0300] {processor.py:179} INFO - Processing /home/gmassoqueto/repos/apache-airflow-101/.venv/lib/python3.11/site-packages/airflow/example_dags/tutorial_taskflow_api.py took 0.060 seconds
[2023-11-14T08:18:00.783-0300] {processor.py:157} INFO - Started process (PID=292209) to work on /home/gmassoqueto/repos/apache-airflow-101/.venv/lib/python3.11/site-packages/airflow/example_dags/tutorial_taskflow_api.py
[2023-11-14T08:18:00.786-0300] {processor.py:829} INFO - Processing file /home/gmassoqueto/repos/apache-airflow-101/.venv/lib/python3.11/site-packages/airflow/example_dags/tutorial_taskflow_api.py for tasks to queue
[2023-11-14T08:18:00.787-0300] {logging_mixin.py:154} INFO - [2023-11-14T08:18:00.787-0300] {dagbag.py:536} INFO - Filling up the DagBag from /home/gmassoqueto/repos/apache-airflow-101/.venv/lib/python3.11/site-packages/airflow/example_dags/tutorial_taskflow_api.py
[2023-11-14T08:18:00.793-0300] {processor.py:839} INFO - DAG(s) dict_keys(['tutorial_taskflow_api']) retrieved from /home/gmassoqueto/repos/apache-airflow-101/.venv/lib/python3.11/site-packages/airflow/example_dags/tutorial_taskflow_api.py
[2023-11-14T08:18:00.807-0300] {logging_mixin.py:154} INFO - [2023-11-14T08:18:00.807-0300] {dag.py:2941} INFO - Sync 1 DAGs
[2023-11-14T08:18:00.817-0300] {logging_mixin.py:154} INFO - [2023-11-14T08:18:00.817-0300] {dag.py:3722} INFO - Setting next_dagrun for tutorial_taskflow_api to None, run_after=None
[2023-11-14T08:18:00.835-0300] {processor.py:179} INFO - Processing /home/gmassoqueto/repos/apache-airflow-101/.venv/lib/python3.11/site-packages/airflow/example_dags/tutorial_taskflow_api.py took 0.055 seconds
