[2023-11-14T07:03:16.220-0300] {processor.py:157} INFO - Started process (PID=284658) to work on /home/gmassoqueto/repos/apache-airflow-101/.venv/lib/python3.11/site-packages/airflow/example_dags/tutorial_taskflow_api_virtualenv.py
[2023-11-14T07:03:16.220-0300] {processor.py:829} INFO - Processing file /home/gmassoqueto/repos/apache-airflow-101/.venv/lib/python3.11/site-packages/airflow/example_dags/tutorial_taskflow_api_virtualenv.py for tasks to queue
[2023-11-14T07:03:16.221-0300] {logging_mixin.py:154} INFO - [2023-11-14T07:03:16.220-0300] {dagbag.py:536} INFO - Filling up the DagBag from /home/gmassoqueto/repos/apache-airflow-101/.venv/lib/python3.11/site-packages/airflow/example_dags/tutorial_taskflow_api_virtualenv.py
[2023-11-14T07:03:16.228-0300] {processor.py:839} INFO - DAG(s) dict_keys(['tutorial_taskflow_api_virtualenv']) retrieved from /home/gmassoqueto/repos/apache-airflow-101/.venv/lib/python3.11/site-packages/airflow/example_dags/tutorial_taskflow_api_virtualenv.py
[2023-11-14T07:03:16.232-0300] {logging_mixin.py:154} INFO - [2023-11-14T07:03:16.232-0300] {dag.py:2941} INFO - Sync 1 DAGs
[2023-11-14T07:03:16.240-0300] {logging_mixin.py:154} INFO - [2023-11-14T07:03:16.240-0300] {dag.py:3722} INFO - Setting next_dagrun for tutorial_taskflow_api_virtualenv to None, run_after=None
[2023-11-14T07:03:16.260-0300] {processor.py:179} INFO - Processing /home/gmassoqueto/repos/apache-airflow-101/.venv/lib/python3.11/site-packages/airflow/example_dags/tutorial_taskflow_api_virtualenv.py took 0.042 seconds
[2023-11-14T07:04:00.720-0300] {processor.py:157} INFO - Started process (PID=284823) to work on /home/gmassoqueto/repos/apache-airflow-101/.venv/lib/python3.11/site-packages/airflow/example_dags/tutorial_taskflow_api_virtualenv.py
[2023-11-14T07:04:00.725-0300] {processor.py:829} INFO - Processing file /home/gmassoqueto/repos/apache-airflow-101/.venv/lib/python3.11/site-packages/airflow/example_dags/tutorial_taskflow_api_virtualenv.py for tasks to queue
[2023-11-14T07:04:00.726-0300] {logging_mixin.py:154} INFO - [2023-11-14T07:04:00.725-0300] {dagbag.py:536} INFO - Filling up the DagBag from /home/gmassoqueto/repos/apache-airflow-101/.venv/lib/python3.11/site-packages/airflow/example_dags/tutorial_taskflow_api_virtualenv.py
[2023-11-14T07:04:00.736-0300] {processor.py:839} INFO - DAG(s) dict_keys(['tutorial_taskflow_api_virtualenv']) retrieved from /home/gmassoqueto/repos/apache-airflow-101/.venv/lib/python3.11/site-packages/airflow/example_dags/tutorial_taskflow_api_virtualenv.py
[2023-11-14T07:04:00.751-0300] {logging_mixin.py:154} INFO - [2023-11-14T07:04:00.751-0300] {dag.py:2941} INFO - Sync 1 DAGs
[2023-11-14T07:04:00.761-0300] {logging_mixin.py:154} INFO - [2023-11-14T07:04:00.761-0300] {dag.py:3722} INFO - Setting next_dagrun for tutorial_taskflow_api_virtualenv to None, run_after=None
[2023-11-14T07:04:00.781-0300] {processor.py:179} INFO - Processing /home/gmassoqueto/repos/apache-airflow-101/.venv/lib/python3.11/site-packages/airflow/example_dags/tutorial_taskflow_api_virtualenv.py took 0.066 seconds
[2023-11-14T07:55:32.720-0300] {processor.py:157} INFO - Started process (PID=286677) to work on /home/gmassoqueto/repos/apache-airflow-101/.venv/lib/python3.11/site-packages/airflow/example_dags/tutorial_taskflow_api_virtualenv.py
[2023-11-14T07:55:32.722-0300] {processor.py:829} INFO - Processing file /home/gmassoqueto/repos/apache-airflow-101/.venv/lib/python3.11/site-packages/airflow/example_dags/tutorial_taskflow_api_virtualenv.py for tasks to queue
[2023-11-14T07:55:32.723-0300] {logging_mixin.py:154} INFO - [2023-11-14T07:55:32.722-0300] {dagbag.py:536} INFO - Filling up the DagBag from /home/gmassoqueto/repos/apache-airflow-101/.venv/lib/python3.11/site-packages/airflow/example_dags/tutorial_taskflow_api_virtualenv.py
[2023-11-14T07:55:32.732-0300] {processor.py:839} INFO - DAG(s) dict_keys(['tutorial_taskflow_api_virtualenv']) retrieved from /home/gmassoqueto/repos/apache-airflow-101/.venv/lib/python3.11/site-packages/airflow/example_dags/tutorial_taskflow_api_virtualenv.py
[2023-11-14T07:55:32.739-0300] {logging_mixin.py:154} INFO - [2023-11-14T07:55:32.739-0300] {dag.py:2941} INFO - Sync 1 DAGs
[2023-11-14T07:55:32.758-0300] {logging_mixin.py:154} INFO - [2023-11-14T07:55:32.757-0300] {dag.py:3722} INFO - Setting next_dagrun for tutorial_taskflow_api_virtualenv to None, run_after=None
[2023-11-14T07:55:32.791-0300] {processor.py:179} INFO - Processing /home/gmassoqueto/repos/apache-airflow-101/.venv/lib/python3.11/site-packages/airflow/example_dags/tutorial_taskflow_api_virtualenv.py took 0.074 seconds
[2023-11-14T07:57:11.300-0300] {processor.py:157} INFO - Started process (PID=287135) to work on /home/gmassoqueto/repos/apache-airflow-101/.venv/lib/python3.11/site-packages/airflow/example_dags/tutorial_taskflow_api_virtualenv.py
[2023-11-14T07:57:11.303-0300] {processor.py:829} INFO - Processing file /home/gmassoqueto/repos/apache-airflow-101/.venv/lib/python3.11/site-packages/airflow/example_dags/tutorial_taskflow_api_virtualenv.py for tasks to queue
[2023-11-14T07:57:11.305-0300] {logging_mixin.py:154} INFO - [2023-11-14T07:57:11.304-0300] {dagbag.py:536} INFO - Filling up the DagBag from /home/gmassoqueto/repos/apache-airflow-101/.venv/lib/python3.11/site-packages/airflow/example_dags/tutorial_taskflow_api_virtualenv.py
[2023-11-14T07:57:11.314-0300] {processor.py:839} INFO - DAG(s) dict_keys(['tutorial_taskflow_api_virtualenv']) retrieved from /home/gmassoqueto/repos/apache-airflow-101/.venv/lib/python3.11/site-packages/airflow/example_dags/tutorial_taskflow_api_virtualenv.py
[2023-11-14T07:57:11.320-0300] {logging_mixin.py:154} INFO - [2023-11-14T07:57:11.320-0300] {dag.py:2941} INFO - Sync 1 DAGs
[2023-11-14T07:57:11.330-0300] {logging_mixin.py:154} INFO - [2023-11-14T07:57:11.329-0300] {dag.py:3722} INFO - Setting next_dagrun for tutorial_taskflow_api_virtualenv to None, run_after=None
[2023-11-14T07:57:11.347-0300] {processor.py:179} INFO - Processing /home/gmassoqueto/repos/apache-airflow-101/.venv/lib/python3.11/site-packages/airflow/example_dags/tutorial_taskflow_api_virtualenv.py took 0.050 seconds
[2023-11-14T07:57:56.390-0300] {processor.py:157} INFO - Started process (PID=287324) to work on /home/gmassoqueto/repos/apache-airflow-101/.venv/lib/python3.11/site-packages/airflow/example_dags/tutorial_taskflow_api_virtualenv.py
[2023-11-14T07:57:56.395-0300] {processor.py:829} INFO - Processing file /home/gmassoqueto/repos/apache-airflow-101/.venv/lib/python3.11/site-packages/airflow/example_dags/tutorial_taskflow_api_virtualenv.py for tasks to queue
[2023-11-14T07:57:56.397-0300] {logging_mixin.py:154} INFO - [2023-11-14T07:57:56.396-0300] {dagbag.py:536} INFO - Filling up the DagBag from /home/gmassoqueto/repos/apache-airflow-101/.venv/lib/python3.11/site-packages/airflow/example_dags/tutorial_taskflow_api_virtualenv.py
[2023-11-14T07:57:56.421-0300] {processor.py:839} INFO - DAG(s) dict_keys(['tutorial_taskflow_api_virtualenv']) retrieved from /home/gmassoqueto/repos/apache-airflow-101/.venv/lib/python3.11/site-packages/airflow/example_dags/tutorial_taskflow_api_virtualenv.py
[2023-11-14T07:57:56.445-0300] {logging_mixin.py:154} INFO - [2023-11-14T07:57:56.445-0300] {dag.py:2941} INFO - Sync 1 DAGs
[2023-11-14T07:57:56.458-0300] {logging_mixin.py:154} INFO - [2023-11-14T07:57:56.458-0300] {dag.py:3722} INFO - Setting next_dagrun for tutorial_taskflow_api_virtualenv to None, run_after=None
[2023-11-14T07:57:56.481-0300] {processor.py:179} INFO - Processing /home/gmassoqueto/repos/apache-airflow-101/.venv/lib/python3.11/site-packages/airflow/example_dags/tutorial_taskflow_api_virtualenv.py took 0.094 seconds
[2023-11-14T07:58:29.475-0300] {processor.py:157} INFO - Started process (PID=287448) to work on /home/gmassoqueto/repos/apache-airflow-101/.venv/lib/python3.11/site-packages/airflow/example_dags/tutorial_taskflow_api_virtualenv.py
[2023-11-14T07:58:29.480-0300] {processor.py:829} INFO - Processing file /home/gmassoqueto/repos/apache-airflow-101/.venv/lib/python3.11/site-packages/airflow/example_dags/tutorial_taskflow_api_virtualenv.py for tasks to queue
[2023-11-14T07:58:29.482-0300] {logging_mixin.py:154} INFO - [2023-11-14T07:58:29.481-0300] {dagbag.py:536} INFO - Filling up the DagBag from /home/gmassoqueto/repos/apache-airflow-101/.venv/lib/python3.11/site-packages/airflow/example_dags/tutorial_taskflow_api_virtualenv.py
[2023-11-14T07:58:29.498-0300] {processor.py:839} INFO - DAG(s) dict_keys(['tutorial_taskflow_api_virtualenv']) retrieved from /home/gmassoqueto/repos/apache-airflow-101/.venv/lib/python3.11/site-packages/airflow/example_dags/tutorial_taskflow_api_virtualenv.py
[2023-11-14T07:58:29.515-0300] {logging_mixin.py:154} INFO - [2023-11-14T07:58:29.515-0300] {dag.py:2941} INFO - Sync 1 DAGs
[2023-11-14T07:58:29.525-0300] {logging_mixin.py:154} INFO - [2023-11-14T07:58:29.524-0300] {dag.py:3722} INFO - Setting next_dagrun for tutorial_taskflow_api_virtualenv to None, run_after=None
[2023-11-14T07:58:29.543-0300] {processor.py:179} INFO - Processing /home/gmassoqueto/repos/apache-airflow-101/.venv/lib/python3.11/site-packages/airflow/example_dags/tutorial_taskflow_api_virtualenv.py took 0.075 seconds
[2023-11-14T07:59:15.145-0300] {processor.py:157} INFO - Started process (PID=287583) to work on /home/gmassoqueto/repos/apache-airflow-101/.venv/lib/python3.11/site-packages/airflow/example_dags/tutorial_taskflow_api_virtualenv.py
[2023-11-14T07:59:15.148-0300] {processor.py:829} INFO - Processing file /home/gmassoqueto/repos/apache-airflow-101/.venv/lib/python3.11/site-packages/airflow/example_dags/tutorial_taskflow_api_virtualenv.py for tasks to queue
[2023-11-14T07:59:15.149-0300] {logging_mixin.py:154} INFO - [2023-11-14T07:59:15.149-0300] {dagbag.py:536} INFO - Filling up the DagBag from /home/gmassoqueto/repos/apache-airflow-101/.venv/lib/python3.11/site-packages/airflow/example_dags/tutorial_taskflow_api_virtualenv.py
[2023-11-14T07:59:15.157-0300] {processor.py:839} INFO - DAG(s) dict_keys(['tutorial_taskflow_api_virtualenv']) retrieved from /home/gmassoqueto/repos/apache-airflow-101/.venv/lib/python3.11/site-packages/airflow/example_dags/tutorial_taskflow_api_virtualenv.py
[2023-11-14T07:59:15.174-0300] {logging_mixin.py:154} INFO - [2023-11-14T07:59:15.174-0300] {dag.py:2941} INFO - Sync 1 DAGs
[2023-11-14T07:59:15.184-0300] {logging_mixin.py:154} INFO - [2023-11-14T07:59:15.184-0300] {dag.py:3722} INFO - Setting next_dagrun for tutorial_taskflow_api_virtualenv to None, run_after=None
[2023-11-14T07:59:15.202-0300] {processor.py:179} INFO - Processing /home/gmassoqueto/repos/apache-airflow-101/.venv/lib/python3.11/site-packages/airflow/example_dags/tutorial_taskflow_api_virtualenv.py took 0.060 seconds
[2023-11-14T07:59:51.131-0300] {processor.py:157} INFO - Started process (PID=287660) to work on /home/gmassoqueto/repos/apache-airflow-101/.venv/lib/python3.11/site-packages/airflow/example_dags/tutorial_taskflow_api_virtualenv.py
[2023-11-14T07:59:51.137-0300] {processor.py:829} INFO - Processing file /home/gmassoqueto/repos/apache-airflow-101/.venv/lib/python3.11/site-packages/airflow/example_dags/tutorial_taskflow_api_virtualenv.py for tasks to queue
[2023-11-14T07:59:51.139-0300] {logging_mixin.py:154} INFO - [2023-11-14T07:59:51.138-0300] {dagbag.py:536} INFO - Filling up the DagBag from /home/gmassoqueto/repos/apache-airflow-101/.venv/lib/python3.11/site-packages/airflow/example_dags/tutorial_taskflow_api_virtualenv.py
[2023-11-14T07:59:51.154-0300] {processor.py:839} INFO - DAG(s) dict_keys(['tutorial_taskflow_api_virtualenv']) retrieved from /home/gmassoqueto/repos/apache-airflow-101/.venv/lib/python3.11/site-packages/airflow/example_dags/tutorial_taskflow_api_virtualenv.py
[2023-11-14T07:59:51.172-0300] {logging_mixin.py:154} INFO - [2023-11-14T07:59:51.172-0300] {dag.py:2941} INFO - Sync 1 DAGs
[2023-11-14T07:59:51.181-0300] {logging_mixin.py:154} INFO - [2023-11-14T07:59:51.181-0300] {dag.py:3722} INFO - Setting next_dagrun for tutorial_taskflow_api_virtualenv to None, run_after=None
[2023-11-14T07:59:51.201-0300] {processor.py:179} INFO - Processing /home/gmassoqueto/repos/apache-airflow-101/.venv/lib/python3.11/site-packages/airflow/example_dags/tutorial_taskflow_api_virtualenv.py took 0.079 seconds
[2023-11-14T08:00:27.468-0300] {processor.py:157} INFO - Started process (PID=287751) to work on /home/gmassoqueto/repos/apache-airflow-101/.venv/lib/python3.11/site-packages/airflow/example_dags/tutorial_taskflow_api_virtualenv.py
[2023-11-14T08:00:27.468-0300] {processor.py:829} INFO - Processing file /home/gmassoqueto/repos/apache-airflow-101/.venv/lib/python3.11/site-packages/airflow/example_dags/tutorial_taskflow_api_virtualenv.py for tasks to queue
[2023-11-14T08:00:27.469-0300] {logging_mixin.py:154} INFO - [2023-11-14T08:00:27.469-0300] {dagbag.py:536} INFO - Filling up the DagBag from /home/gmassoqueto/repos/apache-airflow-101/.venv/lib/python3.11/site-packages/airflow/example_dags/tutorial_taskflow_api_virtualenv.py
[2023-11-14T08:00:27.474-0300] {processor.py:839} INFO - DAG(s) dict_keys(['tutorial_taskflow_api_virtualenv']) retrieved from /home/gmassoqueto/repos/apache-airflow-101/.venv/lib/python3.11/site-packages/airflow/example_dags/tutorial_taskflow_api_virtualenv.py
[2023-11-14T08:00:27.487-0300] {logging_mixin.py:154} INFO - [2023-11-14T08:00:27.487-0300] {dag.py:2941} INFO - Sync 1 DAGs
[2023-11-14T08:00:27.495-0300] {logging_mixin.py:154} INFO - [2023-11-14T08:00:27.495-0300] {dag.py:3722} INFO - Setting next_dagrun for tutorial_taskflow_api_virtualenv to None, run_after=None
[2023-11-14T08:00:27.512-0300] {processor.py:179} INFO - Processing /home/gmassoqueto/repos/apache-airflow-101/.venv/lib/python3.11/site-packages/airflow/example_dags/tutorial_taskflow_api_virtualenv.py took 0.047 seconds
[2023-11-14T08:01:01.350-0300] {processor.py:157} INFO - Started process (PID=287882) to work on /home/gmassoqueto/repos/apache-airflow-101/.venv/lib/python3.11/site-packages/airflow/example_dags/tutorial_taskflow_api_virtualenv.py
[2023-11-14T08:01:01.354-0300] {processor.py:829} INFO - Processing file /home/gmassoqueto/repos/apache-airflow-101/.venv/lib/python3.11/site-packages/airflow/example_dags/tutorial_taskflow_api_virtualenv.py for tasks to queue
[2023-11-14T08:01:01.356-0300] {logging_mixin.py:154} INFO - [2023-11-14T08:01:01.355-0300] {dagbag.py:536} INFO - Filling up the DagBag from /home/gmassoqueto/repos/apache-airflow-101/.venv/lib/python3.11/site-packages/airflow/example_dags/tutorial_taskflow_api_virtualenv.py
[2023-11-14T08:01:01.374-0300] {processor.py:839} INFO - DAG(s) dict_keys(['tutorial_taskflow_api_virtualenv']) retrieved from /home/gmassoqueto/repos/apache-airflow-101/.venv/lib/python3.11/site-packages/airflow/example_dags/tutorial_taskflow_api_virtualenv.py
[2023-11-14T08:01:01.396-0300] {logging_mixin.py:154} INFO - [2023-11-14T08:01:01.395-0300] {dag.py:2941} INFO - Sync 1 DAGs
[2023-11-14T08:01:01.406-0300] {logging_mixin.py:154} INFO - [2023-11-14T08:01:01.405-0300] {dag.py:3722} INFO - Setting next_dagrun for tutorial_taskflow_api_virtualenv to None, run_after=None
[2023-11-14T08:01:01.434-0300] {processor.py:179} INFO - Processing /home/gmassoqueto/repos/apache-airflow-101/.venv/lib/python3.11/site-packages/airflow/example_dags/tutorial_taskflow_api_virtualenv.py took 0.086 seconds
[2023-11-14T08:01:47.213-0300] {processor.py:157} INFO - Started process (PID=288062) to work on /home/gmassoqueto/repos/apache-airflow-101/.venv/lib/python3.11/site-packages/airflow/example_dags/tutorial_taskflow_api_virtualenv.py
[2023-11-14T08:01:47.216-0300] {processor.py:829} INFO - Processing file /home/gmassoqueto/repos/apache-airflow-101/.venv/lib/python3.11/site-packages/airflow/example_dags/tutorial_taskflow_api_virtualenv.py for tasks to queue
[2023-11-14T08:01:47.217-0300] {logging_mixin.py:154} INFO - [2023-11-14T08:01:47.217-0300] {dagbag.py:536} INFO - Filling up the DagBag from /home/gmassoqueto/repos/apache-airflow-101/.venv/lib/python3.11/site-packages/airflow/example_dags/tutorial_taskflow_api_virtualenv.py
[2023-11-14T08:01:47.223-0300] {processor.py:839} INFO - DAG(s) dict_keys(['tutorial_taskflow_api_virtualenv']) retrieved from /home/gmassoqueto/repos/apache-airflow-101/.venv/lib/python3.11/site-packages/airflow/example_dags/tutorial_taskflow_api_virtualenv.py
[2023-11-14T08:01:47.240-0300] {logging_mixin.py:154} INFO - [2023-11-14T08:01:47.240-0300] {dag.py:2941} INFO - Sync 1 DAGs
[2023-11-14T08:01:47.252-0300] {logging_mixin.py:154} INFO - [2023-11-14T08:01:47.252-0300] {dag.py:3722} INFO - Setting next_dagrun for tutorial_taskflow_api_virtualenv to None, run_after=None
[2023-11-14T08:01:47.275-0300] {processor.py:179} INFO - Processing /home/gmassoqueto/repos/apache-airflow-101/.venv/lib/python3.11/site-packages/airflow/example_dags/tutorial_taskflow_api_virtualenv.py took 0.065 seconds
[2023-11-14T08:02:19.977-0300] {processor.py:157} INFO - Started process (PID=288156) to work on /home/gmassoqueto/repos/apache-airflow-101/.venv/lib/python3.11/site-packages/airflow/example_dags/tutorial_taskflow_api_virtualenv.py
[2023-11-14T08:02:19.981-0300] {processor.py:829} INFO - Processing file /home/gmassoqueto/repos/apache-airflow-101/.venv/lib/python3.11/site-packages/airflow/example_dags/tutorial_taskflow_api_virtualenv.py for tasks to queue
[2023-11-14T08:02:19.983-0300] {logging_mixin.py:154} INFO - [2023-11-14T08:02:19.982-0300] {dagbag.py:536} INFO - Filling up the DagBag from /home/gmassoqueto/repos/apache-airflow-101/.venv/lib/python3.11/site-packages/airflow/example_dags/tutorial_taskflow_api_virtualenv.py
[2023-11-14T08:02:20.000-0300] {processor.py:839} INFO - DAG(s) dict_keys(['tutorial_taskflow_api_virtualenv']) retrieved from /home/gmassoqueto/repos/apache-airflow-101/.venv/lib/python3.11/site-packages/airflow/example_dags/tutorial_taskflow_api_virtualenv.py
[2023-11-14T08:02:20.020-0300] {logging_mixin.py:154} INFO - [2023-11-14T08:02:20.020-0300] {dag.py:2941} INFO - Sync 1 DAGs
[2023-11-14T08:02:20.030-0300] {logging_mixin.py:154} INFO - [2023-11-14T08:02:20.030-0300] {dag.py:3722} INFO - Setting next_dagrun for tutorial_taskflow_api_virtualenv to None, run_after=None
[2023-11-14T08:02:20.050-0300] {processor.py:179} INFO - Processing /home/gmassoqueto/repos/apache-airflow-101/.venv/lib/python3.11/site-packages/airflow/example_dags/tutorial_taskflow_api_virtualenv.py took 0.076 seconds
[2023-11-14T08:02:52.204-0300] {processor.py:157} INFO - Started process (PID=288290) to work on /home/gmassoqueto/repos/apache-airflow-101/.venv/lib/python3.11/site-packages/airflow/example_dags/tutorial_taskflow_api_virtualenv.py
[2023-11-14T08:02:52.209-0300] {processor.py:829} INFO - Processing file /home/gmassoqueto/repos/apache-airflow-101/.venv/lib/python3.11/site-packages/airflow/example_dags/tutorial_taskflow_api_virtualenv.py for tasks to queue
[2023-11-14T08:02:52.211-0300] {logging_mixin.py:154} INFO - [2023-11-14T08:02:52.210-0300] {dagbag.py:536} INFO - Filling up the DagBag from /home/gmassoqueto/repos/apache-airflow-101/.venv/lib/python3.11/site-packages/airflow/example_dags/tutorial_taskflow_api_virtualenv.py
[2023-11-14T08:02:52.229-0300] {processor.py:839} INFO - DAG(s) dict_keys(['tutorial_taskflow_api_virtualenv']) retrieved from /home/gmassoqueto/repos/apache-airflow-101/.venv/lib/python3.11/site-packages/airflow/example_dags/tutorial_taskflow_api_virtualenv.py
[2023-11-14T08:02:52.246-0300] {logging_mixin.py:154} INFO - [2023-11-14T08:02:52.246-0300] {dag.py:2941} INFO - Sync 1 DAGs
[2023-11-14T08:02:52.256-0300] {logging_mixin.py:154} INFO - [2023-11-14T08:02:52.256-0300] {dag.py:3722} INFO - Setting next_dagrun for tutorial_taskflow_api_virtualenv to None, run_after=None
[2023-11-14T08:02:52.274-0300] {processor.py:179} INFO - Processing /home/gmassoqueto/repos/apache-airflow-101/.venv/lib/python3.11/site-packages/airflow/example_dags/tutorial_taskflow_api_virtualenv.py took 0.077 seconds
[2023-11-14T08:03:24.382-0300] {processor.py:157} INFO - Started process (PID=288391) to work on /home/gmassoqueto/repos/apache-airflow-101/.venv/lib/python3.11/site-packages/airflow/example_dags/tutorial_taskflow_api_virtualenv.py
[2023-11-14T08:03:24.386-0300] {processor.py:829} INFO - Processing file /home/gmassoqueto/repos/apache-airflow-101/.venv/lib/python3.11/site-packages/airflow/example_dags/tutorial_taskflow_api_virtualenv.py for tasks to queue
[2023-11-14T08:03:24.386-0300] {logging_mixin.py:154} INFO - [2023-11-14T08:03:24.386-0300] {dagbag.py:536} INFO - Filling up the DagBag from /home/gmassoqueto/repos/apache-airflow-101/.venv/lib/python3.11/site-packages/airflow/example_dags/tutorial_taskflow_api_virtualenv.py
[2023-11-14T08:03:24.392-0300] {processor.py:839} INFO - DAG(s) dict_keys(['tutorial_taskflow_api_virtualenv']) retrieved from /home/gmassoqueto/repos/apache-airflow-101/.venv/lib/python3.11/site-packages/airflow/example_dags/tutorial_taskflow_api_virtualenv.py
[2023-11-14T08:03:24.406-0300] {logging_mixin.py:154} INFO - [2023-11-14T08:03:24.406-0300] {dag.py:2941} INFO - Sync 1 DAGs
[2023-11-14T08:03:24.415-0300] {logging_mixin.py:154} INFO - [2023-11-14T08:03:24.415-0300] {dag.py:3722} INFO - Setting next_dagrun for tutorial_taskflow_api_virtualenv to None, run_after=None
[2023-11-14T08:03:24.433-0300] {processor.py:179} INFO - Processing /home/gmassoqueto/repos/apache-airflow-101/.venv/lib/python3.11/site-packages/airflow/example_dags/tutorial_taskflow_api_virtualenv.py took 0.054 seconds
[2023-11-14T08:03:56.968-0300] {processor.py:157} INFO - Started process (PID=288767) to work on /home/gmassoqueto/repos/apache-airflow-101/.venv/lib/python3.11/site-packages/airflow/example_dags/tutorial_taskflow_api_virtualenv.py
[2023-11-14T08:03:56.971-0300] {processor.py:829} INFO - Processing file /home/gmassoqueto/repos/apache-airflow-101/.venv/lib/python3.11/site-packages/airflow/example_dags/tutorial_taskflow_api_virtualenv.py for tasks to queue
[2023-11-14T08:03:56.972-0300] {logging_mixin.py:154} INFO - [2023-11-14T08:03:56.972-0300] {dagbag.py:536} INFO - Filling up the DagBag from /home/gmassoqueto/repos/apache-airflow-101/.venv/lib/python3.11/site-packages/airflow/example_dags/tutorial_taskflow_api_virtualenv.py
[2023-11-14T08:03:56.980-0300] {processor.py:839} INFO - DAG(s) dict_keys(['tutorial_taskflow_api_virtualenv']) retrieved from /home/gmassoqueto/repos/apache-airflow-101/.venv/lib/python3.11/site-packages/airflow/example_dags/tutorial_taskflow_api_virtualenv.py
[2023-11-14T08:03:56.998-0300] {logging_mixin.py:154} INFO - [2023-11-14T08:03:56.997-0300] {dag.py:2941} INFO - Sync 1 DAGs
[2023-11-14T08:03:57.008-0300] {logging_mixin.py:154} INFO - [2023-11-14T08:03:57.008-0300] {dag.py:3722} INFO - Setting next_dagrun for tutorial_taskflow_api_virtualenv to None, run_after=None
[2023-11-14T08:03:57.026-0300] {processor.py:179} INFO - Processing /home/gmassoqueto/repos/apache-airflow-101/.venv/lib/python3.11/site-packages/airflow/example_dags/tutorial_taskflow_api_virtualenv.py took 0.061 seconds
[2023-11-14T08:04:29.973-0300] {processor.py:157} INFO - Started process (PID=288894) to work on /home/gmassoqueto/repos/apache-airflow-101/.venv/lib/python3.11/site-packages/airflow/example_dags/tutorial_taskflow_api_virtualenv.py
[2023-11-14T08:04:29.977-0300] {processor.py:829} INFO - Processing file /home/gmassoqueto/repos/apache-airflow-101/.venv/lib/python3.11/site-packages/airflow/example_dags/tutorial_taskflow_api_virtualenv.py for tasks to queue
[2023-11-14T08:04:29.978-0300] {logging_mixin.py:154} INFO - [2023-11-14T08:04:29.977-0300] {dagbag.py:536} INFO - Filling up the DagBag from /home/gmassoqueto/repos/apache-airflow-101/.venv/lib/python3.11/site-packages/airflow/example_dags/tutorial_taskflow_api_virtualenv.py
[2023-11-14T08:04:29.986-0300] {processor.py:839} INFO - DAG(s) dict_keys(['tutorial_taskflow_api_virtualenv']) retrieved from /home/gmassoqueto/repos/apache-airflow-101/.venv/lib/python3.11/site-packages/airflow/example_dags/tutorial_taskflow_api_virtualenv.py
[2023-11-14T08:04:30.006-0300] {logging_mixin.py:154} INFO - [2023-11-14T08:04:30.006-0300] {dag.py:2941} INFO - Sync 1 DAGs
[2023-11-14T08:04:30.018-0300] {logging_mixin.py:154} INFO - [2023-11-14T08:04:30.018-0300] {dag.py:3722} INFO - Setting next_dagrun for tutorial_taskflow_api_virtualenv to None, run_after=None
[2023-11-14T08:04:30.036-0300] {processor.py:179} INFO - Processing /home/gmassoqueto/repos/apache-airflow-101/.venv/lib/python3.11/site-packages/airflow/example_dags/tutorial_taskflow_api_virtualenv.py took 0.066 seconds
[2023-11-14T08:05:05.237-0300] {processor.py:157} INFO - Started process (PID=288997) to work on /home/gmassoqueto/repos/apache-airflow-101/.venv/lib/python3.11/site-packages/airflow/example_dags/tutorial_taskflow_api_virtualenv.py
[2023-11-14T08:05:05.238-0300] {processor.py:829} INFO - Processing file /home/gmassoqueto/repos/apache-airflow-101/.venv/lib/python3.11/site-packages/airflow/example_dags/tutorial_taskflow_api_virtualenv.py for tasks to queue
[2023-11-14T08:05:05.238-0300] {logging_mixin.py:154} INFO - [2023-11-14T08:05:05.238-0300] {dagbag.py:536} INFO - Filling up the DagBag from /home/gmassoqueto/repos/apache-airflow-101/.venv/lib/python3.11/site-packages/airflow/example_dags/tutorial_taskflow_api_virtualenv.py
[2023-11-14T08:05:05.243-0300] {processor.py:839} INFO - DAG(s) dict_keys(['tutorial_taskflow_api_virtualenv']) retrieved from /home/gmassoqueto/repos/apache-airflow-101/.venv/lib/python3.11/site-packages/airflow/example_dags/tutorial_taskflow_api_virtualenv.py
[2023-11-14T08:05:05.256-0300] {logging_mixin.py:154} INFO - [2023-11-14T08:05:05.256-0300] {dag.py:2941} INFO - Sync 1 DAGs
[2023-11-14T08:05:05.265-0300] {logging_mixin.py:154} INFO - [2023-11-14T08:05:05.265-0300] {dag.py:3722} INFO - Setting next_dagrun for tutorial_taskflow_api_virtualenv to None, run_after=None
[2023-11-14T08:05:05.280-0300] {processor.py:179} INFO - Processing /home/gmassoqueto/repos/apache-airflow-101/.venv/lib/python3.11/site-packages/airflow/example_dags/tutorial_taskflow_api_virtualenv.py took 0.046 seconds
[2023-11-14T08:05:36.306-0300] {processor.py:157} INFO - Started process (PID=289063) to work on /home/gmassoqueto/repos/apache-airflow-101/.venv/lib/python3.11/site-packages/airflow/example_dags/tutorial_taskflow_api_virtualenv.py
[2023-11-14T08:05:36.311-0300] {processor.py:829} INFO - Processing file /home/gmassoqueto/repos/apache-airflow-101/.venv/lib/python3.11/site-packages/airflow/example_dags/tutorial_taskflow_api_virtualenv.py for tasks to queue
[2023-11-14T08:05:36.313-0300] {logging_mixin.py:154} INFO - [2023-11-14T08:05:36.312-0300] {dagbag.py:536} INFO - Filling up the DagBag from /home/gmassoqueto/repos/apache-airflow-101/.venv/lib/python3.11/site-packages/airflow/example_dags/tutorial_taskflow_api_virtualenv.py
[2023-11-14T08:05:36.327-0300] {processor.py:839} INFO - DAG(s) dict_keys(['tutorial_taskflow_api_virtualenv']) retrieved from /home/gmassoqueto/repos/apache-airflow-101/.venv/lib/python3.11/site-packages/airflow/example_dags/tutorial_taskflow_api_virtualenv.py
[2023-11-14T08:05:36.347-0300] {logging_mixin.py:154} INFO - [2023-11-14T08:05:36.347-0300] {dag.py:2941} INFO - Sync 1 DAGs
[2023-11-14T08:05:36.359-0300] {logging_mixin.py:154} INFO - [2023-11-14T08:05:36.359-0300] {dag.py:3722} INFO - Setting next_dagrun for tutorial_taskflow_api_virtualenv to None, run_after=None
[2023-11-14T08:05:36.378-0300] {processor.py:179} INFO - Processing /home/gmassoqueto/repos/apache-airflow-101/.venv/lib/python3.11/site-packages/airflow/example_dags/tutorial_taskflow_api_virtualenv.py took 0.077 seconds
[2023-11-14T08:06:09.173-0300] {processor.py:157} INFO - Started process (PID=289167) to work on /home/gmassoqueto/repos/apache-airflow-101/.venv/lib/python3.11/site-packages/airflow/example_dags/tutorial_taskflow_api_virtualenv.py
[2023-11-14T08:06:09.177-0300] {processor.py:829} INFO - Processing file /home/gmassoqueto/repos/apache-airflow-101/.venv/lib/python3.11/site-packages/airflow/example_dags/tutorial_taskflow_api_virtualenv.py for tasks to queue
[2023-11-14T08:06:09.179-0300] {logging_mixin.py:154} INFO - [2023-11-14T08:06:09.178-0300] {dagbag.py:536} INFO - Filling up the DagBag from /home/gmassoqueto/repos/apache-airflow-101/.venv/lib/python3.11/site-packages/airflow/example_dags/tutorial_taskflow_api_virtualenv.py
[2023-11-14T08:06:09.197-0300] {processor.py:839} INFO - DAG(s) dict_keys(['tutorial_taskflow_api_virtualenv']) retrieved from /home/gmassoqueto/repos/apache-airflow-101/.venv/lib/python3.11/site-packages/airflow/example_dags/tutorial_taskflow_api_virtualenv.py
[2023-11-14T08:06:09.221-0300] {logging_mixin.py:154} INFO - [2023-11-14T08:06:09.220-0300] {dag.py:2941} INFO - Sync 1 DAGs
[2023-11-14T08:06:09.231-0300] {logging_mixin.py:154} INFO - [2023-11-14T08:06:09.231-0300] {dag.py:3722} INFO - Setting next_dagrun for tutorial_taskflow_api_virtualenv to None, run_after=None
[2023-11-14T08:06:09.249-0300] {processor.py:179} INFO - Processing /home/gmassoqueto/repos/apache-airflow-101/.venv/lib/python3.11/site-packages/airflow/example_dags/tutorial_taskflow_api_virtualenv.py took 0.078 seconds
[2023-11-14T08:06:40.744-0300] {processor.py:157} INFO - Started process (PID=289235) to work on /home/gmassoqueto/repos/apache-airflow-101/.venv/lib/python3.11/site-packages/airflow/example_dags/tutorial_taskflow_api_virtualenv.py
[2023-11-14T08:06:40.748-0300] {processor.py:829} INFO - Processing file /home/gmassoqueto/repos/apache-airflow-101/.venv/lib/python3.11/site-packages/airflow/example_dags/tutorial_taskflow_api_virtualenv.py for tasks to queue
[2023-11-14T08:06:40.749-0300] {logging_mixin.py:154} INFO - [2023-11-14T08:06:40.748-0300] {dagbag.py:536} INFO - Filling up the DagBag from /home/gmassoqueto/repos/apache-airflow-101/.venv/lib/python3.11/site-packages/airflow/example_dags/tutorial_taskflow_api_virtualenv.py
[2023-11-14T08:06:40.757-0300] {processor.py:839} INFO - DAG(s) dict_keys(['tutorial_taskflow_api_virtualenv']) retrieved from /home/gmassoqueto/repos/apache-airflow-101/.venv/lib/python3.11/site-packages/airflow/example_dags/tutorial_taskflow_api_virtualenv.py
[2023-11-14T08:06:40.777-0300] {logging_mixin.py:154} INFO - [2023-11-14T08:06:40.777-0300] {dag.py:2941} INFO - Sync 1 DAGs
[2023-11-14T08:06:40.788-0300] {logging_mixin.py:154} INFO - [2023-11-14T08:06:40.788-0300] {dag.py:3722} INFO - Setting next_dagrun for tutorial_taskflow_api_virtualenv to None, run_after=None
[2023-11-14T08:06:40.813-0300] {processor.py:179} INFO - Processing /home/gmassoqueto/repos/apache-airflow-101/.venv/lib/python3.11/site-packages/airflow/example_dags/tutorial_taskflow_api_virtualenv.py took 0.071 seconds
[2023-11-14T08:07:13.429-0300] {processor.py:157} INFO - Started process (PID=289351) to work on /home/gmassoqueto/repos/apache-airflow-101/.venv/lib/python3.11/site-packages/airflow/example_dags/tutorial_taskflow_api_virtualenv.py
[2023-11-14T08:07:13.433-0300] {processor.py:829} INFO - Processing file /home/gmassoqueto/repos/apache-airflow-101/.venv/lib/python3.11/site-packages/airflow/example_dags/tutorial_taskflow_api_virtualenv.py for tasks to queue
[2023-11-14T08:07:13.433-0300] {logging_mixin.py:154} INFO - [2023-11-14T08:07:13.433-0300] {dagbag.py:536} INFO - Filling up the DagBag from /home/gmassoqueto/repos/apache-airflow-101/.venv/lib/python3.11/site-packages/airflow/example_dags/tutorial_taskflow_api_virtualenv.py
[2023-11-14T08:07:13.440-0300] {processor.py:839} INFO - DAG(s) dict_keys(['tutorial_taskflow_api_virtualenv']) retrieved from /home/gmassoqueto/repos/apache-airflow-101/.venv/lib/python3.11/site-packages/airflow/example_dags/tutorial_taskflow_api_virtualenv.py
[2023-11-14T08:07:13.455-0300] {logging_mixin.py:154} INFO - [2023-11-14T08:07:13.455-0300] {dag.py:2941} INFO - Sync 1 DAGs
[2023-11-14T08:07:13.465-0300] {logging_mixin.py:154} INFO - [2023-11-14T08:07:13.465-0300] {dag.py:3722} INFO - Setting next_dagrun for tutorial_taskflow_api_virtualenv to None, run_after=None
[2023-11-14T08:07:13.485-0300] {processor.py:179} INFO - Processing /home/gmassoqueto/repos/apache-airflow-101/.venv/lib/python3.11/site-packages/airflow/example_dags/tutorial_taskflow_api_virtualenv.py took 0.059 seconds
[2023-11-14T08:07:45.558-0300] {processor.py:157} INFO - Started process (PID=289497) to work on /home/gmassoqueto/repos/apache-airflow-101/.venv/lib/python3.11/site-packages/airflow/example_dags/tutorial_taskflow_api_virtualenv.py
[2023-11-14T08:07:45.562-0300] {processor.py:829} INFO - Processing file /home/gmassoqueto/repos/apache-airflow-101/.venv/lib/python3.11/site-packages/airflow/example_dags/tutorial_taskflow_api_virtualenv.py for tasks to queue
[2023-11-14T08:07:45.563-0300] {logging_mixin.py:154} INFO - [2023-11-14T08:07:45.563-0300] {dagbag.py:536} INFO - Filling up the DagBag from /home/gmassoqueto/repos/apache-airflow-101/.venv/lib/python3.11/site-packages/airflow/example_dags/tutorial_taskflow_api_virtualenv.py
[2023-11-14T08:07:45.571-0300] {processor.py:839} INFO - DAG(s) dict_keys(['tutorial_taskflow_api_virtualenv']) retrieved from /home/gmassoqueto/repos/apache-airflow-101/.venv/lib/python3.11/site-packages/airflow/example_dags/tutorial_taskflow_api_virtualenv.py
[2023-11-14T08:07:45.587-0300] {logging_mixin.py:154} INFO - [2023-11-14T08:07:45.586-0300] {dag.py:2941} INFO - Sync 1 DAGs
[2023-11-14T08:07:45.597-0300] {logging_mixin.py:154} INFO - [2023-11-14T08:07:45.597-0300] {dag.py:3722} INFO - Setting next_dagrun for tutorial_taskflow_api_virtualenv to None, run_after=None
[2023-11-14T08:07:45.631-0300] {processor.py:179} INFO - Processing /home/gmassoqueto/repos/apache-airflow-101/.venv/lib/python3.11/site-packages/airflow/example_dags/tutorial_taskflow_api_virtualenv.py took 0.076 seconds
[2023-11-14T08:08:04.988-0300] {processor.py:157} INFO - Started process (PID=289609) to work on /home/gmassoqueto/repos/apache-airflow-101/.venv/lib/python3.11/site-packages/airflow/example_dags/tutorial_taskflow_api_virtualenv.py
[2023-11-14T08:08:04.988-0300] {processor.py:829} INFO - Processing file /home/gmassoqueto/repos/apache-airflow-101/.venv/lib/python3.11/site-packages/airflow/example_dags/tutorial_taskflow_api_virtualenv.py for tasks to queue
[2023-11-14T08:08:04.989-0300] {logging_mixin.py:154} INFO - [2023-11-14T08:08:04.989-0300] {dagbag.py:536} INFO - Filling up the DagBag from /home/gmassoqueto/repos/apache-airflow-101/.venv/lib/python3.11/site-packages/airflow/example_dags/tutorial_taskflow_api_virtualenv.py
[2023-11-14T08:08:05.000-0300] {processor.py:839} INFO - DAG(s) dict_keys(['tutorial_taskflow_api_virtualenv']) retrieved from /home/gmassoqueto/repos/apache-airflow-101/.venv/lib/python3.11/site-packages/airflow/example_dags/tutorial_taskflow_api_virtualenv.py
[2023-11-14T08:08:05.008-0300] {logging_mixin.py:154} INFO - [2023-11-14T08:08:05.008-0300] {dag.py:2941} INFO - Sync 1 DAGs
[2023-11-14T08:08:05.026-0300] {logging_mixin.py:154} INFO - [2023-11-14T08:08:05.026-0300] {dag.py:2963} INFO - Creating ORM DAG for tutorial_taskflow_api_virtualenv
[2023-11-14T08:08:05.028-0300] {logging_mixin.py:154} INFO - [2023-11-14T08:08:05.027-0300] {dag.py:3722} INFO - Setting next_dagrun for tutorial_taskflow_api_virtualenv to None, run_after=None
[2023-11-14T08:08:05.060-0300] {processor.py:179} INFO - Processing /home/gmassoqueto/repos/apache-airflow-101/.venv/lib/python3.11/site-packages/airflow/example_dags/tutorial_taskflow_api_virtualenv.py took 0.074 seconds
[2023-11-14T08:08:50.203-0300] {processor.py:157} INFO - Started process (PID=289925) to work on /home/gmassoqueto/repos/apache-airflow-101/.venv/lib/python3.11/site-packages/airflow/example_dags/tutorial_taskflow_api_virtualenv.py
[2023-11-14T08:08:50.207-0300] {processor.py:829} INFO - Processing file /home/gmassoqueto/repos/apache-airflow-101/.venv/lib/python3.11/site-packages/airflow/example_dags/tutorial_taskflow_api_virtualenv.py for tasks to queue
[2023-11-14T08:08:50.209-0300] {logging_mixin.py:154} INFO - [2023-11-14T08:08:50.208-0300] {dagbag.py:536} INFO - Filling up the DagBag from /home/gmassoqueto/repos/apache-airflow-101/.venv/lib/python3.11/site-packages/airflow/example_dags/tutorial_taskflow_api_virtualenv.py
[2023-11-14T08:08:50.227-0300] {processor.py:839} INFO - DAG(s) dict_keys(['tutorial_taskflow_api_virtualenv']) retrieved from /home/gmassoqueto/repos/apache-airflow-101/.venv/lib/python3.11/site-packages/airflow/example_dags/tutorial_taskflow_api_virtualenv.py
[2023-11-14T08:08:50.245-0300] {logging_mixin.py:154} INFO - [2023-11-14T08:08:50.245-0300] {dag.py:2941} INFO - Sync 1 DAGs
[2023-11-14T08:08:50.254-0300] {logging_mixin.py:154} INFO - [2023-11-14T08:08:50.254-0300] {dag.py:3722} INFO - Setting next_dagrun for tutorial_taskflow_api_virtualenv to None, run_after=None
[2023-11-14T08:08:50.271-0300] {processor.py:179} INFO - Processing /home/gmassoqueto/repos/apache-airflow-101/.venv/lib/python3.11/site-packages/airflow/example_dags/tutorial_taskflow_api_virtualenv.py took 0.075 seconds
[2023-11-14T08:09:42.404-0300] {processor.py:157} INFO - Started process (PID=290180) to work on /home/gmassoqueto/repos/apache-airflow-101/.venv/lib/python3.11/site-packages/airflow/example_dags/tutorial_taskflow_api_virtualenv.py
[2023-11-14T08:09:42.404-0300] {processor.py:829} INFO - Processing file /home/gmassoqueto/repos/apache-airflow-101/.venv/lib/python3.11/site-packages/airflow/example_dags/tutorial_taskflow_api_virtualenv.py for tasks to queue
[2023-11-14T08:09:42.405-0300] {logging_mixin.py:154} INFO - [2023-11-14T08:09:42.405-0300] {dagbag.py:536} INFO - Filling up the DagBag from /home/gmassoqueto/repos/apache-airflow-101/.venv/lib/python3.11/site-packages/airflow/example_dags/tutorial_taskflow_api_virtualenv.py
[2023-11-14T08:09:42.411-0300] {processor.py:839} INFO - DAG(s) dict_keys(['tutorial_taskflow_api_virtualenv']) retrieved from /home/gmassoqueto/repos/apache-airflow-101/.venv/lib/python3.11/site-packages/airflow/example_dags/tutorial_taskflow_api_virtualenv.py
[2023-11-14T08:09:42.473-0300] {logging_mixin.py:154} INFO - [2023-11-14T08:09:42.473-0300] {dag.py:2941} INFO - Sync 1 DAGs
[2023-11-14T08:09:42.494-0300] {logging_mixin.py:154} INFO - [2023-11-14T08:09:42.493-0300] {dag.py:3722} INFO - Setting next_dagrun for tutorial_taskflow_api_virtualenv to None, run_after=None
[2023-11-14T08:09:42.533-0300] {processor.py:179} INFO - Processing /home/gmassoqueto/repos/apache-airflow-101/.venv/lib/python3.11/site-packages/airflow/example_dags/tutorial_taskflow_api_virtualenv.py took 0.131 seconds
[2023-11-14T08:10:32.933-0300] {processor.py:157} INFO - Started process (PID=291017) to work on /home/gmassoqueto/repos/apache-airflow-101/.venv/lib/python3.11/site-packages/airflow/example_dags/tutorial_taskflow_api_virtualenv.py
[2023-11-14T08:10:32.938-0300] {processor.py:829} INFO - Processing file /home/gmassoqueto/repos/apache-airflow-101/.venv/lib/python3.11/site-packages/airflow/example_dags/tutorial_taskflow_api_virtualenv.py for tasks to queue
[2023-11-14T08:10:32.940-0300] {logging_mixin.py:154} INFO - [2023-11-14T08:10:32.940-0300] {dagbag.py:536} INFO - Filling up the DagBag from /home/gmassoqueto/repos/apache-airflow-101/.venv/lib/python3.11/site-packages/airflow/example_dags/tutorial_taskflow_api_virtualenv.py
[2023-11-14T08:10:32.951-0300] {processor.py:839} INFO - DAG(s) dict_keys(['tutorial_taskflow_api_virtualenv']) retrieved from /home/gmassoqueto/repos/apache-airflow-101/.venv/lib/python3.11/site-packages/airflow/example_dags/tutorial_taskflow_api_virtualenv.py
[2023-11-14T08:10:32.967-0300] {logging_mixin.py:154} INFO - [2023-11-14T08:10:32.966-0300] {dag.py:2941} INFO - Sync 1 DAGs
[2023-11-14T08:10:32.976-0300] {logging_mixin.py:154} INFO - [2023-11-14T08:10:32.976-0300] {dag.py:3722} INFO - Setting next_dagrun for tutorial_taskflow_api_virtualenv to None, run_after=None
[2023-11-14T08:10:32.997-0300] {processor.py:179} INFO - Processing /home/gmassoqueto/repos/apache-airflow-101/.venv/lib/python3.11/site-packages/airflow/example_dags/tutorial_taskflow_api_virtualenv.py took 0.072 seconds
[2023-11-14T08:11:09.134-0300] {processor.py:157} INFO - Started process (PID=291142) to work on /home/gmassoqueto/repos/apache-airflow-101/.venv/lib/python3.11/site-packages/airflow/example_dags/tutorial_taskflow_api_virtualenv.py
[2023-11-14T08:11:09.137-0300] {processor.py:829} INFO - Processing file /home/gmassoqueto/repos/apache-airflow-101/.venv/lib/python3.11/site-packages/airflow/example_dags/tutorial_taskflow_api_virtualenv.py for tasks to queue
[2023-11-14T08:11:09.138-0300] {logging_mixin.py:154} INFO - [2023-11-14T08:11:09.137-0300] {dagbag.py:536} INFO - Filling up the DagBag from /home/gmassoqueto/repos/apache-airflow-101/.venv/lib/python3.11/site-packages/airflow/example_dags/tutorial_taskflow_api_virtualenv.py
[2023-11-14T08:11:09.143-0300] {processor.py:839} INFO - DAG(s) dict_keys(['tutorial_taskflow_api_virtualenv']) retrieved from /home/gmassoqueto/repos/apache-airflow-101/.venv/lib/python3.11/site-packages/airflow/example_dags/tutorial_taskflow_api_virtualenv.py
[2023-11-14T08:11:09.157-0300] {logging_mixin.py:154} INFO - [2023-11-14T08:11:09.157-0300] {dag.py:2941} INFO - Sync 1 DAGs
[2023-11-14T08:11:09.167-0300] {logging_mixin.py:154} INFO - [2023-11-14T08:11:09.167-0300] {dag.py:3722} INFO - Setting next_dagrun for tutorial_taskflow_api_virtualenv to None, run_after=None
[2023-11-14T08:11:09.183-0300] {processor.py:179} INFO - Processing /home/gmassoqueto/repos/apache-airflow-101/.venv/lib/python3.11/site-packages/airflow/example_dags/tutorial_taskflow_api_virtualenv.py took 0.051 seconds
[2023-11-14T08:11:42.366-0300] {processor.py:157} INFO - Started process (PID=291248) to work on /home/gmassoqueto/repos/apache-airflow-101/.venv/lib/python3.11/site-packages/airflow/example_dags/tutorial_taskflow_api_virtualenv.py
[2023-11-14T08:11:42.370-0300] {processor.py:829} INFO - Processing file /home/gmassoqueto/repos/apache-airflow-101/.venv/lib/python3.11/site-packages/airflow/example_dags/tutorial_taskflow_api_virtualenv.py for tasks to queue
[2023-11-14T08:11:42.371-0300] {logging_mixin.py:154} INFO - [2023-11-14T08:11:42.370-0300] {dagbag.py:536} INFO - Filling up the DagBag from /home/gmassoqueto/repos/apache-airflow-101/.venv/lib/python3.11/site-packages/airflow/example_dags/tutorial_taskflow_api_virtualenv.py
[2023-11-14T08:11:42.381-0300] {processor.py:839} INFO - DAG(s) dict_keys(['tutorial_taskflow_api_virtualenv']) retrieved from /home/gmassoqueto/repos/apache-airflow-101/.venv/lib/python3.11/site-packages/airflow/example_dags/tutorial_taskflow_api_virtualenv.py
[2023-11-14T08:11:42.402-0300] {logging_mixin.py:154} INFO - [2023-11-14T08:11:42.402-0300] {dag.py:2941} INFO - Sync 1 DAGs
[2023-11-14T08:11:42.412-0300] {logging_mixin.py:154} INFO - [2023-11-14T08:11:42.412-0300] {dag.py:3722} INFO - Setting next_dagrun for tutorial_taskflow_api_virtualenv to None, run_after=None
[2023-11-14T08:11:42.541-0300] {processor.py:179} INFO - Processing /home/gmassoqueto/repos/apache-airflow-101/.venv/lib/python3.11/site-packages/airflow/example_dags/tutorial_taskflow_api_virtualenv.py took 0.179 seconds
[2023-11-14T08:12:27.788-0300] {processor.py:157} INFO - Started process (PID=291461) to work on /home/gmassoqueto/repos/apache-airflow-101/.venv/lib/python3.11/site-packages/airflow/example_dags/tutorial_taskflow_api_virtualenv.py
[2023-11-14T08:12:27.793-0300] {processor.py:829} INFO - Processing file /home/gmassoqueto/repos/apache-airflow-101/.venv/lib/python3.11/site-packages/airflow/example_dags/tutorial_taskflow_api_virtualenv.py for tasks to queue
[2023-11-14T08:12:27.796-0300] {logging_mixin.py:154} INFO - [2023-11-14T08:12:27.795-0300] {dagbag.py:536} INFO - Filling up the DagBag from /home/gmassoqueto/repos/apache-airflow-101/.venv/lib/python3.11/site-packages/airflow/example_dags/tutorial_taskflow_api_virtualenv.py
[2023-11-14T08:12:27.811-0300] {processor.py:839} INFO - DAG(s) dict_keys(['tutorial_taskflow_api_virtualenv']) retrieved from /home/gmassoqueto/repos/apache-airflow-101/.venv/lib/python3.11/site-packages/airflow/example_dags/tutorial_taskflow_api_virtualenv.py
[2023-11-14T08:12:27.820-0300] {logging_mixin.py:154} INFO - [2023-11-14T08:12:27.820-0300] {dag.py:2941} INFO - Sync 1 DAGs
[2023-11-14T08:12:27.834-0300] {logging_mixin.py:154} INFO - [2023-11-14T08:12:27.833-0300] {dag.py:3722} INFO - Setting next_dagrun for tutorial_taskflow_api_virtualenv to None, run_after=None
[2023-11-14T08:12:27.855-0300] {processor.py:179} INFO - Processing /home/gmassoqueto/repos/apache-airflow-101/.venv/lib/python3.11/site-packages/airflow/example_dags/tutorial_taskflow_api_virtualenv.py took 0.069 seconds
[2023-11-14T08:13:13.025-0300] {processor.py:157} INFO - Started process (PID=291600) to work on /home/gmassoqueto/repos/apache-airflow-101/.venv/lib/python3.11/site-packages/airflow/example_dags/tutorial_taskflow_api_virtualenv.py
[2023-11-14T08:13:13.029-0300] {processor.py:829} INFO - Processing file /home/gmassoqueto/repos/apache-airflow-101/.venv/lib/python3.11/site-packages/airflow/example_dags/tutorial_taskflow_api_virtualenv.py for tasks to queue
[2023-11-14T08:13:13.031-0300] {logging_mixin.py:154} INFO - [2023-11-14T08:13:13.030-0300] {dagbag.py:536} INFO - Filling up the DagBag from /home/gmassoqueto/repos/apache-airflow-101/.venv/lib/python3.11/site-packages/airflow/example_dags/tutorial_taskflow_api_virtualenv.py
[2023-11-14T08:13:13.048-0300] {processor.py:839} INFO - DAG(s) dict_keys(['tutorial_taskflow_api_virtualenv']) retrieved from /home/gmassoqueto/repos/apache-airflow-101/.venv/lib/python3.11/site-packages/airflow/example_dags/tutorial_taskflow_api_virtualenv.py
[2023-11-14T08:13:13.073-0300] {logging_mixin.py:154} INFO - [2023-11-14T08:13:13.073-0300] {dag.py:2941} INFO - Sync 1 DAGs
[2023-11-14T08:13:13.084-0300] {logging_mixin.py:154} INFO - [2023-11-14T08:13:13.084-0300] {dag.py:3722} INFO - Setting next_dagrun for tutorial_taskflow_api_virtualenv to None, run_after=None
[2023-11-14T08:13:13.101-0300] {processor.py:179} INFO - Processing /home/gmassoqueto/repos/apache-airflow-101/.venv/lib/python3.11/site-packages/airflow/example_dags/tutorial_taskflow_api_virtualenv.py took 0.078 seconds
[2023-11-14T08:13:43.780-0300] {processor.py:157} INFO - Started process (PID=291658) to work on /home/gmassoqueto/repos/apache-airflow-101/.venv/lib/python3.11/site-packages/airflow/example_dags/tutorial_taskflow_api_virtualenv.py
[2023-11-14T08:13:43.784-0300] {processor.py:829} INFO - Processing file /home/gmassoqueto/repos/apache-airflow-101/.venv/lib/python3.11/site-packages/airflow/example_dags/tutorial_taskflow_api_virtualenv.py for tasks to queue
[2023-11-14T08:13:43.785-0300] {logging_mixin.py:154} INFO - [2023-11-14T08:13:43.785-0300] {dagbag.py:536} INFO - Filling up the DagBag from /home/gmassoqueto/repos/apache-airflow-101/.venv/lib/python3.11/site-packages/airflow/example_dags/tutorial_taskflow_api_virtualenv.py
[2023-11-14T08:13:43.794-0300] {processor.py:839} INFO - DAG(s) dict_keys(['tutorial_taskflow_api_virtualenv']) retrieved from /home/gmassoqueto/repos/apache-airflow-101/.venv/lib/python3.11/site-packages/airflow/example_dags/tutorial_taskflow_api_virtualenv.py
[2023-11-14T08:13:43.810-0300] {logging_mixin.py:154} INFO - [2023-11-14T08:13:43.810-0300] {dag.py:2941} INFO - Sync 1 DAGs
[2023-11-14T08:13:43.821-0300] {logging_mixin.py:154} INFO - [2023-11-14T08:13:43.821-0300] {dag.py:3722} INFO - Setting next_dagrun for tutorial_taskflow_api_virtualenv to None, run_after=None
[2023-11-14T08:13:43.845-0300] {processor.py:179} INFO - Processing /home/gmassoqueto/repos/apache-airflow-101/.venv/lib/python3.11/site-packages/airflow/example_dags/tutorial_taskflow_api_virtualenv.py took 0.067 seconds
[2023-11-14T08:14:15.009-0300] {processor.py:157} INFO - Started process (PID=291714) to work on /home/gmassoqueto/repos/apache-airflow-101/.venv/lib/python3.11/site-packages/airflow/example_dags/tutorial_taskflow_api_virtualenv.py
[2023-11-14T08:14:15.010-0300] {processor.py:829} INFO - Processing file /home/gmassoqueto/repos/apache-airflow-101/.venv/lib/python3.11/site-packages/airflow/example_dags/tutorial_taskflow_api_virtualenv.py for tasks to queue
[2023-11-14T08:14:15.012-0300] {logging_mixin.py:154} INFO - [2023-11-14T08:14:15.011-0300] {dagbag.py:536} INFO - Filling up the DagBag from /home/gmassoqueto/repos/apache-airflow-101/.venv/lib/python3.11/site-packages/airflow/example_dags/tutorial_taskflow_api_virtualenv.py
[2023-11-14T08:14:15.022-0300] {processor.py:839} INFO - DAG(s) dict_keys(['tutorial_taskflow_api_virtualenv']) retrieved from /home/gmassoqueto/repos/apache-airflow-101/.venv/lib/python3.11/site-packages/airflow/example_dags/tutorial_taskflow_api_virtualenv.py
[2023-11-14T08:14:15.038-0300] {logging_mixin.py:154} INFO - [2023-11-14T08:14:15.038-0300] {dag.py:2941} INFO - Sync 1 DAGs
[2023-11-14T08:14:15.049-0300] {logging_mixin.py:154} INFO - [2023-11-14T08:14:15.049-0300] {dag.py:3722} INFO - Setting next_dagrun for tutorial_taskflow_api_virtualenv to None, run_after=None
[2023-11-14T08:14:15.074-0300] {processor.py:179} INFO - Processing /home/gmassoqueto/repos/apache-airflow-101/.venv/lib/python3.11/site-packages/airflow/example_dags/tutorial_taskflow_api_virtualenv.py took 0.069 seconds
[2023-11-14T08:14:48.020-0300] {processor.py:157} INFO - Started process (PID=291846) to work on /home/gmassoqueto/repos/apache-airflow-101/.venv/lib/python3.11/site-packages/airflow/example_dags/tutorial_taskflow_api_virtualenv.py
[2023-11-14T08:14:48.024-0300] {processor.py:829} INFO - Processing file /home/gmassoqueto/repos/apache-airflow-101/.venv/lib/python3.11/site-packages/airflow/example_dags/tutorial_taskflow_api_virtualenv.py for tasks to queue
[2023-11-14T08:14:48.025-0300] {logging_mixin.py:154} INFO - [2023-11-14T08:14:48.024-0300] {dagbag.py:536} INFO - Filling up the DagBag from /home/gmassoqueto/repos/apache-airflow-101/.venv/lib/python3.11/site-packages/airflow/example_dags/tutorial_taskflow_api_virtualenv.py
[2023-11-14T08:14:48.031-0300] {processor.py:839} INFO - DAG(s) dict_keys(['tutorial_taskflow_api_virtualenv']) retrieved from /home/gmassoqueto/repos/apache-airflow-101/.venv/lib/python3.11/site-packages/airflow/example_dags/tutorial_taskflow_api_virtualenv.py
[2023-11-14T08:14:48.048-0300] {logging_mixin.py:154} INFO - [2023-11-14T08:14:48.047-0300] {dag.py:2941} INFO - Sync 1 DAGs
[2023-11-14T08:14:48.060-0300] {logging_mixin.py:154} INFO - [2023-11-14T08:14:48.060-0300] {dag.py:3722} INFO - Setting next_dagrun for tutorial_taskflow_api_virtualenv to None, run_after=None
[2023-11-14T08:14:48.078-0300] {processor.py:179} INFO - Processing /home/gmassoqueto/repos/apache-airflow-101/.venv/lib/python3.11/site-packages/airflow/example_dags/tutorial_taskflow_api_virtualenv.py took 0.060 seconds
[2023-11-14T08:15:19.601-0300] {processor.py:157} INFO - Started process (PID=291905) to work on /home/gmassoqueto/repos/apache-airflow-101/.venv/lib/python3.11/site-packages/airflow/example_dags/tutorial_taskflow_api_virtualenv.py
[2023-11-14T08:15:19.602-0300] {processor.py:829} INFO - Processing file /home/gmassoqueto/repos/apache-airflow-101/.venv/lib/python3.11/site-packages/airflow/example_dags/tutorial_taskflow_api_virtualenv.py for tasks to queue
[2023-11-14T08:15:19.602-0300] {logging_mixin.py:154} INFO - [2023-11-14T08:15:19.602-0300] {dagbag.py:536} INFO - Filling up the DagBag from /home/gmassoqueto/repos/apache-airflow-101/.venv/lib/python3.11/site-packages/airflow/example_dags/tutorial_taskflow_api_virtualenv.py
[2023-11-14T08:15:19.608-0300] {processor.py:839} INFO - DAG(s) dict_keys(['tutorial_taskflow_api_virtualenv']) retrieved from /home/gmassoqueto/repos/apache-airflow-101/.venv/lib/python3.11/site-packages/airflow/example_dags/tutorial_taskflow_api_virtualenv.py
[2023-11-14T08:15:19.621-0300] {logging_mixin.py:154} INFO - [2023-11-14T08:15:19.621-0300] {dag.py:2941} INFO - Sync 1 DAGs
[2023-11-14T08:15:19.630-0300] {logging_mixin.py:154} INFO - [2023-11-14T08:15:19.630-0300] {dag.py:3722} INFO - Setting next_dagrun for tutorial_taskflow_api_virtualenv to None, run_after=None
[2023-11-14T08:15:19.655-0300] {processor.py:179} INFO - Processing /home/gmassoqueto/repos/apache-airflow-101/.venv/lib/python3.11/site-packages/airflow/example_dags/tutorial_taskflow_api_virtualenv.py took 0.056 seconds
[2023-11-14T08:15:51.840-0300] {processor.py:157} INFO - Started process (PID=291965) to work on /home/gmassoqueto/repos/apache-airflow-101/.venv/lib/python3.11/site-packages/airflow/example_dags/tutorial_taskflow_api_virtualenv.py
[2023-11-14T08:15:51.844-0300] {processor.py:829} INFO - Processing file /home/gmassoqueto/repos/apache-airflow-101/.venv/lib/python3.11/site-packages/airflow/example_dags/tutorial_taskflow_api_virtualenv.py for tasks to queue
[2023-11-14T08:15:51.846-0300] {logging_mixin.py:154} INFO - [2023-11-14T08:15:51.845-0300] {dagbag.py:536} INFO - Filling up the DagBag from /home/gmassoqueto/repos/apache-airflow-101/.venv/lib/python3.11/site-packages/airflow/example_dags/tutorial_taskflow_api_virtualenv.py
[2023-11-14T08:15:51.860-0300] {processor.py:839} INFO - DAG(s) dict_keys(['tutorial_taskflow_api_virtualenv']) retrieved from /home/gmassoqueto/repos/apache-airflow-101/.venv/lib/python3.11/site-packages/airflow/example_dags/tutorial_taskflow_api_virtualenv.py
[2023-11-14T08:15:51.883-0300] {logging_mixin.py:154} INFO - [2023-11-14T08:15:51.883-0300] {dag.py:2941} INFO - Sync 1 DAGs
[2023-11-14T08:15:51.893-0300] {logging_mixin.py:154} INFO - [2023-11-14T08:15:51.893-0300] {dag.py:3722} INFO - Setting next_dagrun for tutorial_taskflow_api_virtualenv to None, run_after=None
[2023-11-14T08:15:51.910-0300] {processor.py:179} INFO - Processing /home/gmassoqueto/repos/apache-airflow-101/.venv/lib/python3.11/site-packages/airflow/example_dags/tutorial_taskflow_api_virtualenv.py took 0.072 seconds
[2023-11-14T08:16:23.065-0300] {processor.py:157} INFO - Started process (PID=292017) to work on /home/gmassoqueto/repos/apache-airflow-101/.venv/lib/python3.11/site-packages/airflow/example_dags/tutorial_taskflow_api_virtualenv.py
[2023-11-14T08:16:23.067-0300] {processor.py:829} INFO - Processing file /home/gmassoqueto/repos/apache-airflow-101/.venv/lib/python3.11/site-packages/airflow/example_dags/tutorial_taskflow_api_virtualenv.py for tasks to queue
[2023-11-14T08:16:23.067-0300] {logging_mixin.py:154} INFO - [2023-11-14T08:16:23.067-0300] {dagbag.py:536} INFO - Filling up the DagBag from /home/gmassoqueto/repos/apache-airflow-101/.venv/lib/python3.11/site-packages/airflow/example_dags/tutorial_taskflow_api_virtualenv.py
[2023-11-14T08:16:23.074-0300] {processor.py:839} INFO - DAG(s) dict_keys(['tutorial_taskflow_api_virtualenv']) retrieved from /home/gmassoqueto/repos/apache-airflow-101/.venv/lib/python3.11/site-packages/airflow/example_dags/tutorial_taskflow_api_virtualenv.py
[2023-11-14T08:16:23.092-0300] {logging_mixin.py:154} INFO - [2023-11-14T08:16:23.092-0300] {dag.py:2941} INFO - Sync 1 DAGs
[2023-11-14T08:16:23.104-0300] {logging_mixin.py:154} INFO - [2023-11-14T08:16:23.103-0300] {dag.py:3722} INFO - Setting next_dagrun for tutorial_taskflow_api_virtualenv to None, run_after=None
[2023-11-14T08:16:23.129-0300] {processor.py:179} INFO - Processing /home/gmassoqueto/repos/apache-airflow-101/.venv/lib/python3.11/site-packages/airflow/example_dags/tutorial_taskflow_api_virtualenv.py took 0.067 seconds
[2023-11-14T08:16:57.363-0300] {processor.py:157} INFO - Started process (PID=292074) to work on /home/gmassoqueto/repos/apache-airflow-101/.venv/lib/python3.11/site-packages/airflow/example_dags/tutorial_taskflow_api_virtualenv.py
[2023-11-14T08:16:57.364-0300] {processor.py:829} INFO - Processing file /home/gmassoqueto/repos/apache-airflow-101/.venv/lib/python3.11/site-packages/airflow/example_dags/tutorial_taskflow_api_virtualenv.py for tasks to queue
[2023-11-14T08:16:57.365-0300] {logging_mixin.py:154} INFO - [2023-11-14T08:16:57.364-0300] {dagbag.py:536} INFO - Filling up the DagBag from /home/gmassoqueto/repos/apache-airflow-101/.venv/lib/python3.11/site-packages/airflow/example_dags/tutorial_taskflow_api_virtualenv.py
[2023-11-14T08:16:57.371-0300] {processor.py:839} INFO - DAG(s) dict_keys(['tutorial_taskflow_api_virtualenv']) retrieved from /home/gmassoqueto/repos/apache-airflow-101/.venv/lib/python3.11/site-packages/airflow/example_dags/tutorial_taskflow_api_virtualenv.py
[2023-11-14T08:16:57.384-0300] {logging_mixin.py:154} INFO - [2023-11-14T08:16:57.384-0300] {dag.py:2941} INFO - Sync 1 DAGs
[2023-11-14T08:16:57.394-0300] {logging_mixin.py:154} INFO - [2023-11-14T08:16:57.394-0300] {dag.py:3722} INFO - Setting next_dagrun for tutorial_taskflow_api_virtualenv to None, run_after=None
[2023-11-14T08:16:57.410-0300] {processor.py:179} INFO - Processing /home/gmassoqueto/repos/apache-airflow-101/.venv/lib/python3.11/site-packages/airflow/example_dags/tutorial_taskflow_api_virtualenv.py took 0.049 seconds
[2023-11-14T08:17:31.048-0300] {processor.py:157} INFO - Started process (PID=292141) to work on /home/gmassoqueto/repos/apache-airflow-101/.venv/lib/python3.11/site-packages/airflow/example_dags/tutorial_taskflow_api_virtualenv.py
[2023-11-14T08:17:31.052-0300] {processor.py:829} INFO - Processing file /home/gmassoqueto/repos/apache-airflow-101/.venv/lib/python3.11/site-packages/airflow/example_dags/tutorial_taskflow_api_virtualenv.py for tasks to queue
[2023-11-14T08:17:31.052-0300] {logging_mixin.py:154} INFO - [2023-11-14T08:17:31.052-0300] {dagbag.py:536} INFO - Filling up the DagBag from /home/gmassoqueto/repos/apache-airflow-101/.venv/lib/python3.11/site-packages/airflow/example_dags/tutorial_taskflow_api_virtualenv.py
[2023-11-14T08:17:31.058-0300] {processor.py:839} INFO - DAG(s) dict_keys(['tutorial_taskflow_api_virtualenv']) retrieved from /home/gmassoqueto/repos/apache-airflow-101/.venv/lib/python3.11/site-packages/airflow/example_dags/tutorial_taskflow_api_virtualenv.py
[2023-11-14T08:17:31.073-0300] {logging_mixin.py:154} INFO - [2023-11-14T08:17:31.072-0300] {dag.py:2941} INFO - Sync 1 DAGs
[2023-11-14T08:17:31.082-0300] {logging_mixin.py:154} INFO - [2023-11-14T08:17:31.082-0300] {dag.py:3722} INFO - Setting next_dagrun for tutorial_taskflow_api_virtualenv to None, run_after=None
[2023-11-14T08:17:31.100-0300] {processor.py:179} INFO - Processing /home/gmassoqueto/repos/apache-airflow-101/.venv/lib/python3.11/site-packages/airflow/example_dags/tutorial_taskflow_api_virtualenv.py took 0.054 seconds
[2023-11-14T08:18:02.504-0300] {processor.py:157} INFO - Started process (PID=292214) to work on /home/gmassoqueto/repos/apache-airflow-101/.venv/lib/python3.11/site-packages/airflow/example_dags/tutorial_taskflow_api_virtualenv.py
[2023-11-14T08:18:02.509-0300] {processor.py:829} INFO - Processing file /home/gmassoqueto/repos/apache-airflow-101/.venv/lib/python3.11/site-packages/airflow/example_dags/tutorial_taskflow_api_virtualenv.py for tasks to queue
[2023-11-14T08:18:02.510-0300] {logging_mixin.py:154} INFO - [2023-11-14T08:18:02.509-0300] {dagbag.py:536} INFO - Filling up the DagBag from /home/gmassoqueto/repos/apache-airflow-101/.venv/lib/python3.11/site-packages/airflow/example_dags/tutorial_taskflow_api_virtualenv.py
[2023-11-14T08:18:02.526-0300] {processor.py:839} INFO - DAG(s) dict_keys(['tutorial_taskflow_api_virtualenv']) retrieved from /home/gmassoqueto/repos/apache-airflow-101/.venv/lib/python3.11/site-packages/airflow/example_dags/tutorial_taskflow_api_virtualenv.py
[2023-11-14T08:18:02.547-0300] {logging_mixin.py:154} INFO - [2023-11-14T08:18:02.547-0300] {dag.py:2941} INFO - Sync 1 DAGs
[2023-11-14T08:18:02.557-0300] {logging_mixin.py:154} INFO - [2023-11-14T08:18:02.557-0300] {dag.py:3722} INFO - Setting next_dagrun for tutorial_taskflow_api_virtualenv to None, run_after=None
[2023-11-14T08:18:02.576-0300] {processor.py:179} INFO - Processing /home/gmassoqueto/repos/apache-airflow-101/.venv/lib/python3.11/site-packages/airflow/example_dags/tutorial_taskflow_api_virtualenv.py took 0.077 seconds
