[2023-11-14T08:22:44.410-0300] {taskinstance.py:1159} INFO - Dependencies all met for dep_context=non-requeueable deps ti=<TaskInstance: tutorial.templated backfill__2015-06-07T00:00:00+00:00 [queued]>
[2023-11-14T08:22:44.418-0300] {taskinstance.py:1159} INFO - Dependencies all met for dep_context=requeueable deps ti=<TaskInstance: tutorial.templated backfill__2015-06-07T00:00:00+00:00 [queued]>
[2023-11-14T08:22:44.419-0300] {taskinstance.py:1361} INFO - Starting attempt 1 of 2
[2023-11-14T08:22:44.432-0300] {taskinstance.py:1382} INFO - Executing <Task(BashOperator): templated> on 2015-06-07 00:00:00+00:00
[2023-11-14T08:22:44.434-0300] {standard_task_runner.py:57} INFO - Started process 293502 to run task
[2023-11-14T08:22:44.436-0300] {standard_task_runner.py:84} INFO - Running: ['airflow', 'tasks', 'run', 'tutorial', 'templated', 'backfill__2015-06-07T00:00:00+00:00', '--job-id', '23', '--pool', 'default_pool', '--raw', '--subdir', 'DAGS_FOLDER/tutorial.py', '--cfg-path', '/tmp/tmpoe3ty3eu']
[2023-11-14T08:22:44.436-0300] {standard_task_runner.py:85} INFO - Job 23: Subtask templated
[2023-11-14T08:22:44.475-0300] {task_command.py:416} INFO - Running <TaskInstance: tutorial.templated backfill__2015-06-07T00:00:00+00:00 [running]> on host BRSAOLN039361
[2023-11-14T08:22:44.513-0300] {taskinstance.py:1662} INFO - Exporting env vars: AIRFLOW_CTX_DAG_EMAIL='airflow@example.com' AIRFLOW_CTX_DAG_OWNER='airflow' AIRFLOW_CTX_DAG_ID='tutorial' AIRFLOW_CTX_TASK_ID='templated' AIRFLOW_CTX_EXECUTION_DATE='2015-06-07T00:00:00+00:00' AIRFLOW_CTX_TRY_NUMBER='1' AIRFLOW_CTX_DAG_RUN_ID='backfill__2015-06-07T00:00:00+00:00'
[2023-11-14T08:22:44.513-0300] {subprocess.py:63} INFO - Tmp dir root location: /tmp
[2023-11-14T08:22:44.514-0300] {subprocess.py:75} INFO - Running command: ['/usr/bin/bash', '-c', '\n\n    echo "2015-06-07"\n    echo "2015-06-14"\n\n    echo "2015-06-07"\n    echo "2015-06-14"\n\n    echo "2015-06-07"\n    echo "2015-06-14"\n\n    echo "2015-06-07"\n    echo "2015-06-14"\n\n    echo "2015-06-07"\n    echo "2015-06-14"\n']
[2023-11-14T08:22:44.518-0300] {subprocess.py:86} INFO - Output:
[2023-11-14T08:22:44.519-0300] {subprocess.py:93} INFO - 2015-06-07
[2023-11-14T08:22:44.519-0300] {subprocess.py:93} INFO - 2015-06-14
[2023-11-14T08:22:44.519-0300] {subprocess.py:93} INFO - 2015-06-07
[2023-11-14T08:22:44.520-0300] {subprocess.py:93} INFO - 2015-06-14
[2023-11-14T08:22:44.520-0300] {subprocess.py:93} INFO - 2015-06-07
[2023-11-14T08:22:44.520-0300] {subprocess.py:93} INFO - 2015-06-14
[2023-11-14T08:22:44.520-0300] {subprocess.py:93} INFO - 2015-06-07
[2023-11-14T08:22:44.520-0300] {subprocess.py:93} INFO - 2015-06-14
[2023-11-14T08:22:44.520-0300] {subprocess.py:93} INFO - 2015-06-07
[2023-11-14T08:22:44.520-0300] {subprocess.py:93} INFO - 2015-06-14
[2023-11-14T08:22:44.520-0300] {subprocess.py:97} INFO - Command exited with return code 0
[2023-11-14T08:22:44.532-0300] {taskinstance.py:1400} INFO - Marking task as SUCCESS. dag_id=tutorial, task_id=templated, execution_date=20150607T000000, start_date=20231114T112244, end_date=20231114T112244
[2023-11-14T08:22:44.568-0300] {local_task_job_runner.py:228} INFO - Task exited with return code 0
[2023-11-14T08:22:44.576-0300] {taskinstance.py:2778} INFO - 0 downstream tasks scheduled from follow-on schedule check
