[2023-11-14T07:03:17.370-0300] {processor.py:157} INFO - Started process (PID=284660) to work on /home/gmassoqueto/repos/apache-airflow-101/.venv/lib/python3.11/site-packages/airflow/example_dags/subdags/subdag.py
[2023-11-14T07:03:17.370-0300] {processor.py:829} INFO - Processing file /home/gmassoqueto/repos/apache-airflow-101/.venv/lib/python3.11/site-packages/airflow/example_dags/subdags/subdag.py for tasks to queue
[2023-11-14T07:03:17.371-0300] {logging_mixin.py:154} INFO - [2023-11-14T07:03:17.370-0300] {dagbag.py:536} INFO - Filling up the DagBag from /home/gmassoqueto/repos/apache-airflow-101/.venv/lib/python3.11/site-packages/airflow/example_dags/subdags/subdag.py
[2023-11-14T07:03:17.372-0300] {processor.py:841} WARNING - No viable dags retrieved from /home/gmassoqueto/repos/apache-airflow-101/.venv/lib/python3.11/site-packages/airflow/example_dags/subdags/subdag.py
[2023-11-14T07:03:17.384-0300] {processor.py:179} INFO - Processing /home/gmassoqueto/repos/apache-airflow-101/.venv/lib/python3.11/site-packages/airflow/example_dags/subdags/subdag.py took 0.016 seconds
[2023-11-14T07:04:01.546-0300] {processor.py:157} INFO - Started process (PID=284824) to work on /home/gmassoqueto/repos/apache-airflow-101/.venv/lib/python3.11/site-packages/airflow/example_dags/subdags/subdag.py
[2023-11-14T07:04:01.551-0300] {processor.py:829} INFO - Processing file /home/gmassoqueto/repos/apache-airflow-101/.venv/lib/python3.11/site-packages/airflow/example_dags/subdags/subdag.py for tasks to queue
[2023-11-14T07:04:01.552-0300] {logging_mixin.py:154} INFO - [2023-11-14T07:04:01.552-0300] {dagbag.py:536} INFO - Filling up the DagBag from /home/gmassoqueto/repos/apache-airflow-101/.venv/lib/python3.11/site-packages/airflow/example_dags/subdags/subdag.py
[2023-11-14T07:04:01.556-0300] {processor.py:841} WARNING - No viable dags retrieved from /home/gmassoqueto/repos/apache-airflow-101/.venv/lib/python3.11/site-packages/airflow/example_dags/subdags/subdag.py
[2023-11-14T07:04:01.571-0300] {processor.py:179} INFO - Processing /home/gmassoqueto/repos/apache-airflow-101/.venv/lib/python3.11/site-packages/airflow/example_dags/subdags/subdag.py took 0.029 seconds
[2023-11-14T07:55:33.868-0300] {processor.py:157} INFO - Started process (PID=286678) to work on /home/gmassoqueto/repos/apache-airflow-101/.venv/lib/python3.11/site-packages/airflow/example_dags/subdags/subdag.py
[2023-11-14T07:55:33.870-0300] {processor.py:829} INFO - Processing file /home/gmassoqueto/repos/apache-airflow-101/.venv/lib/python3.11/site-packages/airflow/example_dags/subdags/subdag.py for tasks to queue
[2023-11-14T07:55:33.871-0300] {logging_mixin.py:154} INFO - [2023-11-14T07:55:33.871-0300] {dagbag.py:536} INFO - Filling up the DagBag from /home/gmassoqueto/repos/apache-airflow-101/.venv/lib/python3.11/site-packages/airflow/example_dags/subdags/subdag.py
[2023-11-14T07:55:33.874-0300] {processor.py:841} WARNING - No viable dags retrieved from /home/gmassoqueto/repos/apache-airflow-101/.venv/lib/python3.11/site-packages/airflow/example_dags/subdags/subdag.py
[2023-11-14T07:55:33.883-0300] {processor.py:179} INFO - Processing /home/gmassoqueto/repos/apache-airflow-101/.venv/lib/python3.11/site-packages/airflow/example_dags/subdags/subdag.py took 0.016 seconds
[2023-11-14T07:57:12.439-0300] {processor.py:157} INFO - Started process (PID=287138) to work on /home/gmassoqueto/repos/apache-airflow-101/.venv/lib/python3.11/site-packages/airflow/example_dags/subdags/subdag.py
[2023-11-14T07:57:12.443-0300] {processor.py:829} INFO - Processing file /home/gmassoqueto/repos/apache-airflow-101/.venv/lib/python3.11/site-packages/airflow/example_dags/subdags/subdag.py for tasks to queue
[2023-11-14T07:57:12.443-0300] {logging_mixin.py:154} INFO - [2023-11-14T07:57:12.443-0300] {dagbag.py:536} INFO - Filling up the DagBag from /home/gmassoqueto/repos/apache-airflow-101/.venv/lib/python3.11/site-packages/airflow/example_dags/subdags/subdag.py
[2023-11-14T07:57:12.445-0300] {processor.py:841} WARNING - No viable dags retrieved from /home/gmassoqueto/repos/apache-airflow-101/.venv/lib/python3.11/site-packages/airflow/example_dags/subdags/subdag.py
[2023-11-14T07:57:12.455-0300] {processor.py:179} INFO - Processing /home/gmassoqueto/repos/apache-airflow-101/.venv/lib/python3.11/site-packages/airflow/example_dags/subdags/subdag.py took 0.019 seconds
[2023-11-14T07:57:57.547-0300] {processor.py:157} INFO - Started process (PID=287325) to work on /home/gmassoqueto/repos/apache-airflow-101/.venv/lib/python3.11/site-packages/airflow/example_dags/subdags/subdag.py
[2023-11-14T07:57:57.552-0300] {processor.py:829} INFO - Processing file /home/gmassoqueto/repos/apache-airflow-101/.venv/lib/python3.11/site-packages/airflow/example_dags/subdags/subdag.py for tasks to queue
[2023-11-14T07:57:57.554-0300] {logging_mixin.py:154} INFO - [2023-11-14T07:57:57.553-0300] {dagbag.py:536} INFO - Filling up the DagBag from /home/gmassoqueto/repos/apache-airflow-101/.venv/lib/python3.11/site-packages/airflow/example_dags/subdags/subdag.py
[2023-11-14T07:57:57.560-0300] {processor.py:841} WARNING - No viable dags retrieved from /home/gmassoqueto/repos/apache-airflow-101/.venv/lib/python3.11/site-packages/airflow/example_dags/subdags/subdag.py
[2023-11-14T07:57:57.584-0300] {processor.py:179} INFO - Processing /home/gmassoqueto/repos/apache-airflow-101/.venv/lib/python3.11/site-packages/airflow/example_dags/subdags/subdag.py took 0.040 seconds
[2023-11-14T07:58:30.608-0300] {processor.py:157} INFO - Started process (PID=287449) to work on /home/gmassoqueto/repos/apache-airflow-101/.venv/lib/python3.11/site-packages/airflow/example_dags/subdags/subdag.py
[2023-11-14T07:58:30.612-0300] {processor.py:829} INFO - Processing file /home/gmassoqueto/repos/apache-airflow-101/.venv/lib/python3.11/site-packages/airflow/example_dags/subdags/subdag.py for tasks to queue
[2023-11-14T07:58:30.613-0300] {logging_mixin.py:154} INFO - [2023-11-14T07:58:30.613-0300] {dagbag.py:536} INFO - Filling up the DagBag from /home/gmassoqueto/repos/apache-airflow-101/.venv/lib/python3.11/site-packages/airflow/example_dags/subdags/subdag.py
[2023-11-14T07:58:30.616-0300] {processor.py:841} WARNING - No viable dags retrieved from /home/gmassoqueto/repos/apache-airflow-101/.venv/lib/python3.11/site-packages/airflow/example_dags/subdags/subdag.py
[2023-11-14T07:58:30.626-0300] {processor.py:179} INFO - Processing /home/gmassoqueto/repos/apache-airflow-101/.venv/lib/python3.11/site-packages/airflow/example_dags/subdags/subdag.py took 0.021 seconds
[2023-11-14T07:59:16.302-0300] {processor.py:157} INFO - Started process (PID=287586) to work on /home/gmassoqueto/repos/apache-airflow-101/.venv/lib/python3.11/site-packages/airflow/example_dags/subdags/subdag.py
[2023-11-14T07:59:16.307-0300] {processor.py:829} INFO - Processing file /home/gmassoqueto/repos/apache-airflow-101/.venv/lib/python3.11/site-packages/airflow/example_dags/subdags/subdag.py for tasks to queue
[2023-11-14T07:59:16.309-0300] {logging_mixin.py:154} INFO - [2023-11-14T07:59:16.308-0300] {dagbag.py:536} INFO - Filling up the DagBag from /home/gmassoqueto/repos/apache-airflow-101/.venv/lib/python3.11/site-packages/airflow/example_dags/subdags/subdag.py
[2023-11-14T07:59:16.314-0300] {processor.py:841} WARNING - No viable dags retrieved from /home/gmassoqueto/repos/apache-airflow-101/.venv/lib/python3.11/site-packages/airflow/example_dags/subdags/subdag.py
[2023-11-14T07:59:16.327-0300] {processor.py:179} INFO - Processing /home/gmassoqueto/repos/apache-airflow-101/.venv/lib/python3.11/site-packages/airflow/example_dags/subdags/subdag.py took 0.032 seconds
[2023-11-14T07:59:52.089-0300] {processor.py:157} INFO - Started process (PID=287661) to work on /home/gmassoqueto/repos/apache-airflow-101/.venv/lib/python3.11/site-packages/airflow/example_dags/subdags/subdag.py
[2023-11-14T07:59:52.094-0300] {processor.py:829} INFO - Processing file /home/gmassoqueto/repos/apache-airflow-101/.venv/lib/python3.11/site-packages/airflow/example_dags/subdags/subdag.py for tasks to queue
[2023-11-14T07:59:52.097-0300] {logging_mixin.py:154} INFO - [2023-11-14T07:59:52.096-0300] {dagbag.py:536} INFO - Filling up the DagBag from /home/gmassoqueto/repos/apache-airflow-101/.venv/lib/python3.11/site-packages/airflow/example_dags/subdags/subdag.py
[2023-11-14T07:59:52.102-0300] {processor.py:841} WARNING - No viable dags retrieved from /home/gmassoqueto/repos/apache-airflow-101/.venv/lib/python3.11/site-packages/airflow/example_dags/subdags/subdag.py
[2023-11-14T07:59:52.123-0300] {processor.py:179} INFO - Processing /home/gmassoqueto/repos/apache-airflow-101/.venv/lib/python3.11/site-packages/airflow/example_dags/subdags/subdag.py took 0.043 seconds
[2023-11-14T08:00:28.618-0300] {processor.py:157} INFO - Started process (PID=287764) to work on /home/gmassoqueto/repos/apache-airflow-101/.venv/lib/python3.11/site-packages/airflow/example_dags/subdags/subdag.py
[2023-11-14T08:00:28.622-0300] {processor.py:829} INFO - Processing file /home/gmassoqueto/repos/apache-airflow-101/.venv/lib/python3.11/site-packages/airflow/example_dags/subdags/subdag.py for tasks to queue
[2023-11-14T08:00:28.622-0300] {logging_mixin.py:154} INFO - [2023-11-14T08:00:28.622-0300] {dagbag.py:536} INFO - Filling up the DagBag from /home/gmassoqueto/repos/apache-airflow-101/.venv/lib/python3.11/site-packages/airflow/example_dags/subdags/subdag.py
[2023-11-14T08:00:28.624-0300] {processor.py:841} WARNING - No viable dags retrieved from /home/gmassoqueto/repos/apache-airflow-101/.venv/lib/python3.11/site-packages/airflow/example_dags/subdags/subdag.py
[2023-11-14T08:00:28.634-0300] {processor.py:179} INFO - Processing /home/gmassoqueto/repos/apache-airflow-101/.venv/lib/python3.11/site-packages/airflow/example_dags/subdags/subdag.py took 0.019 seconds
[2023-11-14T08:01:02.367-0300] {processor.py:157} INFO - Started process (PID=287883) to work on /home/gmassoqueto/repos/apache-airflow-101/.venv/lib/python3.11/site-packages/airflow/example_dags/subdags/subdag.py
[2023-11-14T08:01:02.372-0300] {processor.py:829} INFO - Processing file /home/gmassoqueto/repos/apache-airflow-101/.venv/lib/python3.11/site-packages/airflow/example_dags/subdags/subdag.py for tasks to queue
[2023-11-14T08:01:02.374-0300] {logging_mixin.py:154} INFO - [2023-11-14T08:01:02.373-0300] {dagbag.py:536} INFO - Filling up the DagBag from /home/gmassoqueto/repos/apache-airflow-101/.venv/lib/python3.11/site-packages/airflow/example_dags/subdags/subdag.py
[2023-11-14T08:01:02.381-0300] {processor.py:841} WARNING - No viable dags retrieved from /home/gmassoqueto/repos/apache-airflow-101/.venv/lib/python3.11/site-packages/airflow/example_dags/subdags/subdag.py
[2023-11-14T08:01:02.397-0300] {processor.py:179} INFO - Processing /home/gmassoqueto/repos/apache-airflow-101/.venv/lib/python3.11/site-packages/airflow/example_dags/subdags/subdag.py took 0.040 seconds
[2023-11-14T08:01:48.354-0300] {processor.py:157} INFO - Started process (PID=288063) to work on /home/gmassoqueto/repos/apache-airflow-101/.venv/lib/python3.11/site-packages/airflow/example_dags/subdags/subdag.py
[2023-11-14T08:01:48.358-0300] {processor.py:829} INFO - Processing file /home/gmassoqueto/repos/apache-airflow-101/.venv/lib/python3.11/site-packages/airflow/example_dags/subdags/subdag.py for tasks to queue
[2023-11-14T08:01:48.359-0300] {logging_mixin.py:154} INFO - [2023-11-14T08:01:48.358-0300] {dagbag.py:536} INFO - Filling up the DagBag from /home/gmassoqueto/repos/apache-airflow-101/.venv/lib/python3.11/site-packages/airflow/example_dags/subdags/subdag.py
[2023-11-14T08:01:48.361-0300] {processor.py:841} WARNING - No viable dags retrieved from /home/gmassoqueto/repos/apache-airflow-101/.venv/lib/python3.11/site-packages/airflow/example_dags/subdags/subdag.py
[2023-11-14T08:01:48.375-0300] {processor.py:179} INFO - Processing /home/gmassoqueto/repos/apache-airflow-101/.venv/lib/python3.11/site-packages/airflow/example_dags/subdags/subdag.py took 0.024 seconds
[2023-11-14T08:02:21.138-0300] {processor.py:157} INFO - Started process (PID=288157) to work on /home/gmassoqueto/repos/apache-airflow-101/.venv/lib/python3.11/site-packages/airflow/example_dags/subdags/subdag.py
[2023-11-14T08:02:21.142-0300] {processor.py:829} INFO - Processing file /home/gmassoqueto/repos/apache-airflow-101/.venv/lib/python3.11/site-packages/airflow/example_dags/subdags/subdag.py for tasks to queue
[2023-11-14T08:02:21.143-0300] {logging_mixin.py:154} INFO - [2023-11-14T08:02:21.143-0300] {dagbag.py:536} INFO - Filling up the DagBag from /home/gmassoqueto/repos/apache-airflow-101/.venv/lib/python3.11/site-packages/airflow/example_dags/subdags/subdag.py
[2023-11-14T08:02:21.147-0300] {processor.py:841} WARNING - No viable dags retrieved from /home/gmassoqueto/repos/apache-airflow-101/.venv/lib/python3.11/site-packages/airflow/example_dags/subdags/subdag.py
[2023-11-14T08:02:21.163-0300] {processor.py:179} INFO - Processing /home/gmassoqueto/repos/apache-airflow-101/.venv/lib/python3.11/site-packages/airflow/example_dags/subdags/subdag.py took 0.032 seconds
[2023-11-14T08:02:53.350-0300] {processor.py:157} INFO - Started process (PID=288292) to work on /home/gmassoqueto/repos/apache-airflow-101/.venv/lib/python3.11/site-packages/airflow/example_dags/subdags/subdag.py
[2023-11-14T08:02:53.354-0300] {processor.py:829} INFO - Processing file /home/gmassoqueto/repos/apache-airflow-101/.venv/lib/python3.11/site-packages/airflow/example_dags/subdags/subdag.py for tasks to queue
[2023-11-14T08:02:53.355-0300] {logging_mixin.py:154} INFO - [2023-11-14T08:02:53.355-0300] {dagbag.py:536} INFO - Filling up the DagBag from /home/gmassoqueto/repos/apache-airflow-101/.venv/lib/python3.11/site-packages/airflow/example_dags/subdags/subdag.py
[2023-11-14T08:02:53.357-0300] {processor.py:841} WARNING - No viable dags retrieved from /home/gmassoqueto/repos/apache-airflow-101/.venv/lib/python3.11/site-packages/airflow/example_dags/subdags/subdag.py
[2023-11-14T08:02:53.363-0300] {processor.py:179} INFO - Processing /home/gmassoqueto/repos/apache-airflow-101/.venv/lib/python3.11/site-packages/airflow/example_dags/subdags/subdag.py took 0.015 seconds
[2023-11-14T08:03:25.386-0300] {processor.py:157} INFO - Started process (PID=288392) to work on /home/gmassoqueto/repos/apache-airflow-101/.venv/lib/python3.11/site-packages/airflow/example_dags/subdags/subdag.py
[2023-11-14T08:03:25.390-0300] {processor.py:829} INFO - Processing file /home/gmassoqueto/repos/apache-airflow-101/.venv/lib/python3.11/site-packages/airflow/example_dags/subdags/subdag.py for tasks to queue
[2023-11-14T08:03:25.391-0300] {logging_mixin.py:154} INFO - [2023-11-14T08:03:25.391-0300] {dagbag.py:536} INFO - Filling up the DagBag from /home/gmassoqueto/repos/apache-airflow-101/.venv/lib/python3.11/site-packages/airflow/example_dags/subdags/subdag.py
[2023-11-14T08:03:25.393-0300] {processor.py:841} WARNING - No viable dags retrieved from /home/gmassoqueto/repos/apache-airflow-101/.venv/lib/python3.11/site-packages/airflow/example_dags/subdags/subdag.py
[2023-11-14T08:03:25.403-0300] {processor.py:179} INFO - Processing /home/gmassoqueto/repos/apache-airflow-101/.venv/lib/python3.11/site-packages/airflow/example_dags/subdags/subdag.py took 0.020 seconds
[2023-11-14T08:03:58.125-0300] {processor.py:157} INFO - Started process (PID=288774) to work on /home/gmassoqueto/repos/apache-airflow-101/.venv/lib/python3.11/site-packages/airflow/example_dags/subdags/subdag.py
[2023-11-14T08:03:58.130-0300] {processor.py:829} INFO - Processing file /home/gmassoqueto/repos/apache-airflow-101/.venv/lib/python3.11/site-packages/airflow/example_dags/subdags/subdag.py for tasks to queue
[2023-11-14T08:03:58.132-0300] {logging_mixin.py:154} INFO - [2023-11-14T08:03:58.131-0300] {dagbag.py:536} INFO - Filling up the DagBag from /home/gmassoqueto/repos/apache-airflow-101/.venv/lib/python3.11/site-packages/airflow/example_dags/subdags/subdag.py
[2023-11-14T08:03:58.137-0300] {processor.py:841} WARNING - No viable dags retrieved from /home/gmassoqueto/repos/apache-airflow-101/.venv/lib/python3.11/site-packages/airflow/example_dags/subdags/subdag.py
[2023-11-14T08:03:58.158-0300] {processor.py:179} INFO - Processing /home/gmassoqueto/repos/apache-airflow-101/.venv/lib/python3.11/site-packages/airflow/example_dags/subdags/subdag.py took 0.036 seconds
[2023-11-14T08:04:31.109-0300] {processor.py:157} INFO - Started process (PID=288895) to work on /home/gmassoqueto/repos/apache-airflow-101/.venv/lib/python3.11/site-packages/airflow/example_dags/subdags/subdag.py
[2023-11-14T08:04:31.112-0300] {processor.py:829} INFO - Processing file /home/gmassoqueto/repos/apache-airflow-101/.venv/lib/python3.11/site-packages/airflow/example_dags/subdags/subdag.py for tasks to queue
[2023-11-14T08:04:31.113-0300] {logging_mixin.py:154} INFO - [2023-11-14T08:04:31.112-0300] {dagbag.py:536} INFO - Filling up the DagBag from /home/gmassoqueto/repos/apache-airflow-101/.venv/lib/python3.11/site-packages/airflow/example_dags/subdags/subdag.py
[2023-11-14T08:04:31.114-0300] {processor.py:841} WARNING - No viable dags retrieved from /home/gmassoqueto/repos/apache-airflow-101/.venv/lib/python3.11/site-packages/airflow/example_dags/subdags/subdag.py
[2023-11-14T08:04:31.124-0300] {processor.py:179} INFO - Processing /home/gmassoqueto/repos/apache-airflow-101/.venv/lib/python3.11/site-packages/airflow/example_dags/subdags/subdag.py took 0.017 seconds
[2023-11-14T08:05:06.409-0300] {processor.py:157} INFO - Started process (PID=288999) to work on /home/gmassoqueto/repos/apache-airflow-101/.venv/lib/python3.11/site-packages/airflow/example_dags/subdags/subdag.py
[2023-11-14T08:05:06.414-0300] {processor.py:829} INFO - Processing file /home/gmassoqueto/repos/apache-airflow-101/.venv/lib/python3.11/site-packages/airflow/example_dags/subdags/subdag.py for tasks to queue
[2023-11-14T08:05:06.417-0300] {logging_mixin.py:154} INFO - [2023-11-14T08:05:06.416-0300] {dagbag.py:536} INFO - Filling up the DagBag from /home/gmassoqueto/repos/apache-airflow-101/.venv/lib/python3.11/site-packages/airflow/example_dags/subdags/subdag.py
[2023-11-14T08:05:06.423-0300] {processor.py:841} WARNING - No viable dags retrieved from /home/gmassoqueto/repos/apache-airflow-101/.venv/lib/python3.11/site-packages/airflow/example_dags/subdags/subdag.py
[2023-11-14T08:05:06.437-0300] {processor.py:179} INFO - Processing /home/gmassoqueto/repos/apache-airflow-101/.venv/lib/python3.11/site-packages/airflow/example_dags/subdags/subdag.py took 0.036 seconds
[2023-11-14T08:05:54.282-0300] {processor.py:157} INFO - Started process (PID=289112) to work on /home/gmassoqueto/repos/apache-airflow-101/.venv/lib/python3.11/site-packages/airflow/example_dags/subdags/subdag.py
[2023-11-14T08:05:54.286-0300] {processor.py:829} INFO - Processing file /home/gmassoqueto/repos/apache-airflow-101/.venv/lib/python3.11/site-packages/airflow/example_dags/subdags/subdag.py for tasks to queue
[2023-11-14T08:05:54.287-0300] {logging_mixin.py:154} INFO - [2023-11-14T08:05:54.287-0300] {dagbag.py:536} INFO - Filling up the DagBag from /home/gmassoqueto/repos/apache-airflow-101/.venv/lib/python3.11/site-packages/airflow/example_dags/subdags/subdag.py
[2023-11-14T08:05:54.289-0300] {processor.py:841} WARNING - No viable dags retrieved from /home/gmassoqueto/repos/apache-airflow-101/.venv/lib/python3.11/site-packages/airflow/example_dags/subdags/subdag.py
[2023-11-14T08:05:54.298-0300] {processor.py:179} INFO - Processing /home/gmassoqueto/repos/apache-airflow-101/.venv/lib/python3.11/site-packages/airflow/example_dags/subdags/subdag.py took 0.018 seconds
[2023-11-14T08:06:26.513-0300] {processor.py:157} INFO - Started process (PID=289208) to work on /home/gmassoqueto/repos/apache-airflow-101/.venv/lib/python3.11/site-packages/airflow/example_dags/subdags/subdag.py
[2023-11-14T08:06:26.518-0300] {processor.py:829} INFO - Processing file /home/gmassoqueto/repos/apache-airflow-101/.venv/lib/python3.11/site-packages/airflow/example_dags/subdags/subdag.py for tasks to queue
[2023-11-14T08:06:26.520-0300] {logging_mixin.py:154} INFO - [2023-11-14T08:06:26.519-0300] {dagbag.py:536} INFO - Filling up the DagBag from /home/gmassoqueto/repos/apache-airflow-101/.venv/lib/python3.11/site-packages/airflow/example_dags/subdags/subdag.py
[2023-11-14T08:06:26.526-0300] {processor.py:841} WARNING - No viable dags retrieved from /home/gmassoqueto/repos/apache-airflow-101/.venv/lib/python3.11/site-packages/airflow/example_dags/subdags/subdag.py
[2023-11-14T08:06:26.545-0300] {processor.py:179} INFO - Processing /home/gmassoqueto/repos/apache-airflow-101/.venv/lib/python3.11/site-packages/airflow/example_dags/subdags/subdag.py took 0.040 seconds
[2023-11-14T08:06:58.747-0300] {processor.py:157} INFO - Started process (PID=289291) to work on /home/gmassoqueto/repos/apache-airflow-101/.venv/lib/python3.11/site-packages/airflow/example_dags/subdags/subdag.py
[2023-11-14T08:06:58.751-0300] {processor.py:829} INFO - Processing file /home/gmassoqueto/repos/apache-airflow-101/.venv/lib/python3.11/site-packages/airflow/example_dags/subdags/subdag.py for tasks to queue
[2023-11-14T08:06:58.752-0300] {logging_mixin.py:154} INFO - [2023-11-14T08:06:58.752-0300] {dagbag.py:536} INFO - Filling up the DagBag from /home/gmassoqueto/repos/apache-airflow-101/.venv/lib/python3.11/site-packages/airflow/example_dags/subdags/subdag.py
[2023-11-14T08:06:58.754-0300] {processor.py:841} WARNING - No viable dags retrieved from /home/gmassoqueto/repos/apache-airflow-101/.venv/lib/python3.11/site-packages/airflow/example_dags/subdags/subdag.py
[2023-11-14T08:06:58.766-0300] {processor.py:179} INFO - Processing /home/gmassoqueto/repos/apache-airflow-101/.venv/lib/python3.11/site-packages/airflow/example_dags/subdags/subdag.py took 0.022 seconds
[2023-11-14T08:07:30.374-0300] {processor.py:157} INFO - Started process (PID=289430) to work on /home/gmassoqueto/repos/apache-airflow-101/.venv/lib/python3.11/site-packages/airflow/example_dags/subdags/subdag.py
[2023-11-14T08:07:30.379-0300] {processor.py:829} INFO - Processing file /home/gmassoqueto/repos/apache-airflow-101/.venv/lib/python3.11/site-packages/airflow/example_dags/subdags/subdag.py for tasks to queue
[2023-11-14T08:07:30.381-0300] {logging_mixin.py:154} INFO - [2023-11-14T08:07:30.380-0300] {dagbag.py:536} INFO - Filling up the DagBag from /home/gmassoqueto/repos/apache-airflow-101/.venv/lib/python3.11/site-packages/airflow/example_dags/subdags/subdag.py
[2023-11-14T08:07:30.388-0300] {processor.py:841} WARNING - No viable dags retrieved from /home/gmassoqueto/repos/apache-airflow-101/.venv/lib/python3.11/site-packages/airflow/example_dags/subdags/subdag.py
[2023-11-14T08:07:30.407-0300] {processor.py:179} INFO - Processing /home/gmassoqueto/repos/apache-airflow-101/.venv/lib/python3.11/site-packages/airflow/example_dags/subdags/subdag.py took 0.041 seconds
[2023-11-14T08:08:06.141-0300] {processor.py:157} INFO - Started process (PID=289610) to work on /home/gmassoqueto/repos/apache-airflow-101/.venv/lib/python3.11/site-packages/airflow/example_dags/subdags/subdag.py
[2023-11-14T08:08:06.142-0300] {processor.py:829} INFO - Processing file /home/gmassoqueto/repos/apache-airflow-101/.venv/lib/python3.11/site-packages/airflow/example_dags/subdags/subdag.py for tasks to queue
[2023-11-14T08:08:06.144-0300] {logging_mixin.py:154} INFO - [2023-11-14T08:08:06.144-0300] {dagbag.py:536} INFO - Filling up the DagBag from /home/gmassoqueto/repos/apache-airflow-101/.venv/lib/python3.11/site-packages/airflow/example_dags/subdags/subdag.py
[2023-11-14T08:08:06.147-0300] {processor.py:841} WARNING - No viable dags retrieved from /home/gmassoqueto/repos/apache-airflow-101/.venv/lib/python3.11/site-packages/airflow/example_dags/subdags/subdag.py
[2023-11-14T08:08:06.164-0300] {processor.py:179} INFO - Processing /home/gmassoqueto/repos/apache-airflow-101/.venv/lib/python3.11/site-packages/airflow/example_dags/subdags/subdag.py took 0.026 seconds
[2023-11-14T08:08:51.365-0300] {processor.py:157} INFO - Started process (PID=289931) to work on /home/gmassoqueto/repos/apache-airflow-101/.venv/lib/python3.11/site-packages/airflow/example_dags/subdags/subdag.py
[2023-11-14T08:08:51.371-0300] {processor.py:829} INFO - Processing file /home/gmassoqueto/repos/apache-airflow-101/.venv/lib/python3.11/site-packages/airflow/example_dags/subdags/subdag.py for tasks to queue
[2023-11-14T08:08:51.374-0300] {logging_mixin.py:154} INFO - [2023-11-14T08:08:51.372-0300] {dagbag.py:536} INFO - Filling up the DagBag from /home/gmassoqueto/repos/apache-airflow-101/.venv/lib/python3.11/site-packages/airflow/example_dags/subdags/subdag.py
[2023-11-14T08:08:51.380-0300] {processor.py:841} WARNING - No viable dags retrieved from /home/gmassoqueto/repos/apache-airflow-101/.venv/lib/python3.11/site-packages/airflow/example_dags/subdags/subdag.py
[2023-11-14T08:08:51.416-0300] {processor.py:179} INFO - Processing /home/gmassoqueto/repos/apache-airflow-101/.venv/lib/python3.11/site-packages/airflow/example_dags/subdags/subdag.py took 0.061 seconds
[2023-11-14T08:09:43.695-0300] {processor.py:157} INFO - Started process (PID=290200) to work on /home/gmassoqueto/repos/apache-airflow-101/.venv/lib/python3.11/site-packages/airflow/example_dags/subdags/subdag.py
[2023-11-14T08:09:43.698-0300] {processor.py:829} INFO - Processing file /home/gmassoqueto/repos/apache-airflow-101/.venv/lib/python3.11/site-packages/airflow/example_dags/subdags/subdag.py for tasks to queue
[2023-11-14T08:09:43.700-0300] {logging_mixin.py:154} INFO - [2023-11-14T08:09:43.699-0300] {dagbag.py:536} INFO - Filling up the DagBag from /home/gmassoqueto/repos/apache-airflow-101/.venv/lib/python3.11/site-packages/airflow/example_dags/subdags/subdag.py
[2023-11-14T08:09:43.704-0300] {processor.py:841} WARNING - No viable dags retrieved from /home/gmassoqueto/repos/apache-airflow-101/.venv/lib/python3.11/site-packages/airflow/example_dags/subdags/subdag.py
[2023-11-14T08:09:43.729-0300] {processor.py:179} INFO - Processing /home/gmassoqueto/repos/apache-airflow-101/.venv/lib/python3.11/site-packages/airflow/example_dags/subdags/subdag.py took 0.040 seconds
[2023-11-14T08:10:34.068-0300] {processor.py:157} INFO - Started process (PID=291018) to work on /home/gmassoqueto/repos/apache-airflow-101/.venv/lib/python3.11/site-packages/airflow/example_dags/subdags/subdag.py
[2023-11-14T08:10:34.072-0300] {processor.py:829} INFO - Processing file /home/gmassoqueto/repos/apache-airflow-101/.venv/lib/python3.11/site-packages/airflow/example_dags/subdags/subdag.py for tasks to queue
[2023-11-14T08:10:34.074-0300] {logging_mixin.py:154} INFO - [2023-11-14T08:10:34.073-0300] {dagbag.py:536} INFO - Filling up the DagBag from /home/gmassoqueto/repos/apache-airflow-101/.venv/lib/python3.11/site-packages/airflow/example_dags/subdags/subdag.py
[2023-11-14T08:10:34.079-0300] {processor.py:841} WARNING - No viable dags retrieved from /home/gmassoqueto/repos/apache-airflow-101/.venv/lib/python3.11/site-packages/airflow/example_dags/subdags/subdag.py
[2023-11-14T08:10:34.101-0300] {processor.py:179} INFO - Processing /home/gmassoqueto/repos/apache-airflow-101/.venv/lib/python3.11/site-packages/airflow/example_dags/subdags/subdag.py took 0.037 seconds
[2023-11-14T08:11:10.277-0300] {processor.py:157} INFO - Started process (PID=291143) to work on /home/gmassoqueto/repos/apache-airflow-101/.venv/lib/python3.11/site-packages/airflow/example_dags/subdags/subdag.py
[2023-11-14T08:11:10.281-0300] {processor.py:829} INFO - Processing file /home/gmassoqueto/repos/apache-airflow-101/.venv/lib/python3.11/site-packages/airflow/example_dags/subdags/subdag.py for tasks to queue
[2023-11-14T08:11:10.282-0300] {logging_mixin.py:154} INFO - [2023-11-14T08:11:10.281-0300] {dagbag.py:536} INFO - Filling up the DagBag from /home/gmassoqueto/repos/apache-airflow-101/.venv/lib/python3.11/site-packages/airflow/example_dags/subdags/subdag.py
[2023-11-14T08:11:10.284-0300] {processor.py:841} WARNING - No viable dags retrieved from /home/gmassoqueto/repos/apache-airflow-101/.venv/lib/python3.11/site-packages/airflow/example_dags/subdags/subdag.py
[2023-11-14T08:11:10.294-0300] {processor.py:179} INFO - Processing /home/gmassoqueto/repos/apache-airflow-101/.venv/lib/python3.11/site-packages/airflow/example_dags/subdags/subdag.py took 0.019 seconds
[2023-11-14T08:11:43.035-0300] {processor.py:157} INFO - Started process (PID=291249) to work on /home/gmassoqueto/repos/apache-airflow-101/.venv/lib/python3.11/site-packages/airflow/example_dags/subdags/subdag.py
[2023-11-14T08:11:43.039-0300] {processor.py:829} INFO - Processing file /home/gmassoqueto/repos/apache-airflow-101/.venv/lib/python3.11/site-packages/airflow/example_dags/subdags/subdag.py for tasks to queue
[2023-11-14T08:11:43.039-0300] {logging_mixin.py:154} INFO - [2023-11-14T08:11:43.039-0300] {dagbag.py:536} INFO - Filling up the DagBag from /home/gmassoqueto/repos/apache-airflow-101/.venv/lib/python3.11/site-packages/airflow/example_dags/subdags/subdag.py
[2023-11-14T08:11:43.041-0300] {processor.py:841} WARNING - No viable dags retrieved from /home/gmassoqueto/repos/apache-airflow-101/.venv/lib/python3.11/site-packages/airflow/example_dags/subdags/subdag.py
[2023-11-14T08:11:43.053-0300] {processor.py:179} INFO - Processing /home/gmassoqueto/repos/apache-airflow-101/.venv/lib/python3.11/site-packages/airflow/example_dags/subdags/subdag.py took 0.022 seconds
[2023-11-14T08:12:27.950-0300] {processor.py:157} INFO - Started process (PID=291462) to work on /home/gmassoqueto/repos/apache-airflow-101/.venv/lib/python3.11/site-packages/airflow/example_dags/subdags/subdag.py
[2023-11-14T08:12:27.951-0300] {processor.py:829} INFO - Processing file /home/gmassoqueto/repos/apache-airflow-101/.venv/lib/python3.11/site-packages/airflow/example_dags/subdags/subdag.py for tasks to queue
[2023-11-14T08:12:27.952-0300] {logging_mixin.py:154} INFO - [2023-11-14T08:12:27.951-0300] {dagbag.py:536} INFO - Filling up the DagBag from /home/gmassoqueto/repos/apache-airflow-101/.venv/lib/python3.11/site-packages/airflow/example_dags/subdags/subdag.py
[2023-11-14T08:12:27.953-0300] {processor.py:841} WARNING - No viable dags retrieved from /home/gmassoqueto/repos/apache-airflow-101/.venv/lib/python3.11/site-packages/airflow/example_dags/subdags/subdag.py
[2023-11-14T08:12:27.964-0300] {processor.py:179} INFO - Processing /home/gmassoqueto/repos/apache-airflow-101/.venv/lib/python3.11/site-packages/airflow/example_dags/subdags/subdag.py took 0.016 seconds
[2023-11-14T08:13:13.452-0300] {processor.py:157} INFO - Started process (PID=291601) to work on /home/gmassoqueto/repos/apache-airflow-101/.venv/lib/python3.11/site-packages/airflow/example_dags/subdags/subdag.py
[2023-11-14T08:13:13.457-0300] {processor.py:829} INFO - Processing file /home/gmassoqueto/repos/apache-airflow-101/.venv/lib/python3.11/site-packages/airflow/example_dags/subdags/subdag.py for tasks to queue
[2023-11-14T08:13:13.459-0300] {logging_mixin.py:154} INFO - [2023-11-14T08:13:13.458-0300] {dagbag.py:536} INFO - Filling up the DagBag from /home/gmassoqueto/repos/apache-airflow-101/.venv/lib/python3.11/site-packages/airflow/example_dags/subdags/subdag.py
[2023-11-14T08:13:13.464-0300] {processor.py:841} WARNING - No viable dags retrieved from /home/gmassoqueto/repos/apache-airflow-101/.venv/lib/python3.11/site-packages/airflow/example_dags/subdags/subdag.py
[2023-11-14T08:13:13.477-0300] {processor.py:179} INFO - Processing /home/gmassoqueto/repos/apache-airflow-101/.venv/lib/python3.11/site-packages/airflow/example_dags/subdags/subdag.py took 0.031 seconds
[2023-11-14T08:13:44.042-0300] {processor.py:157} INFO - Started process (PID=291659) to work on /home/gmassoqueto/repos/apache-airflow-101/.venv/lib/python3.11/site-packages/airflow/example_dags/subdags/subdag.py
[2023-11-14T08:13:44.044-0300] {processor.py:829} INFO - Processing file /home/gmassoqueto/repos/apache-airflow-101/.venv/lib/python3.11/site-packages/airflow/example_dags/subdags/subdag.py for tasks to queue
[2023-11-14T08:13:44.045-0300] {logging_mixin.py:154} INFO - [2023-11-14T08:13:44.045-0300] {dagbag.py:536} INFO - Filling up the DagBag from /home/gmassoqueto/repos/apache-airflow-101/.venv/lib/python3.11/site-packages/airflow/example_dags/subdags/subdag.py
[2023-11-14T08:13:44.047-0300] {processor.py:841} WARNING - No viable dags retrieved from /home/gmassoqueto/repos/apache-airflow-101/.venv/lib/python3.11/site-packages/airflow/example_dags/subdags/subdag.py
[2023-11-14T08:13:44.059-0300] {processor.py:179} INFO - Processing /home/gmassoqueto/repos/apache-airflow-101/.venv/lib/python3.11/site-packages/airflow/example_dags/subdags/subdag.py took 0.020 seconds
[2023-11-14T08:14:15.298-0300] {processor.py:157} INFO - Started process (PID=291715) to work on /home/gmassoqueto/repos/apache-airflow-101/.venv/lib/python3.11/site-packages/airflow/example_dags/subdags/subdag.py
[2023-11-14T08:14:15.302-0300] {processor.py:829} INFO - Processing file /home/gmassoqueto/repos/apache-airflow-101/.venv/lib/python3.11/site-packages/airflow/example_dags/subdags/subdag.py for tasks to queue
[2023-11-14T08:14:15.303-0300] {logging_mixin.py:154} INFO - [2023-11-14T08:14:15.303-0300] {dagbag.py:536} INFO - Filling up the DagBag from /home/gmassoqueto/repos/apache-airflow-101/.venv/lib/python3.11/site-packages/airflow/example_dags/subdags/subdag.py
[2023-11-14T08:14:15.306-0300] {processor.py:841} WARNING - No viable dags retrieved from /home/gmassoqueto/repos/apache-airflow-101/.venv/lib/python3.11/site-packages/airflow/example_dags/subdags/subdag.py
[2023-11-14T08:14:15.319-0300] {processor.py:179} INFO - Processing /home/gmassoqueto/repos/apache-airflow-101/.venv/lib/python3.11/site-packages/airflow/example_dags/subdags/subdag.py took 0.024 seconds
[2023-11-14T08:14:49.150-0300] {processor.py:157} INFO - Started process (PID=291850) to work on /home/gmassoqueto/repos/apache-airflow-101/.venv/lib/python3.11/site-packages/airflow/example_dags/subdags/subdag.py
[2023-11-14T08:14:49.154-0300] {processor.py:829} INFO - Processing file /home/gmassoqueto/repos/apache-airflow-101/.venv/lib/python3.11/site-packages/airflow/example_dags/subdags/subdag.py for tasks to queue
[2023-11-14T08:14:49.155-0300] {logging_mixin.py:154} INFO - [2023-11-14T08:14:49.155-0300] {dagbag.py:536} INFO - Filling up the DagBag from /home/gmassoqueto/repos/apache-airflow-101/.venv/lib/python3.11/site-packages/airflow/example_dags/subdags/subdag.py
[2023-11-14T08:14:49.157-0300] {processor.py:841} WARNING - No viable dags retrieved from /home/gmassoqueto/repos/apache-airflow-101/.venv/lib/python3.11/site-packages/airflow/example_dags/subdags/subdag.py
[2023-11-14T08:14:49.170-0300] {processor.py:179} INFO - Processing /home/gmassoqueto/repos/apache-airflow-101/.venv/lib/python3.11/site-packages/airflow/example_dags/subdags/subdag.py took 0.022 seconds
[2023-11-14T08:15:20.749-0300] {processor.py:157} INFO - Started process (PID=291906) to work on /home/gmassoqueto/repos/apache-airflow-101/.venv/lib/python3.11/site-packages/airflow/example_dags/subdags/subdag.py
[2023-11-14T08:15:20.750-0300] {processor.py:829} INFO - Processing file /home/gmassoqueto/repos/apache-airflow-101/.venv/lib/python3.11/site-packages/airflow/example_dags/subdags/subdag.py for tasks to queue
[2023-11-14T08:15:20.752-0300] {logging_mixin.py:154} INFO - [2023-11-14T08:15:20.751-0300] {dagbag.py:536} INFO - Filling up the DagBag from /home/gmassoqueto/repos/apache-airflow-101/.venv/lib/python3.11/site-packages/airflow/example_dags/subdags/subdag.py
[2023-11-14T08:15:20.756-0300] {processor.py:841} WARNING - No viable dags retrieved from /home/gmassoqueto/repos/apache-airflow-101/.venv/lib/python3.11/site-packages/airflow/example_dags/subdags/subdag.py
[2023-11-14T08:15:20.775-0300] {processor.py:179} INFO - Processing /home/gmassoqueto/repos/apache-airflow-101/.venv/lib/python3.11/site-packages/airflow/example_dags/subdags/subdag.py took 0.032 seconds
[2023-11-14T08:15:52.290-0300] {processor.py:157} INFO - Started process (PID=291966) to work on /home/gmassoqueto/repos/apache-airflow-101/.venv/lib/python3.11/site-packages/airflow/example_dags/subdags/subdag.py
[2023-11-14T08:15:52.294-0300] {processor.py:829} INFO - Processing file /home/gmassoqueto/repos/apache-airflow-101/.venv/lib/python3.11/site-packages/airflow/example_dags/subdags/subdag.py for tasks to queue
[2023-11-14T08:15:52.295-0300] {logging_mixin.py:154} INFO - [2023-11-14T08:15:52.295-0300] {dagbag.py:536} INFO - Filling up the DagBag from /home/gmassoqueto/repos/apache-airflow-101/.venv/lib/python3.11/site-packages/airflow/example_dags/subdags/subdag.py
[2023-11-14T08:15:52.297-0300] {processor.py:841} WARNING - No viable dags retrieved from /home/gmassoqueto/repos/apache-airflow-101/.venv/lib/python3.11/site-packages/airflow/example_dags/subdags/subdag.py
[2023-11-14T08:15:52.305-0300] {processor.py:179} INFO - Processing /home/gmassoqueto/repos/apache-airflow-101/.venv/lib/python3.11/site-packages/airflow/example_dags/subdags/subdag.py took 0.018 seconds
[2023-11-14T08:16:24.209-0300] {processor.py:157} INFO - Started process (PID=292018) to work on /home/gmassoqueto/repos/apache-airflow-101/.venv/lib/python3.11/site-packages/airflow/example_dags/subdags/subdag.py
[2023-11-14T08:16:24.212-0300] {processor.py:829} INFO - Processing file /home/gmassoqueto/repos/apache-airflow-101/.venv/lib/python3.11/site-packages/airflow/example_dags/subdags/subdag.py for tasks to queue
[2023-11-14T08:16:24.213-0300] {logging_mixin.py:154} INFO - [2023-11-14T08:16:24.213-0300] {dagbag.py:536} INFO - Filling up the DagBag from /home/gmassoqueto/repos/apache-airflow-101/.venv/lib/python3.11/site-packages/airflow/example_dags/subdags/subdag.py
[2023-11-14T08:16:24.215-0300] {processor.py:841} WARNING - No viable dags retrieved from /home/gmassoqueto/repos/apache-airflow-101/.venv/lib/python3.11/site-packages/airflow/example_dags/subdags/subdag.py
[2023-11-14T08:16:24.223-0300] {processor.py:179} INFO - Processing /home/gmassoqueto/repos/apache-airflow-101/.venv/lib/python3.11/site-packages/airflow/example_dags/subdags/subdag.py took 0.016 seconds
[2023-11-14T08:16:57.832-0300] {processor.py:157} INFO - Started process (PID=292075) to work on /home/gmassoqueto/repos/apache-airflow-101/.venv/lib/python3.11/site-packages/airflow/example_dags/subdags/subdag.py
[2023-11-14T08:16:57.836-0300] {processor.py:829} INFO - Processing file /home/gmassoqueto/repos/apache-airflow-101/.venv/lib/python3.11/site-packages/airflow/example_dags/subdags/subdag.py for tasks to queue
[2023-11-14T08:16:57.836-0300] {logging_mixin.py:154} INFO - [2023-11-14T08:16:57.836-0300] {dagbag.py:536} INFO - Filling up the DagBag from /home/gmassoqueto/repos/apache-airflow-101/.venv/lib/python3.11/site-packages/airflow/example_dags/subdags/subdag.py
[2023-11-14T08:16:57.838-0300] {processor.py:841} WARNING - No viable dags retrieved from /home/gmassoqueto/repos/apache-airflow-101/.venv/lib/python3.11/site-packages/airflow/example_dags/subdags/subdag.py
[2023-11-14T08:16:57.847-0300] {processor.py:179} INFO - Processing /home/gmassoqueto/repos/apache-airflow-101/.venv/lib/python3.11/site-packages/airflow/example_dags/subdags/subdag.py took 0.018 seconds
[2023-11-14T08:17:32.199-0300] {processor.py:157} INFO - Started process (PID=292148) to work on /home/gmassoqueto/repos/apache-airflow-101/.venv/lib/python3.11/site-packages/airflow/example_dags/subdags/subdag.py
[2023-11-14T08:17:32.203-0300] {processor.py:829} INFO - Processing file /home/gmassoqueto/repos/apache-airflow-101/.venv/lib/python3.11/site-packages/airflow/example_dags/subdags/subdag.py for tasks to queue
[2023-11-14T08:17:32.204-0300] {logging_mixin.py:154} INFO - [2023-11-14T08:17:32.203-0300] {dagbag.py:536} INFO - Filling up the DagBag from /home/gmassoqueto/repos/apache-airflow-101/.venv/lib/python3.11/site-packages/airflow/example_dags/subdags/subdag.py
[2023-11-14T08:17:32.205-0300] {processor.py:841} WARNING - No viable dags retrieved from /home/gmassoqueto/repos/apache-airflow-101/.venv/lib/python3.11/site-packages/airflow/example_dags/subdags/subdag.py
[2023-11-14T08:17:32.213-0300] {processor.py:179} INFO - Processing /home/gmassoqueto/repos/apache-airflow-101/.venv/lib/python3.11/site-packages/airflow/example_dags/subdags/subdag.py took 0.016 seconds
[2023-11-14T08:18:03.639-0300] {processor.py:157} INFO - Started process (PID=292215) to work on /home/gmassoqueto/repos/apache-airflow-101/.venv/lib/python3.11/site-packages/airflow/example_dags/subdags/subdag.py
[2023-11-14T08:18:03.643-0300] {processor.py:829} INFO - Processing file /home/gmassoqueto/repos/apache-airflow-101/.venv/lib/python3.11/site-packages/airflow/example_dags/subdags/subdag.py for tasks to queue
[2023-11-14T08:18:03.644-0300] {logging_mixin.py:154} INFO - [2023-11-14T08:18:03.644-0300] {dagbag.py:536} INFO - Filling up the DagBag from /home/gmassoqueto/repos/apache-airflow-101/.venv/lib/python3.11/site-packages/airflow/example_dags/subdags/subdag.py
[2023-11-14T08:18:03.647-0300] {processor.py:841} WARNING - No viable dags retrieved from /home/gmassoqueto/repos/apache-airflow-101/.venv/lib/python3.11/site-packages/airflow/example_dags/subdags/subdag.py
[2023-11-14T08:18:03.662-0300] {processor.py:179} INFO - Processing /home/gmassoqueto/repos/apache-airflow-101/.venv/lib/python3.11/site-packages/airflow/example_dags/subdags/subdag.py took 0.028 seconds
