[2023-11-14T07:03:18.541-0300] {processor.py:157} INFO - Started process (PID=284661) to work on /home/gmassoqueto/repos/apache-airflow-101/.venv/lib/python3.11/site-packages/airflow/example_dags/plugins/event_listener.py
[2023-11-14T07:03:18.542-0300] {processor.py:829} INFO - Processing file /home/gmassoqueto/repos/apache-airflow-101/.venv/lib/python3.11/site-packages/airflow/example_dags/plugins/event_listener.py for tasks to queue
[2023-11-14T07:03:18.543-0300] {logging_mixin.py:154} INFO - [2023-11-14T07:03:18.543-0300] {dagbag.py:536} INFO - Filling up the DagBag from /home/gmassoqueto/repos/apache-airflow-101/.venv/lib/python3.11/site-packages/airflow/example_dags/plugins/event_listener.py
[2023-11-14T07:03:18.546-0300] {processor.py:841} WARNING - No viable dags retrieved from /home/gmassoqueto/repos/apache-airflow-101/.venv/lib/python3.11/site-packages/airflow/example_dags/plugins/event_listener.py
[2023-11-14T07:03:18.555-0300] {processor.py:179} INFO - Processing /home/gmassoqueto/repos/apache-airflow-101/.venv/lib/python3.11/site-packages/airflow/example_dags/plugins/event_listener.py took 0.017 seconds
[2023-11-14T07:04:02.443-0300] {processor.py:157} INFO - Started process (PID=284825) to work on /home/gmassoqueto/repos/apache-airflow-101/.venv/lib/python3.11/site-packages/airflow/example_dags/plugins/event_listener.py
[2023-11-14T07:04:02.447-0300] {processor.py:829} INFO - Processing file /home/gmassoqueto/repos/apache-airflow-101/.venv/lib/python3.11/site-packages/airflow/example_dags/plugins/event_listener.py for tasks to queue
[2023-11-14T07:04:02.449-0300] {logging_mixin.py:154} INFO - [2023-11-14T07:04:02.448-0300] {dagbag.py:536} INFO - Filling up the DagBag from /home/gmassoqueto/repos/apache-airflow-101/.venv/lib/python3.11/site-packages/airflow/example_dags/plugins/event_listener.py
[2023-11-14T07:04:02.453-0300] {processor.py:841} WARNING - No viable dags retrieved from /home/gmassoqueto/repos/apache-airflow-101/.venv/lib/python3.11/site-packages/airflow/example_dags/plugins/event_listener.py
[2023-11-14T07:04:02.469-0300] {processor.py:179} INFO - Processing /home/gmassoqueto/repos/apache-airflow-101/.venv/lib/python3.11/site-packages/airflow/example_dags/plugins/event_listener.py took 0.031 seconds
[2023-11-14T07:55:35.020-0300] {processor.py:157} INFO - Started process (PID=286679) to work on /home/gmassoqueto/repos/apache-airflow-101/.venv/lib/python3.11/site-packages/airflow/example_dags/plugins/event_listener.py
[2023-11-14T07:55:35.022-0300] {processor.py:829} INFO - Processing file /home/gmassoqueto/repos/apache-airflow-101/.venv/lib/python3.11/site-packages/airflow/example_dags/plugins/event_listener.py for tasks to queue
[2023-11-14T07:55:35.023-0300] {logging_mixin.py:154} INFO - [2023-11-14T07:55:35.023-0300] {dagbag.py:536} INFO - Filling up the DagBag from /home/gmassoqueto/repos/apache-airflow-101/.venv/lib/python3.11/site-packages/airflow/example_dags/plugins/event_listener.py
[2023-11-14T07:55:35.026-0300] {processor.py:841} WARNING - No viable dags retrieved from /home/gmassoqueto/repos/apache-airflow-101/.venv/lib/python3.11/site-packages/airflow/example_dags/plugins/event_listener.py
[2023-11-14T07:55:35.034-0300] {processor.py:179} INFO - Processing /home/gmassoqueto/repos/apache-airflow-101/.venv/lib/python3.11/site-packages/airflow/example_dags/plugins/event_listener.py took 0.017 seconds
[2023-11-14T07:57:13.598-0300] {processor.py:157} INFO - Started process (PID=287142) to work on /home/gmassoqueto/repos/apache-airflow-101/.venv/lib/python3.11/site-packages/airflow/example_dags/plugins/event_listener.py
[2023-11-14T07:57:13.602-0300] {processor.py:829} INFO - Processing file /home/gmassoqueto/repos/apache-airflow-101/.venv/lib/python3.11/site-packages/airflow/example_dags/plugins/event_listener.py for tasks to queue
[2023-11-14T07:57:13.603-0300] {logging_mixin.py:154} INFO - [2023-11-14T07:57:13.602-0300] {dagbag.py:536} INFO - Filling up the DagBag from /home/gmassoqueto/repos/apache-airflow-101/.venv/lib/python3.11/site-packages/airflow/example_dags/plugins/event_listener.py
[2023-11-14T07:57:13.607-0300] {processor.py:841} WARNING - No viable dags retrieved from /home/gmassoqueto/repos/apache-airflow-101/.venv/lib/python3.11/site-packages/airflow/example_dags/plugins/event_listener.py
[2023-11-14T07:57:13.616-0300] {processor.py:179} INFO - Processing /home/gmassoqueto/repos/apache-airflow-101/.venv/lib/python3.11/site-packages/airflow/example_dags/plugins/event_listener.py took 0.020 seconds
[2023-11-14T07:57:58.684-0300] {processor.py:157} INFO - Started process (PID=287326) to work on /home/gmassoqueto/repos/apache-airflow-101/.venv/lib/python3.11/site-packages/airflow/example_dags/plugins/event_listener.py
[2023-11-14T07:57:58.687-0300] {processor.py:829} INFO - Processing file /home/gmassoqueto/repos/apache-airflow-101/.venv/lib/python3.11/site-packages/airflow/example_dags/plugins/event_listener.py for tasks to queue
[2023-11-14T07:57:58.688-0300] {logging_mixin.py:154} INFO - [2023-11-14T07:57:58.688-0300] {dagbag.py:536} INFO - Filling up the DagBag from /home/gmassoqueto/repos/apache-airflow-101/.venv/lib/python3.11/site-packages/airflow/example_dags/plugins/event_listener.py
[2023-11-14T07:57:58.690-0300] {processor.py:841} WARNING - No viable dags retrieved from /home/gmassoqueto/repos/apache-airflow-101/.venv/lib/python3.11/site-packages/airflow/example_dags/plugins/event_listener.py
[2023-11-14T07:57:58.698-0300] {processor.py:179} INFO - Processing /home/gmassoqueto/repos/apache-airflow-101/.venv/lib/python3.11/site-packages/airflow/example_dags/plugins/event_listener.py took 0.018 seconds
[2023-11-14T07:58:42.781-0300] {processor.py:157} INFO - Started process (PID=287502) to work on /home/gmassoqueto/repos/apache-airflow-101/.venv/lib/python3.11/site-packages/airflow/example_dags/plugins/event_listener.py
[2023-11-14T07:58:42.786-0300] {processor.py:829} INFO - Processing file /home/gmassoqueto/repos/apache-airflow-101/.venv/lib/python3.11/site-packages/airflow/example_dags/plugins/event_listener.py for tasks to queue
[2023-11-14T07:58:42.789-0300] {logging_mixin.py:154} INFO - [2023-11-14T07:58:42.788-0300] {dagbag.py:536} INFO - Filling up the DagBag from /home/gmassoqueto/repos/apache-airflow-101/.venv/lib/python3.11/site-packages/airflow/example_dags/plugins/event_listener.py
[2023-11-14T07:58:42.795-0300] {processor.py:841} WARNING - No viable dags retrieved from /home/gmassoqueto/repos/apache-airflow-101/.venv/lib/python3.11/site-packages/airflow/example_dags/plugins/event_listener.py
[2023-11-14T07:58:42.815-0300] {processor.py:179} INFO - Processing /home/gmassoqueto/repos/apache-airflow-101/.venv/lib/python3.11/site-packages/airflow/example_dags/plugins/event_listener.py took 0.043 seconds
[2023-11-14T07:59:17.441-0300] {processor.py:157} INFO - Started process (PID=287590) to work on /home/gmassoqueto/repos/apache-airflow-101/.venv/lib/python3.11/site-packages/airflow/example_dags/plugins/event_listener.py
[2023-11-14T07:59:17.445-0300] {processor.py:829} INFO - Processing file /home/gmassoqueto/repos/apache-airflow-101/.venv/lib/python3.11/site-packages/airflow/example_dags/plugins/event_listener.py for tasks to queue
[2023-11-14T07:59:17.447-0300] {logging_mixin.py:154} INFO - [2023-11-14T07:59:17.446-0300] {dagbag.py:536} INFO - Filling up the DagBag from /home/gmassoqueto/repos/apache-airflow-101/.venv/lib/python3.11/site-packages/airflow/example_dags/plugins/event_listener.py
[2023-11-14T07:59:17.452-0300] {processor.py:841} WARNING - No viable dags retrieved from /home/gmassoqueto/repos/apache-airflow-101/.venv/lib/python3.11/site-packages/airflow/example_dags/plugins/event_listener.py
[2023-11-14T07:59:17.473-0300] {processor.py:179} INFO - Processing /home/gmassoqueto/repos/apache-airflow-101/.venv/lib/python3.11/site-packages/airflow/example_dags/plugins/event_listener.py took 0.034 seconds
[2023-11-14T07:59:53.264-0300] {processor.py:157} INFO - Started process (PID=287666) to work on /home/gmassoqueto/repos/apache-airflow-101/.venv/lib/python3.11/site-packages/airflow/example_dags/plugins/event_listener.py
[2023-11-14T07:59:53.269-0300] {processor.py:829} INFO - Processing file /home/gmassoqueto/repos/apache-airflow-101/.venv/lib/python3.11/site-packages/airflow/example_dags/plugins/event_listener.py for tasks to queue
[2023-11-14T07:59:53.271-0300] {logging_mixin.py:154} INFO - [2023-11-14T07:59:53.271-0300] {dagbag.py:536} INFO - Filling up the DagBag from /home/gmassoqueto/repos/apache-airflow-101/.venv/lib/python3.11/site-packages/airflow/example_dags/plugins/event_listener.py
[2023-11-14T07:59:53.277-0300] {processor.py:841} WARNING - No viable dags retrieved from /home/gmassoqueto/repos/apache-airflow-101/.venv/lib/python3.11/site-packages/airflow/example_dags/plugins/event_listener.py
[2023-11-14T07:59:53.294-0300] {processor.py:179} INFO - Processing /home/gmassoqueto/repos/apache-airflow-101/.venv/lib/python3.11/site-packages/airflow/example_dags/plugins/event_listener.py took 0.039 seconds
[2023-11-14T08:00:29.762-0300] {processor.py:157} INFO - Started process (PID=287768) to work on /home/gmassoqueto/repos/apache-airflow-101/.venv/lib/python3.11/site-packages/airflow/example_dags/plugins/event_listener.py
[2023-11-14T08:00:29.766-0300] {processor.py:829} INFO - Processing file /home/gmassoqueto/repos/apache-airflow-101/.venv/lib/python3.11/site-packages/airflow/example_dags/plugins/event_listener.py for tasks to queue
[2023-11-14T08:00:29.768-0300] {logging_mixin.py:154} INFO - [2023-11-14T08:00:29.767-0300] {dagbag.py:536} INFO - Filling up the DagBag from /home/gmassoqueto/repos/apache-airflow-101/.venv/lib/python3.11/site-packages/airflow/example_dags/plugins/event_listener.py
[2023-11-14T08:00:29.773-0300] {processor.py:841} WARNING - No viable dags retrieved from /home/gmassoqueto/repos/apache-airflow-101/.venv/lib/python3.11/site-packages/airflow/example_dags/plugins/event_listener.py
[2023-11-14T08:00:29.795-0300] {processor.py:179} INFO - Processing /home/gmassoqueto/repos/apache-airflow-101/.venv/lib/python3.11/site-packages/airflow/example_dags/plugins/event_listener.py took 0.035 seconds
[2023-11-14T08:01:03.203-0300] {processor.py:157} INFO - Started process (PID=287899) to work on /home/gmassoqueto/repos/apache-airflow-101/.venv/lib/python3.11/site-packages/airflow/example_dags/plugins/event_listener.py
[2023-11-14T08:01:03.208-0300] {processor.py:829} INFO - Processing file /home/gmassoqueto/repos/apache-airflow-101/.venv/lib/python3.11/site-packages/airflow/example_dags/plugins/event_listener.py for tasks to queue
[2023-11-14T08:01:03.210-0300] {logging_mixin.py:154} INFO - [2023-11-14T08:01:03.209-0300] {dagbag.py:536} INFO - Filling up the DagBag from /home/gmassoqueto/repos/apache-airflow-101/.venv/lib/python3.11/site-packages/airflow/example_dags/plugins/event_listener.py
[2023-11-14T08:01:03.217-0300] {processor.py:841} WARNING - No viable dags retrieved from /home/gmassoqueto/repos/apache-airflow-101/.venv/lib/python3.11/site-packages/airflow/example_dags/plugins/event_listener.py
[2023-11-14T08:01:03.232-0300] {processor.py:179} INFO - Processing /home/gmassoqueto/repos/apache-airflow-101/.venv/lib/python3.11/site-packages/airflow/example_dags/plugins/event_listener.py took 0.034 seconds
[2023-11-14T08:01:48.961-0300] {processor.py:157} INFO - Started process (PID=288064) to work on /home/gmassoqueto/repos/apache-airflow-101/.venv/lib/python3.11/site-packages/airflow/example_dags/plugins/event_listener.py
[2023-11-14T08:01:48.966-0300] {processor.py:829} INFO - Processing file /home/gmassoqueto/repos/apache-airflow-101/.venv/lib/python3.11/site-packages/airflow/example_dags/plugins/event_listener.py for tasks to queue
[2023-11-14T08:01:48.969-0300] {logging_mixin.py:154} INFO - [2023-11-14T08:01:48.968-0300] {dagbag.py:536} INFO - Filling up the DagBag from /home/gmassoqueto/repos/apache-airflow-101/.venv/lib/python3.11/site-packages/airflow/example_dags/plugins/event_listener.py
[2023-11-14T08:01:48.976-0300] {processor.py:841} WARNING - No viable dags retrieved from /home/gmassoqueto/repos/apache-airflow-101/.venv/lib/python3.11/site-packages/airflow/example_dags/plugins/event_listener.py
[2023-11-14T08:01:48.992-0300] {processor.py:179} INFO - Processing /home/gmassoqueto/repos/apache-airflow-101/.venv/lib/python3.11/site-packages/airflow/example_dags/plugins/event_listener.py took 0.040 seconds
[2023-11-14T08:02:22.322-0300] {processor.py:157} INFO - Started process (PID=288158) to work on /home/gmassoqueto/repos/apache-airflow-101/.venv/lib/python3.11/site-packages/airflow/example_dags/plugins/event_listener.py
[2023-11-14T08:02:22.327-0300] {processor.py:829} INFO - Processing file /home/gmassoqueto/repos/apache-airflow-101/.venv/lib/python3.11/site-packages/airflow/example_dags/plugins/event_listener.py for tasks to queue
[2023-11-14T08:02:22.329-0300] {logging_mixin.py:154} INFO - [2023-11-14T08:02:22.328-0300] {dagbag.py:536} INFO - Filling up the DagBag from /home/gmassoqueto/repos/apache-airflow-101/.venv/lib/python3.11/site-packages/airflow/example_dags/plugins/event_listener.py
[2023-11-14T08:02:22.334-0300] {processor.py:841} WARNING - No viable dags retrieved from /home/gmassoqueto/repos/apache-airflow-101/.venv/lib/python3.11/site-packages/airflow/example_dags/plugins/event_listener.py
[2023-11-14T08:02:22.347-0300] {processor.py:179} INFO - Processing /home/gmassoqueto/repos/apache-airflow-101/.venv/lib/python3.11/site-packages/airflow/example_dags/plugins/event_listener.py took 0.033 seconds
[2023-11-14T08:03:10.082-0300] {processor.py:157} INFO - Started process (PID=288374) to work on /home/gmassoqueto/repos/apache-airflow-101/.venv/lib/python3.11/site-packages/airflow/example_dags/plugins/event_listener.py
[2023-11-14T08:03:10.086-0300] {processor.py:829} INFO - Processing file /home/gmassoqueto/repos/apache-airflow-101/.venv/lib/python3.11/site-packages/airflow/example_dags/plugins/event_listener.py for tasks to queue
[2023-11-14T08:03:10.086-0300] {logging_mixin.py:154} INFO - [2023-11-14T08:03:10.086-0300] {dagbag.py:536} INFO - Filling up the DagBag from /home/gmassoqueto/repos/apache-airflow-101/.venv/lib/python3.11/site-packages/airflow/example_dags/plugins/event_listener.py
[2023-11-14T08:03:10.089-0300] {processor.py:841} WARNING - No viable dags retrieved from /home/gmassoqueto/repos/apache-airflow-101/.venv/lib/python3.11/site-packages/airflow/example_dags/plugins/event_listener.py
[2023-11-14T08:03:10.098-0300] {processor.py:179} INFO - Processing /home/gmassoqueto/repos/apache-airflow-101/.venv/lib/python3.11/site-packages/airflow/example_dags/plugins/event_listener.py took 0.019 seconds
[2023-11-14T08:03:58.309-0300] {processor.py:157} INFO - Started process (PID=288775) to work on /home/gmassoqueto/repos/apache-airflow-101/.venv/lib/python3.11/site-packages/airflow/example_dags/plugins/event_listener.py
[2023-11-14T08:03:58.315-0300] {processor.py:829} INFO - Processing file /home/gmassoqueto/repos/apache-airflow-101/.venv/lib/python3.11/site-packages/airflow/example_dags/plugins/event_listener.py for tasks to queue
[2023-11-14T08:03:58.315-0300] {logging_mixin.py:154} INFO - [2023-11-14T08:03:58.315-0300] {dagbag.py:536} INFO - Filling up the DagBag from /home/gmassoqueto/repos/apache-airflow-101/.venv/lib/python3.11/site-packages/airflow/example_dags/plugins/event_listener.py
[2023-11-14T08:03:58.317-0300] {processor.py:841} WARNING - No viable dags retrieved from /home/gmassoqueto/repos/apache-airflow-101/.venv/lib/python3.11/site-packages/airflow/example_dags/plugins/event_listener.py
[2023-11-14T08:03:58.325-0300] {processor.py:179} INFO - Processing /home/gmassoqueto/repos/apache-airflow-101/.venv/lib/python3.11/site-packages/airflow/example_dags/plugins/event_listener.py took 0.019 seconds
[2023-11-14T08:04:32.282-0300] {processor.py:157} INFO - Started process (PID=288905) to work on /home/gmassoqueto/repos/apache-airflow-101/.venv/lib/python3.11/site-packages/airflow/example_dags/plugins/event_listener.py
[2023-11-14T08:04:32.286-0300] {processor.py:829} INFO - Processing file /home/gmassoqueto/repos/apache-airflow-101/.venv/lib/python3.11/site-packages/airflow/example_dags/plugins/event_listener.py for tasks to queue
[2023-11-14T08:04:32.286-0300] {logging_mixin.py:154} INFO - [2023-11-14T08:04:32.286-0300] {dagbag.py:536} INFO - Filling up the DagBag from /home/gmassoqueto/repos/apache-airflow-101/.venv/lib/python3.11/site-packages/airflow/example_dags/plugins/event_listener.py
[2023-11-14T08:04:32.288-0300] {processor.py:841} WARNING - No viable dags retrieved from /home/gmassoqueto/repos/apache-airflow-101/.venv/lib/python3.11/site-packages/airflow/example_dags/plugins/event_listener.py
[2023-11-14T08:04:32.296-0300] {processor.py:179} INFO - Processing /home/gmassoqueto/repos/apache-airflow-101/.venv/lib/python3.11/site-packages/airflow/example_dags/plugins/event_listener.py took 0.016 seconds
[2023-11-14T08:05:06.922-0300] {processor.py:157} INFO - Started process (PID=289001) to work on /home/gmassoqueto/repos/apache-airflow-101/.venv/lib/python3.11/site-packages/airflow/example_dags/plugins/event_listener.py
[2023-11-14T08:05:06.923-0300] {processor.py:829} INFO - Processing file /home/gmassoqueto/repos/apache-airflow-101/.venv/lib/python3.11/site-packages/airflow/example_dags/plugins/event_listener.py for tasks to queue
[2023-11-14T08:05:06.924-0300] {logging_mixin.py:154} INFO - [2023-11-14T08:05:06.924-0300] {dagbag.py:536} INFO - Filling up the DagBag from /home/gmassoqueto/repos/apache-airflow-101/.venv/lib/python3.11/site-packages/airflow/example_dags/plugins/event_listener.py
[2023-11-14T08:05:06.927-0300] {processor.py:841} WARNING - No viable dags retrieved from /home/gmassoqueto/repos/apache-airflow-101/.venv/lib/python3.11/site-packages/airflow/example_dags/plugins/event_listener.py
[2023-11-14T08:05:06.935-0300] {processor.py:179} INFO - Processing /home/gmassoqueto/repos/apache-airflow-101/.venv/lib/python3.11/site-packages/airflow/example_dags/plugins/event_listener.py took 0.016 seconds
[2023-11-14T08:05:55.441-0300] {processor.py:157} INFO - Started process (PID=289122) to work on /home/gmassoqueto/repos/apache-airflow-101/.venv/lib/python3.11/site-packages/airflow/example_dags/plugins/event_listener.py
[2023-11-14T08:05:55.445-0300] {processor.py:829} INFO - Processing file /home/gmassoqueto/repos/apache-airflow-101/.venv/lib/python3.11/site-packages/airflow/example_dags/plugins/event_listener.py for tasks to queue
[2023-11-14T08:05:55.447-0300] {logging_mixin.py:154} INFO - [2023-11-14T08:05:55.446-0300] {dagbag.py:536} INFO - Filling up the DagBag from /home/gmassoqueto/repos/apache-airflow-101/.venv/lib/python3.11/site-packages/airflow/example_dags/plugins/event_listener.py
[2023-11-14T08:05:55.451-0300] {processor.py:841} WARNING - No viable dags retrieved from /home/gmassoqueto/repos/apache-airflow-101/.venv/lib/python3.11/site-packages/airflow/example_dags/plugins/event_listener.py
[2023-11-14T08:05:55.470-0300] {processor.py:179} INFO - Processing /home/gmassoqueto/repos/apache-airflow-101/.venv/lib/python3.11/site-packages/airflow/example_dags/plugins/event_listener.py took 0.032 seconds
[2023-11-14T08:06:41.881-0300] {processor.py:157} INFO - Started process (PID=289236) to work on /home/gmassoqueto/repos/apache-airflow-101/.venv/lib/python3.11/site-packages/airflow/example_dags/plugins/event_listener.py
[2023-11-14T08:06:41.884-0300] {processor.py:829} INFO - Processing file /home/gmassoqueto/repos/apache-airflow-101/.venv/lib/python3.11/site-packages/airflow/example_dags/plugins/event_listener.py for tasks to queue
[2023-11-14T08:06:41.886-0300] {logging_mixin.py:154} INFO - [2023-11-14T08:06:41.885-0300] {dagbag.py:536} INFO - Filling up the DagBag from /home/gmassoqueto/repos/apache-airflow-101/.venv/lib/python3.11/site-packages/airflow/example_dags/plugins/event_listener.py
[2023-11-14T08:06:41.891-0300] {processor.py:841} WARNING - No viable dags retrieved from /home/gmassoqueto/repos/apache-airflow-101/.venv/lib/python3.11/site-packages/airflow/example_dags/plugins/event_listener.py
[2023-11-14T08:06:41.910-0300] {processor.py:179} INFO - Processing /home/gmassoqueto/repos/apache-airflow-101/.venv/lib/python3.11/site-packages/airflow/example_dags/plugins/event_listener.py took 0.032 seconds
[2023-11-14T08:07:14.563-0300] {processor.py:157} INFO - Started process (PID=289356) to work on /home/gmassoqueto/repos/apache-airflow-101/.venv/lib/python3.11/site-packages/airflow/example_dags/plugins/event_listener.py
[2023-11-14T08:07:14.564-0300] {processor.py:829} INFO - Processing file /home/gmassoqueto/repos/apache-airflow-101/.venv/lib/python3.11/site-packages/airflow/example_dags/plugins/event_listener.py for tasks to queue
[2023-11-14T08:07:14.565-0300] {logging_mixin.py:154} INFO - [2023-11-14T08:07:14.565-0300] {dagbag.py:536} INFO - Filling up the DagBag from /home/gmassoqueto/repos/apache-airflow-101/.venv/lib/python3.11/site-packages/airflow/example_dags/plugins/event_listener.py
[2023-11-14T08:07:14.569-0300] {processor.py:841} WARNING - No viable dags retrieved from /home/gmassoqueto/repos/apache-airflow-101/.venv/lib/python3.11/site-packages/airflow/example_dags/plugins/event_listener.py
[2023-11-14T08:07:14.581-0300] {processor.py:179} INFO - Processing /home/gmassoqueto/repos/apache-airflow-101/.venv/lib/python3.11/site-packages/airflow/example_dags/plugins/event_listener.py took 0.020 seconds
[2023-11-14T08:07:45.984-0300] {processor.py:157} INFO - Started process (PID=289499) to work on /home/gmassoqueto/repos/apache-airflow-101/.venv/lib/python3.11/site-packages/airflow/example_dags/plugins/event_listener.py
[2023-11-14T08:07:45.985-0300] {processor.py:829} INFO - Processing file /home/gmassoqueto/repos/apache-airflow-101/.venv/lib/python3.11/site-packages/airflow/example_dags/plugins/event_listener.py for tasks to queue
[2023-11-14T08:07:45.986-0300] {logging_mixin.py:154} INFO - [2023-11-14T08:07:45.985-0300] {dagbag.py:536} INFO - Filling up the DagBag from /home/gmassoqueto/repos/apache-airflow-101/.venv/lib/python3.11/site-packages/airflow/example_dags/plugins/event_listener.py
[2023-11-14T08:07:45.988-0300] {processor.py:841} WARNING - No viable dags retrieved from /home/gmassoqueto/repos/apache-airflow-101/.venv/lib/python3.11/site-packages/airflow/example_dags/plugins/event_listener.py
[2023-11-14T08:07:46.000-0300] {processor.py:179} INFO - Processing /home/gmassoqueto/repos/apache-airflow-101/.venv/lib/python3.11/site-packages/airflow/example_dags/plugins/event_listener.py took 0.020 seconds
[2023-11-14T08:08:07.284-0300] {processor.py:157} INFO - Started process (PID=289611) to work on /home/gmassoqueto/repos/apache-airflow-101/.venv/lib/python3.11/site-packages/airflow/example_dags/plugins/event_listener.py
[2023-11-14T08:08:07.288-0300] {processor.py:829} INFO - Processing file /home/gmassoqueto/repos/apache-airflow-101/.venv/lib/python3.11/site-packages/airflow/example_dags/plugins/event_listener.py for tasks to queue
[2023-11-14T08:08:07.288-0300] {logging_mixin.py:154} INFO - [2023-11-14T08:08:07.288-0300] {dagbag.py:536} INFO - Filling up the DagBag from /home/gmassoqueto/repos/apache-airflow-101/.venv/lib/python3.11/site-packages/airflow/example_dags/plugins/event_listener.py
[2023-11-14T08:08:07.289-0300] {processor.py:841} WARNING - No viable dags retrieved from /home/gmassoqueto/repos/apache-airflow-101/.venv/lib/python3.11/site-packages/airflow/example_dags/plugins/event_listener.py
[2023-11-14T08:08:07.295-0300] {processor.py:179} INFO - Processing /home/gmassoqueto/repos/apache-airflow-101/.venv/lib/python3.11/site-packages/airflow/example_dags/plugins/event_listener.py took 0.012 seconds
[2023-11-14T08:08:52.526-0300] {processor.py:157} INFO - Started process (PID=289932) to work on /home/gmassoqueto/repos/apache-airflow-101/.venv/lib/python3.11/site-packages/airflow/example_dags/plugins/event_listener.py
[2023-11-14T08:08:52.529-0300] {processor.py:829} INFO - Processing file /home/gmassoqueto/repos/apache-airflow-101/.venv/lib/python3.11/site-packages/airflow/example_dags/plugins/event_listener.py for tasks to queue
[2023-11-14T08:08:52.530-0300] {logging_mixin.py:154} INFO - [2023-11-14T08:08:52.530-0300] {dagbag.py:536} INFO - Filling up the DagBag from /home/gmassoqueto/repos/apache-airflow-101/.venv/lib/python3.11/site-packages/airflow/example_dags/plugins/event_listener.py
[2023-11-14T08:08:52.532-0300] {processor.py:841} WARNING - No viable dags retrieved from /home/gmassoqueto/repos/apache-airflow-101/.venv/lib/python3.11/site-packages/airflow/example_dags/plugins/event_listener.py
[2023-11-14T08:08:52.542-0300] {processor.py:179} INFO - Processing /home/gmassoqueto/repos/apache-airflow-101/.venv/lib/python3.11/site-packages/airflow/example_dags/plugins/event_listener.py took 0.019 seconds
[2023-11-14T08:09:44.895-0300] {processor.py:157} INFO - Started process (PID=290220) to work on /home/gmassoqueto/repos/apache-airflow-101/.venv/lib/python3.11/site-packages/airflow/example_dags/plugins/event_listener.py
[2023-11-14T08:09:44.897-0300] {processor.py:829} INFO - Processing file /home/gmassoqueto/repos/apache-airflow-101/.venv/lib/python3.11/site-packages/airflow/example_dags/plugins/event_listener.py for tasks to queue
[2023-11-14T08:09:44.899-0300] {logging_mixin.py:154} INFO - [2023-11-14T08:09:44.898-0300] {dagbag.py:536} INFO - Filling up the DagBag from /home/gmassoqueto/repos/apache-airflow-101/.venv/lib/python3.11/site-packages/airflow/example_dags/plugins/event_listener.py
[2023-11-14T08:09:44.902-0300] {processor.py:841} WARNING - No viable dags retrieved from /home/gmassoqueto/repos/apache-airflow-101/.venv/lib/python3.11/site-packages/airflow/example_dags/plugins/event_listener.py
[2023-11-14T08:09:44.912-0300] {processor.py:179} INFO - Processing /home/gmassoqueto/repos/apache-airflow-101/.venv/lib/python3.11/site-packages/airflow/example_dags/plugins/event_listener.py took 0.019 seconds
[2023-11-14T08:10:35.235-0300] {processor.py:157} INFO - Started process (PID=291019) to work on /home/gmassoqueto/repos/apache-airflow-101/.venv/lib/python3.11/site-packages/airflow/example_dags/plugins/event_listener.py
[2023-11-14T08:10:35.240-0300] {processor.py:829} INFO - Processing file /home/gmassoqueto/repos/apache-airflow-101/.venv/lib/python3.11/site-packages/airflow/example_dags/plugins/event_listener.py for tasks to queue
[2023-11-14T08:10:35.242-0300] {logging_mixin.py:154} INFO - [2023-11-14T08:10:35.241-0300] {dagbag.py:536} INFO - Filling up the DagBag from /home/gmassoqueto/repos/apache-airflow-101/.venv/lib/python3.11/site-packages/airflow/example_dags/plugins/event_listener.py
[2023-11-14T08:10:35.246-0300] {processor.py:841} WARNING - No viable dags retrieved from /home/gmassoqueto/repos/apache-airflow-101/.venv/lib/python3.11/site-packages/airflow/example_dags/plugins/event_listener.py
[2023-11-14T08:10:35.256-0300] {processor.py:179} INFO - Processing /home/gmassoqueto/repos/apache-airflow-101/.venv/lib/python3.11/site-packages/airflow/example_dags/plugins/event_listener.py took 0.031 seconds
[2023-11-14T08:11:11.418-0300] {processor.py:157} INFO - Started process (PID=291144) to work on /home/gmassoqueto/repos/apache-airflow-101/.venv/lib/python3.11/site-packages/airflow/example_dags/plugins/event_listener.py
[2023-11-14T08:11:11.421-0300] {processor.py:829} INFO - Processing file /home/gmassoqueto/repos/apache-airflow-101/.venv/lib/python3.11/site-packages/airflow/example_dags/plugins/event_listener.py for tasks to queue
[2023-11-14T08:11:11.422-0300] {logging_mixin.py:154} INFO - [2023-11-14T08:11:11.422-0300] {dagbag.py:536} INFO - Filling up the DagBag from /home/gmassoqueto/repos/apache-airflow-101/.venv/lib/python3.11/site-packages/airflow/example_dags/plugins/event_listener.py
[2023-11-14T08:11:11.424-0300] {processor.py:841} WARNING - No viable dags retrieved from /home/gmassoqueto/repos/apache-airflow-101/.venv/lib/python3.11/site-packages/airflow/example_dags/plugins/event_listener.py
[2023-11-14T08:11:11.433-0300] {processor.py:179} INFO - Processing /home/gmassoqueto/repos/apache-airflow-101/.venv/lib/python3.11/site-packages/airflow/example_dags/plugins/event_listener.py took 0.017 seconds
[2023-11-14T08:11:55.740-0300] {processor.py:157} INFO - Started process (PID=291268) to work on /home/gmassoqueto/repos/apache-airflow-101/.venv/lib/python3.11/site-packages/airflow/example_dags/plugins/event_listener.py
[2023-11-14T08:11:55.741-0300] {processor.py:829} INFO - Processing file /home/gmassoqueto/repos/apache-airflow-101/.venv/lib/python3.11/site-packages/airflow/example_dags/plugins/event_listener.py for tasks to queue
[2023-11-14T08:11:55.741-0300] {logging_mixin.py:154} INFO - [2023-11-14T08:11:55.741-0300] {dagbag.py:536} INFO - Filling up the DagBag from /home/gmassoqueto/repos/apache-airflow-101/.venv/lib/python3.11/site-packages/airflow/example_dags/plugins/event_listener.py
[2023-11-14T08:11:55.743-0300] {processor.py:841} WARNING - No viable dags retrieved from /home/gmassoqueto/repos/apache-airflow-101/.venv/lib/python3.11/site-packages/airflow/example_dags/plugins/event_listener.py
[2023-11-14T08:11:55.751-0300] {processor.py:179} INFO - Processing /home/gmassoqueto/repos/apache-airflow-101/.venv/lib/python3.11/site-packages/airflow/example_dags/plugins/event_listener.py took 0.015 seconds
[2023-11-14T08:12:29.139-0300] {processor.py:157} INFO - Started process (PID=291466) to work on /home/gmassoqueto/repos/apache-airflow-101/.venv/lib/python3.11/site-packages/airflow/example_dags/plugins/event_listener.py
[2023-11-14T08:12:29.144-0300] {processor.py:829} INFO - Processing file /home/gmassoqueto/repos/apache-airflow-101/.venv/lib/python3.11/site-packages/airflow/example_dags/plugins/event_listener.py for tasks to queue
[2023-11-14T08:12:29.146-0300] {logging_mixin.py:154} INFO - [2023-11-14T08:12:29.145-0300] {dagbag.py:536} INFO - Filling up the DagBag from /home/gmassoqueto/repos/apache-airflow-101/.venv/lib/python3.11/site-packages/airflow/example_dags/plugins/event_listener.py
[2023-11-14T08:12:29.152-0300] {processor.py:841} WARNING - No viable dags retrieved from /home/gmassoqueto/repos/apache-airflow-101/.venv/lib/python3.11/site-packages/airflow/example_dags/plugins/event_listener.py
[2023-11-14T08:12:29.176-0300] {processor.py:179} INFO - Processing /home/gmassoqueto/repos/apache-airflow-101/.venv/lib/python3.11/site-packages/airflow/example_dags/plugins/event_listener.py took 0.043 seconds
[2023-11-14T08:13:14.349-0300] {processor.py:157} INFO - Started process (PID=291602) to work on /home/gmassoqueto/repos/apache-airflow-101/.venv/lib/python3.11/site-packages/airflow/example_dags/plugins/event_listener.py
[2023-11-14T08:13:14.353-0300] {processor.py:829} INFO - Processing file /home/gmassoqueto/repos/apache-airflow-101/.venv/lib/python3.11/site-packages/airflow/example_dags/plugins/event_listener.py for tasks to queue
[2023-11-14T08:13:14.353-0300] {logging_mixin.py:154} INFO - [2023-11-14T08:13:14.353-0300] {dagbag.py:536} INFO - Filling up the DagBag from /home/gmassoqueto/repos/apache-airflow-101/.venv/lib/python3.11/site-packages/airflow/example_dags/plugins/event_listener.py
[2023-11-14T08:13:14.355-0300] {processor.py:841} WARNING - No viable dags retrieved from /home/gmassoqueto/repos/apache-airflow-101/.venv/lib/python3.11/site-packages/airflow/example_dags/plugins/event_listener.py
[2023-11-14T08:13:14.364-0300] {processor.py:179} INFO - Processing /home/gmassoqueto/repos/apache-airflow-101/.venv/lib/python3.11/site-packages/airflow/example_dags/plugins/event_listener.py took 0.017 seconds
[2023-11-14T08:13:59.540-0300] {processor.py:157} INFO - Started process (PID=291689) to work on /home/gmassoqueto/repos/apache-airflow-101/.venv/lib/python3.11/site-packages/airflow/example_dags/plugins/event_listener.py
[2023-11-14T08:13:59.541-0300] {processor.py:829} INFO - Processing file /home/gmassoqueto/repos/apache-airflow-101/.venv/lib/python3.11/site-packages/airflow/example_dags/plugins/event_listener.py for tasks to queue
[2023-11-14T08:13:59.542-0300] {logging_mixin.py:154} INFO - [2023-11-14T08:13:59.542-0300] {dagbag.py:536} INFO - Filling up the DagBag from /home/gmassoqueto/repos/apache-airflow-101/.venv/lib/python3.11/site-packages/airflow/example_dags/plugins/event_listener.py
[2023-11-14T08:13:59.544-0300] {processor.py:841} WARNING - No viable dags retrieved from /home/gmassoqueto/repos/apache-airflow-101/.venv/lib/python3.11/site-packages/airflow/example_dags/plugins/event_listener.py
[2023-11-14T08:13:59.554-0300] {processor.py:179} INFO - Processing /home/gmassoqueto/repos/apache-airflow-101/.venv/lib/python3.11/site-packages/airflow/example_dags/plugins/event_listener.py took 0.017 seconds
[2023-11-14T08:14:33.855-0300] {processor.py:157} INFO - Started process (PID=291776) to work on /home/gmassoqueto/repos/apache-airflow-101/.venv/lib/python3.11/site-packages/airflow/example_dags/plugins/event_listener.py
[2023-11-14T08:14:33.859-0300] {processor.py:829} INFO - Processing file /home/gmassoqueto/repos/apache-airflow-101/.venv/lib/python3.11/site-packages/airflow/example_dags/plugins/event_listener.py for tasks to queue
[2023-11-14T08:14:33.860-0300] {logging_mixin.py:154} INFO - [2023-11-14T08:14:33.859-0300] {dagbag.py:536} INFO - Filling up the DagBag from /home/gmassoqueto/repos/apache-airflow-101/.venv/lib/python3.11/site-packages/airflow/example_dags/plugins/event_listener.py
[2023-11-14T08:14:33.862-0300] {processor.py:841} WARNING - No viable dags retrieved from /home/gmassoqueto/repos/apache-airflow-101/.venv/lib/python3.11/site-packages/airflow/example_dags/plugins/event_listener.py
[2023-11-14T08:14:33.871-0300] {processor.py:179} INFO - Processing /home/gmassoqueto/repos/apache-airflow-101/.venv/lib/python3.11/site-packages/airflow/example_dags/plugins/event_listener.py took 0.018 seconds
[2023-11-14T08:15:05.446-0300] {processor.py:157} INFO - Started process (PID=291881) to work on /home/gmassoqueto/repos/apache-airflow-101/.venv/lib/python3.11/site-packages/airflow/example_dags/plugins/event_listener.py
[2023-11-14T08:15:05.450-0300] {processor.py:829} INFO - Processing file /home/gmassoqueto/repos/apache-airflow-101/.venv/lib/python3.11/site-packages/airflow/example_dags/plugins/event_listener.py for tasks to queue
[2023-11-14T08:15:05.451-0300] {logging_mixin.py:154} INFO - [2023-11-14T08:15:05.450-0300] {dagbag.py:536} INFO - Filling up the DagBag from /home/gmassoqueto/repos/apache-airflow-101/.venv/lib/python3.11/site-packages/airflow/example_dags/plugins/event_listener.py
[2023-11-14T08:15:05.453-0300] {processor.py:841} WARNING - No viable dags retrieved from /home/gmassoqueto/repos/apache-airflow-101/.venv/lib/python3.11/site-packages/airflow/example_dags/plugins/event_listener.py
[2023-11-14T08:15:05.462-0300] {processor.py:179} INFO - Processing /home/gmassoqueto/repos/apache-airflow-101/.venv/lib/python3.11/site-packages/airflow/example_dags/plugins/event_listener.py took 0.018 seconds
[2023-11-14T08:15:36.820-0300] {processor.py:157} INFO - Started process (PID=291932) to work on /home/gmassoqueto/repos/apache-airflow-101/.venv/lib/python3.11/site-packages/airflow/example_dags/plugins/event_listener.py
[2023-11-14T08:15:36.824-0300] {processor.py:829} INFO - Processing file /home/gmassoqueto/repos/apache-airflow-101/.venv/lib/python3.11/site-packages/airflow/example_dags/plugins/event_listener.py for tasks to queue
[2023-11-14T08:15:36.824-0300] {logging_mixin.py:154} INFO - [2023-11-14T08:15:36.824-0300] {dagbag.py:536} INFO - Filling up the DagBag from /home/gmassoqueto/repos/apache-airflow-101/.venv/lib/python3.11/site-packages/airflow/example_dags/plugins/event_listener.py
[2023-11-14T08:15:36.826-0300] {processor.py:841} WARNING - No viable dags retrieved from /home/gmassoqueto/repos/apache-airflow-101/.venv/lib/python3.11/site-packages/airflow/example_dags/plugins/event_listener.py
[2023-11-14T08:15:36.835-0300] {processor.py:179} INFO - Processing /home/gmassoqueto/repos/apache-airflow-101/.venv/lib/python3.11/site-packages/airflow/example_dags/plugins/event_listener.py took 0.017 seconds
[2023-11-14T08:16:08.796-0300] {processor.py:157} INFO - Started process (PID=291993) to work on /home/gmassoqueto/repos/apache-airflow-101/.venv/lib/python3.11/site-packages/airflow/example_dags/plugins/event_listener.py
[2023-11-14T08:16:08.800-0300] {processor.py:829} INFO - Processing file /home/gmassoqueto/repos/apache-airflow-101/.venv/lib/python3.11/site-packages/airflow/example_dags/plugins/event_listener.py for tasks to queue
[2023-11-14T08:16:08.802-0300] {logging_mixin.py:154} INFO - [2023-11-14T08:16:08.801-0300] {dagbag.py:536} INFO - Filling up the DagBag from /home/gmassoqueto/repos/apache-airflow-101/.venv/lib/python3.11/site-packages/airflow/example_dags/plugins/event_listener.py
[2023-11-14T08:16:08.805-0300] {processor.py:841} WARNING - No viable dags retrieved from /home/gmassoqueto/repos/apache-airflow-101/.venv/lib/python3.11/site-packages/airflow/example_dags/plugins/event_listener.py
[2023-11-14T08:16:08.816-0300] {processor.py:179} INFO - Processing /home/gmassoqueto/repos/apache-airflow-101/.venv/lib/python3.11/site-packages/airflow/example_dags/plugins/event_listener.py took 0.027 seconds
[2023-11-14T08:16:41.790-0300] {processor.py:157} INFO - Started process (PID=292049) to work on /home/gmassoqueto/repos/apache-airflow-101/.venv/lib/python3.11/site-packages/airflow/example_dags/plugins/event_listener.py
[2023-11-14T08:16:41.793-0300] {processor.py:829} INFO - Processing file /home/gmassoqueto/repos/apache-airflow-101/.venv/lib/python3.11/site-packages/airflow/example_dags/plugins/event_listener.py for tasks to queue
[2023-11-14T08:16:41.794-0300] {logging_mixin.py:154} INFO - [2023-11-14T08:16:41.794-0300] {dagbag.py:536} INFO - Filling up the DagBag from /home/gmassoqueto/repos/apache-airflow-101/.venv/lib/python3.11/site-packages/airflow/example_dags/plugins/event_listener.py
[2023-11-14T08:16:41.796-0300] {processor.py:841} WARNING - No viable dags retrieved from /home/gmassoqueto/repos/apache-airflow-101/.venv/lib/python3.11/site-packages/airflow/example_dags/plugins/event_listener.py
[2023-11-14T08:16:41.804-0300] {processor.py:179} INFO - Processing /home/gmassoqueto/repos/apache-airflow-101/.venv/lib/python3.11/site-packages/airflow/example_dags/plugins/event_listener.py took 0.016 seconds
[2023-11-14T08:17:14.418-0300] {processor.py:157} INFO - Started process (PID=292105) to work on /home/gmassoqueto/repos/apache-airflow-101/.venv/lib/python3.11/site-packages/airflow/example_dags/plugins/event_listener.py
[2023-11-14T08:17:14.422-0300] {processor.py:829} INFO - Processing file /home/gmassoqueto/repos/apache-airflow-101/.venv/lib/python3.11/site-packages/airflow/example_dags/plugins/event_listener.py for tasks to queue
[2023-11-14T08:17:14.424-0300] {logging_mixin.py:154} INFO - [2023-11-14T08:17:14.423-0300] {dagbag.py:536} INFO - Filling up the DagBag from /home/gmassoqueto/repos/apache-airflow-101/.venv/lib/python3.11/site-packages/airflow/example_dags/plugins/event_listener.py
[2023-11-14T08:17:14.429-0300] {processor.py:841} WARNING - No viable dags retrieved from /home/gmassoqueto/repos/apache-airflow-101/.venv/lib/python3.11/site-packages/airflow/example_dags/plugins/event_listener.py
[2023-11-14T08:17:14.447-0300] {processor.py:179} INFO - Processing /home/gmassoqueto/repos/apache-airflow-101/.venv/lib/python3.11/site-packages/airflow/example_dags/plugins/event_listener.py took 0.031 seconds
[2023-11-14T08:17:47.332-0300] {processor.py:157} INFO - Started process (PID=292175) to work on /home/gmassoqueto/repos/apache-airflow-101/.venv/lib/python3.11/site-packages/airflow/example_dags/plugins/event_listener.py
[2023-11-14T08:17:47.335-0300] {processor.py:829} INFO - Processing file /home/gmassoqueto/repos/apache-airflow-101/.venv/lib/python3.11/site-packages/airflow/example_dags/plugins/event_listener.py for tasks to queue
[2023-11-14T08:17:47.336-0300] {logging_mixin.py:154} INFO - [2023-11-14T08:17:47.336-0300] {dagbag.py:536} INFO - Filling up the DagBag from /home/gmassoqueto/repos/apache-airflow-101/.venv/lib/python3.11/site-packages/airflow/example_dags/plugins/event_listener.py
[2023-11-14T08:17:47.338-0300] {processor.py:841} WARNING - No viable dags retrieved from /home/gmassoqueto/repos/apache-airflow-101/.venv/lib/python3.11/site-packages/airflow/example_dags/plugins/event_listener.py
[2023-11-14T08:17:47.347-0300] {processor.py:179} INFO - Processing /home/gmassoqueto/repos/apache-airflow-101/.venv/lib/python3.11/site-packages/airflow/example_dags/plugins/event_listener.py took 0.018 seconds
