[2023-11-14T07:03:20.860-0300] {processor.py:157} INFO - Started process (PID=284682) to work on /home/gmassoqueto/repos/apache-airflow-101/.venv/lib/python3.11/site-packages/airflow/example_dags/plugins/listener_plugin.py
[2023-11-14T07:03:20.861-0300] {processor.py:829} INFO - Processing file /home/gmassoqueto/repos/apache-airflow-101/.venv/lib/python3.11/site-packages/airflow/example_dags/plugins/listener_plugin.py for tasks to queue
[2023-11-14T07:03:20.861-0300] {logging_mixin.py:154} INFO - [2023-11-14T07:03:20.861-0300] {dagbag.py:536} INFO - Filling up the DagBag from /home/gmassoqueto/repos/apache-airflow-101/.venv/lib/python3.11/site-packages/airflow/example_dags/plugins/listener_plugin.py
[2023-11-14T07:03:20.865-0300] {processor.py:841} WARNING - No viable dags retrieved from /home/gmassoqueto/repos/apache-airflow-101/.venv/lib/python3.11/site-packages/airflow/example_dags/plugins/listener_plugin.py
[2023-11-14T07:03:20.876-0300] {processor.py:179} INFO - Processing /home/gmassoqueto/repos/apache-airflow-101/.venv/lib/python3.11/site-packages/airflow/example_dags/plugins/listener_plugin.py took 0.020 seconds
[2023-11-14T07:04:04.775-0300] {processor.py:157} INFO - Started process (PID=284830) to work on /home/gmassoqueto/repos/apache-airflow-101/.venv/lib/python3.11/site-packages/airflow/example_dags/plugins/listener_plugin.py
[2023-11-14T07:04:04.779-0300] {processor.py:829} INFO - Processing file /home/gmassoqueto/repos/apache-airflow-101/.venv/lib/python3.11/site-packages/airflow/example_dags/plugins/listener_plugin.py for tasks to queue
[2023-11-14T07:04:04.780-0300] {logging_mixin.py:154} INFO - [2023-11-14T07:04:04.780-0300] {dagbag.py:536} INFO - Filling up the DagBag from /home/gmassoqueto/repos/apache-airflow-101/.venv/lib/python3.11/site-packages/airflow/example_dags/plugins/listener_plugin.py
[2023-11-14T07:04:04.783-0300] {processor.py:841} WARNING - No viable dags retrieved from /home/gmassoqueto/repos/apache-airflow-101/.venv/lib/python3.11/site-packages/airflow/example_dags/plugins/listener_plugin.py
[2023-11-14T07:04:04.793-0300] {processor.py:179} INFO - Processing /home/gmassoqueto/repos/apache-airflow-101/.venv/lib/python3.11/site-packages/airflow/example_dags/plugins/listener_plugin.py took 0.020 seconds
[2023-11-14T07:55:36.510-0300] {processor.py:157} INFO - Started process (PID=286702) to work on /home/gmassoqueto/repos/apache-airflow-101/.venv/lib/python3.11/site-packages/airflow/example_dags/plugins/listener_plugin.py
[2023-11-14T07:55:36.513-0300] {processor.py:829} INFO - Processing file /home/gmassoqueto/repos/apache-airflow-101/.venv/lib/python3.11/site-packages/airflow/example_dags/plugins/listener_plugin.py for tasks to queue
[2023-11-14T07:55:36.514-0300] {logging_mixin.py:154} INFO - [2023-11-14T07:55:36.514-0300] {dagbag.py:536} INFO - Filling up the DagBag from /home/gmassoqueto/repos/apache-airflow-101/.venv/lib/python3.11/site-packages/airflow/example_dags/plugins/listener_plugin.py
[2023-11-14T07:55:36.518-0300] {processor.py:841} WARNING - No viable dags retrieved from /home/gmassoqueto/repos/apache-airflow-101/.venv/lib/python3.11/site-packages/airflow/example_dags/plugins/listener_plugin.py
[2023-11-14T07:55:36.530-0300] {processor.py:179} INFO - Processing /home/gmassoqueto/repos/apache-airflow-101/.venv/lib/python3.11/site-packages/airflow/example_dags/plugins/listener_plugin.py took 0.023 seconds
[2023-11-14T07:57:15.068-0300] {processor.py:157} INFO - Started process (PID=287161) to work on /home/gmassoqueto/repos/apache-airflow-101/.venv/lib/python3.11/site-packages/airflow/example_dags/plugins/listener_plugin.py
[2023-11-14T07:57:15.072-0300] {processor.py:829} INFO - Processing file /home/gmassoqueto/repos/apache-airflow-101/.venv/lib/python3.11/site-packages/airflow/example_dags/plugins/listener_plugin.py for tasks to queue
[2023-11-14T07:57:15.073-0300] {logging_mixin.py:154} INFO - [2023-11-14T07:57:15.073-0300] {dagbag.py:536} INFO - Filling up the DagBag from /home/gmassoqueto/repos/apache-airflow-101/.venv/lib/python3.11/site-packages/airflow/example_dags/plugins/listener_plugin.py
[2023-11-14T07:57:15.076-0300] {processor.py:841} WARNING - No viable dags retrieved from /home/gmassoqueto/repos/apache-airflow-101/.venv/lib/python3.11/site-packages/airflow/example_dags/plugins/listener_plugin.py
[2023-11-14T07:57:15.084-0300] {processor.py:179} INFO - Processing /home/gmassoqueto/repos/apache-airflow-101/.venv/lib/python3.11/site-packages/airflow/example_dags/plugins/listener_plugin.py took 0.018 seconds
[2023-11-14T07:58:00.523-0300] {processor.py:157} INFO - Started process (PID=287340) to work on /home/gmassoqueto/repos/apache-airflow-101/.venv/lib/python3.11/site-packages/airflow/example_dags/plugins/listener_plugin.py
[2023-11-14T07:58:00.527-0300] {processor.py:829} INFO - Processing file /home/gmassoqueto/repos/apache-airflow-101/.venv/lib/python3.11/site-packages/airflow/example_dags/plugins/listener_plugin.py for tasks to queue
[2023-11-14T07:58:00.528-0300] {logging_mixin.py:154} INFO - [2023-11-14T07:58:00.528-0300] {dagbag.py:536} INFO - Filling up the DagBag from /home/gmassoqueto/repos/apache-airflow-101/.venv/lib/python3.11/site-packages/airflow/example_dags/plugins/listener_plugin.py
[2023-11-14T07:58:00.532-0300] {processor.py:841} WARNING - No viable dags retrieved from /home/gmassoqueto/repos/apache-airflow-101/.venv/lib/python3.11/site-packages/airflow/example_dags/plugins/listener_plugin.py
[2023-11-14T07:58:00.547-0300] {processor.py:179} INFO - Processing /home/gmassoqueto/repos/apache-airflow-101/.venv/lib/python3.11/site-packages/airflow/example_dags/plugins/listener_plugin.py took 0.027 seconds
[2023-11-14T07:58:45.124-0300] {processor.py:157} INFO - Started process (PID=287524) to work on /home/gmassoqueto/repos/apache-airflow-101/.venv/lib/python3.11/site-packages/airflow/example_dags/plugins/listener_plugin.py
[2023-11-14T07:58:45.129-0300] {processor.py:829} INFO - Processing file /home/gmassoqueto/repos/apache-airflow-101/.venv/lib/python3.11/site-packages/airflow/example_dags/plugins/listener_plugin.py for tasks to queue
[2023-11-14T07:58:45.132-0300] {logging_mixin.py:154} INFO - [2023-11-14T07:58:45.131-0300] {dagbag.py:536} INFO - Filling up the DagBag from /home/gmassoqueto/repos/apache-airflow-101/.venv/lib/python3.11/site-packages/airflow/example_dags/plugins/listener_plugin.py
[2023-11-14T07:58:45.140-0300] {processor.py:841} WARNING - No viable dags retrieved from /home/gmassoqueto/repos/apache-airflow-101/.venv/lib/python3.11/site-packages/airflow/example_dags/plugins/listener_plugin.py
[2023-11-14T07:58:45.167-0300] {processor.py:179} INFO - Processing /home/gmassoqueto/repos/apache-airflow-101/.venv/lib/python3.11/site-packages/airflow/example_dags/plugins/listener_plugin.py took 0.051 seconds
[2023-11-14T07:59:32.936-0300] {processor.py:157} INFO - Started process (PID=287624) to work on /home/gmassoqueto/repos/apache-airflow-101/.venv/lib/python3.11/site-packages/airflow/example_dags/plugins/listener_plugin.py
[2023-11-14T07:59:32.938-0300] {processor.py:829} INFO - Processing file /home/gmassoqueto/repos/apache-airflow-101/.venv/lib/python3.11/site-packages/airflow/example_dags/plugins/listener_plugin.py for tasks to queue
[2023-11-14T07:59:32.942-0300] {logging_mixin.py:154} INFO - [2023-11-14T07:59:32.941-0300] {dagbag.py:536} INFO - Filling up the DagBag from /home/gmassoqueto/repos/apache-airflow-101/.venv/lib/python3.11/site-packages/airflow/example_dags/plugins/listener_plugin.py
[2023-11-14T07:59:32.950-0300] {processor.py:841} WARNING - No viable dags retrieved from /home/gmassoqueto/repos/apache-airflow-101/.venv/lib/python3.11/site-packages/airflow/example_dags/plugins/listener_plugin.py
[2023-11-14T07:59:32.964-0300] {processor.py:179} INFO - Processing /home/gmassoqueto/repos/apache-airflow-101/.venv/lib/python3.11/site-packages/airflow/example_dags/plugins/listener_plugin.py took 0.038 seconds
[2023-11-14T08:00:10.158-0300] {processor.py:157} INFO - Started process (PID=287703) to work on /home/gmassoqueto/repos/apache-airflow-101/.venv/lib/python3.11/site-packages/airflow/example_dags/plugins/listener_plugin.py
[2023-11-14T08:00:10.162-0300] {processor.py:829} INFO - Processing file /home/gmassoqueto/repos/apache-airflow-101/.venv/lib/python3.11/site-packages/airflow/example_dags/plugins/listener_plugin.py for tasks to queue
[2023-11-14T08:00:10.165-0300] {logging_mixin.py:154} INFO - [2023-11-14T08:00:10.164-0300] {dagbag.py:536} INFO - Filling up the DagBag from /home/gmassoqueto/repos/apache-airflow-101/.venv/lib/python3.11/site-packages/airflow/example_dags/plugins/listener_plugin.py
[2023-11-14T08:00:10.172-0300] {processor.py:841} WARNING - No viable dags retrieved from /home/gmassoqueto/repos/apache-airflow-101/.venv/lib/python3.11/site-packages/airflow/example_dags/plugins/listener_plugin.py
[2023-11-14T08:00:10.191-0300] {processor.py:179} INFO - Processing /home/gmassoqueto/repos/apache-airflow-101/.venv/lib/python3.11/site-packages/airflow/example_dags/plugins/listener_plugin.py took 0.039 seconds
[2023-11-14T08:00:45.245-0300] {processor.py:157} INFO - Started process (PID=287815) to work on /home/gmassoqueto/repos/apache-airflow-101/.venv/lib/python3.11/site-packages/airflow/example_dags/plugins/listener_plugin.py
[2023-11-14T08:00:45.248-0300] {processor.py:829} INFO - Processing file /home/gmassoqueto/repos/apache-airflow-101/.venv/lib/python3.11/site-packages/airflow/example_dags/plugins/listener_plugin.py for tasks to queue
[2023-11-14T08:00:45.250-0300] {logging_mixin.py:154} INFO - [2023-11-14T08:00:45.249-0300] {dagbag.py:536} INFO - Filling up the DagBag from /home/gmassoqueto/repos/apache-airflow-101/.venv/lib/python3.11/site-packages/airflow/example_dags/plugins/listener_plugin.py
[2023-11-14T08:00:45.257-0300] {processor.py:841} WARNING - No viable dags retrieved from /home/gmassoqueto/repos/apache-airflow-101/.venv/lib/python3.11/site-packages/airflow/example_dags/plugins/listener_plugin.py
[2023-11-14T08:00:45.272-0300] {processor.py:179} INFO - Processing /home/gmassoqueto/repos/apache-airflow-101/.venv/lib/python3.11/site-packages/airflow/example_dags/plugins/listener_plugin.py took 0.034 seconds
[2023-11-14T08:01:31.880-0300] {processor.py:157} INFO - Started process (PID=288046) to work on /home/gmassoqueto/repos/apache-airflow-101/.venv/lib/python3.11/site-packages/airflow/example_dags/plugins/listener_plugin.py
[2023-11-14T08:01:31.881-0300] {processor.py:829} INFO - Processing file /home/gmassoqueto/repos/apache-airflow-101/.venv/lib/python3.11/site-packages/airflow/example_dags/plugins/listener_plugin.py for tasks to queue
[2023-11-14T08:01:31.882-0300] {logging_mixin.py:154} INFO - [2023-11-14T08:01:31.881-0300] {dagbag.py:536} INFO - Filling up the DagBag from /home/gmassoqueto/repos/apache-airflow-101/.venv/lib/python3.11/site-packages/airflow/example_dags/plugins/listener_plugin.py
[2023-11-14T08:01:31.884-0300] {processor.py:841} WARNING - No viable dags retrieved from /home/gmassoqueto/repos/apache-airflow-101/.venv/lib/python3.11/site-packages/airflow/example_dags/plugins/listener_plugin.py
[2023-11-14T08:01:31.894-0300] {processor.py:179} INFO - Processing /home/gmassoqueto/repos/apache-airflow-101/.venv/lib/python3.11/site-packages/airflow/example_dags/plugins/listener_plugin.py took 0.016 seconds
[2023-11-14T08:02:05.710-0300] {processor.py:157} INFO - Started process (PID=288098) to work on /home/gmassoqueto/repos/apache-airflow-101/.venv/lib/python3.11/site-packages/airflow/example_dags/plugins/listener_plugin.py
[2023-11-14T08:02:05.715-0300] {processor.py:829} INFO - Processing file /home/gmassoqueto/repos/apache-airflow-101/.venv/lib/python3.11/site-packages/airflow/example_dags/plugins/listener_plugin.py for tasks to queue
[2023-11-14T08:02:05.718-0300] {logging_mixin.py:154} INFO - [2023-11-14T08:02:05.717-0300] {dagbag.py:536} INFO - Filling up the DagBag from /home/gmassoqueto/repos/apache-airflow-101/.venv/lib/python3.11/site-packages/airflow/example_dags/plugins/listener_plugin.py
[2023-11-14T08:02:05.723-0300] {processor.py:841} WARNING - No viable dags retrieved from /home/gmassoqueto/repos/apache-airflow-101/.venv/lib/python3.11/site-packages/airflow/example_dags/plugins/listener_plugin.py
[2023-11-14T08:02:05.736-0300] {processor.py:179} INFO - Processing /home/gmassoqueto/repos/apache-airflow-101/.venv/lib/python3.11/site-packages/airflow/example_dags/plugins/listener_plugin.py took 0.034 seconds
[2023-11-14T08:02:54.534-0300] {processor.py:157} INFO - Started process (PID=288293) to work on /home/gmassoqueto/repos/apache-airflow-101/.venv/lib/python3.11/site-packages/airflow/example_dags/plugins/listener_plugin.py
[2023-11-14T08:02:54.539-0300] {processor.py:829} INFO - Processing file /home/gmassoqueto/repos/apache-airflow-101/.venv/lib/python3.11/site-packages/airflow/example_dags/plugins/listener_plugin.py for tasks to queue
[2023-11-14T08:02:54.540-0300] {logging_mixin.py:154} INFO - [2023-11-14T08:02:54.540-0300] {dagbag.py:536} INFO - Filling up the DagBag from /home/gmassoqueto/repos/apache-airflow-101/.venv/lib/python3.11/site-packages/airflow/example_dags/plugins/listener_plugin.py
[2023-11-14T08:02:54.544-0300] {processor.py:841} WARNING - No viable dags retrieved from /home/gmassoqueto/repos/apache-airflow-101/.venv/lib/python3.11/site-packages/airflow/example_dags/plugins/listener_plugin.py
[2023-11-14T08:02:54.555-0300] {processor.py:179} INFO - Processing /home/gmassoqueto/repos/apache-airflow-101/.venv/lib/python3.11/site-packages/airflow/example_dags/plugins/listener_plugin.py took 0.028 seconds
[2023-11-14T08:03:41.229-0300] {processor.py:157} INFO - Started process (PID=288408) to work on /home/gmassoqueto/repos/apache-airflow-101/.venv/lib/python3.11/site-packages/airflow/example_dags/plugins/listener_plugin.py
[2023-11-14T08:03:41.233-0300] {processor.py:829} INFO - Processing file /home/gmassoqueto/repos/apache-airflow-101/.venv/lib/python3.11/site-packages/airflow/example_dags/plugins/listener_plugin.py for tasks to queue
[2023-11-14T08:03:41.234-0300] {logging_mixin.py:154} INFO - [2023-11-14T08:03:41.233-0300] {dagbag.py:536} INFO - Filling up the DagBag from /home/gmassoqueto/repos/apache-airflow-101/.venv/lib/python3.11/site-packages/airflow/example_dags/plugins/listener_plugin.py
[2023-11-14T08:03:41.237-0300] {processor.py:841} WARNING - No viable dags retrieved from /home/gmassoqueto/repos/apache-airflow-101/.venv/lib/python3.11/site-packages/airflow/example_dags/plugins/listener_plugin.py
[2023-11-14T08:03:41.253-0300] {processor.py:179} INFO - Processing /home/gmassoqueto/repos/apache-airflow-101/.venv/lib/python3.11/site-packages/airflow/example_dags/plugins/listener_plugin.py took 0.028 seconds
[2023-11-14T08:04:14.828-0300] {processor.py:157} INFO - Started process (PID=288842) to work on /home/gmassoqueto/repos/apache-airflow-101/.venv/lib/python3.11/site-packages/airflow/example_dags/plugins/listener_plugin.py
[2023-11-14T08:04:14.833-0300] {processor.py:829} INFO - Processing file /home/gmassoqueto/repos/apache-airflow-101/.venv/lib/python3.11/site-packages/airflow/example_dags/plugins/listener_plugin.py for tasks to queue
[2023-11-14T08:04:14.837-0300] {logging_mixin.py:154} INFO - [2023-11-14T08:04:14.835-0300] {dagbag.py:536} INFO - Filling up the DagBag from /home/gmassoqueto/repos/apache-airflow-101/.venv/lib/python3.11/site-packages/airflow/example_dags/plugins/listener_plugin.py
[2023-11-14T08:04:14.844-0300] {processor.py:841} WARNING - No viable dags retrieved from /home/gmassoqueto/repos/apache-airflow-101/.venv/lib/python3.11/site-packages/airflow/example_dags/plugins/listener_plugin.py
[2023-11-14T08:04:14.858-0300] {processor.py:179} INFO - Processing /home/gmassoqueto/repos/apache-airflow-101/.venv/lib/python3.11/site-packages/airflow/example_dags/plugins/listener_plugin.py took 0.037 seconds
[2023-11-14T08:04:48.765-0300] {processor.py:157} INFO - Started process (PID=288967) to work on /home/gmassoqueto/repos/apache-airflow-101/.venv/lib/python3.11/site-packages/airflow/example_dags/plugins/listener_plugin.py
[2023-11-14T08:04:48.769-0300] {processor.py:829} INFO - Processing file /home/gmassoqueto/repos/apache-airflow-101/.venv/lib/python3.11/site-packages/airflow/example_dags/plugins/listener_plugin.py for tasks to queue
[2023-11-14T08:04:48.769-0300] {logging_mixin.py:154} INFO - [2023-11-14T08:04:48.769-0300] {dagbag.py:536} INFO - Filling up the DagBag from /home/gmassoqueto/repos/apache-airflow-101/.venv/lib/python3.11/site-packages/airflow/example_dags/plugins/listener_plugin.py
[2023-11-14T08:04:48.772-0300] {processor.py:841} WARNING - No viable dags retrieved from /home/gmassoqueto/repos/apache-airflow-101/.venv/lib/python3.11/site-packages/airflow/example_dags/plugins/listener_plugin.py
[2023-11-14T08:04:48.781-0300] {processor.py:179} INFO - Processing /home/gmassoqueto/repos/apache-airflow-101/.venv/lib/python3.11/site-packages/airflow/example_dags/plugins/listener_plugin.py took 0.018 seconds
[2023-11-14T08:05:21.924-0300] {processor.py:157} INFO - Started process (PID=289032) to work on /home/gmassoqueto/repos/apache-airflow-101/.venv/lib/python3.11/site-packages/airflow/example_dags/plugins/listener_plugin.py
[2023-11-14T08:05:21.928-0300] {processor.py:829} INFO - Processing file /home/gmassoqueto/repos/apache-airflow-101/.venv/lib/python3.11/site-packages/airflow/example_dags/plugins/listener_plugin.py for tasks to queue
[2023-11-14T08:05:21.932-0300] {logging_mixin.py:154} INFO - [2023-11-14T08:05:21.930-0300] {dagbag.py:536} INFO - Filling up the DagBag from /home/gmassoqueto/repos/apache-airflow-101/.venv/lib/python3.11/site-packages/airflow/example_dags/plugins/listener_plugin.py
[2023-11-14T08:05:21.940-0300] {processor.py:841} WARNING - No viable dags retrieved from /home/gmassoqueto/repos/apache-airflow-101/.venv/lib/python3.11/site-packages/airflow/example_dags/plugins/listener_plugin.py
[2023-11-14T08:05:21.960-0300] {processor.py:179} INFO - Processing /home/gmassoqueto/repos/apache-airflow-101/.venv/lib/python3.11/site-packages/airflow/example_dags/plugins/listener_plugin.py took 0.039 seconds
[2023-11-14T08:05:57.035-0300] {processor.py:157} INFO - Started process (PID=289127) to work on /home/gmassoqueto/repos/apache-airflow-101/.venv/lib/python3.11/site-packages/airflow/example_dags/plugins/listener_plugin.py
[2023-11-14T08:05:57.039-0300] {processor.py:829} INFO - Processing file /home/gmassoqueto/repos/apache-airflow-101/.venv/lib/python3.11/site-packages/airflow/example_dags/plugins/listener_plugin.py for tasks to queue
[2023-11-14T08:05:57.040-0300] {logging_mixin.py:154} INFO - [2023-11-14T08:05:57.040-0300] {dagbag.py:536} INFO - Filling up the DagBag from /home/gmassoqueto/repos/apache-airflow-101/.venv/lib/python3.11/site-packages/airflow/example_dags/plugins/listener_plugin.py
[2023-11-14T08:05:57.046-0300] {processor.py:841} WARNING - No viable dags retrieved from /home/gmassoqueto/repos/apache-airflow-101/.venv/lib/python3.11/site-packages/airflow/example_dags/plugins/listener_plugin.py
[2023-11-14T08:05:57.067-0300] {processor.py:179} INFO - Processing /home/gmassoqueto/repos/apache-airflow-101/.venv/lib/python3.11/site-packages/airflow/example_dags/plugins/listener_plugin.py took 0.035 seconds
[2023-11-14T08:06:43.617-0300] {processor.py:157} INFO - Started process (PID=289248) to work on /home/gmassoqueto/repos/apache-airflow-101/.venv/lib/python3.11/site-packages/airflow/example_dags/plugins/listener_plugin.py
[2023-11-14T08:06:43.622-0300] {processor.py:829} INFO - Processing file /home/gmassoqueto/repos/apache-airflow-101/.venv/lib/python3.11/site-packages/airflow/example_dags/plugins/listener_plugin.py for tasks to queue
[2023-11-14T08:06:43.623-0300] {logging_mixin.py:154} INFO - [2023-11-14T08:06:43.622-0300] {dagbag.py:536} INFO - Filling up the DagBag from /home/gmassoqueto/repos/apache-airflow-101/.venv/lib/python3.11/site-packages/airflow/example_dags/plugins/listener_plugin.py
[2023-11-14T08:06:43.628-0300] {processor.py:841} WARNING - No viable dags retrieved from /home/gmassoqueto/repos/apache-airflow-101/.venv/lib/python3.11/site-packages/airflow/example_dags/plugins/listener_plugin.py
[2023-11-14T08:06:43.638-0300] {processor.py:179} INFO - Processing /home/gmassoqueto/repos/apache-airflow-101/.venv/lib/python3.11/site-packages/airflow/example_dags/plugins/listener_plugin.py took 0.027 seconds
[2023-11-14T08:07:31.552-0300] {processor.py:157} INFO - Started process (PID=289431) to work on /home/gmassoqueto/repos/apache-airflow-101/.venv/lib/python3.11/site-packages/airflow/example_dags/plugins/listener_plugin.py
[2023-11-14T08:07:31.556-0300] {processor.py:829} INFO - Processing file /home/gmassoqueto/repos/apache-airflow-101/.venv/lib/python3.11/site-packages/airflow/example_dags/plugins/listener_plugin.py for tasks to queue
[2023-11-14T08:07:31.557-0300] {logging_mixin.py:154} INFO - [2023-11-14T08:07:31.556-0300] {dagbag.py:536} INFO - Filling up the DagBag from /home/gmassoqueto/repos/apache-airflow-101/.venv/lib/python3.11/site-packages/airflow/example_dags/plugins/listener_plugin.py
[2023-11-14T08:07:31.560-0300] {processor.py:841} WARNING - No viable dags retrieved from /home/gmassoqueto/repos/apache-airflow-101/.venv/lib/python3.11/site-packages/airflow/example_dags/plugins/listener_plugin.py
[2023-11-14T08:07:31.569-0300] {processor.py:179} INFO - Processing /home/gmassoqueto/repos/apache-airflow-101/.venv/lib/python3.11/site-packages/airflow/example_dags/plugins/listener_plugin.py took 0.023 seconds
[2023-11-14T08:08:08.773-0300] {processor.py:157} INFO - Started process (PID=289649) to work on /home/gmassoqueto/repos/apache-airflow-101/.venv/lib/python3.11/site-packages/airflow/example_dags/plugins/listener_plugin.py
[2023-11-14T08:08:08.775-0300] {processor.py:829} INFO - Processing file /home/gmassoqueto/repos/apache-airflow-101/.venv/lib/python3.11/site-packages/airflow/example_dags/plugins/listener_plugin.py for tasks to queue
[2023-11-14T08:08:08.777-0300] {logging_mixin.py:154} INFO - [2023-11-14T08:08:08.776-0300] {dagbag.py:536} INFO - Filling up the DagBag from /home/gmassoqueto/repos/apache-airflow-101/.venv/lib/python3.11/site-packages/airflow/example_dags/plugins/listener_plugin.py
[2023-11-14T08:08:08.779-0300] {processor.py:841} WARNING - No viable dags retrieved from /home/gmassoqueto/repos/apache-airflow-101/.venv/lib/python3.11/site-packages/airflow/example_dags/plugins/listener_plugin.py
[2023-11-14T08:08:08.825-0300] {processor.py:179} INFO - Processing /home/gmassoqueto/repos/apache-airflow-101/.venv/lib/python3.11/site-packages/airflow/example_dags/plugins/listener_plugin.py took 0.056 seconds
[2023-11-14T08:08:54.288-0300] {processor.py:157} INFO - Started process (PID=289938) to work on /home/gmassoqueto/repos/apache-airflow-101/.venv/lib/python3.11/site-packages/airflow/example_dags/plugins/listener_plugin.py
[2023-11-14T08:08:54.292-0300] {processor.py:829} INFO - Processing file /home/gmassoqueto/repos/apache-airflow-101/.venv/lib/python3.11/site-packages/airflow/example_dags/plugins/listener_plugin.py for tasks to queue
[2023-11-14T08:08:54.293-0300] {logging_mixin.py:154} INFO - [2023-11-14T08:08:54.292-0300] {dagbag.py:536} INFO - Filling up the DagBag from /home/gmassoqueto/repos/apache-airflow-101/.venv/lib/python3.11/site-packages/airflow/example_dags/plugins/listener_plugin.py
[2023-11-14T08:08:54.295-0300] {processor.py:841} WARNING - No viable dags retrieved from /home/gmassoqueto/repos/apache-airflow-101/.venv/lib/python3.11/site-packages/airflow/example_dags/plugins/listener_plugin.py
[2023-11-14T08:08:54.303-0300] {processor.py:179} INFO - Processing /home/gmassoqueto/repos/apache-airflow-101/.venv/lib/python3.11/site-packages/airflow/example_dags/plugins/listener_plugin.py took 0.018 seconds
[2023-11-14T08:09:47.423-0300] {processor.py:157} INFO - Started process (PID=290222) to work on /home/gmassoqueto/repos/apache-airflow-101/.venv/lib/python3.11/site-packages/airflow/example_dags/plugins/listener_plugin.py
[2023-11-14T08:09:47.424-0300] {processor.py:829} INFO - Processing file /home/gmassoqueto/repos/apache-airflow-101/.venv/lib/python3.11/site-packages/airflow/example_dags/plugins/listener_plugin.py for tasks to queue
[2023-11-14T08:09:47.426-0300] {logging_mixin.py:154} INFO - [2023-11-14T08:09:47.425-0300] {dagbag.py:536} INFO - Filling up the DagBag from /home/gmassoqueto/repos/apache-airflow-101/.venv/lib/python3.11/site-packages/airflow/example_dags/plugins/listener_plugin.py
[2023-11-14T08:09:47.431-0300] {processor.py:841} WARNING - No viable dags retrieved from /home/gmassoqueto/repos/apache-airflow-101/.venv/lib/python3.11/site-packages/airflow/example_dags/plugins/listener_plugin.py
[2023-11-14T08:09:47.454-0300] {processor.py:179} INFO - Processing /home/gmassoqueto/repos/apache-airflow-101/.venv/lib/python3.11/site-packages/airflow/example_dags/plugins/listener_plugin.py took 0.037 seconds
[2023-11-14T08:10:37.523-0300] {processor.py:157} INFO - Started process (PID=291024) to work on /home/gmassoqueto/repos/apache-airflow-101/.venv/lib/python3.11/site-packages/airflow/example_dags/plugins/listener_plugin.py
[2023-11-14T08:10:37.610-0300] {processor.py:829} INFO - Processing file /home/gmassoqueto/repos/apache-airflow-101/.venv/lib/python3.11/site-packages/airflow/example_dags/plugins/listener_plugin.py for tasks to queue
[2023-11-14T08:10:37.612-0300] {logging_mixin.py:154} INFO - [2023-11-14T08:10:37.612-0300] {dagbag.py:536} INFO - Filling up the DagBag from /home/gmassoqueto/repos/apache-airflow-101/.venv/lib/python3.11/site-packages/airflow/example_dags/plugins/listener_plugin.py
[2023-11-14T08:10:37.615-0300] {processor.py:841} WARNING - No viable dags retrieved from /home/gmassoqueto/repos/apache-airflow-101/.venv/lib/python3.11/site-packages/airflow/example_dags/plugins/listener_plugin.py
[2023-11-14T08:10:37.628-0300] {processor.py:179} INFO - Processing /home/gmassoqueto/repos/apache-airflow-101/.venv/lib/python3.11/site-packages/airflow/example_dags/plugins/listener_plugin.py took 0.108 seconds
[2023-11-14T08:11:12.430-0300] {processor.py:157} INFO - Started process (PID=291149) to work on /home/gmassoqueto/repos/apache-airflow-101/.venv/lib/python3.11/site-packages/airflow/example_dags/plugins/listener_plugin.py
[2023-11-14T08:11:12.433-0300] {processor.py:829} INFO - Processing file /home/gmassoqueto/repos/apache-airflow-101/.venv/lib/python3.11/site-packages/airflow/example_dags/plugins/listener_plugin.py for tasks to queue
[2023-11-14T08:11:12.434-0300] {logging_mixin.py:154} INFO - [2023-11-14T08:11:12.434-0300] {dagbag.py:536} INFO - Filling up the DagBag from /home/gmassoqueto/repos/apache-airflow-101/.venv/lib/python3.11/site-packages/airflow/example_dags/plugins/listener_plugin.py
[2023-11-14T08:11:12.436-0300] {processor.py:841} WARNING - No viable dags retrieved from /home/gmassoqueto/repos/apache-airflow-101/.venv/lib/python3.11/site-packages/airflow/example_dags/plugins/listener_plugin.py
[2023-11-14T08:11:12.445-0300] {processor.py:179} INFO - Processing /home/gmassoqueto/repos/apache-airflow-101/.venv/lib/python3.11/site-packages/airflow/example_dags/plugins/listener_plugin.py took 0.017 seconds
[2023-11-14T08:11:57.641-0300] {processor.py:157} INFO - Started process (PID=291278) to work on /home/gmassoqueto/repos/apache-airflow-101/.venv/lib/python3.11/site-packages/airflow/example_dags/plugins/listener_plugin.py
[2023-11-14T08:11:57.646-0300] {processor.py:829} INFO - Processing file /home/gmassoqueto/repos/apache-airflow-101/.venv/lib/python3.11/site-packages/airflow/example_dags/plugins/listener_plugin.py for tasks to queue
[2023-11-14T08:11:57.649-0300] {logging_mixin.py:154} INFO - [2023-11-14T08:11:57.647-0300] {dagbag.py:536} INFO - Filling up the DagBag from /home/gmassoqueto/repos/apache-airflow-101/.venv/lib/python3.11/site-packages/airflow/example_dags/plugins/listener_plugin.py
[2023-11-14T08:11:57.655-0300] {processor.py:841} WARNING - No viable dags retrieved from /home/gmassoqueto/repos/apache-airflow-101/.venv/lib/python3.11/site-packages/airflow/example_dags/plugins/listener_plugin.py
[2023-11-14T08:11:57.666-0300] {processor.py:179} INFO - Processing /home/gmassoqueto/repos/apache-airflow-101/.venv/lib/python3.11/site-packages/airflow/example_dags/plugins/listener_plugin.py took 0.030 seconds
[2023-11-14T08:12:43.116-0300] {processor.py:157} INFO - Started process (PID=291516) to work on /home/gmassoqueto/repos/apache-airflow-101/.venv/lib/python3.11/site-packages/airflow/example_dags/plugins/listener_plugin.py
[2023-11-14T08:12:43.119-0300] {processor.py:829} INFO - Processing file /home/gmassoqueto/repos/apache-airflow-101/.venv/lib/python3.11/site-packages/airflow/example_dags/plugins/listener_plugin.py for tasks to queue
[2023-11-14T08:12:43.120-0300] {logging_mixin.py:154} INFO - [2023-11-14T08:12:43.120-0300] {dagbag.py:536} INFO - Filling up the DagBag from /home/gmassoqueto/repos/apache-airflow-101/.venv/lib/python3.11/site-packages/airflow/example_dags/plugins/listener_plugin.py
[2023-11-14T08:12:43.123-0300] {processor.py:841} WARNING - No viable dags retrieved from /home/gmassoqueto/repos/apache-airflow-101/.venv/lib/python3.11/site-packages/airflow/example_dags/plugins/listener_plugin.py
[2023-11-14T08:12:43.134-0300] {processor.py:179} INFO - Processing /home/gmassoqueto/repos/apache-airflow-101/.venv/lib/python3.11/site-packages/airflow/example_dags/plugins/listener_plugin.py took 0.020 seconds
[2023-11-14T08:13:29.783-0300] {processor.py:157} INFO - Started process (PID=291628) to work on /home/gmassoqueto/repos/apache-airflow-101/.venv/lib/python3.11/site-packages/airflow/example_dags/plugins/listener_plugin.py
[2023-11-14T08:13:29.788-0300] {processor.py:829} INFO - Processing file /home/gmassoqueto/repos/apache-airflow-101/.venv/lib/python3.11/site-packages/airflow/example_dags/plugins/listener_plugin.py for tasks to queue
[2023-11-14T08:13:29.790-0300] {logging_mixin.py:154} INFO - [2023-11-14T08:13:29.789-0300] {dagbag.py:536} INFO - Filling up the DagBag from /home/gmassoqueto/repos/apache-airflow-101/.venv/lib/python3.11/site-packages/airflow/example_dags/plugins/listener_plugin.py
[2023-11-14T08:13:29.796-0300] {processor.py:841} WARNING - No viable dags retrieved from /home/gmassoqueto/repos/apache-airflow-101/.venv/lib/python3.11/site-packages/airflow/example_dags/plugins/listener_plugin.py
[2023-11-14T08:13:29.813-0300] {processor.py:179} INFO - Processing /home/gmassoqueto/repos/apache-airflow-101/.venv/lib/python3.11/site-packages/airflow/example_dags/plugins/listener_plugin.py took 0.038 seconds
[2023-11-14T08:14:16.459-0300] {processor.py:157} INFO - Started process (PID=291719) to work on /home/gmassoqueto/repos/apache-airflow-101/.venv/lib/python3.11/site-packages/airflow/example_dags/plugins/listener_plugin.py
[2023-11-14T08:14:16.462-0300] {processor.py:829} INFO - Processing file /home/gmassoqueto/repos/apache-airflow-101/.venv/lib/python3.11/site-packages/airflow/example_dags/plugins/listener_plugin.py for tasks to queue
[2023-11-14T08:14:16.463-0300] {logging_mixin.py:154} INFO - [2023-11-14T08:14:16.462-0300] {dagbag.py:536} INFO - Filling up the DagBag from /home/gmassoqueto/repos/apache-airflow-101/.venv/lib/python3.11/site-packages/airflow/example_dags/plugins/listener_plugin.py
[2023-11-14T08:14:16.465-0300] {processor.py:841} WARNING - No viable dags retrieved from /home/gmassoqueto/repos/apache-airflow-101/.venv/lib/python3.11/site-packages/airflow/example_dags/plugins/listener_plugin.py
[2023-11-14T08:14:16.473-0300] {processor.py:179} INFO - Processing /home/gmassoqueto/repos/apache-airflow-101/.venv/lib/python3.11/site-packages/airflow/example_dags/plugins/listener_plugin.py took 0.016 seconds
[2023-11-14T08:14:50.325-0300] {processor.py:157} INFO - Started process (PID=291851) to work on /home/gmassoqueto/repos/apache-airflow-101/.venv/lib/python3.11/site-packages/airflow/example_dags/plugins/listener_plugin.py
[2023-11-14T08:14:50.330-0300] {processor.py:829} INFO - Processing file /home/gmassoqueto/repos/apache-airflow-101/.venv/lib/python3.11/site-packages/airflow/example_dags/plugins/listener_plugin.py for tasks to queue
[2023-11-14T08:14:50.332-0300] {logging_mixin.py:154} INFO - [2023-11-14T08:14:50.331-0300] {dagbag.py:536} INFO - Filling up the DagBag from /home/gmassoqueto/repos/apache-airflow-101/.venv/lib/python3.11/site-packages/airflow/example_dags/plugins/listener_plugin.py
[2023-11-14T08:14:50.338-0300] {processor.py:841} WARNING - No viable dags retrieved from /home/gmassoqueto/repos/apache-airflow-101/.venv/lib/python3.11/site-packages/airflow/example_dags/plugins/listener_plugin.py
[2023-11-14T08:14:50.358-0300] {processor.py:179} INFO - Processing /home/gmassoqueto/repos/apache-airflow-101/.venv/lib/python3.11/site-packages/airflow/example_dags/plugins/listener_plugin.py took 0.035 seconds
[2023-11-14T08:15:37.988-0300] {processor.py:157} INFO - Started process (PID=291933) to work on /home/gmassoqueto/repos/apache-airflow-101/.venv/lib/python3.11/site-packages/airflow/example_dags/plugins/listener_plugin.py
[2023-11-14T08:15:37.989-0300] {processor.py:829} INFO - Processing file /home/gmassoqueto/repos/apache-airflow-101/.venv/lib/python3.11/site-packages/airflow/example_dags/plugins/listener_plugin.py for tasks to queue
[2023-11-14T08:15:37.990-0300] {logging_mixin.py:154} INFO - [2023-11-14T08:15:37.990-0300] {dagbag.py:536} INFO - Filling up the DagBag from /home/gmassoqueto/repos/apache-airflow-101/.venv/lib/python3.11/site-packages/airflow/example_dags/plugins/listener_plugin.py
[2023-11-14T08:15:37.992-0300] {processor.py:841} WARNING - No viable dags retrieved from /home/gmassoqueto/repos/apache-airflow-101/.venv/lib/python3.11/site-packages/airflow/example_dags/plugins/listener_plugin.py
[2023-11-14T08:15:38.000-0300] {processor.py:179} INFO - Processing /home/gmassoqueto/repos/apache-airflow-101/.venv/lib/python3.11/site-packages/airflow/example_dags/plugins/listener_plugin.py took 0.015 seconds
[2023-11-14T08:16:25.354-0300] {processor.py:157} INFO - Started process (PID=292022) to work on /home/gmassoqueto/repos/apache-airflow-101/.venv/lib/python3.11/site-packages/airflow/example_dags/plugins/listener_plugin.py
[2023-11-14T08:16:25.355-0300] {processor.py:829} INFO - Processing file /home/gmassoqueto/repos/apache-airflow-101/.venv/lib/python3.11/site-packages/airflow/example_dags/plugins/listener_plugin.py for tasks to queue
[2023-11-14T08:16:25.356-0300] {logging_mixin.py:154} INFO - [2023-11-14T08:16:25.355-0300] {dagbag.py:536} INFO - Filling up the DagBag from /home/gmassoqueto/repos/apache-airflow-101/.venv/lib/python3.11/site-packages/airflow/example_dags/plugins/listener_plugin.py
[2023-11-14T08:16:25.358-0300] {processor.py:841} WARNING - No viable dags retrieved from /home/gmassoqueto/repos/apache-airflow-101/.venv/lib/python3.11/site-packages/airflow/example_dags/plugins/listener_plugin.py
[2023-11-14T08:16:25.366-0300] {processor.py:179} INFO - Processing /home/gmassoqueto/repos/apache-airflow-101/.venv/lib/python3.11/site-packages/airflow/example_dags/plugins/listener_plugin.py took 0.015 seconds
[2023-11-14T08:16:58.993-0300] {processor.py:157} INFO - Started process (PID=292076) to work on /home/gmassoqueto/repos/apache-airflow-101/.venv/lib/python3.11/site-packages/airflow/example_dags/plugins/listener_plugin.py
[2023-11-14T08:16:58.996-0300] {processor.py:829} INFO - Processing file /home/gmassoqueto/repos/apache-airflow-101/.venv/lib/python3.11/site-packages/airflow/example_dags/plugins/listener_plugin.py for tasks to queue
[2023-11-14T08:16:58.997-0300] {logging_mixin.py:154} INFO - [2023-11-14T08:16:58.997-0300] {dagbag.py:536} INFO - Filling up the DagBag from /home/gmassoqueto/repos/apache-airflow-101/.venv/lib/python3.11/site-packages/airflow/example_dags/plugins/listener_plugin.py
[2023-11-14T08:16:59.000-0300] {processor.py:841} WARNING - No viable dags retrieved from /home/gmassoqueto/repos/apache-airflow-101/.venv/lib/python3.11/site-packages/airflow/example_dags/plugins/listener_plugin.py
[2023-11-14T08:16:59.009-0300] {processor.py:179} INFO - Processing /home/gmassoqueto/repos/apache-airflow-101/.venv/lib/python3.11/site-packages/airflow/example_dags/plugins/listener_plugin.py took 0.019 seconds
[2023-11-14T08:17:33.345-0300] {processor.py:157} INFO - Started process (PID=292149) to work on /home/gmassoqueto/repos/apache-airflow-101/.venv/lib/python3.11/site-packages/airflow/example_dags/plugins/listener_plugin.py
[2023-11-14T08:17:33.349-0300] {processor.py:829} INFO - Processing file /home/gmassoqueto/repos/apache-airflow-101/.venv/lib/python3.11/site-packages/airflow/example_dags/plugins/listener_plugin.py for tasks to queue
[2023-11-14T08:17:33.350-0300] {logging_mixin.py:154} INFO - [2023-11-14T08:17:33.350-0300] {dagbag.py:536} INFO - Filling up the DagBag from /home/gmassoqueto/repos/apache-airflow-101/.venv/lib/python3.11/site-packages/airflow/example_dags/plugins/listener_plugin.py
[2023-11-14T08:17:33.352-0300] {processor.py:841} WARNING - No viable dags retrieved from /home/gmassoqueto/repos/apache-airflow-101/.venv/lib/python3.11/site-packages/airflow/example_dags/plugins/listener_plugin.py
[2023-11-14T08:17:33.361-0300] {processor.py:179} INFO - Processing /home/gmassoqueto/repos/apache-airflow-101/.venv/lib/python3.11/site-packages/airflow/example_dags/plugins/listener_plugin.py took 0.018 seconds
