[2023-11-14T07:03:19.684-0300] {processor.py:157} INFO - Started process (PID=284662) to work on /home/gmassoqueto/repos/apache-airflow-101/.venv/lib/python3.11/site-packages/airflow/example_dags/plugins/workday.py
[2023-11-14T07:03:19.685-0300] {processor.py:829} INFO - Processing file /home/gmassoqueto/repos/apache-airflow-101/.venv/lib/python3.11/site-packages/airflow/example_dags/plugins/workday.py for tasks to queue
[2023-11-14T07:03:19.685-0300] {logging_mixin.py:154} INFO - [2023-11-14T07:03:19.685-0300] {dagbag.py:536} INFO - Filling up the DagBag from /home/gmassoqueto/repos/apache-airflow-101/.venv/lib/python3.11/site-packages/airflow/example_dags/plugins/workday.py
[2023-11-14T07:03:19.689-0300] {logging_mixin.py:154} INFO - [2023-11-14T07:03:19.688-0300] {workday.py:36} WARNING - Could not import pandas. Holidays will not be considered.
[2023-11-14T07:03:19.689-0300] {processor.py:841} WARNING - No viable dags retrieved from /home/gmassoqueto/repos/apache-airflow-101/.venv/lib/python3.11/site-packages/airflow/example_dags/plugins/workday.py
[2023-11-14T07:03:19.720-0300] {processor.py:179} INFO - Processing /home/gmassoqueto/repos/apache-airflow-101/.venv/lib/python3.11/site-packages/airflow/example_dags/plugins/workday.py took 0.038 seconds
[2023-11-14T07:04:03.637-0300] {processor.py:157} INFO - Started process (PID=284829) to work on /home/gmassoqueto/repos/apache-airflow-101/.venv/lib/python3.11/site-packages/airflow/example_dags/plugins/workday.py
[2023-11-14T07:04:03.642-0300] {processor.py:829} INFO - Processing file /home/gmassoqueto/repos/apache-airflow-101/.venv/lib/python3.11/site-packages/airflow/example_dags/plugins/workday.py for tasks to queue
[2023-11-14T07:04:03.644-0300] {logging_mixin.py:154} INFO - [2023-11-14T07:04:03.643-0300] {dagbag.py:536} INFO - Filling up the DagBag from /home/gmassoqueto/repos/apache-airflow-101/.venv/lib/python3.11/site-packages/airflow/example_dags/plugins/workday.py
[2023-11-14T07:04:03.652-0300] {logging_mixin.py:154} INFO - [2023-11-14T07:04:03.651-0300] {workday.py:36} WARNING - Could not import pandas. Holidays will not be considered.
[2023-11-14T07:04:03.653-0300] {processor.py:841} WARNING - No viable dags retrieved from /home/gmassoqueto/repos/apache-airflow-101/.venv/lib/python3.11/site-packages/airflow/example_dags/plugins/workday.py
[2023-11-14T07:04:03.673-0300] {processor.py:179} INFO - Processing /home/gmassoqueto/repos/apache-airflow-101/.venv/lib/python3.11/site-packages/airflow/example_dags/plugins/workday.py took 0.044 seconds
[2023-11-14T07:55:36.287-0300] {processor.py:157} INFO - Started process (PID=286680) to work on /home/gmassoqueto/repos/apache-airflow-101/.venv/lib/python3.11/site-packages/airflow/example_dags/plugins/workday.py
[2023-11-14T07:55:36.288-0300] {processor.py:829} INFO - Processing file /home/gmassoqueto/repos/apache-airflow-101/.venv/lib/python3.11/site-packages/airflow/example_dags/plugins/workday.py for tasks to queue
[2023-11-14T07:55:36.289-0300] {logging_mixin.py:154} INFO - [2023-11-14T07:55:36.289-0300] {dagbag.py:536} INFO - Filling up the DagBag from /home/gmassoqueto/repos/apache-airflow-101/.venv/lib/python3.11/site-packages/airflow/example_dags/plugins/workday.py
[2023-11-14T07:55:36.292-0300] {logging_mixin.py:154} INFO - [2023-11-14T07:55:36.292-0300] {workday.py:36} WARNING - Could not import pandas. Holidays will not be considered.
[2023-11-14T07:55:36.293-0300] {processor.py:841} WARNING - No viable dags retrieved from /home/gmassoqueto/repos/apache-airflow-101/.venv/lib/python3.11/site-packages/airflow/example_dags/plugins/workday.py
[2023-11-14T07:55:36.302-0300] {processor.py:179} INFO - Processing /home/gmassoqueto/repos/apache-airflow-101/.venv/lib/python3.11/site-packages/airflow/example_dags/plugins/workday.py took 0.019 seconds
[2023-11-14T07:57:14.780-0300] {processor.py:157} INFO - Started process (PID=287160) to work on /home/gmassoqueto/repos/apache-airflow-101/.venv/lib/python3.11/site-packages/airflow/example_dags/plugins/workday.py
[2023-11-14T07:57:14.784-0300] {processor.py:829} INFO - Processing file /home/gmassoqueto/repos/apache-airflow-101/.venv/lib/python3.11/site-packages/airflow/example_dags/plugins/workday.py for tasks to queue
[2023-11-14T07:57:14.786-0300] {logging_mixin.py:154} INFO - [2023-11-14T07:57:14.785-0300] {dagbag.py:536} INFO - Filling up the DagBag from /home/gmassoqueto/repos/apache-airflow-101/.venv/lib/python3.11/site-packages/airflow/example_dags/plugins/workday.py
[2023-11-14T07:57:14.793-0300] {logging_mixin.py:154} INFO - [2023-11-14T07:57:14.792-0300] {workday.py:36} WARNING - Could not import pandas. Holidays will not be considered.
[2023-11-14T07:57:14.794-0300] {processor.py:841} WARNING - No viable dags retrieved from /home/gmassoqueto/repos/apache-airflow-101/.venv/lib/python3.11/site-packages/airflow/example_dags/plugins/workday.py
[2023-11-14T07:57:14.812-0300] {processor.py:179} INFO - Processing /home/gmassoqueto/repos/apache-airflow-101/.venv/lib/python3.11/site-packages/airflow/example_dags/plugins/workday.py took 0.039 seconds
[2023-11-14T07:57:59.825-0300] {processor.py:157} INFO - Started process (PID=287339) to work on /home/gmassoqueto/repos/apache-airflow-101/.venv/lib/python3.11/site-packages/airflow/example_dags/plugins/workday.py
[2023-11-14T07:57:59.829-0300] {processor.py:829} INFO - Processing file /home/gmassoqueto/repos/apache-airflow-101/.venv/lib/python3.11/site-packages/airflow/example_dags/plugins/workday.py for tasks to queue
[2023-11-14T07:57:59.829-0300] {logging_mixin.py:154} INFO - [2023-11-14T07:57:59.829-0300] {dagbag.py:536} INFO - Filling up the DagBag from /home/gmassoqueto/repos/apache-airflow-101/.venv/lib/python3.11/site-packages/airflow/example_dags/plugins/workday.py
[2023-11-14T07:57:59.831-0300] {logging_mixin.py:154} INFO - [2023-11-14T07:57:59.831-0300] {workday.py:36} WARNING - Could not import pandas. Holidays will not be considered.
[2023-11-14T07:57:59.832-0300] {processor.py:841} WARNING - No viable dags retrieved from /home/gmassoqueto/repos/apache-airflow-101/.venv/lib/python3.11/site-packages/airflow/example_dags/plugins/workday.py
[2023-11-14T07:57:59.839-0300] {processor.py:179} INFO - Processing /home/gmassoqueto/repos/apache-airflow-101/.venv/lib/python3.11/site-packages/airflow/example_dags/plugins/workday.py took 0.017 seconds
[2023-11-14T07:58:43.972-0300] {processor.py:157} INFO - Started process (PID=287505) to work on /home/gmassoqueto/repos/apache-airflow-101/.venv/lib/python3.11/site-packages/airflow/example_dags/plugins/workday.py
[2023-11-14T07:58:43.975-0300] {processor.py:829} INFO - Processing file /home/gmassoqueto/repos/apache-airflow-101/.venv/lib/python3.11/site-packages/airflow/example_dags/plugins/workday.py for tasks to queue
[2023-11-14T07:58:43.977-0300] {logging_mixin.py:154} INFO - [2023-11-14T07:58:43.976-0300] {dagbag.py:536} INFO - Filling up the DagBag from /home/gmassoqueto/repos/apache-airflow-101/.venv/lib/python3.11/site-packages/airflow/example_dags/plugins/workday.py
[2023-11-14T07:58:43.982-0300] {logging_mixin.py:154} INFO - [2023-11-14T07:58:43.982-0300] {workday.py:36} WARNING - Could not import pandas. Holidays will not be considered.
[2023-11-14T07:58:43.983-0300] {processor.py:841} WARNING - No viable dags retrieved from /home/gmassoqueto/repos/apache-airflow-101/.venv/lib/python3.11/site-packages/airflow/example_dags/plugins/workday.py
[2023-11-14T07:58:43.997-0300] {processor.py:179} INFO - Processing /home/gmassoqueto/repos/apache-airflow-101/.venv/lib/python3.11/site-packages/airflow/example_dags/plugins/workday.py took 0.028 seconds
[2023-11-14T07:59:31.736-0300] {processor.py:157} INFO - Started process (PID=287619) to work on /home/gmassoqueto/repos/apache-airflow-101/.venv/lib/python3.11/site-packages/airflow/example_dags/plugins/workday.py
[2023-11-14T07:59:31.739-0300] {processor.py:829} INFO - Processing file /home/gmassoqueto/repos/apache-airflow-101/.venv/lib/python3.11/site-packages/airflow/example_dags/plugins/workday.py for tasks to queue
[2023-11-14T07:59:31.740-0300] {logging_mixin.py:154} INFO - [2023-11-14T07:59:31.740-0300] {dagbag.py:536} INFO - Filling up the DagBag from /home/gmassoqueto/repos/apache-airflow-101/.venv/lib/python3.11/site-packages/airflow/example_dags/plugins/workday.py
[2023-11-14T07:59:31.743-0300] {logging_mixin.py:154} INFO - [2023-11-14T07:59:31.743-0300] {workday.py:36} WARNING - Could not import pandas. Holidays will not be considered.
[2023-11-14T07:59:31.743-0300] {processor.py:841} WARNING - No viable dags retrieved from /home/gmassoqueto/repos/apache-airflow-101/.venv/lib/python3.11/site-packages/airflow/example_dags/plugins/workday.py
[2023-11-14T07:59:31.753-0300] {processor.py:179} INFO - Processing /home/gmassoqueto/repos/apache-airflow-101/.venv/lib/python3.11/site-packages/airflow/example_dags/plugins/workday.py took 0.019 seconds
[2023-11-14T08:00:09.013-0300] {processor.py:157} INFO - Started process (PID=287701) to work on /home/gmassoqueto/repos/apache-airflow-101/.venv/lib/python3.11/site-packages/airflow/example_dags/plugins/workday.py
[2023-11-14T08:00:09.014-0300] {processor.py:829} INFO - Processing file /home/gmassoqueto/repos/apache-airflow-101/.venv/lib/python3.11/site-packages/airflow/example_dags/plugins/workday.py for tasks to queue
[2023-11-14T08:00:09.015-0300] {logging_mixin.py:154} INFO - [2023-11-14T08:00:09.015-0300] {dagbag.py:536} INFO - Filling up the DagBag from /home/gmassoqueto/repos/apache-airflow-101/.venv/lib/python3.11/site-packages/airflow/example_dags/plugins/workday.py
[2023-11-14T08:00:09.018-0300] {logging_mixin.py:154} INFO - [2023-11-14T08:00:09.018-0300] {workday.py:36} WARNING - Could not import pandas. Holidays will not be considered.
[2023-11-14T08:00:09.018-0300] {processor.py:841} WARNING - No viable dags retrieved from /home/gmassoqueto/repos/apache-airflow-101/.venv/lib/python3.11/site-packages/airflow/example_dags/plugins/workday.py
[2023-11-14T08:00:09.029-0300] {processor.py:179} INFO - Processing /home/gmassoqueto/repos/apache-airflow-101/.venv/lib/python3.11/site-packages/airflow/example_dags/plugins/workday.py took 0.020 seconds
[2023-11-14T08:00:44.073-0300] {processor.py:157} INFO - Started process (PID=287811) to work on /home/gmassoqueto/repos/apache-airflow-101/.venv/lib/python3.11/site-packages/airflow/example_dags/plugins/workday.py
[2023-11-14T08:00:44.075-0300] {processor.py:829} INFO - Processing file /home/gmassoqueto/repos/apache-airflow-101/.venv/lib/python3.11/site-packages/airflow/example_dags/plugins/workday.py for tasks to queue
[2023-11-14T08:00:44.078-0300] {logging_mixin.py:154} INFO - [2023-11-14T08:00:44.077-0300] {dagbag.py:536} INFO - Filling up the DagBag from /home/gmassoqueto/repos/apache-airflow-101/.venv/lib/python3.11/site-packages/airflow/example_dags/plugins/workday.py
[2023-11-14T08:00:44.083-0300] {logging_mixin.py:154} INFO - [2023-11-14T08:00:44.083-0300] {workday.py:36} WARNING - Could not import pandas. Holidays will not be considered.
[2023-11-14T08:00:44.084-0300] {processor.py:841} WARNING - No viable dags retrieved from /home/gmassoqueto/repos/apache-airflow-101/.venv/lib/python3.11/site-packages/airflow/example_dags/plugins/workday.py
[2023-11-14T08:00:44.098-0300] {processor.py:179} INFO - Processing /home/gmassoqueto/repos/apache-airflow-101/.venv/lib/python3.11/site-packages/airflow/example_dags/plugins/workday.py took 0.033 seconds
[2023-11-14T08:01:14.499-0300] {processor.py:157} INFO - Started process (PID=287957) to work on /home/gmassoqueto/repos/apache-airflow-101/.venv/lib/python3.11/site-packages/airflow/example_dags/plugins/workday.py
[2023-11-14T08:01:14.499-0300] {processor.py:829} INFO - Processing file /home/gmassoqueto/repos/apache-airflow-101/.venv/lib/python3.11/site-packages/airflow/example_dags/plugins/workday.py for tasks to queue
[2023-11-14T08:01:14.500-0300] {logging_mixin.py:154} INFO - [2023-11-14T08:01:14.500-0300] {dagbag.py:536} INFO - Filling up the DagBag from /home/gmassoqueto/repos/apache-airflow-101/.venv/lib/python3.11/site-packages/airflow/example_dags/plugins/workday.py
[2023-11-14T08:01:14.503-0300] {logging_mixin.py:154} INFO - [2023-11-14T08:01:14.503-0300] {workday.py:36} WARNING - Could not import pandas. Holidays will not be considered.
[2023-11-14T08:01:14.503-0300] {processor.py:841} WARNING - No viable dags retrieved from /home/gmassoqueto/repos/apache-airflow-101/.venv/lib/python3.11/site-packages/airflow/example_dags/plugins/workday.py
[2023-11-14T08:01:14.514-0300] {processor.py:179} INFO - Processing /home/gmassoqueto/repos/apache-airflow-101/.venv/lib/python3.11/site-packages/airflow/example_dags/plugins/workday.py took 0.017 seconds
[2023-11-14T08:01:50.136-0300] {processor.py:157} INFO - Started process (PID=288065) to work on /home/gmassoqueto/repos/apache-airflow-101/.venv/lib/python3.11/site-packages/airflow/example_dags/plugins/workday.py
[2023-11-14T08:01:50.137-0300] {processor.py:829} INFO - Processing file /home/gmassoqueto/repos/apache-airflow-101/.venv/lib/python3.11/site-packages/airflow/example_dags/plugins/workday.py for tasks to queue
[2023-11-14T08:01:50.137-0300] {logging_mixin.py:154} INFO - [2023-11-14T08:01:50.137-0300] {dagbag.py:536} INFO - Filling up the DagBag from /home/gmassoqueto/repos/apache-airflow-101/.venv/lib/python3.11/site-packages/airflow/example_dags/plugins/workday.py
[2023-11-14T08:01:50.140-0300] {logging_mixin.py:154} INFO - [2023-11-14T08:01:50.140-0300] {workday.py:36} WARNING - Could not import pandas. Holidays will not be considered.
[2023-11-14T08:01:50.140-0300] {processor.py:841} WARNING - No viable dags retrieved from /home/gmassoqueto/repos/apache-airflow-101/.venv/lib/python3.11/site-packages/airflow/example_dags/plugins/workday.py
[2023-11-14T08:01:50.150-0300] {processor.py:179} INFO - Processing /home/gmassoqueto/repos/apache-airflow-101/.venv/lib/python3.11/site-packages/airflow/example_dags/plugins/workday.py took 0.017 seconds
[2023-11-14T08:02:36.578-0300] {processor.py:157} INFO - Started process (PID=288176) to work on /home/gmassoqueto/repos/apache-airflow-101/.venv/lib/python3.11/site-packages/airflow/example_dags/plugins/workday.py
[2023-11-14T08:02:36.579-0300] {processor.py:829} INFO - Processing file /home/gmassoqueto/repos/apache-airflow-101/.venv/lib/python3.11/site-packages/airflow/example_dags/plugins/workday.py for tasks to queue
[2023-11-14T08:02:36.579-0300] {logging_mixin.py:154} INFO - [2023-11-14T08:02:36.579-0300] {dagbag.py:536} INFO - Filling up the DagBag from /home/gmassoqueto/repos/apache-airflow-101/.venv/lib/python3.11/site-packages/airflow/example_dags/plugins/workday.py
[2023-11-14T08:02:36.583-0300] {logging_mixin.py:154} INFO - [2023-11-14T08:02:36.583-0300] {workday.py:36} WARNING - Could not import pandas. Holidays will not be considered.
[2023-11-14T08:02:36.584-0300] {processor.py:841} WARNING - No viable dags retrieved from /home/gmassoqueto/repos/apache-airflow-101/.venv/lib/python3.11/site-packages/airflow/example_dags/plugins/workday.py
[2023-11-14T08:02:36.599-0300] {processor.py:179} INFO - Processing /home/gmassoqueto/repos/apache-airflow-101/.venv/lib/python3.11/site-packages/airflow/example_dags/plugins/workday.py took 0.024 seconds
[2023-11-14T08:03:10.377-0300] {processor.py:157} INFO - Started process (PID=288375) to work on /home/gmassoqueto/repos/apache-airflow-101/.venv/lib/python3.11/site-packages/airflow/example_dags/plugins/workday.py
[2023-11-14T08:03:10.381-0300] {processor.py:829} INFO - Processing file /home/gmassoqueto/repos/apache-airflow-101/.venv/lib/python3.11/site-packages/airflow/example_dags/plugins/workday.py for tasks to queue
[2023-11-14T08:03:10.382-0300] {logging_mixin.py:154} INFO - [2023-11-14T08:03:10.382-0300] {dagbag.py:536} INFO - Filling up the DagBag from /home/gmassoqueto/repos/apache-airflow-101/.venv/lib/python3.11/site-packages/airflow/example_dags/plugins/workday.py
[2023-11-14T08:03:10.384-0300] {logging_mixin.py:154} INFO - [2023-11-14T08:03:10.384-0300] {workday.py:36} WARNING - Could not import pandas. Holidays will not be considered.
[2023-11-14T08:03:10.385-0300] {processor.py:841} WARNING - No viable dags retrieved from /home/gmassoqueto/repos/apache-airflow-101/.venv/lib/python3.11/site-packages/airflow/example_dags/plugins/workday.py
[2023-11-14T08:03:10.393-0300] {processor.py:179} INFO - Processing /home/gmassoqueto/repos/apache-airflow-101/.venv/lib/python3.11/site-packages/airflow/example_dags/plugins/workday.py took 0.018 seconds
[2023-11-14T08:03:59.482-0300] {processor.py:157} INFO - Started process (PID=288785) to work on /home/gmassoqueto/repos/apache-airflow-101/.venv/lib/python3.11/site-packages/airflow/example_dags/plugins/workday.py
[2023-11-14T08:03:59.487-0300] {processor.py:829} INFO - Processing file /home/gmassoqueto/repos/apache-airflow-101/.venv/lib/python3.11/site-packages/airflow/example_dags/plugins/workday.py for tasks to queue
[2023-11-14T08:03:59.489-0300] {logging_mixin.py:154} INFO - [2023-11-14T08:03:59.488-0300] {dagbag.py:536} INFO - Filling up the DagBag from /home/gmassoqueto/repos/apache-airflow-101/.venv/lib/python3.11/site-packages/airflow/example_dags/plugins/workday.py
[2023-11-14T08:03:59.497-0300] {logging_mixin.py:154} INFO - [2023-11-14T08:03:59.497-0300] {workday.py:36} WARNING - Could not import pandas. Holidays will not be considered.
[2023-11-14T08:03:59.499-0300] {processor.py:841} WARNING - No viable dags retrieved from /home/gmassoqueto/repos/apache-airflow-101/.venv/lib/python3.11/site-packages/airflow/example_dags/plugins/workday.py
[2023-11-14T08:03:59.516-0300] {processor.py:179} INFO - Processing /home/gmassoqueto/repos/apache-airflow-101/.venv/lib/python3.11/site-packages/airflow/example_dags/plugins/workday.py took 0.040 seconds
[2023-11-14T08:04:33.458-0300] {processor.py:157} INFO - Started process (PID=288921) to work on /home/gmassoqueto/repos/apache-airflow-101/.venv/lib/python3.11/site-packages/airflow/example_dags/plugins/workday.py
[2023-11-14T08:04:33.463-0300] {processor.py:829} INFO - Processing file /home/gmassoqueto/repos/apache-airflow-101/.venv/lib/python3.11/site-packages/airflow/example_dags/plugins/workday.py for tasks to queue
[2023-11-14T08:04:33.465-0300] {logging_mixin.py:154} INFO - [2023-11-14T08:04:33.464-0300] {dagbag.py:536} INFO - Filling up the DagBag from /home/gmassoqueto/repos/apache-airflow-101/.venv/lib/python3.11/site-packages/airflow/example_dags/plugins/workday.py
[2023-11-14T08:04:33.470-0300] {logging_mixin.py:154} INFO - [2023-11-14T08:04:33.470-0300] {workday.py:36} WARNING - Could not import pandas. Holidays will not be considered.
[2023-11-14T08:04:33.471-0300] {processor.py:841} WARNING - No viable dags retrieved from /home/gmassoqueto/repos/apache-airflow-101/.venv/lib/python3.11/site-packages/airflow/example_dags/plugins/workday.py
[2023-11-14T08:04:33.487-0300] {processor.py:179} INFO - Processing /home/gmassoqueto/repos/apache-airflow-101/.venv/lib/python3.11/site-packages/airflow/example_dags/plugins/workday.py took 0.036 seconds
[2023-11-14T08:05:08.096-0300] {processor.py:157} INFO - Started process (PID=289005) to work on /home/gmassoqueto/repos/apache-airflow-101/.venv/lib/python3.11/site-packages/airflow/example_dags/plugins/workday.py
[2023-11-14T08:05:08.100-0300] {processor.py:829} INFO - Processing file /home/gmassoqueto/repos/apache-airflow-101/.venv/lib/python3.11/site-packages/airflow/example_dags/plugins/workday.py for tasks to queue
[2023-11-14T08:05:08.101-0300] {logging_mixin.py:154} INFO - [2023-11-14T08:05:08.100-0300] {dagbag.py:536} INFO - Filling up the DagBag from /home/gmassoqueto/repos/apache-airflow-101/.venv/lib/python3.11/site-packages/airflow/example_dags/plugins/workday.py
[2023-11-14T08:05:08.104-0300] {logging_mixin.py:154} INFO - [2023-11-14T08:05:08.104-0300] {workday.py:36} WARNING - Could not import pandas. Holidays will not be considered.
[2023-11-14T08:05:08.105-0300] {processor.py:841} WARNING - No viable dags retrieved from /home/gmassoqueto/repos/apache-airflow-101/.venv/lib/python3.11/site-packages/airflow/example_dags/plugins/workday.py
[2023-11-14T08:05:08.117-0300] {processor.py:179} INFO - Processing /home/gmassoqueto/repos/apache-airflow-101/.venv/lib/python3.11/site-packages/airflow/example_dags/plugins/workday.py took 0.024 seconds
[2023-11-14T08:05:56.581-0300] {processor.py:157} INFO - Started process (PID=289126) to work on /home/gmassoqueto/repos/apache-airflow-101/.venv/lib/python3.11/site-packages/airflow/example_dags/plugins/workday.py
[2023-11-14T08:05:56.585-0300] {processor.py:829} INFO - Processing file /home/gmassoqueto/repos/apache-airflow-101/.venv/lib/python3.11/site-packages/airflow/example_dags/plugins/workday.py for tasks to queue
[2023-11-14T08:05:56.587-0300] {logging_mixin.py:154} INFO - [2023-11-14T08:05:56.586-0300] {dagbag.py:536} INFO - Filling up the DagBag from /home/gmassoqueto/repos/apache-airflow-101/.venv/lib/python3.11/site-packages/airflow/example_dags/plugins/workday.py
[2023-11-14T08:05:56.593-0300] {logging_mixin.py:154} INFO - [2023-11-14T08:05:56.593-0300] {workday.py:36} WARNING - Could not import pandas. Holidays will not be considered.
[2023-11-14T08:05:56.594-0300] {processor.py:841} WARNING - No viable dags retrieved from /home/gmassoqueto/repos/apache-airflow-101/.venv/lib/python3.11/site-packages/airflow/example_dags/plugins/workday.py
[2023-11-14T08:05:56.613-0300] {processor.py:179} INFO - Processing /home/gmassoqueto/repos/apache-airflow-101/.venv/lib/python3.11/site-packages/airflow/example_dags/plugins/workday.py took 0.035 seconds
[2023-11-14T08:06:43.022-0300] {processor.py:157} INFO - Started process (PID=289242) to work on /home/gmassoqueto/repos/apache-airflow-101/.venv/lib/python3.11/site-packages/airflow/example_dags/plugins/workday.py
[2023-11-14T08:06:43.026-0300] {processor.py:829} INFO - Processing file /home/gmassoqueto/repos/apache-airflow-101/.venv/lib/python3.11/site-packages/airflow/example_dags/plugins/workday.py for tasks to queue
[2023-11-14T08:06:43.026-0300] {logging_mixin.py:154} INFO - [2023-11-14T08:06:43.026-0300] {dagbag.py:536} INFO - Filling up the DagBag from /home/gmassoqueto/repos/apache-airflow-101/.venv/lib/python3.11/site-packages/airflow/example_dags/plugins/workday.py
[2023-11-14T08:06:43.029-0300] {logging_mixin.py:154} INFO - [2023-11-14T08:06:43.029-0300] {workday.py:36} WARNING - Could not import pandas. Holidays will not be considered.
[2023-11-14T08:06:43.029-0300] {processor.py:841} WARNING - No viable dags retrieved from /home/gmassoqueto/repos/apache-airflow-101/.venv/lib/python3.11/site-packages/airflow/example_dags/plugins/workday.py
[2023-11-14T08:06:43.038-0300] {processor.py:179} INFO - Processing /home/gmassoqueto/repos/apache-airflow-101/.venv/lib/python3.11/site-packages/airflow/example_dags/plugins/workday.py took 0.019 seconds
[2023-11-14T08:07:14.972-0300] {processor.py:157} INFO - Started process (PID=289358) to work on /home/gmassoqueto/repos/apache-airflow-101/.venv/lib/python3.11/site-packages/airflow/example_dags/plugins/workday.py
[2023-11-14T08:07:14.974-0300] {processor.py:829} INFO - Processing file /home/gmassoqueto/repos/apache-airflow-101/.venv/lib/python3.11/site-packages/airflow/example_dags/plugins/workday.py for tasks to queue
[2023-11-14T08:07:14.976-0300] {logging_mixin.py:154} INFO - [2023-11-14T08:07:14.975-0300] {dagbag.py:536} INFO - Filling up the DagBag from /home/gmassoqueto/repos/apache-airflow-101/.venv/lib/python3.11/site-packages/airflow/example_dags/plugins/workday.py
[2023-11-14T08:07:14.982-0300] {logging_mixin.py:154} INFO - [2023-11-14T08:07:14.981-0300] {workday.py:36} WARNING - Could not import pandas. Holidays will not be considered.
[2023-11-14T08:07:14.982-0300] {processor.py:841} WARNING - No viable dags retrieved from /home/gmassoqueto/repos/apache-airflow-101/.venv/lib/python3.11/site-packages/airflow/example_dags/plugins/workday.py
[2023-11-14T08:07:14.994-0300] {processor.py:179} INFO - Processing /home/gmassoqueto/repos/apache-airflow-101/.venv/lib/python3.11/site-packages/airflow/example_dags/plugins/workday.py took 0.030 seconds
[2023-11-14T08:07:46.923-0300] {processor.py:157} INFO - Started process (PID=289500) to work on /home/gmassoqueto/repos/apache-airflow-101/.venv/lib/python3.11/site-packages/airflow/example_dags/plugins/workday.py
[2023-11-14T08:07:46.928-0300] {processor.py:829} INFO - Processing file /home/gmassoqueto/repos/apache-airflow-101/.venv/lib/python3.11/site-packages/airflow/example_dags/plugins/workday.py for tasks to queue
[2023-11-14T08:07:46.930-0300] {logging_mixin.py:154} INFO - [2023-11-14T08:07:46.929-0300] {dagbag.py:536} INFO - Filling up the DagBag from /home/gmassoqueto/repos/apache-airflow-101/.venv/lib/python3.11/site-packages/airflow/example_dags/plugins/workday.py
[2023-11-14T08:07:46.934-0300] {logging_mixin.py:154} INFO - [2023-11-14T08:07:46.934-0300] {workday.py:36} WARNING - Could not import pandas. Holidays will not be considered.
[2023-11-14T08:07:46.934-0300] {processor.py:841} WARNING - No viable dags retrieved from /home/gmassoqueto/repos/apache-airflow-101/.venv/lib/python3.11/site-packages/airflow/example_dags/plugins/workday.py
[2023-11-14T08:07:46.948-0300] {processor.py:179} INFO - Processing /home/gmassoqueto/repos/apache-airflow-101/.venv/lib/python3.11/site-packages/airflow/example_dags/plugins/workday.py took 0.028 seconds
[2023-11-14T08:08:08.419-0300] {processor.py:157} INFO - Started process (PID=289629) to work on /home/gmassoqueto/repos/apache-airflow-101/.venv/lib/python3.11/site-packages/airflow/example_dags/plugins/workday.py
[2023-11-14T08:08:08.419-0300] {processor.py:829} INFO - Processing file /home/gmassoqueto/repos/apache-airflow-101/.venv/lib/python3.11/site-packages/airflow/example_dags/plugins/workday.py for tasks to queue
[2023-11-14T08:08:08.420-0300] {logging_mixin.py:154} INFO - [2023-11-14T08:08:08.420-0300] {dagbag.py:536} INFO - Filling up the DagBag from /home/gmassoqueto/repos/apache-airflow-101/.venv/lib/python3.11/site-packages/airflow/example_dags/plugins/workday.py
[2023-11-14T08:08:08.427-0300] {logging_mixin.py:154} INFO - [2023-11-14T08:08:08.426-0300] {workday.py:36} WARNING - Could not import pandas. Holidays will not be considered.
[2023-11-14T08:08:08.427-0300] {processor.py:841} WARNING - No viable dags retrieved from /home/gmassoqueto/repos/apache-airflow-101/.venv/lib/python3.11/site-packages/airflow/example_dags/plugins/workday.py
[2023-11-14T08:08:08.449-0300] {processor.py:179} INFO - Processing /home/gmassoqueto/repos/apache-airflow-101/.venv/lib/python3.11/site-packages/airflow/example_dags/plugins/workday.py took 0.033 seconds
[2023-11-14T08:08:53.684-0300] {processor.py:157} INFO - Started process (PID=289933) to work on /home/gmassoqueto/repos/apache-airflow-101/.venv/lib/python3.11/site-packages/airflow/example_dags/plugins/workday.py
[2023-11-14T08:08:53.689-0300] {processor.py:829} INFO - Processing file /home/gmassoqueto/repos/apache-airflow-101/.venv/lib/python3.11/site-packages/airflow/example_dags/plugins/workday.py for tasks to queue
[2023-11-14T08:08:53.690-0300] {logging_mixin.py:154} INFO - [2023-11-14T08:08:53.689-0300] {dagbag.py:536} INFO - Filling up the DagBag from /home/gmassoqueto/repos/apache-airflow-101/.venv/lib/python3.11/site-packages/airflow/example_dags/plugins/workday.py
[2023-11-14T08:08:53.693-0300] {logging_mixin.py:154} INFO - [2023-11-14T08:08:53.693-0300] {workday.py:36} WARNING - Could not import pandas. Holidays will not be considered.
[2023-11-14T08:08:53.694-0300] {processor.py:841} WARNING - No viable dags retrieved from /home/gmassoqueto/repos/apache-airflow-101/.venv/lib/python3.11/site-packages/airflow/example_dags/plugins/workday.py
[2023-11-14T08:08:53.708-0300] {processor.py:179} INFO - Processing /home/gmassoqueto/repos/apache-airflow-101/.venv/lib/python3.11/site-packages/airflow/example_dags/plugins/workday.py took 0.028 seconds
[2023-11-14T08:09:46.156-0300] {processor.py:157} INFO - Started process (PID=290221) to work on /home/gmassoqueto/repos/apache-airflow-101/.venv/lib/python3.11/site-packages/airflow/example_dags/plugins/workday.py
[2023-11-14T08:09:46.160-0300] {processor.py:829} INFO - Processing file /home/gmassoqueto/repos/apache-airflow-101/.venv/lib/python3.11/site-packages/airflow/example_dags/plugins/workday.py for tasks to queue
[2023-11-14T08:09:46.160-0300] {logging_mixin.py:154} INFO - [2023-11-14T08:09:46.160-0300] {dagbag.py:536} INFO - Filling up the DagBag from /home/gmassoqueto/repos/apache-airflow-101/.venv/lib/python3.11/site-packages/airflow/example_dags/plugins/workday.py
[2023-11-14T08:09:46.163-0300] {logging_mixin.py:154} INFO - [2023-11-14T08:09:46.162-0300] {workday.py:36} WARNING - Could not import pandas. Holidays will not be considered.
[2023-11-14T08:09:46.163-0300] {processor.py:841} WARNING - No viable dags retrieved from /home/gmassoqueto/repos/apache-airflow-101/.venv/lib/python3.11/site-packages/airflow/example_dags/plugins/workday.py
[2023-11-14T08:09:46.171-0300] {processor.py:179} INFO - Processing /home/gmassoqueto/repos/apache-airflow-101/.venv/lib/python3.11/site-packages/airflow/example_dags/plugins/workday.py took 0.016 seconds
[2023-11-14T08:10:36.389-0300] {processor.py:157} INFO - Started process (PID=291023) to work on /home/gmassoqueto/repos/apache-airflow-101/.venv/lib/python3.11/site-packages/airflow/example_dags/plugins/workday.py
[2023-11-14T08:10:36.394-0300] {processor.py:829} INFO - Processing file /home/gmassoqueto/repos/apache-airflow-101/.venv/lib/python3.11/site-packages/airflow/example_dags/plugins/workday.py for tasks to queue
[2023-11-14T08:10:36.396-0300] {logging_mixin.py:154} INFO - [2023-11-14T08:10:36.395-0300] {dagbag.py:536} INFO - Filling up the DagBag from /home/gmassoqueto/repos/apache-airflow-101/.venv/lib/python3.11/site-packages/airflow/example_dags/plugins/workday.py
[2023-11-14T08:10:36.403-0300] {logging_mixin.py:154} INFO - [2023-11-14T08:10:36.403-0300] {workday.py:36} WARNING - Could not import pandas. Holidays will not be considered.
[2023-11-14T08:10:36.405-0300] {processor.py:841} WARNING - No viable dags retrieved from /home/gmassoqueto/repos/apache-airflow-101/.venv/lib/python3.11/site-packages/airflow/example_dags/plugins/workday.py
[2023-11-14T08:10:36.423-0300] {processor.py:179} INFO - Processing /home/gmassoqueto/repos/apache-airflow-101/.venv/lib/python3.11/site-packages/airflow/example_dags/plugins/workday.py took 0.041 seconds
[2023-11-14T08:11:12.064-0300] {processor.py:157} INFO - Started process (PID=291148) to work on /home/gmassoqueto/repos/apache-airflow-101/.venv/lib/python3.11/site-packages/airflow/example_dags/plugins/workday.py
[2023-11-14T08:11:12.116-0300] {processor.py:829} INFO - Processing file /home/gmassoqueto/repos/apache-airflow-101/.venv/lib/python3.11/site-packages/airflow/example_dags/plugins/workday.py for tasks to queue
[2023-11-14T08:11:12.119-0300] {logging_mixin.py:154} INFO - [2023-11-14T08:11:12.118-0300] {dagbag.py:536} INFO - Filling up the DagBag from /home/gmassoqueto/repos/apache-airflow-101/.venv/lib/python3.11/site-packages/airflow/example_dags/plugins/workday.py
[2023-11-14T08:11:12.126-0300] {logging_mixin.py:154} INFO - [2023-11-14T08:11:12.125-0300] {workday.py:36} WARNING - Could not import pandas. Holidays will not be considered.
[2023-11-14T08:11:12.127-0300] {processor.py:841} WARNING - No viable dags retrieved from /home/gmassoqueto/repos/apache-airflow-101/.venv/lib/python3.11/site-packages/airflow/example_dags/plugins/workday.py
[2023-11-14T08:11:12.150-0300] {processor.py:179} INFO - Processing /home/gmassoqueto/repos/apache-airflow-101/.venv/lib/python3.11/site-packages/airflow/example_dags/plugins/workday.py took 0.093 seconds
[2023-11-14T08:11:56.914-0300] {processor.py:157} INFO - Started process (PID=291274) to work on /home/gmassoqueto/repos/apache-airflow-101/.venv/lib/python3.11/site-packages/airflow/example_dags/plugins/workday.py
[2023-11-14T08:11:56.918-0300] {processor.py:829} INFO - Processing file /home/gmassoqueto/repos/apache-airflow-101/.venv/lib/python3.11/site-packages/airflow/example_dags/plugins/workday.py for tasks to queue
[2023-11-14T08:11:56.919-0300] {logging_mixin.py:154} INFO - [2023-11-14T08:11:56.918-0300] {dagbag.py:536} INFO - Filling up the DagBag from /home/gmassoqueto/repos/apache-airflow-101/.venv/lib/python3.11/site-packages/airflow/example_dags/plugins/workday.py
[2023-11-14T08:11:56.921-0300] {logging_mixin.py:154} INFO - [2023-11-14T08:11:56.921-0300] {workday.py:36} WARNING - Could not import pandas. Holidays will not be considered.
[2023-11-14T08:11:56.922-0300] {processor.py:841} WARNING - No viable dags retrieved from /home/gmassoqueto/repos/apache-airflow-101/.venv/lib/python3.11/site-packages/airflow/example_dags/plugins/workday.py
[2023-11-14T08:11:56.930-0300] {processor.py:179} INFO - Processing /home/gmassoqueto/repos/apache-airflow-101/.venv/lib/python3.11/site-packages/airflow/example_dags/plugins/workday.py took 0.018 seconds
[2023-11-14T08:12:42.134-0300] {processor.py:157} INFO - Started process (PID=291508) to work on /home/gmassoqueto/repos/apache-airflow-101/.venv/lib/python3.11/site-packages/airflow/example_dags/plugins/workday.py
[2023-11-14T08:12:42.135-0300] {processor.py:829} INFO - Processing file /home/gmassoqueto/repos/apache-airflow-101/.venv/lib/python3.11/site-packages/airflow/example_dags/plugins/workday.py for tasks to queue
[2023-11-14T08:12:42.136-0300] {logging_mixin.py:154} INFO - [2023-11-14T08:12:42.135-0300] {dagbag.py:536} INFO - Filling up the DagBag from /home/gmassoqueto/repos/apache-airflow-101/.venv/lib/python3.11/site-packages/airflow/example_dags/plugins/workday.py
[2023-11-14T08:12:42.138-0300] {logging_mixin.py:154} INFO - [2023-11-14T08:12:42.138-0300] {workday.py:36} WARNING - Could not import pandas. Holidays will not be considered.
[2023-11-14T08:12:42.138-0300] {processor.py:841} WARNING - No viable dags retrieved from /home/gmassoqueto/repos/apache-airflow-101/.venv/lib/python3.11/site-packages/airflow/example_dags/plugins/workday.py
[2023-11-14T08:12:42.145-0300] {processor.py:179} INFO - Processing /home/gmassoqueto/repos/apache-airflow-101/.venv/lib/python3.11/site-packages/airflow/example_dags/plugins/workday.py took 0.015 seconds
[2023-11-14T08:13:15.531-0300] {processor.py:157} INFO - Started process (PID=291603) to work on /home/gmassoqueto/repos/apache-airflow-101/.venv/lib/python3.11/site-packages/airflow/example_dags/plugins/workday.py
[2023-11-14T08:13:15.535-0300] {processor.py:829} INFO - Processing file /home/gmassoqueto/repos/apache-airflow-101/.venv/lib/python3.11/site-packages/airflow/example_dags/plugins/workday.py for tasks to queue
[2023-11-14T08:13:15.537-0300] {logging_mixin.py:154} INFO - [2023-11-14T08:13:15.536-0300] {dagbag.py:536} INFO - Filling up the DagBag from /home/gmassoqueto/repos/apache-airflow-101/.venv/lib/python3.11/site-packages/airflow/example_dags/plugins/workday.py
[2023-11-14T08:13:15.543-0300] {logging_mixin.py:154} INFO - [2023-11-14T08:13:15.543-0300] {workday.py:36} WARNING - Could not import pandas. Holidays will not be considered.
[2023-11-14T08:13:15.544-0300] {processor.py:841} WARNING - No viable dags retrieved from /home/gmassoqueto/repos/apache-airflow-101/.venv/lib/python3.11/site-packages/airflow/example_dags/plugins/workday.py
[2023-11-14T08:13:15.562-0300] {processor.py:179} INFO - Processing /home/gmassoqueto/repos/apache-airflow-101/.venv/lib/python3.11/site-packages/airflow/example_dags/plugins/workday.py took 0.038 seconds
[2023-11-14T08:14:00.736-0300] {processor.py:157} INFO - Started process (PID=291690) to work on /home/gmassoqueto/repos/apache-airflow-101/.venv/lib/python3.11/site-packages/airflow/example_dags/plugins/workday.py
[2023-11-14T08:14:00.741-0300] {processor.py:829} INFO - Processing file /home/gmassoqueto/repos/apache-airflow-101/.venv/lib/python3.11/site-packages/airflow/example_dags/plugins/workday.py for tasks to queue
[2023-11-14T08:14:00.744-0300] {logging_mixin.py:154} INFO - [2023-11-14T08:14:00.743-0300] {dagbag.py:536} INFO - Filling up the DagBag from /home/gmassoqueto/repos/apache-airflow-101/.venv/lib/python3.11/site-packages/airflow/example_dags/plugins/workday.py
[2023-11-14T08:14:00.752-0300] {logging_mixin.py:154} INFO - [2023-11-14T08:14:00.752-0300] {workday.py:36} WARNING - Could not import pandas. Holidays will not be considered.
[2023-11-14T08:14:00.753-0300] {processor.py:841} WARNING - No viable dags retrieved from /home/gmassoqueto/repos/apache-airflow-101/.venv/lib/python3.11/site-packages/airflow/example_dags/plugins/workday.py
[2023-11-14T08:14:00.767-0300] {processor.py:179} INFO - Processing /home/gmassoqueto/repos/apache-airflow-101/.venv/lib/python3.11/site-packages/airflow/example_dags/plugins/workday.py took 0.039 seconds
[2023-11-14T08:14:35.018-0300] {processor.py:157} INFO - Started process (PID=291777) to work on /home/gmassoqueto/repos/apache-airflow-101/.venv/lib/python3.11/site-packages/airflow/example_dags/plugins/workday.py
[2023-11-14T08:14:35.022-0300] {processor.py:829} INFO - Processing file /home/gmassoqueto/repos/apache-airflow-101/.venv/lib/python3.11/site-packages/airflow/example_dags/plugins/workday.py for tasks to queue
[2023-11-14T08:14:35.022-0300] {logging_mixin.py:154} INFO - [2023-11-14T08:14:35.022-0300] {dagbag.py:536} INFO - Filling up the DagBag from /home/gmassoqueto/repos/apache-airflow-101/.venv/lib/python3.11/site-packages/airflow/example_dags/plugins/workday.py
[2023-11-14T08:14:35.025-0300] {logging_mixin.py:154} INFO - [2023-11-14T08:14:35.025-0300] {workday.py:36} WARNING - Could not import pandas. Holidays will not be considered.
[2023-11-14T08:14:35.025-0300] {processor.py:841} WARNING - No viable dags retrieved from /home/gmassoqueto/repos/apache-airflow-101/.venv/lib/python3.11/site-packages/airflow/example_dags/plugins/workday.py
[2023-11-14T08:14:35.036-0300] {processor.py:179} INFO - Processing /home/gmassoqueto/repos/apache-airflow-101/.venv/lib/python3.11/site-packages/airflow/example_dags/plugins/workday.py took 0.020 seconds
[2023-11-14T08:15:21.332-0300] {processor.py:157} INFO - Started process (PID=291907) to work on /home/gmassoqueto/repos/apache-airflow-101/.venv/lib/python3.11/site-packages/airflow/example_dags/plugins/workday.py
[2023-11-14T08:15:21.336-0300] {processor.py:829} INFO - Processing file /home/gmassoqueto/repos/apache-airflow-101/.venv/lib/python3.11/site-packages/airflow/example_dags/plugins/workday.py for tasks to queue
[2023-11-14T08:15:21.336-0300] {logging_mixin.py:154} INFO - [2023-11-14T08:15:21.336-0300] {dagbag.py:536} INFO - Filling up the DagBag from /home/gmassoqueto/repos/apache-airflow-101/.venv/lib/python3.11/site-packages/airflow/example_dags/plugins/workday.py
[2023-11-14T08:15:21.339-0300] {logging_mixin.py:154} INFO - [2023-11-14T08:15:21.338-0300] {workday.py:36} WARNING - Could not import pandas. Holidays will not be considered.
[2023-11-14T08:15:21.339-0300] {processor.py:841} WARNING - No viable dags retrieved from /home/gmassoqueto/repos/apache-airflow-101/.venv/lib/python3.11/site-packages/airflow/example_dags/plugins/workday.py
[2023-11-14T08:15:21.347-0300] {processor.py:179} INFO - Processing /home/gmassoqueto/repos/apache-airflow-101/.venv/lib/python3.11/site-packages/airflow/example_dags/plugins/workday.py took 0.017 seconds
[2023-11-14T08:15:53.442-0300] {processor.py:157} INFO - Started process (PID=291967) to work on /home/gmassoqueto/repos/apache-airflow-101/.venv/lib/python3.11/site-packages/airflow/example_dags/plugins/workday.py
[2023-11-14T08:15:53.443-0300] {processor.py:829} INFO - Processing file /home/gmassoqueto/repos/apache-airflow-101/.venv/lib/python3.11/site-packages/airflow/example_dags/plugins/workday.py for tasks to queue
[2023-11-14T08:15:53.443-0300] {logging_mixin.py:154} INFO - [2023-11-14T08:15:53.443-0300] {dagbag.py:536} INFO - Filling up the DagBag from /home/gmassoqueto/repos/apache-airflow-101/.venv/lib/python3.11/site-packages/airflow/example_dags/plugins/workday.py
[2023-11-14T08:15:53.445-0300] {logging_mixin.py:154} INFO - [2023-11-14T08:15:53.445-0300] {workday.py:36} WARNING - Could not import pandas. Holidays will not be considered.
[2023-11-14T08:15:53.446-0300] {processor.py:841} WARNING - No viable dags retrieved from /home/gmassoqueto/repos/apache-airflow-101/.venv/lib/python3.11/site-packages/airflow/example_dags/plugins/workday.py
[2023-11-14T08:15:53.453-0300] {processor.py:179} INFO - Processing /home/gmassoqueto/repos/apache-airflow-101/.venv/lib/python3.11/site-packages/airflow/example_dags/plugins/workday.py took 0.014 seconds
[2023-11-14T08:16:42.150-0300] {processor.py:157} INFO - Started process (PID=292050) to work on /home/gmassoqueto/repos/apache-airflow-101/.venv/lib/python3.11/site-packages/airflow/example_dags/plugins/workday.py
[2023-11-14T08:16:42.155-0300] {processor.py:829} INFO - Processing file /home/gmassoqueto/repos/apache-airflow-101/.venv/lib/python3.11/site-packages/airflow/example_dags/plugins/workday.py for tasks to queue
[2023-11-14T08:16:42.156-0300] {logging_mixin.py:154} INFO - [2023-11-14T08:16:42.155-0300] {dagbag.py:536} INFO - Filling up the DagBag from /home/gmassoqueto/repos/apache-airflow-101/.venv/lib/python3.11/site-packages/airflow/example_dags/plugins/workday.py
[2023-11-14T08:16:42.161-0300] {logging_mixin.py:154} INFO - [2023-11-14T08:16:42.161-0300] {workday.py:36} WARNING - Could not import pandas. Holidays will not be considered.
[2023-11-14T08:16:42.162-0300] {processor.py:841} WARNING - No viable dags retrieved from /home/gmassoqueto/repos/apache-airflow-101/.venv/lib/python3.11/site-packages/airflow/example_dags/plugins/workday.py
[2023-11-14T08:16:42.179-0300] {processor.py:179} INFO - Processing /home/gmassoqueto/repos/apache-airflow-101/.venv/lib/python3.11/site-packages/airflow/example_dags/plugins/workday.py took 0.034 seconds
[2023-11-14T08:17:15.610-0300] {processor.py:157} INFO - Started process (PID=292109) to work on /home/gmassoqueto/repos/apache-airflow-101/.venv/lib/python3.11/site-packages/airflow/example_dags/plugins/workday.py
[2023-11-14T08:17:15.614-0300] {processor.py:829} INFO - Processing file /home/gmassoqueto/repos/apache-airflow-101/.venv/lib/python3.11/site-packages/airflow/example_dags/plugins/workday.py for tasks to queue
[2023-11-14T08:17:15.615-0300] {logging_mixin.py:154} INFO - [2023-11-14T08:17:15.615-0300] {dagbag.py:536} INFO - Filling up the DagBag from /home/gmassoqueto/repos/apache-airflow-101/.venv/lib/python3.11/site-packages/airflow/example_dags/plugins/workday.py
[2023-11-14T08:17:15.618-0300] {logging_mixin.py:154} INFO - [2023-11-14T08:17:15.618-0300] {workday.py:36} WARNING - Could not import pandas. Holidays will not be considered.
[2023-11-14T08:17:15.619-0300] {processor.py:841} WARNING - No viable dags retrieved from /home/gmassoqueto/repos/apache-airflow-101/.venv/lib/python3.11/site-packages/airflow/example_dags/plugins/workday.py
[2023-11-14T08:17:15.627-0300] {processor.py:179} INFO - Processing /home/gmassoqueto/repos/apache-airflow-101/.venv/lib/python3.11/site-packages/airflow/example_dags/plugins/workday.py took 0.020 seconds
[2023-11-14T08:17:48.445-0300] {processor.py:157} INFO - Started process (PID=292176) to work on /home/gmassoqueto/repos/apache-airflow-101/.venv/lib/python3.11/site-packages/airflow/example_dags/plugins/workday.py
[2023-11-14T08:17:48.449-0300] {processor.py:829} INFO - Processing file /home/gmassoqueto/repos/apache-airflow-101/.venv/lib/python3.11/site-packages/airflow/example_dags/plugins/workday.py for tasks to queue
[2023-11-14T08:17:48.451-0300] {logging_mixin.py:154} INFO - [2023-11-14T08:17:48.450-0300] {dagbag.py:536} INFO - Filling up the DagBag from /home/gmassoqueto/repos/apache-airflow-101/.venv/lib/python3.11/site-packages/airflow/example_dags/plugins/workday.py
[2023-11-14T08:17:48.456-0300] {logging_mixin.py:154} INFO - [2023-11-14T08:17:48.455-0300] {workday.py:36} WARNING - Could not import pandas. Holidays will not be considered.
[2023-11-14T08:17:48.457-0300] {processor.py:841} WARNING - No viable dags retrieved from /home/gmassoqueto/repos/apache-airflow-101/.venv/lib/python3.11/site-packages/airflow/example_dags/plugins/workday.py
[2023-11-14T08:17:48.475-0300] {processor.py:179} INFO - Processing /home/gmassoqueto/repos/apache-airflow-101/.venv/lib/python3.11/site-packages/airflow/example_dags/plugins/workday.py took 0.033 seconds
